Time	Cycle	PC	Insn	Decoded instruction	Register and memory contents
             20	         6	00100080	6290006f	jal	x0,100ea8	  x0=0x00000000
             22	         7	00100ea8	00000093	addi	x1,x0,0	  x0:0x00000000  x1=0x00000000
             24	         8	00100eac	00008113	addi	x2,x1,0	  x1:0x00000000  x2=0x00000000
             26	         9	00100eb0	00008193	addi	x3,x1,0	  x1:0x00000000  x3=0x00000000
             28	        10	00100eb4	00008213	addi	x4,x1,0	  x1:0x00000000  x4=0x00000000
             30	        11	00100eb8	00008293	addi	x5,x1,0	  x1:0x00000000  x5=0x00000000
             32	        12	00100ebc	00008313	addi	x6,x1,0	  x1:0x00000000  x6=0x00000000
             34	        13	00100ec0	00008393	addi	x7,x1,0	  x1:0x00000000  x7=0x00000000
             36	        14	00100ec4	00008413	addi	x8,x1,0	  x1:0x00000000  x8=0x00000000
             38	        15	00100ec8	00008493	addi	x9,x1,0	  x1:0x00000000  x9=0x00000000
             40	        16	00100ecc	00008513	addi	x10,x1,0	  x1:0x00000000 x10=0x00000000
             42	        17	00100ed0	00008593	addi	x11,x1,0	  x1:0x00000000 x11=0x00000000
             44	        18	00100ed4	00008613	addi	x12,x1,0	  x1:0x00000000 x12=0x00000000
             46	        19	00100ed8	00008693	addi	x13,x1,0	  x1:0x00000000 x13=0x00000000
             48	        20	00100edc	00008713	addi	x14,x1,0	  x1:0x00000000 x14=0x00000000
             50	        21	00100ee0	00008793	addi	x15,x1,0	  x1:0x00000000 x15=0x00000000
             52	        22	00100ee4	00008813	addi	x16,x1,0	  x1:0x00000000 x16=0x00000000
             54	        23	00100ee8	00008893	addi	x17,x1,0	  x1:0x00000000 x17=0x00000000
             56	        24	00100eec	00008913	addi	x18,x1,0	  x1:0x00000000 x18=0x00000000
             58	        25	00100ef0	00008993	addi	x19,x1,0	  x1:0x00000000 x19=0x00000000
             60	        26	00100ef4	00008a13	addi	x20,x1,0	  x1:0x00000000 x20=0x00000000
             62	        27	00100ef8	00008a93	addi	x21,x1,0	  x1:0x00000000 x21=0x00000000
             64	        28	00100efc	00008b13	addi	x22,x1,0	  x1:0x00000000 x22=0x00000000
             66	        29	00100f00	00008b93	addi	x23,x1,0	  x1:0x00000000 x23=0x00000000
             68	        30	00100f04	00008c13	addi	x24,x1,0	  x1:0x00000000 x24=0x00000000
             70	        31	00100f08	00008c93	addi	x25,x1,0	  x1:0x00000000 x25=0x00000000
             72	        32	00100f0c	00008d13	addi	x26,x1,0	  x1:0x00000000 x26=0x00000000
             74	        33	00100f10	00008d93	addi	x27,x1,0	  x1:0x00000000 x27=0x00000000
             76	        34	00100f14	00008e13	addi	x28,x1,0	  x1:0x00000000 x28=0x00000000
             78	        35	00100f18	00008e93	addi	x29,x1,0	  x1:0x00000000 x29=0x00000000
             80	        36	00100f1c	00008f13	addi	x30,x1,0	  x1:0x00000000 x30=0x00000000
             82	        37	00100f20	00008f93	addi	x31,x1,0	  x1:0x00000000 x31=0x00000000
             84	        38	00100f24	00037117	auipc	x2,0x37	  x2=0x00137f24
             86	        39	00100f28	0dc10113	addi	x2,x2,220	  x2:0x00137f24  x2=0x00138000
             88	        40	00100f2c	00001d17	auipc	x26,0x1	 x26=0x00101f2c
             90	        41	00100f30	db4d0d13	addi	x26,x26,-588	 x26:0x00101f2c x26=0x00101ce0
             92	        42	00100f34	00001d97	auipc	x27,0x1	 x27=0x00101f34
             94	        43	00100f38	e14d8d93	addi	x27,x27,-492	 x27:0x00101f34 x27=0x00101d48
             96	        44	00100f3c	01bd5863	bge	x26,x27,100f4c	 x26:0x00101ce0 x27:0x00101d48
            100	        46	00100f40	000d2023	sw	x0,0(x26)	 x26:0x00101ce0  x0:0x00000000 PA:0x00101ce0 store:0x00000000 load:0x00000000
            102	        47	00100f44	004d0d13	addi	x26,x26,4	 x26:0x00101ce0 x26=0x00101ce4
            106	        49	00100f48	ffaddce3	bge	x27,x26,100f40	 x27:0x00101d48 x26:0x00101ce4
            112	        52	00100f40	000d2023	sw	x0,0(x26)	 x26:0x00101ce4  x0:0x00000000 PA:0x00101ce4 store:0x00000000 load:0x00000000
            114	        53	00100f44	004d0d13	addi	x26,x26,4	 x26:0x00101ce4 x26=0x00101ce8
            118	        55	00100f48	ffaddce3	bge	x27,x26,100f40	 x27:0x00101d48 x26:0x00101ce8
            124	        58	00100f40	000d2023	sw	x0,0(x26)	 x26:0x00101ce8  x0:0x00000000 PA:0x00101ce8 store:0x00000000 load:0x00000000
            126	        59	00100f44	004d0d13	addi	x26,x26,4	 x26:0x00101ce8 x26=0x00101cec
            130	        61	00100f48	ffaddce3	bge	x27,x26,100f40	 x27:0x00101d48 x26:0x00101cec
            136	        64	00100f40	000d2023	sw	x0,0(x26)	 x26:0x00101cec  x0:0x00000000 PA:0x00101cec store:0x00000000 load:0x00000000
            138	        65	00100f44	004d0d13	addi	x26,x26,4	 x26:0x00101cec x26=0x00101cf0
            142	        67	00100f48	ffaddce3	bge	x27,x26,100f40	 x27:0x00101d48 x26:0x00101cf0
            148	        70	00100f40	000d2023	sw	x0,0(x26)	 x26:0x00101cf0  x0:0x00000000 PA:0x00101cf0 store:0x00000000 load:0x00000000
            150	        71	00100f44	004d0d13	addi	x26,x26,4	 x26:0x00101cf0 x26=0x00101cf4
            154	        73	00100f48	ffaddce3	bge	x27,x26,100f40	 x27:0x00101d48 x26:0x00101cf4
            160	        76	00100f40	000d2023	sw	x0,0(x26)	 x26:0x00101cf4  x0:0x00000000 PA:0x00101cf4 store:0x00000000 load:0x00000000
            162	        77	00100f44	004d0d13	addi	x26,x26,4	 x26:0x00101cf4 x26=0x00101cf8
            166	        79	00100f48	ffaddce3	bge	x27,x26,100f40	 x27:0x00101d48 x26:0x00101cf8
            172	        82	00100f40	000d2023	sw	x0,0(x26)	 x26:0x00101cf8  x0:0x00000000 PA:0x00101cf8 store:0x00000000 load:0x00000000
            174	        83	00100f44	004d0d13	addi	x26,x26,4	 x26:0x00101cf8 x26=0x00101cfc
            178	        85	00100f48	ffaddce3	bge	x27,x26,100f40	 x27:0x00101d48 x26:0x00101cfc
            184	        88	00100f40	000d2023	sw	x0,0(x26)	 x26:0x00101cfc  x0:0x00000000 PA:0x00101cfc store:0x00000000 load:0x00000000
            186	        89	00100f44	004d0d13	addi	x26,x26,4	 x26:0x00101cfc x26=0x00101d00
            190	        91	00100f48	ffaddce3	bge	x27,x26,100f40	 x27:0x00101d48 x26:0x00101d00
            196	        94	00100f40	000d2023	sw	x0,0(x26)	 x26:0x00101d00  x0:0x00000000 PA:0x00101d00 store:0x00000000 load:0x00000000
            198	        95	00100f44	004d0d13	addi	x26,x26,4	 x26:0x00101d00 x26=0x00101d04
            202	        97	00100f48	ffaddce3	bge	x27,x26,100f40	 x27:0x00101d48 x26:0x00101d04
            208	       100	00100f40	000d2023	sw	x0,0(x26)	 x26:0x00101d04  x0:0x00000000 PA:0x00101d04 store:0x00000000 load:0x00000000
            210	       101	00100f44	004d0d13	addi	x26,x26,4	 x26:0x00101d04 x26=0x00101d08
            214	       103	00100f48	ffaddce3	bge	x27,x26,100f40	 x27:0x00101d48 x26:0x00101d08
            220	       106	00100f40	000d2023	sw	x0,0(x26)	 x26:0x00101d08  x0:0x00000000 PA:0x00101d08 store:0x00000000 load:0x00000000
            222	       107	00100f44	004d0d13	addi	x26,x26,4	 x26:0x00101d08 x26=0x00101d0c
            226	       109	00100f48	ffaddce3	bge	x27,x26,100f40	 x27:0x00101d48 x26:0x00101d0c
            232	       112	00100f40	000d2023	sw	x0,0(x26)	 x26:0x00101d0c  x0:0x00000000 PA:0x00101d0c store:0x00000000 load:0x00000000
            234	       113	00100f44	004d0d13	addi	x26,x26,4	 x26:0x00101d0c x26=0x00101d10
            238	       115	00100f48	ffaddce3	bge	x27,x26,100f40	 x27:0x00101d48 x26:0x00101d10
            244	       118	00100f40	000d2023	sw	x0,0(x26)	 x26:0x00101d10  x0:0x00000000 PA:0x00101d10 store:0x00000000 load:0x00000000
            246	       119	00100f44	004d0d13	addi	x26,x26,4	 x26:0x00101d10 x26=0x00101d14
            250	       121	00100f48	ffaddce3	bge	x27,x26,100f40	 x27:0x00101d48 x26:0x00101d14
            256	       124	00100f40	000d2023	sw	x0,0(x26)	 x26:0x00101d14  x0:0x00000000 PA:0x00101d14 store:0x00000000 load:0x00000000
            258	       125	00100f44	004d0d13	addi	x26,x26,4	 x26:0x00101d14 x26=0x00101d18
            262	       127	00100f48	ffaddce3	bge	x27,x26,100f40	 x27:0x00101d48 x26:0x00101d18
            268	       130	00100f40	000d2023	sw	x0,0(x26)	 x26:0x00101d18  x0:0x00000000 PA:0x00101d18 store:0x00000000 load:0x00000000
            270	       131	00100f44	004d0d13	addi	x26,x26,4	 x26:0x00101d18 x26=0x00101d1c
            274	       133	00100f48	ffaddce3	bge	x27,x26,100f40	 x27:0x00101d48 x26:0x00101d1c
            280	       136	00100f40	000d2023	sw	x0,0(x26)	 x26:0x00101d1c  x0:0x00000000 PA:0x00101d1c store:0x00000000 load:0x00000000
            282	       137	00100f44	004d0d13	addi	x26,x26,4	 x26:0x00101d1c x26=0x00101d20
            286	       139	00100f48	ffaddce3	bge	x27,x26,100f40	 x27:0x00101d48 x26:0x00101d20
            292	       142	00100f40	000d2023	sw	x0,0(x26)	 x26:0x00101d20  x0:0x00000000 PA:0x00101d20 store:0x00000000 load:0x00000000
            294	       143	00100f44	004d0d13	addi	x26,x26,4	 x26:0x00101d20 x26=0x00101d24
            298	       145	00100f48	ffaddce3	bge	x27,x26,100f40	 x27:0x00101d48 x26:0x00101d24
            304	       148	00100f40	000d2023	sw	x0,0(x26)	 x26:0x00101d24  x0:0x00000000 PA:0x00101d24 store:0x00000000 load:0x00000000
            306	       149	00100f44	004d0d13	addi	x26,x26,4	 x26:0x00101d24 x26=0x00101d28
            310	       151	00100f48	ffaddce3	bge	x27,x26,100f40	 x27:0x00101d48 x26:0x00101d28
            316	       154	00100f40	000d2023	sw	x0,0(x26)	 x26:0x00101d28  x0:0x00000000 PA:0x00101d28 store:0x00000000 load:0x00000000
            318	       155	00100f44	004d0d13	addi	x26,x26,4	 x26:0x00101d28 x26=0x00101d2c
            322	       157	00100f48	ffaddce3	bge	x27,x26,100f40	 x27:0x00101d48 x26:0x00101d2c
            328	       160	00100f40	000d2023	sw	x0,0(x26)	 x26:0x00101d2c  x0:0x00000000 PA:0x00101d2c store:0x00000000 load:0x00000000
            330	       161	00100f44	004d0d13	addi	x26,x26,4	 x26:0x00101d2c x26=0x00101d30
            334	       163	00100f48	ffaddce3	bge	x27,x26,100f40	 x27:0x00101d48 x26:0x00101d30
            340	       166	00100f40	000d2023	sw	x0,0(x26)	 x26:0x00101d30  x0:0x00000000 PA:0x00101d30 store:0x00000000 load:0x00000000
            342	       167	00100f44	004d0d13	addi	x26,x26,4	 x26:0x00101d30 x26=0x00101d34
            346	       169	00100f48	ffaddce3	bge	x27,x26,100f40	 x27:0x00101d48 x26:0x00101d34
            352	       172	00100f40	000d2023	sw	x0,0(x26)	 x26:0x00101d34  x0:0x00000000 PA:0x00101d34 store:0x00000000 load:0x00000000
            354	       173	00100f44	004d0d13	addi	x26,x26,4	 x26:0x00101d34 x26=0x00101d38
            358	       175	00100f48	ffaddce3	bge	x27,x26,100f40	 x27:0x00101d48 x26:0x00101d38
            364	       178	00100f40	000d2023	sw	x0,0(x26)	 x26:0x00101d38  x0:0x00000000 PA:0x00101d38 store:0x00000000 load:0x00000000
            366	       179	00100f44	004d0d13	addi	x26,x26,4	 x26:0x00101d38 x26=0x00101d3c
            370	       181	00100f48	ffaddce3	bge	x27,x26,100f40	 x27:0x00101d48 x26:0x00101d3c
            376	       184	00100f40	000d2023	sw	x0,0(x26)	 x26:0x00101d3c  x0:0x00000000 PA:0x00101d3c store:0x00000000 load:0x00000000
            378	       185	00100f44	004d0d13	addi	x26,x26,4	 x26:0x00101d3c x26=0x00101d40
            382	       187	00100f48	ffaddce3	bge	x27,x26,100f40	 x27:0x00101d48 x26:0x00101d40
            388	       190	00100f40	000d2023	sw	x0,0(x26)	 x26:0x00101d40  x0:0x00000000 PA:0x00101d40 store:0x00000000 load:0x00000000
            390	       191	00100f44	004d0d13	addi	x26,x26,4	 x26:0x00101d40 x26=0x00101d44
            394	       193	00100f48	ffaddce3	bge	x27,x26,100f40	 x27:0x00101d48 x26:0x00101d44
            400	       196	00100f40	000d2023	sw	x0,0(x26)	 x26:0x00101d44  x0:0x00000000 PA:0x00101d44 store:0x00000000 load:0x00000000
            402	       197	00100f44	004d0d13	addi	x26,x26,4	 x26:0x00101d44 x26=0x00101d48
            406	       199	00100f48	ffaddce3	bge	x27,x26,100f40	 x27:0x00101d48 x26:0x00101d48
            412	       202	00100f40	000d2023	sw	x0,0(x26)	 x26:0x00101d48  x0:0x00000000 PA:0x00101d48 store:0x00000000 load:0x00000000
            414	       203	00100f44	004d0d13	addi	x26,x26,4	 x26:0x00101d48 x26=0x00101d4c
            416	       204	00100f48	ffaddce3	bge	x27,x26,100f40	 x27:0x00101d48 x26:0x00101d4c
            418	       205	00100f4c	00000513	addi	x10,x0,0	  x0:0x00000000 x10=0x00000000
            420	       206	00100f50	00000593	addi	x11,x0,0	  x0:0x00000000 x11=0x00000000
            424	       208	00100f54	01c000ef	jal	x1,100f70	  x1=0x00100f58
            426	       209	00100f70	fa010113	addi	x2,x2,-96	  x2:0x00138000  x2=0x00137fa0
            428	       210	00100f74	00000513	addi	x10,x0,0	  x0:0x00000000 x10=0x00000000
            432	       212	00100f78	04112e23	sw	x1,92(x2)	  x2:0x00137fa0  x1:0x00100f58 PA:0x00137ffc store:0x00100f58 load:0x00000000
            436	       214	00100f7c	04812c23	sw	x8,88(x2)	  x2:0x00137fa0  x8:0x00000000 PA:0x00137ff8 store:0x00000000 load:0x00000000
            440	       216	00100f80	04912a23	sw	x9,84(x2)	  x2:0x00137fa0  x9:0x00000000 PA:0x00137ff4 store:0x00000000 load:0x00000000
            444	       218	00100f84	05212823	sw	x18,80(x2)	  x2:0x00137fa0 x18:0x00000000 PA:0x00137ff0 store:0x00000000 load:0x00000000
            448	       220	00100f88	05412423	sw	x20,72(x2)	  x2:0x00137fa0 x20:0x00000000 PA:0x00137fe8 store:0x00000000 load:0x00000000
            452	       222	00100f8c	03712e23	sw	x23,60(x2)	  x2:0x00137fa0 x23:0x00000000 PA:0x00137fdc store:0x00000000 load:0x00000000
            466	       229	00100f90	03912a23	sw	x25,52(x2)	  x2:0x00137fa0 x25:0x00000000 PA:0x00137fd4 store:0x00000000 load:0x00000000
            468	       230	00100f94	00812e27	fsw	f8,28(x2)	  f2:0x00137fa0  f8:0x00000000 PA:0x00137fbc store:0x00000000 load:0x00000000
            470	       231	00100f98	00912c27	fsw	f9,24(x2)	  f2:0x00137fa0  f9:0x00000000 PA:0x00137fb8 store:0x00000000 load:0x00000000
            472	       232	00100f9c	01212a27	fsw	f18,20(x2)	  f2:0x00137fa0 f18:0x00000000 PA:0x00137fb4 store:0x00000000 load:0x00000000
            474	       233	00100fa0	01312827	fsw	f19,16(x2)	  f2:0x00137fa0 f19:0x00000000 PA:0x00137fb0 store:0x00000000 load:0x00000000
            476	       234	00100fa4	05312623	sw	x19,76(x2)	  x2:0x00137fa0 x19:0x00000000 PA:0x00137fec store:0x00000000 load:0x00000000
            478	       235	00100fa8	05512223	sw	x21,68(x2)	  x2:0x00137fa0 x21:0x00000000 PA:0x00137fe4 store:0x00000000 load:0x00000000
            480	       236	00100fac	05612023	sw	x22,64(x2)	  x2:0x00137fa0 x22:0x00000000 PA:0x00137fe0 store:0x00000000 load:0x00000000
            482	       237	00100fb0	03812c23	sw	x24,56(x2)	  x2:0x00137fa0 x24:0x00000000 PA:0x00137fd8 store:0x00000000 load:0x00000000
            484	       238	00100fb4	03a12823	sw	x26,48(x2)	  x2:0x00137fa0 x26:0x00101d4c PA:0x00137fd0 store:0x00101d4c load:0x00000000
            498	       245	00100fb8	03b12623	sw	x27,44(x2)	  x2:0x00137fa0 x27:0x00101d48 PA:0x00137fcc store:0x00101d48 load:0x00000000
            500	       246	00100fbc	01412627	fsw	f20,12(x2)	  f2:0x00137fa0 f20:0x00000000 PA:0x00137fac store:0x00000000 load:0x00000000
            502	       247	00100fc0	01512427	fsw	f21,8(x2)	  f2:0x00137fa0 f21:0x00000000 PA:0x00137fa8 store:0x00000000 load:0x00000000
            504	       248	00100fc4	c9cff0ef	jal	x1,100460	  x1=0x00100fc8
            506	       249	00100460	00153513	sltiu	x10,x10,1	 x10:0x00000000 x10=0x00000001
            508	       250	00100464	40a002b3	sub	x5,x0,x10	  x0:0x00000000 x10:0x00000001  x5=0xffffffff
            510	       251	00100468	32029073	csrrw	x0,mcountinhibit,x5	  x5:0xffffffff  x0=0x00000000
            512	       252	0010046c	00008067	jalr	x0,0(x1)	  x1:0x00100fc8  x0=0x00000000
            514	       253	00100fc8	b98ff0ef	jal	x1,100360	  x1=0x00100fcc
            516	       254	00100360	b0201073	csrrw	x0,minstret,x0	  x0:0x00000000  x0=0x00000000
            518	       255	00100364	b0001073	csrrw	x0,mcycle,x0	  x0:0x00000000  x0=0x00000000
            520	       256	00100368	b0301073	csrrw	x0,mhpmcounter3,x0	  x0:0x00000000  x0=0x00000000
            522	       257	0010036c	b0401073	csrrw	x0,mhpmcounter4,x0	  x0:0x00000000  x0=0x00000000
            524	       258	00100370	b0501073	csrrw	x0,mhpmcounter5,x0	  x0:0x00000000  x0=0x00000000
            526	       259	00100374	b0601073	csrrw	x0,mhpmcounter6,x0	  x0:0x00000000  x0=0x00000000
            528	       260	00100378	b0701073	csrrw	x0,mhpmcounter7,x0	  x0:0x00000000  x0=0x00000000
            530	       261	0010037c	b0801073	csrrw	x0,mhpmcounter8,x0	  x0:0x00000000  x0=0x00000000
            532	       262	00100380	b0901073	csrrw	x0,mhpmcounter9,x0	  x0:0x00000000  x0=0x00000000
            534	       263	00100384	b0a01073	csrrw	x0,mhpmcounter10,x0	  x0:0x00000000  x0=0x00000000
            536	       264	00100388	b0b01073	csrrw	x0,mhpmcounter11,x0	  x0:0x00000000  x0=0x00000000
            538	       265	0010038c	b0c01073	csrrw	x0,mhpmcounter12,x0	  x0:0x00000000  x0=0x00000000
            540	       266	00100390	b0d01073	csrrw	x0,mhpmcounter13,x0	  x0:0x00000000  x0=0x00000000
            542	       267	00100394	b0e01073	csrrw	x0,mhpmcounter14,x0	  x0:0x00000000  x0=0x00000000
            544	       268	00100398	b0f01073	csrrw	x0,mhpmcounter15,x0	  x0:0x00000000  x0=0x00000000
            546	       269	0010039c	b1001073	csrrw	x0,mhpmcounter16,x0	  x0:0x00000000  x0=0x00000000
            548	       270	001003a0	b1101073	csrrw	x0,mhpmcounter17,x0	  x0:0x00000000  x0=0x00000000
            550	       271	001003a4	b1201073	csrrw	x0,mhpmcounter18,x0	  x0:0x00000000  x0=0x00000000
            552	       272	001003a8	b1301073	csrrw	x0,mhpmcounter19,x0	  x0:0x00000000  x0=0x00000000
            554	       273	001003ac	b1401073	csrrw	x0,mhpmcounter20,x0	  x0:0x00000000  x0=0x00000000
            556	       274	001003b0	b1501073	csrrw	x0,mhpmcounter21,x0	  x0:0x00000000  x0=0x00000000
            558	       275	001003b4	b1601073	csrrw	x0,mhpmcounter22,x0	  x0:0x00000000  x0=0x00000000
            560	       276	001003b8	b1701073	csrrw	x0,mhpmcounter23,x0	  x0:0x00000000  x0=0x00000000
            562	       277	001003bc	b1801073	csrrw	x0,mhpmcounter24,x0	  x0:0x00000000  x0=0x00000000
            564	       278	001003c0	b1901073	csrrw	x0,mhpmcounter25,x0	  x0:0x00000000  x0=0x00000000
            566	       279	001003c4	b1a01073	csrrw	x0,mhpmcounter26,x0	  x0:0x00000000  x0=0x00000000
            568	       280	001003c8	b1b01073	csrrw	x0,mhpmcounter27,x0	  x0:0x00000000  x0=0x00000000
            570	       281	001003cc	b1c01073	csrrw	x0,mhpmcounter28,x0	  x0:0x00000000  x0=0x00000000
            572	       282	001003d0	b1d01073	csrrw	x0,mhpmcounter29,x0	  x0:0x00000000  x0=0x00000000
            574	       283	001003d4	b1e01073	csrrw	x0,mhpmcounter30,x0	  x0:0x00000000  x0=0x00000000
            576	       284	001003d8	b1f01073	csrrw	x0,mhpmcounter31,x0	  x0:0x00000000  x0=0x00000000
            578	       285	001003dc	b8201073	csrrw	x0,minstreth,x0	  x0:0x00000000  x0=0x00000000
            580	       286	001003e0	b8001073	csrrw	x0,mcycleh,x0	  x0:0x00000000  x0=0x00000000
            582	       287	001003e4	b8301073	csrrw	x0,mhpmcounter3h,x0	  x0:0x00000000  x0=0x00000000
            584	       288	001003e8	b8401073	csrrw	x0,mhpmcounter4h,x0	  x0:0x00000000  x0=0x00000000
            586	       289	001003ec	b8501073	csrrw	x0,mhpmcounter5h,x0	  x0:0x00000000  x0=0x00000000
            588	       290	001003f0	b8601073	csrrw	x0,mhpmcounter6h,x0	  x0:0x00000000  x0=0x00000000
            590	       291	001003f4	b8701073	csrrw	x0,mhpmcounter7h,x0	  x0:0x00000000  x0=0x00000000
            592	       292	001003f8	b8801073	csrrw	x0,mhpmcounter8h,x0	  x0:0x00000000  x0=0x00000000
            594	       293	001003fc	b8901073	csrrw	x0,mhpmcounter9h,x0	  x0:0x00000000  x0=0x00000000
            596	       294	00100400	b8a01073	csrrw	x0,mhpmcounter10h,x0	  x0:0x00000000  x0=0x00000000
            598	       295	00100404	b8b01073	csrrw	x0,mhpmcounter11h,x0	  x0:0x00000000  x0=0x00000000
            600	       296	00100408	b8c01073	csrrw	x0,mhpmcounter12h,x0	  x0:0x00000000  x0=0x00000000
            602	       297	0010040c	b8d01073	csrrw	x0,mhpmcounter13h,x0	  x0:0x00000000  x0=0x00000000
            604	       298	00100410	b8e01073	csrrw	x0,mhpmcounter14h,x0	  x0:0x00000000  x0=0x00000000
            606	       299	00100414	b8f01073	csrrw	x0,mhpmcounter15h,x0	  x0:0x00000000  x0=0x00000000
            608	       300	00100418	b9001073	csrrw	x0,mhpmcounter16h,x0	  x0:0x00000000  x0=0x00000000
            610	       301	0010041c	b9101073	csrrw	x0,mhpmcounter17h,x0	  x0:0x00000000  x0=0x00000000
            612	       302	00100420	b9201073	csrrw	x0,mhpmcounter18h,x0	  x0:0x00000000  x0=0x00000000
            614	       303	00100424	b9301073	csrrw	x0,mhpmcounter19h,x0	  x0:0x00000000  x0=0x00000000
            616	       304	00100428	b9401073	csrrw	x0,mhpmcounter20h,x0	  x0:0x00000000  x0=0x00000000
            618	       305	0010042c	b9501073	csrrw	x0,mhpmcounter21h,x0	  x0:0x00000000  x0=0x00000000
            620	       306	00100430	b9601073	csrrw	x0,mhpmcounter22h,x0	  x0:0x00000000  x0=0x00000000
            622	       307	00100434	b9701073	csrrw	x0,mhpmcounter23h,x0	  x0:0x00000000  x0=0x00000000
            624	       308	00100438	b9801073	csrrw	x0,mhpmcounter24h,x0	  x0:0x00000000  x0=0x00000000
            626	       309	0010043c	b9901073	csrrw	x0,mhpmcounter25h,x0	  x0:0x00000000  x0=0x00000000
            628	       310	00100440	b9a01073	csrrw	x0,mhpmcounter26h,x0	  x0:0x00000000  x0=0x00000000
            630	       311	00100444	b9b01073	csrrw	x0,mhpmcounter27h,x0	  x0:0x00000000  x0=0x00000000
            632	       312	00100448	b9c01073	csrrw	x0,mhpmcounter28h,x0	  x0:0x00000000  x0=0x00000000
            634	       313	0010044c	b9d01073	csrrw	x0,mhpmcounter29h,x0	  x0:0x00000000  x0=0x00000000
            636	       314	00100450	b9e01073	csrrw	x0,mhpmcounter30h,x0	  x0:0x00000000  x0=0x00000000
            638	       315	00100454	b9f01073	csrrw	x0,mhpmcounter31h,x0	  x0:0x00000000  x0=0x00000000
            640	       316	00100458	00008067	jalr	x0,0(x1)	  x1:0x00100fcc  x0=0x00000000
            642	       317	00100fcc	00100513	addi	x10,x0,1	  x0:0x00000000 x10=0x00000001
            644	       318	00100fd0	c90ff0ef	jal	x1,100460	  x1=0x00100fd4
            646	       319	00100460	00153513	sltiu	x10,x10,1	 x10:0x00000001 x10=0x00000000
            648	       320	00100464	40a002b3	sub	x5,x0,x10	  x0:0x00000000 x10:0x00000000  x5=0x00000000
            650	       321	00100468	32029073	csrrw	x0,mcountinhibit,x5	  x5:0x00000000  x0=0x00000000
            654	       323	0010046c	00008067	jalr	x0,0(x1)	  x1:0x00100fd4  x0=0x00000000
            656	       324	00100fd4	00102537	lui	x10,0x102	 x10=0x00102000
            658	       325	00100fd8	9a850513	addi	x10,x10,-1624	 x10:0x00102000 x10=0x001019a8
            662	       327	00100fdc	8c4ff0ef	jal	x1,1000a0	  x1=0x00100fe0
            666	       329	001000a0	00054803	lbu	x16,0(x10)	 x10:0x001019a8 x16=0x00000048 PA:0x001019a8 store:0x00000000
            668	       330	001000a4	06080663	beq	x16,x0,100110	 x16:0x00000048  x0:0x00000000
            670	       331	001000a8	000207b7	lui	x15,0x20	 x15=0x00020000
            674	       333	001000ac	0107a023	sw	x16,0(x15)	 x15:0x00020000 x16:0x00000048 PA:0x00020000 store:0x00000048 load:0x00000000
            678	       335	001000b0	00154703	lbu	x14,1(x10)	 x10:0x001019a8 x14=0x00000065 PA:0x001019a9 store:0x00100fe0
            680	       336	001000b4	04070e63	beq	x14,x0,100110	 x14:0x00000065  x0:0x00000000
            684	       338	001000b8	00e7a023	sw	x14,0(x15)	 x15:0x00020000 x14:0x00000065 PA:0x00020000 store:0x00000065 load:0x00000000
            688	       340	001000bc	00254283	lbu	x5,2(x10)	 x10:0x001019a8  x5=0x0000006c PA:0x001019aa store:0x00137fa0
            690	       341	001000c0	04028863	beq	x5,x0,100110	  x5:0x0000006c  x0:0x00000000
            694	       343	001000c4	0057a023	sw	x5,0(x15)	 x15:0x00020000  x5:0x0000006c PA:0x00020000 store:0x0000006c load:0x00000000
            698	       345	001000c8	00354303	lbu	x6,3(x10)	 x10:0x001019a8  x6=0x0000006c PA:0x001019ab store:0x00000000
            700	       346	001000cc	04030263	beq	x6,x0,100110	  x6:0x0000006c  x0:0x00000000
            704	       348	001000d0	0067a023	sw	x6,0(x15)	 x15:0x00020000  x6:0x0000006c PA:0x00020000 store:0x0000006c load:0x00000000
            708	       350	001000d4	00454383	lbu	x7,4(x10)	 x10:0x001019a8  x7=0x0000006f PA:0x001019ac store:0x00000000
            710	       351	001000d8	02038c63	beq	x7,x0,100110	  x7:0x0000006f  x0:0x00000000
            714	       353	001000dc	0077a023	sw	x7,0(x15)	 x15:0x00020000  x7:0x0000006f PA:0x00020000 store:0x0000006f load:0x00000000
            718	       355	001000e0	00554583	lbu	x11,5(x10)	 x10:0x001019a8 x11=0x00000020 PA:0x001019ad store:0x0000006c
            720	       356	001000e4	02058663	beq	x11,x0,100110	 x11:0x00000020  x0:0x00000000
            724	       358	001000e8	00b7a023	sw	x11,0(x15)	 x15:0x00020000 x11:0x00000020 PA:0x00020000 store:0x00000020 load:0x00000000
            728	       360	001000ec	00654603	lbu	x12,6(x10)	 x10:0x001019a8 x12=0x00000073 PA:0x001019ae store:0x0000006c
            730	       361	001000f0	02060063	beq	x12,x0,100110	 x12:0x00000073  x0:0x00000000
            734	       363	001000f4	00c7a023	sw	x12,0(x15)	 x15:0x00020000 x12:0x00000073 PA:0x00020000 store:0x00000073 load:0x00000000
            738	       365	001000f8	00754683	lbu	x13,7(x10)	 x10:0x001019a8 x13=0x00000069 PA:0x001019af store:0x0000006f
            740	       366	001000fc	00850513	addi	x10,x10,8	 x10:0x001019a8 x10=0x001019b0
            742	       367	00100100	00068863	beq	x13,x0,100110	 x13:0x00000069  x0:0x00000000
            746	       369	00100104	00d7a023	sw	x13,0(x15)	 x15:0x00020000 x13:0x00000069 PA:0x00020000 store:0x00000069 load:0x00000000
            750	       371	00100108	00054803	lbu	x16,0(x10)	 x10:0x001019b0 x16=0x0000006d PA:0x001019b0 store:0x00000000
            754	       373	0010010c	fa0810e3	bne	x16,x0,1000ac	 x16:0x0000006d  x0:0x00000000
            760	       376	001000ac	0107a023	sw	x16,0(x15)	 x15:0x00020000 x16:0x0000006d PA:0x00020000 store:0x0000006d load:0x00000000
            764	       378	001000b0	00154703	lbu	x14,1(x10)	 x10:0x001019b0 x14=0x00000070 PA:0x001019b1 store:0x00100fe0
            766	       379	001000b4	04070e63	beq	x14,x0,100110	 x14:0x00000070  x0:0x00000000
            770	       381	001000b8	00e7a023	sw	x14,0(x15)	 x15:0x00020000 x14:0x00000070 PA:0x00020000 store:0x00000070 load:0x00000000
            774	       383	001000bc	00254283	lbu	x5,2(x10)	 x10:0x001019b0  x5=0x0000006c PA:0x001019b2 store:0x00137fa0
            776	       384	001000c0	04028863	beq	x5,x0,100110	  x5:0x0000006c  x0:0x00000000
            780	       386	001000c4	0057a023	sw	x5,0(x15)	 x15:0x00020000  x5:0x0000006c PA:0x00020000 store:0x0000006c load:0x00000000
            784	       388	001000c8	00354303	lbu	x6,3(x10)	 x10:0x001019b0  x6=0x00000065 PA:0x001019b3 store:0x00000000
            786	       389	001000cc	04030263	beq	x6,x0,100110	  x6:0x00000065  x0:0x00000000
            790	       391	001000d0	0067a023	sw	x6,0(x15)	 x15:0x00020000  x6:0x00000065 PA:0x00020000 store:0x00000065 load:0x00000000
            794	       393	001000d4	00454383	lbu	x7,4(x10)	 x10:0x001019b0  x7=0x00000020 PA:0x001019b4 store:0x00000000
            796	       394	001000d8	02038c63	beq	x7,x0,100110	  x7:0x00000020  x0:0x00000000
            800	       396	001000dc	0077a023	sw	x7,0(x15)	 x15:0x00020000  x7:0x00000020 PA:0x00020000 store:0x00000020 load:0x00000000
            804	       398	001000e0	00554583	lbu	x11,5(x10)	 x10:0x001019b0 x11=0x00000073 PA:0x001019b5 store:0x0000006c
            806	       399	001000e4	02058663	beq	x11,x0,100110	 x11:0x00000073  x0:0x00000000
            810	       401	001000e8	00b7a023	sw	x11,0(x15)	 x15:0x00020000 x11:0x00000073 PA:0x00020000 store:0x00000073 load:0x00000000
            814	       403	001000ec	00654603	lbu	x12,6(x10)	 x10:0x001019b0 x12=0x00000079 PA:0x001019b6 store:0x00000065
            816	       404	001000f0	02060063	beq	x12,x0,100110	 x12:0x00000079  x0:0x00000000
            820	       406	001000f4	00c7a023	sw	x12,0(x15)	 x15:0x00020000 x12:0x00000079 PA:0x00020000 store:0x00000079 load:0x00000000
            824	       408	001000f8	00754683	lbu	x13,7(x10)	 x10:0x001019b0 x13=0x00000073 PA:0x001019b7 store:0x00000020
            826	       409	001000fc	00850513	addi	x10,x10,8	 x10:0x001019b0 x10=0x001019b8
            828	       410	00100100	00068863	beq	x13,x0,100110	 x13:0x00000073  x0:0x00000000
            832	       412	00100104	00d7a023	sw	x13,0(x15)	 x15:0x00020000 x13:0x00000073 PA:0x00020000 store:0x00000073 load:0x00000000
            836	       414	00100108	00054803	lbu	x16,0(x10)	 x10:0x001019b8 x16=0x00000074 PA:0x001019b8 store:0x00000000
            840	       416	0010010c	fa0810e3	bne	x16,x0,1000ac	 x16:0x00000074  x0:0x00000000
            846	       419	001000ac	0107a023	sw	x16,0(x15)	 x15:0x00020000 x16:0x00000074 PA:0x00020000 store:0x00000074 load:0x00000000
            850	       421	001000b0	00154703	lbu	x14,1(x10)	 x10:0x001019b8 x14=0x00000065 PA:0x001019b9 store:0x00100fe0
            852	       422	001000b4	04070e63	beq	x14,x0,100110	 x14:0x00000065  x0:0x00000000
            856	       424	001000b8	00e7a023	sw	x14,0(x15)	 x15:0x00020000 x14:0x00000065 PA:0x00020000 store:0x00000065 load:0x00000000
            860	       426	001000bc	00254283	lbu	x5,2(x10)	 x10:0x001019b8  x5=0x0000006d PA:0x001019ba store:0x00137fa0
            862	       427	001000c0	04028863	beq	x5,x0,100110	  x5:0x0000006d  x0:0x00000000
            866	       429	001000c4	0057a023	sw	x5,0(x15)	 x15:0x00020000  x5:0x0000006d PA:0x00020000 store:0x0000006d load:0x00000000
            870	       431	001000c8	00354303	lbu	x6,3(x10)	 x10:0x001019b8  x6=0x0000000a PA:0x001019bb store:0x00000000
            872	       432	001000cc	04030263	beq	x6,x0,100110	  x6:0x0000000a  x0:0x00000000
            876	       434	001000d0	0067a023	sw	x6,0(x15)	 x15:0x00020000  x6:0x0000000a PA:0x00020000 store:0x0000000a load:0x00000000
            880	       436	001000d4	00454383	lbu	x7,4(x10)	 x10:0x001019b8  x7=0x0000000a PA:0x001019bc store:0x00000000
            882	       437	001000d8	02038c63	beq	x7,x0,100110	  x7:0x0000000a  x0:0x00000000
            886	       439	001000dc	0077a023	sw	x7,0(x15)	 x15:0x00020000  x7:0x0000000a PA:0x00020000 store:0x0000000a load:0x00000000
            890	       441	001000e0	00554583	lbu	x11,5(x10)	 x10:0x001019b8 x11=0x00000000 PA:0x001019bd store:0x0000006d
            894	       443	001000e4	02058663	beq	x11,x0,100110	 x11:0x00000000  x0:0x00000000
            898	       445	00100110	00000513	addi	x10,x0,0	  x0:0x00000000 x10=0x00000000
            902	       447	00100114	00008067	jalr	x0,0(x1)	  x1:0x00100fe0  x0=0x00000000
            914	       453	00100fe0	001026b7	lui	x13,0x102	 x13=0x00102000
            916	       454	00100fe4	92c6a787	flw	f15,-1748(x13)	 f13:0x00102000 f15=0x00000000 PA:0x0010192c store:0x00000000
            918	       455	00100fe8	00102737	lui	x14,0x102	 x14=0x00102000
            920	       456	00100fec	93072007	flw	f0,-1744(x14)	 f14:0x00102000  f0=0x00000000 PA:0x00101930 store:0x00000000
            922	       457	00100ff0	001027b7	lui	x15,0x102	 x15=0x00102000
            924	       458	00100ff4	9347a087	flw	f1,-1740(x15)	 f15:0x00102000  f1=0x00000000 PA:0x00101934 store:0x00000000
            926	       459	00100ff8	00102bb7	lui	x23,0x102	 x23=0x00102000
            928	       460	00100ffc	d2fba227	fsw	f15,-732(x23)	 f23:0x00102000 f15:0x00102000 PA:0x00101d24 store:0x42f67c6a load:0x3f7d1f60
            930	       461	00101000	00102cb7	lui	x25,0x102	 x25=0x00102000
            932	       462	00101004	d20ca027	fsw	f0,-736(x25)	 f25:0x00102000  f0:0x00000000 PA:0x00101d20 store:0x43edefdf load:0x3f7d1f60
            934	       463	00101008	00102437	lui	x8,0x102	  x8=0x00102000
            936	       464	0010100c	d0142c27	fsw	f1,-744(x8)	  f8:0x00102000  f1:0x00100fe0 PA:0x00101d18 store:0x3f7d1f60 load:0x3f7d1f60
            938	       465	00101010	d24ba107	flw	f2,-732(x23)	 f23:0x00102000  f2=0x00000000 PA:0x00101d24 store:0x00000000
            940	       466	00101014	d20ca707	flw	f14,-736(x25)	 f25:0x00102000 f14=0x00000000 PA:0x00101d20 store:0x43edefdf
            944	       468	00101018	001022b7	lui	x5,0x102	  x5=0x00102000
            946	       469	0010101c	001024b7	lui	x9,0x102	  x9=0x00102000
            948	       470	00101020	00e171d3	fadd.s	f3,f2,f14	  f2:0x00137fa0 f14:0x00102000  f3=0x00000000
            952	       472	00101024	9c028513	addi	x10,x5,-1600	  x5:0x00102000 x10=0x001019c0
            954	       473	00101028	00102937	lui	x18,0x102	 x18=0x00102000
            956	       474	0010102c	00200a13	addi	x20,x0,2	  x0:0x00000000 x20=0x00000002
            958	       475	00101030	d034ae27	fsw	f3,-740(x9)	  f9:0x00102000  f3:0x00000000 PA:0x00101d1c store:0x4415c77d load:0x43edefdf
            960	       476	00101034	86cff0ef	jal	x1,1000a0	  x1=0x00101038
            962	       477	001000a0	00054803	lbu	x16,0(x10)	 x10:0x001019c0 x16=0x00000041 PA:0x001019c0 store:0x00000000
            964	       478	001000a4	06080663	beq	x16,x0,100110	 x16:0x00000041  x0:0x00000000
            966	       479	001000a8	000207b7	lui	x15,0x20	 x15=0x00020000
            968	       480	001000ac	0107a023	sw	x16,0(x15)	 x15:0x00020000 x16:0x00000041 PA:0x00020000 store:0x00000041 load:0x00000000
            970	       481	001000b0	00154703	lbu	x14,1(x10)	 x10:0x001019c0 x14=0x00000064 PA:0x001019c1 store:0x00101038
            972	       482	001000b4	04070e63	beq	x14,x0,100110	 x14:0x00000064  x0:0x00000000
            974	       483	001000b8	00e7a023	sw	x14,0(x15)	 x15:0x00020000 x14:0x00000064 PA:0x00020000 store:0x00000064 load:0x00000000
            976	       484	001000bc	00254283	lbu	x5,2(x10)	 x10:0x001019c0  x5=0x00000064 PA:0x001019c2 store:0x00137fa0
            978	       485	001000c0	04028863	beq	x5,x0,100110	  x5:0x00000064  x0:0x00000000
            980	       486	001000c4	0057a023	sw	x5,0(x15)	 x15:0x00020000  x5:0x00000064 PA:0x00020000 store:0x00000064 load:0x00000000
            984	       488	001000c8	00354303	lbu	x6,3(x10)	 x10:0x001019c0  x6=0x00000020 PA:0x001019c3 store:0x00000000
            986	       489	001000cc	04030263	beq	x6,x0,100110	  x6:0x00000020  x0:0x00000000
            990	       491	001000d0	0067a023	sw	x6,0(x15)	 x15:0x00020000  x6:0x00000020 PA:0x00020000 store:0x00000020 load:0x00000000
            994	       493	001000d4	00454383	lbu	x7,4(x10)	 x10:0x001019c0  x7=0x00000031 PA:0x001019c4 store:0x00000000
            996	       494	001000d8	02038c63	beq	x7,x0,100110	  x7:0x00000031  x0:0x00000000
           1000	       496	001000dc	0077a023	sw	x7,0(x15)	 x15:0x00020000  x7:0x00000031 PA:0x00020000 store:0x00000031 load:0x00000000
           1004	       498	001000e0	00554583	lbu	x11,5(x10)	 x10:0x001019c0 x11=0x00000032 PA:0x001019c5 store:0x00000064
           1006	       499	001000e4	02058663	beq	x11,x0,100110	 x11:0x00000032  x0:0x00000000
           1010	       501	001000e8	00b7a023	sw	x11,0(x15)	 x15:0x00020000 x11:0x00000032 PA:0x00020000 store:0x00000032 load:0x00000000
           1014	       503	001000ec	00654603	lbu	x12,6(x10)	 x10:0x001019c0 x12=0x00000033 PA:0x001019c6 store:0x00000020
           1016	       504	001000f0	02060063	beq	x12,x0,100110	 x12:0x00000033  x0:0x00000000
           1020	       506	001000f4	00c7a023	sw	x12,0(x15)	 x15:0x00020000 x12:0x00000033 PA:0x00020000 store:0x00000033 load:0x00000000
           1024	       508	001000f8	00754683	lbu	x13,7(x10)	 x10:0x001019c0 x13=0x0000002e PA:0x001019c7 store:0x00000031
           1026	       509	001000fc	00850513	addi	x10,x10,8	 x10:0x001019c0 x10=0x001019c8
           1028	       510	00100100	00068863	beq	x13,x0,100110	 x13:0x0000002e  x0:0x00000000
           1032	       512	00100104	00d7a023	sw	x13,0(x15)	 x15:0x00020000 x13:0x0000002e PA:0x00020000 store:0x0000002e load:0x00000000
           1036	       514	00100108	00054803	lbu	x16,0(x10)	 x10:0x001019c8 x16=0x00000032 PA:0x001019c8 store:0x00000000
           1040	       516	0010010c	fa0810e3	bne	x16,x0,1000ac	 x16:0x00000032  x0:0x00000000
           1046	       519	001000ac	0107a023	sw	x16,0(x15)	 x15:0x00020000 x16:0x00000032 PA:0x00020000 store:0x00000032 load:0x00000000
           1050	       521	001000b0	00154703	lbu	x14,1(x10)	 x10:0x001019c8 x14=0x00000034 PA:0x001019c9 store:0x00101038
           1052	       522	001000b4	04070e63	beq	x14,x0,100110	 x14:0x00000034  x0:0x00000000
           1056	       524	001000b8	00e7a023	sw	x14,0(x15)	 x15:0x00020000 x14:0x00000034 PA:0x00020000 store:0x00000034 load:0x00000000
           1060	       526	001000bc	00254283	lbu	x5,2(x10)	 x10:0x001019c8  x5=0x00000033 PA:0x001019ca store:0x00137fa0
           1062	       527	001000c0	04028863	beq	x5,x0,100110	  x5:0x00000033  x0:0x00000000
           1066	       529	001000c4	0057a023	sw	x5,0(x15)	 x15:0x00020000  x5:0x00000033 PA:0x00020000 store:0x00000033 load:0x00000000
           1070	       531	001000c8	00354303	lbu	x6,3(x10)	 x10:0x001019c8  x6=0x00000020 PA:0x001019cb store:0x00000000
           1072	       532	001000cc	04030263	beq	x6,x0,100110	  x6:0x00000020  x0:0x00000000
           1076	       534	001000d0	0067a023	sw	x6,0(x15)	 x15:0x00020000  x6:0x00000020 PA:0x00020000 store:0x00000020 load:0x00000000
           1080	       536	001000d4	00454383	lbu	x7,4(x10)	 x10:0x001019c8  x7=0x00000026 PA:0x001019cc store:0x00000000
           1082	       537	001000d8	02038c63	beq	x7,x0,100110	  x7:0x00000026  x0:0x00000000
           1086	       539	001000dc	0077a023	sw	x7,0(x15)	 x15:0x00020000  x7:0x00000026 PA:0x00020000 store:0x00000026 load:0x00000000
           1090	       541	001000e0	00554583	lbu	x11,5(x10)	 x10:0x001019c8 x11=0x00000020 PA:0x001019cd store:0x00000033
           1092	       542	001000e4	02058663	beq	x11,x0,100110	 x11:0x00000020  x0:0x00000000
           1096	       544	001000e8	00b7a023	sw	x11,0(x15)	 x15:0x00020000 x11:0x00000020 PA:0x00020000 store:0x00000020 load:0x00000000
           1100	       546	001000ec	00654603	lbu	x12,6(x10)	 x10:0x001019c8 x12=0x00000034 PA:0x001019ce store:0x00000020
           1102	       547	001000f0	02060063	beq	x12,x0,100110	 x12:0x00000034  x0:0x00000000
           1106	       549	001000f4	00c7a023	sw	x12,0(x15)	 x15:0x00020000 x12:0x00000034 PA:0x00020000 store:0x00000034 load:0x00000000
           1110	       551	001000f8	00754683	lbu	x13,7(x10)	 x10:0x001019c8 x13=0x00000037 PA:0x001019cf store:0x00000026
           1112	       552	001000fc	00850513	addi	x10,x10,8	 x10:0x001019c8 x10=0x001019d0
           1114	       553	00100100	00068863	beq	x13,x0,100110	 x13:0x00000037  x0:0x00000000
           1118	       555	00100104	00d7a023	sw	x13,0(x15)	 x15:0x00020000 x13:0x00000037 PA:0x00020000 store:0x00000037 load:0x00000000
           1122	       557	00100108	00054803	lbu	x16,0(x10)	 x10:0x001019d0 x16=0x00000035 PA:0x001019d0 store:0x00000000
           1126	       559	0010010c	fa0810e3	bne	x16,x0,1000ac	 x16:0x00000035  x0:0x00000000
           1132	       562	001000ac	0107a023	sw	x16,0(x15)	 x15:0x00020000 x16:0x00000035 PA:0x00020000 store:0x00000035 load:0x00000000
           1136	       564	001000b0	00154703	lbu	x14,1(x10)	 x10:0x001019d0 x14=0x0000002e PA:0x001019d1 store:0x00101038
           1138	       565	001000b4	04070e63	beq	x14,x0,100110	 x14:0x0000002e  x0:0x00000000
           1142	       567	001000b8	00e7a023	sw	x14,0(x15)	 x15:0x00020000 x14:0x0000002e PA:0x00020000 store:0x0000002e load:0x00000000
           1146	       569	001000bc	00254283	lbu	x5,2(x10)	 x10:0x001019d0  x5=0x00000038 PA:0x001019d2 store:0x00137fa0
           1148	       570	001000c0	04028863	beq	x5,x0,100110	  x5:0x00000038  x0:0x00000000
           1152	       572	001000c4	0057a023	sw	x5,0(x15)	 x15:0x00020000  x5:0x00000038 PA:0x00020000 store:0x00000038 load:0x00000000
           1156	       574	001000c8	00354303	lbu	x6,3(x10)	 x10:0x001019d0  x6=0x00000037 PA:0x001019d3 store:0x00000000
           1158	       575	001000cc	04030263	beq	x6,x0,100110	  x6:0x00000037  x0:0x00000000
           1162	       577	001000d0	0067a023	sw	x6,0(x15)	 x15:0x00020000  x6:0x00000037 PA:0x00020000 store:0x00000037 load:0x00000000
           1166	       579	001000d4	00454383	lbu	x7,4(x10)	 x10:0x001019d0  x7=0x00000035 PA:0x001019d4 store:0x00000000
           1168	       580	001000d8	02038c63	beq	x7,x0,100110	  x7:0x00000035  x0:0x00000000
           1172	       582	001000dc	0077a023	sw	x7,0(x15)	 x15:0x00020000  x7:0x00000035 PA:0x00020000 store:0x00000035 load:0x00000000
           1176	       584	001000e0	00554583	lbu	x11,5(x10)	 x10:0x001019d0 x11=0x0000003a PA:0x001019d5 store:0x00000038
           1178	       585	001000e4	02058663	beq	x11,x0,100110	 x11:0x0000003a  x0:0x00000000
           1182	       587	001000e8	00b7a023	sw	x11,0(x15)	 x15:0x00020000 x11:0x0000003a PA:0x00020000 store:0x0000003a load:0x00000000
           1186	       589	001000ec	00654603	lbu	x12,6(x10)	 x10:0x001019d0 x12=0x00000020 PA:0x001019d6 store:0x00000037
           1188	       590	001000f0	02060063	beq	x12,x0,100110	 x12:0x00000020  x0:0x00000000
           1192	       592	001000f4	00c7a023	sw	x12,0(x15)	 x15:0x00020000 x12:0x00000020 PA:0x00020000 store:0x00000020 load:0x00000000
           1196	       594	001000f8	00754683	lbu	x13,7(x10)	 x10:0x001019d0 x13=0x00000000 PA:0x001019d7 store:0x00000035
           1198	       595	001000fc	00850513	addi	x10,x10,8	 x10:0x001019d0 x10=0x001019d8
           1202	       597	00100100	00068863	beq	x13,x0,100110	 x13:0x00000000  x0:0x00000000
           1206	       599	00100110	00000513	addi	x10,x0,0	  x0:0x00000000 x10=0x00000000
           1220	       606	00100114	00008067	jalr	x0,0(x1)	  x1:0x00101038  x0=0x00000000
           1222	       607	00101038	d1c4a507	flw	f10,-740(x9)	  f9:0x00102000 f10=0x00000000 PA:0x00101d1c store:0x00000000
           1232	       612	0010103c	e05ff0ef	jal	x1,100e40	  x1=0x00101040
           1234	       613	00100e40	fe010113	addi	x2,x2,-32	  x2:0x00137fa0  x2=0x00137f80
           1236	       614	00100e44	00812c23	sw	x8,24(x2)	  x2:0x00137f80  x8:0x00102000 PA:0x00137f98 store:0x00102000 load:0x4415c77d
           1238	       615	00100e48	c0151453	fcvt.wu.s	x8,f10	 f10:0x00000000  x8=0x00000257
           1240	       616	00100e4c	00112e23	sw	x1,28(x2)	  x2:0x00137f80  x1:0x00101040 PA:0x00137f9c store:0x00101040 load:0x4415c77d
           1242	       617	00100e50	00812627	fsw	f8,12(x2)	  f2:0x00137f80  f8:0x00000257 PA:0x00137f8c store:0x00000000 load:0x4415c77d
           1246	       619	00100e54	00040513	addi	x10,x8,0	  x8:0x00000257 x10=0x00000257
           1248	       620	00100e58	20a50453	fsgnj.s	f8,f10,f10	 f10:0x00000257 f10:0x00000257  f8=0x00000000
           1250	       621	00100e5c	ac4ff0ef	jal	x1,100120	  x1=0x00100e60
           1252	       622	00100120	01c55793	srli	x15,x10,0x1c	 x10:0x00000257 x15=0x00000000
           1254	       623	00100124	00900713	addi	x14,x0,9	  x0:0x00000000 x14=0x00000009
           1256	       624	00100128	0cf77a63	bgeu	x14,x15,1001fc	 x14:0x00000009 x15:0x00000000
           1258	       625	001001fc	03078393	addi	x7,x15,48	 x15:0x00000000  x7=0x00000030
           1260	       626	00100200	000205b7	lui	x11,0x20	 x11=0x00020000
           1262	       627	00100204	00451613	slli	x12,x10,0x4	 x10:0x00000257 x12=0x00002570
           1264	       628	00100208	0075a023	sw	x7,0(x11)	 x11:0x00020000  x7:0x00000030 PA:0x00020000 store:0x00000030 load:0x00000000
           1266	       629	0010020c	01c65693	srli	x13,x12,0x1c	 x12:0x00002570 x13=0x00000000
           1268	       630	00100210	00900813	addi	x16,x0,9	  x0:0x00000000 x16=0x00000009
           1270	       631	00100214	f2d86ae3	bltu	x16,x13,100148	 x16:0x00000009 x13:0x00000000
           1272	       632	00100218	03068e93	addi	x29,x13,48	 x13:0x00000000 x29=0x00000030
           1274	       633	0010021c	00020f37	lui	x30,0x20	 x30=0x00020000
           1276	       634	00100220	00851f93	slli	x31,x10,0x8	 x10:0x00000257 x31=0x00025700
           1278	       635	00100224	01df2023	sw	x29,0(x30)	 x30:0x00020000 x29:0x00000030 PA:0x00020000 store:0x00000030 load:0x00000000
           1280	       636	00100228	01cfd793	srli	x15,x31,0x1c	 x31:0x00025700 x15=0x00000000
           1282	       637	0010022c	00900713	addi	x14,x0,9	  x0:0x00000000 x14=0x00000009
           1284	       638	00100230	f2f76ae3	bltu	x14,x15,100164	 x14:0x00000009 x15:0x00000000
           1286	       639	00100234	03078393	addi	x7,x15,48	 x15:0x00000000  x7=0x00000030
           1288	       640	00100238	000205b7	lui	x11,0x20	 x11=0x00020000
           1290	       641	0010023c	00c51613	slli	x12,x10,0xc	 x10:0x00000257 x12=0x00257000
           1294	       643	00100240	0075a023	sw	x7,0(x11)	 x11:0x00020000  x7:0x00000030 PA:0x00020000 store:0x00000030 load:0x00000000
           1296	       644	00100244	01c65693	srli	x13,x12,0x1c	 x12:0x00257000 x13=0x00000000
           1298	       645	00100248	00900813	addi	x16,x0,9	  x0:0x00000000 x16=0x00000009
           1300	       646	0010024c	f2d86ae3	bltu	x16,x13,100180	 x16:0x00000009 x13:0x00000000
           1302	       647	00100250	03068e93	addi	x29,x13,48	 x13:0x00000000 x29=0x00000030
           1304	       648	00100254	00020f37	lui	x30,0x20	 x30=0x00020000
           1306	       649	00100258	01051f93	slli	x31,x10,0x10	 x10:0x00000257 x31=0x02570000
           1310	       651	0010025c	01df2023	sw	x29,0(x30)	 x30:0x00020000 x29:0x00000030 PA:0x00020000 store:0x00000030 load:0x00000000
           1312	       652	00100260	01cfd793	srli	x15,x31,0x1c	 x31:0x02570000 x15=0x00000000
           1314	       653	00100264	00900713	addi	x14,x0,9	  x0:0x00000000 x14=0x00000009
           1316	       654	00100268	f2f76ae3	bltu	x14,x15,10019c	 x14:0x00000009 x15:0x00000000
           1318	       655	0010026c	03078393	addi	x7,x15,48	 x15:0x00000000  x7=0x00000030
           1320	       656	00100270	000205b7	lui	x11,0x20	 x11=0x00020000
           1322	       657	00100274	01451613	slli	x12,x10,0x14	 x10:0x00000257 x12=0x25700000
           1326	       659	00100278	0075a023	sw	x7,0(x11)	 x11:0x00020000  x7:0x00000030 PA:0x00020000 store:0x00000030 load:0x00000000
           1328	       660	0010027c	01c65693	srli	x13,x12,0x1c	 x12:0x25700000 x13=0x00000002
           1330	       661	00100280	00900813	addi	x16,x0,9	  x0:0x00000000 x16=0x00000009
           1332	       662	00100284	f2d86ae3	bltu	x16,x13,1001b8	 x16:0x00000009 x13:0x00000002
           1334	       663	00100288	03068e93	addi	x29,x13,48	 x13:0x00000002 x29=0x00000032
           1336	       664	0010028c	00020f37	lui	x30,0x20	 x30=0x00020000
           1338	       665	00100290	01851f93	slli	x31,x10,0x18	 x10:0x00000257 x31=0x57000000
           1342	       667	00100294	01df2023	sw	x29,0(x30)	 x30:0x00020000 x29:0x00000032 PA:0x00020000 store:0x00000032 load:0x00000000
           1344	       668	00100298	01cfd793	srli	x15,x31,0x1c	 x31:0x57000000 x15=0x00000005
           1346	       669	0010029c	00900713	addi	x14,x0,9	  x0:0x00000000 x14=0x00000009
           1348	       670	001002a0	f2f76ae3	bltu	x14,x15,1001d4	 x14:0x00000009 x15:0x00000005
           1350	       671	001002a4	03078393	addi	x7,x15,48	 x15:0x00000005  x7=0x00000035
           1352	       672	001002a8	000205b7	lui	x11,0x20	 x11=0x00020000
           1356	       674	001002ac	0075a023	sw	x7,0(x11)	 x11:0x00020000  x7:0x00000035 PA:0x00020000 store:0x00000035 load:0x00000000
           1358	       675	001002b0	00f57513	andi	x10,x10,15	 x10:0x00000257 x10=0x00000007
           1360	       676	001002b4	00900613	addi	x12,x0,9	  x0:0x00000000 x12=0x00000009
           1364	       678	001002b8	f2a67ae3	bgeu	x12,x10,1001ec	 x12:0x00000009 x10:0x00000007
           1368	       680	001001ec	03050893	addi	x17,x10,48	 x10:0x00000007 x17=0x00000037
           1370	       681	001001f0	00020e37	lui	x28,0x20	 x28=0x00020000
           1374	       683	001001f4	011e2023	sw	x17,0(x28)	 x28:0x00020000 x17:0x00000037 PA:0x00020000 store:0x00000037 load:0x00000000
           1378	       685	001001f8	00008067	jalr	x0,0(x1)	  x1:0x00100e60  x0=0x00000000
           1380	       686	00100e60	00102537	lui	x10,0x102	 x10=0x00102000
           1382	       687	00100e64	a7050513	addi	x10,x10,-1424	 x10:0x00102000 x10=0x00101a70
           1386	       689	00100e68	a38ff0ef	jal	x1,1000a0	  x1=0x00100e6c
           1390	       691	001000a0	00054803	lbu	x16,0(x10)	 x10:0x00101a70 x16=0x0000002e PA:0x00101a70 store:0x00000000
           1392	       692	001000a4	06080663	beq	x16,x0,100110	 x16:0x0000002e  x0:0x00000000
           1394	       693	001000a8	000207b7	lui	x15,0x20	 x15=0x00020000
           1398	       695	001000ac	0107a023	sw	x16,0(x15)	 x15:0x00020000 x16:0x0000002e PA:0x00020000 store:0x0000002e load:0x00000000
           1402	       697	001000b0	00154703	lbu	x14,1(x10)	 x10:0x00101a70 x14=0x00000000 PA:0x00101a71 store:0x00100e6c
           1406	       699	001000b4	04070e63	beq	x14,x0,100110	 x14:0x00000000  x0:0x00000000
           1410	       701	00100110	00000513	addi	x10,x0,0	  x0:0x00000000 x10=0x00000000
           1424	       708	00100114	00008067	jalr	x0,0(x1)	  x1:0x00100e6c  x0=0x00000000
           1426	       709	00100e6c	d01477d3	fcvt.s.wu	f15,x8	  x8:0x00000257 f15=0x00000000
           1428	       710	00100e70	001027b7	lui	x15,0x102	 x15=0x00102000
           1430	       711	00100e74	9287a087	flw	f1,-1752(x15)	 f15:0x00102000  f1=0x00000000 PA:0x00101928 store:0x4415c77d
           1432	       712	00100e78	08f47053	fsub.s	f0,f8,f15	  f8:0x00000257 f15:0x00102000  f0=0x00000000
           1440	       716	00100e7c	01812403	lw	x8,24(x2)	  x2:0x00137f80  x8=0x00102000 PA:0x00137f98 store:0x00000000
           1442	       717	00100e80	01c12083	lw	x1,28(x2)	  x2:0x00137f80  x1=0x00101040 PA:0x00137f9c store:0x00020000
           1444	       718	00100e84	00c12407	flw	f8,12(x2)	  f2:0x00137f80  f8=0x00000000 PA:0x00137f8c store:0x00000000
           1446	       719	00100e88	10107153	fmul.s	f2,f0,f1	  f0:0x00000000  f1:0x00101040  f2=0x00000000
           1448	       720	00100e8c	02010113	addi	x2,x2,32	  x2:0x00137f80  x2=0x00137fa0
           1450	       721	00100e90	c0111553	fcvt.wu.s	x10,f2	  f2:0x00137fa0 x10=0x00002db4
           1452	       722	00100e94	a8cff06f	jal	x0,100120	  x0=0x00000000
           1454	       723	00100120	01c55793	srli	x15,x10,0x1c	 x10:0x00002db4 x15=0x00000000
           1456	       724	00100124	00900713	addi	x14,x0,9	  x0:0x00000000 x14=0x00000009
           1458	       725	00100128	0cf77a63	bgeu	x14,x15,1001fc	 x14:0x00000009 x15:0x00000000
           1460	       726	001001fc	03078393	addi	x7,x15,48	 x15:0x00000000  x7=0x00000030
           1462	       727	00100200	000205b7	lui	x11,0x20	 x11=0x00020000
           1464	       728	00100204	00451613	slli	x12,x10,0x4	 x10:0x00002db4 x12=0x0002db40
           1466	       729	00100208	0075a023	sw	x7,0(x11)	 x11:0x00020000  x7:0x00000030 PA:0x00020000 store:0x00000030 load:0x00000000
           1468	       730	0010020c	01c65693	srli	x13,x12,0x1c	 x12:0x0002db40 x13=0x00000000
           1470	       731	00100210	00900813	addi	x16,x0,9	  x0:0x00000000 x16=0x00000009
           1472	       732	00100214	f2d86ae3	bltu	x16,x13,100148	 x16:0x00000009 x13:0x00000000
           1474	       733	00100218	03068e93	addi	x29,x13,48	 x13:0x00000000 x29=0x00000030
           1476	       734	0010021c	00020f37	lui	x30,0x20	 x30=0x00020000
           1478	       735	00100220	00851f93	slli	x31,x10,0x8	 x10:0x00002db4 x31=0x002db400
           1482	       737	00100224	01df2023	sw	x29,0(x30)	 x30:0x00020000 x29:0x00000030 PA:0x00020000 store:0x00000030 load:0x00000000
           1484	       738	00100228	01cfd793	srli	x15,x31,0x1c	 x31:0x002db400 x15=0x00000000
           1486	       739	0010022c	00900713	addi	x14,x0,9	  x0:0x00000000 x14=0x00000009
           1488	       740	00100230	f2f76ae3	bltu	x14,x15,100164	 x14:0x00000009 x15:0x00000000
           1490	       741	00100234	03078393	addi	x7,x15,48	 x15:0x00000000  x7=0x00000030
           1492	       742	00100238	000205b7	lui	x11,0x20	 x11=0x00020000
           1494	       743	0010023c	00c51613	slli	x12,x10,0xc	 x10:0x00002db4 x12=0x02db4000
           1498	       745	00100240	0075a023	sw	x7,0(x11)	 x11:0x00020000  x7:0x00000030 PA:0x00020000 store:0x00000030 load:0x00000000
           1500	       746	00100244	01c65693	srli	x13,x12,0x1c	 x12:0x02db4000 x13=0x00000000
           1502	       747	00100248	00900813	addi	x16,x0,9	  x0:0x00000000 x16=0x00000009
           1504	       748	0010024c	f2d86ae3	bltu	x16,x13,100180	 x16:0x00000009 x13:0x00000000
           1506	       749	00100250	03068e93	addi	x29,x13,48	 x13:0x00000000 x29=0x00000030
           1508	       750	00100254	00020f37	lui	x30,0x20	 x30=0x00020000
           1510	       751	00100258	01051f93	slli	x31,x10,0x10	 x10:0x00002db4 x31=0x2db40000
           1514	       753	0010025c	01df2023	sw	x29,0(x30)	 x30:0x00020000 x29:0x00000030 PA:0x00020000 store:0x00000030 load:0x00000000
           1516	       754	00100260	01cfd793	srli	x15,x31,0x1c	 x31:0x2db40000 x15=0x00000002
           1518	       755	00100264	00900713	addi	x14,x0,9	  x0:0x00000000 x14=0x00000009
           1520	       756	00100268	f2f76ae3	bltu	x14,x15,10019c	 x14:0x00000009 x15:0x00000002
           1522	       757	0010026c	03078393	addi	x7,x15,48	 x15:0x00000002  x7=0x00000032
           1524	       758	00100270	000205b7	lui	x11,0x20	 x11=0x00020000
           1526	       759	00100274	01451613	slli	x12,x10,0x14	 x10:0x00002db4 x12=0xdb400000
           1530	       761	00100278	0075a023	sw	x7,0(x11)	 x11:0x00020000  x7:0x00000032 PA:0x00020000 store:0x00000032 load:0x00000000
           1532	       762	0010027c	01c65693	srli	x13,x12,0x1c	 x12:0xdb400000 x13=0x0000000d
           1534	       763	00100280	00900813	addi	x16,x0,9	  x0:0x00000000 x16=0x00000009
           1538	       765	00100284	f2d86ae3	bltu	x16,x13,1001b8	 x16:0x00000009 x13:0x0000000d
           1542	       767	001001b8	03768893	addi	x17,x13,55	 x13:0x0000000d x17=0x00000044
           1544	       768	001001bc	00020e37	lui	x28,0x20	 x28=0x00020000
           1546	       769	001001c0	01851f93	slli	x31,x10,0x18	 x10:0x00002db4 x31=0xb4000000
           1550	       771	001001c4	011e2023	sw	x17,0(x28)	 x28:0x00020000 x17:0x00000044 PA:0x00020000 store:0x00000044 load:0x00000000
           1552	       772	001001c8	01cfd793	srli	x15,x31,0x1c	 x31:0xb4000000 x15=0x0000000b
           1554	       773	001001cc	00900713	addi	x14,x0,9	  x0:0x00000000 x14=0x00000009
           1556	       774	001001d0	0cf77a63	bgeu	x14,x15,1002a4	 x14:0x00000009 x15:0x0000000b
           1558	       775	001001d4	03778293	addi	x5,x15,55	 x15:0x0000000b  x5=0x00000042
           1560	       776	001001d8	00020337	lui	x6,0x20	  x6=0x00020000
           1564	       778	001001dc	00532023	sw	x5,0(x6)	  x6:0x00020000  x5:0x00000042 PA:0x00020000 store:0x00000042 load:0x00000000
           1566	       779	001001e0	00f57513	andi	x10,x10,15	 x10:0x00002db4 x10=0x00000004
           1568	       780	001001e4	00900613	addi	x12,x0,9	  x0:0x00000000 x12=0x00000009
           1570	       781	001001e8	0ca66a63	bltu	x12,x10,1002bc	 x12:0x00000009 x10:0x00000004
           1572	       782	001001ec	03050893	addi	x17,x10,48	 x10:0x00000004 x17=0x00000034
           1574	       783	001001f0	00020e37	lui	x28,0x20	 x28=0x00020000
           1578	       785	001001f4	011e2023	sw	x17,0(x28)	 x28:0x00020000 x17:0x00000034 PA:0x00020000 store:0x00000034 load:0x00000000
           1592	       792	001001f8	00008067	jalr	x0,0(x1)	  x1:0x00101040  x0=0x00000000
           1594	       793	00101040	d1842587	flw	f11,-744(x8)	  f8:0x00102000 f11=0x00000000 PA:0x00101d18 store:0x00000000
           1596	       794	00101044	f00002d3	fmv.w.x	f5,x0	  x0:0x00000000  f5=0x00000000
           1598	       795	00101048	d1492607	flw	f12,-748(x18)	 f18:0x00102000 f12=0x00000000 PA:0x00101d14 store:0x00000000
           1600	       796	0010104c	d1c4a207	flw	f4,-740(x9)	  f9:0x00102000  f4=0x00000000 PA:0x00101d1c store:0x00000000
           1602	       797	00101050	d1842687	flw	f13,-744(x8)	  f8:0x00102000 f13=0x00000000 PA:0x00101d18 store:0x00000000
           1604	       798	00101054	60b2f343	fmadd.s	f6,f5,f11,f12	  f5:0x00000042 f11:0x00020000 f12:0x00000042  f6=0x00000000
           1606	       799	00101058	00100313	addi	x6,x0,1	  x0:0x00000000  x6=0x00000001
           1608	       800	0010105c	00d273d3	fadd.s	f7,f4,f13	  f4:0x00000000 f13:0x0000000d  f7=0x00000000
           1610	       801	00101060	d1842407	flw	f8,-744(x8)	  f8:0x00102000  f8=0x00000000 PA:0x00101d18 store:0x00000000
           1612	       802	00101064	d00378d3	fcvt.s.w	f17,x6	  x6:0x00000001 f17=0x00000000
           1614	       803	00101068	d0692a27	fsw	f6,-748(x18)	 f18:0x00102000  f6:0x00000001 PA:0x00101d14 store:0x00000000 load:0x3f7d1f60
           1618	       805	0010106c	d1492487	flw	f9,-748(x18)	 f18:0x00102000  f9=0x00000000 PA:0x00101d14 store:0x00000000
           1620	       806	00101070	d074ae27	fsw	f7,-740(x9)	  f9:0x00102000  f7:0x00000032 PA:0x00000000
           1622	       807	00101074	d1c4a507	flw	f10,-740(x9)	  f9:0x00102000 f10=0x00000000 PA:0x00101d1c store:0x00000000
           1624	       808	00101078	d1842807	flw	f16,-744(x8)	  f8:0x00102000 f16=0x00000000 PA:0x00101d18 store:0x00000000
           1626	       809	0010107c	4888f943	fmadd.s	f18,f17,f8,f9	 f17:0x00000034  f8:0x00102000  f9:0x00000034 f18=0x00000000
           1628	       810	00101080	06400393	addi	x7,x0,100	  x0:0x00000000  x7=0x00000064
           1630	       811	00101084	010579d3	fadd.s	f19,f10,f16	 f10:0x00000004 f16:0x00000009 f19=0x00000000
           1632	       812	00101088	d1292a27	fsw	f18,-748(x18)	 f18:0x00102000 f18:0x00102000 PA:0x00101d14 store:0x3f7d1f60 load:0x3f7d1f60
           1636	       814	0010108c	d134ae27	fsw	f19,-740(x9)	  f9:0x00102000 f19:0x00000000 PA:0x00101d1c store:0x4416460d load:0x3f7d1f60
           1640	       816	00101090	d1842a07	flw	f20,-744(x8)	  f8:0x00102000 f20=0x00000000 PA:0x00101d18 store:0x00000000
           1642	       817	00101094	d00a7ad3	fcvt.s.w	f21,x20	 x20:0x00000002 f21=0x00000000
           1646	       819	00101098	d1492e07	flw	f28,-748(x18)	 f18:0x00102000 f28=0x00000000 PA:0x00101d14 store:0x3f7d1f60
           1652	       822	0010109c	001a0093	addi	x1,x20,1	 x20:0x00000002  x1=0x00000003
           1654	       823	001010a0	d1c4ae87	flw	f29,-740(x9)	  f9:0x00102000 f29=0x00000000 PA:0x00101d1c store:0x00000000
           1656	       824	001010a4	e14aff43	fmadd.s	f30,f21,f20,f28	 f21:0x00000000 f20:0x00000002 f28:0x00000000 f30=0x00000000
           1658	       825	001010a8	d1842f87	flw	f31,-744(x8)	  f8:0x00102000 f31=0x00000000 PA:0x00101d18 store:0x00000000
           1660	       826	001010ac	d000f053	fcvt.s.w	f0,x1	  x1:0x00000003  f0=0x00000000
           1664	       828	001010b0	d1842087	flw	f1,-744(x8)	  f8:0x00102000  f1=0x00000000 PA:0x00101d18 store:0x00000000
           1666	       829	001010b4	01fef153	fadd.s	f2,f29,f31	 f29:0x00000030 f31:0xb4000000  f2=0x00000000
           1668	       830	001010b8	d1e92a27	fsw	f30,-748(x18)	 f18:0x00102000 f30:0x00020000 PA:0x00101d14 store:0x403dd788 load:0x3f7d1f60
           1674	       833	001010bc	d1492707	flw	f14,-748(x18)	 f18:0x00102000 f14=0x00000000 PA:0x00101d14 store:0x3f7d1f60
           1678	       835	001010c0	002a0593	addi	x11,x20,2	 x20:0x00000002 x11=0x00000004
           1680	       836	001010c4	d005f7d3	fcvt.s.w	f15,x11	 x11:0x00000004 f15=0x00000000
           1682	       837	001010c8	701071c3	fmadd.s	f3,f0,f1,f14	  f0:0x00000000  f1:0x00000003 f14:0x00000000  f3=0x00000000
           1684	       838	001010cc	d024ae27	fsw	f2,-740(x9)	  f9:0x00102000  f2:0x00137fa0 PA:0x00000000
           1686	       839	001010d0	d1c4a207	flw	f4,-740(x9)	  f9:0x00102000  f4=0x00000000 PA:0x00101d1c store:0x3f7d1f60
           1688	       840	001010d4	d1842587	flw	f11,-744(x8)	  f8:0x00102000 f11=0x00000000 PA:0x00101d18 store:0x00000000
           1690	       841	001010d8	d1842607	flw	f12,-744(x8)	  f8:0x00102000 f12=0x00000000 PA:0x00101d18 store:0x00000000
           1692	       842	001010dc	d0392a27	fsw	f3,-748(x18)	 f18:0x00102000  f3:0x00000000 PA:0x00101d14 store:0x40bdd788 load:0x3f7d1f60
           1696	       844	001010e0	d1492287	flw	f5,-748(x18)	 f18:0x00102000  f5=0x00000000 PA:0x00101d14 store:0x3f7d1f60
           1698	       845	001010e4	00b276d3	fadd.s	f13,f4,f11	  f4:0x00000000 f11:0x00000004 f13=0x00000000
           1702	       847	001010e8	003a0613	addi	x12,x20,3	 x20:0x00000002 x12=0x00000005
           1704	       848	001010ec	28c7f343	fmadd.s	f6,f15,f12,f5	 f15:0x0000000b f12:0x00000005  f5:0x0000000b  f6=0x00000000
           1706	       849	001010f0	d00673d3	fcvt.s.w	f7,x12	 x12:0x00000005  f7=0x00000000
           1710	       851	001010f4	004a0813	addi	x16,x20,4	 x20:0x00000002 x16=0x00000006
           1712	       852	001010f8	d0d4ae27	fsw	f13,-740(x9)	  f9:0x00102000 f13:0x0000000d PA:0x00101d1c store:0x4416c49d load:0x40bdd788
           1714	       853	001010fc	d1c4a407	flw	f8,-740(x9)	  f9:0x00102000  f8=0x00000000 PA:0x00101d1c store:0x3f7d1f60
           1716	       854	00101100	d0692a27	fsw	f6,-748(x18)	 f18:0x00102000  f6:0x00000001 PA:0x00000000
           1718	       855	00101104	d1842487	flw	f9,-744(x8)	  f8:0x00102000  f9=0x00000000 PA:0x00101d18 store:0x00000000
           1720	       856	00101108	d1842507	flw	f10,-744(x8)	  f8:0x00102000 f10=0x00000000 PA:0x00101d18 store:0x00000000
           1722	       857	0010110c	d1492807	flw	f16,-748(x18)	 f18:0x00102000 f16=0x00000000 PA:0x00101d14 store:0x3f7d1f60
           1724	       858	00101110	009478d3	fadd.s	f17,f8,f9	  f8:0x00102000  f9:0x00102000 f17=0x00000000
           1726	       859	00101114	d0087953	fcvt.s.w	f18,x16	 x16:0x00000006 f18=0x00000000
           1728	       860	00101118	80a3f9c3	fmadd.s	f19,f7,f10,f16	  f7:0x00000064 f10:0x00000004 f16:0x00000064 f19=0x00000000
           1730	       861	0010111c	005a0893	addi	x17,x20,5	 x20:0x00000002 x17=0x00000007
           1732	       862	00101120	d008fa53	fcvt.s.w	f20,x17	 x17:0x00000007 f20=0x00000000
           1734	       863	00101124	d114ae27	fsw	f17,-740(x9)	  f9:0x00102000 f17:0x00000007 PA:0x00101d1c store:0x441703e5 load:0x441703e5
           1738	       865	00101128	d1c4aa87	flw	f21,-740(x9)	  f9:0x00102000 f21=0x00000000 PA:0x00101d1c store:0x3f7d1f60
           1740	       866	0010112c	d1392a27	fsw	f19,-748(x18)	 f18:0x00102000 f19:0x00000000 PA:0x00000000
           1742	       867	00101130	d1842e07	flw	f28,-744(x8)	  f8:0x00102000 f28=0x00000000 PA:0x00101d18 store:0x00000000
           1744	       868	00101134	d1842e87	flw	f29,-744(x8)	  f8:0x00102000 f29=0x00000000 PA:0x00101d18 store:0x00000000
           1746	       869	00101138	d1492f07	flw	f30,-748(x18)	 f18:0x00102000 f30=0x00000000 PA:0x00101d14 store:0x40e00000
           1748	       870	0010113c	01caffd3	fadd.s	f31,f21,f28	 f21:0x00000000 f28:0x00020000 f31=0x00000000
           1750	       871	00101140	006a0993	addi	x19,x20,6	 x20:0x00000002 x19=0x00000008
           1752	       872	00101144	f1d97043	fmadd.s	f0,f18,f29,f30	 f18:0x00102000 f29:0x00000030 f30:0x00102000  f0=0x00000000
           1754	       873	00101148	d009f0d3	fcvt.s.w	f1,x19	 x19:0x00000008  f1=0x00000000
           1758	       875	0010114c	007a0a13	addi	x20,x20,7	 x20:0x00000002 x20=0x00000009
           1760	       876	00101150	d1f4ae27	fsw	f31,-740(x9)	  f9:0x00102000 f31:0xb4000000 PA:0x00101d1c store:0x4417432d load:0x416d4d6a
           1762	       877	00101154	d1c4a107	flw	f2,-740(x9)	  f9:0x00102000  f2=0x00000000 PA:0x00101d1c store:0x3f7d1f60
           1764	       878	00101158	d0092a27	fsw	f0,-748(x18)	 f18:0x00102000  f0:0x00000000 PA:0x00000000
           1766	       879	0010115c	d1842707	flw	f14,-744(x8)	  f8:0x00102000 f14=0x00000000 PA:0x00101d18 store:0x00000000
           1768	       880	00101160	d1842787	flw	f15,-744(x8)	  f8:0x00102000 f15=0x00000000 PA:0x00101d18 store:0x00000000
           1770	       881	00101164	d1492187	flw	f3,-748(x18)	 f18:0x00102000  f3=0x00000000 PA:0x00101d14 store:0x40e00000
           1772	       882	00101168	00e17253	fadd.s	f4,f2,f14	  f2:0x00137fa0 f14:0x00000009  f4=0x00000000
           1774	       883	0010116c	18fa75c3	fmadd.s	f11,f20,f15,f3	 f20:0x00000009 f15:0x0000000b  f3:0x00000009 f11=0x00000000
           1778	       885	00101170	d044ae27	fsw	f4,-740(x9)	  f9:0x00102000  f4:0x00000000 PA:0x00101d1c store:0x44178275 load:0x41a61c97
           1782	       887	00101174	d0b92a27	fsw	f11,-748(x18)	 f18:0x00102000 f11:0x00000004 PA:0x00101d14 store:0x41dd7b74 load:0x41a61c97
           1786	       889	00101178	d1c4a287	flw	f5,-740(x9)	  f9:0x00102000  f5=0x00000000 PA:0x00101d1c store:0x3f7d1f60
           1790	       891	0010117c	d1842307	flw	f6,-744(x8)	  f8:0x00102000  f6=0x00000000 PA:0x00101d18 store:0x00000000
           1794	       893	00101180	d1842607	flw	f12,-744(x8)	  f8:0x00102000 f12=0x00000000 PA:0x00101d18 store:0x00000000
           1798	       895	00101184	d1492687	flw	f13,-748(x18)	 f18:0x00102000 f13=0x00000000 PA:0x00101d14 store:0x40e00000
           1800	       896	00101188	0062f3d3	fadd.s	f7,f5,f6	  f5:0x00000042  f6:0x00000001  f7=0x00000000
           1804	       898	0010118c	68c0f443	fmadd.s	f8,f1,f12,f13	  f1:0x00000003 f12:0x00000005 f13:0x0000000d  f8=0x00000000
           1808	       900	00101190	d074ae27	fsw	f7,-740(x9)	  f9:0x00102000  f7:0x00000064 PA:0x00101d1c store:0x4417c1bd load:0x41dd7b74
           1816	       904	00101194	d1c4a487	flw	f9,-740(x9)	  f9:0x00102000  f9=0x00000000 PA:0x00101d1c store:0x3f7d1f60
           1820	       906	00101198	d1842507	flw	f10,-744(x8)	  f8:0x00102000 f10=0x00000000 PA:0x00101d18 store:0x00000000
           1824	       908	0010119c	d0892a27	fsw	f8,-748(x18)	 f18:0x00102000  f8:0x00102000 PA:0x00101d14 store:0x420e61a6 load:0x3f7d1f60
           1826	       909	001011a0	00a4f853	fadd.s	f16,f9,f10	  f9:0x00102000 f10:0x00000004 f16=0x00000000
           1834	       913	001011a4	d104ae27	fsw	f16,-740(x9)	  f9:0x00102000 f16:0x00000006 PA:0x00101d1c store:0x44180105 load:0x3f7d1f60
           1844	       918	001011a8	ee7a14e3	bne	x20,x7,101090	 x20:0x00000009  x7:0x00000064
           1846	       919	00101090	d1842a07	flw	f20,-744(x8)	  f8:0x00102000 f20=0x00000000 PA:0x00101d18 store:0x00000000
           1848	       920	00101094	d00a7ad3	fcvt.s.w	f21,x20	 x20:0x00000009 f21=0x00000000
           1850	       921	00101098	d1492e07	flw	f28,-748(x18)	 f18:0x00102000 f28=0x00000000 PA:0x00101d14 store:0x40e00000
           1852	       922	0010109c	001a0093	addi	x1,x20,1	 x20:0x00000009  x1=0x0000000a
           1854	       923	001010a0	d1c4ae87	flw	f29,-740(x9)	  f9:0x00102000 f29=0x00000000 PA:0x00101d1c store:0x3f7d1f60
           1856	       924	001010a4	e14aff43	fmadd.s	f30,f21,f20,f28	 f21:0x00000000 f20:0x00000009 f28:0x00000000 f30=0x00000000
           1858	       925	001010a8	d1842f87	flw	f31,-744(x8)	  f8:0x00102000 f31=0x00000000 PA:0x00101d18 store:0x00000000
           1860	       926	001010ac	d000f053	fcvt.s.w	f0,x1	  x1:0x0000000a  f0=0x00000000
           1864	       928	001010b0	d1842087	flw	f1,-744(x8)	  f8:0x00102000  f1=0x00000000 PA:0x00101d18 store:0x00000000
           1866	       929	001010b4	01fef153	fadd.s	f2,f29,f31	 f29:0x00000030 f31:0xb4000000  f2=0x00000000
           1868	       930	001010b8	d1e92a27	fsw	f30,-748(x18)	 f18:0x00102000 f30:0x00020000 PA:0x00101d14 store:0x4231fa10 load:0x3f7d1f60
           1874	       933	001010bc	d1492707	flw	f14,-748(x18)	 f18:0x00102000 f14=0x00000000 PA:0x00101d14 store:0x3f7d1f60
           1878	       935	001010c0	002a0593	addi	x11,x20,2	 x20:0x00000009 x11=0x0000000b
           1880	       936	001010c4	d005f7d3	fcvt.s.w	f15,x11	 x11:0x0000000b f15=0x00000000
           1882	       937	001010c8	701071c3	fmadd.s	f3,f0,f1,f14	  f0:0x00000000  f1:0x0000000a f14:0x00000000  f3=0x00000000
           1884	       938	001010cc	d024ae27	fsw	f2,-740(x9)	  f9:0x00102000  f2:0x00137fa0 PA:0x00000000
           1886	       939	001010d0	d1c4a207	flw	f4,-740(x9)	  f9:0x00102000  f4=0x00000000 PA:0x00101d1c store:0x420e61a6
           1888	       940	001010d4	d1842587	flw	f11,-744(x8)	  f8:0x00102000 f11=0x00000000 PA:0x00101d18 store:0x00000000
           1890	       941	001010d8	d1842607	flw	f12,-744(x8)	  f8:0x00102000 f12=0x00000000 PA:0x00101d18 store:0x00000000
           1892	       942	001010dc	d0392a27	fsw	f3,-748(x18)	 f18:0x00102000  f3:0x00000000 PA:0x00101d14 store:0x425986f7 load:0x3f7d1f60
           1896	       944	001010e0	d1492287	flw	f5,-748(x18)	 f18:0x00102000  f5=0x00000000 PA:0x00101d14 store:0x3f7d1f60
           1898	       945	001010e4	00b276d3	fadd.s	f13,f4,f11	  f4:0x00000000 f11:0x0000000b f13=0x00000000
           1902	       947	001010e8	003a0613	addi	x12,x20,3	 x20:0x00000009 x12=0x0000000c
           1904	       948	001010ec	28c7f343	fmadd.s	f6,f15,f12,f5	 f15:0x0000000b f12:0x0000000c  f5:0x0000000b  f6=0x00000000
           1906	       949	001010f0	d00673d3	fcvt.s.w	f7,x12	 x12:0x0000000c  f7=0x00000000
           1910	       951	001010f4	004a0813	addi	x16,x20,4	 x20:0x00000009 x16=0x0000000d
           1912	       952	001010f8	d0d4ae27	fsw	f13,-740(x9)	  f9:0x00102000 f13:0x0000000d PA:0x00101d1c store:0x44187f95 load:0x425986f7
           1914	       953	001010fc	d1c4a407	flw	f8,-740(x9)	  f9:0x00102000  f8=0x00000000 PA:0x00101d1c store:0x420e61a6
           1916	       954	00101100	d0692a27	fsw	f6,-748(x18)	 f18:0x00102000  f6:0x00000001 PA:0x00000000
           1918	       955	00101104	d1842487	flw	f9,-744(x8)	  f8:0x00102000  f9=0x00000000 PA:0x00101d18 store:0x00000000
           1920	       956	00101108	d1842507	flw	f10,-744(x8)	  f8:0x00102000 f10=0x00000000 PA:0x00101d18 store:0x00000000
           1922	       957	0010110c	d1492807	flw	f16,-748(x18)	 f18:0x00102000 f16=0x00000000 PA:0x00101d14 store:0x3f7d1f60
           1924	       958	00101110	009478d3	fadd.s	f17,f8,f9	  f8:0x00102000  f9:0x00102000 f17=0x00000000
           1926	       959	00101114	d0087953	fcvt.s.w	f18,x16	 x16:0x0000000d f18=0x00000000
           1928	       960	00101118	80a3f9c3	fmadd.s	f19,f7,f10,f16	  f7:0x00000064 f10:0x00000004 f16:0x00000064 f19=0x00000000
           1930	       961	0010111c	005a0893	addi	x17,x20,5	 x20:0x00000009 x17=0x0000000e
           1932	       962	00101120	d008fa53	fcvt.s.w	f20,x17	 x17:0x0000000e f20=0x00000000
           1934	       963	00101124	d114ae27	fsw	f17,-740(x9)	  f9:0x00102000 f17:0x0000000e PA:0x00101d1c store:0x4418bedd load:0x4418bedd
           1938	       965	00101128	d1c4aa87	flw	f21,-740(x9)	  f9:0x00102000 f21=0x00000000 PA:0x00101d1c store:0x420e61a6
           1940	       966	0010112c	d1392a27	fsw	f19,-748(x18)	 f18:0x00102000 f19:0x00000008 PA:0x00000000
           1942	       967	00101130	d1842e07	flw	f28,-744(x8)	  f8:0x00102000 f28=0x00000000 PA:0x00101d18 store:0x00000000
           1944	       968	00101134	d1842e87	flw	f29,-744(x8)	  f8:0x00102000 f29=0x00000000 PA:0x00101d18 store:0x00000000
           1946	       969	00101138	d1492f07	flw	f30,-748(x18)	 f18:0x00102000 f30=0x00000000 PA:0x00101d14 store:0x41600000
           1948	       970	0010113c	01caffd3	fadd.s	f31,f21,f28	 f21:0x00000000 f28:0x00020000 f31=0x00000000
           1950	       971	00101140	006a0993	addi	x19,x20,6	 x20:0x00000009 x19=0x0000000f
           1952	       972	00101144	f1d97043	fmadd.s	f0,f18,f29,f30	 f18:0x00102000 f29:0x00000030 f30:0x00102000  f0=0x00000000
           1954	       973	00101148	d009f0d3	fcvt.s.w	f1,x19	 x19:0x0000000f  f1=0x00000000
           1958	       975	0010114c	007a0a13	addi	x20,x20,7	 x20:0x00000009 x20=0x00000010
           1960	       976	00101150	d1f4ae27	fsw	f31,-740(x9)	  f9:0x00102000 f31:0xb4000000 PA:0x00101d1c store:0x4418fe25 load:0x429a3f1f
           1962	       977	00101154	d1c4a107	flw	f2,-740(x9)	  f9:0x00102000  f2=0x00000000 PA:0x00101d1c store:0x3f7d1f60
           1964	       978	00101158	d0092a27	fsw	f0,-748(x18)	 f18:0x00102000  f0:0x00000000 PA:0x00000000
           1966	       979	0010115c	d1842707	flw	f14,-744(x8)	  f8:0x00102000 f14=0x00000000 PA:0x00101d18 store:0x00000000
           1968	       980	00101160	d1842787	flw	f15,-744(x8)	  f8:0x00102000 f15=0x00000000 PA:0x00101d18 store:0x00000000
           1970	       981	00101164	d1492187	flw	f3,-748(x18)	 f18:0x00102000  f3=0x00000000 PA:0x00101d14 store:0x41600000
           1972	       982	00101168	00e17253	fadd.s	f4,f2,f14	  f2:0x00137fa0 f14:0x00000009  f4=0x00000000
           1974	       983	0010116c	18fa75c3	fmadd.s	f11,f20,f15,f3	 f20:0x00000010 f15:0x0000000b  f3:0x00000010 f11=0x00000000
           1978	       985	00101170	d044ae27	fsw	f4,-740(x9)	  f9:0x00102000  f4:0x00000000 PA:0x00101d1c store:0x44193d6d load:0x42b3f44f
           1982	       987	00101174	d0b92a27	fsw	f11,-748(x18)	 f18:0x00102000 f11:0x0000000b PA:0x00101d14 store:0x42cfa3be load:0x42b3f44f
           1986	       989	00101178	d1c4a287	flw	f5,-740(x9)	  f9:0x00102000  f5=0x00000000 PA:0x00101d1c store:0x3f7d1f60
           1990	       991	0010117c	d1842307	flw	f6,-744(x8)	  f8:0x00102000  f6=0x00000000 PA:0x00101d18 store:0x00000000
           1994	       993	00101180	d1842607	flw	f12,-744(x8)	  f8:0x00102000 f12=0x00000000 PA:0x00101d18 store:0x00000000
           1998	       995	00101184	d1492687	flw	f13,-748(x18)	 f18:0x00102000 f13=0x00000000 PA:0x00101d14 store:0x41600000
           2000	       996	00101188	0062f3d3	fadd.s	f7,f5,f6	  f5:0x00000042  f6:0x00000001  f7=0x00000000
           2004	       998	0010118c	68c0f443	fmadd.s	f8,f1,f12,f13	  f1:0x0000000a f12:0x0000000c f13:0x0000000d  f8=0x00000000
           2008	      1000	00101190	d074ae27	fsw	f7,-740(x9)	  f9:0x00102000  f7:0x00000064 PA:0x00101d1c store:0x44197cb5 load:0x42cfa3be
           2016	      1004	00101194	d1c4a487	flw	f9,-740(x9)	  f9:0x00102000  f9=0x00000000 PA:0x00101d1c store:0x3f7d1f60
           2020	      1006	00101198	d1842507	flw	f10,-744(x8)	  f8:0x00102000 f10=0x00000000 PA:0x00101d18 store:0x00000000
           2024	      1008	0010119c	d0892a27	fsw	f8,-748(x18)	 f18:0x00102000  f8:0x00102000 PA:0x00101d14 store:0x42ed4d6b load:0x3f7d1f60
           2026	      1009	001011a0	00a4f853	fadd.s	f16,f9,f10	  f9:0x00102000 f10:0x00000004 f16=0x00000000
           2034	      1013	001011a4	d104ae27	fsw	f16,-740(x9)	  f9:0x00102000 f16:0x0000000d PA:0x00101d1c store:0x4419bbfd load:0x3f7d1f60
           2044	      1018	001011a8	ee7a14e3	bne	x20,x7,101090	 x20:0x00000010  x7:0x00000064
           2046	      1019	00101090	d1842a07	flw	f20,-744(x8)	  f8:0x00102000 f20=0x00000000 PA:0x00101d18 store:0x00000000
           2048	      1020	00101094	d00a7ad3	fcvt.s.w	f21,x20	 x20:0x00000010 f21=0x00000000
           2050	      1021	00101098	d1492e07	flw	f28,-748(x18)	 f18:0x00102000 f28=0x00000000 PA:0x00101d14 store:0x41600000
           2052	      1022	0010109c	001a0093	addi	x1,x20,1	 x20:0x00000010  x1=0x00000011
           2054	      1023	001010a0	d1c4ae87	flw	f29,-740(x9)	  f9:0x00102000 f29=0x00000000 PA:0x00101d1c store:0x3f7d1f60
           2056	      1024	001010a4	e14aff43	fmadd.s	f30,f21,f20,f28	 f21:0x00000000 f20:0x00000010 f28:0x00000000 f30=0x00000000
           2058	      1025	001010a8	d1842f87	flw	f31,-744(x8)	  f8:0x00102000 f31=0x00000000 PA:0x00101d18 store:0x00000000
           2060	      1026	001010ac	d000f053	fcvt.s.w	f0,x1	  x1:0x00000011  f0=0x00000000
           2064	      1028	001010b0	d1842087	flw	f1,-744(x8)	  f8:0x00102000  f1=0x00000000 PA:0x00101d18 store:0x00000000
           2066	      1029	001010b4	01fef153	fadd.s	f2,f29,f31	 f29:0x00000030 f31:0xb4000000  f2=0x00000000
           2068	      1030	001010b8	d1e92a27	fsw	f30,-748(x18)	 f18:0x00102000 f30:0x00020000 PA:0x00101d14 store:0x430678ac load:0x3f7d1f60
           2074	      1033	001010bc	d1492707	flw	f14,-748(x18)	 f18:0x00102000 f14=0x00000000 PA:0x00101d14 store:0x3f7d1f60
           2078	      1035	001010c0	002a0593	addi	x11,x20,2	 x20:0x00000010 x11=0x00000012
           2080	      1036	001010c4	d005f7d3	fcvt.s.w	f15,x11	 x11:0x00000012 f15=0x00000000
           2082	      1037	001010c8	701071c3	fmadd.s	f3,f0,f1,f14	  f0:0x00000000  f1:0x00000011 f14:0x00000000  f3=0x00000000
           2084	      1038	001010cc	d024ae27	fsw	f2,-740(x9)	  f9:0x00102000  f2:0x00137fa0 PA:0x00000000
           2086	      1039	001010d0	d1c4a207	flw	f4,-740(x9)	  f9:0x00102000  f4=0x00000000 PA:0x00101d1c store:0x42ed4d6b
           2088	      1040	001010d4	d1842587	flw	f11,-744(x8)	  f8:0x00102000 f11=0x00000000 PA:0x00101d18 store:0x00000000
           2090	      1041	001010d8	d1842607	flw	f12,-744(x8)	  f8:0x00102000 f12=0x00000000 PA:0x00101d18 store:0x00000000
           2092	      1042	001010dc	d0392a27	fsw	f3,-748(x18)	 f18:0x00102000  f3:0x00000000 PA:0x00101d14 store:0x431747c1 load:0x3f7d1f60
           2096	      1044	001010e0	d1492287	flw	f5,-748(x18)	 f18:0x00102000  f5=0x00000000 PA:0x00101d14 store:0x3f7d1f60
           2098	      1045	001010e4	00b276d3	fadd.s	f13,f4,f11	  f4:0x00000000 f11:0x00000012 f13=0x00000000
           2102	      1047	001010e8	003a0613	addi	x12,x20,3	 x20:0x00000010 x12=0x00000013
           2104	      1048	001010ec	28c7f343	fmadd.s	f6,f15,f12,f5	 f15:0x0000000b f12:0x00000013  f5:0x0000000b  f6=0x00000000
           2106	      1049	001010f0	d00673d3	fcvt.s.w	f7,x12	 x12:0x00000013  f7=0x00000000
           2110	      1051	001010f4	004a0813	addi	x16,x20,4	 x20:0x00000010 x16=0x00000014
           2112	      1052	001010f8	d0d4ae27	fsw	f13,-740(x9)	  f9:0x00102000 f13:0x0000000d PA:0x00101d1c store:0x441a3a8d load:0x431747c1
           2114	      1053	001010fc	d1c4a407	flw	f8,-740(x9)	  f9:0x00102000  f8=0x00000000 PA:0x00101d1c store:0x42ed4d6b
           2116	      1054	00101100	d0692a27	fsw	f6,-748(x18)	 f18:0x00102000  f6:0x00000001 PA:0x00000000
           2118	      1055	00101104	d1842487	flw	f9,-744(x8)	  f8:0x00102000  f9=0x00000000 PA:0x00101d18 store:0x00000000
           2120	      1056	00101108	d1842507	flw	f10,-744(x8)	  f8:0x00102000 f10=0x00000000 PA:0x00101d18 store:0x00000000
           2122	      1057	0010110c	d1492807	flw	f16,-748(x18)	 f18:0x00102000 f16=0x00000000 PA:0x00101d14 store:0x3f7d1f60
           2124	      1058	00101110	009478d3	fadd.s	f17,f8,f9	  f8:0x00102000  f9:0x00102000 f17=0x00000000
           2126	      1059	00101114	d0087953	fcvt.s.w	f18,x16	 x16:0x00000014 f18=0x00000000
           2128	      1060	00101118	80a3f9c3	fmadd.s	f19,f7,f10,f16	  f7:0x00000064 f10:0x00000004 f16:0x00000064 f19=0x00000000
           2130	      1061	0010111c	005a0893	addi	x17,x20,5	 x20:0x00000010 x17=0x00000015
           2132	      1062	00101120	d008fa53	fcvt.s.w	f20,x17	 x17:0x00000015 f20=0x00000000
           2134	      1063	00101124	d114ae27	fsw	f17,-740(x9)	  f9:0x00102000 f17:0x00000015 PA:0x00101d1c store:0x441a79d5 load:0x441a79d5
           2138	      1065	00101128	d1c4aa87	flw	f21,-740(x9)	  f9:0x00102000 f21=0x00000000 PA:0x00101d1c store:0x42ed4d6b
           2140	      1066	0010112c	d1392a27	fsw	f19,-748(x18)	 f18:0x00102000 f19:0x0000000f PA:0x00000000
           2142	      1067	00101130	d1842e07	flw	f28,-744(x8)	  f8:0x00102000 f28=0x00000000 PA:0x00101d18 store:0x00000000
           2144	      1068	00101134	d1842e87	flw	f29,-744(x8)	  f8:0x00102000 f29=0x00000000 PA:0x00101d18 store:0x00000000
           2146	      1069	00101138	d1492f07	flw	f30,-748(x18)	 f18:0x00102000 f30=0x00000000 PA:0x00101d14 store:0x41a80000
           2148	      1070	0010113c	01caffd3	fadd.s	f31,f21,f28	 f21:0x00000000 f28:0x00020000 f31=0x00000000
           2150	      1071	00101140	006a0993	addi	x19,x20,6	 x20:0x00000010 x19=0x00000016
           2152	      1072	00101144	f1d97043	fmadd.s	f0,f18,f29,f30	 f18:0x00102000 f29:0x00000030 f30:0x00102000  f0=0x00000000
           2154	      1073	00101148	d009f0d3	fcvt.s.w	f1,x19	 x19:0x00000016  f1=0x00000000
           2158	      1075	0010114c	007a0a13	addi	x20,x20,7	 x20:0x00000010 x20=0x00000017
           2160	      1076	00101150	d1f4ae27	fsw	f31,-740(x9)	  f9:0x00102000 f31:0xb4000000 PA:0x00101d1c store:0x441ab91d load:0x433bdd4a
           2162	      1077	00101154	d1c4a107	flw	f2,-740(x9)	  f9:0x00102000  f2=0x00000000 PA:0x00101d1c store:0x3f7d1f60
           2164	      1078	00101158	d0092a27	fsw	f0,-748(x18)	 f18:0x00102000  f0:0x00000000 PA:0x00000000
           2166	      1079	0010115c	d1842707	flw	f14,-744(x8)	  f8:0x00102000 f14=0x00000000 PA:0x00101d18 store:0x00000000
           2168	      1080	00101160	d1842787	flw	f15,-744(x8)	  f8:0x00102000 f15=0x00000000 PA:0x00101d18 store:0x00000000
           2170	      1081	00101164	d1492187	flw	f3,-748(x18)	 f18:0x00102000  f3=0x00000000 PA:0x00101d14 store:0x41a80000
           2172	      1082	00101168	00e17253	fadd.s	f4,f2,f14	  f2:0x00137fa0 f14:0x00000009  f4=0x00000000
           2174	      1083	0010116c	18fa75c3	fmadd.s	f11,f20,f15,f3	 f20:0x00000017 f15:0x0000000b  f3:0x00000017 f11=0x00000000
           2178	      1085	00101170	d044ae27	fsw	f4,-740(x9)	  f9:0x00102000  f4:0x00000000 PA:0x00101d1c store:0x441af865 load:0x434fa3be
           2182	      1087	00101174	d0b92a27	fsw	f11,-748(x18)	 f18:0x00102000 f11:0x00000012 PA:0x00101d14 store:0x43646751 load:0x434fa3be
           2186	      1089	00101178	d1c4a287	flw	f5,-740(x9)	  f9:0x00102000  f5=0x00000000 PA:0x00101d1c store:0x3f7d1f60
           2190	      1091	0010117c	d1842307	flw	f6,-744(x8)	  f8:0x00102000  f6=0x00000000 PA:0x00101d18 store:0x00000000
           2194	      1093	00101180	d1842607	flw	f12,-744(x8)	  f8:0x00102000 f12=0x00000000 PA:0x00101d18 store:0x00000000
           2198	      1095	00101184	d1492687	flw	f13,-748(x18)	 f18:0x00102000 f13=0x00000000 PA:0x00101d14 store:0x41a80000
           2200	      1096	00101188	0062f3d3	fadd.s	f7,f5,f6	  f5:0x00000042  f6:0x00000001  f7=0x00000000
           2204	      1098	0010118c	68c0f443	fmadd.s	f8,f1,f12,f13	  f1:0x00000011 f12:0x00000013 f13:0x0000000d  f8=0x00000000
           2208	      1100	00101190	d074ae27	fsw	f7,-740(x9)	  f9:0x00102000  f7:0x00000064 PA:0x00101d1c store:0x441b37ad load:0x43646751
           2216	      1104	00101194	d1c4a487	flw	f9,-740(x9)	  f9:0x00102000  f9=0x00000000 PA:0x00101d1c store:0x3f7d1f60
           2220	      1106	00101198	d1842507	flw	f10,-744(x8)	  f8:0x00102000 f10=0x00000000 PA:0x00101d18 store:0x00000000
           2224	      1108	0010119c	d0892a27	fsw	f8,-748(x18)	 f18:0x00102000  f8:0x00102000 PA:0x00101d14 store:0x437a2803 load:0x3f7d1f60
           2226	      1109	001011a0	00a4f853	fadd.s	f16,f9,f10	  f9:0x00102000 f10:0x00000004 f16=0x00000000
           2234	      1113	001011a4	d104ae27	fsw	f16,-740(x9)	  f9:0x00102000 f16:0x00000014 PA:0x00101d1c store:0x441b76f5 load:0x3f7d1f60
           2244	      1118	001011a8	ee7a14e3	bne	x20,x7,101090	 x20:0x00000017  x7:0x00000064
           2246	      1119	00101090	d1842a07	flw	f20,-744(x8)	  f8:0x00102000 f20=0x00000000 PA:0x00101d18 store:0x00000000
           2248	      1120	00101094	d00a7ad3	fcvt.s.w	f21,x20	 x20:0x00000017 f21=0x00000000
           2250	      1121	00101098	d1492e07	flw	f28,-748(x18)	 f18:0x00102000 f28=0x00000000 PA:0x00101d14 store:0x41a80000
           2252	      1122	0010109c	001a0093	addi	x1,x20,1	 x20:0x00000017  x1=0x00000018
           2254	      1123	001010a0	d1c4ae87	flw	f29,-740(x9)	  f9:0x00102000 f29=0x00000000 PA:0x00101d1c store:0x3f7d1f60
           2256	      1124	001010a4	e14aff43	fmadd.s	f30,f21,f20,f28	 f21:0x00000000 f20:0x00000017 f28:0x00000000 f30=0x00000000
           2258	      1125	001010a8	d1842f87	flw	f31,-744(x8)	  f8:0x00102000 f31=0x00000000 PA:0x00101d18 store:0x00000000
           2260	      1126	001010ac	d000f053	fcvt.s.w	f0,x1	  x1:0x00000018  f0=0x00000000
           2264	      1128	001010b0	d1842087	flw	f1,-744(x8)	  f8:0x00102000  f1=0x00000000 PA:0x00101d18 store:0x00000000
           2266	      1129	001010b4	01fef153	fadd.s	f2,f29,f31	 f29:0x00000030 f31:0xb4000000  f2=0x00000000
           2268	      1130	001010b8	d1e92a27	fsw	f30,-748(x18)	 f18:0x00102000 f30:0x00020000 PA:0x00101d14 store:0x438872ea load:0x3f7d1f60
           2274	      1133	001010bc	d1492707	flw	f14,-748(x18)	 f18:0x00102000 f14=0x00000000 PA:0x00101d14 store:0x3f7d1f60
           2278	      1135	001010c0	002a0593	addi	x11,x20,2	 x20:0x00000017 x11=0x00000019
           2280	      1136	001010c4	d005f7d3	fcvt.s.w	f15,x11	 x11:0x00000019 f15=0x00000000
           2282	      1137	001010c8	701071c3	fmadd.s	f3,f0,f1,f14	  f0:0x00000000  f1:0x00000018 f14:0x00000000  f3=0x00000000
           2284	      1138	001010cc	d024ae27	fsw	f2,-740(x9)	  f9:0x00102000  f2:0x00137fa0 PA:0x00000000
           2286	      1139	001010d0	d1c4a207	flw	f4,-740(x9)	  f9:0x00102000  f4=0x00000000 PA:0x00101d1c store:0x437a2803
           2288	      1140	001010d4	d1842587	flw	f11,-744(x8)	  f8:0x00102000 f11=0x00000000 PA:0x00101d18 store:0x00000000
           2290	      1141	001010d8	d1842607	flw	f12,-744(x8)	  f8:0x00102000 f12=0x00000000 PA:0x00101d18 store:0x00000000
           2292	      1142	001010dc	d0392a27	fsw	f3,-748(x18)	 f18:0x00102000  f3:0x00000000 PA:0x00101d14 store:0x43945062 load:0x3f7d1f60
           2296	      1144	001010e0	d1492287	flw	f5,-748(x18)	 f18:0x00102000  f5=0x00000000 PA:0x00101d14 store:0x3f7d1f60
           2298	      1145	001010e4	00b276d3	fadd.s	f13,f4,f11	  f4:0x00000000 f11:0x00000019 f13=0x00000000
           2302	      1147	001010e8	003a0613	addi	x12,x20,3	 x20:0x00000017 x12=0x0000001a
           2304	      1148	001010ec	28c7f343	fmadd.s	f6,f15,f12,f5	 f15:0x0000000b f12:0x0000001a  f5:0x0000000b  f6=0x00000000
           2306	      1149	001010f0	d00673d3	fcvt.s.w	f7,x12	 x12:0x0000001a  f7=0x00000000
           2310	      1151	001010f4	004a0813	addi	x16,x20,4	 x20:0x00000017 x16=0x0000001b
           2312	      1152	001010f8	d0d4ae27	fsw	f13,-740(x9)	  f9:0x00102000 f13:0x0000000d PA:0x00101d1c store:0x441bf585 load:0x43945062
           2314	      1153	001010fc	d1c4a407	flw	f8,-740(x9)	  f9:0x00102000  f8=0x00000000 PA:0x00101d1c store:0x437a2803
           2316	      1154	00101100	d0692a27	fsw	f6,-748(x18)	 f18:0x00102000  f6:0x00000001 PA:0x00000000
           2318	      1155	00101104	d1842487	flw	f9,-744(x8)	  f8:0x00102000  f9=0x00000000 PA:0x00101d18 store:0x00000000
           2320	      1156	00101108	d1842507	flw	f10,-744(x8)	  f8:0x00102000 f10=0x00000000 PA:0x00101d18 store:0x00000000
           2322	      1157	0010110c	d1492807	flw	f16,-748(x18)	 f18:0x00102000 f16=0x00000000 PA:0x00101d14 store:0x3f7d1f60
           2324	      1158	00101110	009478d3	fadd.s	f17,f8,f9	  f8:0x00102000  f9:0x00102000 f17=0x00000000
           2326	      1159	00101114	d0087953	fcvt.s.w	f18,x16	 x16:0x0000001b f18=0x00000000
           2328	      1160	00101118	80a3f9c3	fmadd.s	f19,f7,f10,f16	  f7:0x00000064 f10:0x00000004 f16:0x00000064 f19=0x00000000
           2330	      1161	0010111c	005a0893	addi	x17,x20,5	 x20:0x00000017 x17=0x0000001c
           2332	      1162	00101120	d008fa53	fcvt.s.w	f20,x17	 x17:0x0000001c f20=0x00000000
           2334	      1163	00101124	d114ae27	fsw	f17,-740(x9)	  f9:0x00102000 f17:0x0000001c PA:0x00101d1c store:0x441c34cd load:0x441c34cd
           2338	      1165	00101128	d1c4aa87	flw	f21,-740(x9)	  f9:0x00102000 f21=0x00000000 PA:0x00101d1c store:0x437a2803
           2340	      1166	0010112c	d1392a27	fsw	f19,-748(x18)	 f18:0x00102000 f19:0x00000016 PA:0x00000000
           2342	      1167	00101130	d1842e07	flw	f28,-744(x8)	  f8:0x00102000 f28=0x00000000 PA:0x00101d18 store:0x00000000
           2344	      1168	00101134	d1842e87	flw	f29,-744(x8)	  f8:0x00102000 f29=0x00000000 PA:0x00101d18 store:0x00000000
           2346	      1169	00101138	d1492f07	flw	f30,-748(x18)	 f18:0x00102000 f30=0x00000000 PA:0x00101d14 store:0x41e00000
           2348	      1170	0010113c	01caffd3	fadd.s	f31,f21,f28	 f21:0x00000000 f28:0x00020000 f31=0x00000000
           2350	      1171	00101140	006a0993	addi	x19,x20,6	 x20:0x00000017 x19=0x0000001d
           2352	      1172	00101144	f1d97043	fmadd.s	f0,f18,f29,f30	 f18:0x00102000 f29:0x00000030 f30:0x00102000  f0=0x00000000
           2354	      1173	00101148	d009f0d3	fcvt.s.w	f1,x19	 x19:0x0000001d  f1=0x00000000
           2358	      1175	0010114c	007a0a13	addi	x20,x20,7	 x20:0x00000017 x20=0x0000001e
           2360	      1176	00101150	d1f4ae27	fsw	f31,-740(x9)	  f9:0x00102000 f31:0xb4000000 PA:0x00101d1c store:0x441c7415 load:0x43ad8702
           2362	      1177	00101154	d1c4a107	flw	f2,-740(x9)	  f9:0x00102000  f2=0x00000000 PA:0x00101d1c store:0x3f7d1f60
           2364	      1178	00101158	d0092a27	fsw	f0,-748(x18)	 f18:0x00102000  f0:0x00000000 PA:0x00000000
           2366	      1179	0010115c	d1842707	flw	f14,-744(x8)	  f8:0x00102000 f14=0x00000000 PA:0x00101d18 store:0x00000000
           2368	      1180	00101160	d1842787	flw	f15,-744(x8)	  f8:0x00102000 f15=0x00000000 PA:0x00101d18 store:0x00000000
           2370	      1181	00101164	d1492187	flw	f3,-748(x18)	 f18:0x00102000  f3=0x00000000 PA:0x00101d14 store:0x41e00000
           2372	      1182	00101168	00e17253	fadd.s	f4,f2,f14	  f2:0x00137fa0 f14:0x00000009  f4=0x00000000
           2374	      1183	0010116c	18fa75c3	fmadd.s	f11,f20,f15,f3	 f20:0x0000001e f15:0x0000000b  f3:0x0000001e f11=0x00000000
           2378	      1185	00101170	d044ae27	fsw	f4,-740(x9)	  f9:0x00102000  f4:0x00000000 PA:0x00101d1c store:0x441cb35d load:0x43bae02a
           2382	      1187	00101174	d0b92a27	fsw	f11,-748(x18)	 f18:0x00102000 f11:0x00000019 PA:0x00101d14 store:0x43c8b7e1 load:0x43bae02a
           2386	      1189	00101178	d1c4a287	flw	f5,-740(x9)	  f9:0x00102000  f5=0x00000000 PA:0x00101d1c store:0x3f7d1f60
           2390	      1191	0010117c	d1842307	flw	f6,-744(x8)	  f8:0x00102000  f6=0x00000000 PA:0x00101d18 store:0x00000000
           2394	      1193	00101180	d1842607	flw	f12,-744(x8)	  f8:0x00102000 f12=0x00000000 PA:0x00101d18 store:0x00000000
           2398	      1195	00101184	d1492687	flw	f13,-748(x18)	 f18:0x00102000 f13=0x00000000 PA:0x00101d14 store:0x41e00000
           2400	      1196	00101188	0062f3d3	fadd.s	f7,f5,f6	  f5:0x00000042  f6:0x00000001  f7=0x00000000
           2404	      1198	0010118c	68c0f443	fmadd.s	f8,f1,f12,f13	  f1:0x00000018 f12:0x0000001a f13:0x0000000d  f8=0x00000000
           2408	      1200	00101190	d074ae27	fsw	f7,-740(x9)	  f9:0x00102000  f7:0x00000064 PA:0x00101d1c store:0x441cf2a5 load:0x43c8b7e1
           2416	      1204	00101194	d1c4a487	flw	f9,-740(x9)	  f9:0x00102000  f9=0x00000000 PA:0x00101d1c store:0x3f7d1f60
           2420	      1206	00101198	d1842507	flw	f10,-744(x8)	  f8:0x00102000 f10=0x00000000 PA:0x00101d18 store:0x00000000
           2424	      1208	0010119c	d0892a27	fsw	f8,-748(x18)	 f18:0x00102000  f8:0x00102000 PA:0x00101d14 store:0x43d70e28 load:0x3f7d1f60
           2426	      1209	001011a0	00a4f853	fadd.s	f16,f9,f10	  f9:0x00102000 f10:0x00000004 f16=0x00000000
           2434	      1213	001011a4	d104ae27	fsw	f16,-740(x9)	  f9:0x00102000 f16:0x0000001b PA:0x00101d1c store:0x441d31ed load:0x3f7d1f60
           2444	      1218	001011a8	ee7a14e3	bne	x20,x7,101090	 x20:0x0000001e  x7:0x00000064
           2446	      1219	00101090	d1842a07	flw	f20,-744(x8)	  f8:0x00102000 f20=0x00000000 PA:0x00101d18 store:0x00000000
           2448	      1220	00101094	d00a7ad3	fcvt.s.w	f21,x20	 x20:0x0000001e f21=0x00000000
           2450	      1221	00101098	d1492e07	flw	f28,-748(x18)	 f18:0x00102000 f28=0x00000000 PA:0x00101d14 store:0x41e00000
           2452	      1222	0010109c	001a0093	addi	x1,x20,1	 x20:0x0000001e  x1=0x0000001f
           2454	      1223	001010a0	d1c4ae87	flw	f29,-740(x9)	  f9:0x00102000 f29=0x00000000 PA:0x00101d1c store:0x3f7d1f60
           2456	      1224	001010a4	e14aff43	fmadd.s	f30,f21,f20,f28	 f21:0x00000000 f20:0x0000001e f28:0x00000000 f30=0x00000000
           2458	      1225	001010a8	d1842f87	flw	f31,-744(x8)	  f8:0x00102000 f31=0x00000000 PA:0x00101d18 store:0x00000000
           2460	      1226	001010ac	d000f053	fcvt.s.w	f0,x1	  x1:0x0000001f  f0=0x00000000
           2464	      1228	001010b0	d1842087	flw	f1,-744(x8)	  f8:0x00102000  f1=0x00000000 PA:0x00101d18 store:0x00000000
           2466	      1229	001010b4	01fef153	fadd.s	f2,f29,f31	 f29:0x00000030 f31:0xb4000000  f2=0x00000000
           2468	      1230	001010b8	d1e92a27	fsw	f30,-748(x18)	 f18:0x00102000 f30:0x00020000 PA:0x00101d14 store:0x43e5e2ff load:0x3f7d1f60
           2474	      1233	001010bc	d1492707	flw	f14,-748(x18)	 f18:0x00102000 f14=0x00000000 PA:0x00101d14 store:0x3f7d1f60
           2478	      1235	001010c0	002a0593	addi	x11,x20,2	 x20:0x0000001e x11=0x00000020
           2480	      1236	001010c4	d005f7d3	fcvt.s.w	f15,x11	 x11:0x00000020 f15=0x00000000
           2482	      1237	001010c8	701071c3	fmadd.s	f3,f0,f1,f14	  f0:0x00000000  f1:0x0000001f f14:0x00000000  f3=0x00000000
           2484	      1238	001010cc	d024ae27	fsw	f2,-740(x9)	  f9:0x00102000  f2:0x00137fa0 PA:0x00000000
           2486	      1239	001010d0	d1c4a207	flw	f4,-740(x9)	  f9:0x00102000  f4=0x00000000 PA:0x00101d1c store:0x43d70e28
           2488	      1240	001010d4	d1842587	flw	f11,-744(x8)	  f8:0x00102000 f11=0x00000000 PA:0x00101d18 store:0x00000000
           2490	      1241	001010d8	d1842607	flw	f12,-744(x8)	  f8:0x00102000 f12=0x00000000 PA:0x00101d18 store:0x00000000
           2492	      1242	001010dc	d0392a27	fsw	f3,-748(x18)	 f18:0x00102000  f3:0x00000000 PA:0x00101d14 store:0x43f53665 load:0x3f7d1f60
           2496	      1244	001010e0	d1492287	flw	f5,-748(x18)	 f18:0x00102000  f5=0x00000000 PA:0x00101d14 store:0x3f7d1f60
           2498	      1245	001010e4	00b276d3	fadd.s	f13,f4,f11	  f4:0x00000000 f11:0x00000020 f13=0x00000000
           2502	      1247	001010e8	003a0613	addi	x12,x20,3	 x20:0x0000001e x12=0x00000021
           2504	      1248	001010ec	28c7f343	fmadd.s	f6,f15,f12,f5	 f15:0x0000000b f12:0x00000021  f5:0x0000000b  f6=0x00000000
           2506	      1249	001010f0	d00673d3	fcvt.s.w	f7,x12	 x12:0x00000021  f7=0x00000000
           2510	      1251	001010f4	004a0813	addi	x16,x20,4	 x20:0x0000001e x16=0x00000022
           2512	      1252	001010f8	d0d4ae27	fsw	f13,-740(x9)	  f9:0x00102000 f13:0x0000000d PA:0x00101d1c store:0x441db07d load:0x43f53665
           2514	      1253	001010fc	d1c4a407	flw	f8,-740(x9)	  f9:0x00102000  f8=0x00000000 PA:0x00101d1c store:0x43d70e28
           2516	      1254	00101100	d0692a27	fsw	f6,-748(x18)	 f18:0x00102000  f6:0x00000001 PA:0x00000000
           2518	      1255	00101104	d1842487	flw	f9,-744(x8)	  f8:0x00102000  f9=0x00000000 PA:0x00101d18 store:0x00000000
           2520	      1256	00101108	d1842507	flw	f10,-744(x8)	  f8:0x00102000 f10=0x00000000 PA:0x00101d18 store:0x00000000
           2522	      1257	0010110c	d1492807	flw	f16,-748(x18)	 f18:0x00102000 f16=0x00000000 PA:0x00101d14 store:0x3f7d1f60
           2524	      1258	00101110	009478d3	fadd.s	f17,f8,f9	  f8:0x00102000  f9:0x00102000 f17=0x00000000
           2526	      1259	00101114	d0087953	fcvt.s.w	f18,x16	 x16:0x00000022 f18=0x00000000
           2528	      1260	00101118	80a3f9c3	fmadd.s	f19,f7,f10,f16	  f7:0x00000064 f10:0x00000004 f16:0x00000064 f19=0x00000000
           2530	      1261	0010111c	005a0893	addi	x17,x20,5	 x20:0x0000001e x17=0x00000023
           2532	      1262	00101120	d008fa53	fcvt.s.w	f20,x17	 x17:0x00000023 f20=0x00000000
           2534	      1263	00101124	d114ae27	fsw	f17,-740(x9)	  f9:0x00102000 f17:0x00000023 PA:0x00101d1c store:0x441defc5 load:0x441defc5
           2538	      1265	00101128	d1c4aa87	flw	f21,-740(x9)	  f9:0x00102000 f21=0x00000000 PA:0x00101d1c store:0x43d70e28
           2540	      1266	0010112c	d1392a27	fsw	f19,-748(x18)	 f18:0x00102000 f19:0x0000001d PA:0x00000000
           2542	      1267	00101130	d1842e07	flw	f28,-744(x8)	  f8:0x00102000 f28=0x00000000 PA:0x00101d18 store:0x00000000
           2544	      1268	00101134	d1842e87	flw	f29,-744(x8)	  f8:0x00102000 f29=0x00000000 PA:0x00101d18 store:0x00000000
           2546	      1269	00101138	d1492f07	flw	f30,-748(x18)	 f18:0x00102000 f30=0x00000000 PA:0x00101d14 store:0x420c0000
           2548	      1270	0010113c	01caffd3	fadd.s	f31,f21,f28	 f21:0x00000000 f28:0x00020000 f31=0x00000000
           2550	      1271	00101140	006a0993	addi	x19,x20,6	 x20:0x0000001e x19=0x00000024
           2552	      1272	00101144	f1d97043	fmadd.s	f0,f18,f29,f30	 f18:0x00102000 f29:0x00000030 f30:0x00102000  f0=0x00000000
           2554	      1273	00101148	d009f0d3	fcvt.s.w	f1,x19	 x19:0x00000024  f1=0x00000000
           2558	      1275	0010114c	007a0a13	addi	x20,x20,7	 x20:0x0000001e x20=0x00000025
           2560	      1276	00101150	d1f4ae27	fsw	f31,-740(x9)	  f9:0x00102000 f31:0xb4000000 PA:0x00101d1c store:0x441e2f0d load:0x440aac71
           2562	      1277	00101154	d1c4a107	flw	f2,-740(x9)	  f9:0x00102000  f2=0x00000000 PA:0x00101d1c store:0x3f7d1f60
           2564	      1278	00101158	d0092a27	fsw	f0,-748(x18)	 f18:0x00102000  f0:0x00000000 PA:0x00000000
           2566	      1279	0010115c	d1842707	flw	f14,-744(x8)	  f8:0x00102000 f14=0x00000000 PA:0x00101d18 store:0x00000000
           2568	      1280	00101160	d1842787	flw	f15,-744(x8)	  f8:0x00102000 f15=0x00000000 PA:0x00101d18 store:0x00000000
           2570	      1281	00101164	d1492187	flw	f3,-748(x18)	 f18:0x00102000  f3=0x00000000 PA:0x00101d14 store:0x420c0000
           2572	      1282	00101168	00e17253	fadd.s	f4,f2,f14	  f2:0x00137fa0 f14:0x00000009  f4=0x00000000
           2574	      1283	0010116c	18fa75c3	fmadd.s	f11,f20,f15,f3	 f20:0x00000025 f15:0x0000000b  f3:0x00000025 f11=0x00000000
           2578	      1285	00101170	d044ae27	fsw	f4,-740(x9)	  f9:0x00102000  f4:0x00000000 PA:0x00101d1c store:0x441e6e55 load:0x441313fc
           2582	      1287	00101174	d0b92a27	fsw	f11,-748(x18)	 f18:0x00102000 f11:0x00000020 PA:0x00101d14 store:0x441bbacf load:0x441313fc
           2586	      1289	00101178	d1c4a287	flw	f5,-740(x9)	  f9:0x00102000  f5=0x00000000 PA:0x00101d1c store:0x3f7d1f60
           2590	      1291	0010117c	d1842307	flw	f6,-744(x8)	  f8:0x00102000  f6=0x00000000 PA:0x00101d18 store:0x00000000
           2594	      1293	00101180	d1842607	flw	f12,-744(x8)	  f8:0x00102000 f12=0x00000000 PA:0x00101d18 store:0x00000000
           2598	      1295	00101184	d1492687	flw	f13,-748(x18)	 f18:0x00102000 f13=0x00000000 PA:0x00101d14 store:0x420c0000
           2600	      1296	00101188	0062f3d3	fadd.s	f7,f5,f6	  f5:0x00000042  f6:0x00000001  f7=0x00000000
           2604	      1298	0010118c	68c0f443	fmadd.s	f8,f1,f12,f13	  f1:0x0000001f f12:0x00000021 f13:0x0000000d  f8=0x00000000
           2608	      1300	00101190	d074ae27	fsw	f7,-740(x9)	  f9:0x00102000  f7:0x00000064 PA:0x00101d1c store:0x441ead9d load:0x441bbacf
           2616	      1304	00101194	d1c4a487	flw	f9,-740(x9)	  f9:0x00102000  f9=0x00000000 PA:0x00101d1c store:0x3f7d1f60
           2620	      1306	00101198	d1842507	flw	f10,-744(x8)	  f8:0x00102000 f10=0x00000000 PA:0x00101d18 store:0x00000000
           2624	      1308	0010119c	d0892a27	fsw	f8,-748(x18)	 f18:0x00102000  f8:0x00102000 PA:0x00101d14 store:0x4424a0e9 load:0x3f7d1f60
           2626	      1309	001011a0	00a4f853	fadd.s	f16,f9,f10	  f9:0x00102000 f10:0x00000004 f16=0x00000000
           2634	      1313	001011a4	d104ae27	fsw	f16,-740(x9)	  f9:0x00102000 f16:0x00000022 PA:0x00101d1c store:0x441eece5 load:0x3f7d1f60
           2644	      1318	001011a8	ee7a14e3	bne	x20,x7,101090	 x20:0x00000025  x7:0x00000064
           2646	      1319	00101090	d1842a07	flw	f20,-744(x8)	  f8:0x00102000 f20=0x00000000 PA:0x00101d18 store:0x00000000
           2648	      1320	00101094	d00a7ad3	fcvt.s.w	f21,x20	 x20:0x00000025 f21=0x00000000
           2650	      1321	00101098	d1492e07	flw	f28,-748(x18)	 f18:0x00102000 f28=0x00000000 PA:0x00101d14 store:0x420c0000
           2652	      1322	0010109c	001a0093	addi	x1,x20,1	 x20:0x00000025  x1=0x00000026
           2654	      1323	001010a0	d1c4ae87	flw	f29,-740(x9)	  f9:0x00102000 f29=0x00000000 PA:0x00101d1c store:0x3f7d1f60
           2656	      1324	001010a4	e14aff43	fmadd.s	f30,f21,f20,f28	 f21:0x00000000 f20:0x00000025 f28:0x00000000 f30=0x00000000
           2658	      1325	001010a8	d1842f87	flw	f31,-744(x8)	  f8:0x00102000 f31=0x00000000 PA:0x00101d18 store:0x00000000
           2660	      1326	001010ac	d000f053	fcvt.s.w	f0,x1	  x1:0x00000026  f0=0x00000000
           2664	      1328	001010b0	d1842087	flw	f1,-744(x8)	  f8:0x00102000  f1=0x00000000 PA:0x00101d18 store:0x00000000
           2666	      1329	001010b4	01fef153	fadd.s	f2,f29,f31	 f29:0x00000030 f31:0xb4000000  f2=0x00000000
           2668	      1330	001010b8	d1e92a27	fsw	f30,-748(x18)	 f18:0x00102000 f30:0x00020000 PA:0x00101d14 store:0x442dc64b load:0x3f7d1f60
           2674	      1333	001010bc	d1492707	flw	f14,-748(x18)	 f18:0x00102000 f14=0x00000000 PA:0x00101d14 store:0x3f7d1f60
           2678	      1335	001010c0	002a0593	addi	x11,x20,2	 x20:0x00000025 x11=0x00000027
           2680	      1336	001010c4	d005f7d3	fcvt.s.w	f15,x11	 x11:0x00000027 f15=0x00000000
           2682	      1337	001010c8	701071c3	fmadd.s	f3,f0,f1,f14	  f0:0x00000000  f1:0x00000026 f14:0x00000000  f3=0x00000000
           2684	      1338	001010cc	d024ae27	fsw	f2,-740(x9)	  f9:0x00102000  f2:0x00137fa0 PA:0x00000000
           2686	      1339	001010d0	d1c4a207	flw	f4,-740(x9)	  f9:0x00102000  f4=0x00000000 PA:0x00101d1c store:0x4424a0e9
           2688	      1340	001010d4	d1842587	flw	f11,-744(x8)	  f8:0x00102000 f11=0x00000000 PA:0x00101d18 store:0x00000000
           2690	      1341	001010d8	d1842607	flw	f12,-744(x8)	  f8:0x00102000 f12=0x00000000 PA:0x00101d18 store:0x00000000
           2692	      1342	001010dc	d0392a27	fsw	f3,-748(x18)	 f18:0x00102000  f3:0x00000000 PA:0x00101d14 store:0x44372af5 load:0x3f7d1f60
           2696	      1344	001010e0	d1492287	flw	f5,-748(x18)	 f18:0x00102000  f5=0x00000000 PA:0x00101d14 store:0x3f7d1f60
           2698	      1345	001010e4	00b276d3	fadd.s	f13,f4,f11	  f4:0x00000000 f11:0x00000027 f13=0x00000000
           2702	      1347	001010e8	003a0613	addi	x12,x20,3	 x20:0x00000025 x12=0x00000028
           2704	      1348	001010ec	28c7f343	fmadd.s	f6,f15,f12,f5	 f15:0x0000000b f12:0x00000028  f5:0x0000000b  f6=0x00000000
           2706	      1349	001010f0	d00673d3	fcvt.s.w	f7,x12	 x12:0x00000028  f7=0x00000000
           2710	      1351	001010f4	004a0813	addi	x16,x20,4	 x20:0x00000025 x16=0x00000029
           2712	      1352	001010f8	d0d4ae27	fsw	f13,-740(x9)	  f9:0x00102000 f13:0x0000000d PA:0x00101d1c store:0x441f6b75 load:0x44372af5
           2714	      1353	001010fc	d1c4a407	flw	f8,-740(x9)	  f9:0x00102000  f8=0x00000000 PA:0x00101d1c store:0x4424a0e9
           2716	      1354	00101100	d0692a27	fsw	f6,-748(x18)	 f18:0x00102000  f6:0x00000001 PA:0x00000000
           2718	      1355	00101104	d1842487	flw	f9,-744(x8)	  f8:0x00102000  f9=0x00000000 PA:0x00101d18 store:0x00000000
           2720	      1356	00101108	d1842507	flw	f10,-744(x8)	  f8:0x00102000 f10=0x00000000 PA:0x00101d18 store:0x00000000
           2722	      1357	0010110c	d1492807	flw	f16,-748(x18)	 f18:0x00102000 f16=0x00000000 PA:0x00101d14 store:0x3f7d1f60
           2724	      1358	00101110	009478d3	fadd.s	f17,f8,f9	  f8:0x00102000  f9:0x00102000 f17=0x00000000
           2726	      1359	00101114	d0087953	fcvt.s.w	f18,x16	 x16:0x00000029 f18=0x00000000
           2728	      1360	00101118	80a3f9c3	fmadd.s	f19,f7,f10,f16	  f7:0x00000064 f10:0x00000004 f16:0x00000064 f19=0x00000000
           2730	      1361	0010111c	005a0893	addi	x17,x20,5	 x20:0x00000025 x17=0x0000002a
           2732	      1362	00101120	d008fa53	fcvt.s.w	f20,x17	 x17:0x0000002a f20=0x00000000
           2734	      1363	00101124	d114ae27	fsw	f17,-740(x9)	  f9:0x00102000 f17:0x0000002a PA:0x00101d1c store:0x441faabd load:0x441faabd
           2738	      1365	00101128	d1c4aa87	flw	f21,-740(x9)	  f9:0x00102000 f21=0x00000000 PA:0x00101d1c store:0x4424a0e9
           2740	      1366	0010112c	d1392a27	fsw	f19,-748(x18)	 f18:0x00102000 f19:0x00000024 PA:0x00000000
           2742	      1367	00101130	d1842e07	flw	f28,-744(x8)	  f8:0x00102000 f28=0x00000000 PA:0x00101d18 store:0x00000000
           2744	      1368	00101134	d1842e87	flw	f29,-744(x8)	  f8:0x00102000 f29=0x00000000 PA:0x00101d18 store:0x00000000
           2746	      1369	00101138	d1492f07	flw	f30,-748(x18)	 f18:0x00102000 f30=0x00000000 PA:0x00101d14 store:0x42280000
           2748	      1370	0010113c	01caffd3	fadd.s	f31,f21,f28	 f21:0x00000000 f28:0x00020000 f31=0x00000000
           2750	      1371	00101140	006a0993	addi	x19,x20,6	 x20:0x00000025 x19=0x0000002b
           2752	      1372	00101144	f1d97043	fmadd.s	f0,f18,f29,f30	 f18:0x00102000 f29:0x00000030 f30:0x00102000  f0=0x00000000
           2754	      1373	00101148	d009f0d3	fcvt.s.w	f1,x19	 x19:0x0000002b  f1=0x00000000
           2758	      1375	0010114c	007a0a13	addi	x20,x20,7	 x20:0x00000025 x20=0x0000002c
           2760	      1376	00101150	d1f4ae27	fsw	f31,-740(x9)	  f9:0x00102000 f31:0xb4000000 PA:0x00101d1c store:0x441fea05 load:0x444ab221
           2762	      1377	00101154	d1c4a107	flw	f2,-740(x9)	  f9:0x00102000  f2=0x00000000 PA:0x00101d1c store:0x3f7d1f60
           2764	      1378	00101158	d0092a27	fsw	f0,-748(x18)	 f18:0x00102000  f0:0x00000000 PA:0x00000000
           2766	      1379	0010115c	d1842707	flw	f14,-744(x8)	  f8:0x00102000 f14=0x00000000 PA:0x00101d18 store:0x00000000
           2768	      1380	00101160	d1842787	flw	f15,-744(x8)	  f8:0x00102000 f15=0x00000000 PA:0x00101d18 store:0x00000000
           2770	      1381	00101164	d1492187	flw	f3,-748(x18)	 f18:0x00102000  f3=0x00000000 PA:0x00101d14 store:0x42280000
           2772	      1382	00101168	00e17253	fadd.s	f4,f2,f14	  f2:0x00137fa0 f14:0x00000009  f4=0x00000000
           2774	      1383	0010116c	18fa75c3	fmadd.s	f11,f20,f15,f3	 f20:0x0000002c f15:0x0000000b  f3:0x0000002c f11=0x00000000
           2778	      1385	00101170	d044ae27	fsw	f4,-740(x9)	  f9:0x00102000  f4:0x00000000 PA:0x00101d1c store:0x4420294d load:0x4454d4a3
           2782	      1387	00101174	d0b92a27	fsw	f11,-748(x18)	 f18:0x00102000 f11:0x00000027 PA:0x00101d14 store:0x445f366c load:0x4454d4a3
           2786	      1389	00101178	d1c4a287	flw	f5,-740(x9)	  f9:0x00102000  f5=0x00000000 PA:0x00101d1c store:0x3f7d1f60
           2790	      1391	0010117c	d1842307	flw	f6,-744(x8)	  f8:0x00102000  f6=0x00000000 PA:0x00101d18 store:0x00000000
           2794	      1393	00101180	d1842607	flw	f12,-744(x8)	  f8:0x00102000 f12=0x00000000 PA:0x00101d18 store:0x00000000
           2798	      1395	00101184	d1492687	flw	f13,-748(x18)	 f18:0x00102000 f13=0x00000000 PA:0x00101d14 store:0x42280000
           2800	      1396	00101188	0062f3d3	fadd.s	f7,f5,f6	  f5:0x00000042  f6:0x00000001  f7=0x00000000
           2804	      1398	0010118c	68c0f443	fmadd.s	f8,f1,f12,f13	  f1:0x00000026 f12:0x00000028 f13:0x0000000d  f8=0x00000000
           2808	      1400	00101190	d074ae27	fsw	f7,-740(x9)	  f9:0x00102000  f7:0x00000064 PA:0x00101d1c store:0x44206895 load:0x445f366c
           2816	      1404	00101194	d1c4a487	flw	f9,-740(x9)	  f9:0x00102000  f9=0x00000000 PA:0x00101d1c store:0x3f7d1f60
           2820	      1406	00101198	d1842507	flw	f10,-744(x8)	  f8:0x00102000 f10=0x00000000 PA:0x00101d18 store:0x00000000
           2824	      1408	0010119c	d0892a27	fsw	f8,-748(x18)	 f18:0x00102000  f8:0x00102000 PA:0x00101d14 store:0x4469d77d load:0x3f7d1f60
           2826	      1409	001011a0	00a4f853	fadd.s	f16,f9,f10	  f9:0x00102000 f10:0x00000004 f16=0x00000000
           2834	      1413	001011a4	d104ae27	fsw	f16,-740(x9)	  f9:0x00102000 f16:0x00000029 PA:0x00101d1c store:0x4420a7dd load:0x3f7d1f60
           2844	      1418	001011a8	ee7a14e3	bne	x20,x7,101090	 x20:0x0000002c  x7:0x00000064
           2846	      1419	00101090	d1842a07	flw	f20,-744(x8)	  f8:0x00102000 f20=0x00000000 PA:0x00101d18 store:0x00000000
           2848	      1420	00101094	d00a7ad3	fcvt.s.w	f21,x20	 x20:0x0000002c f21=0x00000000
           2850	      1421	00101098	d1492e07	flw	f28,-748(x18)	 f18:0x00102000 f28=0x00000000 PA:0x00101d14 store:0x42280000
           2852	      1422	0010109c	001a0093	addi	x1,x20,1	 x20:0x0000002c  x1=0x0000002d
           2854	      1423	001010a0	d1c4ae87	flw	f29,-740(x9)	  f9:0x00102000 f29=0x00000000 PA:0x00101d1c store:0x3f7d1f60
           2856	      1424	001010a4	e14aff43	fmadd.s	f30,f21,f20,f28	 f21:0x00000000 f20:0x0000002c f28:0x00000000 f30=0x00000000
           2858	      1425	001010a8	d1842f87	flw	f31,-744(x8)	  f8:0x00102000 f31=0x00000000 PA:0x00101d18 store:0x00000000
           2860	      1426	001010ac	d000f053	fcvt.s.w	f0,x1	  x1:0x0000002d  f0=0x00000000
           2864	      1428	001010b0	d1842087	flw	f1,-744(x8)	  f8:0x00102000  f1=0x00000000 PA:0x00101d18 store:0x00000000
           2866	      1429	001010b4	01fef153	fadd.s	f2,f29,f31	 f29:0x00000030 f31:0xb4000000  f2=0x00000000
           2868	      1430	001010b8	d1e92a27	fsw	f30,-748(x18)	 f18:0x00102000 f30:0x00020000 PA:0x00101d14 store:0x4474b7d6 load:0x3f7d1f60
           2874	      1433	001010bc	d1492707	flw	f14,-748(x18)	 f18:0x00102000 f14=0x00000000 PA:0x00101d14 store:0x3f7d1f60
           2878	      1435	001010c0	002a0593	addi	x11,x20,2	 x20:0x0000002c x11=0x0000002e
           2880	      1436	001010c4	d005f7d3	fcvt.s.w	f15,x11	 x11:0x0000002e f15=0x00000000
           2882	      1437	001010c8	701071c3	fmadd.s	f3,f0,f1,f14	  f0:0x00000000  f1:0x0000002d f14:0x00000000  f3=0x00000000
           2884	      1438	001010cc	d024ae27	fsw	f2,-740(x9)	  f9:0x00102000  f2:0x00137fa0 PA:0x00000000
           2886	      1439	001010d0	d1c4a207	flw	f4,-740(x9)	  f9:0x00102000  f4=0x00000000 PA:0x00101d1c store:0x4469d77d
           2888	      1440	001010d4	d1842587	flw	f11,-744(x8)	  f8:0x00102000 f11=0x00000000 PA:0x00101d18 store:0x00000000
           2890	      1441	001010d8	d1842607	flw	f12,-744(x8)	  f8:0x00102000 f12=0x00000000 PA:0x00101d18 store:0x00000000
           2892	      1442	001010dc	d0392a27	fsw	f3,-748(x18)	 f18:0x00102000  f3:0x00000000 PA:0x00101d14 store:0x447fd777 load:0x3f7d1f60
           2896	      1444	001010e0	d1492287	flw	f5,-748(x18)	 f18:0x00102000  f5=0x00000000 PA:0x00101d14 store:0x3f7d1f60
           2898	      1445	001010e4	00b276d3	fadd.s	f13,f4,f11	  f4:0x00000000 f11:0x0000002e f13=0x00000000
           2902	      1447	001010e8	003a0613	addi	x12,x20,3	 x20:0x0000002c x12=0x0000002f
           2904	      1448	001010ec	28c7f343	fmadd.s	f6,f15,f12,f5	 f15:0x0000000b f12:0x0000002f  f5:0x0000000b  f6=0x00000000
           2906	      1449	001010f0	d00673d3	fcvt.s.w	f7,x12	 x12:0x0000002f  f7=0x00000000
           2910	      1451	001010f4	004a0813	addi	x16,x20,4	 x20:0x0000002c x16=0x00000030
           2912	      1452	001010f8	d0d4ae27	fsw	f13,-740(x9)	  f9:0x00102000 f13:0x0000000d PA:0x00101d1c store:0x4421266d load:0x447fd777
           2914	      1453	001010fc	d1c4a407	flw	f8,-740(x9)	  f9:0x00102000  f8=0x00000000 PA:0x00101d1c store:0x4469d77d
           2916	      1454	00101100	d0692a27	fsw	f6,-748(x18)	 f18:0x00102000  f6:0x00000001 PA:0x00000000
           2918	      1455	00101104	d1842487	flw	f9,-744(x8)	  f8:0x00102000  f9=0x00000000 PA:0x00101d18 store:0x00000000
           2920	      1456	00101108	d1842507	flw	f10,-744(x8)	  f8:0x00102000 f10=0x00000000 PA:0x00101d18 store:0x00000000
           2922	      1457	0010110c	d1492807	flw	f16,-748(x18)	 f18:0x00102000 f16=0x00000000 PA:0x00101d14 store:0x3f7d1f60
           2924	      1458	00101110	009478d3	fadd.s	f17,f8,f9	  f8:0x00102000  f9:0x00102000 f17=0x00000000
           2926	      1459	00101114	d0087953	fcvt.s.w	f18,x16	 x16:0x00000030 f18=0x00000000
           2928	      1460	00101118	80a3f9c3	fmadd.s	f19,f7,f10,f16	  f7:0x00000064 f10:0x00000004 f16:0x00000064 f19=0x00000000
           2930	      1461	0010111c	005a0893	addi	x17,x20,5	 x20:0x0000002c x17=0x00000031
           2932	      1462	00101120	d008fa53	fcvt.s.w	f20,x17	 x17:0x00000031 f20=0x00000000
           2934	      1463	00101124	d114ae27	fsw	f17,-740(x9)	  f9:0x00102000 f17:0x00000031 PA:0x00101d1c store:0x442165b5 load:0x442165b5
           2938	      1465	00101128	d1c4aa87	flw	f21,-740(x9)	  f9:0x00102000 f21=0x00000000 PA:0x00101d1c store:0x4469d77d
           2940	      1466	0010112c	d1392a27	fsw	f19,-748(x18)	 f18:0x00102000 f19:0x0000002b PA:0x00000000
           2942	      1467	00101130	d1842e07	flw	f28,-744(x8)	  f8:0x00102000 f28=0x00000000 PA:0x00101d18 store:0x00000000
           2944	      1468	00101134	d1842e87	flw	f29,-744(x8)	  f8:0x00102000 f29=0x00000000 PA:0x00101d18 store:0x00000000
           2946	      1469	00101138	d1492f07	flw	f30,-748(x18)	 f18:0x00102000 f30=0x00000000 PA:0x00101d14 store:0x42440000
           2948	      1470	0010113c	01caffd3	fadd.s	f31,f21,f28	 f21:0x00000000 f28:0x00020000 f31=0x00000000
           2950	      1471	00101140	006a0993	addi	x19,x20,6	 x20:0x0000002c x19=0x00000032
           2952	      1472	00101144	f1d97043	fmadd.s	f0,f18,f29,f30	 f18:0x00102000 f29:0x00000030 f30:0x00102000  f0=0x00000000
           2954	      1473	00101148	d009f0d3	fcvt.s.w	f1,x19	 x19:0x00000032  f1=0x00000000
           2958	      1475	0010114c	007a0a13	addi	x20,x20,7	 x20:0x0000002c x20=0x00000033
           2960	      1476	00101150	d1f4ae27	fsw	f31,-740(x9)	  f9:0x00102000 f31:0xb4000000 PA:0x00101d1c store:0x4421a4fd load:0x448b6a48
           2962	      1477	00101154	d1c4a107	flw	f2,-740(x9)	  f9:0x00102000  f2=0x00000000 PA:0x00101d1c store:0x3f7d1f60
           2964	      1478	00101158	d0092a27	fsw	f0,-748(x18)	 f18:0x00102000  f0:0x00000000 PA:0x00000000
           2966	      1479	0010115c	d1842707	flw	f14,-744(x8)	  f8:0x00102000 f14=0x00000000 PA:0x00101d18 store:0x00000000
           2968	      1480	00101160	d1842787	flw	f15,-744(x8)	  f8:0x00102000 f15=0x00000000 PA:0x00101d18 store:0x00000000
           2970	      1481	00101164	d1492187	flw	f3,-748(x18)	 f18:0x00102000  f3=0x00000000 PA:0x00101d14 store:0x42440000
           2972	      1482	00101168	00e17253	fadd.s	f4,f2,f14	  f2:0x00137fa0 f14:0x00000009  f4=0x00000000
           2974	      1483	0010116c	18fa75c3	fmadd.s	f11,f20,f15,f3	 f20:0x00000033 f15:0x0000000b  f3:0x00000033 f11=0x00000000
           2978	      1485	00101170	d044ae27	fsw	f4,-740(x9)	  f9:0x00102000  f4:0x00000000 PA:0x00101d1c store:0x4421e445 load:0x44915904
           2982	      1487	00101174	d0b92a27	fsw	f11,-748(x18)	 f18:0x00102000 f11:0x0000002e PA:0x00101d14 store:0x44976764 load:0x44915904
           2986	      1489	00101178	d1c4a287	flw	f5,-740(x9)	  f9:0x00102000  f5=0x00000000 PA:0x00101d1c store:0x3f7d1f60
           2990	      1491	0010117c	d1842307	flw	f6,-744(x8)	  f8:0x00102000  f6=0x00000000 PA:0x00101d18 store:0x00000000
           2994	      1493	00101180	d1842607	flw	f12,-744(x8)	  f8:0x00102000 f12=0x00000000 PA:0x00101d18 store:0x00000000
           2998	      1495	00101184	d1492687	flw	f13,-748(x18)	 f18:0x00102000 f13=0x00000000 PA:0x00101d14 store:0x42440000
           3000	      1496	00101188	0062f3d3	fadd.s	f7,f5,f6	  f5:0x00000042  f6:0x00000001  f7=0x00000000
           3004	      1498	0010118c	68c0f443	fmadd.s	f8,f1,f12,f13	  f1:0x0000002d f12:0x0000002f f13:0x0000000d  f8=0x00000000
           3008	      1500	00101190	d074ae27	fsw	f7,-740(x9)	  f9:0x00102000  f7:0x00000064 PA:0x00101d1c store:0x4422238d load:0x44976764
           3016	      1504	00101194	d1c4a487	flw	f9,-740(x9)	  f9:0x00102000  f9=0x00000000 PA:0x00101d1c store:0x3f7d1f60
           3020	      1506	00101198	d1842507	flw	f10,-744(x8)	  f8:0x00102000 f10=0x00000000 PA:0x00101d18 store:0x00000000
           3024	      1508	0010119c	d0892a27	fsw	f8,-748(x18)	 f18:0x00102000  f8:0x00102000 PA:0x00101d14 store:0x449d9568 load:0x3f7d1f60
           3026	      1509	001011a0	00a4f853	fadd.s	f16,f9,f10	  f9:0x00102000 f10:0x00000004 f16=0x00000000
           3034	      1513	001011a4	d104ae27	fsw	f16,-740(x9)	  f9:0x00102000 f16:0x00000030 PA:0x00101d1c store:0x442262d5 load:0x3f7d1f60
           3044	      1518	001011a8	ee7a14e3	bne	x20,x7,101090	 x20:0x00000033  x7:0x00000064
           3046	      1519	00101090	d1842a07	flw	f20,-744(x8)	  f8:0x00102000 f20=0x00000000 PA:0x00101d18 store:0x00000000
           3048	      1520	00101094	d00a7ad3	fcvt.s.w	f21,x20	 x20:0x00000033 f21=0x00000000
           3050	      1521	00101098	d1492e07	flw	f28,-748(x18)	 f18:0x00102000 f28=0x00000000 PA:0x00101d14 store:0x42440000
           3052	      1522	0010109c	001a0093	addi	x1,x20,1	 x20:0x00000033  x1=0x00000034
           3054	      1523	001010a0	d1c4ae87	flw	f29,-740(x9)	  f9:0x00102000 f29=0x00000000 PA:0x00101d1c store:0x3f7d1f60
           3056	      1524	001010a4	e14aff43	fmadd.s	f30,f21,f20,f28	 f21:0x00000000 f20:0x00000033 f28:0x00000000 f30=0x00000000
           3058	      1525	001010a8	d1842f87	flw	f31,-744(x8)	  f8:0x00102000 f31=0x00000000 PA:0x00101d18 store:0x00000000
           3060	      1526	001010ac	d000f053	fcvt.s.w	f0,x1	  x1:0x00000034  f0=0x00000000
           3064	      1528	001010b0	d1842087	flw	f1,-744(x8)	  f8:0x00102000  f1=0x00000000 PA:0x00101d18 store:0x00000000
           3066	      1529	001010b4	01fef153	fadd.s	f2,f29,f31	 f29:0x00000030 f31:0xb4000000  f2=0x00000000
           3068	      1530	001010b8	d1e92a27	fsw	f30,-748(x18)	 f18:0x00102000 f30:0x00020000 PA:0x00101d14 store:0x44a3e310 load:0x3f7d1f60
           3074	      1533	001010bc	d1492707	flw	f14,-748(x18)	 f18:0x00102000 f14=0x00000000 PA:0x00101d14 store:0x3f7d1f60
           3078	      1535	001010c0	002a0593	addi	x11,x20,2	 x20:0x00000033 x11=0x00000035
           3080	      1536	001010c4	d005f7d3	fcvt.s.w	f15,x11	 x11:0x00000035 f15=0x00000000
           3082	      1537	001010c8	701071c3	fmadd.s	f3,f0,f1,f14	  f0:0x00000000  f1:0x00000034 f14:0x00000000  f3=0x00000000
           3084	      1538	001010cc	d024ae27	fsw	f2,-740(x9)	  f9:0x00102000  f2:0x00137fa0 PA:0x00000000
           3086	      1539	001010d0	d1c4a207	flw	f4,-740(x9)	  f9:0x00102000  f4=0x00000000 PA:0x00101d1c store:0x449d9568
           3088	      1540	001010d4	d1842587	flw	f11,-744(x8)	  f8:0x00102000 f11=0x00000000 PA:0x00101d18 store:0x00000000
           3090	      1541	001010d8	d1842607	flw	f12,-744(x8)	  f8:0x00102000 f12=0x00000000 PA:0x00101d18 store:0x00000000
           3092	      1542	001010dc	d0392a27	fsw	f3,-748(x18)	 f18:0x00102000  f3:0x00000000 PA:0x00101d14 store:0x44aa505c load:0x3f7d1f60
           3096	      1544	001010e0	d1492287	flw	f5,-748(x18)	 f18:0x00102000  f5=0x00000000 PA:0x00101d14 store:0x3f7d1f60
           3098	      1545	001010e4	00b276d3	fadd.s	f13,f4,f11	  f4:0x00000000 f11:0x00000035 f13=0x00000000
           3102	      1547	001010e8	003a0613	addi	x12,x20,3	 x20:0x00000033 x12=0x00000036
           3104	      1548	001010ec	28c7f343	fmadd.s	f6,f15,f12,f5	 f15:0x0000000b f12:0x00000036  f5:0x0000000b  f6=0x00000000
           3106	      1549	001010f0	d00673d3	fcvt.s.w	f7,x12	 x12:0x00000036  f7=0x00000000
           3110	      1551	001010f4	004a0813	addi	x16,x20,4	 x20:0x00000033 x16=0x00000037
           3112	      1552	001010f8	d0d4ae27	fsw	f13,-740(x9)	  f9:0x00102000 f13:0x0000000d PA:0x00101d1c store:0x4422e165 load:0x44aa505c
           3114	      1553	001010fc	d1c4a407	flw	f8,-740(x9)	  f9:0x00102000  f8=0x00000000 PA:0x00101d1c store:0x449d9568
           3116	      1554	00101100	d0692a27	fsw	f6,-748(x18)	 f18:0x00102000  f6:0x00000001 PA:0x00000000
           3118	      1555	00101104	d1842487	flw	f9,-744(x8)	  f8:0x00102000  f9=0x00000000 PA:0x00101d18 store:0x00000000
           3120	      1556	00101108	d1842507	flw	f10,-744(x8)	  f8:0x00102000 f10=0x00000000 PA:0x00101d18 store:0x00000000
           3122	      1557	0010110c	d1492807	flw	f16,-748(x18)	 f18:0x00102000 f16=0x00000000 PA:0x00101d14 store:0x3f7d1f60
           3124	      1558	00101110	009478d3	fadd.s	f17,f8,f9	  f8:0x00102000  f9:0x00102000 f17=0x00000000
           3126	      1559	00101114	d0087953	fcvt.s.w	f18,x16	 x16:0x00000037 f18=0x00000000
           3128	      1560	00101118	80a3f9c3	fmadd.s	f19,f7,f10,f16	  f7:0x00000064 f10:0x00000004 f16:0x00000064 f19=0x00000000
           3130	      1561	0010111c	005a0893	addi	x17,x20,5	 x20:0x00000033 x17=0x00000038
           3132	      1562	00101120	d008fa53	fcvt.s.w	f20,x17	 x17:0x00000038 f20=0x00000000
           3134	      1563	00101124	d114ae27	fsw	f17,-740(x9)	  f9:0x00102000 f17:0x00000038 PA:0x00101d1c store:0x442320ad load:0x442320ad
           3138	      1565	00101128	d1c4aa87	flw	f21,-740(x9)	  f9:0x00102000 f21=0x00000000 PA:0x00101d1c store:0x449d9568
           3140	      1566	0010112c	d1392a27	fsw	f19,-748(x18)	 f18:0x00102000 f19:0x00000032 PA:0x00000000
           3142	      1567	00101130	d1842e07	flw	f28,-744(x8)	  f8:0x00102000 f28=0x00000000 PA:0x00101d18 store:0x00000000
           3144	      1568	00101134	d1842e87	flw	f29,-744(x8)	  f8:0x00102000 f29=0x00000000 PA:0x00101d18 store:0x00000000
           3146	      1569	00101138	d1492f07	flw	f30,-748(x18)	 f18:0x00102000 f30=0x00000000 PA:0x00101d14 store:0x42600000
           3148	      1570	0010113c	01caffd3	fadd.s	f31,f21,f28	 f21:0x00000000 f28:0x00020000 f31=0x00000000
           3150	      1571	00101140	006a0993	addi	x19,x20,6	 x20:0x00000033 x19=0x00000039
           3152	      1572	00101144	f1d97043	fmadd.s	f0,f18,f29,f30	 f18:0x00102000 f29:0x00000030 f30:0x00102000  f0=0x00000000
           3154	      1573	00101148	d009f0d3	fcvt.s.w	f1,x19	 x19:0x00000039  f1=0x00000000
           3158	      1575	0010114c	007a0a13	addi	x20,x20,7	 x20:0x00000033 x20=0x0000003a
           3160	      1576	00101150	d1f4ae27	fsw	f31,-740(x9)	  f9:0x00102000 f31:0xb4000000 PA:0x00101d1c store:0x44235ff5 load:0x44b789e0
           3162	      1577	00101154	d1c4a107	flw	f2,-740(x9)	  f9:0x00102000  f2=0x00000000 PA:0x00101d1c store:0x3f7d1f60
           3164	      1578	00101158	d0092a27	fsw	f0,-748(x18)	 f18:0x00102000  f0:0x00000000 PA:0x00000000
           3166	      1579	0010115c	d1842707	flw	f14,-744(x8)	  f8:0x00102000 f14=0x00000000 PA:0x00101d18 store:0x00000000
           3168	      1580	00101160	d1842787	flw	f15,-744(x8)	  f8:0x00102000 f15=0x00000000 PA:0x00101d18 store:0x00000000
           3170	      1581	00101164	d1492187	flw	f3,-748(x18)	 f18:0x00102000  f3=0x00000000 PA:0x00101d14 store:0x42600000
           3172	      1582	00101168	00e17253	fadd.s	f4,f2,f14	  f2:0x00137fa0 f14:0x00000009  f4=0x00000000
           3174	      1583	0010116c	18fa75c3	fmadd.s	f11,f20,f15,f3	 f20:0x0000003a f15:0x0000000b  f3:0x0000003a f11=0x00000000
           3178	      1585	00101170	d044ae27	fsw	f4,-740(x9)	  f9:0x00102000  f4:0x00000000 PA:0x00101d1c store:0x44239f3d load:0x44be5618
           3182	      1587	00101174	d0b92a27	fsw	f11,-748(x18)	 f18:0x00102000 f11:0x00000035 PA:0x00101d14 store:0x44c541f4 load:0x44be5618
           3186	      1589	00101178	d1c4a287	flw	f5,-740(x9)	  f9:0x00102000  f5=0x00000000 PA:0x00101d1c store:0x3f7d1f60
           3190	      1591	0010117c	d1842307	flw	f6,-744(x8)	  f8:0x00102000  f6=0x00000000 PA:0x00101d18 store:0x00000000
           3194	      1593	00101180	d1842607	flw	f12,-744(x8)	  f8:0x00102000 f12=0x00000000 PA:0x00101d18 store:0x00000000
           3198	      1595	00101184	d1492687	flw	f13,-748(x18)	 f18:0x00102000 f13=0x00000000 PA:0x00101d14 store:0x42600000
           3200	      1596	00101188	0062f3d3	fadd.s	f7,f5,f6	  f5:0x00000042  f6:0x00000001  f7=0x00000000
           3204	      1598	0010118c	68c0f443	fmadd.s	f8,f1,f12,f13	  f1:0x00000034 f12:0x00000036 f13:0x0000000d  f8=0x00000000
           3208	      1600	00101190	d074ae27	fsw	f7,-740(x9)	  f9:0x00102000  f7:0x00000064 PA:0x00101d1c store:0x4423de85 load:0x44c541f4
           3216	      1604	00101194	d1c4a487	flw	f9,-740(x9)	  f9:0x00102000  f9=0x00000000 PA:0x00101d1c store:0x3f7d1f60
           3220	      1606	00101198	d1842507	flw	f10,-744(x8)	  f8:0x00102000 f10=0x00000000 PA:0x00101d18 store:0x00000000
           3224	      1608	0010119c	d0892a27	fsw	f8,-748(x18)	 f18:0x00102000  f8:0x00102000 PA:0x00101d14 store:0x44cc4d74 load:0x3f7d1f60
           3226	      1609	001011a0	00a4f853	fadd.s	f16,f9,f10	  f9:0x00102000 f10:0x00000004 f16=0x00000000
           3234	      1613	001011a4	d104ae27	fsw	f16,-740(x9)	  f9:0x00102000 f16:0x00000037 PA:0x00101d1c store:0x44241dcd load:0x3f7d1f60
           3244	      1618	001011a8	ee7a14e3	bne	x20,x7,101090	 x20:0x0000003a  x7:0x00000064
           3246	      1619	00101090	d1842a07	flw	f20,-744(x8)	  f8:0x00102000 f20=0x00000000 PA:0x00101d18 store:0x00000000
           3248	      1620	00101094	d00a7ad3	fcvt.s.w	f21,x20	 x20:0x0000003a f21=0x00000000
           3250	      1621	00101098	d1492e07	flw	f28,-748(x18)	 f18:0x00102000 f28=0x00000000 PA:0x00101d14 store:0x42600000
           3252	      1622	0010109c	001a0093	addi	x1,x20,1	 x20:0x0000003a  x1=0x0000003b
           3254	      1623	001010a0	d1c4ae87	flw	f29,-740(x9)	  f9:0x00102000 f29=0x00000000 PA:0x00101d1c store:0x3f7d1f60
           3256	      1624	001010a4	e14aff43	fmadd.s	f30,f21,f20,f28	 f21:0x00000000 f20:0x0000003a f28:0x00000000 f30=0x00000000
           3258	      1625	001010a8	d1842f87	flw	f31,-744(x8)	  f8:0x00102000 f31=0x00000000 PA:0x00101d18 store:0x00000000
           3260	      1626	001010ac	d000f053	fcvt.s.w	f0,x1	  x1:0x0000003b  f0=0x00000000
           3264	      1628	001010b0	d1842087	flw	f1,-744(x8)	  f8:0x00102000  f1=0x00000000 PA:0x00101d18 store:0x00000000
           3266	      1629	001010b4	01fef153	fadd.s	f2,f29,f31	 f29:0x00000030 f31:0xb4000000  f2=0x00000000
           3268	      1630	001010b8	d1e92a27	fsw	f30,-748(x18)	 f18:0x00102000 f30:0x00020000 PA:0x00101d14 store:0x44d37897 load:0x3f7d1f60
           3274	      1633	001010bc	d1492707	flw	f14,-748(x18)	 f18:0x00102000 f14=0x00000000 PA:0x00101d14 store:0x3f7d1f60
           3278	      1635	001010c0	002a0593	addi	x11,x20,2	 x20:0x0000003a x11=0x0000003c
           3280	      1636	001010c4	d005f7d3	fcvt.s.w	f15,x11	 x11:0x0000003c f15=0x00000000
           3282	      1637	001010c8	701071c3	fmadd.s	f3,f0,f1,f14	  f0:0x00000000  f1:0x0000003b f14:0x00000000  f3=0x00000000
           3284	      1638	001010cc	d024ae27	fsw	f2,-740(x9)	  f9:0x00102000  f2:0x00137fa0 PA:0x00000000
           3286	      1639	001010d0	d1c4a207	flw	f4,-740(x9)	  f9:0x00102000  f4=0x00000000 PA:0x00101d1c store:0x44cc4d74
           3288	      1640	001010d4	d1842587	flw	f11,-744(x8)	  f8:0x00102000 f11=0x00000000 PA:0x00101d18 store:0x00000000
           3290	      1641	001010d8	d1842607	flw	f12,-744(x8)	  f8:0x00102000 f12=0x00000000 PA:0x00101d18 store:0x00000000
           3292	      1642	001010dc	d0392a27	fsw	f3,-748(x18)	 f18:0x00102000  f3:0x00000000 PA:0x00101d14 store:0x44dac35e load:0x3f7d1f60
           3296	      1644	001010e0	d1492287	flw	f5,-748(x18)	 f18:0x00102000  f5=0x00000000 PA:0x00101d14 store:0x3f7d1f60
           3298	      1645	001010e4	00b276d3	fadd.s	f13,f4,f11	  f4:0x00000000 f11:0x0000003c f13=0x00000000
           3302	      1647	001010e8	003a0613	addi	x12,x20,3	 x20:0x0000003a x12=0x0000003d
           3304	      1648	001010ec	28c7f343	fmadd.s	f6,f15,f12,f5	 f15:0x0000000b f12:0x0000003d  f5:0x0000000b  f6=0x00000000
           3306	      1649	001010f0	d00673d3	fcvt.s.w	f7,x12	 x12:0x0000003d  f7=0x00000000
           3310	      1651	001010f4	004a0813	addi	x16,x20,4	 x20:0x0000003a x16=0x0000003e
           3312	      1652	001010f8	d0d4ae27	fsw	f13,-740(x9)	  f9:0x00102000 f13:0x0000000d PA:0x00101d1c store:0x44249c5d load:0x44dac35e
           3314	      1653	001010fc	d1c4a407	flw	f8,-740(x9)	  f9:0x00102000  f8=0x00000000 PA:0x00101d1c store:0x44cc4d74
           3316	      1654	00101100	d0692a27	fsw	f6,-748(x18)	 f18:0x00102000  f6:0x00000001 PA:0x00000000
           3318	      1655	00101104	d1842487	flw	f9,-744(x8)	  f8:0x00102000  f9=0x00000000 PA:0x00101d18 store:0x00000000
           3320	      1656	00101108	d1842507	flw	f10,-744(x8)	  f8:0x00102000 f10=0x00000000 PA:0x00101d18 store:0x00000000
           3322	      1657	0010110c	d1492807	flw	f16,-748(x18)	 f18:0x00102000 f16=0x00000000 PA:0x00101d14 store:0x3f7d1f60
           3324	      1658	00101110	009478d3	fadd.s	f17,f8,f9	  f8:0x00102000  f9:0x00102000 f17=0x00000000
           3326	      1659	00101114	d0087953	fcvt.s.w	f18,x16	 x16:0x0000003e f18=0x00000000
           3328	      1660	00101118	80a3f9c3	fmadd.s	f19,f7,f10,f16	  f7:0x00000064 f10:0x00000004 f16:0x00000064 f19=0x00000000
           3330	      1661	0010111c	005a0893	addi	x17,x20,5	 x20:0x0000003a x17=0x0000003f
           3332	      1662	00101120	d008fa53	fcvt.s.w	f20,x17	 x17:0x0000003f f20=0x00000000
           3334	      1663	00101124	d114ae27	fsw	f17,-740(x9)	  f9:0x00102000 f17:0x0000003f PA:0x00101d1c store:0x4424dba5 load:0x4424dba5
           3338	      1665	00101128	d1c4aa87	flw	f21,-740(x9)	  f9:0x00102000 f21=0x00000000 PA:0x00101d1c store:0x44cc4d74
           3340	      1666	0010112c	d1392a27	fsw	f19,-748(x18)	 f18:0x00102000 f19:0x00000039 PA:0x00000000
           3342	      1667	00101130	d1842e07	flw	f28,-744(x8)	  f8:0x00102000 f28=0x00000000 PA:0x00101d18 store:0x00000000
           3344	      1668	00101134	d1842e87	flw	f29,-744(x8)	  f8:0x00102000 f29=0x00000000 PA:0x00101d18 store:0x00000000
           3346	      1669	00101138	d1492f07	flw	f30,-748(x18)	 f18:0x00102000 f30=0x00000000 PA:0x00101d14 store:0x427c0000
           3348	      1670	0010113c	01caffd3	fadd.s	f31,f21,f28	 f21:0x00000000 f28:0x00020000 f31=0x00000000
           3350	      1671	00101140	006a0993	addi	x19,x20,6	 x20:0x0000003a x19=0x00000040
           3352	      1672	00101144	f1d97043	fmadd.s	f0,f18,f29,f30	 f18:0x00102000 f29:0x00000030 f30:0x00102000  f0=0x00000000
           3354	      1673	00101148	d009f0d3	fcvt.s.w	f1,x19	 x19:0x00000040  f1=0x00000000
           3358	      1675	0010114c	007a0a13	addi	x20,x20,7	 x20:0x0000003a x20=0x00000041
           3360	      1676	00101150	d1f4ae27	fsw	f31,-740(x9)	  f9:0x00102000 f31:0xb4000000 PA:0x00101d1c store:0x44251aed load:0x44e9b7d8
           3362	      1677	00101154	d1c4a107	flw	f2,-740(x9)	  f9:0x00102000  f2=0x00000000 PA:0x00101d1c store:0x3f7d1f60
           3364	      1678	00101158	d0092a27	fsw	f0,-748(x18)	 f18:0x00102000  f0:0x00000000 PA:0x00000000
           3366	      1679	0010115c	d1842707	flw	f14,-744(x8)	  f8:0x00102000 f14=0x00000000 PA:0x00101d18 store:0x00000000
           3368	      1680	00101160	d1842787	flw	f15,-744(x8)	  f8:0x00102000 f15=0x00000000 PA:0x00101d18 store:0x00000000
           3370	      1681	00101164	d1492187	flw	f3,-748(x18)	 f18:0x00102000  f3=0x00000000 PA:0x00101d14 store:0x427c0000
           3372	      1682	00101168	00e17253	fadd.s	f4,f2,f14	  f2:0x00137fa0 f14:0x00000009  f4=0x00000000
           3374	      1683	0010116c	18fa75c3	fmadd.s	f11,f20,f15,f3	 f20:0x00000041 f15:0x0000000b  f3:0x00000041 f11=0x00000000
           3378	      1685	00101170	d044ae27	fsw	f4,-740(x9)	  f9:0x00102000  f4:0x00000000 PA:0x00101d1c store:0x44255a35 load:0x44f1618b
           3382	      1687	00101174	d0b92a27	fsw	f11,-748(x18)	 f18:0x00102000 f11:0x0000003c PA:0x00101d14 store:0x44f92ae2 load:0x44f1618b
           3386	      1689	00101178	d1c4a287	flw	f5,-740(x9)	  f9:0x00102000  f5=0x00000000 PA:0x00101d1c store:0x3f7d1f60
           3390	      1691	0010117c	d1842307	flw	f6,-744(x8)	  f8:0x00102000  f6=0x00000000 PA:0x00101d18 store:0x00000000
           3394	      1693	00101180	d1842607	flw	f12,-744(x8)	  f8:0x00102000 f12=0x00000000 PA:0x00101d18 store:0x00000000
           3398	      1695	00101184	d1492687	flw	f13,-748(x18)	 f18:0x00102000 f13=0x00000000 PA:0x00101d14 store:0x427c0000
           3400	      1696	00101188	0062f3d3	fadd.s	f7,f5,f6	  f5:0x00000042  f6:0x00000001  f7=0x00000000
           3404	      1698	0010118c	68c0f443	fmadd.s	f8,f1,f12,f13	  f1:0x0000003b f12:0x0000003d f13:0x0000000d  f8=0x00000000
           3408	      1700	00101190	d074ae27	fsw	f7,-740(x9)	  f9:0x00102000  f7:0x00000064 PA:0x00101d1c store:0x4425997d load:0x44f92ae2
           3416	      1704	00101194	d1c4a487	flw	f9,-740(x9)	  f9:0x00102000  f9=0x00000000 PA:0x00101d1c store:0x3f7d1f60
           3420	      1706	00101198	d1842507	flw	f10,-744(x8)	  f8:0x00102000 f10=0x00000000 PA:0x00101d18 store:0x00000000
           3424	      1708	0010119c	d0892a27	fsw	f8,-748(x18)	 f18:0x00102000  f8:0x00102000 PA:0x00101d14 store:0x450089ee load:0x3f7d1f60
           3426	      1709	001011a0	00a4f853	fadd.s	f16,f9,f10	  f9:0x00102000 f10:0x00000004 f16=0x00000000
           3434	      1713	001011a4	d104ae27	fsw	f16,-740(x9)	  f9:0x00102000 f16:0x0000003e PA:0x00101d1c store:0x4425d8c5 load:0x3f7d1f60
           3444	      1718	001011a8	ee7a14e3	bne	x20,x7,101090	 x20:0x00000041  x7:0x00000064
           3446	      1719	00101090	d1842a07	flw	f20,-744(x8)	  f8:0x00102000 f20=0x00000000 PA:0x00101d18 store:0x00000000
           3448	      1720	00101094	d00a7ad3	fcvt.s.w	f21,x20	 x20:0x00000041 f21=0x00000000
           3450	      1721	00101098	d1492e07	flw	f28,-748(x18)	 f18:0x00102000 f28=0x00000000 PA:0x00101d14 store:0x427c0000
           3452	      1722	0010109c	001a0093	addi	x1,x20,1	 x20:0x00000041  x1=0x00000042
           3454	      1723	001010a0	d1c4ae87	flw	f29,-740(x9)	  f9:0x00102000 f29=0x00000000 PA:0x00101d1c store:0x3f7d1f60
           3456	      1724	001010a4	e14aff43	fmadd.s	f30,f21,f20,f28	 f21:0x00000000 f20:0x00000041 f28:0x00000000 f30=0x00000000
           3458	      1725	001010a8	d1842f87	flw	f31,-744(x8)	  f8:0x00102000 f31=0x00000000 PA:0x00101d18 store:0x00000000
           3460	      1726	001010ac	d000f053	fcvt.s.w	f0,x1	  x1:0x00000042  f0=0x00000000
           3464	      1728	001010b0	d1842087	flw	f1,-744(x8)	  f8:0x00102000  f1=0x00000000 PA:0x00101d18 store:0x00000000
           3466	      1729	001010b4	01fef153	fadd.s	f2,f29,f31	 f29:0x00000030 f31:0xb4000000  f2=0x00000000
           3468	      1730	001010b8	d1e92a27	fsw	f30,-748(x18)	 f18:0x00102000 f30:0x00020000 PA:0x00101d14 store:0x45048e3d load:0x3f7d1f60
           3474	      1733	001010bc	d1492707	flw	f14,-748(x18)	 f18:0x00102000 f14=0x00000000 PA:0x00101d14 store:0x3f7d1f60
           3478	      1735	001010c0	002a0593	addi	x11,x20,2	 x20:0x00000041 x11=0x00000043
           3480	      1736	001010c4	d005f7d3	fcvt.s.w	f15,x11	 x11:0x00000043 f15=0x00000000
           3482	      1737	001010c8	701071c3	fmadd.s	f3,f0,f1,f14	  f0:0x00000000  f1:0x00000042 f14:0x00000000  f3=0x00000000
           3484	      1738	001010cc	d024ae27	fsw	f2,-740(x9)	  f9:0x00102000  f2:0x00137fa0 PA:0x00000000
           3486	      1739	001010d0	d1c4a207	flw	f4,-740(x9)	  f9:0x00102000  f4=0x00000000 PA:0x00101d1c store:0x450089ee
           3488	      1740	001010d4	d1842587	flw	f11,-744(x8)	  f8:0x00102000 f11=0x00000000 PA:0x00101d18 store:0x00000000
           3490	      1741	001010d8	d1842607	flw	f12,-744(x8)	  f8:0x00102000 f12=0x00000000 PA:0x00101d18 store:0x00000000
           3492	      1742	001010dc	d0392a27	fsw	f3,-748(x18)	 f18:0x00102000  f3:0x00000000 PA:0x00101d14 store:0x4508a25e load:0x3f7d1f60
           3496	      1744	001010e0	d1492287	flw	f5,-748(x18)	 f18:0x00102000  f5=0x00000000 PA:0x00101d14 store:0x3f7d1f60
           3498	      1745	001010e4	00b276d3	fadd.s	f13,f4,f11	  f4:0x00000000 f11:0x00000043 f13=0x00000000
           3502	      1747	001010e8	003a0613	addi	x12,x20,3	 x20:0x00000041 x12=0x00000044
           3504	      1748	001010ec	28c7f343	fmadd.s	f6,f15,f12,f5	 f15:0x0000000b f12:0x00000044  f5:0x0000000b  f6=0x00000000
           3506	      1749	001010f0	d00673d3	fcvt.s.w	f7,x12	 x12:0x00000044  f7=0x00000000
           3510	      1751	001010f4	004a0813	addi	x16,x20,4	 x20:0x00000041 x16=0x00000045
           3512	      1752	001010f8	d0d4ae27	fsw	f13,-740(x9)	  f9:0x00102000 f13:0x0000000d PA:0x00101d1c store:0x44265755 load:0x4508a25e
           3514	      1753	001010fc	d1c4a407	flw	f8,-740(x9)	  f9:0x00102000  f8=0x00000000 PA:0x00101d1c store:0x450089ee
           3516	      1754	00101100	d0692a27	fsw	f6,-748(x18)	 f18:0x00102000  f6:0x00000001 PA:0x00000000
           3518	      1755	00101104	d1842487	flw	f9,-744(x8)	  f8:0x00102000  f9=0x00000000 PA:0x00101d18 store:0x00000000
           3520	      1756	00101108	d1842507	flw	f10,-744(x8)	  f8:0x00102000 f10=0x00000000 PA:0x00101d18 store:0x00000000
           3522	      1757	0010110c	d1492807	flw	f16,-748(x18)	 f18:0x00102000 f16=0x00000000 PA:0x00101d14 store:0x3f7d1f60
           3524	      1758	00101110	009478d3	fadd.s	f17,f8,f9	  f8:0x00102000  f9:0x00102000 f17=0x00000000
           3526	      1759	00101114	d0087953	fcvt.s.w	f18,x16	 x16:0x00000045 f18=0x00000000
           3528	      1760	00101118	80a3f9c3	fmadd.s	f19,f7,f10,f16	  f7:0x00000064 f10:0x00000004 f16:0x00000064 f19=0x00000000
           3530	      1761	0010111c	005a0893	addi	x17,x20,5	 x20:0x00000041 x17=0x00000046
           3532	      1762	00101120	d008fa53	fcvt.s.w	f20,x17	 x17:0x00000046 f20=0x00000000
           3534	      1763	00101124	d114ae27	fsw	f17,-740(x9)	  f9:0x00102000 f17:0x00000046 PA:0x00101d1c store:0x4426969d load:0x4426969d
           3538	      1765	00101128	d1c4aa87	flw	f21,-740(x9)	  f9:0x00102000 f21=0x00000000 PA:0x00101d1c store:0x450089ee
           3540	      1766	0010112c	d1392a27	fsw	f19,-748(x18)	 f18:0x00102000 f19:0x00000040 PA:0x00000000
           3542	      1767	00101130	d1842e07	flw	f28,-744(x8)	  f8:0x00102000 f28=0x00000000 PA:0x00101d18 store:0x00000000
           3544	      1768	00101134	d1842e87	flw	f29,-744(x8)	  f8:0x00102000 f29=0x00000000 PA:0x00101d18 store:0x00000000
           3546	      1769	00101138	d1492f07	flw	f30,-748(x18)	 f18:0x00102000 f30=0x00000000 PA:0x00101d14 store:0x428c0000
           3548	      1770	0010113c	01caffd3	fadd.s	f31,f21,f28	 f21:0x00000000 f28:0x00020000 f31=0x00000000
           3550	      1771	00101140	006a0993	addi	x19,x20,6	 x20:0x00000041 x19=0x00000047
           3552	      1772	00101144	f1d97043	fmadd.s	f0,f18,f29,f30	 f18:0x00102000 f29:0x00000030 f30:0x00102000  f0=0x00000000
           3554	      1773	00101148	d009f0d3	fcvt.s.w	f1,x19	 x19:0x00000047  f1=0x00000000
           3558	      1775	0010114c	007a0a13	addi	x20,x20,7	 x20:0x00000041 x20=0x00000048
           3560	      1776	00101150	d1f4ae27	fsw	f31,-740(x9)	  f9:0x00102000 f31:0xb4000000 PA:0x00101d1c store:0x4426d5e5 load:0x4510fa16
           3562	      1777	00101154	d1c4a107	flw	f2,-740(x9)	  f9:0x00102000  f2=0x00000000 PA:0x00101d1c store:0x3f7d1f60
           3564	      1778	00101158	d0092a27	fsw	f0,-748(x18)	 f18:0x00102000  f0:0x00000000 PA:0x00000000
           3566	      1779	0010115c	d1842707	flw	f14,-744(x8)	  f8:0x00102000 f14=0x00000000 PA:0x00101d18 store:0x00000000
           3568	      1780	00101160	d1842787	flw	f15,-744(x8)	  f8:0x00102000 f15=0x00000000 PA:0x00101d18 store:0x00000000
           3570	      1781	00101164	d1492187	flw	f3,-748(x18)	 f18:0x00102000  f3=0x00000000 PA:0x00101d14 store:0x428c0000
           3572	      1782	00101168	00e17253	fadd.s	f4,f2,f14	  f2:0x00137fa0 f14:0x00000009  f4=0x00000000
           3574	      1783	0010116c	18fa75c3	fmadd.s	f11,f20,f15,f3	 f20:0x00000048 f15:0x0000000b  f3:0x00000048 f11=0x00000000
           3578	      1785	00101170	d044ae27	fsw	f4,-740(x9)	  f9:0x00102000  f4:0x00000000 PA:0x00101d1c store:0x4427152d load:0x45153dad
           3582	      1787	00101174	d0b92a27	fsw	f11,-748(x18)	 f18:0x00102000 f11:0x00000043 PA:0x00101d14 store:0x45199116 load:0x45153dad
           3586	      1789	00101178	d1c4a287	flw	f5,-740(x9)	  f9:0x00102000  f5=0x00000000 PA:0x00101d1c store:0x3f7d1f60
           3590	      1791	0010117c	d1842307	flw	f6,-744(x8)	  f8:0x00102000  f6=0x00000000 PA:0x00101d18 store:0x00000000
           3594	      1793	00101180	d1842607	flw	f12,-744(x8)	  f8:0x00102000 f12=0x00000000 PA:0x00101d18 store:0x00000000
           3598	      1795	00101184	d1492687	flw	f13,-748(x18)	 f18:0x00102000 f13=0x00000000 PA:0x00101d14 store:0x428c0000
           3600	      1796	00101188	0062f3d3	fadd.s	f7,f5,f6	  f5:0x00000042  f6:0x00000001  f7=0x00000000
           3604	      1798	0010118c	68c0f443	fmadd.s	f8,f1,f12,f13	  f1:0x00000042 f12:0x00000044 f13:0x0000000d  f8=0x00000000
           3608	      1800	00101190	d074ae27	fsw	f7,-740(x9)	  f9:0x00102000  f7:0x00000064 PA:0x00101d1c store:0x44275475 load:0x45199116
           3616	      1804	00101194	d1c4a487	flw	f9,-740(x9)	  f9:0x00102000  f9=0x00000000 PA:0x00101d1c store:0x3f7d1f60
           3620	      1806	00101198	d1842507	flw	f10,-744(x8)	  f8:0x00102000 f10=0x00000000 PA:0x00101d18 store:0x00000000
           3624	      1808	0010119c	d0892a27	fsw	f8,-748(x18)	 f18:0x00102000  f8:0x00102000 PA:0x00101d14 store:0x451df451 load:0x3f7d1f60
           3626	      1809	001011a0	00a4f853	fadd.s	f16,f9,f10	  f9:0x00102000 f10:0x00000004 f16=0x00000000
           3634	      1813	001011a4	d104ae27	fsw	f16,-740(x9)	  f9:0x00102000 f16:0x00000045 PA:0x00101d1c store:0x442793bd load:0x3f7d1f60
           3644	      1818	001011a8	ee7a14e3	bne	x20,x7,101090	 x20:0x00000048  x7:0x00000064
           3646	      1819	00101090	d1842a07	flw	f20,-744(x8)	  f8:0x00102000 f20=0x00000000 PA:0x00101d18 store:0x00000000
           3648	      1820	00101094	d00a7ad3	fcvt.s.w	f21,x20	 x20:0x00000048 f21=0x00000000
           3650	      1821	00101098	d1492e07	flw	f28,-748(x18)	 f18:0x00102000 f28=0x00000000 PA:0x00101d14 store:0x428c0000
           3652	      1822	0010109c	001a0093	addi	x1,x20,1	 x20:0x00000048  x1=0x00000049
           3654	      1823	001010a0	d1c4ae87	flw	f29,-740(x9)	  f9:0x00102000 f29=0x00000000 PA:0x00101d1c store:0x3f7d1f60
           3656	      1824	001010a4	e14aff43	fmadd.s	f30,f21,f20,f28	 f21:0x00000000 f20:0x00000048 f28:0x00000000 f30=0x00000000
           3658	      1825	001010a8	d1842f87	flw	f31,-744(x8)	  f8:0x00102000 f31=0x00000000 PA:0x00101d18 store:0x00000000
           3660	      1826	001010ac	d000f053	fcvt.s.w	f0,x1	  x1:0x00000049  f0=0x00000000
           3664	      1828	001010b0	d1842087	flw	f1,-744(x8)	  f8:0x00102000  f1=0x00000000 PA:0x00101d18 store:0x00000000
           3666	      1829	001010b4	01fef153	fadd.s	f2,f29,f31	 f29:0x00000030 f31:0xb4000000  f2=0x00000000
           3668	      1830	001010b8	d1e92a27	fsw	f30,-748(x18)	 f18:0x00102000 f30:0x00020000 PA:0x00101d14 store:0x4522675e load:0x3f7d1f60
           3674	      1833	001010bc	d1492707	flw	f14,-748(x18)	 f18:0x00102000 f14=0x00000000 PA:0x00101d14 store:0x3f7d1f60
           3678	      1835	001010c0	002a0593	addi	x11,x20,2	 x20:0x00000048 x11=0x0000004a
           3680	      1836	001010c4	d005f7d3	fcvt.s.w	f15,x11	 x11:0x0000004a f15=0x00000000
           3682	      1837	001010c8	701071c3	fmadd.s	f3,f0,f1,f14	  f0:0x00000000  f1:0x00000049 f14:0x00000000  f3=0x00000000
           3684	      1838	001010cc	d024ae27	fsw	f2,-740(x9)	  f9:0x00102000  f2:0x00137fa0 PA:0x00000000
           3686	      1839	001010d0	d1c4a207	flw	f4,-740(x9)	  f9:0x00102000  f4=0x00000000 PA:0x00101d1c store:0x451df451
           3688	      1840	001010d4	d1842587	flw	f11,-744(x8)	  f8:0x00102000 f11=0x00000000 PA:0x00101d18 store:0x00000000
           3690	      1841	001010d8	d1842607	flw	f12,-744(x8)	  f8:0x00102000 f12=0x00000000 PA:0x00101d18 store:0x00000000
           3692	      1842	001010dc	d0392a27	fsw	f3,-748(x18)	 f18:0x00102000  f3:0x00000000 PA:0x00101d14 store:0x4526ea3d load:0x3f7d1f60
           3696	      1844	001010e0	d1492287	flw	f5,-748(x18)	 f18:0x00102000  f5=0x00000000 PA:0x00101d14 store:0x3f7d1f60
           3698	      1845	001010e4	00b276d3	fadd.s	f13,f4,f11	  f4:0x00000000 f11:0x0000004a f13=0x00000000
           3702	      1847	001010e8	003a0613	addi	x12,x20,3	 x20:0x00000048 x12=0x0000004b
           3704	      1848	001010ec	28c7f343	fmadd.s	f6,f15,f12,f5	 f15:0x0000000b f12:0x0000004b  f5:0x0000000b  f6=0x00000000
           3706	      1849	001010f0	d00673d3	fcvt.s.w	f7,x12	 x12:0x0000004b  f7=0x00000000
           3710	      1851	001010f4	004a0813	addi	x16,x20,4	 x20:0x00000048 x16=0x0000004c
           3712	      1852	001010f8	d0d4ae27	fsw	f13,-740(x9)	  f9:0x00102000 f13:0x0000000d PA:0x00101d1c store:0x4428124d load:0x4526ea3d
           3714	      1853	001010fc	d1c4a407	flw	f8,-740(x9)	  f9:0x00102000  f8=0x00000000 PA:0x00101d1c store:0x451df451
           3716	      1854	00101100	d0692a27	fsw	f6,-748(x18)	 f18:0x00102000  f6:0x00000001 PA:0x00000000
           3718	      1855	00101104	d1842487	flw	f9,-744(x8)	  f8:0x00102000  f9=0x00000000 PA:0x00101d18 store:0x00000000
           3720	      1856	00101108	d1842507	flw	f10,-744(x8)	  f8:0x00102000 f10=0x00000000 PA:0x00101d18 store:0x00000000
           3722	      1857	0010110c	d1492807	flw	f16,-748(x18)	 f18:0x00102000 f16=0x00000000 PA:0x00101d14 store:0x3f7d1f60
           3724	      1858	00101110	009478d3	fadd.s	f17,f8,f9	  f8:0x00102000  f9:0x00102000 f17=0x00000000
           3726	      1859	00101114	d0087953	fcvt.s.w	f18,x16	 x16:0x0000004c f18=0x00000000
           3728	      1860	00101118	80a3f9c3	fmadd.s	f19,f7,f10,f16	  f7:0x00000064 f10:0x00000004 f16:0x00000064 f19=0x00000000
           3730	      1861	0010111c	005a0893	addi	x17,x20,5	 x20:0x00000048 x17=0x0000004d
           3732	      1862	00101120	d008fa53	fcvt.s.w	f20,x17	 x17:0x0000004d f20=0x00000000
           3734	      1863	00101124	d114ae27	fsw	f17,-740(x9)	  f9:0x00102000 f17:0x0000004d PA:0x00101d1c store:0x44285195 load:0x44285195
           3738	      1865	00101128	d1c4aa87	flw	f21,-740(x9)	  f9:0x00102000 f21=0x00000000 PA:0x00101d1c store:0x451df451
           3740	      1866	0010112c	d1392a27	fsw	f19,-748(x18)	 f18:0x00102000 f19:0x00000047 PA:0x00000000
           3742	      1867	00101130	d1842e07	flw	f28,-744(x8)	  f8:0x00102000 f28=0x00000000 PA:0x00101d18 store:0x00000000
           3744	      1868	00101134	d1842e87	flw	f29,-744(x8)	  f8:0x00102000 f29=0x00000000 PA:0x00101d18 store:0x00000000
           3746	      1869	00101138	d1492f07	flw	f30,-748(x18)	 f18:0x00102000 f30=0x00000000 PA:0x00101d14 store:0x429a0000
           3748	      1870	0010113c	01caffd3	fadd.s	f31,f21,f28	 f21:0x00000000 f28:0x00020000 f31=0x00000000
           3750	      1871	00101140	006a0993	addi	x19,x20,6	 x20:0x00000048 x19=0x0000004e
           3752	      1872	00101144	f1d97043	fmadd.s	f0,f18,f29,f30	 f18:0x00102000 f29:0x00000030 f30:0x00102000  f0=0x00000000
           3754	      1873	00101148	d009f0d3	fcvt.s.w	f1,x19	 x19:0x0000004e  f1=0x00000000
           3758	      1875	0010114c	007a0a13	addi	x20,x20,7	 x20:0x00000048 x20=0x0000004f
           3760	      1876	00101150	d1f4ae27	fsw	f31,-740(x9)	  f9:0x00102000 f31:0xb4000000 PA:0x00101d1c store:0x442890dd load:0x45301f71
           3762	      1877	00101154	d1c4a107	flw	f2,-740(x9)	  f9:0x00102000  f2=0x00000000 PA:0x00101d1c store:0x3f7d1f60
           3764	      1878	00101158	d0092a27	fsw	f0,-748(x18)	 f18:0x00102000  f0:0x00000000 PA:0x00000000
           3766	      1879	0010115c	d1842707	flw	f14,-744(x8)	  f8:0x00102000 f14=0x00000000 PA:0x00101d18 store:0x00000000
           3768	      1880	00101160	d1842787	flw	f15,-744(x8)	  f8:0x00102000 f15=0x00000000 PA:0x00101d18 store:0x00000000
           3770	      1881	00101164	d1492187	flw	f3,-748(x18)	 f18:0x00102000  f3=0x00000000 PA:0x00101d14 store:0x429a0000
           3772	      1882	00101168	00e17253	fadd.s	f4,f2,f14	  f2:0x00137fa0 f14:0x00000009  f4=0x00000000
           3774	      1883	0010116c	18fa75c3	fmadd.s	f11,f20,f15,f3	 f20:0x0000004f f15:0x0000000b  f3:0x0000004f f11=0x00000000
           3778	      1885	00101170	d044ae27	fsw	f4,-740(x9)	  f9:0x00102000  f4:0x00000000 PA:0x00101d1c store:0x4428d025 load:0x4534d1c6
           3782	      1887	00101174	d0b92a27	fsw	f11,-748(x18)	 f18:0x00102000 f11:0x0000004a PA:0x00101d14 store:0x453993ed load:0x4534d1c6
           3786	      1889	00101178	d1c4a287	flw	f5,-740(x9)	  f9:0x00102000  f5=0x00000000 PA:0x00101d1c store:0x3f7d1f60
           3790	      1891	0010117c	d1842307	flw	f6,-744(x8)	  f8:0x00102000  f6=0x00000000 PA:0x00101d18 store:0x00000000
           3794	      1893	00101180	d1842607	flw	f12,-744(x8)	  f8:0x00102000 f12=0x00000000 PA:0x00101d18 store:0x00000000
           3798	      1895	00101184	d1492687	flw	f13,-748(x18)	 f18:0x00102000 f13=0x00000000 PA:0x00101d14 store:0x429a0000
           3800	      1896	00101188	0062f3d3	fadd.s	f7,f5,f6	  f5:0x00000042  f6:0x00000001  f7=0x00000000
           3804	      1898	0010118c	68c0f443	fmadd.s	f8,f1,f12,f13	  f1:0x00000049 f12:0x0000004b f13:0x0000000d  f8=0x00000000
           3808	      1900	00101190	d074ae27	fsw	f7,-740(x9)	  f9:0x00102000  f7:0x00000064 PA:0x00101d1c store:0x44290f6d load:0x453993ed
           3816	      1904	00101194	d1c4a487	flw	f9,-740(x9)	  f9:0x00102000  f9=0x00000000 PA:0x00101d1c store:0x3f7d1f60
           3820	      1906	00101198	d1842507	flw	f10,-744(x8)	  f8:0x00102000 f10=0x00000000 PA:0x00101d18 store:0x00000000
           3824	      1908	0010119c	d0892a27	fsw	f8,-748(x18)	 f18:0x00102000  f8:0x00102000 PA:0x00101d14 store:0x453e65e6 load:0x3f7d1f60
           3826	      1909	001011a0	00a4f853	fadd.s	f16,f9,f10	  f9:0x00102000 f10:0x00000004 f16=0x00000000
           3834	      1913	001011a4	d104ae27	fsw	f16,-740(x9)	  f9:0x00102000 f16:0x0000004c PA:0x00101d1c store:0x44294eb5 load:0x3f7d1f60
           3844	      1918	001011a8	ee7a14e3	bne	x20,x7,101090	 x20:0x0000004f  x7:0x00000064
           3846	      1919	00101090	d1842a07	flw	f20,-744(x8)	  f8:0x00102000 f20=0x00000000 PA:0x00101d18 store:0x00000000
           3848	      1920	00101094	d00a7ad3	fcvt.s.w	f21,x20	 x20:0x0000004f f21=0x00000000
           3850	      1921	00101098	d1492e07	flw	f28,-748(x18)	 f18:0x00102000 f28=0x00000000 PA:0x00101d14 store:0x429a0000
           3852	      1922	0010109c	001a0093	addi	x1,x20,1	 x20:0x0000004f  x1=0x00000050
           3854	      1923	001010a0	d1c4ae87	flw	f29,-740(x9)	  f9:0x00102000 f29=0x00000000 PA:0x00101d1c store:0x3f7d1f60
           3856	      1924	001010a4	e14aff43	fmadd.s	f30,f21,f20,f28	 f21:0x00000000 f20:0x0000004f f28:0x00000000 f30=0x00000000
           3858	      1925	001010a8	d1842f87	flw	f31,-744(x8)	  f8:0x00102000 f31=0x00000000 PA:0x00101d18 store:0x00000000
           3860	      1926	001010ac	d000f053	fcvt.s.w	f0,x1	  x1:0x00000050  f0=0x00000000
           3864	      1928	001010b0	d1842087	flw	f1,-744(x8)	  f8:0x00102000  f1=0x00000000 PA:0x00101d18 store:0x00000000
           3866	      1929	001010b4	01fef153	fadd.s	f2,f29,f31	 f29:0x00000030 f31:0xb4000000  f2=0x00000000
           3868	      1930	001010b8	d1e92a27	fsw	f30,-748(x18)	 f18:0x00102000 f30:0x00020000 PA:0x00101d14 store:0x454347b1 load:0x3f7d1f60
           3874	      1933	001010bc	d1492707	flw	f14,-748(x18)	 f18:0x00102000 f14=0x00000000 PA:0x00101d14 store:0x3f7d1f60
           3878	      1935	001010c0	002a0593	addi	x11,x20,2	 x20:0x0000004f x11=0x00000051
           3880	      1936	001010c4	d005f7d3	fcvt.s.w	f15,x11	 x11:0x00000051 f15=0x00000000
           3882	      1937	001010c8	701071c3	fmadd.s	f3,f0,f1,f14	  f0:0x00000000  f1:0x00000050 f14:0x00000000  f3=0x00000000
           3884	      1938	001010cc	d024ae27	fsw	f2,-740(x9)	  f9:0x00102000  f2:0x00137fa0 PA:0x00000000
           3886	      1939	001010d0	d1c4a207	flw	f4,-740(x9)	  f9:0x00102000  f4=0x00000000 PA:0x00101d1c store:0x453e65e6
           3888	      1940	001010d4	d1842587	flw	f11,-744(x8)	  f8:0x00102000 f11=0x00000000 PA:0x00101d18 store:0x00000000
           3890	      1941	001010d8	d1842607	flw	f12,-744(x8)	  f8:0x00102000 f12=0x00000000 PA:0x00101d18 store:0x00000000
           3892	      1942	001010dc	d0392a27	fsw	f3,-748(x18)	 f18:0x00102000  f3:0x00000000 PA:0x00101d14 store:0x4548394e load:0x3f7d1f60
           3896	      1944	001010e0	d1492287	flw	f5,-748(x18)	 f18:0x00102000  f5=0x00000000 PA:0x00101d14 store:0x3f7d1f60
           3898	      1945	001010e4	00b276d3	fadd.s	f13,f4,f11	  f4:0x00000000 f11:0x00000051 f13=0x00000000
           3902	      1947	001010e8	003a0613	addi	x12,x20,3	 x20:0x0000004f x12=0x00000052
           3904	      1948	001010ec	28c7f343	fmadd.s	f6,f15,f12,f5	 f15:0x0000000b f12:0x00000052  f5:0x0000000b  f6=0x00000000
           3906	      1949	001010f0	d00673d3	fcvt.s.w	f7,x12	 x12:0x00000052  f7=0x00000000
           3910	      1951	001010f4	004a0813	addi	x16,x20,4	 x20:0x0000004f x16=0x00000053
           3912	      1952	001010f8	d0d4ae27	fsw	f13,-740(x9)	  f9:0x00102000 f13:0x0000000d PA:0x00101d1c store:0x4429cd45 load:0x4548394e
           3914	      1953	001010fc	d1c4a407	flw	f8,-740(x9)	  f9:0x00102000  f8=0x00000000 PA:0x00101d1c store:0x453e65e6
           3916	      1954	00101100	d0692a27	fsw	f6,-748(x18)	 f18:0x00102000  f6:0x00000001 PA:0x00000000
           3918	      1955	00101104	d1842487	flw	f9,-744(x8)	  f8:0x00102000  f9=0x00000000 PA:0x00101d18 store:0x00000000
           3920	      1956	00101108	d1842507	flw	f10,-744(x8)	  f8:0x00102000 f10=0x00000000 PA:0x00101d18 store:0x00000000
           3922	      1957	0010110c	d1492807	flw	f16,-748(x18)	 f18:0x00102000 f16=0x00000000 PA:0x00101d14 store:0x3f7d1f60
           3924	      1958	00101110	009478d3	fadd.s	f17,f8,f9	  f8:0x00102000  f9:0x00102000 f17=0x00000000
           3926	      1959	00101114	d0087953	fcvt.s.w	f18,x16	 x16:0x00000053 f18=0x00000000
           3928	      1960	00101118	80a3f9c3	fmadd.s	f19,f7,f10,f16	  f7:0x00000064 f10:0x00000004 f16:0x00000064 f19=0x00000000
           3930	      1961	0010111c	005a0893	addi	x17,x20,5	 x20:0x0000004f x17=0x00000054
           3932	      1962	00101120	d008fa53	fcvt.s.w	f20,x17	 x17:0x00000054 f20=0x00000000
           3934	      1963	00101124	d114ae27	fsw	f17,-740(x9)	  f9:0x00102000 f17:0x00000054 PA:0x00101d1c store:0x442a0c8d load:0x442a0c8d
           3938	      1965	00101128	d1c4aa87	flw	f21,-740(x9)	  f9:0x00102000 f21=0x00000000 PA:0x00101d1c store:0x453e65e6
           3940	      1966	0010112c	d1392a27	fsw	f19,-748(x18)	 f18:0x00102000 f19:0x0000004e PA:0x00000000
           3942	      1967	00101130	d1842e07	flw	f28,-744(x8)	  f8:0x00102000 f28=0x00000000 PA:0x00101d18 store:0x00000000
           3944	      1968	00101134	d1842e87	flw	f29,-744(x8)	  f8:0x00102000 f29=0x00000000 PA:0x00101d18 store:0x00000000
           3946	      1969	00101138	d1492f07	flw	f30,-748(x18)	 f18:0x00102000 f30=0x00000000 PA:0x00101d14 store:0x42a80000
           3948	      1970	0010113c	01caffd3	fadd.s	f31,f21,f28	 f21:0x00000000 f28:0x00020000 f31=0x00000000
           3950	      1971	00101140	006a0993	addi	x19,x20,6	 x20:0x0000004f x19=0x00000055
           3952	      1972	00101144	f1d97043	fmadd.s	f0,f18,f29,f30	 f18:0x00102000 f29:0x00000030 f30:0x00102000  f0=0x00000000
           3954	      1973	00101148	d009f0d3	fcvt.s.w	f1,x19	 x19:0x00000055  f1=0x00000000
           3958	      1975	0010114c	007a0a13	addi	x20,x20,7	 x20:0x0000004f x20=0x00000056
           3960	      1976	00101150	d1f4ae27	fsw	f31,-740(x9)	  f9:0x00102000 f31:0xb4000000 PA:0x00101d1c store:0x442a4bd5 load:0x45524bfe
           3962	      1977	00101154	d1c4a107	flw	f2,-740(x9)	  f9:0x00102000  f2=0x00000000 PA:0x00101d1c store:0x3f7d1f60
           3964	      1978	00101158	d0092a27	fsw	f0,-748(x18)	 f18:0x00102000  f0:0x00000000 PA:0x00000000
           3966	      1979	0010115c	d1842707	flw	f14,-744(x8)	  f8:0x00102000 f14=0x00000000 PA:0x00101d18 store:0x00000000
           3968	      1980	00101160	d1842787	flw	f15,-744(x8)	  f8:0x00102000 f15=0x00000000 PA:0x00101d18 store:0x00000000
           3970	      1981	00101164	d1492187	flw	f3,-748(x18)	 f18:0x00102000  f3=0x00000000 PA:0x00101d14 store:0x42a80000
           3972	      1982	00101168	00e17253	fadd.s	f4,f2,f14	  f2:0x00137fa0 f14:0x00000009  f4=0x00000000
           3974	      1983	0010116c	18fa75c3	fmadd.s	f11,f20,f15,f3	 f20:0x00000056 f15:0x0000000b  f3:0x00000056 f11=0x00000000
           3978	      1985	00101170	d044ae27	fsw	f4,-740(x9)	  f9:0x00102000  f4:0x00000000 PA:0x00101d1c store:0x442a8b1d load:0x45576d11
           3982	      1987	00101174	d0b92a27	fsw	f11,-748(x18)	 f18:0x00102000 f11:0x00000051 PA:0x00101d14 store:0x455c9df6 load:0x45576d11
           3986	      1989	00101178	d1c4a287	flw	f5,-740(x9)	  f9:0x00102000  f5=0x00000000 PA:0x00101d1c store:0x3f7d1f60
           3990	      1991	0010117c	d1842307	flw	f6,-744(x8)	  f8:0x00102000  f6=0x00000000 PA:0x00101d18 store:0x00000000
           3994	      1993	00101180	d1842607	flw	f12,-744(x8)	  f8:0x00102000 f12=0x00000000 PA:0x00101d18 store:0x00000000
           3998	      1995	00101184	d1492687	flw	f13,-748(x18)	 f18:0x00102000 f13=0x00000000 PA:0x00101d14 store:0x42a80000
           4000	      1996	00101188	0062f3d3	fadd.s	f7,f5,f6	  f5:0x00000042  f6:0x00000001  f7=0x00000000
           4004	      1998	0010118c	68c0f443	fmadd.s	f8,f1,f12,f13	  f1:0x00000050 f12:0x00000052 f13:0x0000000d  f8=0x00000000
           4008	      2000	00101190	d074ae27	fsw	f7,-740(x9)	  f9:0x00102000  f7:0x00000064 PA:0x00101d1c store:0x442aca65 load:0x455c9df6
           4016	      2004	00101194	d1c4a487	flw	f9,-740(x9)	  f9:0x00102000  f9=0x00000000 PA:0x00101d1c store:0x3f7d1f60
           4020	      2006	00101198	d1842507	flw	f10,-744(x8)	  f8:0x00102000 f10=0x00000000 PA:0x00101d18 store:0x00000000
           4024	      2008	0010119c	d0892a27	fsw	f8,-748(x18)	 f18:0x00102000  f8:0x00102000 PA:0x00101d14 store:0x4561dead load:0x3f7d1f60
           4026	      2009	001011a0	00a4f853	fadd.s	f16,f9,f10	  f9:0x00102000 f10:0x00000004 f16=0x00000000
           4034	      2013	001011a4	d104ae27	fsw	f16,-740(x9)	  f9:0x00102000 f16:0x00000053 PA:0x00101d1c store:0x442b09ad load:0x3f7d1f60
           4044	      2018	001011a8	ee7a14e3	bne	x20,x7,101090	 x20:0x00000056  x7:0x00000064
           4046	      2019	00101090	d1842a07	flw	f20,-744(x8)	  f8:0x00102000 f20=0x00000000 PA:0x00101d18 store:0x00000000
           4048	      2020	00101094	d00a7ad3	fcvt.s.w	f21,x20	 x20:0x00000056 f21=0x00000000
           4050	      2021	00101098	d1492e07	flw	f28,-748(x18)	 f18:0x00102000 f28=0x00000000 PA:0x00101d14 store:0x42a80000
           4052	      2022	0010109c	001a0093	addi	x1,x20,1	 x20:0x00000056  x1=0x00000057
           4054	      2023	001010a0	d1c4ae87	flw	f29,-740(x9)	  f9:0x00102000 f29=0x00000000 PA:0x00101d1c store:0x3f7d1f60
           4056	      2024	001010a4	e14aff43	fmadd.s	f30,f21,f20,f28	 f21:0x00000000 f20:0x00000056 f28:0x00000000 f30=0x00000000
           4058	      2025	001010a8	d1842f87	flw	f31,-744(x8)	  f8:0x00102000 f31=0x00000000 PA:0x00101d18 store:0x00000000
           4060	      2026	001010ac	d000f053	fcvt.s.w	f0,x1	  x1:0x00000057  f0=0x00000000
           4064	      2028	001010b0	d1842087	flw	f1,-744(x8)	  f8:0x00102000  f1=0x00000000 PA:0x00101d18 store:0x00000000
           4066	      2029	001010b4	01fef153	fadd.s	f2,f29,f31	 f29:0x00000030 f31:0xb4000000  f2=0x00000000
           4068	      2030	001010b8	d1e92a27	fsw	f30,-748(x18)	 f18:0x00102000 f30:0x00020000 PA:0x00101d14 store:0x45672f36 load:0x3f7d1f60
           4074	      2033	001010bc	d1492707	flw	f14,-748(x18)	 f18:0x00102000 f14=0x00000000 PA:0x00101d14 store:0x3f7d1f60
           4078	      2035	001010c0	002a0593	addi	x11,x20,2	 x20:0x00000056 x11=0x00000058
           4080	      2036	001010c4	d005f7d3	fcvt.s.w	f15,x11	 x11:0x00000058 f15=0x00000000
           4082	      2037	001010c8	701071c3	fmadd.s	f3,f0,f1,f14	  f0:0x00000000  f1:0x00000057 f14:0x00000000  f3=0x00000000
           4084	      2038	001010cc	d024ae27	fsw	f2,-740(x9)	  f9:0x00102000  f2:0x00137fa0 PA:0x00000000
           4086	      2039	001010d0	d1c4a207	flw	f4,-740(x9)	  f9:0x00102000  f4=0x00000000 PA:0x00101d1c store:0x4561dead
           4088	      2040	001010d4	d1842587	flw	f11,-744(x8)	  f8:0x00102000 f11=0x00000000 PA:0x00101d18 store:0x00000000
           4090	      2041	001010d8	d1842607	flw	f12,-744(x8)	  f8:0x00102000 f12=0x00000000 PA:0x00101d18 store:0x00000000
           4092	      2042	001010dc	d0392a27	fsw	f3,-748(x18)	 f18:0x00102000  f3:0x00000000 PA:0x00101d14 store:0x456c8f91 load:0x3f7d1f60
           4096	      2044	001010e0	d1492287	flw	f5,-748(x18)	 f18:0x00102000  f5=0x00000000 PA:0x00101d14 store:0x3f7d1f60
           4098	      2045	001010e4	00b276d3	fadd.s	f13,f4,f11	  f4:0x00000000 f11:0x00000058 f13=0x00000000
           4102	      2047	001010e8	003a0613	addi	x12,x20,3	 x20:0x00000056 x12=0x00000059
           4104	      2048	001010ec	28c7f343	fmadd.s	f6,f15,f12,f5	 f15:0x0000000b f12:0x00000059  f5:0x0000000b  f6=0x00000000
           4106	      2049	001010f0	d00673d3	fcvt.s.w	f7,x12	 x12:0x00000059  f7=0x00000000
           4110	      2051	001010f4	004a0813	addi	x16,x20,4	 x20:0x00000056 x16=0x0000005a
           4112	      2052	001010f8	d0d4ae27	fsw	f13,-740(x9)	  f9:0x00102000 f13:0x0000000d PA:0x00101d1c store:0x442b883d load:0x456c8f91
           4114	      2053	001010fc	d1c4a407	flw	f8,-740(x9)	  f9:0x00102000  f8=0x00000000 PA:0x00101d1c store:0x4561dead
           4116	      2054	00101100	d0692a27	fsw	f6,-748(x18)	 f18:0x00102000  f6:0x00000001 PA:0x00000000
           4118	      2055	00101104	d1842487	flw	f9,-744(x8)	  f8:0x00102000  f9=0x00000000 PA:0x00101d18 store:0x00000000
           4120	      2056	00101108	d1842507	flw	f10,-744(x8)	  f8:0x00102000 f10=0x00000000 PA:0x00101d18 store:0x00000000
           4122	      2057	0010110c	d1492807	flw	f16,-748(x18)	 f18:0x00102000 f16=0x00000000 PA:0x00101d14 store:0x3f7d1f60
           4124	      2058	00101110	009478d3	fadd.s	f17,f8,f9	  f8:0x00102000  f9:0x00102000 f17=0x00000000
           4126	      2059	00101114	d0087953	fcvt.s.w	f18,x16	 x16:0x0000005a f18=0x00000000
           4128	      2060	00101118	80a3f9c3	fmadd.s	f19,f7,f10,f16	  f7:0x00000064 f10:0x00000004 f16:0x00000064 f19=0x00000000
           4130	      2061	0010111c	005a0893	addi	x17,x20,5	 x20:0x00000056 x17=0x0000005b
           4132	      2062	00101120	d008fa53	fcvt.s.w	f20,x17	 x17:0x0000005b f20=0x00000000
           4134	      2063	00101124	d114ae27	fsw	f17,-740(x9)	  f9:0x00102000 f17:0x0000005b PA:0x00101d1c store:0x442bc785 load:0x442bc785
           4138	      2065	00101128	d1c4aa87	flw	f21,-740(x9)	  f9:0x00102000 f21=0x00000000 PA:0x00101d1c store:0x4561dead
           4140	      2066	0010112c	d1392a27	fsw	f19,-748(x18)	 f18:0x00102000 f19:0x00000055 PA:0x00000000
           4142	      2067	00101130	d1842e07	flw	f28,-744(x8)	  f8:0x00102000 f28=0x00000000 PA:0x00101d18 store:0x00000000
           4144	      2068	00101134	d1842e87	flw	f29,-744(x8)	  f8:0x00102000 f29=0x00000000 PA:0x00101d18 store:0x00000000
           4146	      2069	00101138	d1492f07	flw	f30,-748(x18)	 f18:0x00102000 f30=0x00000000 PA:0x00101d14 store:0x42b60000
           4148	      2070	0010113c	01caffd3	fadd.s	f31,f21,f28	 f21:0x00000000 f28:0x00020000 f31=0x00000000
           4150	      2071	00101140	006a0993	addi	x19,x20,6	 x20:0x00000056 x19=0x0000005c
           4152	      2072	00101144	f1d97043	fmadd.s	f0,f18,f29,f30	 f18:0x00102000 f29:0x00000030 f30:0x00102000  f0=0x00000000
           4154	      2073	00101148	d009f0d3	fcvt.s.w	f1,x19	 x19:0x0000005c  f1=0x00000000
           4158	      2075	0010114c	007a0a13	addi	x20,x20,7	 x20:0x00000056 x20=0x0000005d
           4160	      2076	00101150	d1f4ae27	fsw	f31,-740(x9)	  f9:0x00102000 f31:0xb4000000 PA:0x00101d1c store:0x442c06cd load:0x45777fbd
           4162	      2077	00101154	d1c4a107	flw	f2,-740(x9)	  f9:0x00102000  f2=0x00000000 PA:0x00101d1c store:0x3f7d1f60
           4164	      2078	00101158	d0092a27	fsw	f0,-748(x18)	 f18:0x00102000  f0:0x00000000 PA:0x00000000
           4166	      2079	0010115c	d1842707	flw	f14,-744(x8)	  f8:0x00102000 f14=0x00000000 PA:0x00101d18 store:0x00000000
           4168	      2080	00101160	d1842787	flw	f15,-744(x8)	  f8:0x00102000 f15=0x00000000 PA:0x00101d18 store:0x00000000
           4170	      2081	00101164	d1492187	flw	f3,-748(x18)	 f18:0x00102000  f3=0x00000000 PA:0x00101d14 store:0x42b60000
           4172	      2082	00101168	00e17253	fadd.s	f4,f2,f14	  f2:0x00137fa0 f14:0x00000009  f4=0x00000000
           4174	      2083	0010116c	18fa75c3	fmadd.s	f11,f20,f15,f3	 f20:0x0000005d f15:0x0000000b  f3:0x0000005d f11=0x00000000
           4178	      2085	00101170	d044ae27	fsw	f4,-740(x9)	  f9:0x00102000  f4:0x00000000 PA:0x00101d1c store:0x442c4615 load:0x457d0f8d
           4182	      2087	00101174	d0b92a27	fsw	f11,-748(x18)	 f18:0x00102000 f11:0x00000058 PA:0x00101d14 store:0x45815798 load:0x457d0f8d
           4186	      2089	00101178	d1c4a287	flw	f5,-740(x9)	  f9:0x00102000  f5=0x00000000 PA:0x00101d1c store:0x3f7d1f60
           4190	      2091	0010117c	d1842307	flw	f6,-744(x8)	  f8:0x00102000  f6=0x00000000 PA:0x00101d18 store:0x00000000
           4194	      2093	00101180	d1842607	flw	f12,-744(x8)	  f8:0x00102000 f12=0x00000000 PA:0x00101d18 store:0x00000000
           4198	      2095	00101184	d1492687	flw	f13,-748(x18)	 f18:0x00102000 f13=0x00000000 PA:0x00101d14 store:0x42b60000
           4200	      2096	00101188	0062f3d3	fadd.s	f7,f5,f6	  f5:0x00000042  f6:0x00000001  f7=0x00000000
           4204	      2098	0010118c	68c0f443	fmadd.s	f8,f1,f12,f13	  f1:0x00000057 f12:0x00000059 f13:0x0000000d  f8=0x00000000
           4208	      2100	00101190	d074ae27	fsw	f7,-740(x9)	  f9:0x00102000  f7:0x00000064 PA:0x00101d1c store:0x442c855d load:0x45815798
           4216	      2104	00101194	d1c4a487	flw	f9,-740(x9)	  f9:0x00102000  f9=0x00000000 PA:0x00101d1c store:0x3f7d1f60
           4220	      2106	00101198	d1842507	flw	f10,-744(x8)	  f8:0x00102000 f10=0x00000000 PA:0x00101d18 store:0x00000000
           4224	      2108	0010119c	d0892a27	fsw	f8,-748(x18)	 f18:0x00102000  f8:0x00102000 PA:0x00101d14 store:0x45842f52 load:0x3f7d1f60
           4226	      2109	001011a0	00a4f853	fadd.s	f16,f9,f10	  f9:0x00102000 f10:0x00000004 f16=0x00000000
           4234	      2113	001011a4	d104ae27	fsw	f16,-740(x9)	  f9:0x00102000 f16:0x0000005a PA:0x00101d1c store:0x442cc4a5 load:0x3f7d1f60
           4244	      2118	001011a8	ee7a14e3	bne	x20,x7,101090	 x20:0x0000005d  x7:0x00000064
           4246	      2119	00101090	d1842a07	flw	f20,-744(x8)	  f8:0x00102000 f20=0x00000000 PA:0x00101d18 store:0x00000000
           4248	      2120	00101094	d00a7ad3	fcvt.s.w	f21,x20	 x20:0x0000005d f21=0x00000000
           4250	      2121	00101098	d1492e07	flw	f28,-748(x18)	 f18:0x00102000 f28=0x00000000 PA:0x00101d14 store:0x42b60000
           4252	      2122	0010109c	001a0093	addi	x1,x20,1	 x20:0x0000005d  x1=0x0000005e
           4254	      2123	001010a0	d1c4ae87	flw	f29,-740(x9)	  f9:0x00102000 f29=0x00000000 PA:0x00101d1c store:0x3f7d1f60
           4256	      2124	001010a4	e14aff43	fmadd.s	f30,f21,f20,f28	 f21:0x00000000 f20:0x0000005d f28:0x00000000 f30=0x00000000
           4258	      2125	001010a8	d1842f87	flw	f31,-744(x8)	  f8:0x00102000 f31=0x00000000 PA:0x00101d18 store:0x00000000
           4260	      2126	001010ac	d000f053	fcvt.s.w	f0,x1	  x1:0x0000005e  f0=0x00000000
           4264	      2128	001010b0	d1842087	flw	f1,-744(x8)	  f8:0x00102000  f1=0x00000000 PA:0x00101d18 store:0x00000000
           4266	      2129	001010b4	01fef153	fadd.s	f2,f29,f31	 f29:0x00000030 f31:0xb4000000  f2=0x00000000
           4268	      2130	001010b8	d1e92a27	fsw	f30,-748(x18)	 f18:0x00102000 f30:0x00020000 PA:0x00101d14 store:0x45870ef5 load:0x3f7d1f60
           4274	      2133	001010bc	d1492707	flw	f14,-748(x18)	 f18:0x00102000 f14=0x00000000 PA:0x00101d14 store:0x3f7d1f60
           4278	      2135	001010c0	002a0593	addi	x11,x20,2	 x20:0x0000005d x11=0x0000005f
           4280	      2136	001010c4	d005f7d3	fcvt.s.w	f15,x11	 x11:0x0000005f f15=0x00000000
           4282	      2137	001010c8	701071c3	fmadd.s	f3,f0,f1,f14	  f0:0x00000000  f1:0x0000005e f14:0x00000000  f3=0x00000000
           4284	      2138	001010cc	d024ae27	fsw	f2,-740(x9)	  f9:0x00102000  f2:0x00137fa0 PA:0x00000000
           4286	      2139	001010d0	d1c4a207	flw	f4,-740(x9)	  f9:0x00102000  f4=0x00000000 PA:0x00101d1c store:0x45842f52
           4288	      2140	001010d4	d1842587	flw	f11,-744(x8)	  f8:0x00102000 f11=0x00000000 PA:0x00101d18 store:0x00000000
           4290	      2141	001010d8	d1842607	flw	f12,-744(x8)	  f8:0x00102000 f12=0x00000000 PA:0x00101d18 store:0x00000000
           4292	      2142	001010dc	d0392a27	fsw	f3,-748(x18)	 f18:0x00102000  f3:0x00000000 PA:0x00101d14 store:0x4589f681 load:0x3f7d1f60
           4296	      2144	001010e0	d1492287	flw	f5,-748(x18)	 f18:0x00102000  f5=0x00000000 PA:0x00101d14 store:0x3f7d1f60
           4298	      2145	001010e4	00b276d3	fadd.s	f13,f4,f11	  f4:0x00000000 f11:0x0000005f f13=0x00000000
           4302	      2147	001010e8	003a0613	addi	x12,x20,3	 x20:0x0000005d x12=0x00000060
           4304	      2148	001010ec	28c7f343	fmadd.s	f6,f15,f12,f5	 f15:0x0000000b f12:0x00000060  f5:0x0000000b  f6=0x00000000
           4306	      2149	001010f0	d00673d3	fcvt.s.w	f7,x12	 x12:0x00000060  f7=0x00000000
           4310	      2151	001010f4	004a0813	addi	x16,x20,4	 x20:0x0000005d x16=0x00000061
           4312	      2152	001010f8	d0d4ae27	fsw	f13,-740(x9)	  f9:0x00102000 f13:0x0000000d PA:0x00101d1c store:0x442d4335 load:0x4589f681
           4314	      2153	001010fc	d1c4a407	flw	f8,-740(x9)	  f9:0x00102000  f8=0x00000000 PA:0x00101d1c store:0x45842f52
           4316	      2154	00101100	d0692a27	fsw	f6,-748(x18)	 f18:0x00102000  f6:0x00000001 PA:0x00000000
           4318	      2155	00101104	d1842487	flw	f9,-744(x8)	  f8:0x00102000  f9=0x00000000 PA:0x00101d18 store:0x00000000
           4320	      2156	00101108	d1842507	flw	f10,-744(x8)	  f8:0x00102000 f10=0x00000000 PA:0x00101d18 store:0x00000000
           4322	      2157	0010110c	d1492807	flw	f16,-748(x18)	 f18:0x00102000 f16=0x00000000 PA:0x00101d14 store:0x3f7d1f60
           4324	      2158	00101110	009478d3	fadd.s	f17,f8,f9	  f8:0x00102000  f9:0x00102000 f17=0x00000000
           4326	      2159	00101114	d0087953	fcvt.s.w	f18,x16	 x16:0x00000061 f18=0x00000000
           4328	      2160	00101118	80a3f9c3	fmadd.s	f19,f7,f10,f16	  f7:0x00000064 f10:0x00000004 f16:0x00000064 f19=0x00000000
           4330	      2161	0010111c	005a0893	addi	x17,x20,5	 x20:0x0000005d x17=0x00000062
           4332	      2162	00101120	d008fa53	fcvt.s.w	f20,x17	 x17:0x00000062 f20=0x00000000
           4334	      2163	00101124	d114ae27	fsw	f17,-740(x9)	  f9:0x00102000 f17:0x00000062 PA:0x00101d1c store:0x442d827d load:0x442d827d
           4338	      2165	00101128	d1c4aa87	flw	f21,-740(x9)	  f9:0x00102000 f21=0x00000000 PA:0x00101d1c store:0x45842f52
           4340	      2166	0010112c	d1392a27	fsw	f19,-748(x18)	 f18:0x00102000 f19:0x0000005c PA:0x00000000
           4342	      2167	00101130	d1842e07	flw	f28,-744(x8)	  f8:0x00102000 f28=0x00000000 PA:0x00101d18 store:0x00000000
           4344	      2168	00101134	d1842e87	flw	f29,-744(x8)	  f8:0x00102000 f29=0x00000000 PA:0x00101d18 store:0x00000000
           4346	      2169	00101138	d1492f07	flw	f30,-748(x18)	 f18:0x00102000 f30=0x00000000 PA:0x00101d14 store:0x42c40000
           4348	      2170	0010113c	01caffd3	fadd.s	f31,f21,f28	 f21:0x00000000 f28:0x00020000 f31=0x00000000
           4350	      2171	00101140	006a0993	addi	x19,x20,6	 x20:0x0000005d x19=0x00000063
           4352	      2172	00101144	f1d97043	fmadd.s	f0,f18,f29,f30	 f18:0x00102000 f29:0x00000030 f30:0x00102000  f0=0x00000000
           4354	      2173	00101148	d009f0d3	fcvt.s.w	f1,x19	 x19:0x00000063  f1=0x00000000
           4358	      2175	0010114c	007a0a13	addi	x20,x20,7	 x20:0x0000005d x20=0x00000064
           4360	      2176	00101150	d1f4ae27	fsw	f31,-740(x9)	  f9:0x00102000 f31:0xb4000000 PA:0x00101d1c store:0x442dc1c5 load:0x458fdd54
           4362	      2177	00101154	d1c4a107	flw	f2,-740(x9)	  f9:0x00102000  f2=0x00000000 PA:0x00101d1c store:0x3f7d1f60
           4364	      2178	00101158	d0092a27	fsw	f0,-748(x18)	 f18:0x00102000  f0:0x00000000 PA:0x00000000
           4366	      2179	0010115c	d1842707	flw	f14,-744(x8)	  f8:0x00102000 f14=0x00000000 PA:0x00101d18 store:0x00000000
           4368	      2180	00101160	d1842787	flw	f15,-744(x8)	  f8:0x00102000 f15=0x00000000 PA:0x00101d18 store:0x00000000
           4370	      2181	00101164	d1492187	flw	f3,-748(x18)	 f18:0x00102000  f3=0x00000000 PA:0x00101d14 store:0x42c40000
           4372	      2182	00101168	00e17253	fadd.s	f4,f2,f14	  f2:0x00137fa0 f14:0x00000009  f4=0x00000000
           4374	      2183	0010116c	18fa75c3	fmadd.s	f11,f20,f15,f3	 f20:0x00000064 f15:0x0000000b  f3:0x00000064 f11=0x00000000
           4378	      2185	00101170	d044ae27	fsw	f4,-740(x9)	  f9:0x00102000  f4:0x00000000 PA:0x00101d1c store:0x442e010d load:0x4592dc9b
           4382	      2187	00101174	d0b92a27	fsw	f11,-748(x18)	 f18:0x00102000 f11:0x0000005f PA:0x00101d14 store:0x4595e3cb load:0x4592dc9b
           4386	      2189	00101178	d1c4a287	flw	f5,-740(x9)	  f9:0x00102000  f5=0x00000000 PA:0x00101d1c store:0x3f7d1f60
           4390	      2191	0010117c	d1842307	flw	f6,-744(x8)	  f8:0x00102000  f6=0x00000000 PA:0x00101d18 store:0x00000000
           4394	      2193	00101180	d1842607	flw	f12,-744(x8)	  f8:0x00102000 f12=0x00000000 PA:0x00101d18 store:0x00000000
           4398	      2195	00101184	d1492687	flw	f13,-748(x18)	 f18:0x00102000 f13=0x00000000 PA:0x00101d14 store:0x42c40000
           4400	      2196	00101188	0062f3d3	fadd.s	f7,f5,f6	  f5:0x00000042  f6:0x00000001  f7=0x00000000
           4404	      2198	0010118c	68c0f443	fmadd.s	f8,f1,f12,f13	  f1:0x0000005e f12:0x00000060 f13:0x0000000d  f8=0x00000000
           4408	      2200	00101190	d074ae27	fsw	f7,-740(x9)	  f9:0x00102000  f7:0x00000064 PA:0x00101d1c store:0x442e4055 load:0x4595e3cb
           4416	      2204	00101194	d1c4a487	flw	f9,-740(x9)	  f9:0x00102000  f9=0x00000000 PA:0x00101d1c store:0x3f7d1f60
           4420	      2206	00101198	d1842507	flw	f10,-744(x8)	  f8:0x00102000 f10=0x00000000 PA:0x00101d18 store:0x00000000
           4424	      2208	0010119c	d0892a27	fsw	f8,-748(x18)	 f18:0x00102000  f8:0x00102000 PA:0x00101d14 store:0x4598f2e4 load:0x3f7d1f60
           4426	      2209	001011a0	00a4f853	fadd.s	f16,f9,f10	  f9:0x00102000 f10:0x00000004 f16=0x00000000
           4434	      2213	001011a4	d104ae27	fsw	f16,-740(x9)	  f9:0x00102000 f16:0x00000061 PA:0x00101d1c store:0x442e7f9d load:0x3f7d1f60
           4440	      2216	001011a8	ee7a14e3	bne	x20,x7,101090	 x20:0x00000064  x7:0x00000064
           4442	      2217	001011ac	d1c4a887	flw	f17,-740(x9)	  f9:0x00102000 f17=0x00000000 PA:0x00101d1c store:0x3f7d1f60
           4448	      2220	001011b0	00102ab7	lui	x21,0x102	 x21=0x00102000
           4450	      2221	001011b4	00102a37	lui	x20,0x102	 x20=0x00102000
           4452	      2222	001011b8	9d8a8513	addi	x10,x21,-1576	 x21:0x00102000 x10=0x001019d8
           4454	      2223	001011bc	e0088b53	fmv.x.w	x22,f17	 f17:0x00000062 x22=0x442e7f9d
           4456	      2224	001011c0	cf6a2c23	sw	x22,-776(x20)	 x20:0x00102000 x22:0x442e7f9d PA:0x00101cf8 store:0x442e7f9d load:0x442e7f9d
           4458	      2225	001011c4	eddfe0ef	jal	x1,1000a0	  x1=0x001011c8
           4460	      2226	001000a0	00054803	lbu	x16,0(x10)	 x10:0x001019d8 x16=0x0000000a PA:0x001019d8 store:0x00000000
           4462	      2227	001000a4	06080663	beq	x16,x0,100110	 x16:0x0000000a  x0:0x00000000
           4464	      2228	001000a8	000207b7	lui	x15,0x20	 x15=0x00020000
           4466	      2229	001000ac	0107a023	sw	x16,0(x15)	 x15:0x00020000 x16:0x0000000a PA:0x00020000 store:0x0000000a load:0x00000000
           4470	      2231	001000b0	00154703	lbu	x14,1(x10)	 x10:0x001019d8 x14=0x0000000a PA:0x001019d9 store:0x001011c8
           4472	      2232	001000b4	04070e63	beq	x14,x0,100110	 x14:0x0000000a  x0:0x00000000
           4476	      2234	001000b8	00e7a023	sw	x14,0(x15)	 x15:0x00020000 x14:0x0000000a PA:0x00020000 store:0x0000000a load:0x00000000
           4480	      2236	001000bc	00254283	lbu	x5,2(x10)	 x10:0x001019d8  x5=0x00000031 PA:0x001019da store:0x00137fa0
           4482	      2237	001000c0	04028863	beq	x5,x0,100110	  x5:0x00000031  x0:0x00000000
           4486	      2239	001000c4	0057a023	sw	x5,0(x15)	 x15:0x00020000  x5:0x00000031 PA:0x00020000 store:0x00000031 load:0x00000000
           4490	      2241	001000c8	00354303	lbu	x6,3(x10)	 x10:0x001019d8  x6=0x00000030 PA:0x001019db store:0x00000000
           4492	      2242	001000cc	04030263	beq	x6,x0,100110	  x6:0x00000030  x0:0x00000000
           4496	      2244	001000d0	0067a023	sw	x6,0(x15)	 x15:0x00020000  x6:0x00000030 PA:0x00020000 store:0x00000030 load:0x00000000
           4500	      2246	001000d4	00454383	lbu	x7,4(x10)	 x10:0x001019d8  x7=0x00000030 PA:0x001019dc store:0x00000000
           4502	      2247	001000d8	02038c63	beq	x7,x0,100110	  x7:0x00000030  x0:0x00000000
           4506	      2249	001000dc	0077a023	sw	x7,0(x15)	 x15:0x00020000  x7:0x00000030 PA:0x00020000 store:0x00000030 load:0x00000000
           4510	      2251	001000e0	00554583	lbu	x11,5(x10)	 x10:0x001019d8 x11=0x00000020 PA:0x001019dd store:0x00000031
           4512	      2252	001000e4	02058663	beq	x11,x0,100110	 x11:0x00000020  x0:0x00000000
           4516	      2254	001000e8	00b7a023	sw	x11,0(x15)	 x15:0x00020000 x11:0x00000020 PA:0x00020000 store:0x00000020 load:0x00000000
           4520	      2256	001000ec	00654603	lbu	x12,6(x10)	 x10:0x001019d8 x12=0x00000046 PA:0x001019de store:0x00000030
           4522	      2257	001000f0	02060063	beq	x12,x0,100110	 x12:0x00000046  x0:0x00000000
           4526	      2259	001000f4	00c7a023	sw	x12,0(x15)	 x15:0x00020000 x12:0x00000046 PA:0x00020000 store:0x00000046 load:0x00000000
           4530	      2261	001000f8	00754683	lbu	x13,7(x10)	 x10:0x001019d8 x13=0x0000004d PA:0x001019df store:0x00000030
           4532	      2262	001000fc	00850513	addi	x10,x10,8	 x10:0x001019d8 x10=0x001019e0
           4534	      2263	00100100	00068863	beq	x13,x0,100110	 x13:0x0000004d  x0:0x00000000
           4538	      2265	00100104	00d7a023	sw	x13,0(x15)	 x15:0x00020000 x13:0x0000004d PA:0x00020000 store:0x0000004d load:0x00000000
           4542	      2267	00100108	00054803	lbu	x16,0(x10)	 x10:0x001019e0 x16=0x00000041 PA:0x001019e0 store:0x00000000
           4546	      2269	0010010c	fa0810e3	bne	x16,x0,1000ac	 x16:0x00000041  x0:0x00000000
           4552	      2272	001000ac	0107a023	sw	x16,0(x15)	 x15:0x00020000 x16:0x00000041 PA:0x00020000 store:0x00000041 load:0x00000000
           4556	      2274	001000b0	00154703	lbu	x14,1(x10)	 x10:0x001019e0 x14=0x00000044 PA:0x001019e1 store:0x001011c8
           4558	      2275	001000b4	04070e63	beq	x14,x0,100110	 x14:0x00000044  x0:0x00000000
           4562	      2277	001000b8	00e7a023	sw	x14,0(x15)	 x15:0x00020000 x14:0x00000044 PA:0x00020000 store:0x00000044 load:0x00000000
           4566	      2279	001000bc	00254283	lbu	x5,2(x10)	 x10:0x001019e0  x5=0x00000044 PA:0x001019e2 store:0x00137fa0
           4568	      2280	001000c0	04028863	beq	x5,x0,100110	  x5:0x00000044  x0:0x00000000
           4572	      2282	001000c4	0057a023	sw	x5,0(x15)	 x15:0x00020000  x5:0x00000044 PA:0x00020000 store:0x00000044 load:0x00000000
           4576	      2284	001000c8	00354303	lbu	x6,3(x10)	 x10:0x001019e0  x6=0x00000073 PA:0x001019e3 store:0x00000000
           4578	      2285	001000cc	04030263	beq	x6,x0,100110	  x6:0x00000073  x0:0x00000000
           4582	      2287	001000d0	0067a023	sw	x6,0(x15)	 x15:0x00020000  x6:0x00000073 PA:0x00020000 store:0x00000073 load:0x00000000
           4586	      2289	001000d4	00454383	lbu	x7,4(x10)	 x10:0x001019e0  x7=0x00000020 PA:0x001019e4 store:0x00000000
           4588	      2290	001000d8	02038c63	beq	x7,x0,100110	  x7:0x00000020  x0:0x00000000
           4592	      2292	001000dc	0077a023	sw	x7,0(x15)	 x15:0x00020000  x7:0x00000020 PA:0x00020000 store:0x00000020 load:0x00000000
           4596	      2294	001000e0	00554583	lbu	x11,5(x10)	 x10:0x001019e0 x11=0x00000072 PA:0x001019e5 store:0x00000044
           4598	      2295	001000e4	02058663	beq	x11,x0,100110	 x11:0x00000072  x0:0x00000000
           4602	      2297	001000e8	00b7a023	sw	x11,0(x15)	 x15:0x00020000 x11:0x00000072 PA:0x00020000 store:0x00000072 load:0x00000000
           4606	      2299	001000ec	00654603	lbu	x12,6(x10)	 x10:0x001019e0 x12=0x00000065 PA:0x001019e6 store:0x00000073
           4608	      2300	001000f0	02060063	beq	x12,x0,100110	 x12:0x00000065  x0:0x00000000
           4612	      2302	001000f4	00c7a023	sw	x12,0(x15)	 x15:0x00020000 x12:0x00000065 PA:0x00020000 store:0x00000065 load:0x00000000
           4616	      2304	001000f8	00754683	lbu	x13,7(x10)	 x10:0x001019e0 x13=0x00000073 PA:0x001019e7 store:0x00000020
           4618	      2305	001000fc	00850513	addi	x10,x10,8	 x10:0x001019e0 x10=0x001019e8
           4620	      2306	00100100	00068863	beq	x13,x0,100110	 x13:0x00000073  x0:0x00000000
           4624	      2308	00100104	00d7a023	sw	x13,0(x15)	 x15:0x00020000 x13:0x00000073 PA:0x00020000 store:0x00000073 load:0x00000000
           4628	      2310	00100108	00054803	lbu	x16,0(x10)	 x10:0x001019e8 x16=0x00000075 PA:0x001019e8 store:0x00000000
           4632	      2312	0010010c	fa0810e3	bne	x16,x0,1000ac	 x16:0x00000075  x0:0x00000000
           4638	      2315	001000ac	0107a023	sw	x16,0(x15)	 x15:0x00020000 x16:0x00000075 PA:0x00020000 store:0x00000075 load:0x00000000
           4642	      2317	001000b0	00154703	lbu	x14,1(x10)	 x10:0x001019e8 x14=0x0000006c PA:0x001019e9 store:0x001011c8
           4644	      2318	001000b4	04070e63	beq	x14,x0,100110	 x14:0x0000006c  x0:0x00000000
           4648	      2320	001000b8	00e7a023	sw	x14,0(x15)	 x15:0x00020000 x14:0x0000006c PA:0x00020000 store:0x0000006c load:0x00000000
           4652	      2322	001000bc	00254283	lbu	x5,2(x10)	 x10:0x001019e8  x5=0x00000074 PA:0x001019ea store:0x00137fa0
           4654	      2323	001000c0	04028863	beq	x5,x0,100110	  x5:0x00000074  x0:0x00000000
           4658	      2325	001000c4	0057a023	sw	x5,0(x15)	 x15:0x00020000  x5:0x00000074 PA:0x00020000 store:0x00000074 load:0x00000000
           4662	      2327	001000c8	00354303	lbu	x6,3(x10)	 x10:0x001019e8  x6=0x00000020 PA:0x001019eb store:0x00000000
           4664	      2328	001000cc	04030263	beq	x6,x0,100110	  x6:0x00000020  x0:0x00000000
           4668	      2330	001000d0	0067a023	sw	x6,0(x15)	 x15:0x00020000  x6:0x00000020 PA:0x00020000 store:0x00000020 load:0x00000000
           4672	      2332	001000d4	00454383	lbu	x7,4(x10)	 x10:0x001019e8  x7=0x00000069 PA:0x001019ec store:0x00000000
           4674	      2333	001000d8	02038c63	beq	x7,x0,100110	  x7:0x00000069  x0:0x00000000
           4678	      2335	001000dc	0077a023	sw	x7,0(x15)	 x15:0x00020000  x7:0x00000069 PA:0x00020000 store:0x00000069 load:0x00000000
           4682	      2337	001000e0	00554583	lbu	x11,5(x10)	 x10:0x001019e8 x11=0x0000006e PA:0x001019ed store:0x00000074
           4684	      2338	001000e4	02058663	beq	x11,x0,100110	 x11:0x0000006e  x0:0x00000000
           4688	      2340	001000e8	00b7a023	sw	x11,0(x15)	 x15:0x00020000 x11:0x0000006e PA:0x00020000 store:0x0000006e load:0x00000000
           4692	      2342	001000ec	00654603	lbu	x12,6(x10)	 x10:0x001019e8 x12=0x0000003a PA:0x001019ee store:0x00000020
           4694	      2343	001000f0	02060063	beq	x12,x0,100110	 x12:0x0000003a  x0:0x00000000
           4698	      2345	001000f4	00c7a023	sw	x12,0(x15)	 x15:0x00020000 x12:0x0000003a PA:0x00020000 store:0x0000003a load:0x00000000
           4702	      2347	001000f8	00754683	lbu	x13,7(x10)	 x10:0x001019e8 x13=0x00000020 PA:0x001019ef store:0x00000069
           4704	      2348	001000fc	00850513	addi	x10,x10,8	 x10:0x001019e8 x10=0x001019f0
           4706	      2349	00100100	00068863	beq	x13,x0,100110	 x13:0x00000020  x0:0x00000000
           4710	      2351	00100104	00d7a023	sw	x13,0(x15)	 x15:0x00020000 x13:0x00000020 PA:0x00020000 store:0x00000020 load:0x00000000
           4714	      2353	00100108	00054803	lbu	x16,0(x10)	 x10:0x001019f0 x16=0x00000000 PA:0x001019f0 store:0x00000000
           4716	      2354	0010010c	fa0810e3	bne	x16,x0,1000ac	 x16:0x00000000  x0:0x00000000
           4718	      2355	00100110	00000513	addi	x10,x0,0	  x0:0x00000000 x10=0x00000000
           4722	      2357	00100114	00008067	jalr	x0,0(x1)	  x1:0x001011c8  x0=0x00000000
           4726	      2359	001011c8	cf8a2503	lw	x10,-776(x20)	 x20:0x00102000 x10=0x442e7f9d PA:0x00101cf8 store:0x00000000
           4728	      2360	001011cc	00102c37	lui	x24,0x102	 x24=0x00102000
           4730	      2361	001011d0	001029b7	lui	x19,0x102	 x19=0x00102000
           4734	      2363	001011d4	f4dfe0ef	jal	x1,100120	  x1=0x001011d8
           4736	      2364	00100120	01c55793	srli	x15,x10,0x1c	 x10:0x442e7f9d x15=0x00000004
           4738	      2365	00100124	00900713	addi	x14,x0,9	  x0:0x00000000 x14=0x00000009
           4742	      2367	00100128	0cf77a63	bgeu	x14,x15,1001fc	 x14:0x00000009 x15:0x00000004
           4746	      2369	001001fc	03078393	addi	x7,x15,48	 x15:0x00000004  x7=0x00000034
           4748	      2370	00100200	000205b7	lui	x11,0x20	 x11=0x00020000
           4750	      2371	00100204	00451613	slli	x12,x10,0x4	 x10:0x442e7f9d x12=0x42e7f9d0
           4754	      2373	00100208	0075a023	sw	x7,0(x11)	 x11:0x00020000  x7:0x00000034 PA:0x00020000 store:0x00000034 load:0x00000000
           4756	      2374	0010020c	01c65693	srli	x13,x12,0x1c	 x12:0x42e7f9d0 x13=0x00000004
           4758	      2375	00100210	00900813	addi	x16,x0,9	  x0:0x00000000 x16=0x00000009
           4760	      2376	00100214	f2d86ae3	bltu	x16,x13,100148	 x16:0x00000009 x13:0x00000004
           4762	      2377	00100218	03068e93	addi	x29,x13,48	 x13:0x00000004 x29=0x00000034
           4764	      2378	0010021c	00020f37	lui	x30,0x20	 x30=0x00020000
           4766	      2379	00100220	00851f93	slli	x31,x10,0x8	 x10:0x442e7f9d x31=0x2e7f9d00
           4770	      2381	00100224	01df2023	sw	x29,0(x30)	 x30:0x00020000 x29:0x00000034 PA:0x00020000 store:0x00000034 load:0x00000000
           4772	      2382	00100228	01cfd793	srli	x15,x31,0x1c	 x31:0x2e7f9d00 x15=0x00000002
           4774	      2383	0010022c	00900713	addi	x14,x0,9	  x0:0x00000000 x14=0x00000009
           4776	      2384	00100230	f2f76ae3	bltu	x14,x15,100164	 x14:0x00000009 x15:0x00000002
           4778	      2385	00100234	03078393	addi	x7,x15,48	 x15:0x00000002  x7=0x00000032
           4780	      2386	00100238	000205b7	lui	x11,0x20	 x11=0x00020000
           4782	      2387	0010023c	00c51613	slli	x12,x10,0xc	 x10:0x442e7f9d x12=0xe7f9d000
           4786	      2389	00100240	0075a023	sw	x7,0(x11)	 x11:0x00020000  x7:0x00000032 PA:0x00020000 store:0x00000032 load:0x00000000
           4788	      2390	00100244	01c65693	srli	x13,x12,0x1c	 x12:0xe7f9d000 x13=0x0000000e
           4790	      2391	00100248	00900813	addi	x16,x0,9	  x0:0x00000000 x16=0x00000009
           4794	      2393	0010024c	f2d86ae3	bltu	x16,x13,100180	 x16:0x00000009 x13:0x0000000e
           4798	      2395	00100180	03768893	addi	x17,x13,55	 x13:0x0000000e x17=0x00000045
           4800	      2396	00100184	00020e37	lui	x28,0x20	 x28=0x00020000
           4802	      2397	00100188	01051f93	slli	x31,x10,0x10	 x10:0x442e7f9d x31=0x7f9d0000
           4806	      2399	0010018c	011e2023	sw	x17,0(x28)	 x28:0x00020000 x17:0x00000045 PA:0x00020000 store:0x00000045 load:0x00000000
           4808	      2400	00100190	01cfd793	srli	x15,x31,0x1c	 x31:0x7f9d0000 x15=0x00000007
           4810	      2401	00100194	00900713	addi	x14,x0,9	  x0:0x00000000 x14=0x00000009
           4814	      2403	00100198	0cf77a63	bgeu	x14,x15,10026c	 x14:0x00000009 x15:0x00000007
           4818	      2405	0010026c	03078393	addi	x7,x15,48	 x15:0x00000007  x7=0x00000037
           4820	      2406	00100270	000205b7	lui	x11,0x20	 x11=0x00020000
           4822	      2407	00100274	01451613	slli	x12,x10,0x14	 x10:0x442e7f9d x12=0xf9d00000
           4826	      2409	00100278	0075a023	sw	x7,0(x11)	 x11:0x00020000  x7:0x00000037 PA:0x00020000 store:0x00000037 load:0x00000000
           4828	      2410	0010027c	01c65693	srli	x13,x12,0x1c	 x12:0xf9d00000 x13=0x0000000f
           4830	      2411	00100280	00900813	addi	x16,x0,9	  x0:0x00000000 x16=0x00000009
           4834	      2413	00100284	f2d86ae3	bltu	x16,x13,1001b8	 x16:0x00000009 x13:0x0000000f
           4838	      2415	001001b8	03768893	addi	x17,x13,55	 x13:0x0000000f x17=0x00000046
           4840	      2416	001001bc	00020e37	lui	x28,0x20	 x28=0x00020000
           4842	      2417	001001c0	01851f93	slli	x31,x10,0x18	 x10:0x442e7f9d x31=0x9d000000
           4846	      2419	001001c4	011e2023	sw	x17,0(x28)	 x28:0x00020000 x17:0x00000046 PA:0x00020000 store:0x00000046 load:0x00000000
           4848	      2420	001001c8	01cfd793	srli	x15,x31,0x1c	 x31:0x9d000000 x15=0x00000009
           4850	      2421	001001cc	00900713	addi	x14,x0,9	  x0:0x00000000 x14=0x00000009
           4854	      2423	001001d0	0cf77a63	bgeu	x14,x15,1002a4	 x14:0x00000009 x15:0x00000009
           4858	      2425	001002a4	03078393	addi	x7,x15,48	 x15:0x00000009  x7=0x00000039
           4860	      2426	001002a8	000205b7	lui	x11,0x20	 x11=0x00020000
           4864	      2428	001002ac	0075a023	sw	x7,0(x11)	 x11:0x00020000  x7:0x00000039 PA:0x00020000 store:0x00000039 load:0x00000000
           4866	      2429	001002b0	00f57513	andi	x10,x10,15	 x10:0x442e7f9d x10=0x0000000d
           4868	      2430	001002b4	00900613	addi	x12,x0,9	  x0:0x00000000 x12=0x00000009
           4870	      2431	001002b8	f2a67ae3	bgeu	x12,x10,1001ec	 x12:0x00000009 x10:0x0000000d
           4872	      2432	001002bc	03750693	addi	x13,x10,55	 x10:0x0000000d x13=0x00000044
           4874	      2433	001002c0	00020837	lui	x16,0x20	 x16=0x00020000
           4878	      2435	001002c4	00d82023	sw	x13,0(x16)	 x16:0x00020000 x13:0x00000044 PA:0x00020000 store:0x00000044 load:0x00000000
           4892	      2442	001002c8	00008067	jalr	x0,0(x1)	  x1:0x001011d8  x0=0x00000000
           4894	      2443	001011d8	d20ca907	flw	f18,-736(x25)	 f25:0x00102000 f18=0x00000000 PA:0x00101d20 store:0x4592dc9b
           4900	      2446	001011dc	9f4c0513	addi	x10,x24,-1548	 x24:0x00102000 x10=0x001019f4
           4902	      2447	001011e0	00102ab7	lui	x21,0x102	 x21=0x00102000
           4904	      2448	001011e4	d129a427	fsw	f18,-760(x19)	 f19:0x00102000 f18:0x00102000 PA:0x00101d08 store:0x43edefdf load:0x43edefdf
           4906	      2449	001011e8	00000c13	addi	x24,x0,0	  x0:0x00000000 x24=0x00000000
           4908	      2450	001011ec	eb5fe0ef	jal	x1,1000a0	  x1=0x001011f0
           4910	      2451	001000a0	00054803	lbu	x16,0(x10)	 x10:0x001019f4 x16=0x0000000a PA:0x001019f4 store:0x00000000
           4912	      2452	001000a4	06080663	beq	x16,x0,100110	 x16:0x0000000a  x0:0x00000000
           4914	      2453	001000a8	000207b7	lui	x15,0x20	 x15=0x00020000
           4916	      2454	001000ac	0107a023	sw	x16,0(x15)	 x15:0x00020000 x16:0x0000000a PA:0x00020000 store:0x0000000a load:0x00000000
           4918	      2455	001000b0	00154703	lbu	x14,1(x10)	 x10:0x001019f4 x14=0x0000000a PA:0x001019f5 store:0x001011f0
           4920	      2456	001000b4	04070e63	beq	x14,x0,100110	 x14:0x0000000a  x0:0x00000000
           4922	      2457	001000b8	00e7a023	sw	x14,0(x15)	 x15:0x00020000 x14:0x0000000a PA:0x00020000 store:0x0000000a load:0x00000000
           4926	      2459	001000bc	00254283	lbu	x5,2(x10)	 x10:0x001019f4  x5=0x00000050 PA:0x001019f6 store:0x00137fa0
           4928	      2460	001000c0	04028863	beq	x5,x0,100110	  x5:0x00000050  x0:0x00000000
           4932	      2462	001000c4	0057a023	sw	x5,0(x15)	 x15:0x00020000  x5:0x00000050 PA:0x00020000 store:0x00000050 load:0x00000000
           4936	      2464	001000c8	00354303	lbu	x6,3(x10)	 x10:0x001019f4  x6=0x00000065 PA:0x001019f7 store:0x00000000
           4938	      2465	001000cc	04030263	beq	x6,x0,100110	  x6:0x00000065  x0:0x00000000
           4942	      2467	001000d0	0067a023	sw	x6,0(x15)	 x15:0x00020000  x6:0x00000065 PA:0x00020000 store:0x00000065 load:0x00000000
           4946	      2469	001000d4	00454383	lbu	x7,4(x10)	 x10:0x001019f4  x7=0x00000072 PA:0x001019f8 store:0x00000000
           4948	      2470	001000d8	02038c63	beq	x7,x0,100110	  x7:0x00000072  x0:0x00000000
           4952	      2472	001000dc	0077a023	sw	x7,0(x15)	 x15:0x00020000  x7:0x00000072 PA:0x00020000 store:0x00000072 load:0x00000000
           4956	      2474	001000e0	00554583	lbu	x11,5(x10)	 x10:0x001019f4 x11=0x00000066 PA:0x001019f9 store:0x00000050
           4958	      2475	001000e4	02058663	beq	x11,x0,100110	 x11:0x00000066  x0:0x00000000
           4962	      2477	001000e8	00b7a023	sw	x11,0(x15)	 x15:0x00020000 x11:0x00000066 PA:0x00020000 store:0x00000066 load:0x00000000
           4966	      2479	001000ec	00654603	lbu	x12,6(x10)	 x10:0x001019f4 x12=0x0000006f PA:0x001019fa store:0x00000065
           4968	      2480	001000f0	02060063	beq	x12,x0,100110	 x12:0x0000006f  x0:0x00000000
           4972	      2482	001000f4	00c7a023	sw	x12,0(x15)	 x15:0x00020000 x12:0x0000006f PA:0x00020000 store:0x0000006f load:0x00000000
           4976	      2484	001000f8	00754683	lbu	x13,7(x10)	 x10:0x001019f4 x13=0x00000072 PA:0x001019fb store:0x00000072
           4978	      2485	001000fc	00850513	addi	x10,x10,8	 x10:0x001019f4 x10=0x001019fc
           4980	      2486	00100100	00068863	beq	x13,x0,100110	 x13:0x00000072  x0:0x00000000
           4984	      2488	00100104	00d7a023	sw	x13,0(x15)	 x15:0x00020000 x13:0x00000072 PA:0x00020000 store:0x00000072 load:0x00000000
           4988	      2490	00100108	00054803	lbu	x16,0(x10)	 x10:0x001019fc x16=0x0000006d PA:0x001019fc store:0x00000000
           4992	      2492	0010010c	fa0810e3	bne	x16,x0,1000ac	 x16:0x0000006d  x0:0x00000000
           4998	      2495	001000ac	0107a023	sw	x16,0(x15)	 x15:0x00020000 x16:0x0000006d PA:0x00020000 store:0x0000006d load:0x00000000
           5002	      2497	001000b0	00154703	lbu	x14,1(x10)	 x10:0x001019fc x14=0x00000069 PA:0x001019fd store:0x001011f0
           5004	      2498	001000b4	04070e63	beq	x14,x0,100110	 x14:0x00000069  x0:0x00000000
           5008	      2500	001000b8	00e7a023	sw	x14,0(x15)	 x15:0x00020000 x14:0x00000069 PA:0x00020000 store:0x00000069 load:0x00000000
           5012	      2502	001000bc	00254283	lbu	x5,2(x10)	 x10:0x001019fc  x5=0x0000006e PA:0x001019fe store:0x00137fa0
           5014	      2503	001000c0	04028863	beq	x5,x0,100110	  x5:0x0000006e  x0:0x00000000
           5018	      2505	001000c4	0057a023	sw	x5,0(x15)	 x15:0x00020000  x5:0x0000006e PA:0x00020000 store:0x0000006e load:0x00000000
           5022	      2507	001000c8	00354303	lbu	x6,3(x10)	 x10:0x001019fc  x6=0x00000067 PA:0x001019ff store:0x00000000
           5024	      2508	001000cc	04030263	beq	x6,x0,100110	  x6:0x00000067  x0:0x00000000
           5028	      2510	001000d0	0067a023	sw	x6,0(x15)	 x15:0x00020000  x6:0x00000067 PA:0x00020000 store:0x00000067 load:0x00000000
           5032	      2512	001000d4	00454383	lbu	x7,4(x10)	 x10:0x001019fc  x7=0x00000020 PA:0x00101a00 store:0x00000000
           5034	      2513	001000d8	02038c63	beq	x7,x0,100110	  x7:0x00000020  x0:0x00000000
           5038	      2515	001000dc	0077a023	sw	x7,0(x15)	 x15:0x00020000  x7:0x00000020 PA:0x00020000 store:0x00000020 load:0x00000000
           5042	      2517	001000e0	00554583	lbu	x11,5(x10)	 x10:0x001019fc x11=0x00000032 PA:0x00101a01 store:0x0000006e
           5044	      2518	001000e4	02058663	beq	x11,x0,100110	 x11:0x00000032  x0:0x00000000
           5048	      2520	001000e8	00b7a023	sw	x11,0(x15)	 x15:0x00020000 x11:0x00000032 PA:0x00020000 store:0x00000032 load:0x00000000
           5052	      2522	001000ec	00654603	lbu	x12,6(x10)	 x10:0x001019fc x12=0x00000030 PA:0x00101a02 store:0x00000067
           5054	      2523	001000f0	02060063	beq	x12,x0,100110	 x12:0x00000030  x0:0x00000000
           5058	      2525	001000f4	00c7a023	sw	x12,0(x15)	 x15:0x00020000 x12:0x00000030 PA:0x00020000 store:0x00000030 load:0x00000000
           5062	      2527	001000f8	00754683	lbu	x13,7(x10)	 x10:0x001019fc x13=0x00000020 PA:0x00101a03 store:0x00000020
           5064	      2528	001000fc	00850513	addi	x10,x10,8	 x10:0x001019fc x10=0x00101a04
           5066	      2529	00100100	00068863	beq	x13,x0,100110	 x13:0x00000020  x0:0x00000000
           5070	      2531	00100104	00d7a023	sw	x13,0(x15)	 x15:0x00020000 x13:0x00000020 PA:0x00020000 store:0x00000020 load:0x00000000
           5074	      2533	00100108	00054803	lbu	x16,0(x10)	 x10:0x00101a04 x16=0x00000064 PA:0x00101a04 store:0x00000000
           5078	      2535	0010010c	fa0810e3	bne	x16,x0,1000ac	 x16:0x00000064  x0:0x00000000
           5084	      2538	001000ac	0107a023	sw	x16,0(x15)	 x15:0x00020000 x16:0x00000064 PA:0x00020000 store:0x00000064 load:0x00000000
           5088	      2540	001000b0	00154703	lbu	x14,1(x10)	 x10:0x00101a04 x14=0x00000069 PA:0x00101a05 store:0x001011f0
           5090	      2541	001000b4	04070e63	beq	x14,x0,100110	 x14:0x00000069  x0:0x00000000
           5094	      2543	001000b8	00e7a023	sw	x14,0(x15)	 x15:0x00020000 x14:0x00000069 PA:0x00020000 store:0x00000069 load:0x00000000
           5098	      2545	001000bc	00254283	lbu	x5,2(x10)	 x10:0x00101a04  x5=0x00000076 PA:0x00101a06 store:0x00137fa0
           5100	      2546	001000c0	04028863	beq	x5,x0,100110	  x5:0x00000076  x0:0x00000000
           5104	      2548	001000c4	0057a023	sw	x5,0(x15)	 x15:0x00020000  x5:0x00000076 PA:0x00020000 store:0x00000076 load:0x00000000
           5108	      2550	001000c8	00354303	lbu	x6,3(x10)	 x10:0x00101a04  x6=0x00000069 PA:0x00101a07 store:0x00000000
           5110	      2551	001000cc	04030263	beq	x6,x0,100110	  x6:0x00000069  x0:0x00000000
           5114	      2553	001000d0	0067a023	sw	x6,0(x15)	 x15:0x00020000  x6:0x00000069 PA:0x00020000 store:0x00000069 load:0x00000000
           5118	      2555	001000d4	00454383	lbu	x7,4(x10)	 x10:0x00101a04  x7=0x00000073 PA:0x00101a08 store:0x00000000
           5120	      2556	001000d8	02038c63	beq	x7,x0,100110	  x7:0x00000073  x0:0x00000000
           5124	      2558	001000dc	0077a023	sw	x7,0(x15)	 x15:0x00020000  x7:0x00000073 PA:0x00020000 store:0x00000073 load:0x00000000
           5128	      2560	001000e0	00554583	lbu	x11,5(x10)	 x10:0x00101a04 x11=0x00000069 PA:0x00101a09 store:0x00000076
           5130	      2561	001000e4	02058663	beq	x11,x0,100110	 x11:0x00000069  x0:0x00000000
           5134	      2563	001000e8	00b7a023	sw	x11,0(x15)	 x15:0x00020000 x11:0x00000069 PA:0x00020000 store:0x00000069 load:0x00000000
           5138	      2565	001000ec	00654603	lbu	x12,6(x10)	 x10:0x00101a04 x12=0x0000006f PA:0x00101a0a store:0x00000069
           5140	      2566	001000f0	02060063	beq	x12,x0,100110	 x12:0x0000006f  x0:0x00000000
           5144	      2568	001000f4	00c7a023	sw	x12,0(x15)	 x15:0x00020000 x12:0x0000006f PA:0x00020000 store:0x0000006f load:0x00000000
           5148	      2570	001000f8	00754683	lbu	x13,7(x10)	 x10:0x00101a04 x13=0x0000006e PA:0x00101a0b store:0x00000073
           5150	      2571	001000fc	00850513	addi	x10,x10,8	 x10:0x00101a04 x10=0x00101a0c
           5152	      2572	00100100	00068863	beq	x13,x0,100110	 x13:0x0000006e  x0:0x00000000
           5156	      2574	00100104	00d7a023	sw	x13,0(x15)	 x15:0x00020000 x13:0x0000006e PA:0x00020000 store:0x0000006e load:0x00000000
           5160	      2576	00100108	00054803	lbu	x16,0(x10)	 x10:0x00101a0c x16=0x00000073 PA:0x00101a0c store:0x00000000
           5164	      2578	0010010c	fa0810e3	bne	x16,x0,1000ac	 x16:0x00000073  x0:0x00000000
           5170	      2581	001000ac	0107a023	sw	x16,0(x15)	 x15:0x00020000 x16:0x00000073 PA:0x00020000 store:0x00000073 load:0x00000000
           5174	      2583	001000b0	00154703	lbu	x14,1(x10)	 x10:0x00101a0c x14=0x0000003a PA:0x00101a0d store:0x001011f0
           5176	      2584	001000b4	04070e63	beq	x14,x0,100110	 x14:0x0000003a  x0:0x00000000
           5180	      2586	001000b8	00e7a023	sw	x14,0(x15)	 x15:0x00020000 x14:0x0000003a PA:0x00020000 store:0x0000003a load:0x00000000
           5184	      2588	001000bc	00254283	lbu	x5,2(x10)	 x10:0x00101a0c  x5=0x00000000 PA:0x00101a0e store:0x00137fa0
           5188	      2590	001000c0	04028863	beq	x5,x0,100110	  x5:0x00000000  x0:0x00000000
           5192	      2592	00100110	00000513	addi	x10,x0,0	  x0:0x00000000 x10=0x00000000
           5196	      2594	00100114	00008067	jalr	x0,0(x1)	  x1:0x001011f0  x0=0x00000000
           5198	      2595	001011f0	00102b37	lui	x22,0x102	 x22=0x00102000
           5210	      2601	001011f4	01400d13	addi	x26,x0,20	  x0:0x00000000 x26=0x00000014
           5212	      2602	001011f8	d089a987	flw	f19,-760(x19)	 f19:0x00102000 f19=0x00000000 PA:0x00101d08 store:0x4598f2e4
           5214	      2603	001011fc	d24baa07	flw	f20,-732(x23)	 f23:0x00102000 f20=0x00000000 PA:0x00101d24 store:0x442e010d
           5236	      2614	00101200	a10a8513	addi	x10,x21,-1520	 x21:0x00102000 x10=0x00101a10
           5238	      2615	00101204	1949fad3	fdiv.s	f21,f19,f20	 f19:0x00102000 f20:0x00102000 f21=0x00000000
           5244	      2618	00101208	d159a427	fsw	f21,-760(x19)	 f19:0x00102000 f21:0x00102000 PA:0x00101d08 store:0x40771efb load:0x42f67c6a
           5252	      2622	0010120c	d089ae07	flw	f28,-760(x19)	 f19:0x00102000 f28=0x00000000 PA:0x00101d08 store:0x4598f2e4
           5258	      2625	00101210	e00e0dd3	fmv.x.w	x27,f28	 f28:0x00020000 x27=0x40771efb
           5260	      2626	00101214	cfba2c23	sw	x27,-776(x20)	 x20:0x00102000 x27:0x40771efb PA:0x00101cf8 store:0x40771efb load:0x40771efb
           5264	      2628	00101218	e89fe0ef	jal	x1,1000a0	  x1=0x0010121c
           5268	      2630	001000a0	00054803	lbu	x16,0(x10)	 x10:0x00101a10 x16=0x0000000a PA:0x00101a10 store:0x00000000
           5270	      2631	001000a4	06080663	beq	x16,x0,100110	 x16:0x0000000a  x0:0x00000000
           5272	      2632	001000a8	000207b7	lui	x15,0x20	 x15=0x00020000
           5276	      2634	001000ac	0107a023	sw	x16,0(x15)	 x15:0x00020000 x16:0x0000000a PA:0x00020000 store:0x0000000a load:0x00000000
           5280	      2636	001000b0	00154703	lbu	x14,1(x10)	 x10:0x00101a10 x14=0x00000020 PA:0x00101a11 store:0x0010121c
           5282	      2637	001000b4	04070e63	beq	x14,x0,100110	 x14:0x00000020  x0:0x00000000
           5286	      2639	001000b8	00e7a023	sw	x14,0(x15)	 x15:0x00020000 x14:0x00000020 PA:0x00020000 store:0x00000020 load:0x00000000
           5290	      2641	001000bc	00254283	lbu	x5,2(x10)	 x10:0x00101a10  x5=0x00000069 PA:0x00101a12 store:0x00137fa0
           5292	      2642	001000c0	04028863	beq	x5,x0,100110	  x5:0x00000069  x0:0x00000000
           5296	      2644	001000c4	0057a023	sw	x5,0(x15)	 x15:0x00020000  x5:0x00000069 PA:0x00020000 store:0x00000069 load:0x00000000
           5300	      2646	001000c8	00354303	lbu	x6,3(x10)	 x10:0x00101a10  x6=0x0000003d PA:0x00101a13 store:0x00000000
           5302	      2647	001000cc	04030263	beq	x6,x0,100110	  x6:0x0000003d  x0:0x00000000
           5306	      2649	001000d0	0067a023	sw	x6,0(x15)	 x15:0x00020000  x6:0x0000003d PA:0x00020000 store:0x0000003d load:0x00000000
           5310	      2651	001000d4	00454383	lbu	x7,4(x10)	 x10:0x00101a10  x7=0x00000000 PA:0x00101a14 store:0x00000000
           5314	      2653	001000d8	02038c63	beq	x7,x0,100110	  x7:0x00000000  x0:0x00000000
           5318	      2655	00100110	00000513	addi	x10,x0,0	  x0:0x00000000 x10=0x00000000
           5322	      2657	00100114	00008067	jalr	x0,0(x1)	  x1:0x0010121c  x0=0x00000000
           5324	      2658	0010121c	000c0513	addi	x10,x24,0	 x24:0x00000000 x10=0x00000000
           5328	      2660	00101220	f01fe0ef	jal	x1,100120	  x1=0x00101224
           5330	      2661	00100120	01c55793	srli	x15,x10,0x1c	 x10:0x00000000 x15=0x00000000
           5332	      2662	00100124	00900713	addi	x14,x0,9	  x0:0x00000000 x14=0x00000009
           5336	      2664	00100128	0cf77a63	bgeu	x14,x15,1001fc	 x14:0x00000009 x15:0x00000000
           5340	      2666	001001fc	03078393	addi	x7,x15,48	 x15:0x00000000  x7=0x00000030
           5342	      2667	00100200	000205b7	lui	x11,0x20	 x11=0x00020000
           5344	      2668	00100204	00451613	slli	x12,x10,0x4	 x10:0x00000000 x12=0x00000000
           5348	      2670	00100208	0075a023	sw	x7,0(x11)	 x11:0x00020000  x7:0x00000030 PA:0x00020000 store:0x00000030 load:0x00000000
           5350	      2671	0010020c	01c65693	srli	x13,x12,0x1c	 x12:0x00000000 x13=0x00000000
           5352	      2672	00100210	00900813	addi	x16,x0,9	  x0:0x00000000 x16=0x00000009
           5354	      2673	00100214	f2d86ae3	bltu	x16,x13,100148	 x16:0x00000009 x13:0x00000000
           5356	      2674	00100218	03068e93	addi	x29,x13,48	 x13:0x00000000 x29=0x00000030
           5358	      2675	0010021c	00020f37	lui	x30,0x20	 x30=0x00020000
           5360	      2676	00100220	00851f93	slli	x31,x10,0x8	 x10:0x00000000 x31=0x00000000
           5364	      2678	00100224	01df2023	sw	x29,0(x30)	 x30:0x00020000 x29:0x00000030 PA:0x00020000 store:0x00000030 load:0x00000000
           5366	      2679	00100228	01cfd793	srli	x15,x31,0x1c	 x31:0x00000000 x15=0x00000000
           5368	      2680	0010022c	00900713	addi	x14,x0,9	  x0:0x00000000 x14=0x00000009
           5370	      2681	00100230	f2f76ae3	bltu	x14,x15,100164	 x14:0x00000009 x15:0x00000000
           5372	      2682	00100234	03078393	addi	x7,x15,48	 x15:0x00000000  x7=0x00000030
           5374	      2683	00100238	000205b7	lui	x11,0x20	 x11=0x00020000
           5376	      2684	0010023c	00c51613	slli	x12,x10,0xc	 x10:0x00000000 x12=0x00000000
           5380	      2686	00100240	0075a023	sw	x7,0(x11)	 x11:0x00020000  x7:0x00000030 PA:0x00020000 store:0x00000030 load:0x00000000
           5382	      2687	00100244	01c65693	srli	x13,x12,0x1c	 x12:0x00000000 x13=0x00000000
           5384	      2688	00100248	00900813	addi	x16,x0,9	  x0:0x00000000 x16=0x00000009
           5386	      2689	0010024c	f2d86ae3	bltu	x16,x13,100180	 x16:0x00000009 x13:0x00000000
           5388	      2690	00100250	03068e93	addi	x29,x13,48	 x13:0x00000000 x29=0x00000030
           5390	      2691	00100254	00020f37	lui	x30,0x20	 x30=0x00020000
           5392	      2692	00100258	01051f93	slli	x31,x10,0x10	 x10:0x00000000 x31=0x00000000
           5396	      2694	0010025c	01df2023	sw	x29,0(x30)	 x30:0x00020000 x29:0x00000030 PA:0x00020000 store:0x00000030 load:0x00000000
           5398	      2695	00100260	01cfd793	srli	x15,x31,0x1c	 x31:0x00000000 x15=0x00000000
           5400	      2696	00100264	00900713	addi	x14,x0,9	  x0:0x00000000 x14=0x00000009
           5402	      2697	00100268	f2f76ae3	bltu	x14,x15,10019c	 x14:0x00000009 x15:0x00000000
           5404	      2698	0010026c	03078393	addi	x7,x15,48	 x15:0x00000000  x7=0x00000030
           5406	      2699	00100270	000205b7	lui	x11,0x20	 x11=0x00020000
           5408	      2700	00100274	01451613	slli	x12,x10,0x14	 x10:0x00000000 x12=0x00000000
           5412	      2702	00100278	0075a023	sw	x7,0(x11)	 x11:0x00020000  x7:0x00000030 PA:0x00020000 store:0x00000030 load:0x00000000
           5414	      2703	0010027c	01c65693	srli	x13,x12,0x1c	 x12:0x00000000 x13=0x00000000
           5416	      2704	00100280	00900813	addi	x16,x0,9	  x0:0x00000000 x16=0x00000009
           5418	      2705	00100284	f2d86ae3	bltu	x16,x13,1001b8	 x16:0x00000009 x13:0x00000000
           5420	      2706	00100288	03068e93	addi	x29,x13,48	 x13:0x00000000 x29=0x00000030
           5422	      2707	0010028c	00020f37	lui	x30,0x20	 x30=0x00020000
           5424	      2708	00100290	01851f93	slli	x31,x10,0x18	 x10:0x00000000 x31=0x00000000
           5428	      2710	00100294	01df2023	sw	x29,0(x30)	 x30:0x00020000 x29:0x00000030 PA:0x00020000 store:0x00000030 load:0x00000000
           5430	      2711	00100298	01cfd793	srli	x15,x31,0x1c	 x31:0x00000000 x15=0x00000000
           5432	      2712	0010029c	00900713	addi	x14,x0,9	  x0:0x00000000 x14=0x00000009
           5434	      2713	001002a0	f2f76ae3	bltu	x14,x15,1001d4	 x14:0x00000009 x15:0x00000000
           5436	      2714	001002a4	03078393	addi	x7,x15,48	 x15:0x00000000  x7=0x00000030
           5438	      2715	001002a8	000205b7	lui	x11,0x20	 x11=0x00020000
           5442	      2717	001002ac	0075a023	sw	x7,0(x11)	 x11:0x00020000  x7:0x00000030 PA:0x00020000 store:0x00000030 load:0x00000000
           5444	      2718	001002b0	00f57513	andi	x10,x10,15	 x10:0x00000000 x10=0x00000000
           5446	      2719	001002b4	00900613	addi	x12,x0,9	  x0:0x00000000 x12=0x00000009
           5450	      2721	001002b8	f2a67ae3	bgeu	x12,x10,1001ec	 x12:0x00000009 x10:0x00000000
           5454	      2723	001001ec	03050893	addi	x17,x10,48	 x10:0x00000000 x17=0x00000030
           5456	      2724	001001f0	00020e37	lui	x28,0x20	 x28=0x00020000
           5460	      2726	001001f4	011e2023	sw	x17,0(x28)	 x28:0x00020000 x17:0x00000030 PA:0x00020000 store:0x00000030 load:0x00000000
           5464	      2728	001001f8	00008067	jalr	x0,0(x1)	  x1:0x00101224  x0=0x00000000
           5466	      2729	00101224	a18b0513	addi	x10,x22,-1512	 x22:0x00102000 x10=0x00101a18
           5470	      2731	00101228	e79fe0ef	jal	x1,1000a0	  x1=0x0010122c
           5474	      2733	001000a0	00054803	lbu	x16,0(x10)	 x10:0x00101a18 x16=0x00000020 PA:0x00101a18 store:0x00000000
           5476	      2734	001000a4	06080663	beq	x16,x0,100110	 x16:0x00000020  x0:0x00000000
           5478	      2735	001000a8	000207b7	lui	x15,0x20	 x15=0x00020000
           5482	      2737	001000ac	0107a023	sw	x16,0(x15)	 x15:0x00020000 x16:0x00000020 PA:0x00020000 store:0x00000020 load:0x00000000
           5486	      2739	001000b0	00154703	lbu	x14,1(x10)	 x10:0x00101a18 x14=0x00000072 PA:0x00101a19 store:0x0010122c
           5488	      2740	001000b4	04070e63	beq	x14,x0,100110	 x14:0x00000072  x0:0x00000000
           5492	      2742	001000b8	00e7a023	sw	x14,0(x15)	 x15:0x00020000 x14:0x00000072 PA:0x00020000 store:0x00000072 load:0x00000000
           5496	      2744	001000bc	00254283	lbu	x5,2(x10)	 x10:0x00101a18  x5=0x00000065 PA:0x00101a1a store:0x00137fa0
           5498	      2745	001000c0	04028863	beq	x5,x0,100110	  x5:0x00000065  x0:0x00000000
           5502	      2747	001000c4	0057a023	sw	x5,0(x15)	 x15:0x00020000  x5:0x00000065 PA:0x00020000 store:0x00000065 load:0x00000000
           5506	      2749	001000c8	00354303	lbu	x6,3(x10)	 x10:0x00101a18  x6=0x00000073 PA:0x00101a1b store:0x00000000
           5508	      2750	001000cc	04030263	beq	x6,x0,100110	  x6:0x00000073  x0:0x00000000
           5512	      2752	001000d0	0067a023	sw	x6,0(x15)	 x15:0x00020000  x6:0x00000073 PA:0x00020000 store:0x00000073 load:0x00000000
           5516	      2754	001000d4	00454383	lbu	x7,4(x10)	 x10:0x00101a18  x7=0x00000075 PA:0x00101a1c store:0x00000000
           5518	      2755	001000d8	02038c63	beq	x7,x0,100110	  x7:0x00000075  x0:0x00000000
           5522	      2757	001000dc	0077a023	sw	x7,0(x15)	 x15:0x00020000  x7:0x00000075 PA:0x00020000 store:0x00000075 load:0x00000000
           5526	      2759	001000e0	00554583	lbu	x11,5(x10)	 x10:0x00101a18 x11=0x0000006c PA:0x00101a1d store:0x00000065
           5528	      2760	001000e4	02058663	beq	x11,x0,100110	 x11:0x0000006c  x0:0x00000000
           5532	      2762	001000e8	00b7a023	sw	x11,0(x15)	 x15:0x00020000 x11:0x0000006c PA:0x00020000 store:0x0000006c load:0x00000000
           5536	      2764	001000ec	00654603	lbu	x12,6(x10)	 x10:0x00101a18 x12=0x00000074 PA:0x00101a1e store:0x00000073
           5538	      2765	001000f0	02060063	beq	x12,x0,100110	 x12:0x00000074  x0:0x00000000
           5542	      2767	001000f4	00c7a023	sw	x12,0(x15)	 x15:0x00020000 x12:0x00000074 PA:0x00020000 store:0x00000074 load:0x00000000
           5546	      2769	001000f8	00754683	lbu	x13,7(x10)	 x10:0x00101a18 x13=0x0000003a PA:0x00101a1f store:0x00000075
           5548	      2770	001000fc	00850513	addi	x10,x10,8	 x10:0x00101a18 x10=0x00101a20
           5550	      2771	00100100	00068863	beq	x13,x0,100110	 x13:0x0000003a  x0:0x00000000
           5554	      2773	00100104	00d7a023	sw	x13,0(x15)	 x15:0x00020000 x13:0x0000003a PA:0x00020000 store:0x0000003a load:0x00000000
           5558	      2775	00100108	00054803	lbu	x16,0(x10)	 x10:0x00101a20 x16=0x00000020 PA:0x00101a20 store:0x00000000
           5562	      2777	0010010c	fa0810e3	bne	x16,x0,1000ac	 x16:0x00000020  x0:0x00000000
           5568	      2780	001000ac	0107a023	sw	x16,0(x15)	 x15:0x00020000 x16:0x00000020 PA:0x00020000 store:0x00000020 load:0x00000000
           5572	      2782	001000b0	00154703	lbu	x14,1(x10)	 x10:0x00101a20 x14=0x00000000 PA:0x00101a21 store:0x0010122c
           5576	      2784	001000b4	04070e63	beq	x14,x0,100110	 x14:0x00000000  x0:0x00000000
           5580	      2786	00100110	00000513	addi	x10,x0,0	  x0:0x00000000 x10=0x00000000
           5584	      2788	00100114	00008067	jalr	x0,0(x1)	  x1:0x0010122c  x0=0x00000000
           5588	      2790	0010122c	cf8a2503	lw	x10,-776(x20)	 x20:0x00102000 x10=0x40771efb PA:0x00101cf8 store:0x00000000
           5590	      2791	00101230	001c0d93	addi	x27,x24,1	 x24:0x00000000 x27=0x00000001
           5594	      2793	00101234	eedfe0ef	jal	x1,100120	  x1=0x00101238
           5596	      2794	00100120	01c55793	srli	x15,x10,0x1c	 x10:0x40771efb x15=0x00000004
           5598	      2795	00100124	00900713	addi	x14,x0,9	  x0:0x00000000 x14=0x00000009
           5602	      2797	00100128	0cf77a63	bgeu	x14,x15,1001fc	 x14:0x00000009 x15:0x00000004
           5606	      2799	001001fc	03078393	addi	x7,x15,48	 x15:0x00000004  x7=0x00000034
           5608	      2800	00100200	000205b7	lui	x11,0x20	 x11=0x00020000
           5610	      2801	00100204	00451613	slli	x12,x10,0x4	 x10:0x40771efb x12=0x0771efb0
           5614	      2803	00100208	0075a023	sw	x7,0(x11)	 x11:0x00020000  x7:0x00000034 PA:0x00020000 store:0x00000034 load:0x00000000
           5616	      2804	0010020c	01c65693	srli	x13,x12,0x1c	 x12:0x0771efb0 x13=0x00000000
           5618	      2805	00100210	00900813	addi	x16,x0,9	  x0:0x00000000 x16=0x00000009
           5620	      2806	00100214	f2d86ae3	bltu	x16,x13,100148	 x16:0x00000009 x13:0x00000000
           5622	      2807	00100218	03068e93	addi	x29,x13,48	 x13:0x00000000 x29=0x00000030
           5624	      2808	0010021c	00020f37	lui	x30,0x20	 x30=0x00020000
           5626	      2809	00100220	00851f93	slli	x31,x10,0x8	 x10:0x40771efb x31=0x771efb00
           5630	      2811	00100224	01df2023	sw	x29,0(x30)	 x30:0x00020000 x29:0x00000030 PA:0x00020000 store:0x00000030 load:0x00000000
           5632	      2812	00100228	01cfd793	srli	x15,x31,0x1c	 x31:0x771efb00 x15=0x00000007
           5634	      2813	0010022c	00900713	addi	x14,x0,9	  x0:0x00000000 x14=0x00000009
           5636	      2814	00100230	f2f76ae3	bltu	x14,x15,100164	 x14:0x00000009 x15:0x00000007
           5638	      2815	00100234	03078393	addi	x7,x15,48	 x15:0x00000007  x7=0x00000037
           5640	      2816	00100238	000205b7	lui	x11,0x20	 x11=0x00020000
           5642	      2817	0010023c	00c51613	slli	x12,x10,0xc	 x10:0x40771efb x12=0x71efb000
           5646	      2819	00100240	0075a023	sw	x7,0(x11)	 x11:0x00020000  x7:0x00000037 PA:0x00020000 store:0x00000037 load:0x00000000
           5648	      2820	00100244	01c65693	srli	x13,x12,0x1c	 x12:0x71efb000 x13=0x00000007
           5650	      2821	00100248	00900813	addi	x16,x0,9	  x0:0x00000000 x16=0x00000009
           5652	      2822	0010024c	f2d86ae3	bltu	x16,x13,100180	 x16:0x00000009 x13:0x00000007
           5654	      2823	00100250	03068e93	addi	x29,x13,48	 x13:0x00000007 x29=0x00000037
           5656	      2824	00100254	00020f37	lui	x30,0x20	 x30=0x00020000
           5658	      2825	00100258	01051f93	slli	x31,x10,0x10	 x10:0x40771efb x31=0x1efb0000
           5662	      2827	0010025c	01df2023	sw	x29,0(x30)	 x30:0x00020000 x29:0x00000037 PA:0x00020000 store:0x00000037 load:0x00000000
           5664	      2828	00100260	01cfd793	srli	x15,x31,0x1c	 x31:0x1efb0000 x15=0x00000001
           5666	      2829	00100264	00900713	addi	x14,x0,9	  x0:0x00000000 x14=0x00000009
           5668	      2830	00100268	f2f76ae3	bltu	x14,x15,10019c	 x14:0x00000009 x15:0x00000001
           5670	      2831	0010026c	03078393	addi	x7,x15,48	 x15:0x00000001  x7=0x00000031
           5672	      2832	00100270	000205b7	lui	x11,0x20	 x11=0x00020000
           5674	      2833	00100274	01451613	slli	x12,x10,0x14	 x10:0x40771efb x12=0xefb00000
           5678	      2835	00100278	0075a023	sw	x7,0(x11)	 x11:0x00020000  x7:0x00000031 PA:0x00020000 store:0x00000031 load:0x00000000
           5680	      2836	0010027c	01c65693	srli	x13,x12,0x1c	 x12:0xefb00000 x13=0x0000000e
           5682	      2837	00100280	00900813	addi	x16,x0,9	  x0:0x00000000 x16=0x00000009
           5686	      2839	00100284	f2d86ae3	bltu	x16,x13,1001b8	 x16:0x00000009 x13:0x0000000e
           5690	      2841	001001b8	03768893	addi	x17,x13,55	 x13:0x0000000e x17=0x00000045
           5692	      2842	001001bc	00020e37	lui	x28,0x20	 x28=0x00020000
           5694	      2843	001001c0	01851f93	slli	x31,x10,0x18	 x10:0x40771efb x31=0xfb000000
           5698	      2845	001001c4	011e2023	sw	x17,0(x28)	 x28:0x00020000 x17:0x00000045 PA:0x00020000 store:0x00000045 load:0x00000000
           5700	      2846	001001c8	01cfd793	srli	x15,x31,0x1c	 x31:0xfb000000 x15=0x0000000f
           5702	      2847	001001cc	00900713	addi	x14,x0,9	  x0:0x00000000 x14=0x00000009
           5704	      2848	001001d0	0cf77a63	bgeu	x14,x15,1002a4	 x14:0x00000009 x15:0x0000000f
           5706	      2849	001001d4	03778293	addi	x5,x15,55	 x15:0x0000000f  x5=0x00000046
           5708	      2850	001001d8	00020337	lui	x6,0x20	  x6=0x00020000
           5712	      2852	001001dc	00532023	sw	x5,0(x6)	  x6:0x00020000  x5:0x00000046 PA:0x00020000 store:0x00000046 load:0x00000000
           5714	      2853	001001e0	00f57513	andi	x10,x10,15	 x10:0x40771efb x10=0x0000000b
           5716	      2854	001001e4	00900613	addi	x12,x0,9	  x0:0x00000000 x12=0x00000009
           5720	      2856	001001e8	0ca66a63	bltu	x12,x10,1002bc	 x12:0x00000009 x10:0x0000000b
           5724	      2858	001002bc	03750693	addi	x13,x10,55	 x10:0x0000000b x13=0x00000042
           5726	      2859	001002c0	00020837	lui	x16,0x20	 x16=0x00020000
           5730	      2861	001002c4	00d82023	sw	x13,0(x16)	 x16:0x00020000 x13:0x00000042 PA:0x00020000 store:0x00000042 load:0x00000000
           5744	      2868	001002c8	00008067	jalr	x0,0(x1)	  x1:0x00101238  x0=0x00000000
           5746	      2869	00101238	d089ae87	flw	f29,-760(x19)	 f19:0x00102000 f29=0x00000000 PA:0x00101d08 store:0x4598f2e4
           5748	      2870	0010123c	d24baf07	flw	f30,-732(x23)	 f23:0x00102000 f30=0x00000000 PA:0x00101d24 store:0x442e010d
           5770	      2881	00101240	a10a8513	addi	x10,x21,-1520	 x21:0x00102000 x10=0x00101a10
           5772	      2882	00101244	19eeffd3	fdiv.s	f31,f29,f30	 f29:0x00000037 f30:0x00020000 f31=0x00000000
           5778	      2885	00101248	d1f9a427	fsw	f31,-760(x19)	 f19:0x00102000 f31:0xfb000000 PA:0x00101d08 store:0x3d00546c load:0x42f67c6a
           5786	      2889	0010124c	d089a007	flw	f0,-760(x19)	 f19:0x00102000  f0=0x00000000 PA:0x00101d08 store:0x4598f2e4
           5792	      2892	00101250	e0000e53	fmv.x.w	x28,f0	  f0:0x00000000 x28=0x3d00546c
           5794	      2893	00101254	cfca2c23	sw	x28,-776(x20)	 x20:0x00102000 x28:0x3d00546c PA:0x00101cf8 store:0x3d00546c load:0x3d00546c
           5798	      2895	00101258	e49fe0ef	jal	x1,1000a0	  x1=0x0010125c
           5802	      2897	001000a0	00054803	lbu	x16,0(x10)	 x10:0x00101a10 x16=0x0000000a PA:0x00101a10 store:0x00000000
           5804	      2898	001000a4	06080663	beq	x16,x0,100110	 x16:0x0000000a  x0:0x00000000
           5806	      2899	001000a8	000207b7	lui	x15,0x20	 x15=0x00020000
           5810	      2901	001000ac	0107a023	sw	x16,0(x15)	 x15:0x00020000 x16:0x0000000a PA:0x00020000 store:0x0000000a load:0x00000000
           5814	      2903	001000b0	00154703	lbu	x14,1(x10)	 x10:0x00101a10 x14=0x00000020 PA:0x00101a11 store:0x0010125c
           5816	      2904	001000b4	04070e63	beq	x14,x0,100110	 x14:0x00000020  x0:0x00000000
           5820	      2906	001000b8	00e7a023	sw	x14,0(x15)	 x15:0x00020000 x14:0x00000020 PA:0x00020000 store:0x00000020 load:0x00000000
           5824	      2908	001000bc	00254283	lbu	x5,2(x10)	 x10:0x00101a10  x5=0x00000069 PA:0x00101a12 store:0x00137fa0
           5826	      2909	001000c0	04028863	beq	x5,x0,100110	  x5:0x00000069  x0:0x00000000
           5830	      2911	001000c4	0057a023	sw	x5,0(x15)	 x15:0x00020000  x5:0x00000069 PA:0x00020000 store:0x00000069 load:0x00000000
           5834	      2913	001000c8	00354303	lbu	x6,3(x10)	 x10:0x00101a10  x6=0x0000003d PA:0x00101a13 store:0x00000000
           5836	      2914	001000cc	04030263	beq	x6,x0,100110	  x6:0x0000003d  x0:0x00000000
           5840	      2916	001000d0	0067a023	sw	x6,0(x15)	 x15:0x00020000  x6:0x0000003d PA:0x00020000 store:0x0000003d load:0x00000000
           5844	      2918	001000d4	00454383	lbu	x7,4(x10)	 x10:0x00101a10  x7=0x00000000 PA:0x00101a14 store:0x00000000
           5848	      2920	001000d8	02038c63	beq	x7,x0,100110	  x7:0x00000000  x0:0x00000000
           5852	      2922	00100110	00000513	addi	x10,x0,0	  x0:0x00000000 x10=0x00000000
           5856	      2924	00100114	00008067	jalr	x0,0(x1)	  x1:0x0010125c  x0=0x00000000
           5858	      2925	0010125c	000d8513	addi	x10,x27,0	 x27:0x00000001 x10=0x00000001
           5862	      2927	00101260	ec1fe0ef	jal	x1,100120	  x1=0x00101264
           5864	      2928	00100120	01c55793	srli	x15,x10,0x1c	 x10:0x00000001 x15=0x00000000
           5866	      2929	00100124	00900713	addi	x14,x0,9	  x0:0x00000000 x14=0x00000009
           5870	      2931	00100128	0cf77a63	bgeu	x14,x15,1001fc	 x14:0x00000009 x15:0x00000000
           5874	      2933	001001fc	03078393	addi	x7,x15,48	 x15:0x00000000  x7=0x00000030
           5876	      2934	00100200	000205b7	lui	x11,0x20	 x11=0x00020000
           5878	      2935	00100204	00451613	slli	x12,x10,0x4	 x10:0x00000001 x12=0x00000010
           5882	      2937	00100208	0075a023	sw	x7,0(x11)	 x11:0x00020000  x7:0x00000030 PA:0x00020000 store:0x00000030 load:0x00000000
           5884	      2938	0010020c	01c65693	srli	x13,x12,0x1c	 x12:0x00000010 x13=0x00000000
           5886	      2939	00100210	00900813	addi	x16,x0,9	  x0:0x00000000 x16=0x00000009
           5888	      2940	00100214	f2d86ae3	bltu	x16,x13,100148	 x16:0x00000009 x13:0x00000000
           5890	      2941	00100218	03068e93	addi	x29,x13,48	 x13:0x00000000 x29=0x00000030
           5892	      2942	0010021c	00020f37	lui	x30,0x20	 x30=0x00020000
           5894	      2943	00100220	00851f93	slli	x31,x10,0x8	 x10:0x00000001 x31=0x00000100
           5898	      2945	00100224	01df2023	sw	x29,0(x30)	 x30:0x00020000 x29:0x00000030 PA:0x00020000 store:0x00000030 load:0x00000000
           5900	      2946	00100228	01cfd793	srli	x15,x31,0x1c	 x31:0x00000100 x15=0x00000000
           5902	      2947	0010022c	00900713	addi	x14,x0,9	  x0:0x00000000 x14=0x00000009
           5904	      2948	00100230	f2f76ae3	bltu	x14,x15,100164	 x14:0x00000009 x15:0x00000000
           5906	      2949	00100234	03078393	addi	x7,x15,48	 x15:0x00000000  x7=0x00000030
           5908	      2950	00100238	000205b7	lui	x11,0x20	 x11=0x00020000
           5910	      2951	0010023c	00c51613	slli	x12,x10,0xc	 x10:0x00000001 x12=0x00001000
           5914	      2953	00100240	0075a023	sw	x7,0(x11)	 x11:0x00020000  x7:0x00000030 PA:0x00020000 store:0x00000030 load:0x00000000
           5916	      2954	00100244	01c65693	srli	x13,x12,0x1c	 x12:0x00001000 x13=0x00000000
           5918	      2955	00100248	00900813	addi	x16,x0,9	  x0:0x00000000 x16=0x00000009
           5920	      2956	0010024c	f2d86ae3	bltu	x16,x13,100180	 x16:0x00000009 x13:0x00000000
           5922	      2957	00100250	03068e93	addi	x29,x13,48	 x13:0x00000000 x29=0x00000030
           5924	      2958	00100254	00020f37	lui	x30,0x20	 x30=0x00020000
           5926	      2959	00100258	01051f93	slli	x31,x10,0x10	 x10:0x00000001 x31=0x00010000
           5930	      2961	0010025c	01df2023	sw	x29,0(x30)	 x30:0x00020000 x29:0x00000030 PA:0x00020000 store:0x00000030 load:0x00000000
           5932	      2962	00100260	01cfd793	srli	x15,x31,0x1c	 x31:0x00010000 x15=0x00000000
           5934	      2963	00100264	00900713	addi	x14,x0,9	  x0:0x00000000 x14=0x00000009
           5936	      2964	00100268	f2f76ae3	bltu	x14,x15,10019c	 x14:0x00000009 x15:0x00000000
           5938	      2965	0010026c	03078393	addi	x7,x15,48	 x15:0x00000000  x7=0x00000030
           5940	      2966	00100270	000205b7	lui	x11,0x20	 x11=0x00020000
           5942	      2967	00100274	01451613	slli	x12,x10,0x14	 x10:0x00000001 x12=0x00100000
           5946	      2969	00100278	0075a023	sw	x7,0(x11)	 x11:0x00020000  x7:0x00000030 PA:0x00020000 store:0x00000030 load:0x00000000
           5948	      2970	0010027c	01c65693	srli	x13,x12,0x1c	 x12:0x00100000 x13=0x00000000
           5950	      2971	00100280	00900813	addi	x16,x0,9	  x0:0x00000000 x16=0x00000009
           5952	      2972	00100284	f2d86ae3	bltu	x16,x13,1001b8	 x16:0x00000009 x13:0x00000000
           5954	      2973	00100288	03068e93	addi	x29,x13,48	 x13:0x00000000 x29=0x00000030
           5956	      2974	0010028c	00020f37	lui	x30,0x20	 x30=0x00020000
           5958	      2975	00100290	01851f93	slli	x31,x10,0x18	 x10:0x00000001 x31=0x01000000
           5962	      2977	00100294	01df2023	sw	x29,0(x30)	 x30:0x00020000 x29:0x00000030 PA:0x00020000 store:0x00000030 load:0x00000000
           5964	      2978	00100298	01cfd793	srli	x15,x31,0x1c	 x31:0x01000000 x15=0x00000000
           5966	      2979	0010029c	00900713	addi	x14,x0,9	  x0:0x00000000 x14=0x00000009
           5968	      2980	001002a0	f2f76ae3	bltu	x14,x15,1001d4	 x14:0x00000009 x15:0x00000000
           5970	      2981	001002a4	03078393	addi	x7,x15,48	 x15:0x00000000  x7=0x00000030
           5972	      2982	001002a8	000205b7	lui	x11,0x20	 x11=0x00020000
           5976	      2984	001002ac	0075a023	sw	x7,0(x11)	 x11:0x00020000  x7:0x00000030 PA:0x00020000 store:0x00000030 load:0x00000000
           5978	      2985	001002b0	00f57513	andi	x10,x10,15	 x10:0x00000001 x10=0x00000001
           5980	      2986	001002b4	00900613	addi	x12,x0,9	  x0:0x00000000 x12=0x00000009
           5984	      2988	001002b8	f2a67ae3	bgeu	x12,x10,1001ec	 x12:0x00000009 x10:0x00000001
           5988	      2990	001001ec	03050893	addi	x17,x10,48	 x10:0x00000001 x17=0x00000031
           5990	      2991	001001f0	00020e37	lui	x28,0x20	 x28=0x00020000
           5994	      2993	001001f4	011e2023	sw	x17,0(x28)	 x28:0x00020000 x17:0x00000031 PA:0x00020000 store:0x00000031 load:0x00000000
           5998	      2995	001001f8	00008067	jalr	x0,0(x1)	  x1:0x00101264  x0=0x00000000
           6000	      2996	00101264	a18b0513	addi	x10,x22,-1512	 x22:0x00102000 x10=0x00101a18
           6004	      2998	00101268	e39fe0ef	jal	x1,1000a0	  x1=0x0010126c
           6008	      3000	001000a0	00054803	lbu	x16,0(x10)	 x10:0x00101a18 x16=0x00000020 PA:0x00101a18 store:0x00000000
           6010	      3001	001000a4	06080663	beq	x16,x0,100110	 x16:0x00000020  x0:0x00000000
           6012	      3002	001000a8	000207b7	lui	x15,0x20	 x15=0x00020000
           6016	      3004	001000ac	0107a023	sw	x16,0(x15)	 x15:0x00020000 x16:0x00000020 PA:0x00020000 store:0x00000020 load:0x00000000
           6020	      3006	001000b0	00154703	lbu	x14,1(x10)	 x10:0x00101a18 x14=0x00000072 PA:0x00101a19 store:0x0010126c
           6022	      3007	001000b4	04070e63	beq	x14,x0,100110	 x14:0x00000072  x0:0x00000000
           6026	      3009	001000b8	00e7a023	sw	x14,0(x15)	 x15:0x00020000 x14:0x00000072 PA:0x00020000 store:0x00000072 load:0x00000000
           6030	      3011	001000bc	00254283	lbu	x5,2(x10)	 x10:0x00101a18  x5=0x00000065 PA:0x00101a1a store:0x00137fa0
           6032	      3012	001000c0	04028863	beq	x5,x0,100110	  x5:0x00000065  x0:0x00000000
           6036	      3014	001000c4	0057a023	sw	x5,0(x15)	 x15:0x00020000  x5:0x00000065 PA:0x00020000 store:0x00000065 load:0x00000000
           6040	      3016	001000c8	00354303	lbu	x6,3(x10)	 x10:0x00101a18  x6=0x00000073 PA:0x00101a1b store:0x00000000
           6042	      3017	001000cc	04030263	beq	x6,x0,100110	  x6:0x00000073  x0:0x00000000
           6046	      3019	001000d0	0067a023	sw	x6,0(x15)	 x15:0x00020000  x6:0x00000073 PA:0x00020000 store:0x00000073 load:0x00000000
           6050	      3021	001000d4	00454383	lbu	x7,4(x10)	 x10:0x00101a18  x7=0x00000075 PA:0x00101a1c store:0x00000000
           6052	      3022	001000d8	02038c63	beq	x7,x0,100110	  x7:0x00000075  x0:0x00000000
           6056	      3024	001000dc	0077a023	sw	x7,0(x15)	 x15:0x00020000  x7:0x00000075 PA:0x00020000 store:0x00000075 load:0x00000000
           6060	      3026	001000e0	00554583	lbu	x11,5(x10)	 x10:0x00101a18 x11=0x0000006c PA:0x00101a1d store:0x00000065
           6062	      3027	001000e4	02058663	beq	x11,x0,100110	 x11:0x0000006c  x0:0x00000000
           6066	      3029	001000e8	00b7a023	sw	x11,0(x15)	 x15:0x00020000 x11:0x0000006c PA:0x00020000 store:0x0000006c load:0x00000000
           6070	      3031	001000ec	00654603	lbu	x12,6(x10)	 x10:0x00101a18 x12=0x00000074 PA:0x00101a1e store:0x00000073
           6072	      3032	001000f0	02060063	beq	x12,x0,100110	 x12:0x00000074  x0:0x00000000
           6076	      3034	001000f4	00c7a023	sw	x12,0(x15)	 x15:0x00020000 x12:0x00000074 PA:0x00020000 store:0x00000074 load:0x00000000
           6080	      3036	001000f8	00754683	lbu	x13,7(x10)	 x10:0x00101a18 x13=0x0000003a PA:0x00101a1f store:0x00000075
           6082	      3037	001000fc	00850513	addi	x10,x10,8	 x10:0x00101a18 x10=0x00101a20
           6084	      3038	00100100	00068863	beq	x13,x0,100110	 x13:0x0000003a  x0:0x00000000
           6088	      3040	00100104	00d7a023	sw	x13,0(x15)	 x15:0x00020000 x13:0x0000003a PA:0x00020000 store:0x0000003a load:0x00000000
           6092	      3042	00100108	00054803	lbu	x16,0(x10)	 x10:0x00101a20 x16=0x00000020 PA:0x00101a20 store:0x00000000
           6096	      3044	0010010c	fa0810e3	bne	x16,x0,1000ac	 x16:0x00000020  x0:0x00000000
           6102	      3047	001000ac	0107a023	sw	x16,0(x15)	 x15:0x00020000 x16:0x00000020 PA:0x00020000 store:0x00000020 load:0x00000000
           6106	      3049	001000b0	00154703	lbu	x14,1(x10)	 x10:0x00101a20 x14=0x00000000 PA:0x00101a21 store:0x0010126c
           6110	      3051	001000b4	04070e63	beq	x14,x0,100110	 x14:0x00000000  x0:0x00000000
           6114	      3053	00100110	00000513	addi	x10,x0,0	  x0:0x00000000 x10=0x00000000
           6118	      3055	00100114	00008067	jalr	x0,0(x1)	  x1:0x0010126c  x0=0x00000000
           6122	      3057	0010126c	cf8a2503	lw	x10,-776(x20)	 x20:0x00102000 x10=0x3d00546c PA:0x00101cf8 store:0x00000000
           6124	      3058	00101270	002c0d93	addi	x27,x24,2	 x24:0x00000000 x27=0x00000002
           6128	      3060	00101274	eadfe0ef	jal	x1,100120	  x1=0x00101278
           6130	      3061	00100120	01c55793	srli	x15,x10,0x1c	 x10:0x3d00546c x15=0x00000003
           6132	      3062	00100124	00900713	addi	x14,x0,9	  x0:0x00000000 x14=0x00000009
           6136	      3064	00100128	0cf77a63	bgeu	x14,x15,1001fc	 x14:0x00000009 x15:0x00000003
           6140	      3066	001001fc	03078393	addi	x7,x15,48	 x15:0x00000003  x7=0x00000033
           6142	      3067	00100200	000205b7	lui	x11,0x20	 x11=0x00020000
           6144	      3068	00100204	00451613	slli	x12,x10,0x4	 x10:0x3d00546c x12=0xd00546c0
           6148	      3070	00100208	0075a023	sw	x7,0(x11)	 x11:0x00020000  x7:0x00000033 PA:0x00020000 store:0x00000033 load:0x00000000
           6150	      3071	0010020c	01c65693	srli	x13,x12,0x1c	 x12:0xd00546c0 x13=0x0000000d
           6152	      3072	00100210	00900813	addi	x16,x0,9	  x0:0x00000000 x16=0x00000009
           6156	      3074	00100214	f2d86ae3	bltu	x16,x13,100148	 x16:0x00000009 x13:0x0000000d
           6160	      3076	00100148	03768893	addi	x17,x13,55	 x13:0x0000000d x17=0x00000044
           6162	      3077	0010014c	00020e37	lui	x28,0x20	 x28=0x00020000
           6164	      3078	00100150	00851f93	slli	x31,x10,0x8	 x10:0x3d00546c x31=0x00546c00
           6168	      3080	00100154	011e2023	sw	x17,0(x28)	 x28:0x00020000 x17:0x00000044 PA:0x00020000 store:0x00000044 load:0x00000000
           6170	      3081	00100158	01cfd793	srli	x15,x31,0x1c	 x31:0x00546c00 x15=0x00000000
           6172	      3082	0010015c	00900713	addi	x14,x0,9	  x0:0x00000000 x14=0x00000009
           6176	      3084	00100160	0cf77a63	bgeu	x14,x15,100234	 x14:0x00000009 x15:0x00000000
           6180	      3086	00100234	03078393	addi	x7,x15,48	 x15:0x00000000  x7=0x00000030
           6182	      3087	00100238	000205b7	lui	x11,0x20	 x11=0x00020000
           6184	      3088	0010023c	00c51613	slli	x12,x10,0xc	 x10:0x3d00546c x12=0x0546c000
           6188	      3090	00100240	0075a023	sw	x7,0(x11)	 x11:0x00020000  x7:0x00000030 PA:0x00020000 store:0x00000030 load:0x00000000
           6190	      3091	00100244	01c65693	srli	x13,x12,0x1c	 x12:0x0546c000 x13=0x00000000
           6192	      3092	00100248	00900813	addi	x16,x0,9	  x0:0x00000000 x16=0x00000009
           6194	      3093	0010024c	f2d86ae3	bltu	x16,x13,100180	 x16:0x00000009 x13:0x00000000
           6196	      3094	00100250	03068e93	addi	x29,x13,48	 x13:0x00000000 x29=0x00000030
           6198	      3095	00100254	00020f37	lui	x30,0x20	 x30=0x00020000
           6200	      3096	00100258	01051f93	slli	x31,x10,0x10	 x10:0x3d00546c x31=0x546c0000
           6204	      3098	0010025c	01df2023	sw	x29,0(x30)	 x30:0x00020000 x29:0x00000030 PA:0x00020000 store:0x00000030 load:0x00000000
           6206	      3099	00100260	01cfd793	srli	x15,x31,0x1c	 x31:0x546c0000 x15=0x00000005
           6208	      3100	00100264	00900713	addi	x14,x0,9	  x0:0x00000000 x14=0x00000009
           6210	      3101	00100268	f2f76ae3	bltu	x14,x15,10019c	 x14:0x00000009 x15:0x00000005
           6212	      3102	0010026c	03078393	addi	x7,x15,48	 x15:0x00000005  x7=0x00000035
           6214	      3103	00100270	000205b7	lui	x11,0x20	 x11=0x00020000
           6216	      3104	00100274	01451613	slli	x12,x10,0x14	 x10:0x3d00546c x12=0x46c00000
           6220	      3106	00100278	0075a023	sw	x7,0(x11)	 x11:0x00020000  x7:0x00000035 PA:0x00020000 store:0x00000035 load:0x00000000
           6222	      3107	0010027c	01c65693	srli	x13,x12,0x1c	 x12:0x46c00000 x13=0x00000004
           6224	      3108	00100280	00900813	addi	x16,x0,9	  x0:0x00000000 x16=0x00000009
           6226	      3109	00100284	f2d86ae3	bltu	x16,x13,1001b8	 x16:0x00000009 x13:0x00000004
           6228	      3110	00100288	03068e93	addi	x29,x13,48	 x13:0x00000004 x29=0x00000034
           6230	      3111	0010028c	00020f37	lui	x30,0x20	 x30=0x00020000
           6232	      3112	00100290	01851f93	slli	x31,x10,0x18	 x10:0x3d00546c x31=0x6c000000
           6236	      3114	00100294	01df2023	sw	x29,0(x30)	 x30:0x00020000 x29:0x00000034 PA:0x00020000 store:0x00000034 load:0x00000000
           6238	      3115	00100298	01cfd793	srli	x15,x31,0x1c	 x31:0x6c000000 x15=0x00000006
           6240	      3116	0010029c	00900713	addi	x14,x0,9	  x0:0x00000000 x14=0x00000009
           6242	      3117	001002a0	f2f76ae3	bltu	x14,x15,1001d4	 x14:0x00000009 x15:0x00000006
           6244	      3118	001002a4	03078393	addi	x7,x15,48	 x15:0x00000006  x7=0x00000036
           6246	      3119	001002a8	000205b7	lui	x11,0x20	 x11=0x00020000
           6250	      3121	001002ac	0075a023	sw	x7,0(x11)	 x11:0x00020000  x7:0x00000036 PA:0x00020000 store:0x00000036 load:0x00000000
           6252	      3122	001002b0	00f57513	andi	x10,x10,15	 x10:0x3d00546c x10=0x0000000c
           6254	      3123	001002b4	00900613	addi	x12,x0,9	  x0:0x00000000 x12=0x00000009
           6256	      3124	001002b8	f2a67ae3	bgeu	x12,x10,1001ec	 x12:0x00000009 x10:0x0000000c
           6258	      3125	001002bc	03750693	addi	x13,x10,55	 x10:0x0000000c x13=0x00000043
           6260	      3126	001002c0	00020837	lui	x16,0x20	 x16=0x00020000
           6264	      3128	001002c4	00d82023	sw	x13,0(x16)	 x16:0x00020000 x13:0x00000043 PA:0x00020000 store:0x00000043 load:0x00000000
           6278	      3135	001002c8	00008067	jalr	x0,0(x1)	  x1:0x00101278  x0=0x00000000
           6280	      3136	00101278	d089a087	flw	f1,-760(x19)	 f19:0x00102000  f1=0x00000000 PA:0x00101d08 store:0x4598f2e4
           6282	      3137	0010127c	d24ba107	flw	f2,-732(x23)	 f23:0x00102000  f2=0x00000000 PA:0x00101d24 store:0x442e010d
           6304	      3148	00101280	a10a8513	addi	x10,x21,-1520	 x21:0x00102000 x10=0x00101a10
           6306	      3149	00101284	1820f753	fdiv.s	f14,f1,f2	  f1:0x00101278  f2:0x00137fa0 f14=0x00000000
           6312	      3152	00101288	d0e9a427	fsw	f14,-760(x19)	 f19:0x00102000 f14:0x00000009 PA:0x00101d08 store:0x3985487a load:0x42f67c6a
           6320	      3156	0010128c	d089a787	flw	f15,-760(x19)	 f19:0x00102000 f15=0x00000000 PA:0x00101d08 store:0x4598f2e4
           6326	      3159	00101290	e0078ed3	fmv.x.w	x29,f15	 f15:0x00000006 x29=0x3985487a
           6328	      3160	00101294	cfda2c23	sw	x29,-776(x20)	 x20:0x00102000 x29:0x3985487a PA:0x00101cf8 store:0x3985487a load:0x3985487a
           6332	      3162	00101298	e09fe0ef	jal	x1,1000a0	  x1=0x0010129c
           6336	      3164	001000a0	00054803	lbu	x16,0(x10)	 x10:0x00101a10 x16=0x0000000a PA:0x00101a10 store:0x00000000
           6338	      3165	001000a4	06080663	beq	x16,x0,100110	 x16:0x0000000a  x0:0x00000000
           6340	      3166	001000a8	000207b7	lui	x15,0x20	 x15=0x00020000
           6344	      3168	001000ac	0107a023	sw	x16,0(x15)	 x15:0x00020000 x16:0x0000000a PA:0x00020000 store:0x0000000a load:0x00000000
           6348	      3170	001000b0	00154703	lbu	x14,1(x10)	 x10:0x00101a10 x14=0x00000020 PA:0x00101a11 store:0x0010129c
           6350	      3171	001000b4	04070e63	beq	x14,x0,100110	 x14:0x00000020  x0:0x00000000
           6354	      3173	001000b8	00e7a023	sw	x14,0(x15)	 x15:0x00020000 x14:0x00000020 PA:0x00020000 store:0x00000020 load:0x00000000
           6358	      3175	001000bc	00254283	lbu	x5,2(x10)	 x10:0x00101a10  x5=0x00000069 PA:0x00101a12 store:0x00137fa0
           6360	      3176	001000c0	04028863	beq	x5,x0,100110	  x5:0x00000069  x0:0x00000000
           6364	      3178	001000c4	0057a023	sw	x5,0(x15)	 x15:0x00020000  x5:0x00000069 PA:0x00020000 store:0x00000069 load:0x00000000
           6368	      3180	001000c8	00354303	lbu	x6,3(x10)	 x10:0x00101a10  x6=0x0000003d PA:0x00101a13 store:0x00000000
           6370	      3181	001000cc	04030263	beq	x6,x0,100110	  x6:0x0000003d  x0:0x00000000
           6374	      3183	001000d0	0067a023	sw	x6,0(x15)	 x15:0x00020000  x6:0x0000003d PA:0x00020000 store:0x0000003d load:0x00000000
           6378	      3185	001000d4	00454383	lbu	x7,4(x10)	 x10:0x00101a10  x7=0x00000000 PA:0x00101a14 store:0x00000000
           6382	      3187	001000d8	02038c63	beq	x7,x0,100110	  x7:0x00000000  x0:0x00000000
           6386	      3189	00100110	00000513	addi	x10,x0,0	  x0:0x00000000 x10=0x00000000
           6390	      3191	00100114	00008067	jalr	x0,0(x1)	  x1:0x0010129c  x0=0x00000000
           6392	      3192	0010129c	000d8513	addi	x10,x27,0	 x27:0x00000002 x10=0x00000002
           6396	      3194	001012a0	e81fe0ef	jal	x1,100120	  x1=0x001012a4
           6398	      3195	00100120	01c55793	srli	x15,x10,0x1c	 x10:0x00000002 x15=0x00000000
           6400	      3196	00100124	00900713	addi	x14,x0,9	  x0:0x00000000 x14=0x00000009
           6404	      3198	00100128	0cf77a63	bgeu	x14,x15,1001fc	 x14:0x00000009 x15:0x00000000
           6408	      3200	001001fc	03078393	addi	x7,x15,48	 x15:0x00000000  x7=0x00000030
           6410	      3201	00100200	000205b7	lui	x11,0x20	 x11=0x00020000
           6412	      3202	00100204	00451613	slli	x12,x10,0x4	 x10:0x00000002 x12=0x00000020
           6416	      3204	00100208	0075a023	sw	x7,0(x11)	 x11:0x00020000  x7:0x00000030 PA:0x00020000 store:0x00000030 load:0x00000000
           6418	      3205	0010020c	01c65693	srli	x13,x12,0x1c	 x12:0x00000020 x13=0x00000000
           6420	      3206	00100210	00900813	addi	x16,x0,9	  x0:0x00000000 x16=0x00000009
           6422	      3207	00100214	f2d86ae3	bltu	x16,x13,100148	 x16:0x00000009 x13:0x00000000
           6424	      3208	00100218	03068e93	addi	x29,x13,48	 x13:0x00000000 x29=0x00000030
           6426	      3209	0010021c	00020f37	lui	x30,0x20	 x30=0x00020000
           6428	      3210	00100220	00851f93	slli	x31,x10,0x8	 x10:0x00000002 x31=0x00000200
           6432	      3212	00100224	01df2023	sw	x29,0(x30)	 x30:0x00020000 x29:0x00000030 PA:0x00020000 store:0x00000030 load:0x00000000
           6434	      3213	00100228	01cfd793	srli	x15,x31,0x1c	 x31:0x00000200 x15=0x00000000
           6436	      3214	0010022c	00900713	addi	x14,x0,9	  x0:0x00000000 x14=0x00000009
           6438	      3215	00100230	f2f76ae3	bltu	x14,x15,100164	 x14:0x00000009 x15:0x00000000
           6440	      3216	00100234	03078393	addi	x7,x15,48	 x15:0x00000000  x7=0x00000030
           6442	      3217	00100238	000205b7	lui	x11,0x20	 x11=0x00020000
           6444	      3218	0010023c	00c51613	slli	x12,x10,0xc	 x10:0x00000002 x12=0x00002000
           6448	      3220	00100240	0075a023	sw	x7,0(x11)	 x11:0x00020000  x7:0x00000030 PA:0x00020000 store:0x00000030 load:0x00000000
           6450	      3221	00100244	01c65693	srli	x13,x12,0x1c	 x12:0x00002000 x13=0x00000000
           6452	      3222	00100248	00900813	addi	x16,x0,9	  x0:0x00000000 x16=0x00000009
           6454	      3223	0010024c	f2d86ae3	bltu	x16,x13,100180	 x16:0x00000009 x13:0x00000000
           6456	      3224	00100250	03068e93	addi	x29,x13,48	 x13:0x00000000 x29=0x00000030
           6458	      3225	00100254	00020f37	lui	x30,0x20	 x30=0x00020000
           6460	      3226	00100258	01051f93	slli	x31,x10,0x10	 x10:0x00000002 x31=0x00020000
           6464	      3228	0010025c	01df2023	sw	x29,0(x30)	 x30:0x00020000 x29:0x00000030 PA:0x00020000 store:0x00000030 load:0x00000000
           6466	      3229	00100260	01cfd793	srli	x15,x31,0x1c	 x31:0x00020000 x15=0x00000000
           6468	      3230	00100264	00900713	addi	x14,x0,9	  x0:0x00000000 x14=0x00000009
           6470	      3231	00100268	f2f76ae3	bltu	x14,x15,10019c	 x14:0x00000009 x15:0x00000000
           6472	      3232	0010026c	03078393	addi	x7,x15,48	 x15:0x00000000  x7=0x00000030
           6474	      3233	00100270	000205b7	lui	x11,0x20	 x11=0x00020000
           6476	      3234	00100274	01451613	slli	x12,x10,0x14	 x10:0x00000002 x12=0x00200000
           6480	      3236	00100278	0075a023	sw	x7,0(x11)	 x11:0x00020000  x7:0x00000030 PA:0x00020000 store:0x00000030 load:0x00000000
           6482	      3237	0010027c	01c65693	srli	x13,x12,0x1c	 x12:0x00200000 x13=0x00000000
           6484	      3238	00100280	00900813	addi	x16,x0,9	  x0:0x00000000 x16=0x00000009
           6486	      3239	00100284	f2d86ae3	bltu	x16,x13,1001b8	 x16:0x00000009 x13:0x00000000
           6488	      3240	00100288	03068e93	addi	x29,x13,48	 x13:0x00000000 x29=0x00000030
           6490	      3241	0010028c	00020f37	lui	x30,0x20	 x30=0x00020000
           6492	      3242	00100290	01851f93	slli	x31,x10,0x18	 x10:0x00000002 x31=0x02000000
           6496	      3244	00100294	01df2023	sw	x29,0(x30)	 x30:0x00020000 x29:0x00000030 PA:0x00020000 store:0x00000030 load:0x00000000
           6498	      3245	00100298	01cfd793	srli	x15,x31,0x1c	 x31:0x02000000 x15=0x00000000
           6500	      3246	0010029c	00900713	addi	x14,x0,9	  x0:0x00000000 x14=0x00000009
           6502	      3247	001002a0	f2f76ae3	bltu	x14,x15,1001d4	 x14:0x00000009 x15:0x00000000
           6504	      3248	001002a4	03078393	addi	x7,x15,48	 x15:0x00000000  x7=0x00000030
           6506	      3249	001002a8	000205b7	lui	x11,0x20	 x11=0x00020000
           6510	      3251	001002ac	0075a023	sw	x7,0(x11)	 x11:0x00020000  x7:0x00000030 PA:0x00020000 store:0x00000030 load:0x00000000
           6512	      3252	001002b0	00f57513	andi	x10,x10,15	 x10:0x00000002 x10=0x00000002
           6514	      3253	001002b4	00900613	addi	x12,x0,9	  x0:0x00000000 x12=0x00000009
           6518	      3255	001002b8	f2a67ae3	bgeu	x12,x10,1001ec	 x12:0x00000009 x10:0x00000002
           6522	      3257	001001ec	03050893	addi	x17,x10,48	 x10:0x00000002 x17=0x00000032
           6524	      3258	001001f0	00020e37	lui	x28,0x20	 x28=0x00020000
           6528	      3260	001001f4	011e2023	sw	x17,0(x28)	 x28:0x00020000 x17:0x00000032 PA:0x00020000 store:0x00000032 load:0x00000000
           6532	      3262	001001f8	00008067	jalr	x0,0(x1)	  x1:0x001012a4  x0=0x00000000
           6534	      3263	001012a4	a18b0513	addi	x10,x22,-1512	 x22:0x00102000 x10=0x00101a18
           6538	      3265	001012a8	df9fe0ef	jal	x1,1000a0	  x1=0x001012ac
           6542	      3267	001000a0	00054803	lbu	x16,0(x10)	 x10:0x00101a18 x16=0x00000020 PA:0x00101a18 store:0x00000000
           6544	      3268	001000a4	06080663	beq	x16,x0,100110	 x16:0x00000020  x0:0x00000000
           6546	      3269	001000a8	000207b7	lui	x15,0x20	 x15=0x00020000
           6550	      3271	001000ac	0107a023	sw	x16,0(x15)	 x15:0x00020000 x16:0x00000020 PA:0x00020000 store:0x00000020 load:0x00000000
           6554	      3273	001000b0	00154703	lbu	x14,1(x10)	 x10:0x00101a18 x14=0x00000072 PA:0x00101a19 store:0x001012ac
           6556	      3274	001000b4	04070e63	beq	x14,x0,100110	 x14:0x00000072  x0:0x00000000
           6560	      3276	001000b8	00e7a023	sw	x14,0(x15)	 x15:0x00020000 x14:0x00000072 PA:0x00020000 store:0x00000072 load:0x00000000
           6564	      3278	001000bc	00254283	lbu	x5,2(x10)	 x10:0x00101a18  x5=0x00000065 PA:0x00101a1a store:0x00137fa0
           6566	      3279	001000c0	04028863	beq	x5,x0,100110	  x5:0x00000065  x0:0x00000000
           6570	      3281	001000c4	0057a023	sw	x5,0(x15)	 x15:0x00020000  x5:0x00000065 PA:0x00020000 store:0x00000065 load:0x00000000
           6574	      3283	001000c8	00354303	lbu	x6,3(x10)	 x10:0x00101a18  x6=0x00000073 PA:0x00101a1b store:0x00000000
           6576	      3284	001000cc	04030263	beq	x6,x0,100110	  x6:0x00000073  x0:0x00000000
           6580	      3286	001000d0	0067a023	sw	x6,0(x15)	 x15:0x00020000  x6:0x00000073 PA:0x00020000 store:0x00000073 load:0x00000000
           6584	      3288	001000d4	00454383	lbu	x7,4(x10)	 x10:0x00101a18  x7=0x00000075 PA:0x00101a1c store:0x00000000
           6586	      3289	001000d8	02038c63	beq	x7,x0,100110	  x7:0x00000075  x0:0x00000000
           6590	      3291	001000dc	0077a023	sw	x7,0(x15)	 x15:0x00020000  x7:0x00000075 PA:0x00020000 store:0x00000075 load:0x00000000
           6594	      3293	001000e0	00554583	lbu	x11,5(x10)	 x10:0x00101a18 x11=0x0000006c PA:0x00101a1d store:0x00000065
           6596	      3294	001000e4	02058663	beq	x11,x0,100110	 x11:0x0000006c  x0:0x00000000
           6600	      3296	001000e8	00b7a023	sw	x11,0(x15)	 x15:0x00020000 x11:0x0000006c PA:0x00020000 store:0x0000006c load:0x00000000
           6604	      3298	001000ec	00654603	lbu	x12,6(x10)	 x10:0x00101a18 x12=0x00000074 PA:0x00101a1e store:0x00000073
           6606	      3299	001000f0	02060063	beq	x12,x0,100110	 x12:0x00000074  x0:0x00000000
           6610	      3301	001000f4	00c7a023	sw	x12,0(x15)	 x15:0x00020000 x12:0x00000074 PA:0x00020000 store:0x00000074 load:0x00000000
           6614	      3303	001000f8	00754683	lbu	x13,7(x10)	 x10:0x00101a18 x13=0x0000003a PA:0x00101a1f store:0x00000075
           6616	      3304	001000fc	00850513	addi	x10,x10,8	 x10:0x00101a18 x10=0x00101a20
           6618	      3305	00100100	00068863	beq	x13,x0,100110	 x13:0x0000003a  x0:0x00000000
           6622	      3307	00100104	00d7a023	sw	x13,0(x15)	 x15:0x00020000 x13:0x0000003a PA:0x00020000 store:0x0000003a load:0x00000000
           6626	      3309	00100108	00054803	lbu	x16,0(x10)	 x10:0x00101a20 x16=0x00000020 PA:0x00101a20 store:0x00000000
           6630	      3311	0010010c	fa0810e3	bne	x16,x0,1000ac	 x16:0x00000020  x0:0x00000000
           6636	      3314	001000ac	0107a023	sw	x16,0(x15)	 x15:0x00020000 x16:0x00000020 PA:0x00020000 store:0x00000020 load:0x00000000
           6640	      3316	001000b0	00154703	lbu	x14,1(x10)	 x10:0x00101a20 x14=0x00000000 PA:0x00101a21 store:0x001012ac
           6644	      3318	001000b4	04070e63	beq	x14,x0,100110	 x14:0x00000000  x0:0x00000000
           6648	      3320	00100110	00000513	addi	x10,x0,0	  x0:0x00000000 x10=0x00000000
           6652	      3322	00100114	00008067	jalr	x0,0(x1)	  x1:0x001012ac  x0=0x00000000
           6656	      3324	001012ac	cf8a2503	lw	x10,-776(x20)	 x20:0x00102000 x10=0x3985487a PA:0x00101cf8 store:0x00000000
           6658	      3325	001012b0	003c0d93	addi	x27,x24,3	 x24:0x00000000 x27=0x00000003
           6660	      3326	001012b4	004c0c13	addi	x24,x24,4	 x24:0x00000000 x24=0x00000004
           6664	      3328	001012b8	e69fe0ef	jal	x1,100120	  x1=0x001012bc
           6666	      3329	00100120	01c55793	srli	x15,x10,0x1c	 x10:0x3985487a x15=0x00000003
           6668	      3330	00100124	00900713	addi	x14,x0,9	  x0:0x00000000 x14=0x00000009
           6672	      3332	00100128	0cf77a63	bgeu	x14,x15,1001fc	 x14:0x00000009 x15:0x00000003
           6676	      3334	001001fc	03078393	addi	x7,x15,48	 x15:0x00000003  x7=0x00000033
           6678	      3335	00100200	000205b7	lui	x11,0x20	 x11=0x00020000
           6680	      3336	00100204	00451613	slli	x12,x10,0x4	 x10:0x3985487a x12=0x985487a0
           6684	      3338	00100208	0075a023	sw	x7,0(x11)	 x11:0x00020000  x7:0x00000033 PA:0x00020000 store:0x00000033 load:0x00000000
           6686	      3339	0010020c	01c65693	srli	x13,x12,0x1c	 x12:0x985487a0 x13=0x00000009
           6688	      3340	00100210	00900813	addi	x16,x0,9	  x0:0x00000000 x16=0x00000009
           6690	      3341	00100214	f2d86ae3	bltu	x16,x13,100148	 x16:0x00000009 x13:0x00000009
           6692	      3342	00100218	03068e93	addi	x29,x13,48	 x13:0x00000009 x29=0x00000039
           6694	      3343	0010021c	00020f37	lui	x30,0x20	 x30=0x00020000
           6696	      3344	00100220	00851f93	slli	x31,x10,0x8	 x10:0x3985487a x31=0x85487a00
           6700	      3346	00100224	01df2023	sw	x29,0(x30)	 x30:0x00020000 x29:0x00000039 PA:0x00020000 store:0x00000039 load:0x00000000
           6702	      3347	00100228	01cfd793	srli	x15,x31,0x1c	 x31:0x85487a00 x15=0x00000008
           6704	      3348	0010022c	00900713	addi	x14,x0,9	  x0:0x00000000 x14=0x00000009
           6706	      3349	00100230	f2f76ae3	bltu	x14,x15,100164	 x14:0x00000009 x15:0x00000008
           6708	      3350	00100234	03078393	addi	x7,x15,48	 x15:0x00000008  x7=0x00000038
           6710	      3351	00100238	000205b7	lui	x11,0x20	 x11=0x00020000
           6712	      3352	0010023c	00c51613	slli	x12,x10,0xc	 x10:0x3985487a x12=0x5487a000
           6716	      3354	00100240	0075a023	sw	x7,0(x11)	 x11:0x00020000  x7:0x00000038 PA:0x00020000 store:0x00000038 load:0x00000000
           6718	      3355	00100244	01c65693	srli	x13,x12,0x1c	 x12:0x5487a000 x13=0x00000005
           6720	      3356	00100248	00900813	addi	x16,x0,9	  x0:0x00000000 x16=0x00000009
           6722	      3357	0010024c	f2d86ae3	bltu	x16,x13,100180	 x16:0x00000009 x13:0x00000005
           6724	      3358	00100250	03068e93	addi	x29,x13,48	 x13:0x00000005 x29=0x00000035
           6726	      3359	00100254	00020f37	lui	x30,0x20	 x30=0x00020000
           6728	      3360	00100258	01051f93	slli	x31,x10,0x10	 x10:0x3985487a x31=0x487a0000
           6732	      3362	0010025c	01df2023	sw	x29,0(x30)	 x30:0x00020000 x29:0x00000035 PA:0x00020000 store:0x00000035 load:0x00000000
           6734	      3363	00100260	01cfd793	srli	x15,x31,0x1c	 x31:0x487a0000 x15=0x00000004
           6736	      3364	00100264	00900713	addi	x14,x0,9	  x0:0x00000000 x14=0x00000009
           6738	      3365	00100268	f2f76ae3	bltu	x14,x15,10019c	 x14:0x00000009 x15:0x00000004
           6740	      3366	0010026c	03078393	addi	x7,x15,48	 x15:0x00000004  x7=0x00000034
           6742	      3367	00100270	000205b7	lui	x11,0x20	 x11=0x00020000
           6744	      3368	00100274	01451613	slli	x12,x10,0x14	 x10:0x3985487a x12=0x87a00000
           6748	      3370	00100278	0075a023	sw	x7,0(x11)	 x11:0x00020000  x7:0x00000034 PA:0x00020000 store:0x00000034 load:0x00000000
           6750	      3371	0010027c	01c65693	srli	x13,x12,0x1c	 x12:0x87a00000 x13=0x00000008
           6752	      3372	00100280	00900813	addi	x16,x0,9	  x0:0x00000000 x16=0x00000009
           6754	      3373	00100284	f2d86ae3	bltu	x16,x13,1001b8	 x16:0x00000009 x13:0x00000008
           6756	      3374	00100288	03068e93	addi	x29,x13,48	 x13:0x00000008 x29=0x00000038
           6758	      3375	0010028c	00020f37	lui	x30,0x20	 x30=0x00020000
           6760	      3376	00100290	01851f93	slli	x31,x10,0x18	 x10:0x3985487a x31=0x7a000000
           6764	      3378	00100294	01df2023	sw	x29,0(x30)	 x30:0x00020000 x29:0x00000038 PA:0x00020000 store:0x00000038 load:0x00000000
           6766	      3379	00100298	01cfd793	srli	x15,x31,0x1c	 x31:0x7a000000 x15=0x00000007
           6768	      3380	0010029c	00900713	addi	x14,x0,9	  x0:0x00000000 x14=0x00000009
           6770	      3381	001002a0	f2f76ae3	bltu	x14,x15,1001d4	 x14:0x00000009 x15:0x00000007
           6772	      3382	001002a4	03078393	addi	x7,x15,48	 x15:0x00000007  x7=0x00000037
           6774	      3383	001002a8	000205b7	lui	x11,0x20	 x11=0x00020000
           6778	      3385	001002ac	0075a023	sw	x7,0(x11)	 x11:0x00020000  x7:0x00000037 PA:0x00020000 store:0x00000037 load:0x00000000
           6780	      3386	001002b0	00f57513	andi	x10,x10,15	 x10:0x3985487a x10=0x0000000a
           6782	      3387	001002b4	00900613	addi	x12,x0,9	  x0:0x00000000 x12=0x00000009
           6784	      3388	001002b8	f2a67ae3	bgeu	x12,x10,1001ec	 x12:0x00000009 x10:0x0000000a
           6786	      3389	001002bc	03750693	addi	x13,x10,55	 x10:0x0000000a x13=0x00000041
           6788	      3390	001002c0	00020837	lui	x16,0x20	 x16=0x00020000
           6792	      3392	001002c4	00d82023	sw	x13,0(x16)	 x16:0x00020000 x13:0x00000041 PA:0x00020000 store:0x00000041 load:0x00000000
           6806	      3399	001002c8	00008067	jalr	x0,0(x1)	  x1:0x001012bc  x0=0x00000000
           6808	      3400	001012bc	d089a187	flw	f3,-760(x19)	 f19:0x00102000  f3=0x00000000 PA:0x00101d08 store:0x4598f2e4
           6810	      3401	001012c0	d24ba207	flw	f4,-732(x23)	 f23:0x00102000  f4=0x00000000 PA:0x00101d24 store:0x442e010d
           6832	      3412	001012c4	a10a8513	addi	x10,x21,-1520	 x21:0x00102000 x10=0x00101a10
           6834	      3413	001012c8	1841f5d3	fdiv.s	f11,f3,f4	  f3:0x00000000  f4:0x00000000 f11=0x00000000
           6840	      3416	001012cc	d0b9a427	fsw	f11,-760(x19)	 f19:0x00102000 f11:0x00020000 PA:0x00101d08 store:0x360a6d7a load:0x42f67c6a
           6848	      3420	001012d0	d089a287	flw	f5,-760(x19)	 f19:0x00102000  f5=0x00000000 PA:0x00101d08 store:0x4598f2e4
           6854	      3423	001012d4	e0028f53	fmv.x.w	x30,f5	  f5:0x00000065 x30=0x360a6d7a
           6856	      3424	001012d8	cfea2c23	sw	x30,-776(x20)	 x20:0x00102000 x30:0x360a6d7a PA:0x00101cf8 store:0x360a6d7a load:0x360a6d7a
           6860	      3426	001012dc	dc5fe0ef	jal	x1,1000a0	  x1=0x001012e0
           6864	      3428	001000a0	00054803	lbu	x16,0(x10)	 x10:0x00101a10 x16=0x0000000a PA:0x00101a10 store:0x00000000
           6866	      3429	001000a4	06080663	beq	x16,x0,100110	 x16:0x0000000a  x0:0x00000000
           6868	      3430	001000a8	000207b7	lui	x15,0x20	 x15=0x00020000
           6872	      3432	001000ac	0107a023	sw	x16,0(x15)	 x15:0x00020000 x16:0x0000000a PA:0x00020000 store:0x0000000a load:0x00000000
           6876	      3434	001000b0	00154703	lbu	x14,1(x10)	 x10:0x00101a10 x14=0x00000020 PA:0x00101a11 store:0x001012e0
           6878	      3435	001000b4	04070e63	beq	x14,x0,100110	 x14:0x00000020  x0:0x00000000
           6882	      3437	001000b8	00e7a023	sw	x14,0(x15)	 x15:0x00020000 x14:0x00000020 PA:0x00020000 store:0x00000020 load:0x00000000
           6886	      3439	001000bc	00254283	lbu	x5,2(x10)	 x10:0x00101a10  x5=0x00000069 PA:0x00101a12 store:0x00137fa0
           6888	      3440	001000c0	04028863	beq	x5,x0,100110	  x5:0x00000069  x0:0x00000000
           6892	      3442	001000c4	0057a023	sw	x5,0(x15)	 x15:0x00020000  x5:0x00000069 PA:0x00020000 store:0x00000069 load:0x00000000
           6896	      3444	001000c8	00354303	lbu	x6,3(x10)	 x10:0x00101a10  x6=0x0000003d PA:0x00101a13 store:0x00000000
           6898	      3445	001000cc	04030263	beq	x6,x0,100110	  x6:0x0000003d  x0:0x00000000
           6902	      3447	001000d0	0067a023	sw	x6,0(x15)	 x15:0x00020000  x6:0x0000003d PA:0x00020000 store:0x0000003d load:0x00000000
           6906	      3449	001000d4	00454383	lbu	x7,4(x10)	 x10:0x00101a10  x7=0x00000000 PA:0x00101a14 store:0x00000000
           6910	      3451	001000d8	02038c63	beq	x7,x0,100110	  x7:0x00000000  x0:0x00000000
           6914	      3453	00100110	00000513	addi	x10,x0,0	  x0:0x00000000 x10=0x00000000
           6918	      3455	00100114	00008067	jalr	x0,0(x1)	  x1:0x001012e0  x0=0x00000000
           6920	      3456	001012e0	000d8513	addi	x10,x27,0	 x27:0x00000003 x10=0x00000003
           6924	      3458	001012e4	e3dfe0ef	jal	x1,100120	  x1=0x001012e8
           6926	      3459	00100120	01c55793	srli	x15,x10,0x1c	 x10:0x00000003 x15=0x00000000
           6928	      3460	00100124	00900713	addi	x14,x0,9	  x0:0x00000000 x14=0x00000009
           6932	      3462	00100128	0cf77a63	bgeu	x14,x15,1001fc	 x14:0x00000009 x15:0x00000000
           6936	      3464	001001fc	03078393	addi	x7,x15,48	 x15:0x00000000  x7=0x00000030
           6938	      3465	00100200	000205b7	lui	x11,0x20	 x11=0x00020000
           6940	      3466	00100204	00451613	slli	x12,x10,0x4	 x10:0x00000003 x12=0x00000030
           6944	      3468	00100208	0075a023	sw	x7,0(x11)	 x11:0x00020000  x7:0x00000030 PA:0x00020000 store:0x00000030 load:0x00000000
           6946	      3469	0010020c	01c65693	srli	x13,x12,0x1c	 x12:0x00000030 x13=0x00000000
           6948	      3470	00100210	00900813	addi	x16,x0,9	  x0:0x00000000 x16=0x00000009
           6950	      3471	00100214	f2d86ae3	bltu	x16,x13,100148	 x16:0x00000009 x13:0x00000000
           6952	      3472	00100218	03068e93	addi	x29,x13,48	 x13:0x00000000 x29=0x00000030
           6954	      3473	0010021c	00020f37	lui	x30,0x20	 x30=0x00020000
           6956	      3474	00100220	00851f93	slli	x31,x10,0x8	 x10:0x00000003 x31=0x00000300
           6960	      3476	00100224	01df2023	sw	x29,0(x30)	 x30:0x00020000 x29:0x00000030 PA:0x00020000 store:0x00000030 load:0x00000000
           6962	      3477	00100228	01cfd793	srli	x15,x31,0x1c	 x31:0x00000300 x15=0x00000000
           6964	      3478	0010022c	00900713	addi	x14,x0,9	  x0:0x00000000 x14=0x00000009
           6966	      3479	00100230	f2f76ae3	bltu	x14,x15,100164	 x14:0x00000009 x15:0x00000000
           6968	      3480	00100234	03078393	addi	x7,x15,48	 x15:0x00000000  x7=0x00000030
           6970	      3481	00100238	000205b7	lui	x11,0x20	 x11=0x00020000
           6972	      3482	0010023c	00c51613	slli	x12,x10,0xc	 x10:0x00000003 x12=0x00003000
           6976	      3484	00100240	0075a023	sw	x7,0(x11)	 x11:0x00020000  x7:0x00000030 PA:0x00020000 store:0x00000030 load:0x00000000
           6978	      3485	00100244	01c65693	srli	x13,x12,0x1c	 x12:0x00003000 x13=0x00000000
           6980	      3486	00100248	00900813	addi	x16,x0,9	  x0:0x00000000 x16=0x00000009
           6982	      3487	0010024c	f2d86ae3	bltu	x16,x13,100180	 x16:0x00000009 x13:0x00000000
           6984	      3488	00100250	03068e93	addi	x29,x13,48	 x13:0x00000000 x29=0x00000030
           6986	      3489	00100254	00020f37	lui	x30,0x20	 x30=0x00020000
           6988	      3490	00100258	01051f93	slli	x31,x10,0x10	 x10:0x00000003 x31=0x00030000
           6992	      3492	0010025c	01df2023	sw	x29,0(x30)	 x30:0x00020000 x29:0x00000030 PA:0x00020000 store:0x00000030 load:0x00000000
           6994	      3493	00100260	01cfd793	srli	x15,x31,0x1c	 x31:0x00030000 x15=0x00000000
           6996	      3494	00100264	00900713	addi	x14,x0,9	  x0:0x00000000 x14=0x00000009
           6998	      3495	00100268	f2f76ae3	bltu	x14,x15,10019c	 x14:0x00000009 x15:0x00000000
           7000	      3496	0010026c	03078393	addi	x7,x15,48	 x15:0x00000000  x7=0x00000030
           7002	      3497	00100270	000205b7	lui	x11,0x20	 x11=0x00020000
           7004	      3498	00100274	01451613	slli	x12,x10,0x14	 x10:0x00000003 x12=0x00300000
           7008	      3500	00100278	0075a023	sw	x7,0(x11)	 x11:0x00020000  x7:0x00000030 PA:0x00020000 store:0x00000030 load:0x00000000
           7010	      3501	0010027c	01c65693	srli	x13,x12,0x1c	 x12:0x00300000 x13=0x00000000
           7012	      3502	00100280	00900813	addi	x16,x0,9	  x0:0x00000000 x16=0x00000009
           7014	      3503	00100284	f2d86ae3	bltu	x16,x13,1001b8	 x16:0x00000009 x13:0x00000000
           7016	      3504	00100288	03068e93	addi	x29,x13,48	 x13:0x00000000 x29=0x00000030
           7018	      3505	0010028c	00020f37	lui	x30,0x20	 x30=0x00020000
           7020	      3506	00100290	01851f93	slli	x31,x10,0x18	 x10:0x00000003 x31=0x03000000
           7024	      3508	00100294	01df2023	sw	x29,0(x30)	 x30:0x00020000 x29:0x00000030 PA:0x00020000 store:0x00000030 load:0x00000000
           7026	      3509	00100298	01cfd793	srli	x15,x31,0x1c	 x31:0x03000000 x15=0x00000000
           7028	      3510	0010029c	00900713	addi	x14,x0,9	  x0:0x00000000 x14=0x00000009
           7030	      3511	001002a0	f2f76ae3	bltu	x14,x15,1001d4	 x14:0x00000009 x15:0x00000000
           7032	      3512	001002a4	03078393	addi	x7,x15,48	 x15:0x00000000  x7=0x00000030
           7034	      3513	001002a8	000205b7	lui	x11,0x20	 x11=0x00020000
           7038	      3515	001002ac	0075a023	sw	x7,0(x11)	 x11:0x00020000  x7:0x00000030 PA:0x00020000 store:0x00000030 load:0x00000000
           7040	      3516	001002b0	00f57513	andi	x10,x10,15	 x10:0x00000003 x10=0x00000003
           7042	      3517	001002b4	00900613	addi	x12,x0,9	  x0:0x00000000 x12=0x00000009
           7046	      3519	001002b8	f2a67ae3	bgeu	x12,x10,1001ec	 x12:0x00000009 x10:0x00000003
           7050	      3521	001001ec	03050893	addi	x17,x10,48	 x10:0x00000003 x17=0x00000033
           7052	      3522	001001f0	00020e37	lui	x28,0x20	 x28=0x00020000
           7056	      3524	001001f4	011e2023	sw	x17,0(x28)	 x28:0x00020000 x17:0x00000033 PA:0x00020000 store:0x00000033 load:0x00000000
           7060	      3526	001001f8	00008067	jalr	x0,0(x1)	  x1:0x001012e8  x0=0x00000000
           7062	      3527	001012e8	a18b0513	addi	x10,x22,-1512	 x22:0x00102000 x10=0x00101a18
           7066	      3529	001012ec	db5fe0ef	jal	x1,1000a0	  x1=0x001012f0
           7070	      3531	001000a0	00054803	lbu	x16,0(x10)	 x10:0x00101a18 x16=0x00000020 PA:0x00101a18 store:0x00000000
           7072	      3532	001000a4	06080663	beq	x16,x0,100110	 x16:0x00000020  x0:0x00000000
           7074	      3533	001000a8	000207b7	lui	x15,0x20	 x15=0x00020000
           7078	      3535	001000ac	0107a023	sw	x16,0(x15)	 x15:0x00020000 x16:0x00000020 PA:0x00020000 store:0x00000020 load:0x00000000
           7082	      3537	001000b0	00154703	lbu	x14,1(x10)	 x10:0x00101a18 x14=0x00000072 PA:0x00101a19 store:0x001012f0
           7084	      3538	001000b4	04070e63	beq	x14,x0,100110	 x14:0x00000072  x0:0x00000000
           7088	      3540	001000b8	00e7a023	sw	x14,0(x15)	 x15:0x00020000 x14:0x00000072 PA:0x00020000 store:0x00000072 load:0x00000000
           7092	      3542	001000bc	00254283	lbu	x5,2(x10)	 x10:0x00101a18  x5=0x00000065 PA:0x00101a1a store:0x00137fa0
           7094	      3543	001000c0	04028863	beq	x5,x0,100110	  x5:0x00000065  x0:0x00000000
           7098	      3545	001000c4	0057a023	sw	x5,0(x15)	 x15:0x00020000  x5:0x00000065 PA:0x00020000 store:0x00000065 load:0x00000000
           7102	      3547	001000c8	00354303	lbu	x6,3(x10)	 x10:0x00101a18  x6=0x00000073 PA:0x00101a1b store:0x00000000
           7104	      3548	001000cc	04030263	beq	x6,x0,100110	  x6:0x00000073  x0:0x00000000
           7108	      3550	001000d0	0067a023	sw	x6,0(x15)	 x15:0x00020000  x6:0x00000073 PA:0x00020000 store:0x00000073 load:0x00000000
           7112	      3552	001000d4	00454383	lbu	x7,4(x10)	 x10:0x00101a18  x7=0x00000075 PA:0x00101a1c store:0x00000000
           7114	      3553	001000d8	02038c63	beq	x7,x0,100110	  x7:0x00000075  x0:0x00000000
           7118	      3555	001000dc	0077a023	sw	x7,0(x15)	 x15:0x00020000  x7:0x00000075 PA:0x00020000 store:0x00000075 load:0x00000000
           7122	      3557	001000e0	00554583	lbu	x11,5(x10)	 x10:0x00101a18 x11=0x0000006c PA:0x00101a1d store:0x00000065
           7124	      3558	001000e4	02058663	beq	x11,x0,100110	 x11:0x0000006c  x0:0x00000000
           7128	      3560	001000e8	00b7a023	sw	x11,0(x15)	 x15:0x00020000 x11:0x0000006c PA:0x00020000 store:0x0000006c load:0x00000000
           7132	      3562	001000ec	00654603	lbu	x12,6(x10)	 x10:0x00101a18 x12=0x00000074 PA:0x00101a1e store:0x00000073
           7134	      3563	001000f0	02060063	beq	x12,x0,100110	 x12:0x00000074  x0:0x00000000
           7138	      3565	001000f4	00c7a023	sw	x12,0(x15)	 x15:0x00020000 x12:0x00000074 PA:0x00020000 store:0x00000074 load:0x00000000
           7142	      3567	001000f8	00754683	lbu	x13,7(x10)	 x10:0x00101a18 x13=0x0000003a PA:0x00101a1f store:0x00000075
           7144	      3568	001000fc	00850513	addi	x10,x10,8	 x10:0x00101a18 x10=0x00101a20
           7146	      3569	00100100	00068863	beq	x13,x0,100110	 x13:0x0000003a  x0:0x00000000
           7150	      3571	00100104	00d7a023	sw	x13,0(x15)	 x15:0x00020000 x13:0x0000003a PA:0x00020000 store:0x0000003a load:0x00000000
           7154	      3573	00100108	00054803	lbu	x16,0(x10)	 x10:0x00101a20 x16=0x00000020 PA:0x00101a20 store:0x00000000
           7158	      3575	0010010c	fa0810e3	bne	x16,x0,1000ac	 x16:0x00000020  x0:0x00000000
           7164	      3578	001000ac	0107a023	sw	x16,0(x15)	 x15:0x00020000 x16:0x00000020 PA:0x00020000 store:0x00000020 load:0x00000000
           7168	      3580	001000b0	00154703	lbu	x14,1(x10)	 x10:0x00101a20 x14=0x00000000 PA:0x00101a21 store:0x001012f0
           7172	      3582	001000b4	04070e63	beq	x14,x0,100110	 x14:0x00000000  x0:0x00000000
           7176	      3584	00100110	00000513	addi	x10,x0,0	  x0:0x00000000 x10=0x00000000
           7180	      3586	00100114	00008067	jalr	x0,0(x1)	  x1:0x001012f0  x0=0x00000000
           7184	      3588	001012f0	cf8a2503	lw	x10,-776(x20)	 x20:0x00102000 x10=0x360a6d7a PA:0x00101cf8 store:0x00000004
           7188	      3590	001012f4	e2dfe0ef	jal	x1,100120	  x1=0x001012f8
           7190	      3591	00100120	01c55793	srli	x15,x10,0x1c	 x10:0x360a6d7a x15=0x00000003
           7192	      3592	00100124	00900713	addi	x14,x0,9	  x0:0x00000000 x14=0x00000009
           7196	      3594	00100128	0cf77a63	bgeu	x14,x15,1001fc	 x14:0x00000009 x15:0x00000003
           7200	      3596	001001fc	03078393	addi	x7,x15,48	 x15:0x00000003  x7=0x00000033
           7202	      3597	00100200	000205b7	lui	x11,0x20	 x11=0x00020000
           7204	      3598	00100204	00451613	slli	x12,x10,0x4	 x10:0x360a6d7a x12=0x60a6d7a0
           7208	      3600	00100208	0075a023	sw	x7,0(x11)	 x11:0x00020000  x7:0x00000033 PA:0x00020000 store:0x00000033 load:0x00000000
           7210	      3601	0010020c	01c65693	srli	x13,x12,0x1c	 x12:0x60a6d7a0 x13=0x00000006
           7212	      3602	00100210	00900813	addi	x16,x0,9	  x0:0x00000000 x16=0x00000009
           7214	      3603	00100214	f2d86ae3	bltu	x16,x13,100148	 x16:0x00000009 x13:0x00000006
           7216	      3604	00100218	03068e93	addi	x29,x13,48	 x13:0x00000006 x29=0x00000036
           7218	      3605	0010021c	00020f37	lui	x30,0x20	 x30=0x00020000
           7220	      3606	00100220	00851f93	slli	x31,x10,0x8	 x10:0x360a6d7a x31=0x0a6d7a00
           7224	      3608	00100224	01df2023	sw	x29,0(x30)	 x30:0x00020000 x29:0x00000036 PA:0x00020000 store:0x00000036 load:0x00000000
           7226	      3609	00100228	01cfd793	srli	x15,x31,0x1c	 x31:0x0a6d7a00 x15=0x00000000
           7228	      3610	0010022c	00900713	addi	x14,x0,9	  x0:0x00000000 x14=0x00000009
           7230	      3611	00100230	f2f76ae3	bltu	x14,x15,100164	 x14:0x00000009 x15:0x00000000
           7232	      3612	00100234	03078393	addi	x7,x15,48	 x15:0x00000000  x7=0x00000030
           7234	      3613	00100238	000205b7	lui	x11,0x20	 x11=0x00020000
           7236	      3614	0010023c	00c51613	slli	x12,x10,0xc	 x10:0x360a6d7a x12=0xa6d7a000
           7240	      3616	00100240	0075a023	sw	x7,0(x11)	 x11:0x00020000  x7:0x00000030 PA:0x00020000 store:0x00000030 load:0x00000000
           7242	      3617	00100244	01c65693	srli	x13,x12,0x1c	 x12:0xa6d7a000 x13=0x0000000a
           7244	      3618	00100248	00900813	addi	x16,x0,9	  x0:0x00000000 x16=0x00000009
           7248	      3620	0010024c	f2d86ae3	bltu	x16,x13,100180	 x16:0x00000009 x13:0x0000000a
           7252	      3622	00100180	03768893	addi	x17,x13,55	 x13:0x0000000a x17=0x00000041
           7254	      3623	00100184	00020e37	lui	x28,0x20	 x28=0x00020000
           7256	      3624	00100188	01051f93	slli	x31,x10,0x10	 x10:0x360a6d7a x31=0x6d7a0000
           7260	      3626	0010018c	011e2023	sw	x17,0(x28)	 x28:0x00020000 x17:0x00000041 PA:0x00020000 store:0x00000041 load:0x00000000
           7262	      3627	00100190	01cfd793	srli	x15,x31,0x1c	 x31:0x6d7a0000 x15=0x00000006
           7264	      3628	00100194	00900713	addi	x14,x0,9	  x0:0x00000000 x14=0x00000009
           7268	      3630	00100198	0cf77a63	bgeu	x14,x15,10026c	 x14:0x00000009 x15:0x00000006
           7272	      3632	0010026c	03078393	addi	x7,x15,48	 x15:0x00000006  x7=0x00000036
           7274	      3633	00100270	000205b7	lui	x11,0x20	 x11=0x00020000
           7276	      3634	00100274	01451613	slli	x12,x10,0x14	 x10:0x360a6d7a x12=0xd7a00000
           7280	      3636	00100278	0075a023	sw	x7,0(x11)	 x11:0x00020000  x7:0x00000036 PA:0x00020000 store:0x00000036 load:0x00000000
           7282	      3637	0010027c	01c65693	srli	x13,x12,0x1c	 x12:0xd7a00000 x13=0x0000000d
           7284	      3638	00100280	00900813	addi	x16,x0,9	  x0:0x00000000 x16=0x00000009
           7288	      3640	00100284	f2d86ae3	bltu	x16,x13,1001b8	 x16:0x00000009 x13:0x0000000d
           7292	      3642	001001b8	03768893	addi	x17,x13,55	 x13:0x0000000d x17=0x00000044
           7294	      3643	001001bc	00020e37	lui	x28,0x20	 x28=0x00020000
           7296	      3644	001001c0	01851f93	slli	x31,x10,0x18	 x10:0x360a6d7a x31=0x7a000000
           7300	      3646	001001c4	011e2023	sw	x17,0(x28)	 x28:0x00020000 x17:0x00000044 PA:0x00020000 store:0x00000044 load:0x00000000
           7302	      3647	001001c8	01cfd793	srli	x15,x31,0x1c	 x31:0x7a000000 x15=0x00000007
           7304	      3648	001001cc	00900713	addi	x14,x0,9	  x0:0x00000000 x14=0x00000009
           7308	      3650	001001d0	0cf77a63	bgeu	x14,x15,1002a4	 x14:0x00000009 x15:0x00000007
           7312	      3652	001002a4	03078393	addi	x7,x15,48	 x15:0x00000007  x7=0x00000037
           7314	      3653	001002a8	000205b7	lui	x11,0x20	 x11=0x00020000
           7318	      3655	001002ac	0075a023	sw	x7,0(x11)	 x11:0x00020000  x7:0x00000037 PA:0x00020000 store:0x00000037 load:0x00000000
           7320	      3656	001002b0	00f57513	andi	x10,x10,15	 x10:0x360a6d7a x10=0x0000000a
           7322	      3657	001002b4	00900613	addi	x12,x0,9	  x0:0x00000000 x12=0x00000009
           7324	      3658	001002b8	f2a67ae3	bgeu	x12,x10,1001ec	 x12:0x00000009 x10:0x0000000a
           7326	      3659	001002bc	03750693	addi	x13,x10,55	 x10:0x0000000a x13=0x00000041
           7328	      3660	001002c0	00020837	lui	x16,0x20	 x16=0x00020000
           7332	      3662	001002c4	00d82023	sw	x13,0(x16)	 x16:0x00020000 x13:0x00000041 PA:0x00020000 store:0x00000041 load:0x00000000
           7336	      3664	001002c8	00008067	jalr	x0,0(x1)	  x1:0x001012f8  x0=0x00000000
           7340	      3666	001012f8	f1ac10e3	bne	x24,x26,1011f8	 x24:0x00000004 x26:0x00000014
           7352	      3672	001011f8	d089a987	flw	f19,-760(x19)	 f19:0x00102000 f19=0x00000000 PA:0x00101d08 store:0x4598f2e4
           7354	      3673	001011fc	d24baa07	flw	f20,-732(x23)	 f23:0x00102000 f20=0x00000000 PA:0x00101d24 store:0x42f67c6a
           7378	      3685	00101200	a10a8513	addi	x10,x21,-1520	 x21:0x00102000 x10=0x00101a10
           7380	      3686	00101204	1949fad3	fdiv.s	f21,f19,f20	 f19:0x00102000 f20:0x00102000 f21=0x00000000
           7386	      3689	00101208	d159a427	fsw	f21,-760(x19)	 f19:0x00102000 f21:0x00102000 PA:0x00101d08 store:0x328fc550 load:0x42f67c6a
           7394	      3693	0010120c	d089ae07	flw	f28,-760(x19)	 f19:0x00102000 f28=0x00000000 PA:0x00101d08 store:0x4598f2e4
           7400	      3696	00101210	e00e0dd3	fmv.x.w	x27,f28	 f28:0x00020000 x27=0x328fc550
           7402	      3697	00101214	cfba2c23	sw	x27,-776(x20)	 x20:0x00102000 x27:0x328fc550 PA:0x00101cf8 store:0x328fc550 load:0x328fc550
           7406	      3699	00101218	e89fe0ef	jal	x1,1000a0	  x1=0x0010121c
           7410	      3701	001000a0	00054803	lbu	x16,0(x10)	 x10:0x00101a10 x16=0x0000000a PA:0x00101a10 store:0x00000000
           7412	      3702	001000a4	06080663	beq	x16,x0,100110	 x16:0x0000000a  x0:0x00000000
           7414	      3703	001000a8	000207b7	lui	x15,0x20	 x15=0x00020000
           7418	      3705	001000ac	0107a023	sw	x16,0(x15)	 x15:0x00020000 x16:0x0000000a PA:0x00020000 store:0x0000000a load:0x00000000
           7422	      3707	001000b0	00154703	lbu	x14,1(x10)	 x10:0x00101a10 x14=0x00000020 PA:0x00101a11 store:0x0010121c
           7424	      3708	001000b4	04070e63	beq	x14,x0,100110	 x14:0x00000020  x0:0x00000000
           7428	      3710	001000b8	00e7a023	sw	x14,0(x15)	 x15:0x00020000 x14:0x00000020 PA:0x00020000 store:0x00000020 load:0x00000000
           7432	      3712	001000bc	00254283	lbu	x5,2(x10)	 x10:0x00101a10  x5=0x00000069 PA:0x00101a12 store:0x00137fa0
           7434	      3713	001000c0	04028863	beq	x5,x0,100110	  x5:0x00000069  x0:0x00000000
           7438	      3715	001000c4	0057a023	sw	x5,0(x15)	 x15:0x00020000  x5:0x00000069 PA:0x00020000 store:0x00000069 load:0x00000000
           7442	      3717	001000c8	00354303	lbu	x6,3(x10)	 x10:0x00101a10  x6=0x0000003d PA:0x00101a13 store:0x00000000
           7444	      3718	001000cc	04030263	beq	x6,x0,100110	  x6:0x0000003d  x0:0x00000000
           7448	      3720	001000d0	0067a023	sw	x6,0(x15)	 x15:0x00020000  x6:0x0000003d PA:0x00020000 store:0x0000003d load:0x00000000
           7452	      3722	001000d4	00454383	lbu	x7,4(x10)	 x10:0x00101a10  x7=0x00000000 PA:0x00101a14 store:0x00000000
           7456	      3724	001000d8	02038c63	beq	x7,x0,100110	  x7:0x00000000  x0:0x00000000
           7460	      3726	00100110	00000513	addi	x10,x0,0	  x0:0x00000000 x10=0x00000000
           7464	      3728	00100114	00008067	jalr	x0,0(x1)	  x1:0x0010121c  x0=0x00000000
           7466	      3729	0010121c	000c0513	addi	x10,x24,0	 x24:0x00000004 x10=0x00000004
           7470	      3731	00101220	f01fe0ef	jal	x1,100120	  x1=0x00101224
           7472	      3732	00100120	01c55793	srli	x15,x10,0x1c	 x10:0x00000004 x15=0x00000000
           7474	      3733	00100124	00900713	addi	x14,x0,9	  x0:0x00000000 x14=0x00000009
           7478	      3735	00100128	0cf77a63	bgeu	x14,x15,1001fc	 x14:0x00000009 x15:0x00000000
           7482	      3737	001001fc	03078393	addi	x7,x15,48	 x15:0x00000000  x7=0x00000030
           7484	      3738	00100200	000205b7	lui	x11,0x20	 x11=0x00020000
           7486	      3739	00100204	00451613	slli	x12,x10,0x4	 x10:0x00000004 x12=0x00000040
           7490	      3741	00100208	0075a023	sw	x7,0(x11)	 x11:0x00020000  x7:0x00000030 PA:0x00020000 store:0x00000030 load:0x00000000
           7492	      3742	0010020c	01c65693	srli	x13,x12,0x1c	 x12:0x00000040 x13=0x00000000
           7494	      3743	00100210	00900813	addi	x16,x0,9	  x0:0x00000000 x16=0x00000009
           7496	      3744	00100214	f2d86ae3	bltu	x16,x13,100148	 x16:0x00000009 x13:0x00000000
           7498	      3745	00100218	03068e93	addi	x29,x13,48	 x13:0x00000000 x29=0x00000030
           7500	      3746	0010021c	00020f37	lui	x30,0x20	 x30=0x00020000
           7502	      3747	00100220	00851f93	slli	x31,x10,0x8	 x10:0x00000004 x31=0x00000400
           7506	      3749	00100224	01df2023	sw	x29,0(x30)	 x30:0x00020000 x29:0x00000030 PA:0x00020000 store:0x00000030 load:0x00000000
           7508	      3750	00100228	01cfd793	srli	x15,x31,0x1c	 x31:0x00000400 x15=0x00000000
           7510	      3751	0010022c	00900713	addi	x14,x0,9	  x0:0x00000000 x14=0x00000009
           7512	      3752	00100230	f2f76ae3	bltu	x14,x15,100164	 x14:0x00000009 x15:0x00000000
           7514	      3753	00100234	03078393	addi	x7,x15,48	 x15:0x00000000  x7=0x00000030
           7516	      3754	00100238	000205b7	lui	x11,0x20	 x11=0x00020000
           7518	      3755	0010023c	00c51613	slli	x12,x10,0xc	 x10:0x00000004 x12=0x00004000
           7522	      3757	00100240	0075a023	sw	x7,0(x11)	 x11:0x00020000  x7:0x00000030 PA:0x00020000 store:0x00000030 load:0x00000000
           7524	      3758	00100244	01c65693	srli	x13,x12,0x1c	 x12:0x00004000 x13=0x00000000
           7526	      3759	00100248	00900813	addi	x16,x0,9	  x0:0x00000000 x16=0x00000009
           7528	      3760	0010024c	f2d86ae3	bltu	x16,x13,100180	 x16:0x00000009 x13:0x00000000
           7530	      3761	00100250	03068e93	addi	x29,x13,48	 x13:0x00000000 x29=0x00000030
           7532	      3762	00100254	00020f37	lui	x30,0x20	 x30=0x00020000
           7534	      3763	00100258	01051f93	slli	x31,x10,0x10	 x10:0x00000004 x31=0x00040000
           7538	      3765	0010025c	01df2023	sw	x29,0(x30)	 x30:0x00020000 x29:0x00000030 PA:0x00020000 store:0x00000030 load:0x00000000
           7540	      3766	00100260	01cfd793	srli	x15,x31,0x1c	 x31:0x00040000 x15=0x00000000
           7542	      3767	00100264	00900713	addi	x14,x0,9	  x0:0x00000000 x14=0x00000009
           7544	      3768	00100268	f2f76ae3	bltu	x14,x15,10019c	 x14:0x00000009 x15:0x00000000
           7546	      3769	0010026c	03078393	addi	x7,x15,48	 x15:0x00000000  x7=0x00000030
           7548	      3770	00100270	000205b7	lui	x11,0x20	 x11=0x00020000
           7550	      3771	00100274	01451613	slli	x12,x10,0x14	 x10:0x00000004 x12=0x00400000
           7554	      3773	00100278	0075a023	sw	x7,0(x11)	 x11:0x00020000  x7:0x00000030 PA:0x00020000 store:0x00000030 load:0x00000000
           7556	      3774	0010027c	01c65693	srli	x13,x12,0x1c	 x12:0x00400000 x13=0x00000000
           7558	      3775	00100280	00900813	addi	x16,x0,9	  x0:0x00000000 x16=0x00000009
           7560	      3776	00100284	f2d86ae3	bltu	x16,x13,1001b8	 x16:0x00000009 x13:0x00000000
           7562	      3777	00100288	03068e93	addi	x29,x13,48	 x13:0x00000000 x29=0x00000030
           7564	      3778	0010028c	00020f37	lui	x30,0x20	 x30=0x00020000
           7566	      3779	00100290	01851f93	slli	x31,x10,0x18	 x10:0x00000004 x31=0x04000000
           7570	      3781	00100294	01df2023	sw	x29,0(x30)	 x30:0x00020000 x29:0x00000030 PA:0x00020000 store:0x00000030 load:0x00000000
           7572	      3782	00100298	01cfd793	srli	x15,x31,0x1c	 x31:0x04000000 x15=0x00000000
           7574	      3783	0010029c	00900713	addi	x14,x0,9	  x0:0x00000000 x14=0x00000009
           7576	      3784	001002a0	f2f76ae3	bltu	x14,x15,1001d4	 x14:0x00000009 x15:0x00000000
           7578	      3785	001002a4	03078393	addi	x7,x15,48	 x15:0x00000000  x7=0x00000030
           7580	      3786	001002a8	000205b7	lui	x11,0x20	 x11=0x00020000
           7584	      3788	001002ac	0075a023	sw	x7,0(x11)	 x11:0x00020000  x7:0x00000030 PA:0x00020000 store:0x00000030 load:0x00000000
           7586	      3789	001002b0	00f57513	andi	x10,x10,15	 x10:0x00000004 x10=0x00000004
           7588	      3790	001002b4	00900613	addi	x12,x0,9	  x0:0x00000000 x12=0x00000009
           7592	      3792	001002b8	f2a67ae3	bgeu	x12,x10,1001ec	 x12:0x00000009 x10:0x00000004
           7596	      3794	001001ec	03050893	addi	x17,x10,48	 x10:0x00000004 x17=0x00000034
           7598	      3795	001001f0	00020e37	lui	x28,0x20	 x28=0x00020000
           7602	      3797	001001f4	011e2023	sw	x17,0(x28)	 x28:0x00020000 x17:0x00000034 PA:0x00020000 store:0x00000034 load:0x00000000
           7606	      3799	001001f8	00008067	jalr	x0,0(x1)	  x1:0x00101224  x0=0x00000000
           7608	      3800	00101224	a18b0513	addi	x10,x22,-1512	 x22:0x00102000 x10=0x00101a18
           7612	      3802	00101228	e79fe0ef	jal	x1,1000a0	  x1=0x0010122c
           7616	      3804	001000a0	00054803	lbu	x16,0(x10)	 x10:0x00101a18 x16=0x00000020 PA:0x00101a18 store:0x00000000
           7618	      3805	001000a4	06080663	beq	x16,x0,100110	 x16:0x00000020  x0:0x00000000
           7620	      3806	001000a8	000207b7	lui	x15,0x20	 x15=0x00020000
           7624	      3808	001000ac	0107a023	sw	x16,0(x15)	 x15:0x00020000 x16:0x00000020 PA:0x00020000 store:0x00000020 load:0x00000000
           7628	      3810	001000b0	00154703	lbu	x14,1(x10)	 x10:0x00101a18 x14=0x00000072 PA:0x00101a19 store:0x0010122c
           7630	      3811	001000b4	04070e63	beq	x14,x0,100110	 x14:0x00000072  x0:0x00000000
           7634	      3813	001000b8	00e7a023	sw	x14,0(x15)	 x15:0x00020000 x14:0x00000072 PA:0x00020000 store:0x00000072 load:0x00000000
           7638	      3815	001000bc	00254283	lbu	x5,2(x10)	 x10:0x00101a18  x5=0x00000065 PA:0x00101a1a store:0x00137fa0
           7640	      3816	001000c0	04028863	beq	x5,x0,100110	  x5:0x00000065  x0:0x00000000
           7644	      3818	001000c4	0057a023	sw	x5,0(x15)	 x15:0x00020000  x5:0x00000065 PA:0x00020000 store:0x00000065 load:0x00000000
           7648	      3820	001000c8	00354303	lbu	x6,3(x10)	 x10:0x00101a18  x6=0x00000073 PA:0x00101a1b store:0x00000000
           7650	      3821	001000cc	04030263	beq	x6,x0,100110	  x6:0x00000073  x0:0x00000000
           7654	      3823	001000d0	0067a023	sw	x6,0(x15)	 x15:0x00020000  x6:0x00000073 PA:0x00020000 store:0x00000073 load:0x00000000
           7658	      3825	001000d4	00454383	lbu	x7,4(x10)	 x10:0x00101a18  x7=0x00000075 PA:0x00101a1c store:0x00000000
           7660	      3826	001000d8	02038c63	beq	x7,x0,100110	  x7:0x00000075  x0:0x00000000
           7664	      3828	001000dc	0077a023	sw	x7,0(x15)	 x15:0x00020000  x7:0x00000075 PA:0x00020000 store:0x00000075 load:0x00000000
           7668	      3830	001000e0	00554583	lbu	x11,5(x10)	 x10:0x00101a18 x11=0x0000006c PA:0x00101a1d store:0x00000065
           7670	      3831	001000e4	02058663	beq	x11,x0,100110	 x11:0x0000006c  x0:0x00000000
           7674	      3833	001000e8	00b7a023	sw	x11,0(x15)	 x15:0x00020000 x11:0x0000006c PA:0x00020000 store:0x0000006c load:0x00000000
           7678	      3835	001000ec	00654603	lbu	x12,6(x10)	 x10:0x00101a18 x12=0x00000074 PA:0x00101a1e store:0x00000073
           7680	      3836	001000f0	02060063	beq	x12,x0,100110	 x12:0x00000074  x0:0x00000000
           7684	      3838	001000f4	00c7a023	sw	x12,0(x15)	 x15:0x00020000 x12:0x00000074 PA:0x00020000 store:0x00000074 load:0x00000000
           7688	      3840	001000f8	00754683	lbu	x13,7(x10)	 x10:0x00101a18 x13=0x0000003a PA:0x00101a1f store:0x00000075
           7690	      3841	001000fc	00850513	addi	x10,x10,8	 x10:0x00101a18 x10=0x00101a20
           7692	      3842	00100100	00068863	beq	x13,x0,100110	 x13:0x0000003a  x0:0x00000000
           7696	      3844	00100104	00d7a023	sw	x13,0(x15)	 x15:0x00020000 x13:0x0000003a PA:0x00020000 store:0x0000003a load:0x00000000
           7700	      3846	00100108	00054803	lbu	x16,0(x10)	 x10:0x00101a20 x16=0x00000020 PA:0x00101a20 store:0x00000000
           7704	      3848	0010010c	fa0810e3	bne	x16,x0,1000ac	 x16:0x00000020  x0:0x00000000
           7710	      3851	001000ac	0107a023	sw	x16,0(x15)	 x15:0x00020000 x16:0x00000020 PA:0x00020000 store:0x00000020 load:0x00000000
           7714	      3853	001000b0	00154703	lbu	x14,1(x10)	 x10:0x00101a20 x14=0x00000000 PA:0x00101a21 store:0x0010122c
           7718	      3855	001000b4	04070e63	beq	x14,x0,100110	 x14:0x00000000  x0:0x00000000
           7722	      3857	00100110	00000513	addi	x10,x0,0	  x0:0x00000000 x10=0x00000000
           7726	      3859	00100114	00008067	jalr	x0,0(x1)	  x1:0x0010122c  x0=0x00000000
           7730	      3861	0010122c	cf8a2503	lw	x10,-776(x20)	 x20:0x00102000 x10=0x328fc550 PA:0x00101cf8 store:0x00000004
           7732	      3862	00101230	001c0d93	addi	x27,x24,1	 x24:0x00000004 x27=0x00000005
           7736	      3864	00101234	eedfe0ef	jal	x1,100120	  x1=0x00101238
           7738	      3865	00100120	01c55793	srli	x15,x10,0x1c	 x10:0x328fc550 x15=0x00000003
           7740	      3866	00100124	00900713	addi	x14,x0,9	  x0:0x00000000 x14=0x00000009
           7744	      3868	00100128	0cf77a63	bgeu	x14,x15,1001fc	 x14:0x00000009 x15:0x00000003
           7748	      3870	001001fc	03078393	addi	x7,x15,48	 x15:0x00000003  x7=0x00000033
           7750	      3871	00100200	000205b7	lui	x11,0x20	 x11=0x00020000
           7752	      3872	00100204	00451613	slli	x12,x10,0x4	 x10:0x328fc550 x12=0x28fc5500
           7756	      3874	00100208	0075a023	sw	x7,0(x11)	 x11:0x00020000  x7:0x00000033 PA:0x00020000 store:0x00000033 load:0x00000000
           7758	      3875	0010020c	01c65693	srli	x13,x12,0x1c	 x12:0x28fc5500 x13=0x00000002
           7760	      3876	00100210	00900813	addi	x16,x0,9	  x0:0x00000000 x16=0x00000009
           7762	      3877	00100214	f2d86ae3	bltu	x16,x13,100148	 x16:0x00000009 x13:0x00000002
           7764	      3878	00100218	03068e93	addi	x29,x13,48	 x13:0x00000002 x29=0x00000032
           7766	      3879	0010021c	00020f37	lui	x30,0x20	 x30=0x00020000
           7768	      3880	00100220	00851f93	slli	x31,x10,0x8	 x10:0x328fc550 x31=0x8fc55000
           7772	      3882	00100224	01df2023	sw	x29,0(x30)	 x30:0x00020000 x29:0x00000032 PA:0x00020000 store:0x00000032 load:0x00000000
           7774	      3883	00100228	01cfd793	srli	x15,x31,0x1c	 x31:0x8fc55000 x15=0x00000008
           7776	      3884	0010022c	00900713	addi	x14,x0,9	  x0:0x00000000 x14=0x00000009
           7778	      3885	00100230	f2f76ae3	bltu	x14,x15,100164	 x14:0x00000009 x15:0x00000008
           7780	      3886	00100234	03078393	addi	x7,x15,48	 x15:0x00000008  x7=0x00000038
           7782	      3887	00100238	000205b7	lui	x11,0x20	 x11=0x00020000
           7784	      3888	0010023c	00c51613	slli	x12,x10,0xc	 x10:0x328fc550 x12=0xfc550000
           7788	      3890	00100240	0075a023	sw	x7,0(x11)	 x11:0x00020000  x7:0x00000038 PA:0x00020000 store:0x00000038 load:0x00000000
           7790	      3891	00100244	01c65693	srli	x13,x12,0x1c	 x12:0xfc550000 x13=0x0000000f
           7792	      3892	00100248	00900813	addi	x16,x0,9	  x0:0x00000000 x16=0x00000009
           7796	      3894	0010024c	f2d86ae3	bltu	x16,x13,100180	 x16:0x00000009 x13:0x0000000f
           7800	      3896	00100180	03768893	addi	x17,x13,55	 x13:0x0000000f x17=0x00000046
           7802	      3897	00100184	00020e37	lui	x28,0x20	 x28=0x00020000
           7804	      3898	00100188	01051f93	slli	x31,x10,0x10	 x10:0x328fc550 x31=0xc5500000
           7808	      3900	0010018c	011e2023	sw	x17,0(x28)	 x28:0x00020000 x17:0x00000046 PA:0x00020000 store:0x00000046 load:0x00000000
           7810	      3901	00100190	01cfd793	srli	x15,x31,0x1c	 x31:0xc5500000 x15=0x0000000c
           7812	      3902	00100194	00900713	addi	x14,x0,9	  x0:0x00000000 x14=0x00000009
           7814	      3903	00100198	0cf77a63	bgeu	x14,x15,10026c	 x14:0x00000009 x15:0x0000000c
           7816	      3904	0010019c	03778293	addi	x5,x15,55	 x15:0x0000000c  x5=0x00000043
           7818	      3905	001001a0	00020337	lui	x6,0x20	  x6=0x00020000
           7820	      3906	001001a4	01451613	slli	x12,x10,0x14	 x10:0x328fc550 x12=0x55000000
           7824	      3908	001001a8	00532023	sw	x5,0(x6)	  x6:0x00020000  x5:0x00000043 PA:0x00020000 store:0x00000043 load:0x00000000
           7826	      3909	001001ac	01c65693	srli	x13,x12,0x1c	 x12:0x55000000 x13=0x00000005
           7828	      3910	001001b0	00900813	addi	x16,x0,9	  x0:0x00000000 x16=0x00000009
           7832	      3912	001001b4	0cd87a63	bgeu	x16,x13,100288	 x16:0x00000009 x13:0x00000005
           7836	      3914	00100288	03068e93	addi	x29,x13,48	 x13:0x00000005 x29=0x00000035
           7838	      3915	0010028c	00020f37	lui	x30,0x20	 x30=0x00020000
           7840	      3916	00100290	01851f93	slli	x31,x10,0x18	 x10:0x328fc550 x31=0x50000000
           7844	      3918	00100294	01df2023	sw	x29,0(x30)	 x30:0x00020000 x29:0x00000035 PA:0x00020000 store:0x00000035 load:0x00000000
           7846	      3919	00100298	01cfd793	srli	x15,x31,0x1c	 x31:0x50000000 x15=0x00000005
           7848	      3920	0010029c	00900713	addi	x14,x0,9	  x0:0x00000000 x14=0x00000009
           7850	      3921	001002a0	f2f76ae3	bltu	x14,x15,1001d4	 x14:0x00000009 x15:0x00000005
           7852	      3922	001002a4	03078393	addi	x7,x15,48	 x15:0x00000005  x7=0x00000035
           7854	      3923	001002a8	000205b7	lui	x11,0x20	 x11=0x00020000
           7858	      3925	001002ac	0075a023	sw	x7,0(x11)	 x11:0x00020000  x7:0x00000035 PA:0x00020000 store:0x00000035 load:0x00000000
           7860	      3926	001002b0	00f57513	andi	x10,x10,15	 x10:0x328fc550 x10=0x00000000
           7862	      3927	001002b4	00900613	addi	x12,x0,9	  x0:0x00000000 x12=0x00000009
           7866	      3929	001002b8	f2a67ae3	bgeu	x12,x10,1001ec	 x12:0x00000009 x10:0x00000000
           7870	      3931	001001ec	03050893	addi	x17,x10,48	 x10:0x00000000 x17=0x00000030
           7872	      3932	001001f0	00020e37	lui	x28,0x20	 x28=0x00020000
           7876	      3934	001001f4	011e2023	sw	x17,0(x28)	 x28:0x00020000 x17:0x00000030 PA:0x00020000 store:0x00000030 load:0x00000000
           7890	      3941	001001f8	00008067	jalr	x0,0(x1)	  x1:0x00101238  x0=0x00000000
           7892	      3942	00101238	d089ae87	flw	f29,-760(x19)	 f19:0x00102000 f29=0x00000000 PA:0x00101d08 store:0x4598f2e4
           7894	      3943	0010123c	d24baf07	flw	f30,-732(x23)	 f23:0x00102000 f30=0x00000000 PA:0x00101d24 store:0x42f67c6a
           7916	      3954	00101240	a10a8513	addi	x10,x21,-1520	 x21:0x00102000 x10=0x00101a10
           7918	      3955	00101244	19eeffd3	fdiv.s	f31,f29,f30	 f29:0x00000035 f30:0x00020000 f31=0x00000000
           7924	      3958	00101248	d1f9a427	fsw	f31,-760(x19)	 f19:0x00102000 f31:0x50000000 PA:0x00101d08 store:0x2f1551f2 load:0x42f67c6a
           7932	      3962	0010124c	d089a007	flw	f0,-760(x19)	 f19:0x00102000  f0=0x00000000 PA:0x00101d08 store:0x4598f2e4
           7938	      3965	00101250	e0000e53	fmv.x.w	x28,f0	  f0:0x00000000 x28=0x2f1551f2
           7940	      3966	00101254	cfca2c23	sw	x28,-776(x20)	 x20:0x00102000 x28:0x2f1551f2 PA:0x00101cf8 store:0x2f1551f2 load:0x2f1551f2
           7944	      3968	00101258	e49fe0ef	jal	x1,1000a0	  x1=0x0010125c
           7948	      3970	001000a0	00054803	lbu	x16,0(x10)	 x10:0x00101a10 x16=0x0000000a PA:0x00101a10 store:0x00000000
           7950	      3971	001000a4	06080663	beq	x16,x0,100110	 x16:0x0000000a  x0:0x00000000
           7952	      3972	001000a8	000207b7	lui	x15,0x20	 x15=0x00020000
           7956	      3974	001000ac	0107a023	sw	x16,0(x15)	 x15:0x00020000 x16:0x0000000a PA:0x00020000 store:0x0000000a load:0x00000000
           7960	      3976	001000b0	00154703	lbu	x14,1(x10)	 x10:0x00101a10 x14=0x00000020 PA:0x00101a11 store:0x0010125c
           7962	      3977	001000b4	04070e63	beq	x14,x0,100110	 x14:0x00000020  x0:0x00000000
           7966	      3979	001000b8	00e7a023	sw	x14,0(x15)	 x15:0x00020000 x14:0x00000020 PA:0x00020000 store:0x00000020 load:0x00000000
           7970	      3981	001000bc	00254283	lbu	x5,2(x10)	 x10:0x00101a10  x5=0x00000069 PA:0x00101a12 store:0x00137fa0
           7972	      3982	001000c0	04028863	beq	x5,x0,100110	  x5:0x00000069  x0:0x00000000
           7976	      3984	001000c4	0057a023	sw	x5,0(x15)	 x15:0x00020000  x5:0x00000069 PA:0x00020000 store:0x00000069 load:0x00000000
           7980	      3986	001000c8	00354303	lbu	x6,3(x10)	 x10:0x00101a10  x6=0x0000003d PA:0x00101a13 store:0x00000000
           7982	      3987	001000cc	04030263	beq	x6,x0,100110	  x6:0x0000003d  x0:0x00000000
           7986	      3989	001000d0	0067a023	sw	x6,0(x15)	 x15:0x00020000  x6:0x0000003d PA:0x00020000 store:0x0000003d load:0x00000000
           7990	      3991	001000d4	00454383	lbu	x7,4(x10)	 x10:0x00101a10  x7=0x00000000 PA:0x00101a14 store:0x00000000
           7994	      3993	001000d8	02038c63	beq	x7,x0,100110	  x7:0x00000000  x0:0x00000000
           7998	      3995	00100110	00000513	addi	x10,x0,0	  x0:0x00000000 x10=0x00000000
           8002	      3997	00100114	00008067	jalr	x0,0(x1)	  x1:0x0010125c  x0=0x00000000
           8004	      3998	0010125c	000d8513	addi	x10,x27,0	 x27:0x00000005 x10=0x00000005
           8008	      4000	00101260	ec1fe0ef	jal	x1,100120	  x1=0x00101264
           8010	      4001	00100120	01c55793	srli	x15,x10,0x1c	 x10:0x00000005 x15=0x00000000
           8012	      4002	00100124	00900713	addi	x14,x0,9	  x0:0x00000000 x14=0x00000009
           8016	      4004	00100128	0cf77a63	bgeu	x14,x15,1001fc	 x14:0x00000009 x15:0x00000000
           8020	      4006	001001fc	03078393	addi	x7,x15,48	 x15:0x00000000  x7=0x00000030
           8022	      4007	00100200	000205b7	lui	x11,0x20	 x11=0x00020000
           8024	      4008	00100204	00451613	slli	x12,x10,0x4	 x10:0x00000005 x12=0x00000050
           8028	      4010	00100208	0075a023	sw	x7,0(x11)	 x11:0x00020000  x7:0x00000030 PA:0x00020000 store:0x00000030 load:0x00000000
           8030	      4011	0010020c	01c65693	srli	x13,x12,0x1c	 x12:0x00000050 x13=0x00000000
           8032	      4012	00100210	00900813	addi	x16,x0,9	  x0:0x00000000 x16=0x00000009
           8034	      4013	00100214	f2d86ae3	bltu	x16,x13,100148	 x16:0x00000009 x13:0x00000000
           8036	      4014	00100218	03068e93	addi	x29,x13,48	 x13:0x00000000 x29=0x00000030
           8038	      4015	0010021c	00020f37	lui	x30,0x20	 x30=0x00020000
           8040	      4016	00100220	00851f93	slli	x31,x10,0x8	 x10:0x00000005 x31=0x00000500
           8044	      4018	00100224	01df2023	sw	x29,0(x30)	 x30:0x00020000 x29:0x00000030 PA:0x00020000 store:0x00000030 load:0x00000000
           8046	      4019	00100228	01cfd793	srli	x15,x31,0x1c	 x31:0x00000500 x15=0x00000000
           8048	      4020	0010022c	00900713	addi	x14,x0,9	  x0:0x00000000 x14=0x00000009
           8050	      4021	00100230	f2f76ae3	bltu	x14,x15,100164	 x14:0x00000009 x15:0x00000000
           8052	      4022	00100234	03078393	addi	x7,x15,48	 x15:0x00000000  x7=0x00000030
           8054	      4023	00100238	000205b7	lui	x11,0x20	 x11=0x00020000
           8056	      4024	0010023c	00c51613	slli	x12,x10,0xc	 x10:0x00000005 x12=0x00005000
           8060	      4026	00100240	0075a023	sw	x7,0(x11)	 x11:0x00020000  x7:0x00000030 PA:0x00020000 store:0x00000030 load:0x00000000
           8062	      4027	00100244	01c65693	srli	x13,x12,0x1c	 x12:0x00005000 x13=0x00000000
           8064	      4028	00100248	00900813	addi	x16,x0,9	  x0:0x00000000 x16=0x00000009
           8066	      4029	0010024c	f2d86ae3	bltu	x16,x13,100180	 x16:0x00000009 x13:0x00000000
           8068	      4030	00100250	03068e93	addi	x29,x13,48	 x13:0x00000000 x29=0x00000030
           8070	      4031	00100254	00020f37	lui	x30,0x20	 x30=0x00020000
           8072	      4032	00100258	01051f93	slli	x31,x10,0x10	 x10:0x00000005 x31=0x00050000
           8076	      4034	0010025c	01df2023	sw	x29,0(x30)	 x30:0x00020000 x29:0x00000030 PA:0x00020000 store:0x00000030 load:0x00000000
           8078	      4035	00100260	01cfd793	srli	x15,x31,0x1c	 x31:0x00050000 x15=0x00000000
           8080	      4036	00100264	00900713	addi	x14,x0,9	  x0:0x00000000 x14=0x00000009
           8082	      4037	00100268	f2f76ae3	bltu	x14,x15,10019c	 x14:0x00000009 x15:0x00000000
           8084	      4038	0010026c	03078393	addi	x7,x15,48	 x15:0x00000000  x7=0x00000030
           8086	      4039	00100270	000205b7	lui	x11,0x20	 x11=0x00020000
           8088	      4040	00100274	01451613	slli	x12,x10,0x14	 x10:0x00000005 x12=0x00500000
           8092	      4042	00100278	0075a023	sw	x7,0(x11)	 x11:0x00020000  x7:0x00000030 PA:0x00020000 store:0x00000030 load:0x00000000
           8094	      4043	0010027c	01c65693	srli	x13,x12,0x1c	 x12:0x00500000 x13=0x00000000
           8096	      4044	00100280	00900813	addi	x16,x0,9	  x0:0x00000000 x16=0x00000009
           8098	      4045	00100284	f2d86ae3	bltu	x16,x13,1001b8	 x16:0x00000009 x13:0x00000000
           8100	      4046	00100288	03068e93	addi	x29,x13,48	 x13:0x00000000 x29=0x00000030
           8102	      4047	0010028c	00020f37	lui	x30,0x20	 x30=0x00020000
           8104	      4048	00100290	01851f93	slli	x31,x10,0x18	 x10:0x00000005 x31=0x05000000
           8108	      4050	00100294	01df2023	sw	x29,0(x30)	 x30:0x00020000 x29:0x00000030 PA:0x00020000 store:0x00000030 load:0x00000000
           8110	      4051	00100298	01cfd793	srli	x15,x31,0x1c	 x31:0x05000000 x15=0x00000000
           8112	      4052	0010029c	00900713	addi	x14,x0,9	  x0:0x00000000 x14=0x00000009
           8114	      4053	001002a0	f2f76ae3	bltu	x14,x15,1001d4	 x14:0x00000009 x15:0x00000000
           8116	      4054	001002a4	03078393	addi	x7,x15,48	 x15:0x00000000  x7=0x00000030
           8118	      4055	001002a8	000205b7	lui	x11,0x20	 x11=0x00020000
           8122	      4057	001002ac	0075a023	sw	x7,0(x11)	 x11:0x00020000  x7:0x00000030 PA:0x00020000 store:0x00000030 load:0x00000000
           8124	      4058	001002b0	00f57513	andi	x10,x10,15	 x10:0x00000005 x10=0x00000005
           8126	      4059	001002b4	00900613	addi	x12,x0,9	  x0:0x00000000 x12=0x00000009
           8130	      4061	001002b8	f2a67ae3	bgeu	x12,x10,1001ec	 x12:0x00000009 x10:0x00000005
           8134	      4063	001001ec	03050893	addi	x17,x10,48	 x10:0x00000005 x17=0x00000035
           8136	      4064	001001f0	00020e37	lui	x28,0x20	 x28=0x00020000
           8140	      4066	001001f4	011e2023	sw	x17,0(x28)	 x28:0x00020000 x17:0x00000035 PA:0x00020000 store:0x00000035 load:0x00000000
           8144	      4068	001001f8	00008067	jalr	x0,0(x1)	  x1:0x00101264  x0=0x00000000
           8146	      4069	00101264	a18b0513	addi	x10,x22,-1512	 x22:0x00102000 x10=0x00101a18
           8150	      4071	00101268	e39fe0ef	jal	x1,1000a0	  x1=0x0010126c
           8154	      4073	001000a0	00054803	lbu	x16,0(x10)	 x10:0x00101a18 x16=0x00000020 PA:0x00101a18 store:0x00000000
           8156	      4074	001000a4	06080663	beq	x16,x0,100110	 x16:0x00000020  x0:0x00000000
           8158	      4075	001000a8	000207b7	lui	x15,0x20	 x15=0x00020000
           8162	      4077	001000ac	0107a023	sw	x16,0(x15)	 x15:0x00020000 x16:0x00000020 PA:0x00020000 store:0x00000020 load:0x00000000
           8166	      4079	001000b0	00154703	lbu	x14,1(x10)	 x10:0x00101a18 x14=0x00000072 PA:0x00101a19 store:0x0010126c
           8168	      4080	001000b4	04070e63	beq	x14,x0,100110	 x14:0x00000072  x0:0x00000000
           8172	      4082	001000b8	00e7a023	sw	x14,0(x15)	 x15:0x00020000 x14:0x00000072 PA:0x00020000 store:0x00000072 load:0x00000000
           8176	      4084	001000bc	00254283	lbu	x5,2(x10)	 x10:0x00101a18  x5=0x00000065 PA:0x00101a1a store:0x00137fa0
           8178	      4085	001000c0	04028863	beq	x5,x0,100110	  x5:0x00000065  x0:0x00000000
           8182	      4087	001000c4	0057a023	sw	x5,0(x15)	 x15:0x00020000  x5:0x00000065 PA:0x00020000 store:0x00000065 load:0x00000000
           8186	      4089	001000c8	00354303	lbu	x6,3(x10)	 x10:0x00101a18  x6=0x00000073 PA:0x00101a1b store:0x00000000
           8188	      4090	001000cc	04030263	beq	x6,x0,100110	  x6:0x00000073  x0:0x00000000
           8192	      4092	001000d0	0067a023	sw	x6,0(x15)	 x15:0x00020000  x6:0x00000073 PA:0x00020000 store:0x00000073 load:0x00000000
           8196	      4094	001000d4	00454383	lbu	x7,4(x10)	 x10:0x00101a18  x7=0x00000075 PA:0x00101a1c store:0x00000000
           8198	      4095	001000d8	02038c63	beq	x7,x0,100110	  x7:0x00000075  x0:0x00000000
           8202	      4097	001000dc	0077a023	sw	x7,0(x15)	 x15:0x00020000  x7:0x00000075 PA:0x00020000 store:0x00000075 load:0x00000000
           8206	      4099	001000e0	00554583	lbu	x11,5(x10)	 x10:0x00101a18 x11=0x0000006c PA:0x00101a1d store:0x00000065
           8208	      4100	001000e4	02058663	beq	x11,x0,100110	 x11:0x0000006c  x0:0x00000000
           8212	      4102	001000e8	00b7a023	sw	x11,0(x15)	 x15:0x00020000 x11:0x0000006c PA:0x00020000 store:0x0000006c load:0x00000000
           8216	      4104	001000ec	00654603	lbu	x12,6(x10)	 x10:0x00101a18 x12=0x00000074 PA:0x00101a1e store:0x00000073
           8218	      4105	001000f0	02060063	beq	x12,x0,100110	 x12:0x00000074  x0:0x00000000
           8222	      4107	001000f4	00c7a023	sw	x12,0(x15)	 x15:0x00020000 x12:0x00000074 PA:0x00020000 store:0x00000074 load:0x00000000
           8226	      4109	001000f8	00754683	lbu	x13,7(x10)	 x10:0x00101a18 x13=0x0000003a PA:0x00101a1f store:0x00000075
           8228	      4110	001000fc	00850513	addi	x10,x10,8	 x10:0x00101a18 x10=0x00101a20
           8230	      4111	00100100	00068863	beq	x13,x0,100110	 x13:0x0000003a  x0:0x00000000
           8234	      4113	00100104	00d7a023	sw	x13,0(x15)	 x15:0x00020000 x13:0x0000003a PA:0x00020000 store:0x0000003a load:0x00000000
           8238	      4115	00100108	00054803	lbu	x16,0(x10)	 x10:0x00101a20 x16=0x00000020 PA:0x00101a20 store:0x00000000
           8242	      4117	0010010c	fa0810e3	bne	x16,x0,1000ac	 x16:0x00000020  x0:0x00000000
           8248	      4120	001000ac	0107a023	sw	x16,0(x15)	 x15:0x00020000 x16:0x00000020 PA:0x00020000 store:0x00000020 load:0x00000000
           8252	      4122	001000b0	00154703	lbu	x14,1(x10)	 x10:0x00101a20 x14=0x00000000 PA:0x00101a21 store:0x0010126c
           8256	      4124	001000b4	04070e63	beq	x14,x0,100110	 x14:0x00000000  x0:0x00000000
           8260	      4126	00100110	00000513	addi	x10,x0,0	  x0:0x00000000 x10=0x00000000
           8264	      4128	00100114	00008067	jalr	x0,0(x1)	  x1:0x0010126c  x0=0x00000000
           8268	      4130	0010126c	cf8a2503	lw	x10,-776(x20)	 x20:0x00102000 x10=0x2f1551f2 PA:0x00101cf8 store:0x00000004
           8270	      4131	00101270	002c0d93	addi	x27,x24,2	 x24:0x00000004 x27=0x00000006
           8274	      4133	00101274	eadfe0ef	jal	x1,100120	  x1=0x00101278
           8276	      4134	00100120	01c55793	srli	x15,x10,0x1c	 x10:0x2f1551f2 x15=0x00000002
           8278	      4135	00100124	00900713	addi	x14,x0,9	  x0:0x00000000 x14=0x00000009
           8282	      4137	00100128	0cf77a63	bgeu	x14,x15,1001fc	 x14:0x00000009 x15:0x00000002
           8286	      4139	001001fc	03078393	addi	x7,x15,48	 x15:0x00000002  x7=0x00000032
           8288	      4140	00100200	000205b7	lui	x11,0x20	 x11=0x00020000
           8290	      4141	00100204	00451613	slli	x12,x10,0x4	 x10:0x2f1551f2 x12=0xf1551f20
           8294	      4143	00100208	0075a023	sw	x7,0(x11)	 x11:0x00020000  x7:0x00000032 PA:0x00020000 store:0x00000032 load:0x00000000
           8296	      4144	0010020c	01c65693	srli	x13,x12,0x1c	 x12:0xf1551f20 x13=0x0000000f
           8298	      4145	00100210	00900813	addi	x16,x0,9	  x0:0x00000000 x16=0x00000009
           8302	      4147	00100214	f2d86ae3	bltu	x16,x13,100148	 x16:0x00000009 x13:0x0000000f
           8306	      4149	00100148	03768893	addi	x17,x13,55	 x13:0x0000000f x17=0x00000046
           8308	      4150	0010014c	00020e37	lui	x28,0x20	 x28=0x00020000
           8310	      4151	00100150	00851f93	slli	x31,x10,0x8	 x10:0x2f1551f2 x31=0x1551f200
           8314	      4153	00100154	011e2023	sw	x17,0(x28)	 x28:0x00020000 x17:0x00000046 PA:0x00020000 store:0x00000046 load:0x00000000
           8316	      4154	00100158	01cfd793	srli	x15,x31,0x1c	 x31:0x1551f200 x15=0x00000001
           8318	      4155	0010015c	00900713	addi	x14,x0,9	  x0:0x00000000 x14=0x00000009
           8322	      4157	00100160	0cf77a63	bgeu	x14,x15,100234	 x14:0x00000009 x15:0x00000001
           8326	      4159	00100234	03078393	addi	x7,x15,48	 x15:0x00000001  x7=0x00000031
           8328	      4160	00100238	000205b7	lui	x11,0x20	 x11=0x00020000
           8330	      4161	0010023c	00c51613	slli	x12,x10,0xc	 x10:0x2f1551f2 x12=0x551f2000
           8334	      4163	00100240	0075a023	sw	x7,0(x11)	 x11:0x00020000  x7:0x00000031 PA:0x00020000 store:0x00000031 load:0x00000000
           8336	      4164	00100244	01c65693	srli	x13,x12,0x1c	 x12:0x551f2000 x13=0x00000005
           8338	      4165	00100248	00900813	addi	x16,x0,9	  x0:0x00000000 x16=0x00000009
           8340	      4166	0010024c	f2d86ae3	bltu	x16,x13,100180	 x16:0x00000009 x13:0x00000005
           8342	      4167	00100250	03068e93	addi	x29,x13,48	 x13:0x00000005 x29=0x00000035
           8344	      4168	00100254	00020f37	lui	x30,0x20	 x30=0x00020000
           8346	      4169	00100258	01051f93	slli	x31,x10,0x10	 x10:0x2f1551f2 x31=0x51f20000
           8350	      4171	0010025c	01df2023	sw	x29,0(x30)	 x30:0x00020000 x29:0x00000035 PA:0x00020000 store:0x00000035 load:0x00000000
           8352	      4172	00100260	01cfd793	srli	x15,x31,0x1c	 x31:0x51f20000 x15=0x00000005
           8354	      4173	00100264	00900713	addi	x14,x0,9	  x0:0x00000000 x14=0x00000009
           8356	      4174	00100268	f2f76ae3	bltu	x14,x15,10019c	 x14:0x00000009 x15:0x00000005
           8358	      4175	0010026c	03078393	addi	x7,x15,48	 x15:0x00000005  x7=0x00000035
           8360	      4176	00100270	000205b7	lui	x11,0x20	 x11=0x00020000
           8362	      4177	00100274	01451613	slli	x12,x10,0x14	 x10:0x2f1551f2 x12=0x1f200000
           8366	      4179	00100278	0075a023	sw	x7,0(x11)	 x11:0x00020000  x7:0x00000035 PA:0x00020000 store:0x00000035 load:0x00000000
           8368	      4180	0010027c	01c65693	srli	x13,x12,0x1c	 x12:0x1f200000 x13=0x00000001
           8370	      4181	00100280	00900813	addi	x16,x0,9	  x0:0x00000000 x16=0x00000009
           8372	      4182	00100284	f2d86ae3	bltu	x16,x13,1001b8	 x16:0x00000009 x13:0x00000001
           8374	      4183	00100288	03068e93	addi	x29,x13,48	 x13:0x00000001 x29=0x00000031
           8376	      4184	0010028c	00020f37	lui	x30,0x20	 x30=0x00020000
           8378	      4185	00100290	01851f93	slli	x31,x10,0x18	 x10:0x2f1551f2 x31=0xf2000000
           8382	      4187	00100294	01df2023	sw	x29,0(x30)	 x30:0x00020000 x29:0x00000031 PA:0x00020000 store:0x00000031 load:0x00000000
           8384	      4188	00100298	01cfd793	srli	x15,x31,0x1c	 x31:0xf2000000 x15=0x0000000f
           8386	      4189	0010029c	00900713	addi	x14,x0,9	  x0:0x00000000 x14=0x00000009
           8390	      4191	001002a0	f2f76ae3	bltu	x14,x15,1001d4	 x14:0x00000009 x15:0x0000000f
           8394	      4193	001001d4	03778293	addi	x5,x15,55	 x15:0x0000000f  x5=0x00000046
           8396	      4194	001001d8	00020337	lui	x6,0x20	  x6=0x00020000
           8400	      4196	001001dc	00532023	sw	x5,0(x6)	  x6:0x00020000  x5:0x00000046 PA:0x00020000 store:0x00000046 load:0x00000000
           8402	      4197	001001e0	00f57513	andi	x10,x10,15	 x10:0x2f1551f2 x10=0x00000002
           8404	      4198	001001e4	00900613	addi	x12,x0,9	  x0:0x00000000 x12=0x00000009
           8406	      4199	001001e8	0ca66a63	bltu	x12,x10,1002bc	 x12:0x00000009 x10:0x00000002
           8408	      4200	001001ec	03050893	addi	x17,x10,48	 x10:0x00000002 x17=0x00000032
           8410	      4201	001001f0	00020e37	lui	x28,0x20	 x28=0x00020000
           8414	      4203	001001f4	011e2023	sw	x17,0(x28)	 x28:0x00020000 x17:0x00000032 PA:0x00020000 store:0x00000032 load:0x00000000
           8428	      4210	001001f8	00008067	jalr	x0,0(x1)	  x1:0x00101278  x0=0x00000000
           8430	      4211	00101278	d089a087	flw	f1,-760(x19)	 f19:0x00102000  f1=0x00000000 PA:0x00101d08 store:0x4598f2e4
           8432	      4212	0010127c	d24ba107	flw	f2,-732(x23)	 f23:0x00102000  f2=0x00000000 PA:0x00101d24 store:0x42f67c6a
           8454	      4223	00101280	a10a8513	addi	x10,x21,-1520	 x21:0x00102000 x10=0x00101a10
           8456	      4224	00101284	1820f753	fdiv.s	f14,f1,f2	  f1:0x00101278  f2:0x00137fa0 f14=0x00000000
           8462	      4227	00101288	d0e9a427	fsw	f14,-760(x19)	 f19:0x00102000 f14:0x00000009 PA:0x00101d08 store:0x2b9b156a load:0x42f67c6a
           8470	      4231	0010128c	d089a787	flw	f15,-760(x19)	 f19:0x00102000 f15=0x00000000 PA:0x00101d08 store:0x4598f2e4
           8476	      4234	00101290	e0078ed3	fmv.x.w	x29,f15	 f15:0x0000000f x29=0x2b9b156a
           8478	      4235	00101294	cfda2c23	sw	x29,-776(x20)	 x20:0x00102000 x29:0x2b9b156a PA:0x00101cf8 store:0x2b9b156a load:0x2b9b156a
           8482	      4237	00101298	e09fe0ef	jal	x1,1000a0	  x1=0x0010129c
           8486	      4239	001000a0	00054803	lbu	x16,0(x10)	 x10:0x00101a10 x16=0x0000000a PA:0x00101a10 store:0x00000000
           8488	      4240	001000a4	06080663	beq	x16,x0,100110	 x16:0x0000000a  x0:0x00000000
           8490	      4241	001000a8	000207b7	lui	x15,0x20	 x15=0x00020000
           8494	      4243	001000ac	0107a023	sw	x16,0(x15)	 x15:0x00020000 x16:0x0000000a PA:0x00020000 store:0x0000000a load:0x00000000
           8498	      4245	001000b0	00154703	lbu	x14,1(x10)	 x10:0x00101a10 x14=0x00000020 PA:0x00101a11 store:0x0010129c
           8500	      4246	001000b4	04070e63	beq	x14,x0,100110	 x14:0x00000020  x0:0x00000000
           8504	      4248	001000b8	00e7a023	sw	x14,0(x15)	 x15:0x00020000 x14:0x00000020 PA:0x00020000 store:0x00000020 load:0x00000000
           8508	      4250	001000bc	00254283	lbu	x5,2(x10)	 x10:0x00101a10  x5=0x00000069 PA:0x00101a12 store:0x00137fa0
           8510	      4251	001000c0	04028863	beq	x5,x0,100110	  x5:0x00000069  x0:0x00000000
           8514	      4253	001000c4	0057a023	sw	x5,0(x15)	 x15:0x00020000  x5:0x00000069 PA:0x00020000 store:0x00000069 load:0x00000000
           8518	      4255	001000c8	00354303	lbu	x6,3(x10)	 x10:0x00101a10  x6=0x0000003d PA:0x00101a13 store:0x00000000
           8520	      4256	001000cc	04030263	beq	x6,x0,100110	  x6:0x0000003d  x0:0x00000000
           8524	      4258	001000d0	0067a023	sw	x6,0(x15)	 x15:0x00020000  x6:0x0000003d PA:0x00020000 store:0x0000003d load:0x00000000
           8528	      4260	001000d4	00454383	lbu	x7,4(x10)	 x10:0x00101a10  x7=0x00000000 PA:0x00101a14 store:0x00000000
           8532	      4262	001000d8	02038c63	beq	x7,x0,100110	  x7:0x00000000  x0:0x00000000
           8536	      4264	00100110	00000513	addi	x10,x0,0	  x0:0x00000000 x10=0x00000000
           8540	      4266	00100114	00008067	jalr	x0,0(x1)	  x1:0x0010129c  x0=0x00000000
           8542	      4267	0010129c	000d8513	addi	x10,x27,0	 x27:0x00000006 x10=0x00000006
           8546	      4269	001012a0	e81fe0ef	jal	x1,100120	  x1=0x001012a4
           8548	      4270	00100120	01c55793	srli	x15,x10,0x1c	 x10:0x00000006 x15=0x00000000
           8550	      4271	00100124	00900713	addi	x14,x0,9	  x0:0x00000000 x14=0x00000009
           8554	      4273	00100128	0cf77a63	bgeu	x14,x15,1001fc	 x14:0x00000009 x15:0x00000000
           8558	      4275	001001fc	03078393	addi	x7,x15,48	 x15:0x00000000  x7=0x00000030
           8560	      4276	00100200	000205b7	lui	x11,0x20	 x11=0x00020000
           8562	      4277	00100204	00451613	slli	x12,x10,0x4	 x10:0x00000006 x12=0x00000060
           8566	      4279	00100208	0075a023	sw	x7,0(x11)	 x11:0x00020000  x7:0x00000030 PA:0x00020000 store:0x00000030 load:0x00000000
           8568	      4280	0010020c	01c65693	srli	x13,x12,0x1c	 x12:0x00000060 x13=0x00000000
           8570	      4281	00100210	00900813	addi	x16,x0,9	  x0:0x00000000 x16=0x00000009
           8572	      4282	00100214	f2d86ae3	bltu	x16,x13,100148	 x16:0x00000009 x13:0x00000000
           8574	      4283	00100218	03068e93	addi	x29,x13,48	 x13:0x00000000 x29=0x00000030
           8576	      4284	0010021c	00020f37	lui	x30,0x20	 x30=0x00020000
           8578	      4285	00100220	00851f93	slli	x31,x10,0x8	 x10:0x00000006 x31=0x00000600
           8582	      4287	00100224	01df2023	sw	x29,0(x30)	 x30:0x00020000 x29:0x00000030 PA:0x00020000 store:0x00000030 load:0x00000000
           8584	      4288	00100228	01cfd793	srli	x15,x31,0x1c	 x31:0x00000600 x15=0x00000000
           8586	      4289	0010022c	00900713	addi	x14,x0,9	  x0:0x00000000 x14=0x00000009
           8588	      4290	00100230	f2f76ae3	bltu	x14,x15,100164	 x14:0x00000009 x15:0x00000000
           8590	      4291	00100234	03078393	addi	x7,x15,48	 x15:0x00000000  x7=0x00000030
           8592	      4292	00100238	000205b7	lui	x11,0x20	 x11=0x00020000
           8594	      4293	0010023c	00c51613	slli	x12,x10,0xc	 x10:0x00000006 x12=0x00006000
           8598	      4295	00100240	0075a023	sw	x7,0(x11)	 x11:0x00020000  x7:0x00000030 PA:0x00020000 store:0x00000030 load:0x00000000
           8600	      4296	00100244	01c65693	srli	x13,x12,0x1c	 x12:0x00006000 x13=0x00000000
           8602	      4297	00100248	00900813	addi	x16,x0,9	  x0:0x00000000 x16=0x00000009
           8604	      4298	0010024c	f2d86ae3	bltu	x16,x13,100180	 x16:0x00000009 x13:0x00000000
           8606	      4299	00100250	03068e93	addi	x29,x13,48	 x13:0x00000000 x29=0x00000030
           8608	      4300	00100254	00020f37	lui	x30,0x20	 x30=0x00020000
           8610	      4301	00100258	01051f93	slli	x31,x10,0x10	 x10:0x00000006 x31=0x00060000
           8614	      4303	0010025c	01df2023	sw	x29,0(x30)	 x30:0x00020000 x29:0x00000030 PA:0x00020000 store:0x00000030 load:0x00000000
           8616	      4304	00100260	01cfd793	srli	x15,x31,0x1c	 x31:0x00060000 x15=0x00000000
           8618	      4305	00100264	00900713	addi	x14,x0,9	  x0:0x00000000 x14=0x00000009
           8620	      4306	00100268	f2f76ae3	bltu	x14,x15,10019c	 x14:0x00000009 x15:0x00000000
           8622	      4307	0010026c	03078393	addi	x7,x15,48	 x15:0x00000000  x7=0x00000030
           8624	      4308	00100270	000205b7	lui	x11,0x20	 x11=0x00020000
           8626	      4309	00100274	01451613	slli	x12,x10,0x14	 x10:0x00000006 x12=0x00600000
           8630	      4311	00100278	0075a023	sw	x7,0(x11)	 x11:0x00020000  x7:0x00000030 PA:0x00020000 store:0x00000030 load:0x00000000
           8632	      4312	0010027c	01c65693	srli	x13,x12,0x1c	 x12:0x00600000 x13=0x00000000
           8634	      4313	00100280	00900813	addi	x16,x0,9	  x0:0x00000000 x16=0x00000009
           8636	      4314	00100284	f2d86ae3	bltu	x16,x13,1001b8	 x16:0x00000009 x13:0x00000000
           8638	      4315	00100288	03068e93	addi	x29,x13,48	 x13:0x00000000 x29=0x00000030
           8640	      4316	0010028c	00020f37	lui	x30,0x20	 x30=0x00020000
           8642	      4317	00100290	01851f93	slli	x31,x10,0x18	 x10:0x00000006 x31=0x06000000
           8646	      4319	00100294	01df2023	sw	x29,0(x30)	 x30:0x00020000 x29:0x00000030 PA:0x00020000 store:0x00000030 load:0x00000000
           8648	      4320	00100298	01cfd793	srli	x15,x31,0x1c	 x31:0x06000000 x15=0x00000000
           8650	      4321	0010029c	00900713	addi	x14,x0,9	  x0:0x00000000 x14=0x00000009
           8652	      4322	001002a0	f2f76ae3	bltu	x14,x15,1001d4	 x14:0x00000009 x15:0x00000000
           8654	      4323	001002a4	03078393	addi	x7,x15,48	 x15:0x00000000  x7=0x00000030
           8656	      4324	001002a8	000205b7	lui	x11,0x20	 x11=0x00020000
           8660	      4326	001002ac	0075a023	sw	x7,0(x11)	 x11:0x00020000  x7:0x00000030 PA:0x00020000 store:0x00000030 load:0x00000000
           8662	      4327	001002b0	00f57513	andi	x10,x10,15	 x10:0x00000006 x10=0x00000006
           8664	      4328	001002b4	00900613	addi	x12,x0,9	  x0:0x00000000 x12=0x00000009
           8668	      4330	001002b8	f2a67ae3	bgeu	x12,x10,1001ec	 x12:0x00000009 x10:0x00000006
           8672	      4332	001001ec	03050893	addi	x17,x10,48	 x10:0x00000006 x17=0x00000036
           8674	      4333	001001f0	00020e37	lui	x28,0x20	 x28=0x00020000
           8678	      4335	001001f4	011e2023	sw	x17,0(x28)	 x28:0x00020000 x17:0x00000036 PA:0x00020000 store:0x00000036 load:0x00000000
           8682	      4337	001001f8	00008067	jalr	x0,0(x1)	  x1:0x001012a4  x0=0x00000000
           8684	      4338	001012a4	a18b0513	addi	x10,x22,-1512	 x22:0x00102000 x10=0x00101a18
           8688	      4340	001012a8	df9fe0ef	jal	x1,1000a0	  x1=0x001012ac
           8692	      4342	001000a0	00054803	lbu	x16,0(x10)	 x10:0x00101a18 x16=0x00000020 PA:0x00101a18 store:0x00000000
           8694	      4343	001000a4	06080663	beq	x16,x0,100110	 x16:0x00000020  x0:0x00000000
           8696	      4344	001000a8	000207b7	lui	x15,0x20	 x15=0x00020000
           8700	      4346	001000ac	0107a023	sw	x16,0(x15)	 x15:0x00020000 x16:0x00000020 PA:0x00020000 store:0x00000020 load:0x00000000
           8704	      4348	001000b0	00154703	lbu	x14,1(x10)	 x10:0x00101a18 x14=0x00000072 PA:0x00101a19 store:0x001012ac
           8706	      4349	001000b4	04070e63	beq	x14,x0,100110	 x14:0x00000072  x0:0x00000000
           8710	      4351	001000b8	00e7a023	sw	x14,0(x15)	 x15:0x00020000 x14:0x00000072 PA:0x00020000 store:0x00000072 load:0x00000000
           8714	      4353	001000bc	00254283	lbu	x5,2(x10)	 x10:0x00101a18  x5=0x00000065 PA:0x00101a1a store:0x00137fa0
           8716	      4354	001000c0	04028863	beq	x5,x0,100110	  x5:0x00000065  x0:0x00000000
           8720	      4356	001000c4	0057a023	sw	x5,0(x15)	 x15:0x00020000  x5:0x00000065 PA:0x00020000 store:0x00000065 load:0x00000000
           8724	      4358	001000c8	00354303	lbu	x6,3(x10)	 x10:0x00101a18  x6=0x00000073 PA:0x00101a1b store:0x00000000
           8726	      4359	001000cc	04030263	beq	x6,x0,100110	  x6:0x00000073  x0:0x00000000
           8730	      4361	001000d0	0067a023	sw	x6,0(x15)	 x15:0x00020000  x6:0x00000073 PA:0x00020000 store:0x00000073 load:0x00000000
           8734	      4363	001000d4	00454383	lbu	x7,4(x10)	 x10:0x00101a18  x7=0x00000075 PA:0x00101a1c store:0x00000000
           8736	      4364	001000d8	02038c63	beq	x7,x0,100110	  x7:0x00000075  x0:0x00000000
           8740	      4366	001000dc	0077a023	sw	x7,0(x15)	 x15:0x00020000  x7:0x00000075 PA:0x00020000 store:0x00000075 load:0x00000000
           8744	      4368	001000e0	00554583	lbu	x11,5(x10)	 x10:0x00101a18 x11=0x0000006c PA:0x00101a1d store:0x00000065
           8746	      4369	001000e4	02058663	beq	x11,x0,100110	 x11:0x0000006c  x0:0x00000000
           8750	      4371	001000e8	00b7a023	sw	x11,0(x15)	 x15:0x00020000 x11:0x0000006c PA:0x00020000 store:0x0000006c load:0x00000000
           8754	      4373	001000ec	00654603	lbu	x12,6(x10)	 x10:0x00101a18 x12=0x00000074 PA:0x00101a1e store:0x00000073
           8756	      4374	001000f0	02060063	beq	x12,x0,100110	 x12:0x00000074  x0:0x00000000
           8760	      4376	001000f4	00c7a023	sw	x12,0(x15)	 x15:0x00020000 x12:0x00000074 PA:0x00020000 store:0x00000074 load:0x00000000
           8764	      4378	001000f8	00754683	lbu	x13,7(x10)	 x10:0x00101a18 x13=0x0000003a PA:0x00101a1f store:0x00000075
           8766	      4379	001000fc	00850513	addi	x10,x10,8	 x10:0x00101a18 x10=0x00101a20
           8768	      4380	00100100	00068863	beq	x13,x0,100110	 x13:0x0000003a  x0:0x00000000
           8772	      4382	00100104	00d7a023	sw	x13,0(x15)	 x15:0x00020000 x13:0x0000003a PA:0x00020000 store:0x0000003a load:0x00000000
           8776	      4384	00100108	00054803	lbu	x16,0(x10)	 x10:0x00101a20 x16=0x00000020 PA:0x00101a20 store:0x00000000
           8780	      4386	0010010c	fa0810e3	bne	x16,x0,1000ac	 x16:0x00000020  x0:0x00000000
           8786	      4389	001000ac	0107a023	sw	x16,0(x15)	 x15:0x00020000 x16:0x00000020 PA:0x00020000 store:0x00000020 load:0x00000000
           8790	      4391	001000b0	00154703	lbu	x14,1(x10)	 x10:0x00101a20 x14=0x00000000 PA:0x00101a21 store:0x001012ac
           8794	      4393	001000b4	04070e63	beq	x14,x0,100110	 x14:0x00000000  x0:0x00000000
           8798	      4395	00100110	00000513	addi	x10,x0,0	  x0:0x00000000 x10=0x00000000
           8802	      4397	00100114	00008067	jalr	x0,0(x1)	  x1:0x001012ac  x0=0x00000000
           8806	      4399	001012ac	cf8a2503	lw	x10,-776(x20)	 x20:0x00102000 x10=0x2b9b156a PA:0x00101cf8 store:0x00000004
           8808	      4400	001012b0	003c0d93	addi	x27,x24,3	 x24:0x00000004 x27=0x00000007
           8810	      4401	001012b4	004c0c13	addi	x24,x24,4	 x24:0x00000004 x24=0x00000008
           8814	      4403	001012b8	e69fe0ef	jal	x1,100120	  x1=0x001012bc
           8816	      4404	00100120	01c55793	srli	x15,x10,0x1c	 x10:0x2b9b156a x15=0x00000002
           8818	      4405	00100124	00900713	addi	x14,x0,9	  x0:0x00000000 x14=0x00000009
           8822	      4407	00100128	0cf77a63	bgeu	x14,x15,1001fc	 x14:0x00000009 x15:0x00000002
           8826	      4409	001001fc	03078393	addi	x7,x15,48	 x15:0x00000002  x7=0x00000032
           8828	      4410	00100200	000205b7	lui	x11,0x20	 x11=0x00020000
           8830	      4411	00100204	00451613	slli	x12,x10,0x4	 x10:0x2b9b156a x12=0xb9b156a0
           8834	      4413	00100208	0075a023	sw	x7,0(x11)	 x11:0x00020000  x7:0x00000032 PA:0x00020000 store:0x00000032 load:0x00000000
           8836	      4414	0010020c	01c65693	srli	x13,x12,0x1c	 x12:0xb9b156a0 x13=0x0000000b
           8838	      4415	00100210	00900813	addi	x16,x0,9	  x0:0x00000000 x16=0x00000009
           8842	      4417	00100214	f2d86ae3	bltu	x16,x13,100148	 x16:0x00000009 x13:0x0000000b
           8846	      4419	00100148	03768893	addi	x17,x13,55	 x13:0x0000000b x17=0x00000042
           8848	      4420	0010014c	00020e37	lui	x28,0x20	 x28=0x00020000
           8850	      4421	00100150	00851f93	slli	x31,x10,0x8	 x10:0x2b9b156a x31=0x9b156a00
           8854	      4423	00100154	011e2023	sw	x17,0(x28)	 x28:0x00020000 x17:0x00000042 PA:0x00020000 store:0x00000042 load:0x00000000
           8856	      4424	00100158	01cfd793	srli	x15,x31,0x1c	 x31:0x9b156a00 x15=0x00000009
           8858	      4425	0010015c	00900713	addi	x14,x0,9	  x0:0x00000000 x14=0x00000009
           8862	      4427	00100160	0cf77a63	bgeu	x14,x15,100234	 x14:0x00000009 x15:0x00000009
           8866	      4429	00100234	03078393	addi	x7,x15,48	 x15:0x00000009  x7=0x00000039
           8868	      4430	00100238	000205b7	lui	x11,0x20	 x11=0x00020000
           8870	      4431	0010023c	00c51613	slli	x12,x10,0xc	 x10:0x2b9b156a x12=0xb156a000
           8874	      4433	00100240	0075a023	sw	x7,0(x11)	 x11:0x00020000  x7:0x00000039 PA:0x00020000 store:0x00000039 load:0x00000000
           8876	      4434	00100244	01c65693	srli	x13,x12,0x1c	 x12:0xb156a000 x13=0x0000000b
           8878	      4435	00100248	00900813	addi	x16,x0,9	  x0:0x00000000 x16=0x00000009
           8882	      4437	0010024c	f2d86ae3	bltu	x16,x13,100180	 x16:0x00000009 x13:0x0000000b
           8886	      4439	00100180	03768893	addi	x17,x13,55	 x13:0x0000000b x17=0x00000042
           8888	      4440	00100184	00020e37	lui	x28,0x20	 x28=0x00020000
           8890	      4441	00100188	01051f93	slli	x31,x10,0x10	 x10:0x2b9b156a x31=0x156a0000
           8894	      4443	0010018c	011e2023	sw	x17,0(x28)	 x28:0x00020000 x17:0x00000042 PA:0x00020000 store:0x00000042 load:0x00000000
           8896	      4444	00100190	01cfd793	srli	x15,x31,0x1c	 x31:0x156a0000 x15=0x00000001
           8898	      4445	00100194	00900713	addi	x14,x0,9	  x0:0x00000000 x14=0x00000009
           8902	      4447	00100198	0cf77a63	bgeu	x14,x15,10026c	 x14:0x00000009 x15:0x00000001
           8906	      4449	0010026c	03078393	addi	x7,x15,48	 x15:0x00000001  x7=0x00000031
           8908	      4450	00100270	000205b7	lui	x11,0x20	 x11=0x00020000
           8910	      4451	00100274	01451613	slli	x12,x10,0x14	 x10:0x2b9b156a x12=0x56a00000
           8914	      4453	00100278	0075a023	sw	x7,0(x11)	 x11:0x00020000  x7:0x00000031 PA:0x00020000 store:0x00000031 load:0x00000000
           8916	      4454	0010027c	01c65693	srli	x13,x12,0x1c	 x12:0x56a00000 x13=0x00000005
           8918	      4455	00100280	00900813	addi	x16,x0,9	  x0:0x00000000 x16=0x00000009
           8920	      4456	00100284	f2d86ae3	bltu	x16,x13,1001b8	 x16:0x00000009 x13:0x00000005
           8922	      4457	00100288	03068e93	addi	x29,x13,48	 x13:0x00000005 x29=0x00000035
           8924	      4458	0010028c	00020f37	lui	x30,0x20	 x30=0x00020000
           8926	      4459	00100290	01851f93	slli	x31,x10,0x18	 x10:0x2b9b156a x31=0x6a000000
           8930	      4461	00100294	01df2023	sw	x29,0(x30)	 x30:0x00020000 x29:0x00000035 PA:0x00020000 store:0x00000035 load:0x00000000
           8932	      4462	00100298	01cfd793	srli	x15,x31,0x1c	 x31:0x6a000000 x15=0x00000006
           8934	      4463	0010029c	00900713	addi	x14,x0,9	  x0:0x00000000 x14=0x00000009
           8936	      4464	001002a0	f2f76ae3	bltu	x14,x15,1001d4	 x14:0x00000009 x15:0x00000006
           8938	      4465	001002a4	03078393	addi	x7,x15,48	 x15:0x00000006  x7=0x00000036
           8940	      4466	001002a8	000205b7	lui	x11,0x20	 x11=0x00020000
           8944	      4468	001002ac	0075a023	sw	x7,0(x11)	 x11:0x00020000  x7:0x00000036 PA:0x00020000 store:0x00000036 load:0x00000000
           8946	      4469	001002b0	00f57513	andi	x10,x10,15	 x10:0x2b9b156a x10=0x0000000a
           8948	      4470	001002b4	00900613	addi	x12,x0,9	  x0:0x00000000 x12=0x00000009
           8950	      4471	001002b8	f2a67ae3	bgeu	x12,x10,1001ec	 x12:0x00000009 x10:0x0000000a
           8952	      4472	001002bc	03750693	addi	x13,x10,55	 x10:0x0000000a x13=0x00000041
           8954	      4473	001002c0	00020837	lui	x16,0x20	 x16=0x00020000
           8958	      4475	001002c4	00d82023	sw	x13,0(x16)	 x16:0x00020000 x13:0x00000041 PA:0x00020000 store:0x00000041 load:0x00000000
           8972	      4482	001002c8	00008067	jalr	x0,0(x1)	  x1:0x001012bc  x0=0x00000000
           8974	      4483	001012bc	d089a187	flw	f3,-760(x19)	 f19:0x00102000  f3=0x00000000 PA:0x00101d08 store:0x4598f2e4
           8976	      4484	001012c0	d24ba207	flw	f4,-732(x23)	 f23:0x00102000  f4=0x00000000 PA:0x00101d24 store:0x42f67c6a
           8998	      4495	001012c4	a10a8513	addi	x10,x21,-1520	 x21:0x00102000 x10=0x00101a10
           9000	      4496	001012c8	1841f5d3	fdiv.s	f11,f3,f4	  f3:0x00000000  f4:0x00000000 f11=0x00000000
           9006	      4499	001012cc	d0b9a427	fsw	f11,-760(x19)	 f19:0x00102000 f11:0x00020000 PA:0x00101d08 store:0x282111d5 load:0x42f67c6a
           9014	      4503	001012d0	d089a287	flw	f5,-760(x19)	 f19:0x00102000  f5=0x00000000 PA:0x00101d08 store:0x4598f2e4
           9020	      4506	001012d4	e0028f53	fmv.x.w	x30,f5	  f5:0x00000065 x30=0x282111d5
           9022	      4507	001012d8	cfea2c23	sw	x30,-776(x20)	 x20:0x00102000 x30:0x282111d5 PA:0x00101cf8 store:0x282111d5 load:0x282111d5
           9026	      4509	001012dc	dc5fe0ef	jal	x1,1000a0	  x1=0x001012e0
           9030	      4511	001000a0	00054803	lbu	x16,0(x10)	 x10:0x00101a10 x16=0x0000000a PA:0x00101a10 store:0x00000000
           9032	      4512	001000a4	06080663	beq	x16,x0,100110	 x16:0x0000000a  x0:0x00000000
           9034	      4513	001000a8	000207b7	lui	x15,0x20	 x15=0x00020000
           9038	      4515	001000ac	0107a023	sw	x16,0(x15)	 x15:0x00020000 x16:0x0000000a PA:0x00020000 store:0x0000000a load:0x00000000
           9042	      4517	001000b0	00154703	lbu	x14,1(x10)	 x10:0x00101a10 x14=0x00000020 PA:0x00101a11 store:0x001012e0
           9044	      4518	001000b4	04070e63	beq	x14,x0,100110	 x14:0x00000020  x0:0x00000000
           9048	      4520	001000b8	00e7a023	sw	x14,0(x15)	 x15:0x00020000 x14:0x00000020 PA:0x00020000 store:0x00000020 load:0x00000000
           9052	      4522	001000bc	00254283	lbu	x5,2(x10)	 x10:0x00101a10  x5=0x00000069 PA:0x00101a12 store:0x00137fa0
           9054	      4523	001000c0	04028863	beq	x5,x0,100110	  x5:0x00000069  x0:0x00000000
           9058	      4525	001000c4	0057a023	sw	x5,0(x15)	 x15:0x00020000  x5:0x00000069 PA:0x00020000 store:0x00000069 load:0x00000000
           9062	      4527	001000c8	00354303	lbu	x6,3(x10)	 x10:0x00101a10  x6=0x0000003d PA:0x00101a13 store:0x00000000
           9064	      4528	001000cc	04030263	beq	x6,x0,100110	  x6:0x0000003d  x0:0x00000000
           9068	      4530	001000d0	0067a023	sw	x6,0(x15)	 x15:0x00020000  x6:0x0000003d PA:0x00020000 store:0x0000003d load:0x00000000
           9072	      4532	001000d4	00454383	lbu	x7,4(x10)	 x10:0x00101a10  x7=0x00000000 PA:0x00101a14 store:0x00000000
           9076	      4534	001000d8	02038c63	beq	x7,x0,100110	  x7:0x00000000  x0:0x00000000
           9080	      4536	00100110	00000513	addi	x10,x0,0	  x0:0x00000000 x10=0x00000000
           9084	      4538	00100114	00008067	jalr	x0,0(x1)	  x1:0x001012e0  x0=0x00000000
           9086	      4539	001012e0	000d8513	addi	x10,x27,0	 x27:0x00000007 x10=0x00000007
           9090	      4541	001012e4	e3dfe0ef	jal	x1,100120	  x1=0x001012e8
           9092	      4542	00100120	01c55793	srli	x15,x10,0x1c	 x10:0x00000007 x15=0x00000000
           9094	      4543	00100124	00900713	addi	x14,x0,9	  x0:0x00000000 x14=0x00000009
           9098	      4545	00100128	0cf77a63	bgeu	x14,x15,1001fc	 x14:0x00000009 x15:0x00000000
           9102	      4547	001001fc	03078393	addi	x7,x15,48	 x15:0x00000000  x7=0x00000030
           9104	      4548	00100200	000205b7	lui	x11,0x20	 x11=0x00020000
           9106	      4549	00100204	00451613	slli	x12,x10,0x4	 x10:0x00000007 x12=0x00000070
           9110	      4551	00100208	0075a023	sw	x7,0(x11)	 x11:0x00020000  x7:0x00000030 PA:0x00020000 store:0x00000030 load:0x00000000
           9112	      4552	0010020c	01c65693	srli	x13,x12,0x1c	 x12:0x00000070 x13=0x00000000
           9114	      4553	00100210	00900813	addi	x16,x0,9	  x0:0x00000000 x16=0x00000009
           9116	      4554	00100214	f2d86ae3	bltu	x16,x13,100148	 x16:0x00000009 x13:0x00000000
           9118	      4555	00100218	03068e93	addi	x29,x13,48	 x13:0x00000000 x29=0x00000030
           9120	      4556	0010021c	00020f37	lui	x30,0x20	 x30=0x00020000
           9122	      4557	00100220	00851f93	slli	x31,x10,0x8	 x10:0x00000007 x31=0x00000700
           9126	      4559	00100224	01df2023	sw	x29,0(x30)	 x30:0x00020000 x29:0x00000030 PA:0x00020000 store:0x00000030 load:0x00000000
           9128	      4560	00100228	01cfd793	srli	x15,x31,0x1c	 x31:0x00000700 x15=0x00000000
           9130	      4561	0010022c	00900713	addi	x14,x0,9	  x0:0x00000000 x14=0x00000009
           9132	      4562	00100230	f2f76ae3	bltu	x14,x15,100164	 x14:0x00000009 x15:0x00000000
           9134	      4563	00100234	03078393	addi	x7,x15,48	 x15:0x00000000  x7=0x00000030
           9136	      4564	00100238	000205b7	lui	x11,0x20	 x11=0x00020000
           9138	      4565	0010023c	00c51613	slli	x12,x10,0xc	 x10:0x00000007 x12=0x00007000
           9142	      4567	00100240	0075a023	sw	x7,0(x11)	 x11:0x00020000  x7:0x00000030 PA:0x00020000 store:0x00000030 load:0x00000000
           9144	      4568	00100244	01c65693	srli	x13,x12,0x1c	 x12:0x00007000 x13=0x00000000
           9146	      4569	00100248	00900813	addi	x16,x0,9	  x0:0x00000000 x16=0x00000009
           9148	      4570	0010024c	f2d86ae3	bltu	x16,x13,100180	 x16:0x00000009 x13:0x00000000
           9150	      4571	00100250	03068e93	addi	x29,x13,48	 x13:0x00000000 x29=0x00000030
           9152	      4572	00100254	00020f37	lui	x30,0x20	 x30=0x00020000
           9154	      4573	00100258	01051f93	slli	x31,x10,0x10	 x10:0x00000007 x31=0x00070000
           9158	      4575	0010025c	01df2023	sw	x29,0(x30)	 x30:0x00020000 x29:0x00000030 PA:0x00020000 store:0x00000030 load:0x00000000
           9160	      4576	00100260	01cfd793	srli	x15,x31,0x1c	 x31:0x00070000 x15=0x00000000
           9162	      4577	00100264	00900713	addi	x14,x0,9	  x0:0x00000000 x14=0x00000009
           9164	      4578	00100268	f2f76ae3	bltu	x14,x15,10019c	 x14:0x00000009 x15:0x00000000
           9166	      4579	0010026c	03078393	addi	x7,x15,48	 x15:0x00000000  x7=0x00000030
           9168	      4580	00100270	000205b7	lui	x11,0x20	 x11=0x00020000
           9170	      4581	00100274	01451613	slli	x12,x10,0x14	 x10:0x00000007 x12=0x00700000
           9174	      4583	00100278	0075a023	sw	x7,0(x11)	 x11:0x00020000  x7:0x00000030 PA:0x00020000 store:0x00000030 load:0x00000000
           9176	      4584	0010027c	01c65693	srli	x13,x12,0x1c	 x12:0x00700000 x13=0x00000000
           9178	      4585	00100280	00900813	addi	x16,x0,9	  x0:0x00000000 x16=0x00000009
           9180	      4586	00100284	f2d86ae3	bltu	x16,x13,1001b8	 x16:0x00000009 x13:0x00000000
           9182	      4587	00100288	03068e93	addi	x29,x13,48	 x13:0x00000000 x29=0x00000030
           9184	      4588	0010028c	00020f37	lui	x30,0x20	 x30=0x00020000
           9186	      4589	00100290	01851f93	slli	x31,x10,0x18	 x10:0x00000007 x31=0x07000000
           9190	      4591	00100294	01df2023	sw	x29,0(x30)	 x30:0x00020000 x29:0x00000030 PA:0x00020000 store:0x00000030 load:0x00000000
           9192	      4592	00100298	01cfd793	srli	x15,x31,0x1c	 x31:0x07000000 x15=0x00000000
           9194	      4593	0010029c	00900713	addi	x14,x0,9	  x0:0x00000000 x14=0x00000009
           9196	      4594	001002a0	f2f76ae3	bltu	x14,x15,1001d4	 x14:0x00000009 x15:0x00000000
           9198	      4595	001002a4	03078393	addi	x7,x15,48	 x15:0x00000000  x7=0x00000030
           9200	      4596	001002a8	000205b7	lui	x11,0x20	 x11=0x00020000
           9204	      4598	001002ac	0075a023	sw	x7,0(x11)	 x11:0x00020000  x7:0x00000030 PA:0x00020000 store:0x00000030 load:0x00000000
           9206	      4599	001002b0	00f57513	andi	x10,x10,15	 x10:0x00000007 x10=0x00000007
           9208	      4600	001002b4	00900613	addi	x12,x0,9	  x0:0x00000000 x12=0x00000009
           9212	      4602	001002b8	f2a67ae3	bgeu	x12,x10,1001ec	 x12:0x00000009 x10:0x00000007
           9216	      4604	001001ec	03050893	addi	x17,x10,48	 x10:0x00000007 x17=0x00000037
           9218	      4605	001001f0	00020e37	lui	x28,0x20	 x28=0x00020000
           9222	      4607	001001f4	011e2023	sw	x17,0(x28)	 x28:0x00020000 x17:0x00000037 PA:0x00020000 store:0x00000037 load:0x00000000
           9226	      4609	001001f8	00008067	jalr	x0,0(x1)	  x1:0x001012e8  x0=0x00000000
           9228	      4610	001012e8	a18b0513	addi	x10,x22,-1512	 x22:0x00102000 x10=0x00101a18
           9232	      4612	001012ec	db5fe0ef	jal	x1,1000a0	  x1=0x001012f0
           9236	      4614	001000a0	00054803	lbu	x16,0(x10)	 x10:0x00101a18 x16=0x00000020 PA:0x00101a18 store:0x00000000
           9238	      4615	001000a4	06080663	beq	x16,x0,100110	 x16:0x00000020  x0:0x00000000
           9240	      4616	001000a8	000207b7	lui	x15,0x20	 x15=0x00020000
           9244	      4618	001000ac	0107a023	sw	x16,0(x15)	 x15:0x00020000 x16:0x00000020 PA:0x00020000 store:0x00000020 load:0x00000000
           9248	      4620	001000b0	00154703	lbu	x14,1(x10)	 x10:0x00101a18 x14=0x00000072 PA:0x00101a19 store:0x001012f0
           9250	      4621	001000b4	04070e63	beq	x14,x0,100110	 x14:0x00000072  x0:0x00000000
           9254	      4623	001000b8	00e7a023	sw	x14,0(x15)	 x15:0x00020000 x14:0x00000072 PA:0x00020000 store:0x00000072 load:0x00000000
           9258	      4625	001000bc	00254283	lbu	x5,2(x10)	 x10:0x00101a18  x5=0x00000065 PA:0x00101a1a store:0x00137fa0
           9260	      4626	001000c0	04028863	beq	x5,x0,100110	  x5:0x00000065  x0:0x00000000
           9264	      4628	001000c4	0057a023	sw	x5,0(x15)	 x15:0x00020000  x5:0x00000065 PA:0x00020000 store:0x00000065 load:0x00000000
           9268	      4630	001000c8	00354303	lbu	x6,3(x10)	 x10:0x00101a18  x6=0x00000073 PA:0x00101a1b store:0x00000000
           9270	      4631	001000cc	04030263	beq	x6,x0,100110	  x6:0x00000073  x0:0x00000000
           9274	      4633	001000d0	0067a023	sw	x6,0(x15)	 x15:0x00020000  x6:0x00000073 PA:0x00020000 store:0x00000073 load:0x00000000
           9278	      4635	001000d4	00454383	lbu	x7,4(x10)	 x10:0x00101a18  x7=0x00000075 PA:0x00101a1c store:0x00000000
           9280	      4636	001000d8	02038c63	beq	x7,x0,100110	  x7:0x00000075  x0:0x00000000
           9284	      4638	001000dc	0077a023	sw	x7,0(x15)	 x15:0x00020000  x7:0x00000075 PA:0x00020000 store:0x00000075 load:0x00000000
           9288	      4640	001000e0	00554583	lbu	x11,5(x10)	 x10:0x00101a18 x11=0x0000006c PA:0x00101a1d store:0x00000065
           9290	      4641	001000e4	02058663	beq	x11,x0,100110	 x11:0x0000006c  x0:0x00000000
           9294	      4643	001000e8	00b7a023	sw	x11,0(x15)	 x15:0x00020000 x11:0x0000006c PA:0x00020000 store:0x0000006c load:0x00000000
           9298	      4645	001000ec	00654603	lbu	x12,6(x10)	 x10:0x00101a18 x12=0x00000074 PA:0x00101a1e store:0x00000073
           9300	      4646	001000f0	02060063	beq	x12,x0,100110	 x12:0x00000074  x0:0x00000000
           9304	      4648	001000f4	00c7a023	sw	x12,0(x15)	 x15:0x00020000 x12:0x00000074 PA:0x00020000 store:0x00000074 load:0x00000000
           9308	      4650	001000f8	00754683	lbu	x13,7(x10)	 x10:0x00101a18 x13=0x0000003a PA:0x00101a1f store:0x00000075
           9310	      4651	001000fc	00850513	addi	x10,x10,8	 x10:0x00101a18 x10=0x00101a20
           9312	      4652	00100100	00068863	beq	x13,x0,100110	 x13:0x0000003a  x0:0x00000000
           9316	      4654	00100104	00d7a023	sw	x13,0(x15)	 x15:0x00020000 x13:0x0000003a PA:0x00020000 store:0x0000003a load:0x00000000
           9320	      4656	00100108	00054803	lbu	x16,0(x10)	 x10:0x00101a20 x16=0x00000020 PA:0x00101a20 store:0x00000000
           9324	      4658	0010010c	fa0810e3	bne	x16,x0,1000ac	 x16:0x00000020  x0:0x00000000
           9330	      4661	001000ac	0107a023	sw	x16,0(x15)	 x15:0x00020000 x16:0x00000020 PA:0x00020000 store:0x00000020 load:0x00000000
           9334	      4663	001000b0	00154703	lbu	x14,1(x10)	 x10:0x00101a20 x14=0x00000000 PA:0x00101a21 store:0x001012f0
           9338	      4665	001000b4	04070e63	beq	x14,x0,100110	 x14:0x00000000  x0:0x00000000
           9342	      4667	00100110	00000513	addi	x10,x0,0	  x0:0x00000000 x10=0x00000000
           9346	      4669	00100114	00008067	jalr	x0,0(x1)	  x1:0x001012f0  x0=0x00000000
           9350	      4671	001012f0	cf8a2503	lw	x10,-776(x20)	 x20:0x00102000 x10=0x282111d5 PA:0x00101cf8 store:0x00000008
           9354	      4673	001012f4	e2dfe0ef	jal	x1,100120	  x1=0x001012f8
           9356	      4674	00100120	01c55793	srli	x15,x10,0x1c	 x10:0x282111d5 x15=0x00000002
           9358	      4675	00100124	00900713	addi	x14,x0,9	  x0:0x00000000 x14=0x00000009
           9362	      4677	00100128	0cf77a63	bgeu	x14,x15,1001fc	 x14:0x00000009 x15:0x00000002
           9366	      4679	001001fc	03078393	addi	x7,x15,48	 x15:0x00000002  x7=0x00000032
           9368	      4680	00100200	000205b7	lui	x11,0x20	 x11=0x00020000
           9370	      4681	00100204	00451613	slli	x12,x10,0x4	 x10:0x282111d5 x12=0x82111d50
           9374	      4683	00100208	0075a023	sw	x7,0(x11)	 x11:0x00020000  x7:0x00000032 PA:0x00020000 store:0x00000032 load:0x00000000
           9376	      4684	0010020c	01c65693	srli	x13,x12,0x1c	 x12:0x82111d50 x13=0x00000008
           9378	      4685	00100210	00900813	addi	x16,x0,9	  x0:0x00000000 x16=0x00000009
           9380	      4686	00100214	f2d86ae3	bltu	x16,x13,100148	 x16:0x00000009 x13:0x00000008
           9382	      4687	00100218	03068e93	addi	x29,x13,48	 x13:0x00000008 x29=0x00000038
           9384	      4688	0010021c	00020f37	lui	x30,0x20	 x30=0x00020000
           9386	      4689	00100220	00851f93	slli	x31,x10,0x8	 x10:0x282111d5 x31=0x2111d500
           9390	      4691	00100224	01df2023	sw	x29,0(x30)	 x30:0x00020000 x29:0x00000038 PA:0x00020000 store:0x00000038 load:0x00000000
           9392	      4692	00100228	01cfd793	srli	x15,x31,0x1c	 x31:0x2111d500 x15=0x00000002
           9394	      4693	0010022c	00900713	addi	x14,x0,9	  x0:0x00000000 x14=0x00000009
           9396	      4694	00100230	f2f76ae3	bltu	x14,x15,100164	 x14:0x00000009 x15:0x00000002
           9398	      4695	00100234	03078393	addi	x7,x15,48	 x15:0x00000002  x7=0x00000032
           9400	      4696	00100238	000205b7	lui	x11,0x20	 x11=0x00020000
           9402	      4697	0010023c	00c51613	slli	x12,x10,0xc	 x10:0x282111d5 x12=0x111d5000
           9406	      4699	00100240	0075a023	sw	x7,0(x11)	 x11:0x00020000  x7:0x00000032 PA:0x00020000 store:0x00000032 load:0x00000000
           9408	      4700	00100244	01c65693	srli	x13,x12,0x1c	 x12:0x111d5000 x13=0x00000001
           9410	      4701	00100248	00900813	addi	x16,x0,9	  x0:0x00000000 x16=0x00000009
           9412	      4702	0010024c	f2d86ae3	bltu	x16,x13,100180	 x16:0x00000009 x13:0x00000001
           9414	      4703	00100250	03068e93	addi	x29,x13,48	 x13:0x00000001 x29=0x00000031
           9416	      4704	00100254	00020f37	lui	x30,0x20	 x30=0x00020000
           9418	      4705	00100258	01051f93	slli	x31,x10,0x10	 x10:0x282111d5 x31=0x11d50000
           9422	      4707	0010025c	01df2023	sw	x29,0(x30)	 x30:0x00020000 x29:0x00000031 PA:0x00020000 store:0x00000031 load:0x00000000
           9424	      4708	00100260	01cfd793	srli	x15,x31,0x1c	 x31:0x11d50000 x15=0x00000001
           9426	      4709	00100264	00900713	addi	x14,x0,9	  x0:0x00000000 x14=0x00000009
           9428	      4710	00100268	f2f76ae3	bltu	x14,x15,10019c	 x14:0x00000009 x15:0x00000001
           9430	      4711	0010026c	03078393	addi	x7,x15,48	 x15:0x00000001  x7=0x00000031
           9432	      4712	00100270	000205b7	lui	x11,0x20	 x11=0x00020000
           9434	      4713	00100274	01451613	slli	x12,x10,0x14	 x10:0x282111d5 x12=0x1d500000
           9438	      4715	00100278	0075a023	sw	x7,0(x11)	 x11:0x00020000  x7:0x00000031 PA:0x00020000 store:0x00000031 load:0x00000000
           9440	      4716	0010027c	01c65693	srli	x13,x12,0x1c	 x12:0x1d500000 x13=0x00000001
           9442	      4717	00100280	00900813	addi	x16,x0,9	  x0:0x00000000 x16=0x00000009
           9444	      4718	00100284	f2d86ae3	bltu	x16,x13,1001b8	 x16:0x00000009 x13:0x00000001
           9446	      4719	00100288	03068e93	addi	x29,x13,48	 x13:0x00000001 x29=0x00000031
           9448	      4720	0010028c	00020f37	lui	x30,0x20	 x30=0x00020000
           9450	      4721	00100290	01851f93	slli	x31,x10,0x18	 x10:0x282111d5 x31=0xd5000000
           9454	      4723	00100294	01df2023	sw	x29,0(x30)	 x30:0x00020000 x29:0x00000031 PA:0x00020000 store:0x00000031 load:0x00000000
           9456	      4724	00100298	01cfd793	srli	x15,x31,0x1c	 x31:0xd5000000 x15=0x0000000d
           9458	      4725	0010029c	00900713	addi	x14,x0,9	  x0:0x00000000 x14=0x00000009
           9462	      4727	001002a0	f2f76ae3	bltu	x14,x15,1001d4	 x14:0x00000009 x15:0x0000000d
           9466	      4729	001001d4	03778293	addi	x5,x15,55	 x15:0x0000000d  x5=0x00000044
           9468	      4730	001001d8	00020337	lui	x6,0x20	  x6=0x00020000
           9472	      4732	001001dc	00532023	sw	x5,0(x6)	  x6:0x00020000  x5:0x00000044 PA:0x00020000 store:0x00000044 load:0x00000000
           9474	      4733	001001e0	00f57513	andi	x10,x10,15	 x10:0x282111d5 x10=0x00000005
           9476	      4734	001001e4	00900613	addi	x12,x0,9	  x0:0x00000000 x12=0x00000009
           9478	      4735	001001e8	0ca66a63	bltu	x12,x10,1002bc	 x12:0x00000009 x10:0x00000005
           9480	      4736	001001ec	03050893	addi	x17,x10,48	 x10:0x00000005 x17=0x00000035
           9482	      4737	001001f0	00020e37	lui	x28,0x20	 x28=0x00020000
           9486	      4739	001001f4	011e2023	sw	x17,0(x28)	 x28:0x00020000 x17:0x00000035 PA:0x00020000 store:0x00000035 load:0x00000000
           9490	      4741	001001f8	00008067	jalr	x0,0(x1)	  x1:0x001012f8  x0=0x00000000
           9494	      4743	001012f8	f1ac10e3	bne	x24,x26,1011f8	 x24:0x00000008 x26:0x00000014
           9506	      4749	001011f8	d089a987	flw	f19,-760(x19)	 f19:0x00102000 f19=0x00000000 PA:0x00101d08 store:0x4598f2e4
           9508	      4750	001011fc	d24baa07	flw	f20,-732(x23)	 f23:0x00102000 f20=0x00000000 PA:0x00101d24 store:0x42f67c6a
           9532	      4762	00101200	a10a8513	addi	x10,x21,-1520	 x21:0x00102000 x10=0x00101a10
           9534	      4763	00101204	1949fad3	fdiv.s	f21,f19,f20	 f19:0x00102000 f20:0x00102000 f21=0x00000000
           9540	      4766	00101208	d159a427	fsw	f21,-760(x19)	 f19:0x00102000 f21:0x00102000 PA:0x00101d08 store:0x24a74966 load:0x42f67c6a
           9548	      4770	0010120c	d089ae07	flw	f28,-760(x19)	 f19:0x00102000 f28=0x00000000 PA:0x00101d08 store:0x4598f2e4
           9554	      4773	00101210	e00e0dd3	fmv.x.w	x27,f28	 f28:0x00020000 x27=0x24a74966
           9556	      4774	00101214	cfba2c23	sw	x27,-776(x20)	 x20:0x00102000 x27:0x24a74966 PA:0x00101cf8 store:0x24a74966 load:0x24a74966
           9560	      4776	00101218	e89fe0ef	jal	x1,1000a0	  x1=0x0010121c
           9564	      4778	001000a0	00054803	lbu	x16,0(x10)	 x10:0x00101a10 x16=0x0000000a PA:0x00101a10 store:0x00000000
           9566	      4779	001000a4	06080663	beq	x16,x0,100110	 x16:0x0000000a  x0:0x00000000
           9568	      4780	001000a8	000207b7	lui	x15,0x20	 x15=0x00020000
           9572	      4782	001000ac	0107a023	sw	x16,0(x15)	 x15:0x00020000 x16:0x0000000a PA:0x00020000 store:0x0000000a load:0x00000000
           9576	      4784	001000b0	00154703	lbu	x14,1(x10)	 x10:0x00101a10 x14=0x00000020 PA:0x00101a11 store:0x0010121c
           9578	      4785	001000b4	04070e63	beq	x14,x0,100110	 x14:0x00000020  x0:0x00000000
           9582	      4787	001000b8	00e7a023	sw	x14,0(x15)	 x15:0x00020000 x14:0x00000020 PA:0x00020000 store:0x00000020 load:0x00000000
           9586	      4789	001000bc	00254283	lbu	x5,2(x10)	 x10:0x00101a10  x5=0x00000069 PA:0x00101a12 store:0x00137fa0
           9588	      4790	001000c0	04028863	beq	x5,x0,100110	  x5:0x00000069  x0:0x00000000
           9592	      4792	001000c4	0057a023	sw	x5,0(x15)	 x15:0x00020000  x5:0x00000069 PA:0x00020000 store:0x00000069 load:0x00000000
           9596	      4794	001000c8	00354303	lbu	x6,3(x10)	 x10:0x00101a10  x6=0x0000003d PA:0x00101a13 store:0x00000000
           9598	      4795	001000cc	04030263	beq	x6,x0,100110	  x6:0x0000003d  x0:0x00000000
           9602	      4797	001000d0	0067a023	sw	x6,0(x15)	 x15:0x00020000  x6:0x0000003d PA:0x00020000 store:0x0000003d load:0x00000000
           9606	      4799	001000d4	00454383	lbu	x7,4(x10)	 x10:0x00101a10  x7=0x00000000 PA:0x00101a14 store:0x00000000
           9610	      4801	001000d8	02038c63	beq	x7,x0,100110	  x7:0x00000000  x0:0x00000000
           9614	      4803	00100110	00000513	addi	x10,x0,0	  x0:0x00000000 x10=0x00000000
           9618	      4805	00100114	00008067	jalr	x0,0(x1)	  x1:0x0010121c  x0=0x00000000
           9620	      4806	0010121c	000c0513	addi	x10,x24,0	 x24:0x00000008 x10=0x00000008
           9624	      4808	00101220	f01fe0ef	jal	x1,100120	  x1=0x00101224
           9626	      4809	00100120	01c55793	srli	x15,x10,0x1c	 x10:0x00000008 x15=0x00000000
           9628	      4810	00100124	00900713	addi	x14,x0,9	  x0:0x00000000 x14=0x00000009
           9632	      4812	00100128	0cf77a63	bgeu	x14,x15,1001fc	 x14:0x00000009 x15:0x00000000
           9636	      4814	001001fc	03078393	addi	x7,x15,48	 x15:0x00000000  x7=0x00000030
           9638	      4815	00100200	000205b7	lui	x11,0x20	 x11=0x00020000
           9640	      4816	00100204	00451613	slli	x12,x10,0x4	 x10:0x00000008 x12=0x00000080
           9644	      4818	00100208	0075a023	sw	x7,0(x11)	 x11:0x00020000  x7:0x00000030 PA:0x00020000 store:0x00000030 load:0x00000000
           9646	      4819	0010020c	01c65693	srli	x13,x12,0x1c	 x12:0x00000080 x13=0x00000000
           9648	      4820	00100210	00900813	addi	x16,x0,9	  x0:0x00000000 x16=0x00000009
           9650	      4821	00100214	f2d86ae3	bltu	x16,x13,100148	 x16:0x00000009 x13:0x00000000
           9652	      4822	00100218	03068e93	addi	x29,x13,48	 x13:0x00000000 x29=0x00000030
           9654	      4823	0010021c	00020f37	lui	x30,0x20	 x30=0x00020000
           9656	      4824	00100220	00851f93	slli	x31,x10,0x8	 x10:0x00000008 x31=0x00000800
           9660	      4826	00100224	01df2023	sw	x29,0(x30)	 x30:0x00020000 x29:0x00000030 PA:0x00020000 store:0x00000030 load:0x00000000
           9662	      4827	00100228	01cfd793	srli	x15,x31,0x1c	 x31:0x00000800 x15=0x00000000
           9664	      4828	0010022c	00900713	addi	x14,x0,9	  x0:0x00000000 x14=0x00000009
           9666	      4829	00100230	f2f76ae3	bltu	x14,x15,100164	 x14:0x00000009 x15:0x00000000
           9668	      4830	00100234	03078393	addi	x7,x15,48	 x15:0x00000000  x7=0x00000030
           9670	      4831	00100238	000205b7	lui	x11,0x20	 x11=0x00020000
           9672	      4832	0010023c	00c51613	slli	x12,x10,0xc	 x10:0x00000008 x12=0x00008000
           9676	      4834	00100240	0075a023	sw	x7,0(x11)	 x11:0x00020000  x7:0x00000030 PA:0x00020000 store:0x00000030 load:0x00000000
           9678	      4835	00100244	01c65693	srli	x13,x12,0x1c	 x12:0x00008000 x13=0x00000000
           9680	      4836	00100248	00900813	addi	x16,x0,9	  x0:0x00000000 x16=0x00000009
           9682	      4837	0010024c	f2d86ae3	bltu	x16,x13,100180	 x16:0x00000009 x13:0x00000000
           9684	      4838	00100250	03068e93	addi	x29,x13,48	 x13:0x00000000 x29=0x00000030
           9686	      4839	00100254	00020f37	lui	x30,0x20	 x30=0x00020000
           9688	      4840	00100258	01051f93	slli	x31,x10,0x10	 x10:0x00000008 x31=0x00080000
           9692	      4842	0010025c	01df2023	sw	x29,0(x30)	 x30:0x00020000 x29:0x00000030 PA:0x00020000 store:0x00000030 load:0x00000000
           9694	      4843	00100260	01cfd793	srli	x15,x31,0x1c	 x31:0x00080000 x15=0x00000000
           9696	      4844	00100264	00900713	addi	x14,x0,9	  x0:0x00000000 x14=0x00000009
           9698	      4845	00100268	f2f76ae3	bltu	x14,x15,10019c	 x14:0x00000009 x15:0x00000000
           9700	      4846	0010026c	03078393	addi	x7,x15,48	 x15:0x00000000  x7=0x00000030
           9702	      4847	00100270	000205b7	lui	x11,0x20	 x11=0x00020000
           9704	      4848	00100274	01451613	slli	x12,x10,0x14	 x10:0x00000008 x12=0x00800000
           9708	      4850	00100278	0075a023	sw	x7,0(x11)	 x11:0x00020000  x7:0x00000030 PA:0x00020000 store:0x00000030 load:0x00000000
           9710	      4851	0010027c	01c65693	srli	x13,x12,0x1c	 x12:0x00800000 x13=0x00000000
           9712	      4852	00100280	00900813	addi	x16,x0,9	  x0:0x00000000 x16=0x00000009
           9714	      4853	00100284	f2d86ae3	bltu	x16,x13,1001b8	 x16:0x00000009 x13:0x00000000
           9716	      4854	00100288	03068e93	addi	x29,x13,48	 x13:0x00000000 x29=0x00000030
           9718	      4855	0010028c	00020f37	lui	x30,0x20	 x30=0x00020000
           9720	      4856	00100290	01851f93	slli	x31,x10,0x18	 x10:0x00000008 x31=0x08000000
           9724	      4858	00100294	01df2023	sw	x29,0(x30)	 x30:0x00020000 x29:0x00000030 PA:0x00020000 store:0x00000030 load:0x00000000
           9726	      4859	00100298	01cfd793	srli	x15,x31,0x1c	 x31:0x08000000 x15=0x00000000
           9728	      4860	0010029c	00900713	addi	x14,x0,9	  x0:0x00000000 x14=0x00000009
           9730	      4861	001002a0	f2f76ae3	bltu	x14,x15,1001d4	 x14:0x00000009 x15:0x00000000
           9732	      4862	001002a4	03078393	addi	x7,x15,48	 x15:0x00000000  x7=0x00000030
           9734	      4863	001002a8	000205b7	lui	x11,0x20	 x11=0x00020000
           9738	      4865	001002ac	0075a023	sw	x7,0(x11)	 x11:0x00020000  x7:0x00000030 PA:0x00020000 store:0x00000030 load:0x00000000
           9740	      4866	001002b0	00f57513	andi	x10,x10,15	 x10:0x00000008 x10=0x00000008
           9742	      4867	001002b4	00900613	addi	x12,x0,9	  x0:0x00000000 x12=0x00000009
           9746	      4869	001002b8	f2a67ae3	bgeu	x12,x10,1001ec	 x12:0x00000009 x10:0x00000008
           9750	      4871	001001ec	03050893	addi	x17,x10,48	 x10:0x00000008 x17=0x00000038
           9752	      4872	001001f0	00020e37	lui	x28,0x20	 x28=0x00020000
           9756	      4874	001001f4	011e2023	sw	x17,0(x28)	 x28:0x00020000 x17:0x00000038 PA:0x00020000 store:0x00000038 load:0x00000000
           9760	      4876	001001f8	00008067	jalr	x0,0(x1)	  x1:0x00101224  x0=0x00000000
           9762	      4877	00101224	a18b0513	addi	x10,x22,-1512	 x22:0x00102000 x10=0x00101a18
           9766	      4879	00101228	e79fe0ef	jal	x1,1000a0	  x1=0x0010122c
           9770	      4881	001000a0	00054803	lbu	x16,0(x10)	 x10:0x00101a18 x16=0x00000020 PA:0x00101a18 store:0x00000000
           9772	      4882	001000a4	06080663	beq	x16,x0,100110	 x16:0x00000020  x0:0x00000000
           9774	      4883	001000a8	000207b7	lui	x15,0x20	 x15=0x00020000
           9778	      4885	001000ac	0107a023	sw	x16,0(x15)	 x15:0x00020000 x16:0x00000020 PA:0x00020000 store:0x00000020 load:0x00000000
           9782	      4887	001000b0	00154703	lbu	x14,1(x10)	 x10:0x00101a18 x14=0x00000072 PA:0x00101a19 store:0x0010122c
           9784	      4888	001000b4	04070e63	beq	x14,x0,100110	 x14:0x00000072  x0:0x00000000
           9788	      4890	001000b8	00e7a023	sw	x14,0(x15)	 x15:0x00020000 x14:0x00000072 PA:0x00020000 store:0x00000072 load:0x00000000
           9792	      4892	001000bc	00254283	lbu	x5,2(x10)	 x10:0x00101a18  x5=0x00000065 PA:0x00101a1a store:0x00137fa0
           9794	      4893	001000c0	04028863	beq	x5,x0,100110	  x5:0x00000065  x0:0x00000000
           9798	      4895	001000c4	0057a023	sw	x5,0(x15)	 x15:0x00020000  x5:0x00000065 PA:0x00020000 store:0x00000065 load:0x00000000
           9802	      4897	001000c8	00354303	lbu	x6,3(x10)	 x10:0x00101a18  x6=0x00000073 PA:0x00101a1b store:0x00000000
           9804	      4898	001000cc	04030263	beq	x6,x0,100110	  x6:0x00000073  x0:0x00000000
           9808	      4900	001000d0	0067a023	sw	x6,0(x15)	 x15:0x00020000  x6:0x00000073 PA:0x00020000 store:0x00000073 load:0x00000000
           9812	      4902	001000d4	00454383	lbu	x7,4(x10)	 x10:0x00101a18  x7=0x00000075 PA:0x00101a1c store:0x00000000
           9814	      4903	001000d8	02038c63	beq	x7,x0,100110	  x7:0x00000075  x0:0x00000000
           9818	      4905	001000dc	0077a023	sw	x7,0(x15)	 x15:0x00020000  x7:0x00000075 PA:0x00020000 store:0x00000075 load:0x00000000
           9822	      4907	001000e0	00554583	lbu	x11,5(x10)	 x10:0x00101a18 x11=0x0000006c PA:0x00101a1d store:0x00000065
           9824	      4908	001000e4	02058663	beq	x11,x0,100110	 x11:0x0000006c  x0:0x00000000
           9828	      4910	001000e8	00b7a023	sw	x11,0(x15)	 x15:0x00020000 x11:0x0000006c PA:0x00020000 store:0x0000006c load:0x00000000
           9832	      4912	001000ec	00654603	lbu	x12,6(x10)	 x10:0x00101a18 x12=0x00000074 PA:0x00101a1e store:0x00000073
           9834	      4913	001000f0	02060063	beq	x12,x0,100110	 x12:0x00000074  x0:0x00000000
           9838	      4915	001000f4	00c7a023	sw	x12,0(x15)	 x15:0x00020000 x12:0x00000074 PA:0x00020000 store:0x00000074 load:0x00000000
           9842	      4917	001000f8	00754683	lbu	x13,7(x10)	 x10:0x00101a18 x13=0x0000003a PA:0x00101a1f store:0x00000075
           9844	      4918	001000fc	00850513	addi	x10,x10,8	 x10:0x00101a18 x10=0x00101a20
           9846	      4919	00100100	00068863	beq	x13,x0,100110	 x13:0x0000003a  x0:0x00000000
           9850	      4921	00100104	00d7a023	sw	x13,0(x15)	 x15:0x00020000 x13:0x0000003a PA:0x00020000 store:0x0000003a load:0x00000000
           9854	      4923	00100108	00054803	lbu	x16,0(x10)	 x10:0x00101a20 x16=0x00000020 PA:0x00101a20 store:0x00000000
           9858	      4925	0010010c	fa0810e3	bne	x16,x0,1000ac	 x16:0x00000020  x0:0x00000000
           9864	      4928	001000ac	0107a023	sw	x16,0(x15)	 x15:0x00020000 x16:0x00000020 PA:0x00020000 store:0x00000020 load:0x00000000
           9868	      4930	001000b0	00154703	lbu	x14,1(x10)	 x10:0x00101a20 x14=0x00000000 PA:0x00101a21 store:0x0010122c
           9872	      4932	001000b4	04070e63	beq	x14,x0,100110	 x14:0x00000000  x0:0x00000000
           9876	      4934	00100110	00000513	addi	x10,x0,0	  x0:0x00000000 x10=0x00000000
           9880	      4936	00100114	00008067	jalr	x0,0(x1)	  x1:0x0010122c  x0=0x00000000
           9884	      4938	0010122c	cf8a2503	lw	x10,-776(x20)	 x20:0x00102000 x10=0x24a74966 PA:0x00101cf8 store:0x00000008
           9886	      4939	00101230	001c0d93	addi	x27,x24,1	 x24:0x00000008 x27=0x00000009
           9890	      4941	00101234	eedfe0ef	jal	x1,100120	  x1=0x00101238
           9892	      4942	00100120	01c55793	srli	x15,x10,0x1c	 x10:0x24a74966 x15=0x00000002
           9894	      4943	00100124	00900713	addi	x14,x0,9	  x0:0x00000000 x14=0x00000009
           9898	      4945	00100128	0cf77a63	bgeu	x14,x15,1001fc	 x14:0x00000009 x15:0x00000002
           9902	      4947	001001fc	03078393	addi	x7,x15,48	 x15:0x00000002  x7=0x00000032
           9904	      4948	00100200	000205b7	lui	x11,0x20	 x11=0x00020000
           9906	      4949	00100204	00451613	slli	x12,x10,0x4	 x10:0x24a74966 x12=0x4a749660
           9910	      4951	00100208	0075a023	sw	x7,0(x11)	 x11:0x00020000  x7:0x00000032 PA:0x00020000 store:0x00000032 load:0x00000000
           9912	      4952	0010020c	01c65693	srli	x13,x12,0x1c	 x12:0x4a749660 x13=0x00000004
           9914	      4953	00100210	00900813	addi	x16,x0,9	  x0:0x00000000 x16=0x00000009
           9916	      4954	00100214	f2d86ae3	bltu	x16,x13,100148	 x16:0x00000009 x13:0x00000004
           9918	      4955	00100218	03068e93	addi	x29,x13,48	 x13:0x00000004 x29=0x00000034
           9920	      4956	0010021c	00020f37	lui	x30,0x20	 x30=0x00020000
           9922	      4957	00100220	00851f93	slli	x31,x10,0x8	 x10:0x24a74966 x31=0xa7496600
           9926	      4959	00100224	01df2023	sw	x29,0(x30)	 x30:0x00020000 x29:0x00000034 PA:0x00020000 store:0x00000034 load:0x00000000
           9928	      4960	00100228	01cfd793	srli	x15,x31,0x1c	 x31:0xa7496600 x15=0x0000000a
           9930	      4961	0010022c	00900713	addi	x14,x0,9	  x0:0x00000000 x14=0x00000009
           9934	      4963	00100230	f2f76ae3	bltu	x14,x15,100164	 x14:0x00000009 x15:0x0000000a
           9938	      4965	00100164	03778293	addi	x5,x15,55	 x15:0x0000000a  x5=0x00000041
           9940	      4966	00100168	00020337	lui	x6,0x20	  x6=0x00020000
           9942	      4967	0010016c	00c51613	slli	x12,x10,0xc	 x10:0x24a74966 x12=0x74966000
           9946	      4969	00100170	00532023	sw	x5,0(x6)	  x6:0x00020000  x5:0x00000041 PA:0x00020000 store:0x00000041 load:0x00000000
           9948	      4970	00100174	01c65693	srli	x13,x12,0x1c	 x12:0x74966000 x13=0x00000007
           9950	      4971	00100178	00900813	addi	x16,x0,9	  x0:0x00000000 x16=0x00000009
           9954	      4973	0010017c	0cd87a63	bgeu	x16,x13,100250	 x16:0x00000009 x13:0x00000007
           9958	      4975	00100250	03068e93	addi	x29,x13,48	 x13:0x00000007 x29=0x00000037
           9960	      4976	00100254	00020f37	lui	x30,0x20	 x30=0x00020000
           9962	      4977	00100258	01051f93	slli	x31,x10,0x10	 x10:0x24a74966 x31=0x49660000
           9966	      4979	0010025c	01df2023	sw	x29,0(x30)	 x30:0x00020000 x29:0x00000037 PA:0x00020000 store:0x00000037 load:0x00000000
           9968	      4980	00100260	01cfd793	srli	x15,x31,0x1c	 x31:0x49660000 x15=0x00000004
           9970	      4981	00100264	00900713	addi	x14,x0,9	  x0:0x00000000 x14=0x00000009
           9972	      4982	00100268	f2f76ae3	bltu	x14,x15,10019c	 x14:0x00000009 x15:0x00000004
           9974	      4983	0010026c	03078393	addi	x7,x15,48	 x15:0x00000004  x7=0x00000034
           9976	      4984	00100270	000205b7	lui	x11,0x20	 x11=0x00020000
           9978	      4985	00100274	01451613	slli	x12,x10,0x14	 x10:0x24a74966 x12=0x96600000
           9982	      4987	00100278	0075a023	sw	x7,0(x11)	 x11:0x00020000  x7:0x00000034 PA:0x00020000 store:0x00000034 load:0x00000000
           9984	      4988	0010027c	01c65693	srli	x13,x12,0x1c	 x12:0x96600000 x13=0x00000009
           9986	      4989	00100280	00900813	addi	x16,x0,9	  x0:0x00000000 x16=0x00000009
           9988	      4990	00100284	f2d86ae3	bltu	x16,x13,1001b8	 x16:0x00000009 x13:0x00000009
           9990	      4991	00100288	03068e93	addi	x29,x13,48	 x13:0x00000009 x29=0x00000039
           9992	      4992	0010028c	00020f37	lui	x30,0x20	 x30=0x00020000
           9994	      4993	00100290	01851f93	slli	x31,x10,0x18	 x10:0x24a74966 x31=0x66000000
           9998	      4995	00100294	01df2023	sw	x29,0(x30)	 x30:0x00020000 x29:0x00000039 PA:0x00020000 store:0x00000039 load:0x00000000
          10000	      4996	00100298	01cfd793	srli	x15,x31,0x1c	 x31:0x66000000 x15=0x00000006
          10002	      4997	0010029c	00900713	addi	x14,x0,9	  x0:0x00000000 x14=0x00000009
          10004	      4998	001002a0	f2f76ae3	bltu	x14,x15,1001d4	 x14:0x00000009 x15:0x00000006
          10006	      4999	001002a4	03078393	addi	x7,x15,48	 x15:0x00000006  x7=0x00000036
          10008	      5000	001002a8	000205b7	lui	x11,0x20	 x11=0x00020000
          10012	      5002	001002ac	0075a023	sw	x7,0(x11)	 x11:0x00020000  x7:0x00000036 PA:0x00020000 store:0x00000036 load:0x00000000
          10014	      5003	001002b0	00f57513	andi	x10,x10,15	 x10:0x24a74966 x10=0x00000006
          10016	      5004	001002b4	00900613	addi	x12,x0,9	  x0:0x00000000 x12=0x00000009
          10020	      5006	001002b8	f2a67ae3	bgeu	x12,x10,1001ec	 x12:0x00000009 x10:0x00000006
          10024	      5008	001001ec	03050893	addi	x17,x10,48	 x10:0x00000006 x17=0x00000036
          10026	      5009	001001f0	00020e37	lui	x28,0x20	 x28=0x00020000
          10030	      5011	001001f4	011e2023	sw	x17,0(x28)	 x28:0x00020000 x17:0x00000036 PA:0x00020000 store:0x00000036 load:0x00000000
          10044	      5018	001001f8	00008067	jalr	x0,0(x1)	  x1:0x00101238  x0=0x00000000
          10046	      5019	00101238	d089ae87	flw	f29,-760(x19)	 f19:0x00102000 f29=0x00000000 PA:0x00101d08 store:0x4598f2e4
          10048	      5020	0010123c	d24baf07	flw	f30,-732(x23)	 f23:0x00102000 f30=0x00000000 PA:0x00101d24 store:0x42f67c6a
          10070	      5031	00101240	a10a8513	addi	x10,x21,-1520	 x21:0x00102000 x10=0x00101a10
          10072	      5032	00101244	19eeffd3	fdiv.s	f31,f29,f30	 f29:0x00000039 f30:0x00020000 f31=0x00000000
          10078	      5035	00101248	d1f9a427	fsw	f31,-760(x19)	 f19:0x00102000 f31:0x66000000 PA:0x00101d08 store:0x212dbe66 load:0x42f67c6a
          10086	      5039	0010124c	d089a007	flw	f0,-760(x19)	 f19:0x00102000  f0=0x00000000 PA:0x00101d08 store:0x4598f2e4
          10092	      5042	00101250	e0000e53	fmv.x.w	x28,f0	  f0:0x00000000 x28=0x212dbe66
          10094	      5043	00101254	cfca2c23	sw	x28,-776(x20)	 x20:0x00102000 x28:0x212dbe66 PA:0x00101cf8 store:0x212dbe66 load:0x212dbe66
          10098	      5045	00101258	e49fe0ef	jal	x1,1000a0	  x1=0x0010125c
          10102	      5047	001000a0	00054803	lbu	x16,0(x10)	 x10:0x00101a10 x16=0x0000000a PA:0x00101a10 store:0x00000000
          10104	      5048	001000a4	06080663	beq	x16,x0,100110	 x16:0x0000000a  x0:0x00000000
          10106	      5049	001000a8	000207b7	lui	x15,0x20	 x15=0x00020000
          10110	      5051	001000ac	0107a023	sw	x16,0(x15)	 x15:0x00020000 x16:0x0000000a PA:0x00020000 store:0x0000000a load:0x00000000
          10114	      5053	001000b0	00154703	lbu	x14,1(x10)	 x10:0x00101a10 x14=0x00000020 PA:0x00101a11 store:0x0010125c
          10116	      5054	001000b4	04070e63	beq	x14,x0,100110	 x14:0x00000020  x0:0x00000000
          10120	      5056	001000b8	00e7a023	sw	x14,0(x15)	 x15:0x00020000 x14:0x00000020 PA:0x00020000 store:0x00000020 load:0x00000000
          10124	      5058	001000bc	00254283	lbu	x5,2(x10)	 x10:0x00101a10  x5=0x00000069 PA:0x00101a12 store:0x00137fa0
          10126	      5059	001000c0	04028863	beq	x5,x0,100110	  x5:0x00000069  x0:0x00000000
          10130	      5061	001000c4	0057a023	sw	x5,0(x15)	 x15:0x00020000  x5:0x00000069 PA:0x00020000 store:0x00000069 load:0x00000000
          10134	      5063	001000c8	00354303	lbu	x6,3(x10)	 x10:0x00101a10  x6=0x0000003d PA:0x00101a13 store:0x00000000
          10136	      5064	001000cc	04030263	beq	x6,x0,100110	  x6:0x0000003d  x0:0x00000000
          10140	      5066	001000d0	0067a023	sw	x6,0(x15)	 x15:0x00020000  x6:0x0000003d PA:0x00020000 store:0x0000003d load:0x00000000
          10144	      5068	001000d4	00454383	lbu	x7,4(x10)	 x10:0x00101a10  x7=0x00000000 PA:0x00101a14 store:0x00000000
          10148	      5070	001000d8	02038c63	beq	x7,x0,100110	  x7:0x00000000  x0:0x00000000
          10152	      5072	00100110	00000513	addi	x10,x0,0	  x0:0x00000000 x10=0x00000000
          10156	      5074	00100114	00008067	jalr	x0,0(x1)	  x1:0x0010125c  x0=0x00000000
          10158	      5075	0010125c	000d8513	addi	x10,x27,0	 x27:0x00000009 x10=0x00000009
          10162	      5077	00101260	ec1fe0ef	jal	x1,100120	  x1=0x00101264
          10164	      5078	00100120	01c55793	srli	x15,x10,0x1c	 x10:0x00000009 x15=0x00000000
          10166	      5079	00100124	00900713	addi	x14,x0,9	  x0:0x00000000 x14=0x00000009
          10170	      5081	00100128	0cf77a63	bgeu	x14,x15,1001fc	 x14:0x00000009 x15:0x00000000
          10174	      5083	001001fc	03078393	addi	x7,x15,48	 x15:0x00000000  x7=0x00000030
          10176	      5084	00100200	000205b7	lui	x11,0x20	 x11=0x00020000
          10178	      5085	00100204	00451613	slli	x12,x10,0x4	 x10:0x00000009 x12=0x00000090
          10182	      5087	00100208	0075a023	sw	x7,0(x11)	 x11:0x00020000  x7:0x00000030 PA:0x00020000 store:0x00000030 load:0x00000000
          10184	      5088	0010020c	01c65693	srli	x13,x12,0x1c	 x12:0x00000090 x13=0x00000000
          10186	      5089	00100210	00900813	addi	x16,x0,9	  x0:0x00000000 x16=0x00000009
          10188	      5090	00100214	f2d86ae3	bltu	x16,x13,100148	 x16:0x00000009 x13:0x00000000
          10190	      5091	00100218	03068e93	addi	x29,x13,48	 x13:0x00000000 x29=0x00000030
          10192	      5092	0010021c	00020f37	lui	x30,0x20	 x30=0x00020000
          10194	      5093	00100220	00851f93	slli	x31,x10,0x8	 x10:0x00000009 x31=0x00000900
          10198	      5095	00100224	01df2023	sw	x29,0(x30)	 x30:0x00020000 x29:0x00000030 PA:0x00020000 store:0x00000030 load:0x00000000
          10200	      5096	00100228	01cfd793	srli	x15,x31,0x1c	 x31:0x00000900 x15=0x00000000
          10202	      5097	0010022c	00900713	addi	x14,x0,9	  x0:0x00000000 x14=0x00000009
          10204	      5098	00100230	f2f76ae3	bltu	x14,x15,100164	 x14:0x00000009 x15:0x00000000
          10206	      5099	00100234	03078393	addi	x7,x15,48	 x15:0x00000000  x7=0x00000030
          10208	      5100	00100238	000205b7	lui	x11,0x20	 x11=0x00020000
          10210	      5101	0010023c	00c51613	slli	x12,x10,0xc	 x10:0x00000009 x12=0x00009000
          10214	      5103	00100240	0075a023	sw	x7,0(x11)	 x11:0x00020000  x7:0x00000030 PA:0x00020000 store:0x00000030 load:0x00000000
          10216	      5104	00100244	01c65693	srli	x13,x12,0x1c	 x12:0x00009000 x13=0x00000000
          10218	      5105	00100248	00900813	addi	x16,x0,9	  x0:0x00000000 x16=0x00000009
          10220	      5106	0010024c	f2d86ae3	bltu	x16,x13,100180	 x16:0x00000009 x13:0x00000000
          10222	      5107	00100250	03068e93	addi	x29,x13,48	 x13:0x00000000 x29=0x00000030
          10224	      5108	00100254	00020f37	lui	x30,0x20	 x30=0x00020000
          10226	      5109	00100258	01051f93	slli	x31,x10,0x10	 x10:0x00000009 x31=0x00090000
          10230	      5111	0010025c	01df2023	sw	x29,0(x30)	 x30:0x00020000 x29:0x00000030 PA:0x00020000 store:0x00000030 load:0x00000000
          10232	      5112	00100260	01cfd793	srli	x15,x31,0x1c	 x31:0x00090000 x15=0x00000000
          10234	      5113	00100264	00900713	addi	x14,x0,9	  x0:0x00000000 x14=0x00000009
          10236	      5114	00100268	f2f76ae3	bltu	x14,x15,10019c	 x14:0x00000009 x15:0x00000000
          10238	      5115	0010026c	03078393	addi	x7,x15,48	 x15:0x00000000  x7=0x00000030
          10240	      5116	00100270	000205b7	lui	x11,0x20	 x11=0x00020000
          10242	      5117	00100274	01451613	slli	x12,x10,0x14	 x10:0x00000009 x12=0x00900000
          10246	      5119	00100278	0075a023	sw	x7,0(x11)	 x11:0x00020000  x7:0x00000030 PA:0x00020000 store:0x00000030 load:0x00000000
          10248	      5120	0010027c	01c65693	srli	x13,x12,0x1c	 x12:0x00900000 x13=0x00000000
          10250	      5121	00100280	00900813	addi	x16,x0,9	  x0:0x00000000 x16=0x00000009
          10252	      5122	00100284	f2d86ae3	bltu	x16,x13,1001b8	 x16:0x00000009 x13:0x00000000
          10254	      5123	00100288	03068e93	addi	x29,x13,48	 x13:0x00000000 x29=0x00000030
          10256	      5124	0010028c	00020f37	lui	x30,0x20	 x30=0x00020000
          10258	      5125	00100290	01851f93	slli	x31,x10,0x18	 x10:0x00000009 x31=0x09000000
          10262	      5127	00100294	01df2023	sw	x29,0(x30)	 x30:0x00020000 x29:0x00000030 PA:0x00020000 store:0x00000030 load:0x00000000
          10264	      5128	00100298	01cfd793	srli	x15,x31,0x1c	 x31:0x09000000 x15=0x00000000
          10266	      5129	0010029c	00900713	addi	x14,x0,9	  x0:0x00000000 x14=0x00000009
          10268	      5130	001002a0	f2f76ae3	bltu	x14,x15,1001d4	 x14:0x00000009 x15:0x00000000
          10270	      5131	001002a4	03078393	addi	x7,x15,48	 x15:0x00000000  x7=0x00000030
          10272	      5132	001002a8	000205b7	lui	x11,0x20	 x11=0x00020000
          10276	      5134	001002ac	0075a023	sw	x7,0(x11)	 x11:0x00020000  x7:0x00000030 PA:0x00020000 store:0x00000030 load:0x00000000
          10278	      5135	001002b0	00f57513	andi	x10,x10,15	 x10:0x00000009 x10=0x00000009
          10280	      5136	001002b4	00900613	addi	x12,x0,9	  x0:0x00000000 x12=0x00000009
          10284	      5138	001002b8	f2a67ae3	bgeu	x12,x10,1001ec	 x12:0x00000009 x10:0x00000009
          10288	      5140	001001ec	03050893	addi	x17,x10,48	 x10:0x00000009 x17=0x00000039
          10290	      5141	001001f0	00020e37	lui	x28,0x20	 x28=0x00020000
          10294	      5143	001001f4	011e2023	sw	x17,0(x28)	 x28:0x00020000 x17:0x00000039 PA:0x00020000 store:0x00000039 load:0x00000000
          10298	      5145	001001f8	00008067	jalr	x0,0(x1)	  x1:0x00101264  x0=0x00000000
          10300	      5146	00101264	a18b0513	addi	x10,x22,-1512	 x22:0x00102000 x10=0x00101a18
          10304	      5148	00101268	e39fe0ef	jal	x1,1000a0	  x1=0x0010126c
          10308	      5150	001000a0	00054803	lbu	x16,0(x10)	 x10:0x00101a18 x16=0x00000020 PA:0x00101a18 store:0x00000000
          10310	      5151	001000a4	06080663	beq	x16,x0,100110	 x16:0x00000020  x0:0x00000000
          10312	      5152	001000a8	000207b7	lui	x15,0x20	 x15=0x00020000
          10316	      5154	001000ac	0107a023	sw	x16,0(x15)	 x15:0x00020000 x16:0x00000020 PA:0x00020000 store:0x00000020 load:0x00000000
          10320	      5156	001000b0	00154703	lbu	x14,1(x10)	 x10:0x00101a18 x14=0x00000072 PA:0x00101a19 store:0x0010126c
          10322	      5157	001000b4	04070e63	beq	x14,x0,100110	 x14:0x00000072  x0:0x00000000
          10326	      5159	001000b8	00e7a023	sw	x14,0(x15)	 x15:0x00020000 x14:0x00000072 PA:0x00020000 store:0x00000072 load:0x00000000
          10330	      5161	001000bc	00254283	lbu	x5,2(x10)	 x10:0x00101a18  x5=0x00000065 PA:0x00101a1a store:0x00137fa0
          10332	      5162	001000c0	04028863	beq	x5,x0,100110	  x5:0x00000065  x0:0x00000000
          10336	      5164	001000c4	0057a023	sw	x5,0(x15)	 x15:0x00020000  x5:0x00000065 PA:0x00020000 store:0x00000065 load:0x00000000
          10340	      5166	001000c8	00354303	lbu	x6,3(x10)	 x10:0x00101a18  x6=0x00000073 PA:0x00101a1b store:0x00000000
          10342	      5167	001000cc	04030263	beq	x6,x0,100110	  x6:0x00000073  x0:0x00000000
          10346	      5169	001000d0	0067a023	sw	x6,0(x15)	 x15:0x00020000  x6:0x00000073 PA:0x00020000 store:0x00000073 load:0x00000000
          10350	      5171	001000d4	00454383	lbu	x7,4(x10)	 x10:0x00101a18  x7=0x00000075 PA:0x00101a1c store:0x00000000
          10352	      5172	001000d8	02038c63	beq	x7,x0,100110	  x7:0x00000075  x0:0x00000000
          10356	      5174	001000dc	0077a023	sw	x7,0(x15)	 x15:0x00020000  x7:0x00000075 PA:0x00020000 store:0x00000075 load:0x00000000
          10360	      5176	001000e0	00554583	lbu	x11,5(x10)	 x10:0x00101a18 x11=0x0000006c PA:0x00101a1d store:0x00000065
          10362	      5177	001000e4	02058663	beq	x11,x0,100110	 x11:0x0000006c  x0:0x00000000
          10366	      5179	001000e8	00b7a023	sw	x11,0(x15)	 x15:0x00020000 x11:0x0000006c PA:0x00020000 store:0x0000006c load:0x00000000
          10370	      5181	001000ec	00654603	lbu	x12,6(x10)	 x10:0x00101a18 x12=0x00000074 PA:0x00101a1e store:0x00000073
          10372	      5182	001000f0	02060063	beq	x12,x0,100110	 x12:0x00000074  x0:0x00000000
          10376	      5184	001000f4	00c7a023	sw	x12,0(x15)	 x15:0x00020000 x12:0x00000074 PA:0x00020000 store:0x00000074 load:0x00000000
          10380	      5186	001000f8	00754683	lbu	x13,7(x10)	 x10:0x00101a18 x13=0x0000003a PA:0x00101a1f store:0x00000075
          10382	      5187	001000fc	00850513	addi	x10,x10,8	 x10:0x00101a18 x10=0x00101a20
          10384	      5188	00100100	00068863	beq	x13,x0,100110	 x13:0x0000003a  x0:0x00000000
          10388	      5190	00100104	00d7a023	sw	x13,0(x15)	 x15:0x00020000 x13:0x0000003a PA:0x00020000 store:0x0000003a load:0x00000000
          10392	      5192	00100108	00054803	lbu	x16,0(x10)	 x10:0x00101a20 x16=0x00000020 PA:0x00101a20 store:0x00000000
          10396	      5194	0010010c	fa0810e3	bne	x16,x0,1000ac	 x16:0x00000020  x0:0x00000000
          10402	      5197	001000ac	0107a023	sw	x16,0(x15)	 x15:0x00020000 x16:0x00000020 PA:0x00020000 store:0x00000020 load:0x00000000
          10406	      5199	001000b0	00154703	lbu	x14,1(x10)	 x10:0x00101a20 x14=0x00000000 PA:0x00101a21 store:0x0010126c
          10410	      5201	001000b4	04070e63	beq	x14,x0,100110	 x14:0x00000000  x0:0x00000000
          10414	      5203	00100110	00000513	addi	x10,x0,0	  x0:0x00000000 x10=0x00000000
          10418	      5205	00100114	00008067	jalr	x0,0(x1)	  x1:0x0010126c  x0=0x00000000
          10422	      5207	0010126c	cf8a2503	lw	x10,-776(x20)	 x20:0x00102000 x10=0x212dbe66 PA:0x00101cf8 store:0x00000008
          10424	      5208	00101270	002c0d93	addi	x27,x24,2	 x24:0x00000008 x27=0x0000000a
          10428	      5210	00101274	eadfe0ef	jal	x1,100120	  x1=0x00101278
          10430	      5211	00100120	01c55793	srli	x15,x10,0x1c	 x10:0x212dbe66 x15=0x00000002
          10432	      5212	00100124	00900713	addi	x14,x0,9	  x0:0x00000000 x14=0x00000009
          10436	      5214	00100128	0cf77a63	bgeu	x14,x15,1001fc	 x14:0x00000009 x15:0x00000002
          10440	      5216	001001fc	03078393	addi	x7,x15,48	 x15:0x00000002  x7=0x00000032
          10442	      5217	00100200	000205b7	lui	x11,0x20	 x11=0x00020000
          10444	      5218	00100204	00451613	slli	x12,x10,0x4	 x10:0x212dbe66 x12=0x12dbe660
          10448	      5220	00100208	0075a023	sw	x7,0(x11)	 x11:0x00020000  x7:0x00000032 PA:0x00020000 store:0x00000032 load:0x00000000
          10450	      5221	0010020c	01c65693	srli	x13,x12,0x1c	 x12:0x12dbe660 x13=0x00000001
          10452	      5222	00100210	00900813	addi	x16,x0,9	  x0:0x00000000 x16=0x00000009
          10454	      5223	00100214	f2d86ae3	bltu	x16,x13,100148	 x16:0x00000009 x13:0x00000001
          10456	      5224	00100218	03068e93	addi	x29,x13,48	 x13:0x00000001 x29=0x00000031
          10458	      5225	0010021c	00020f37	lui	x30,0x20	 x30=0x00020000
          10460	      5226	00100220	00851f93	slli	x31,x10,0x8	 x10:0x212dbe66 x31=0x2dbe6600
          10464	      5228	00100224	01df2023	sw	x29,0(x30)	 x30:0x00020000 x29:0x00000031 PA:0x00020000 store:0x00000031 load:0x00000000
          10466	      5229	00100228	01cfd793	srli	x15,x31,0x1c	 x31:0x2dbe6600 x15=0x00000002
          10468	      5230	0010022c	00900713	addi	x14,x0,9	  x0:0x00000000 x14=0x00000009
          10470	      5231	00100230	f2f76ae3	bltu	x14,x15,100164	 x14:0x00000009 x15:0x00000002
          10472	      5232	00100234	03078393	addi	x7,x15,48	 x15:0x00000002  x7=0x00000032
          10474	      5233	00100238	000205b7	lui	x11,0x20	 x11=0x00020000
          10476	      5234	0010023c	00c51613	slli	x12,x10,0xc	 x10:0x212dbe66 x12=0xdbe66000
          10480	      5236	00100240	0075a023	sw	x7,0(x11)	 x11:0x00020000  x7:0x00000032 PA:0x00020000 store:0x00000032 load:0x00000000
          10482	      5237	00100244	01c65693	srli	x13,x12,0x1c	 x12:0xdbe66000 x13=0x0000000d
          10484	      5238	00100248	00900813	addi	x16,x0,9	  x0:0x00000000 x16=0x00000009
          10488	      5240	0010024c	f2d86ae3	bltu	x16,x13,100180	 x16:0x00000009 x13:0x0000000d
          10492	      5242	00100180	03768893	addi	x17,x13,55	 x13:0x0000000d x17=0x00000044
          10494	      5243	00100184	00020e37	lui	x28,0x20	 x28=0x00020000
          10496	      5244	00100188	01051f93	slli	x31,x10,0x10	 x10:0x212dbe66 x31=0xbe660000
          10500	      5246	0010018c	011e2023	sw	x17,0(x28)	 x28:0x00020000 x17:0x00000044 PA:0x00020000 store:0x00000044 load:0x00000000
          10502	      5247	00100190	01cfd793	srli	x15,x31,0x1c	 x31:0xbe660000 x15=0x0000000b
          10504	      5248	00100194	00900713	addi	x14,x0,9	  x0:0x00000000 x14=0x00000009
          10506	      5249	00100198	0cf77a63	bgeu	x14,x15,10026c	 x14:0x00000009 x15:0x0000000b
          10508	      5250	0010019c	03778293	addi	x5,x15,55	 x15:0x0000000b  x5=0x00000042
          10510	      5251	001001a0	00020337	lui	x6,0x20	  x6=0x00020000
          10512	      5252	001001a4	01451613	slli	x12,x10,0x14	 x10:0x212dbe66 x12=0xe6600000
          10516	      5254	001001a8	00532023	sw	x5,0(x6)	  x6:0x00020000  x5:0x00000042 PA:0x00020000 store:0x00000042 load:0x00000000
          10518	      5255	001001ac	01c65693	srli	x13,x12,0x1c	 x12:0xe6600000 x13=0x0000000e
          10520	      5256	001001b0	00900813	addi	x16,x0,9	  x0:0x00000000 x16=0x00000009
          10522	      5257	001001b4	0cd87a63	bgeu	x16,x13,100288	 x16:0x00000009 x13:0x0000000e
          10524	      5258	001001b8	03768893	addi	x17,x13,55	 x13:0x0000000e x17=0x00000045
          10526	      5259	001001bc	00020e37	lui	x28,0x20	 x28=0x00020000
          10528	      5260	001001c0	01851f93	slli	x31,x10,0x18	 x10:0x212dbe66 x31=0x66000000
          10532	      5262	001001c4	011e2023	sw	x17,0(x28)	 x28:0x00020000 x17:0x00000045 PA:0x00020000 store:0x00000045 load:0x00000000
          10534	      5263	001001c8	01cfd793	srli	x15,x31,0x1c	 x31:0x66000000 x15=0x00000006
          10536	      5264	001001cc	00900713	addi	x14,x0,9	  x0:0x00000000 x14=0x00000009
          10540	      5266	001001d0	0cf77a63	bgeu	x14,x15,1002a4	 x14:0x00000009 x15:0x00000006
          10544	      5268	001002a4	03078393	addi	x7,x15,48	 x15:0x00000006  x7=0x00000036
          10546	      5269	001002a8	000205b7	lui	x11,0x20	 x11=0x00020000
          10550	      5271	001002ac	0075a023	sw	x7,0(x11)	 x11:0x00020000  x7:0x00000036 PA:0x00020000 store:0x00000036 load:0x00000000
          10552	      5272	001002b0	00f57513	andi	x10,x10,15	 x10:0x212dbe66 x10=0x00000006
          10554	      5273	001002b4	00900613	addi	x12,x0,9	  x0:0x00000000 x12=0x00000009
          10558	      5275	001002b8	f2a67ae3	bgeu	x12,x10,1001ec	 x12:0x00000009 x10:0x00000006
          10562	      5277	001001ec	03050893	addi	x17,x10,48	 x10:0x00000006 x17=0x00000036
          10564	      5278	001001f0	00020e37	lui	x28,0x20	 x28=0x00020000
          10568	      5280	001001f4	011e2023	sw	x17,0(x28)	 x28:0x00020000 x17:0x00000036 PA:0x00020000 store:0x00000036 load:0x00000000
          10582	      5287	001001f8	00008067	jalr	x0,0(x1)	  x1:0x00101278  x0=0x00000000
          10584	      5288	00101278	d089a087	flw	f1,-760(x19)	 f19:0x00102000  f1=0x00000000 PA:0x00101d08 store:0x4598f2e4
          10586	      5289	0010127c	d24ba107	flw	f2,-732(x23)	 f23:0x00102000  f2=0x00000000 PA:0x00101d24 store:0x42f67c6a
          10608	      5300	00101280	a10a8513	addi	x10,x21,-1520	 x21:0x00102000 x10=0x00101a10
          10610	      5301	00101284	1820f753	fdiv.s	f14,f1,f2	  f1:0x00101278  f2:0x00137fa0 f14=0x00000000
          10616	      5304	00101288	d0e9a427	fsw	f14,-760(x19)	 f19:0x00102000 f14:0x00000009 PA:0x00101d08 store:0x1db47333 load:0x42f67c6a
          10624	      5308	0010128c	d089a787	flw	f15,-760(x19)	 f19:0x00102000 f15=0x00000000 PA:0x00101d08 store:0x4598f2e4
          10630	      5311	00101290	e0078ed3	fmv.x.w	x29,f15	 f15:0x00000006 x29=0x1db47333
          10632	      5312	00101294	cfda2c23	sw	x29,-776(x20)	 x20:0x00102000 x29:0x1db47333 PA:0x00101cf8 store:0x1db47333 load:0x1db47333
          10636	      5314	00101298	e09fe0ef	jal	x1,1000a0	  x1=0x0010129c
          10640	      5316	001000a0	00054803	lbu	x16,0(x10)	 x10:0x00101a10 x16=0x0000000a PA:0x00101a10 store:0x00000000
          10642	      5317	001000a4	06080663	beq	x16,x0,100110	 x16:0x0000000a  x0:0x00000000
          10644	      5318	001000a8	000207b7	lui	x15,0x20	 x15=0x00020000
          10648	      5320	001000ac	0107a023	sw	x16,0(x15)	 x15:0x00020000 x16:0x0000000a PA:0x00020000 store:0x0000000a load:0x00000000
          10652	      5322	001000b0	00154703	lbu	x14,1(x10)	 x10:0x00101a10 x14=0x00000020 PA:0x00101a11 store:0x0010129c
          10654	      5323	001000b4	04070e63	beq	x14,x0,100110	 x14:0x00000020  x0:0x00000000
          10658	      5325	001000b8	00e7a023	sw	x14,0(x15)	 x15:0x00020000 x14:0x00000020 PA:0x00020000 store:0x00000020 load:0x00000000
          10662	      5327	001000bc	00254283	lbu	x5,2(x10)	 x10:0x00101a10  x5=0x00000069 PA:0x00101a12 store:0x00137fa0
          10664	      5328	001000c0	04028863	beq	x5,x0,100110	  x5:0x00000069  x0:0x00000000
          10668	      5330	001000c4	0057a023	sw	x5,0(x15)	 x15:0x00020000  x5:0x00000069 PA:0x00020000 store:0x00000069 load:0x00000000
          10672	      5332	001000c8	00354303	lbu	x6,3(x10)	 x10:0x00101a10  x6=0x0000003d PA:0x00101a13 store:0x00000000
          10674	      5333	001000cc	04030263	beq	x6,x0,100110	  x6:0x0000003d  x0:0x00000000
          10678	      5335	001000d0	0067a023	sw	x6,0(x15)	 x15:0x00020000  x6:0x0000003d PA:0x00020000 store:0x0000003d load:0x00000000
          10682	      5337	001000d4	00454383	lbu	x7,4(x10)	 x10:0x00101a10  x7=0x00000000 PA:0x00101a14 store:0x00000000
          10686	      5339	001000d8	02038c63	beq	x7,x0,100110	  x7:0x00000000  x0:0x00000000
          10690	      5341	00100110	00000513	addi	x10,x0,0	  x0:0x00000000 x10=0x00000000
          10694	      5343	00100114	00008067	jalr	x0,0(x1)	  x1:0x0010129c  x0=0x00000000
          10696	      5344	0010129c	000d8513	addi	x10,x27,0	 x27:0x0000000a x10=0x0000000a
          10700	      5346	001012a0	e81fe0ef	jal	x1,100120	  x1=0x001012a4
          10702	      5347	00100120	01c55793	srli	x15,x10,0x1c	 x10:0x0000000a x15=0x00000000
          10704	      5348	00100124	00900713	addi	x14,x0,9	  x0:0x00000000 x14=0x00000009
          10708	      5350	00100128	0cf77a63	bgeu	x14,x15,1001fc	 x14:0x00000009 x15:0x00000000
          10712	      5352	001001fc	03078393	addi	x7,x15,48	 x15:0x00000000  x7=0x00000030
          10714	      5353	00100200	000205b7	lui	x11,0x20	 x11=0x00020000
          10716	      5354	00100204	00451613	slli	x12,x10,0x4	 x10:0x0000000a x12=0x000000a0
          10720	      5356	00100208	0075a023	sw	x7,0(x11)	 x11:0x00020000  x7:0x00000030 PA:0x00020000 store:0x00000030 load:0x00000000
          10722	      5357	0010020c	01c65693	srli	x13,x12,0x1c	 x12:0x000000a0 x13=0x00000000
          10724	      5358	00100210	00900813	addi	x16,x0,9	  x0:0x00000000 x16=0x00000009
          10726	      5359	00100214	f2d86ae3	bltu	x16,x13,100148	 x16:0x00000009 x13:0x00000000
          10728	      5360	00100218	03068e93	addi	x29,x13,48	 x13:0x00000000 x29=0x00000030
          10730	      5361	0010021c	00020f37	lui	x30,0x20	 x30=0x00020000
          10732	      5362	00100220	00851f93	slli	x31,x10,0x8	 x10:0x0000000a x31=0x00000a00
          10736	      5364	00100224	01df2023	sw	x29,0(x30)	 x30:0x00020000 x29:0x00000030 PA:0x00020000 store:0x00000030 load:0x00000000
          10738	      5365	00100228	01cfd793	srli	x15,x31,0x1c	 x31:0x00000a00 x15=0x00000000
          10740	      5366	0010022c	00900713	addi	x14,x0,9	  x0:0x00000000 x14=0x00000009
          10742	      5367	00100230	f2f76ae3	bltu	x14,x15,100164	 x14:0x00000009 x15:0x00000000
          10744	      5368	00100234	03078393	addi	x7,x15,48	 x15:0x00000000  x7=0x00000030
          10746	      5369	00100238	000205b7	lui	x11,0x20	 x11=0x00020000
          10748	      5370	0010023c	00c51613	slli	x12,x10,0xc	 x10:0x0000000a x12=0x0000a000
          10752	      5372	00100240	0075a023	sw	x7,0(x11)	 x11:0x00020000  x7:0x00000030 PA:0x00020000 store:0x00000030 load:0x00000000
          10754	      5373	00100244	01c65693	srli	x13,x12,0x1c	 x12:0x0000a000 x13=0x00000000
          10756	      5374	00100248	00900813	addi	x16,x0,9	  x0:0x00000000 x16=0x00000009
          10758	      5375	0010024c	f2d86ae3	bltu	x16,x13,100180	 x16:0x00000009 x13:0x00000000
          10760	      5376	00100250	03068e93	addi	x29,x13,48	 x13:0x00000000 x29=0x00000030
          10762	      5377	00100254	00020f37	lui	x30,0x20	 x30=0x00020000
          10764	      5378	00100258	01051f93	slli	x31,x10,0x10	 x10:0x0000000a x31=0x000a0000
          10768	      5380	0010025c	01df2023	sw	x29,0(x30)	 x30:0x00020000 x29:0x00000030 PA:0x00020000 store:0x00000030 load:0x00000000
          10770	      5381	00100260	01cfd793	srli	x15,x31,0x1c	 x31:0x000a0000 x15=0x00000000
          10772	      5382	00100264	00900713	addi	x14,x0,9	  x0:0x00000000 x14=0x00000009
          10774	      5383	00100268	f2f76ae3	bltu	x14,x15,10019c	 x14:0x00000009 x15:0x00000000
          10776	      5384	0010026c	03078393	addi	x7,x15,48	 x15:0x00000000  x7=0x00000030
          10778	      5385	00100270	000205b7	lui	x11,0x20	 x11=0x00020000
          10780	      5386	00100274	01451613	slli	x12,x10,0x14	 x10:0x0000000a x12=0x00a00000
          10784	      5388	00100278	0075a023	sw	x7,0(x11)	 x11:0x00020000  x7:0x00000030 PA:0x00020000 store:0x00000030 load:0x00000000
          10786	      5389	0010027c	01c65693	srli	x13,x12,0x1c	 x12:0x00a00000 x13=0x00000000
          10788	      5390	00100280	00900813	addi	x16,x0,9	  x0:0x00000000 x16=0x00000009
          10790	      5391	00100284	f2d86ae3	bltu	x16,x13,1001b8	 x16:0x00000009 x13:0x00000000
          10792	      5392	00100288	03068e93	addi	x29,x13,48	 x13:0x00000000 x29=0x00000030
          10794	      5393	0010028c	00020f37	lui	x30,0x20	 x30=0x00020000
          10796	      5394	00100290	01851f93	slli	x31,x10,0x18	 x10:0x0000000a x31=0x0a000000
          10800	      5396	00100294	01df2023	sw	x29,0(x30)	 x30:0x00020000 x29:0x00000030 PA:0x00020000 store:0x00000030 load:0x00000000
          10802	      5397	00100298	01cfd793	srli	x15,x31,0x1c	 x31:0x0a000000 x15=0x00000000
          10804	      5398	0010029c	00900713	addi	x14,x0,9	  x0:0x00000000 x14=0x00000009
          10806	      5399	001002a0	f2f76ae3	bltu	x14,x15,1001d4	 x14:0x00000009 x15:0x00000000
          10808	      5400	001002a4	03078393	addi	x7,x15,48	 x15:0x00000000  x7=0x00000030
          10810	      5401	001002a8	000205b7	lui	x11,0x20	 x11=0x00020000
          10814	      5403	001002ac	0075a023	sw	x7,0(x11)	 x11:0x00020000  x7:0x00000030 PA:0x00020000 store:0x00000030 load:0x00000000
          10816	      5404	001002b0	00f57513	andi	x10,x10,15	 x10:0x0000000a x10=0x0000000a
          10818	      5405	001002b4	00900613	addi	x12,x0,9	  x0:0x00000000 x12=0x00000009
          10820	      5406	001002b8	f2a67ae3	bgeu	x12,x10,1001ec	 x12:0x00000009 x10:0x0000000a
          10822	      5407	001002bc	03750693	addi	x13,x10,55	 x10:0x0000000a x13=0x00000041
          10824	      5408	001002c0	00020837	lui	x16,0x20	 x16=0x00020000
          10828	      5410	001002c4	00d82023	sw	x13,0(x16)	 x16:0x00020000 x13:0x00000041 PA:0x00020000 store:0x00000041 load:0x00000000
          10832	      5412	001002c8	00008067	jalr	x0,0(x1)	  x1:0x001012a4  x0=0x00000000
          10834	      5413	001012a4	a18b0513	addi	x10,x22,-1512	 x22:0x00102000 x10=0x00101a18
          10838	      5415	001012a8	df9fe0ef	jal	x1,1000a0	  x1=0x001012ac
          10842	      5417	001000a0	00054803	lbu	x16,0(x10)	 x10:0x00101a18 x16=0x00000020 PA:0x00101a18 store:0x00000000
          10844	      5418	001000a4	06080663	beq	x16,x0,100110	 x16:0x00000020  x0:0x00000000
          10846	      5419	001000a8	000207b7	lui	x15,0x20	 x15=0x00020000
          10850	      5421	001000ac	0107a023	sw	x16,0(x15)	 x15:0x00020000 x16:0x00000020 PA:0x00020000 store:0x00000020 load:0x00000000
          10854	      5423	001000b0	00154703	lbu	x14,1(x10)	 x10:0x00101a18 x14=0x00000072 PA:0x00101a19 store:0x001012ac
          10856	      5424	001000b4	04070e63	beq	x14,x0,100110	 x14:0x00000072  x0:0x00000000
          10860	      5426	001000b8	00e7a023	sw	x14,0(x15)	 x15:0x00020000 x14:0x00000072 PA:0x00020000 store:0x00000072 load:0x00000000
          10864	      5428	001000bc	00254283	lbu	x5,2(x10)	 x10:0x00101a18  x5=0x00000065 PA:0x00101a1a store:0x00137fa0
          10866	      5429	001000c0	04028863	beq	x5,x0,100110	  x5:0x00000065  x0:0x00000000
          10870	      5431	001000c4	0057a023	sw	x5,0(x15)	 x15:0x00020000  x5:0x00000065 PA:0x00020000 store:0x00000065 load:0x00000000
          10874	      5433	001000c8	00354303	lbu	x6,3(x10)	 x10:0x00101a18  x6=0x00000073 PA:0x00101a1b store:0x00000000
          10876	      5434	001000cc	04030263	beq	x6,x0,100110	  x6:0x00000073  x0:0x00000000
          10880	      5436	001000d0	0067a023	sw	x6,0(x15)	 x15:0x00020000  x6:0x00000073 PA:0x00020000 store:0x00000073 load:0x00000000
          10884	      5438	001000d4	00454383	lbu	x7,4(x10)	 x10:0x00101a18  x7=0x00000075 PA:0x00101a1c store:0x00000000
          10886	      5439	001000d8	02038c63	beq	x7,x0,100110	  x7:0x00000075  x0:0x00000000
          10890	      5441	001000dc	0077a023	sw	x7,0(x15)	 x15:0x00020000  x7:0x00000075 PA:0x00020000 store:0x00000075 load:0x00000000
          10894	      5443	001000e0	00554583	lbu	x11,5(x10)	 x10:0x00101a18 x11=0x0000006c PA:0x00101a1d store:0x00000065
          10896	      5444	001000e4	02058663	beq	x11,x0,100110	 x11:0x0000006c  x0:0x00000000
          10900	      5446	001000e8	00b7a023	sw	x11,0(x15)	 x15:0x00020000 x11:0x0000006c PA:0x00020000 store:0x0000006c load:0x00000000
          10904	      5448	001000ec	00654603	lbu	x12,6(x10)	 x10:0x00101a18 x12=0x00000074 PA:0x00101a1e store:0x00000073
          10906	      5449	001000f0	02060063	beq	x12,x0,100110	 x12:0x00000074  x0:0x00000000
          10910	      5451	001000f4	00c7a023	sw	x12,0(x15)	 x15:0x00020000 x12:0x00000074 PA:0x00020000 store:0x00000074 load:0x00000000
          10914	      5453	001000f8	00754683	lbu	x13,7(x10)	 x10:0x00101a18 x13=0x0000003a PA:0x00101a1f store:0x00000075
          10916	      5454	001000fc	00850513	addi	x10,x10,8	 x10:0x00101a18 x10=0x00101a20
          10918	      5455	00100100	00068863	beq	x13,x0,100110	 x13:0x0000003a  x0:0x00000000
          10922	      5457	00100104	00d7a023	sw	x13,0(x15)	 x15:0x00020000 x13:0x0000003a PA:0x00020000 store:0x0000003a load:0x00000000
          10926	      5459	00100108	00054803	lbu	x16,0(x10)	 x10:0x00101a20 x16=0x00000020 PA:0x00101a20 store:0x00000000
          10930	      5461	0010010c	fa0810e3	bne	x16,x0,1000ac	 x16:0x00000020  x0:0x00000000
          10936	      5464	001000ac	0107a023	sw	x16,0(x15)	 x15:0x00020000 x16:0x00000020 PA:0x00020000 store:0x00000020 load:0x00000000
          10940	      5466	001000b0	00154703	lbu	x14,1(x10)	 x10:0x00101a20 x14=0x00000000 PA:0x00101a21 store:0x001012ac
          10944	      5468	001000b4	04070e63	beq	x14,x0,100110	 x14:0x00000000  x0:0x00000000
          10948	      5470	00100110	00000513	addi	x10,x0,0	  x0:0x00000000 x10=0x00000000
          10952	      5472	00100114	00008067	jalr	x0,0(x1)	  x1:0x001012ac  x0=0x00000000
          10956	      5474	001012ac	cf8a2503	lw	x10,-776(x20)	 x20:0x00102000 x10=0x1db47333 PA:0x00101cf8 store:0x00000008
          10958	      5475	001012b0	003c0d93	addi	x27,x24,3	 x24:0x00000008 x27=0x0000000b
          10960	      5476	001012b4	004c0c13	addi	x24,x24,4	 x24:0x00000008 x24=0x0000000c
          10964	      5478	001012b8	e69fe0ef	jal	x1,100120	  x1=0x001012bc
          10966	      5479	00100120	01c55793	srli	x15,x10,0x1c	 x10:0x1db47333 x15=0x00000001
          10968	      5480	00100124	00900713	addi	x14,x0,9	  x0:0x00000000 x14=0x00000009
          10972	      5482	00100128	0cf77a63	bgeu	x14,x15,1001fc	 x14:0x00000009 x15:0x00000001
          10976	      5484	001001fc	03078393	addi	x7,x15,48	 x15:0x00000001  x7=0x00000031
          10978	      5485	00100200	000205b7	lui	x11,0x20	 x11=0x00020000
          10980	      5486	00100204	00451613	slli	x12,x10,0x4	 x10:0x1db47333 x12=0xdb473330
          10984	      5488	00100208	0075a023	sw	x7,0(x11)	 x11:0x00020000  x7:0x00000031 PA:0x00020000 store:0x00000031 load:0x00000000
          10986	      5489	0010020c	01c65693	srli	x13,x12,0x1c	 x12:0xdb473330 x13=0x0000000d
          10988	      5490	00100210	00900813	addi	x16,x0,9	  x0:0x00000000 x16=0x00000009
          10992	      5492	00100214	f2d86ae3	bltu	x16,x13,100148	 x16:0x00000009 x13:0x0000000d
          10996	      5494	00100148	03768893	addi	x17,x13,55	 x13:0x0000000d x17=0x00000044
          10998	      5495	0010014c	00020e37	lui	x28,0x20	 x28=0x00020000
          11000	      5496	00100150	00851f93	slli	x31,x10,0x8	 x10:0x1db47333 x31=0xb4733300
          11004	      5498	00100154	011e2023	sw	x17,0(x28)	 x28:0x00020000 x17:0x00000044 PA:0x00020000 store:0x00000044 load:0x00000000
          11006	      5499	00100158	01cfd793	srli	x15,x31,0x1c	 x31:0xb4733300 x15=0x0000000b
          11008	      5500	0010015c	00900713	addi	x14,x0,9	  x0:0x00000000 x14=0x00000009
          11010	      5501	00100160	0cf77a63	bgeu	x14,x15,100234	 x14:0x00000009 x15:0x0000000b
          11012	      5502	00100164	03778293	addi	x5,x15,55	 x15:0x0000000b  x5=0x00000042
          11014	      5503	00100168	00020337	lui	x6,0x20	  x6=0x00020000
          11016	      5504	0010016c	00c51613	slli	x12,x10,0xc	 x10:0x1db47333 x12=0x47333000
          11020	      5506	00100170	00532023	sw	x5,0(x6)	  x6:0x00020000  x5:0x00000042 PA:0x00020000 store:0x00000042 load:0x00000000
          11022	      5507	00100174	01c65693	srli	x13,x12,0x1c	 x12:0x47333000 x13=0x00000004
          11024	      5508	00100178	00900813	addi	x16,x0,9	  x0:0x00000000 x16=0x00000009
          11028	      5510	0010017c	0cd87a63	bgeu	x16,x13,100250	 x16:0x00000009 x13:0x00000004
          11032	      5512	00100250	03068e93	addi	x29,x13,48	 x13:0x00000004 x29=0x00000034
          11034	      5513	00100254	00020f37	lui	x30,0x20	 x30=0x00020000
          11036	      5514	00100258	01051f93	slli	x31,x10,0x10	 x10:0x1db47333 x31=0x73330000
          11040	      5516	0010025c	01df2023	sw	x29,0(x30)	 x30:0x00020000 x29:0x00000034 PA:0x00020000 store:0x00000034 load:0x00000000
          11042	      5517	00100260	01cfd793	srli	x15,x31,0x1c	 x31:0x73330000 x15=0x00000007
          11044	      5518	00100264	00900713	addi	x14,x0,9	  x0:0x00000000 x14=0x00000009
          11046	      5519	00100268	f2f76ae3	bltu	x14,x15,10019c	 x14:0x00000009 x15:0x00000007
          11048	      5520	0010026c	03078393	addi	x7,x15,48	 x15:0x00000007  x7=0x00000037
          11050	      5521	00100270	000205b7	lui	x11,0x20	 x11=0x00020000
          11052	      5522	00100274	01451613	slli	x12,x10,0x14	 x10:0x1db47333 x12=0x33300000
          11056	      5524	00100278	0075a023	sw	x7,0(x11)	 x11:0x00020000  x7:0x00000037 PA:0x00020000 store:0x00000037 load:0x00000000
          11058	      5525	0010027c	01c65693	srli	x13,x12,0x1c	 x12:0x33300000 x13=0x00000003
          11060	      5526	00100280	00900813	addi	x16,x0,9	  x0:0x00000000 x16=0x00000009
          11062	      5527	00100284	f2d86ae3	bltu	x16,x13,1001b8	 x16:0x00000009 x13:0x00000003
          11064	      5528	00100288	03068e93	addi	x29,x13,48	 x13:0x00000003 x29=0x00000033
          11066	      5529	0010028c	00020f37	lui	x30,0x20	 x30=0x00020000
          11068	      5530	00100290	01851f93	slli	x31,x10,0x18	 x10:0x1db47333 x31=0x33000000
          11072	      5532	00100294	01df2023	sw	x29,0(x30)	 x30:0x00020000 x29:0x00000033 PA:0x00020000 store:0x00000033 load:0x00000000
          11074	      5533	00100298	01cfd793	srli	x15,x31,0x1c	 x31:0x33000000 x15=0x00000003
          11076	      5534	0010029c	00900713	addi	x14,x0,9	  x0:0x00000000 x14=0x00000009
          11078	      5535	001002a0	f2f76ae3	bltu	x14,x15,1001d4	 x14:0x00000009 x15:0x00000003
          11080	      5536	001002a4	03078393	addi	x7,x15,48	 x15:0x00000003  x7=0x00000033
          11082	      5537	001002a8	000205b7	lui	x11,0x20	 x11=0x00020000
          11086	      5539	001002ac	0075a023	sw	x7,0(x11)	 x11:0x00020000  x7:0x00000033 PA:0x00020000 store:0x00000033 load:0x00000000
          11088	      5540	001002b0	00f57513	andi	x10,x10,15	 x10:0x1db47333 x10=0x00000003
          11090	      5541	001002b4	00900613	addi	x12,x0,9	  x0:0x00000000 x12=0x00000009
          11094	      5543	001002b8	f2a67ae3	bgeu	x12,x10,1001ec	 x12:0x00000009 x10:0x00000003
          11098	      5545	001001ec	03050893	addi	x17,x10,48	 x10:0x00000003 x17=0x00000033
          11100	      5546	001001f0	00020e37	lui	x28,0x20	 x28=0x00020000
          11104	      5548	001001f4	011e2023	sw	x17,0(x28)	 x28:0x00020000 x17:0x00000033 PA:0x00020000 store:0x00000033 load:0x00000000
          11118	      5555	001001f8	00008067	jalr	x0,0(x1)	  x1:0x001012bc  x0=0x00000000
          11120	      5556	001012bc	d089a187	flw	f3,-760(x19)	 f19:0x00102000  f3=0x00000000 PA:0x00101d08 store:0x4598f2e4
          11122	      5557	001012c0	d24ba207	flw	f4,-732(x23)	 f23:0x00102000  f4=0x00000000 PA:0x00101d24 store:0x42f67c6a
          11144	      5568	001012c4	a10a8513	addi	x10,x21,-1520	 x21:0x00102000 x10=0x00101a10
          11146	      5569	001012c8	1841f5d3	fdiv.s	f11,f3,f4	  f3:0x00000000  f4:0x00000000 f11=0x00000000
          11152	      5572	001012cc	d0b9a427	fsw	f11,-760(x19)	 f19:0x00102000 f11:0x00020000 PA:0x00101d08 store:0x1a3b6a45 load:0x42f67c6a
          11160	      5576	001012d0	d089a287	flw	f5,-760(x19)	 f19:0x00102000  f5=0x00000000 PA:0x00101d08 store:0x4598f2e4
          11166	      5579	001012d4	e0028f53	fmv.x.w	x30,f5	  f5:0x00000042 x30=0x1a3b6a45
          11168	      5580	001012d8	cfea2c23	sw	x30,-776(x20)	 x20:0x00102000 x30:0x1a3b6a45 PA:0x00101cf8 store:0x1a3b6a45 load:0x1a3b6a45
          11172	      5582	001012dc	dc5fe0ef	jal	x1,1000a0	  x1=0x001012e0
          11176	      5584	001000a0	00054803	lbu	x16,0(x10)	 x10:0x00101a10 x16=0x0000000a PA:0x00101a10 store:0x00000000
          11178	      5585	001000a4	06080663	beq	x16,x0,100110	 x16:0x0000000a  x0:0x00000000
          11180	      5586	001000a8	000207b7	lui	x15,0x20	 x15=0x00020000
          11184	      5588	001000ac	0107a023	sw	x16,0(x15)	 x15:0x00020000 x16:0x0000000a PA:0x00020000 store:0x0000000a load:0x00000000
          11188	      5590	001000b0	00154703	lbu	x14,1(x10)	 x10:0x00101a10 x14=0x00000020 PA:0x00101a11 store:0x001012e0
          11190	      5591	001000b4	04070e63	beq	x14,x0,100110	 x14:0x00000020  x0:0x00000000
          11194	      5593	001000b8	00e7a023	sw	x14,0(x15)	 x15:0x00020000 x14:0x00000020 PA:0x00020000 store:0x00000020 load:0x00000000
          11198	      5595	001000bc	00254283	lbu	x5,2(x10)	 x10:0x00101a10  x5=0x00000069 PA:0x00101a12 store:0x00137fa0
          11200	      5596	001000c0	04028863	beq	x5,x0,100110	  x5:0x00000069  x0:0x00000000
          11204	      5598	001000c4	0057a023	sw	x5,0(x15)	 x15:0x00020000  x5:0x00000069 PA:0x00020000 store:0x00000069 load:0x00000000
          11208	      5600	001000c8	00354303	lbu	x6,3(x10)	 x10:0x00101a10  x6=0x0000003d PA:0x00101a13 store:0x00000000
          11210	      5601	001000cc	04030263	beq	x6,x0,100110	  x6:0x0000003d  x0:0x00000000
          11214	      5603	001000d0	0067a023	sw	x6,0(x15)	 x15:0x00020000  x6:0x0000003d PA:0x00020000 store:0x0000003d load:0x00000000
          11218	      5605	001000d4	00454383	lbu	x7,4(x10)	 x10:0x00101a10  x7=0x00000000 PA:0x00101a14 store:0x00000000
          11222	      5607	001000d8	02038c63	beq	x7,x0,100110	  x7:0x00000000  x0:0x00000000
          11226	      5609	00100110	00000513	addi	x10,x0,0	  x0:0x00000000 x10=0x00000000
          11230	      5611	00100114	00008067	jalr	x0,0(x1)	  x1:0x001012e0  x0=0x00000000
          11232	      5612	001012e0	000d8513	addi	x10,x27,0	 x27:0x0000000b x10=0x0000000b
          11236	      5614	001012e4	e3dfe0ef	jal	x1,100120	  x1=0x001012e8
          11238	      5615	00100120	01c55793	srli	x15,x10,0x1c	 x10:0x0000000b x15=0x00000000
          11240	      5616	00100124	00900713	addi	x14,x0,9	  x0:0x00000000 x14=0x00000009
          11244	      5618	00100128	0cf77a63	bgeu	x14,x15,1001fc	 x14:0x00000009 x15:0x00000000
          11248	      5620	001001fc	03078393	addi	x7,x15,48	 x15:0x00000000  x7=0x00000030
          11250	      5621	00100200	000205b7	lui	x11,0x20	 x11=0x00020000
          11252	      5622	00100204	00451613	slli	x12,x10,0x4	 x10:0x0000000b x12=0x000000b0
          11256	      5624	00100208	0075a023	sw	x7,0(x11)	 x11:0x00020000  x7:0x00000030 PA:0x00020000 store:0x00000030 load:0x00000000
          11258	      5625	0010020c	01c65693	srli	x13,x12,0x1c	 x12:0x000000b0 x13=0x00000000
          11260	      5626	00100210	00900813	addi	x16,x0,9	  x0:0x00000000 x16=0x00000009
          11262	      5627	00100214	f2d86ae3	bltu	x16,x13,100148	 x16:0x00000009 x13:0x00000000
          11264	      5628	00100218	03068e93	addi	x29,x13,48	 x13:0x00000000 x29=0x00000030
          11266	      5629	0010021c	00020f37	lui	x30,0x20	 x30=0x00020000
          11268	      5630	00100220	00851f93	slli	x31,x10,0x8	 x10:0x0000000b x31=0x00000b00
          11272	      5632	00100224	01df2023	sw	x29,0(x30)	 x30:0x00020000 x29:0x00000030 PA:0x00020000 store:0x00000030 load:0x00000000
          11274	      5633	00100228	01cfd793	srli	x15,x31,0x1c	 x31:0x00000b00 x15=0x00000000
          11276	      5634	0010022c	00900713	addi	x14,x0,9	  x0:0x00000000 x14=0x00000009
          11278	      5635	00100230	f2f76ae3	bltu	x14,x15,100164	 x14:0x00000009 x15:0x00000000
          11280	      5636	00100234	03078393	addi	x7,x15,48	 x15:0x00000000  x7=0x00000030
          11282	      5637	00100238	000205b7	lui	x11,0x20	 x11=0x00020000
          11284	      5638	0010023c	00c51613	slli	x12,x10,0xc	 x10:0x0000000b x12=0x0000b000
          11288	      5640	00100240	0075a023	sw	x7,0(x11)	 x11:0x00020000  x7:0x00000030 PA:0x00020000 store:0x00000030 load:0x00000000
          11290	      5641	00100244	01c65693	srli	x13,x12,0x1c	 x12:0x0000b000 x13=0x00000000
          11292	      5642	00100248	00900813	addi	x16,x0,9	  x0:0x00000000 x16=0x00000009
          11294	      5643	0010024c	f2d86ae3	bltu	x16,x13,100180	 x16:0x00000009 x13:0x00000000
          11296	      5644	00100250	03068e93	addi	x29,x13,48	 x13:0x00000000 x29=0x00000030
          11298	      5645	00100254	00020f37	lui	x30,0x20	 x30=0x00020000
          11300	      5646	00100258	01051f93	slli	x31,x10,0x10	 x10:0x0000000b x31=0x000b0000
          11304	      5648	0010025c	01df2023	sw	x29,0(x30)	 x30:0x00020000 x29:0x00000030 PA:0x00020000 store:0x00000030 load:0x00000000
          11306	      5649	00100260	01cfd793	srli	x15,x31,0x1c	 x31:0x000b0000 x15=0x00000000
          11308	      5650	00100264	00900713	addi	x14,x0,9	  x0:0x00000000 x14=0x00000009
          11310	      5651	00100268	f2f76ae3	bltu	x14,x15,10019c	 x14:0x00000009 x15:0x00000000
          11312	      5652	0010026c	03078393	addi	x7,x15,48	 x15:0x00000000  x7=0x00000030
          11314	      5653	00100270	000205b7	lui	x11,0x20	 x11=0x00020000
          11316	      5654	00100274	01451613	slli	x12,x10,0x14	 x10:0x0000000b x12=0x00b00000
          11320	      5656	00100278	0075a023	sw	x7,0(x11)	 x11:0x00020000  x7:0x00000030 PA:0x00020000 store:0x00000030 load:0x00000000
          11322	      5657	0010027c	01c65693	srli	x13,x12,0x1c	 x12:0x00b00000 x13=0x00000000
          11324	      5658	00100280	00900813	addi	x16,x0,9	  x0:0x00000000 x16=0x00000009
          11326	      5659	00100284	f2d86ae3	bltu	x16,x13,1001b8	 x16:0x00000009 x13:0x00000000
          11328	      5660	00100288	03068e93	addi	x29,x13,48	 x13:0x00000000 x29=0x00000030
          11330	      5661	0010028c	00020f37	lui	x30,0x20	 x30=0x00020000
          11332	      5662	00100290	01851f93	slli	x31,x10,0x18	 x10:0x0000000b x31=0x0b000000
          11336	      5664	00100294	01df2023	sw	x29,0(x30)	 x30:0x00020000 x29:0x00000030 PA:0x00020000 store:0x00000030 load:0x00000000
          11338	      5665	00100298	01cfd793	srli	x15,x31,0x1c	 x31:0x0b000000 x15=0x00000000
          11340	      5666	0010029c	00900713	addi	x14,x0,9	  x0:0x00000000 x14=0x00000009
          11342	      5667	001002a0	f2f76ae3	bltu	x14,x15,1001d4	 x14:0x00000009 x15:0x00000000
          11344	      5668	001002a4	03078393	addi	x7,x15,48	 x15:0x00000000  x7=0x00000030
          11346	      5669	001002a8	000205b7	lui	x11,0x20	 x11=0x00020000
          11350	      5671	001002ac	0075a023	sw	x7,0(x11)	 x11:0x00020000  x7:0x00000030 PA:0x00020000 store:0x00000030 load:0x00000000
          11352	      5672	001002b0	00f57513	andi	x10,x10,15	 x10:0x0000000b x10=0x0000000b
          11354	      5673	001002b4	00900613	addi	x12,x0,9	  x0:0x00000000 x12=0x00000009
          11356	      5674	001002b8	f2a67ae3	bgeu	x12,x10,1001ec	 x12:0x00000009 x10:0x0000000b
          11358	      5675	001002bc	03750693	addi	x13,x10,55	 x10:0x0000000b x13=0x00000042
          11360	      5676	001002c0	00020837	lui	x16,0x20	 x16=0x00020000
          11364	      5678	001002c4	00d82023	sw	x13,0(x16)	 x16:0x00020000 x13:0x00000042 PA:0x00020000 store:0x00000042 load:0x00000000
          11368	      5680	001002c8	00008067	jalr	x0,0(x1)	  x1:0x001012e8  x0=0x00000000
          11370	      5681	001012e8	a18b0513	addi	x10,x22,-1512	 x22:0x00102000 x10=0x00101a18
          11374	      5683	001012ec	db5fe0ef	jal	x1,1000a0	  x1=0x001012f0
          11378	      5685	001000a0	00054803	lbu	x16,0(x10)	 x10:0x00101a18 x16=0x00000020 PA:0x00101a18 store:0x00000000
          11380	      5686	001000a4	06080663	beq	x16,x0,100110	 x16:0x00000020  x0:0x00000000
          11382	      5687	001000a8	000207b7	lui	x15,0x20	 x15=0x00020000
          11386	      5689	001000ac	0107a023	sw	x16,0(x15)	 x15:0x00020000 x16:0x00000020 PA:0x00020000 store:0x00000020 load:0x00000000
          11390	      5691	001000b0	00154703	lbu	x14,1(x10)	 x10:0x00101a18 x14=0x00000072 PA:0x00101a19 store:0x001012f0
          11392	      5692	001000b4	04070e63	beq	x14,x0,100110	 x14:0x00000072  x0:0x00000000
          11396	      5694	001000b8	00e7a023	sw	x14,0(x15)	 x15:0x00020000 x14:0x00000072 PA:0x00020000 store:0x00000072 load:0x00000000
          11400	      5696	001000bc	00254283	lbu	x5,2(x10)	 x10:0x00101a18  x5=0x00000065 PA:0x00101a1a store:0x00137fa0
          11402	      5697	001000c0	04028863	beq	x5,x0,100110	  x5:0x00000065  x0:0x00000000
          11406	      5699	001000c4	0057a023	sw	x5,0(x15)	 x15:0x00020000  x5:0x00000065 PA:0x00020000 store:0x00000065 load:0x00000000
          11410	      5701	001000c8	00354303	lbu	x6,3(x10)	 x10:0x00101a18  x6=0x00000073 PA:0x00101a1b store:0x00000000
          11412	      5702	001000cc	04030263	beq	x6,x0,100110	  x6:0x00000073  x0:0x00000000
          11416	      5704	001000d0	0067a023	sw	x6,0(x15)	 x15:0x00020000  x6:0x00000073 PA:0x00020000 store:0x00000073 load:0x00000000
          11420	      5706	001000d4	00454383	lbu	x7,4(x10)	 x10:0x00101a18  x7=0x00000075 PA:0x00101a1c store:0x00000000
          11422	      5707	001000d8	02038c63	beq	x7,x0,100110	  x7:0x00000075  x0:0x00000000
          11426	      5709	001000dc	0077a023	sw	x7,0(x15)	 x15:0x00020000  x7:0x00000075 PA:0x00020000 store:0x00000075 load:0x00000000
          11430	      5711	001000e0	00554583	lbu	x11,5(x10)	 x10:0x00101a18 x11=0x0000006c PA:0x00101a1d store:0x00000065
          11432	      5712	001000e4	02058663	beq	x11,x0,100110	 x11:0x0000006c  x0:0x00000000
          11436	      5714	001000e8	00b7a023	sw	x11,0(x15)	 x15:0x00020000 x11:0x0000006c PA:0x00020000 store:0x0000006c load:0x00000000
          11440	      5716	001000ec	00654603	lbu	x12,6(x10)	 x10:0x00101a18 x12=0x00000074 PA:0x00101a1e store:0x00000073
          11442	      5717	001000f0	02060063	beq	x12,x0,100110	 x12:0x00000074  x0:0x00000000
          11446	      5719	001000f4	00c7a023	sw	x12,0(x15)	 x15:0x00020000 x12:0x00000074 PA:0x00020000 store:0x00000074 load:0x00000000
          11450	      5721	001000f8	00754683	lbu	x13,7(x10)	 x10:0x00101a18 x13=0x0000003a PA:0x00101a1f store:0x00000075
          11452	      5722	001000fc	00850513	addi	x10,x10,8	 x10:0x00101a18 x10=0x00101a20
          11454	      5723	00100100	00068863	beq	x13,x0,100110	 x13:0x0000003a  x0:0x00000000
          11458	      5725	00100104	00d7a023	sw	x13,0(x15)	 x15:0x00020000 x13:0x0000003a PA:0x00020000 store:0x0000003a load:0x00000000
          11462	      5727	00100108	00054803	lbu	x16,0(x10)	 x10:0x00101a20 x16=0x00000020 PA:0x00101a20 store:0x00000000
          11466	      5729	0010010c	fa0810e3	bne	x16,x0,1000ac	 x16:0x00000020  x0:0x00000000
          11472	      5732	001000ac	0107a023	sw	x16,0(x15)	 x15:0x00020000 x16:0x00000020 PA:0x00020000 store:0x00000020 load:0x00000000
          11476	      5734	001000b0	00154703	lbu	x14,1(x10)	 x10:0x00101a20 x14=0x00000000 PA:0x00101a21 store:0x001012f0
          11480	      5736	001000b4	04070e63	beq	x14,x0,100110	 x14:0x00000000  x0:0x00000000
          11484	      5738	00100110	00000513	addi	x10,x0,0	  x0:0x00000000 x10=0x00000000
          11488	      5740	00100114	00008067	jalr	x0,0(x1)	  x1:0x001012f0  x0=0x00000000
          11492	      5742	001012f0	cf8a2503	lw	x10,-776(x20)	 x20:0x00102000 x10=0x1a3b6a45 PA:0x00101cf8 store:0x0000000c
          11496	      5744	001012f4	e2dfe0ef	jal	x1,100120	  x1=0x001012f8
          11498	      5745	00100120	01c55793	srli	x15,x10,0x1c	 x10:0x1a3b6a45 x15=0x00000001
          11500	      5746	00100124	00900713	addi	x14,x0,9	  x0:0x00000000 x14=0x00000009
          11504	      5748	00100128	0cf77a63	bgeu	x14,x15,1001fc	 x14:0x00000009 x15:0x00000001
          11508	      5750	001001fc	03078393	addi	x7,x15,48	 x15:0x00000001  x7=0x00000031
          11510	      5751	00100200	000205b7	lui	x11,0x20	 x11=0x00020000
          11512	      5752	00100204	00451613	slli	x12,x10,0x4	 x10:0x1a3b6a45 x12=0xa3b6a450
          11516	      5754	00100208	0075a023	sw	x7,0(x11)	 x11:0x00020000  x7:0x00000031 PA:0x00020000 store:0x00000031 load:0x00000000
          11518	      5755	0010020c	01c65693	srli	x13,x12,0x1c	 x12:0xa3b6a450 x13=0x0000000a
          11520	      5756	00100210	00900813	addi	x16,x0,9	  x0:0x00000000 x16=0x00000009
          11524	      5758	00100214	f2d86ae3	bltu	x16,x13,100148	 x16:0x00000009 x13:0x0000000a
          11528	      5760	00100148	03768893	addi	x17,x13,55	 x13:0x0000000a x17=0x00000041
          11530	      5761	0010014c	00020e37	lui	x28,0x20	 x28=0x00020000
          11532	      5762	00100150	00851f93	slli	x31,x10,0x8	 x10:0x1a3b6a45 x31=0x3b6a4500
          11536	      5764	00100154	011e2023	sw	x17,0(x28)	 x28:0x00020000 x17:0x00000041 PA:0x00020000 store:0x00000041 load:0x00000000
          11538	      5765	00100158	01cfd793	srli	x15,x31,0x1c	 x31:0x3b6a4500 x15=0x00000003
          11540	      5766	0010015c	00900713	addi	x14,x0,9	  x0:0x00000000 x14=0x00000009
          11544	      5768	00100160	0cf77a63	bgeu	x14,x15,100234	 x14:0x00000009 x15:0x00000003
          11548	      5770	00100234	03078393	addi	x7,x15,48	 x15:0x00000003  x7=0x00000033
          11550	      5771	00100238	000205b7	lui	x11,0x20	 x11=0x00020000
          11552	      5772	0010023c	00c51613	slli	x12,x10,0xc	 x10:0x1a3b6a45 x12=0xb6a45000
          11556	      5774	00100240	0075a023	sw	x7,0(x11)	 x11:0x00020000  x7:0x00000033 PA:0x00020000 store:0x00000033 load:0x00000000
          11558	      5775	00100244	01c65693	srli	x13,x12,0x1c	 x12:0xb6a45000 x13=0x0000000b
          11560	      5776	00100248	00900813	addi	x16,x0,9	  x0:0x00000000 x16=0x00000009
          11564	      5778	0010024c	f2d86ae3	bltu	x16,x13,100180	 x16:0x00000009 x13:0x0000000b
          11568	      5780	00100180	03768893	addi	x17,x13,55	 x13:0x0000000b x17=0x00000042
          11570	      5781	00100184	00020e37	lui	x28,0x20	 x28=0x00020000
          11572	      5782	00100188	01051f93	slli	x31,x10,0x10	 x10:0x1a3b6a45 x31=0x6a450000
          11576	      5784	0010018c	011e2023	sw	x17,0(x28)	 x28:0x00020000 x17:0x00000042 PA:0x00020000 store:0x00000042 load:0x00000000
          11578	      5785	00100190	01cfd793	srli	x15,x31,0x1c	 x31:0x6a450000 x15=0x00000006
          11580	      5786	00100194	00900713	addi	x14,x0,9	  x0:0x00000000 x14=0x00000009
          11584	      5788	00100198	0cf77a63	bgeu	x14,x15,10026c	 x14:0x00000009 x15:0x00000006
          11588	      5790	0010026c	03078393	addi	x7,x15,48	 x15:0x00000006  x7=0x00000036
          11590	      5791	00100270	000205b7	lui	x11,0x20	 x11=0x00020000
          11592	      5792	00100274	01451613	slli	x12,x10,0x14	 x10:0x1a3b6a45 x12=0xa4500000
          11596	      5794	00100278	0075a023	sw	x7,0(x11)	 x11:0x00020000  x7:0x00000036 PA:0x00020000 store:0x00000036 load:0x00000000
          11598	      5795	0010027c	01c65693	srli	x13,x12,0x1c	 x12:0xa4500000 x13=0x0000000a
          11600	      5796	00100280	00900813	addi	x16,x0,9	  x0:0x00000000 x16=0x00000009
          11604	      5798	00100284	f2d86ae3	bltu	x16,x13,1001b8	 x16:0x00000009 x13:0x0000000a
          11608	      5800	001001b8	03768893	addi	x17,x13,55	 x13:0x0000000a x17=0x00000041
          11610	      5801	001001bc	00020e37	lui	x28,0x20	 x28=0x00020000
          11612	      5802	001001c0	01851f93	slli	x31,x10,0x18	 x10:0x1a3b6a45 x31=0x45000000
          11616	      5804	001001c4	011e2023	sw	x17,0(x28)	 x28:0x00020000 x17:0x00000041 PA:0x00020000 store:0x00000041 load:0x00000000
          11618	      5805	001001c8	01cfd793	srli	x15,x31,0x1c	 x31:0x45000000 x15=0x00000004
          11620	      5806	001001cc	00900713	addi	x14,x0,9	  x0:0x00000000 x14=0x00000009
          11624	      5808	001001d0	0cf77a63	bgeu	x14,x15,1002a4	 x14:0x00000009 x15:0x00000004
          11628	      5810	001002a4	03078393	addi	x7,x15,48	 x15:0x00000004  x7=0x00000034
          11630	      5811	001002a8	000205b7	lui	x11,0x20	 x11=0x00020000
          11634	      5813	001002ac	0075a023	sw	x7,0(x11)	 x11:0x00020000  x7:0x00000034 PA:0x00020000 store:0x00000034 load:0x00000000
          11636	      5814	001002b0	00f57513	andi	x10,x10,15	 x10:0x1a3b6a45 x10=0x00000005
          11638	      5815	001002b4	00900613	addi	x12,x0,9	  x0:0x00000000 x12=0x00000009
          11642	      5817	001002b8	f2a67ae3	bgeu	x12,x10,1001ec	 x12:0x00000009 x10:0x00000005
          11646	      5819	001001ec	03050893	addi	x17,x10,48	 x10:0x00000005 x17=0x00000035
          11648	      5820	001001f0	00020e37	lui	x28,0x20	 x28=0x00020000
          11652	      5822	001001f4	011e2023	sw	x17,0(x28)	 x28:0x00020000 x17:0x00000035 PA:0x00020000 store:0x00000035 load:0x00000000
          11656	      5824	001001f8	00008067	jalr	x0,0(x1)	  x1:0x001012f8  x0=0x00000000
          11660	      5826	001012f8	f1ac10e3	bne	x24,x26,1011f8	 x24:0x0000000c x26:0x00000014
          11672	      5832	001011f8	d089a987	flw	f19,-760(x19)	 f19:0x00102000 f19=0x00000000 PA:0x00101d08 store:0x4598f2e4
          11674	      5833	001011fc	d24baa07	flw	f20,-732(x23)	 f23:0x00102000 f20=0x00000000 PA:0x00101d24 store:0x42f67c6a
          11698	      5845	00101200	a10a8513	addi	x10,x21,-1520	 x21:0x00102000 x10=0x00101a10
          11700	      5846	00101204	1949fad3	fdiv.s	f21,f19,f20	 f19:0x00102000 f20:0x00102000 f21=0x00000000
          11706	      5849	00101208	d159a427	fsw	f21,-760(x19)	 f19:0x00102000 f21:0x00102000 PA:0x00101d08 store:0x16c2a62a load:0x42f67c6a
          11714	      5853	0010120c	d089ae07	flw	f28,-760(x19)	 f19:0x00102000 f28=0x00000000 PA:0x00101d08 store:0x4598f2e4
          11720	      5856	00101210	e00e0dd3	fmv.x.w	x27,f28	 f28:0x00020000 x27=0x16c2a62a
          11722	      5857	00101214	cfba2c23	sw	x27,-776(x20)	 x20:0x00102000 x27:0x16c2a62a PA:0x00101cf8 store:0x16c2a62a load:0x16c2a62a
          11726	      5859	00101218	e89fe0ef	jal	x1,1000a0	  x1=0x0010121c
          11730	      5861	001000a0	00054803	lbu	x16,0(x10)	 x10:0x00101a10 x16=0x0000000a PA:0x00101a10 store:0x00000000
          11732	      5862	001000a4	06080663	beq	x16,x0,100110	 x16:0x0000000a  x0:0x00000000
          11734	      5863	001000a8	000207b7	lui	x15,0x20	 x15=0x00020000
          11738	      5865	001000ac	0107a023	sw	x16,0(x15)	 x15:0x00020000 x16:0x0000000a PA:0x00020000 store:0x0000000a load:0x00000000
          11742	      5867	001000b0	00154703	lbu	x14,1(x10)	 x10:0x00101a10 x14=0x00000020 PA:0x00101a11 store:0x0010121c
          11744	      5868	001000b4	04070e63	beq	x14,x0,100110	 x14:0x00000020  x0:0x00000000
          11748	      5870	001000b8	00e7a023	sw	x14,0(x15)	 x15:0x00020000 x14:0x00000020 PA:0x00020000 store:0x00000020 load:0x00000000
          11752	      5872	001000bc	00254283	lbu	x5,2(x10)	 x10:0x00101a10  x5=0x00000069 PA:0x00101a12 store:0x00137fa0
          11754	      5873	001000c0	04028863	beq	x5,x0,100110	  x5:0x00000069  x0:0x00000000
          11758	      5875	001000c4	0057a023	sw	x5,0(x15)	 x15:0x00020000  x5:0x00000069 PA:0x00020000 store:0x00000069 load:0x00000000
          11762	      5877	001000c8	00354303	lbu	x6,3(x10)	 x10:0x00101a10  x6=0x0000003d PA:0x00101a13 store:0x00000000
          11764	      5878	001000cc	04030263	beq	x6,x0,100110	  x6:0x0000003d  x0:0x00000000
          11768	      5880	001000d0	0067a023	sw	x6,0(x15)	 x15:0x00020000  x6:0x0000003d PA:0x00020000 store:0x0000003d load:0x00000000
          11772	      5882	001000d4	00454383	lbu	x7,4(x10)	 x10:0x00101a10  x7=0x00000000 PA:0x00101a14 store:0x00000000
          11776	      5884	001000d8	02038c63	beq	x7,x0,100110	  x7:0x00000000  x0:0x00000000
          11780	      5886	00100110	00000513	addi	x10,x0,0	  x0:0x00000000 x10=0x00000000
          11784	      5888	00100114	00008067	jalr	x0,0(x1)	  x1:0x0010121c  x0=0x00000000
          11786	      5889	0010121c	000c0513	addi	x10,x24,0	 x24:0x0000000c x10=0x0000000c
          11790	      5891	00101220	f01fe0ef	jal	x1,100120	  x1=0x00101224
          11792	      5892	00100120	01c55793	srli	x15,x10,0x1c	 x10:0x0000000c x15=0x00000000
          11794	      5893	00100124	00900713	addi	x14,x0,9	  x0:0x00000000 x14=0x00000009
          11798	      5895	00100128	0cf77a63	bgeu	x14,x15,1001fc	 x14:0x00000009 x15:0x00000000
          11802	      5897	001001fc	03078393	addi	x7,x15,48	 x15:0x00000000  x7=0x00000030
          11804	      5898	00100200	000205b7	lui	x11,0x20	 x11=0x00020000
          11806	      5899	00100204	00451613	slli	x12,x10,0x4	 x10:0x0000000c x12=0x000000c0
          11810	      5901	00100208	0075a023	sw	x7,0(x11)	 x11:0x00020000  x7:0x00000030 PA:0x00020000 store:0x00000030 load:0x00000000
          11812	      5902	0010020c	01c65693	srli	x13,x12,0x1c	 x12:0x000000c0 x13=0x00000000
          11814	      5903	00100210	00900813	addi	x16,x0,9	  x0:0x00000000 x16=0x00000009
          11816	      5904	00100214	f2d86ae3	bltu	x16,x13,100148	 x16:0x00000009 x13:0x00000000
          11818	      5905	00100218	03068e93	addi	x29,x13,48	 x13:0x00000000 x29=0x00000030
          11820	      5906	0010021c	00020f37	lui	x30,0x20	 x30=0x00020000
          11822	      5907	00100220	00851f93	slli	x31,x10,0x8	 x10:0x0000000c x31=0x00000c00
          11826	      5909	00100224	01df2023	sw	x29,0(x30)	 x30:0x00020000 x29:0x00000030 PA:0x00020000 store:0x00000030 load:0x00000000
          11828	      5910	00100228	01cfd793	srli	x15,x31,0x1c	 x31:0x00000c00 x15=0x00000000
          11830	      5911	0010022c	00900713	addi	x14,x0,9	  x0:0x00000000 x14=0x00000009
          11832	      5912	00100230	f2f76ae3	bltu	x14,x15,100164	 x14:0x00000009 x15:0x00000000
          11834	      5913	00100234	03078393	addi	x7,x15,48	 x15:0x00000000  x7=0x00000030
          11836	      5914	00100238	000205b7	lui	x11,0x20	 x11=0x00020000
          11838	      5915	0010023c	00c51613	slli	x12,x10,0xc	 x10:0x0000000c x12=0x0000c000
          11842	      5917	00100240	0075a023	sw	x7,0(x11)	 x11:0x00020000  x7:0x00000030 PA:0x00020000 store:0x00000030 load:0x00000000
          11844	      5918	00100244	01c65693	srli	x13,x12,0x1c	 x12:0x0000c000 x13=0x00000000
          11846	      5919	00100248	00900813	addi	x16,x0,9	  x0:0x00000000 x16=0x00000009
          11848	      5920	0010024c	f2d86ae3	bltu	x16,x13,100180	 x16:0x00000009 x13:0x00000000
          11850	      5921	00100250	03068e93	addi	x29,x13,48	 x13:0x00000000 x29=0x00000030
          11852	      5922	00100254	00020f37	lui	x30,0x20	 x30=0x00020000
          11854	      5923	00100258	01051f93	slli	x31,x10,0x10	 x10:0x0000000c x31=0x000c0000
          11858	      5925	0010025c	01df2023	sw	x29,0(x30)	 x30:0x00020000 x29:0x00000030 PA:0x00020000 store:0x00000030 load:0x00000000
          11860	      5926	00100260	01cfd793	srli	x15,x31,0x1c	 x31:0x000c0000 x15=0x00000000
          11862	      5927	00100264	00900713	addi	x14,x0,9	  x0:0x00000000 x14=0x00000009
          11864	      5928	00100268	f2f76ae3	bltu	x14,x15,10019c	 x14:0x00000009 x15:0x00000000
          11866	      5929	0010026c	03078393	addi	x7,x15,48	 x15:0x00000000  x7=0x00000030
          11868	      5930	00100270	000205b7	lui	x11,0x20	 x11=0x00020000
          11870	      5931	00100274	01451613	slli	x12,x10,0x14	 x10:0x0000000c x12=0x00c00000
          11874	      5933	00100278	0075a023	sw	x7,0(x11)	 x11:0x00020000  x7:0x00000030 PA:0x00020000 store:0x00000030 load:0x00000000
          11876	      5934	0010027c	01c65693	srli	x13,x12,0x1c	 x12:0x00c00000 x13=0x00000000
          11878	      5935	00100280	00900813	addi	x16,x0,9	  x0:0x00000000 x16=0x00000009
          11880	      5936	00100284	f2d86ae3	bltu	x16,x13,1001b8	 x16:0x00000009 x13:0x00000000
          11882	      5937	00100288	03068e93	addi	x29,x13,48	 x13:0x00000000 x29=0x00000030
          11884	      5938	0010028c	00020f37	lui	x30,0x20	 x30=0x00020000
          11886	      5939	00100290	01851f93	slli	x31,x10,0x18	 x10:0x0000000c x31=0x0c000000
          11890	      5941	00100294	01df2023	sw	x29,0(x30)	 x30:0x00020000 x29:0x00000030 PA:0x00020000 store:0x00000030 load:0x00000000
          11892	      5942	00100298	01cfd793	srli	x15,x31,0x1c	 x31:0x0c000000 x15=0x00000000
          11894	      5943	0010029c	00900713	addi	x14,x0,9	  x0:0x00000000 x14=0x00000009
          11896	      5944	001002a0	f2f76ae3	bltu	x14,x15,1001d4	 x14:0x00000009 x15:0x00000000
          11898	      5945	001002a4	03078393	addi	x7,x15,48	 x15:0x00000000  x7=0x00000030
          11900	      5946	001002a8	000205b7	lui	x11,0x20	 x11=0x00020000
          11904	      5948	001002ac	0075a023	sw	x7,0(x11)	 x11:0x00020000  x7:0x00000030 PA:0x00020000 store:0x00000030 load:0x00000000
          11906	      5949	001002b0	00f57513	andi	x10,x10,15	 x10:0x0000000c x10=0x0000000c
          11908	      5950	001002b4	00900613	addi	x12,x0,9	  x0:0x00000000 x12=0x00000009
          11910	      5951	001002b8	f2a67ae3	bgeu	x12,x10,1001ec	 x12:0x00000009 x10:0x0000000c
          11912	      5952	001002bc	03750693	addi	x13,x10,55	 x10:0x0000000c x13=0x00000043
          11914	      5953	001002c0	00020837	lui	x16,0x20	 x16=0x00020000
          11918	      5955	001002c4	00d82023	sw	x13,0(x16)	 x16:0x00020000 x13:0x00000043 PA:0x00020000 store:0x00000043 load:0x00000000
          11922	      5957	001002c8	00008067	jalr	x0,0(x1)	  x1:0x00101224  x0=0x00000000
          11924	      5958	00101224	a18b0513	addi	x10,x22,-1512	 x22:0x00102000 x10=0x00101a18
          11928	      5960	00101228	e79fe0ef	jal	x1,1000a0	  x1=0x0010122c
          11932	      5962	001000a0	00054803	lbu	x16,0(x10)	 x10:0x00101a18 x16=0x00000020 PA:0x00101a18 store:0x00000000
          11934	      5963	001000a4	06080663	beq	x16,x0,100110	 x16:0x00000020  x0:0x00000000
          11936	      5964	001000a8	000207b7	lui	x15,0x20	 x15=0x00020000
          11940	      5966	001000ac	0107a023	sw	x16,0(x15)	 x15:0x00020000 x16:0x00000020 PA:0x00020000 store:0x00000020 load:0x00000000
          11944	      5968	001000b0	00154703	lbu	x14,1(x10)	 x10:0x00101a18 x14=0x00000072 PA:0x00101a19 store:0x0010122c
          11946	      5969	001000b4	04070e63	beq	x14,x0,100110	 x14:0x00000072  x0:0x00000000
          11950	      5971	001000b8	00e7a023	sw	x14,0(x15)	 x15:0x00020000 x14:0x00000072 PA:0x00020000 store:0x00000072 load:0x00000000
          11954	      5973	001000bc	00254283	lbu	x5,2(x10)	 x10:0x00101a18  x5=0x00000065 PA:0x00101a1a store:0x00137fa0
          11956	      5974	001000c0	04028863	beq	x5,x0,100110	  x5:0x00000065  x0:0x00000000
          11960	      5976	001000c4	0057a023	sw	x5,0(x15)	 x15:0x00020000  x5:0x00000065 PA:0x00020000 store:0x00000065 load:0x00000000
          11964	      5978	001000c8	00354303	lbu	x6,3(x10)	 x10:0x00101a18  x6=0x00000073 PA:0x00101a1b store:0x00000000
          11966	      5979	001000cc	04030263	beq	x6,x0,100110	  x6:0x00000073  x0:0x00000000
          11970	      5981	001000d0	0067a023	sw	x6,0(x15)	 x15:0x00020000  x6:0x00000073 PA:0x00020000 store:0x00000073 load:0x00000000
          11974	      5983	001000d4	00454383	lbu	x7,4(x10)	 x10:0x00101a18  x7=0x00000075 PA:0x00101a1c store:0x00000000
          11976	      5984	001000d8	02038c63	beq	x7,x0,100110	  x7:0x00000075  x0:0x00000000
          11980	      5986	001000dc	0077a023	sw	x7,0(x15)	 x15:0x00020000  x7:0x00000075 PA:0x00020000 store:0x00000075 load:0x00000000
          11984	      5988	001000e0	00554583	lbu	x11,5(x10)	 x10:0x00101a18 x11=0x0000006c PA:0x00101a1d store:0x00000065
          11986	      5989	001000e4	02058663	beq	x11,x0,100110	 x11:0x0000006c  x0:0x00000000
          11990	      5991	001000e8	00b7a023	sw	x11,0(x15)	 x15:0x00020000 x11:0x0000006c PA:0x00020000 store:0x0000006c load:0x00000000
          11994	      5993	001000ec	00654603	lbu	x12,6(x10)	 x10:0x00101a18 x12=0x00000074 PA:0x00101a1e store:0x00000073
          11996	      5994	001000f0	02060063	beq	x12,x0,100110	 x12:0x00000074  x0:0x00000000
          12000	      5996	001000f4	00c7a023	sw	x12,0(x15)	 x15:0x00020000 x12:0x00000074 PA:0x00020000 store:0x00000074 load:0x00000000
          12004	      5998	001000f8	00754683	lbu	x13,7(x10)	 x10:0x00101a18 x13=0x0000003a PA:0x00101a1f store:0x00000075
          12006	      5999	001000fc	00850513	addi	x10,x10,8	 x10:0x00101a18 x10=0x00101a20
          12008	      6000	00100100	00068863	beq	x13,x0,100110	 x13:0x0000003a  x0:0x00000000
          12012	      6002	00100104	00d7a023	sw	x13,0(x15)	 x15:0x00020000 x13:0x0000003a PA:0x00020000 store:0x0000003a load:0x00000000
          12016	      6004	00100108	00054803	lbu	x16,0(x10)	 x10:0x00101a20 x16=0x00000020 PA:0x00101a20 store:0x00000000
          12020	      6006	0010010c	fa0810e3	bne	x16,x0,1000ac	 x16:0x00000020  x0:0x00000000
          12026	      6009	001000ac	0107a023	sw	x16,0(x15)	 x15:0x00020000 x16:0x00000020 PA:0x00020000 store:0x00000020 load:0x00000000
          12030	      6011	001000b0	00154703	lbu	x14,1(x10)	 x10:0x00101a20 x14=0x00000000 PA:0x00101a21 store:0x0010122c
          12034	      6013	001000b4	04070e63	beq	x14,x0,100110	 x14:0x00000000  x0:0x00000000
          12038	      6015	00100110	00000513	addi	x10,x0,0	  x0:0x00000000 x10=0x00000000
          12042	      6017	00100114	00008067	jalr	x0,0(x1)	  x1:0x0010122c  x0=0x00000000
          12046	      6019	0010122c	cf8a2503	lw	x10,-776(x20)	 x20:0x00102000 x10=0x16c2a62a PA:0x00101cf8 store:0x0000000c
          12048	      6020	00101230	001c0d93	addi	x27,x24,1	 x24:0x0000000c x27=0x0000000d
          12052	      6022	00101234	eedfe0ef	jal	x1,100120	  x1=0x00101238
          12054	      6023	00100120	01c55793	srli	x15,x10,0x1c	 x10:0x16c2a62a x15=0x00000001
          12056	      6024	00100124	00900713	addi	x14,x0,9	  x0:0x00000000 x14=0x00000009
          12060	      6026	00100128	0cf77a63	bgeu	x14,x15,1001fc	 x14:0x00000009 x15:0x00000001
          12064	      6028	001001fc	03078393	addi	x7,x15,48	 x15:0x00000001  x7=0x00000031
          12066	      6029	00100200	000205b7	lui	x11,0x20	 x11=0x00020000
          12068	      6030	00100204	00451613	slli	x12,x10,0x4	 x10:0x16c2a62a x12=0x6c2a62a0
          12072	      6032	00100208	0075a023	sw	x7,0(x11)	 x11:0x00020000  x7:0x00000031 PA:0x00020000 store:0x00000031 load:0x00000000
          12074	      6033	0010020c	01c65693	srli	x13,x12,0x1c	 x12:0x6c2a62a0 x13=0x00000006
          12076	      6034	00100210	00900813	addi	x16,x0,9	  x0:0x00000000 x16=0x00000009
          12078	      6035	00100214	f2d86ae3	bltu	x16,x13,100148	 x16:0x00000009 x13:0x00000006
          12080	      6036	00100218	03068e93	addi	x29,x13,48	 x13:0x00000006 x29=0x00000036
          12082	      6037	0010021c	00020f37	lui	x30,0x20	 x30=0x00020000
          12084	      6038	00100220	00851f93	slli	x31,x10,0x8	 x10:0x16c2a62a x31=0xc2a62a00
          12088	      6040	00100224	01df2023	sw	x29,0(x30)	 x30:0x00020000 x29:0x00000036 PA:0x00020000 store:0x00000036 load:0x00000000
          12090	      6041	00100228	01cfd793	srli	x15,x31,0x1c	 x31:0xc2a62a00 x15=0x0000000c
          12092	      6042	0010022c	00900713	addi	x14,x0,9	  x0:0x00000000 x14=0x00000009
          12096	      6044	00100230	f2f76ae3	bltu	x14,x15,100164	 x14:0x00000009 x15:0x0000000c
          12100	      6046	00100164	03778293	addi	x5,x15,55	 x15:0x0000000c  x5=0x00000043
          12102	      6047	00100168	00020337	lui	x6,0x20	  x6=0x00020000
          12104	      6048	0010016c	00c51613	slli	x12,x10,0xc	 x10:0x16c2a62a x12=0x2a62a000
          12108	      6050	00100170	00532023	sw	x5,0(x6)	  x6:0x00020000  x5:0x00000043 PA:0x00020000 store:0x00000043 load:0x00000000
          12110	      6051	00100174	01c65693	srli	x13,x12,0x1c	 x12:0x2a62a000 x13=0x00000002
          12112	      6052	00100178	00900813	addi	x16,x0,9	  x0:0x00000000 x16=0x00000009
          12116	      6054	0010017c	0cd87a63	bgeu	x16,x13,100250	 x16:0x00000009 x13:0x00000002
          12120	      6056	00100250	03068e93	addi	x29,x13,48	 x13:0x00000002 x29=0x00000032
          12122	      6057	00100254	00020f37	lui	x30,0x20	 x30=0x00020000
          12124	      6058	00100258	01051f93	slli	x31,x10,0x10	 x10:0x16c2a62a x31=0xa62a0000
          12128	      6060	0010025c	01df2023	sw	x29,0(x30)	 x30:0x00020000 x29:0x00000032 PA:0x00020000 store:0x00000032 load:0x00000000
          12130	      6061	00100260	01cfd793	srli	x15,x31,0x1c	 x31:0xa62a0000 x15=0x0000000a
          12132	      6062	00100264	00900713	addi	x14,x0,9	  x0:0x00000000 x14=0x00000009
          12136	      6064	00100268	f2f76ae3	bltu	x14,x15,10019c	 x14:0x00000009 x15:0x0000000a
          12140	      6066	0010019c	03778293	addi	x5,x15,55	 x15:0x0000000a  x5=0x00000041
          12142	      6067	001001a0	00020337	lui	x6,0x20	  x6=0x00020000
          12144	      6068	001001a4	01451613	slli	x12,x10,0x14	 x10:0x16c2a62a x12=0x62a00000
          12148	      6070	001001a8	00532023	sw	x5,0(x6)	  x6:0x00020000  x5:0x00000041 PA:0x00020000 store:0x00000041 load:0x00000000
          12150	      6071	001001ac	01c65693	srli	x13,x12,0x1c	 x12:0x62a00000 x13=0x00000006
          12152	      6072	001001b0	00900813	addi	x16,x0,9	  x0:0x00000000 x16=0x00000009
          12156	      6074	001001b4	0cd87a63	bgeu	x16,x13,100288	 x16:0x00000009 x13:0x00000006
          12160	      6076	00100288	03068e93	addi	x29,x13,48	 x13:0x00000006 x29=0x00000036
          12162	      6077	0010028c	00020f37	lui	x30,0x20	 x30=0x00020000
          12164	      6078	00100290	01851f93	slli	x31,x10,0x18	 x10:0x16c2a62a x31=0x2a000000
          12168	      6080	00100294	01df2023	sw	x29,0(x30)	 x30:0x00020000 x29:0x00000036 PA:0x00020000 store:0x00000036 load:0x00000000
          12170	      6081	00100298	01cfd793	srli	x15,x31,0x1c	 x31:0x2a000000 x15=0x00000002
          12172	      6082	0010029c	00900713	addi	x14,x0,9	  x0:0x00000000 x14=0x00000009
          12174	      6083	001002a0	f2f76ae3	bltu	x14,x15,1001d4	 x14:0x00000009 x15:0x00000002
          12176	      6084	001002a4	03078393	addi	x7,x15,48	 x15:0x00000002  x7=0x00000032
          12178	      6085	001002a8	000205b7	lui	x11,0x20	 x11=0x00020000
          12182	      6087	001002ac	0075a023	sw	x7,0(x11)	 x11:0x00020000  x7:0x00000032 PA:0x00020000 store:0x00000032 load:0x00000000
          12184	      6088	001002b0	00f57513	andi	x10,x10,15	 x10:0x16c2a62a x10=0x0000000a
          12186	      6089	001002b4	00900613	addi	x12,x0,9	  x0:0x00000000 x12=0x00000009
          12188	      6090	001002b8	f2a67ae3	bgeu	x12,x10,1001ec	 x12:0x00000009 x10:0x0000000a
          12190	      6091	001002bc	03750693	addi	x13,x10,55	 x10:0x0000000a x13=0x00000041
          12192	      6092	001002c0	00020837	lui	x16,0x20	 x16=0x00020000
          12196	      6094	001002c4	00d82023	sw	x13,0(x16)	 x16:0x00020000 x13:0x00000041 PA:0x00020000 store:0x00000041 load:0x00000000
          12210	      6101	001002c8	00008067	jalr	x0,0(x1)	  x1:0x00101238  x0=0x00000000
          12212	      6102	00101238	d089ae87	flw	f29,-760(x19)	 f19:0x00102000 f29=0x00000000 PA:0x00101d08 store:0x4598f2e4
          12214	      6103	0010123c	d24baf07	flw	f30,-732(x23)	 f23:0x00102000 f30=0x00000000 PA:0x00101d24 store:0x42f67c6a
          12236	      6114	00101240	a10a8513	addi	x10,x21,-1520	 x21:0x00102000 x10=0x00101a10
          12238	      6115	00101244	19eeffd3	fdiv.s	f31,f29,f30	 f29:0x00000036 f30:0x00020000 f31=0x00000000
          12244	      6118	00101248	d1f9a427	fsw	f31,-760(x19)	 f19:0x00102000 f31:0x2a000000 PA:0x00101d08 store:0x134a298a load:0x42f67c6a
          12252	      6122	0010124c	d089a007	flw	f0,-760(x19)	 f19:0x00102000  f0=0x00000000 PA:0x00101d08 store:0x4598f2e4
          12258	      6125	00101250	e0000e53	fmv.x.w	x28,f0	  f0:0x00000000 x28=0x134a298a
          12260	      6126	00101254	cfca2c23	sw	x28,-776(x20)	 x20:0x00102000 x28:0x134a298a PA:0x00101cf8 store:0x134a298a load:0x134a298a
          12264	      6128	00101258	e49fe0ef	jal	x1,1000a0	  x1=0x0010125c
          12268	      6130	001000a0	00054803	lbu	x16,0(x10)	 x10:0x00101a10 x16=0x0000000a PA:0x00101a10 store:0x00000000
          12270	      6131	001000a4	06080663	beq	x16,x0,100110	 x16:0x0000000a  x0:0x00000000
          12272	      6132	001000a8	000207b7	lui	x15,0x20	 x15=0x00020000
          12276	      6134	001000ac	0107a023	sw	x16,0(x15)	 x15:0x00020000 x16:0x0000000a PA:0x00020000 store:0x0000000a load:0x00000000
          12280	      6136	001000b0	00154703	lbu	x14,1(x10)	 x10:0x00101a10 x14=0x00000020 PA:0x00101a11 store:0x0010125c
          12282	      6137	001000b4	04070e63	beq	x14,x0,100110	 x14:0x00000020  x0:0x00000000
          12286	      6139	001000b8	00e7a023	sw	x14,0(x15)	 x15:0x00020000 x14:0x00000020 PA:0x00020000 store:0x00000020 load:0x00000000
          12290	      6141	001000bc	00254283	lbu	x5,2(x10)	 x10:0x00101a10  x5=0x00000069 PA:0x00101a12 store:0x00137fa0
          12292	      6142	001000c0	04028863	beq	x5,x0,100110	  x5:0x00000069  x0:0x00000000
          12296	      6144	001000c4	0057a023	sw	x5,0(x15)	 x15:0x00020000  x5:0x00000069 PA:0x00020000 store:0x00000069 load:0x00000000
          12300	      6146	001000c8	00354303	lbu	x6,3(x10)	 x10:0x00101a10  x6=0x0000003d PA:0x00101a13 store:0x00000000
          12302	      6147	001000cc	04030263	beq	x6,x0,100110	  x6:0x0000003d  x0:0x00000000
          12306	      6149	001000d0	0067a023	sw	x6,0(x15)	 x15:0x00020000  x6:0x0000003d PA:0x00020000 store:0x0000003d load:0x00000000
          12310	      6151	001000d4	00454383	lbu	x7,4(x10)	 x10:0x00101a10  x7=0x00000000 PA:0x00101a14 store:0x00000000
          12314	      6153	001000d8	02038c63	beq	x7,x0,100110	  x7:0x00000000  x0:0x00000000
          12318	      6155	00100110	00000513	addi	x10,x0,0	  x0:0x00000000 x10=0x00000000
          12322	      6157	00100114	00008067	jalr	x0,0(x1)	  x1:0x0010125c  x0=0x00000000
          12324	      6158	0010125c	000d8513	addi	x10,x27,0	 x27:0x0000000d x10=0x0000000d
          12328	      6160	00101260	ec1fe0ef	jal	x1,100120	  x1=0x00101264
          12330	      6161	00100120	01c55793	srli	x15,x10,0x1c	 x10:0x0000000d x15=0x00000000
          12332	      6162	00100124	00900713	addi	x14,x0,9	  x0:0x00000000 x14=0x00000009
          12336	      6164	00100128	0cf77a63	bgeu	x14,x15,1001fc	 x14:0x00000009 x15:0x00000000
          12340	      6166	001001fc	03078393	addi	x7,x15,48	 x15:0x00000000  x7=0x00000030
          12342	      6167	00100200	000205b7	lui	x11,0x20	 x11=0x00020000
          12344	      6168	00100204	00451613	slli	x12,x10,0x4	 x10:0x0000000d x12=0x000000d0
          12348	      6170	00100208	0075a023	sw	x7,0(x11)	 x11:0x00020000  x7:0x00000030 PA:0x00020000 store:0x00000030 load:0x00000000
          12350	      6171	0010020c	01c65693	srli	x13,x12,0x1c	 x12:0x000000d0 x13=0x00000000
          12352	      6172	00100210	00900813	addi	x16,x0,9	  x0:0x00000000 x16=0x00000009
          12354	      6173	00100214	f2d86ae3	bltu	x16,x13,100148	 x16:0x00000009 x13:0x00000000
          12356	      6174	00100218	03068e93	addi	x29,x13,48	 x13:0x00000000 x29=0x00000030
          12358	      6175	0010021c	00020f37	lui	x30,0x20	 x30=0x00020000
          12360	      6176	00100220	00851f93	slli	x31,x10,0x8	 x10:0x0000000d x31=0x00000d00
          12364	      6178	00100224	01df2023	sw	x29,0(x30)	 x30:0x00020000 x29:0x00000030 PA:0x00020000 store:0x00000030 load:0x00000000
          12366	      6179	00100228	01cfd793	srli	x15,x31,0x1c	 x31:0x00000d00 x15=0x00000000
          12368	      6180	0010022c	00900713	addi	x14,x0,9	  x0:0x00000000 x14=0x00000009
          12370	      6181	00100230	f2f76ae3	bltu	x14,x15,100164	 x14:0x00000009 x15:0x00000000
          12372	      6182	00100234	03078393	addi	x7,x15,48	 x15:0x00000000  x7=0x00000030
          12374	      6183	00100238	000205b7	lui	x11,0x20	 x11=0x00020000
          12376	      6184	0010023c	00c51613	slli	x12,x10,0xc	 x10:0x0000000d x12=0x0000d000
          12380	      6186	00100240	0075a023	sw	x7,0(x11)	 x11:0x00020000  x7:0x00000030 PA:0x00020000 store:0x00000030 load:0x00000000
          12382	      6187	00100244	01c65693	srli	x13,x12,0x1c	 x12:0x0000d000 x13=0x00000000
          12384	      6188	00100248	00900813	addi	x16,x0,9	  x0:0x00000000 x16=0x00000009
          12386	      6189	0010024c	f2d86ae3	bltu	x16,x13,100180	 x16:0x00000009 x13:0x00000000
          12388	      6190	00100250	03068e93	addi	x29,x13,48	 x13:0x00000000 x29=0x00000030
          12390	      6191	00100254	00020f37	lui	x30,0x20	 x30=0x00020000
          12392	      6192	00100258	01051f93	slli	x31,x10,0x10	 x10:0x0000000d x31=0x000d0000
          12396	      6194	0010025c	01df2023	sw	x29,0(x30)	 x30:0x00020000 x29:0x00000030 PA:0x00020000 store:0x00000030 load:0x00000000
          12398	      6195	00100260	01cfd793	srli	x15,x31,0x1c	 x31:0x000d0000 x15=0x00000000
          12400	      6196	00100264	00900713	addi	x14,x0,9	  x0:0x00000000 x14=0x00000009
          12402	      6197	00100268	f2f76ae3	bltu	x14,x15,10019c	 x14:0x00000009 x15:0x00000000
          12404	      6198	0010026c	03078393	addi	x7,x15,48	 x15:0x00000000  x7=0x00000030
          12406	      6199	00100270	000205b7	lui	x11,0x20	 x11=0x00020000
          12408	      6200	00100274	01451613	slli	x12,x10,0x14	 x10:0x0000000d x12=0x00d00000
          12412	      6202	00100278	0075a023	sw	x7,0(x11)	 x11:0x00020000  x7:0x00000030 PA:0x00020000 store:0x00000030 load:0x00000000
          12414	      6203	0010027c	01c65693	srli	x13,x12,0x1c	 x12:0x00d00000 x13=0x00000000
          12416	      6204	00100280	00900813	addi	x16,x0,9	  x0:0x00000000 x16=0x00000009
          12418	      6205	00100284	f2d86ae3	bltu	x16,x13,1001b8	 x16:0x00000009 x13:0x00000000
          12420	      6206	00100288	03068e93	addi	x29,x13,48	 x13:0x00000000 x29=0x00000030
          12422	      6207	0010028c	00020f37	lui	x30,0x20	 x30=0x00020000
          12424	      6208	00100290	01851f93	slli	x31,x10,0x18	 x10:0x0000000d x31=0x0d000000
          12428	      6210	00100294	01df2023	sw	x29,0(x30)	 x30:0x00020000 x29:0x00000030 PA:0x00020000 store:0x00000030 load:0x00000000
          12430	      6211	00100298	01cfd793	srli	x15,x31,0x1c	 x31:0x0d000000 x15=0x00000000
          12432	      6212	0010029c	00900713	addi	x14,x0,9	  x0:0x00000000 x14=0x00000009
          12434	      6213	001002a0	f2f76ae3	bltu	x14,x15,1001d4	 x14:0x00000009 x15:0x00000000
          12436	      6214	001002a4	03078393	addi	x7,x15,48	 x15:0x00000000  x7=0x00000030
          12438	      6215	001002a8	000205b7	lui	x11,0x20	 x11=0x00020000
          12442	      6217	001002ac	0075a023	sw	x7,0(x11)	 x11:0x00020000  x7:0x00000030 PA:0x00020000 store:0x00000030 load:0x00000000
          12444	      6218	001002b0	00f57513	andi	x10,x10,15	 x10:0x0000000d x10=0x0000000d
          12446	      6219	001002b4	00900613	addi	x12,x0,9	  x0:0x00000000 x12=0x00000009
          12448	      6220	001002b8	f2a67ae3	bgeu	x12,x10,1001ec	 x12:0x00000009 x10:0x0000000d
          12450	      6221	001002bc	03750693	addi	x13,x10,55	 x10:0x0000000d x13=0x00000044
          12452	      6222	001002c0	00020837	lui	x16,0x20	 x16=0x00020000
          12456	      6224	001002c4	00d82023	sw	x13,0(x16)	 x16:0x00020000 x13:0x00000044 PA:0x00020000 store:0x00000044 load:0x00000000
          12460	      6226	001002c8	00008067	jalr	x0,0(x1)	  x1:0x00101264  x0=0x00000000
          12462	      6227	00101264	a18b0513	addi	x10,x22,-1512	 x22:0x00102000 x10=0x00101a18
          12466	      6229	00101268	e39fe0ef	jal	x1,1000a0	  x1=0x0010126c
          12470	      6231	001000a0	00054803	lbu	x16,0(x10)	 x10:0x00101a18 x16=0x00000020 PA:0x00101a18 store:0x00000000
          12472	      6232	001000a4	06080663	beq	x16,x0,100110	 x16:0x00000020  x0:0x00000000
          12474	      6233	001000a8	000207b7	lui	x15,0x20	 x15=0x00020000
          12478	      6235	001000ac	0107a023	sw	x16,0(x15)	 x15:0x00020000 x16:0x00000020 PA:0x00020000 store:0x00000020 load:0x00000000
          12482	      6237	001000b0	00154703	lbu	x14,1(x10)	 x10:0x00101a18 x14=0x00000072 PA:0x00101a19 store:0x0010126c
          12484	      6238	001000b4	04070e63	beq	x14,x0,100110	 x14:0x00000072  x0:0x00000000
          12488	      6240	001000b8	00e7a023	sw	x14,0(x15)	 x15:0x00020000 x14:0x00000072 PA:0x00020000 store:0x00000072 load:0x00000000
          12492	      6242	001000bc	00254283	lbu	x5,2(x10)	 x10:0x00101a18  x5=0x00000065 PA:0x00101a1a store:0x00137fa0
          12494	      6243	001000c0	04028863	beq	x5,x0,100110	  x5:0x00000065  x0:0x00000000
          12498	      6245	001000c4	0057a023	sw	x5,0(x15)	 x15:0x00020000  x5:0x00000065 PA:0x00020000 store:0x00000065 load:0x00000000
          12502	      6247	001000c8	00354303	lbu	x6,3(x10)	 x10:0x00101a18  x6=0x00000073 PA:0x00101a1b store:0x00000000
          12504	      6248	001000cc	04030263	beq	x6,x0,100110	  x6:0x00000073  x0:0x00000000
          12508	      6250	001000d0	0067a023	sw	x6,0(x15)	 x15:0x00020000  x6:0x00000073 PA:0x00020000 store:0x00000073 load:0x00000000
          12512	      6252	001000d4	00454383	lbu	x7,4(x10)	 x10:0x00101a18  x7=0x00000075 PA:0x00101a1c store:0x00000000
          12514	      6253	001000d8	02038c63	beq	x7,x0,100110	  x7:0x00000075  x0:0x00000000
          12518	      6255	001000dc	0077a023	sw	x7,0(x15)	 x15:0x00020000  x7:0x00000075 PA:0x00020000 store:0x00000075 load:0x00000000
          12522	      6257	001000e0	00554583	lbu	x11,5(x10)	 x10:0x00101a18 x11=0x0000006c PA:0x00101a1d store:0x00000065
          12524	      6258	001000e4	02058663	beq	x11,x0,100110	 x11:0x0000006c  x0:0x00000000
          12528	      6260	001000e8	00b7a023	sw	x11,0(x15)	 x15:0x00020000 x11:0x0000006c PA:0x00020000 store:0x0000006c load:0x00000000
          12532	      6262	001000ec	00654603	lbu	x12,6(x10)	 x10:0x00101a18 x12=0x00000074 PA:0x00101a1e store:0x00000073
          12534	      6263	001000f0	02060063	beq	x12,x0,100110	 x12:0x00000074  x0:0x00000000
          12538	      6265	001000f4	00c7a023	sw	x12,0(x15)	 x15:0x00020000 x12:0x00000074 PA:0x00020000 store:0x00000074 load:0x00000000
          12542	      6267	001000f8	00754683	lbu	x13,7(x10)	 x10:0x00101a18 x13=0x0000003a PA:0x00101a1f store:0x00000075
          12544	      6268	001000fc	00850513	addi	x10,x10,8	 x10:0x00101a18 x10=0x00101a20
          12546	      6269	00100100	00068863	beq	x13,x0,100110	 x13:0x0000003a  x0:0x00000000
          12550	      6271	00100104	00d7a023	sw	x13,0(x15)	 x15:0x00020000 x13:0x0000003a PA:0x00020000 store:0x0000003a load:0x00000000
          12554	      6273	00100108	00054803	lbu	x16,0(x10)	 x10:0x00101a20 x16=0x00000020 PA:0x00101a20 store:0x00000000
          12558	      6275	0010010c	fa0810e3	bne	x16,x0,1000ac	 x16:0x00000020  x0:0x00000000
          12564	      6278	001000ac	0107a023	sw	x16,0(x15)	 x15:0x00020000 x16:0x00000020 PA:0x00020000 store:0x00000020 load:0x00000000
          12568	      6280	001000b0	00154703	lbu	x14,1(x10)	 x10:0x00101a20 x14=0x00000000 PA:0x00101a21 store:0x0010126c
          12572	      6282	001000b4	04070e63	beq	x14,x0,100110	 x14:0x00000000  x0:0x00000000
          12576	      6284	00100110	00000513	addi	x10,x0,0	  x0:0x00000000 x10=0x00000000
          12580	      6286	00100114	00008067	jalr	x0,0(x1)	  x1:0x0010126c  x0=0x00000000
          12584	      6288	0010126c	cf8a2503	lw	x10,-776(x20)	 x20:0x00102000 x10=0x134a298a PA:0x00101cf8 store:0x0000000c
          12586	      6289	00101270	002c0d93	addi	x27,x24,2	 x24:0x0000000c x27=0x0000000e
          12590	      6291	00101274	eadfe0ef	jal	x1,100120	  x1=0x00101278
          12592	      6292	00100120	01c55793	srli	x15,x10,0x1c	 x10:0x134a298a x15=0x00000001
          12594	      6293	00100124	00900713	addi	x14,x0,9	  x0:0x00000000 x14=0x00000009
          12598	      6295	00100128	0cf77a63	bgeu	x14,x15,1001fc	 x14:0x00000009 x15:0x00000001
          12602	      6297	001001fc	03078393	addi	x7,x15,48	 x15:0x00000001  x7=0x00000031
          12604	      6298	00100200	000205b7	lui	x11,0x20	 x11=0x00020000
          12606	      6299	00100204	00451613	slli	x12,x10,0x4	 x10:0x134a298a x12=0x34a298a0
          12610	      6301	00100208	0075a023	sw	x7,0(x11)	 x11:0x00020000  x7:0x00000031 PA:0x00020000 store:0x00000031 load:0x00000000
          12612	      6302	0010020c	01c65693	srli	x13,x12,0x1c	 x12:0x34a298a0 x13=0x00000003
          12614	      6303	00100210	00900813	addi	x16,x0,9	  x0:0x00000000 x16=0x00000009
          12616	      6304	00100214	f2d86ae3	bltu	x16,x13,100148	 x16:0x00000009 x13:0x00000003
          12618	      6305	00100218	03068e93	addi	x29,x13,48	 x13:0x00000003 x29=0x00000033
          12620	      6306	0010021c	00020f37	lui	x30,0x20	 x30=0x00020000
          12622	      6307	00100220	00851f93	slli	x31,x10,0x8	 x10:0x134a298a x31=0x4a298a00
          12626	      6309	00100224	01df2023	sw	x29,0(x30)	 x30:0x00020000 x29:0x00000033 PA:0x00020000 store:0x00000033 load:0x00000000
          12628	      6310	00100228	01cfd793	srli	x15,x31,0x1c	 x31:0x4a298a00 x15=0x00000004
          12630	      6311	0010022c	00900713	addi	x14,x0,9	  x0:0x00000000 x14=0x00000009
          12632	      6312	00100230	f2f76ae3	bltu	x14,x15,100164	 x14:0x00000009 x15:0x00000004
          12634	      6313	00100234	03078393	addi	x7,x15,48	 x15:0x00000004  x7=0x00000034
          12636	      6314	00100238	000205b7	lui	x11,0x20	 x11=0x00020000
          12638	      6315	0010023c	00c51613	slli	x12,x10,0xc	 x10:0x134a298a x12=0xa298a000
          12642	      6317	00100240	0075a023	sw	x7,0(x11)	 x11:0x00020000  x7:0x00000034 PA:0x00020000 store:0x00000034 load:0x00000000
          12644	      6318	00100244	01c65693	srli	x13,x12,0x1c	 x12:0xa298a000 x13=0x0000000a
          12646	      6319	00100248	00900813	addi	x16,x0,9	  x0:0x00000000 x16=0x00000009
          12650	      6321	0010024c	f2d86ae3	bltu	x16,x13,100180	 x16:0x00000009 x13:0x0000000a
          12654	      6323	00100180	03768893	addi	x17,x13,55	 x13:0x0000000a x17=0x00000041
          12656	      6324	00100184	00020e37	lui	x28,0x20	 x28=0x00020000
          12658	      6325	00100188	01051f93	slli	x31,x10,0x10	 x10:0x134a298a x31=0x298a0000
          12662	      6327	0010018c	011e2023	sw	x17,0(x28)	 x28:0x00020000 x17:0x00000041 PA:0x00020000 store:0x00000041 load:0x00000000
          12664	      6328	00100190	01cfd793	srli	x15,x31,0x1c	 x31:0x298a0000 x15=0x00000002
          12666	      6329	00100194	00900713	addi	x14,x0,9	  x0:0x00000000 x14=0x00000009
          12670	      6331	00100198	0cf77a63	bgeu	x14,x15,10026c	 x14:0x00000009 x15:0x00000002
          12674	      6333	0010026c	03078393	addi	x7,x15,48	 x15:0x00000002  x7=0x00000032
          12676	      6334	00100270	000205b7	lui	x11,0x20	 x11=0x00020000
          12678	      6335	00100274	01451613	slli	x12,x10,0x14	 x10:0x134a298a x12=0x98a00000
          12682	      6337	00100278	0075a023	sw	x7,0(x11)	 x11:0x00020000  x7:0x00000032 PA:0x00020000 store:0x00000032 load:0x00000000
          12684	      6338	0010027c	01c65693	srli	x13,x12,0x1c	 x12:0x98a00000 x13=0x00000009
          12686	      6339	00100280	00900813	addi	x16,x0,9	  x0:0x00000000 x16=0x00000009
          12688	      6340	00100284	f2d86ae3	bltu	x16,x13,1001b8	 x16:0x00000009 x13:0x00000009
          12690	      6341	00100288	03068e93	addi	x29,x13,48	 x13:0x00000009 x29=0x00000039
          12692	      6342	0010028c	00020f37	lui	x30,0x20	 x30=0x00020000
          12694	      6343	00100290	01851f93	slli	x31,x10,0x18	 x10:0x134a298a x31=0x8a000000
          12698	      6345	00100294	01df2023	sw	x29,0(x30)	 x30:0x00020000 x29:0x00000039 PA:0x00020000 store:0x00000039 load:0x00000000
          12700	      6346	00100298	01cfd793	srli	x15,x31,0x1c	 x31:0x8a000000 x15=0x00000008
          12702	      6347	0010029c	00900713	addi	x14,x0,9	  x0:0x00000000 x14=0x00000009
          12704	      6348	001002a0	f2f76ae3	bltu	x14,x15,1001d4	 x14:0x00000009 x15:0x00000008
          12706	      6349	001002a4	03078393	addi	x7,x15,48	 x15:0x00000008  x7=0x00000038
          12708	      6350	001002a8	000205b7	lui	x11,0x20	 x11=0x00020000
          12712	      6352	001002ac	0075a023	sw	x7,0(x11)	 x11:0x00020000  x7:0x00000038 PA:0x00020000 store:0x00000038 load:0x00000000
          12714	      6353	001002b0	00f57513	andi	x10,x10,15	 x10:0x134a298a x10=0x0000000a
          12716	      6354	001002b4	00900613	addi	x12,x0,9	  x0:0x00000000 x12=0x00000009
          12718	      6355	001002b8	f2a67ae3	bgeu	x12,x10,1001ec	 x12:0x00000009 x10:0x0000000a
          12720	      6356	001002bc	03750693	addi	x13,x10,55	 x10:0x0000000a x13=0x00000041
          12722	      6357	001002c0	00020837	lui	x16,0x20	 x16=0x00020000
          12726	      6359	001002c4	00d82023	sw	x13,0(x16)	 x16:0x00020000 x13:0x00000041 PA:0x00020000 store:0x00000041 load:0x00000000
          12740	      6366	001002c8	00008067	jalr	x0,0(x1)	  x1:0x00101278  x0=0x00000000
          12742	      6367	00101278	d089a087	flw	f1,-760(x19)	 f19:0x00102000  f1=0x00000000 PA:0x00101d08 store:0x4598f2e4
          12744	      6368	0010127c	d24ba107	flw	f2,-732(x23)	 f23:0x00102000  f2=0x00000000 PA:0x00101d24 store:0x42f67c6a
          12766	      6379	00101280	a10a8513	addi	x10,x21,-1520	 x21:0x00102000 x10=0x00101a10
          12768	      6380	00101284	1820f753	fdiv.s	f14,f1,f2	  f1:0x00101278  f2:0x00137fa0 f14=0x00000000
          12774	      6383	00101288	d0e9a427	fsw	f14,-760(x19)	 f19:0x00102000 f14:0x00000009 PA:0x00101d08 store:0x0fd1f727 load:0x42f67c6a
          12782	      6387	0010128c	d089a787	flw	f15,-760(x19)	 f19:0x00102000 f15=0x00000000 PA:0x00101d08 store:0x4598f2e4
          12788	      6390	00101290	e0078ed3	fmv.x.w	x29,f15	 f15:0x00000008 x29=0x0fd1f727
          12790	      6391	00101294	cfda2c23	sw	x29,-776(x20)	 x20:0x00102000 x29:0x0fd1f727 PA:0x00101cf8 store:0x0fd1f727 load:0x0fd1f727
          12794	      6393	00101298	e09fe0ef	jal	x1,1000a0	  x1=0x0010129c
          12798	      6395	001000a0	00054803	lbu	x16,0(x10)	 x10:0x00101a10 x16=0x0000000a PA:0x00101a10 store:0x00000000
          12800	      6396	001000a4	06080663	beq	x16,x0,100110	 x16:0x0000000a  x0:0x00000000
          12802	      6397	001000a8	000207b7	lui	x15,0x20	 x15=0x00020000
          12806	      6399	001000ac	0107a023	sw	x16,0(x15)	 x15:0x00020000 x16:0x0000000a PA:0x00020000 store:0x0000000a load:0x00000000
          12810	      6401	001000b0	00154703	lbu	x14,1(x10)	 x10:0x00101a10 x14=0x00000020 PA:0x00101a11 store:0x0010129c
          12812	      6402	001000b4	04070e63	beq	x14,x0,100110	 x14:0x00000020  x0:0x00000000
          12816	      6404	001000b8	00e7a023	sw	x14,0(x15)	 x15:0x00020000 x14:0x00000020 PA:0x00020000 store:0x00000020 load:0x00000000
          12820	      6406	001000bc	00254283	lbu	x5,2(x10)	 x10:0x00101a10  x5=0x00000069 PA:0x00101a12 store:0x00137fa0
          12822	      6407	001000c0	04028863	beq	x5,x0,100110	  x5:0x00000069  x0:0x00000000
          12826	      6409	001000c4	0057a023	sw	x5,0(x15)	 x15:0x00020000  x5:0x00000069 PA:0x00020000 store:0x00000069 load:0x00000000
          12830	      6411	001000c8	00354303	lbu	x6,3(x10)	 x10:0x00101a10  x6=0x0000003d PA:0x00101a13 store:0x00000000
          12832	      6412	001000cc	04030263	beq	x6,x0,100110	  x6:0x0000003d  x0:0x00000000
          12836	      6414	001000d0	0067a023	sw	x6,0(x15)	 x15:0x00020000  x6:0x0000003d PA:0x00020000 store:0x0000003d load:0x00000000
          12840	      6416	001000d4	00454383	lbu	x7,4(x10)	 x10:0x00101a10  x7=0x00000000 PA:0x00101a14 store:0x00000000
          12844	      6418	001000d8	02038c63	beq	x7,x0,100110	  x7:0x00000000  x0:0x00000000
          12848	      6420	00100110	00000513	addi	x10,x0,0	  x0:0x00000000 x10=0x00000000
          12852	      6422	00100114	00008067	jalr	x0,0(x1)	  x1:0x0010129c  x0=0x00000000
          12854	      6423	0010129c	000d8513	addi	x10,x27,0	 x27:0x0000000e x10=0x0000000e
          12858	      6425	001012a0	e81fe0ef	jal	x1,100120	  x1=0x001012a4
          12860	      6426	00100120	01c55793	srli	x15,x10,0x1c	 x10:0x0000000e x15=0x00000000
          12862	      6427	00100124	00900713	addi	x14,x0,9	  x0:0x00000000 x14=0x00000009
          12866	      6429	00100128	0cf77a63	bgeu	x14,x15,1001fc	 x14:0x00000009 x15:0x00000000
          12870	      6431	001001fc	03078393	addi	x7,x15,48	 x15:0x00000000  x7=0x00000030
          12872	      6432	00100200	000205b7	lui	x11,0x20	 x11=0x00020000
          12874	      6433	00100204	00451613	slli	x12,x10,0x4	 x10:0x0000000e x12=0x000000e0
          12878	      6435	00100208	0075a023	sw	x7,0(x11)	 x11:0x00020000  x7:0x00000030 PA:0x00020000 store:0x00000030 load:0x00000000
          12880	      6436	0010020c	01c65693	srli	x13,x12,0x1c	 x12:0x000000e0 x13=0x00000000
          12882	      6437	00100210	00900813	addi	x16,x0,9	  x0:0x00000000 x16=0x00000009
          12884	      6438	00100214	f2d86ae3	bltu	x16,x13,100148	 x16:0x00000009 x13:0x00000000
          12886	      6439	00100218	03068e93	addi	x29,x13,48	 x13:0x00000000 x29=0x00000030
          12888	      6440	0010021c	00020f37	lui	x30,0x20	 x30=0x00020000
          12890	      6441	00100220	00851f93	slli	x31,x10,0x8	 x10:0x0000000e x31=0x00000e00
          12894	      6443	00100224	01df2023	sw	x29,0(x30)	 x30:0x00020000 x29:0x00000030 PA:0x00020000 store:0x00000030 load:0x00000000
          12896	      6444	00100228	01cfd793	srli	x15,x31,0x1c	 x31:0x00000e00 x15=0x00000000
          12898	      6445	0010022c	00900713	addi	x14,x0,9	  x0:0x00000000 x14=0x00000009
          12900	      6446	00100230	f2f76ae3	bltu	x14,x15,100164	 x14:0x00000009 x15:0x00000000
          12902	      6447	00100234	03078393	addi	x7,x15,48	 x15:0x00000000  x7=0x00000030
          12904	      6448	00100238	000205b7	lui	x11,0x20	 x11=0x00020000
          12906	      6449	0010023c	00c51613	slli	x12,x10,0xc	 x10:0x0000000e x12=0x0000e000
          12910	      6451	00100240	0075a023	sw	x7,0(x11)	 x11:0x00020000  x7:0x00000030 PA:0x00020000 store:0x00000030 load:0x00000000
          12912	      6452	00100244	01c65693	srli	x13,x12,0x1c	 x12:0x0000e000 x13=0x00000000
          12914	      6453	00100248	00900813	addi	x16,x0,9	  x0:0x00000000 x16=0x00000009
          12916	      6454	0010024c	f2d86ae3	bltu	x16,x13,100180	 x16:0x00000009 x13:0x00000000
          12918	      6455	00100250	03068e93	addi	x29,x13,48	 x13:0x00000000 x29=0x00000030
          12920	      6456	00100254	00020f37	lui	x30,0x20	 x30=0x00020000
          12922	      6457	00100258	01051f93	slli	x31,x10,0x10	 x10:0x0000000e x31=0x000e0000
          12926	      6459	0010025c	01df2023	sw	x29,0(x30)	 x30:0x00020000 x29:0x00000030 PA:0x00020000 store:0x00000030 load:0x00000000
          12928	      6460	00100260	01cfd793	srli	x15,x31,0x1c	 x31:0x000e0000 x15=0x00000000
          12930	      6461	00100264	00900713	addi	x14,x0,9	  x0:0x00000000 x14=0x00000009
          12932	      6462	00100268	f2f76ae3	bltu	x14,x15,10019c	 x14:0x00000009 x15:0x00000000
          12934	      6463	0010026c	03078393	addi	x7,x15,48	 x15:0x00000000  x7=0x00000030
          12936	      6464	00100270	000205b7	lui	x11,0x20	 x11=0x00020000
          12938	      6465	00100274	01451613	slli	x12,x10,0x14	 x10:0x0000000e x12=0x00e00000
          12942	      6467	00100278	0075a023	sw	x7,0(x11)	 x11:0x00020000  x7:0x00000030 PA:0x00020000 store:0x00000030 load:0x00000000
          12944	      6468	0010027c	01c65693	srli	x13,x12,0x1c	 x12:0x00e00000 x13=0x00000000
          12946	      6469	00100280	00900813	addi	x16,x0,9	  x0:0x00000000 x16=0x00000009
          12948	      6470	00100284	f2d86ae3	bltu	x16,x13,1001b8	 x16:0x00000009 x13:0x00000000
          12950	      6471	00100288	03068e93	addi	x29,x13,48	 x13:0x00000000 x29=0x00000030
          12952	      6472	0010028c	00020f37	lui	x30,0x20	 x30=0x00020000
          12954	      6473	00100290	01851f93	slli	x31,x10,0x18	 x10:0x0000000e x31=0x0e000000
          12958	      6475	00100294	01df2023	sw	x29,0(x30)	 x30:0x00020000 x29:0x00000030 PA:0x00020000 store:0x00000030 load:0x00000000
          12960	      6476	00100298	01cfd793	srli	x15,x31,0x1c	 x31:0x0e000000 x15=0x00000000
          12962	      6477	0010029c	00900713	addi	x14,x0,9	  x0:0x00000000 x14=0x00000009
          12964	      6478	001002a0	f2f76ae3	bltu	x14,x15,1001d4	 x14:0x00000009 x15:0x00000000
          12966	      6479	001002a4	03078393	addi	x7,x15,48	 x15:0x00000000  x7=0x00000030
          12968	      6480	001002a8	000205b7	lui	x11,0x20	 x11=0x00020000
          12972	      6482	001002ac	0075a023	sw	x7,0(x11)	 x11:0x00020000  x7:0x00000030 PA:0x00020000 store:0x00000030 load:0x00000000
          12974	      6483	001002b0	00f57513	andi	x10,x10,15	 x10:0x0000000e x10=0x0000000e
          12976	      6484	001002b4	00900613	addi	x12,x0,9	  x0:0x00000000 x12=0x00000009
          12978	      6485	001002b8	f2a67ae3	bgeu	x12,x10,1001ec	 x12:0x00000009 x10:0x0000000e
          12980	      6486	001002bc	03750693	addi	x13,x10,55	 x10:0x0000000e x13=0x00000045
          12982	      6487	001002c0	00020837	lui	x16,0x20	 x16=0x00020000
          12986	      6489	001002c4	00d82023	sw	x13,0(x16)	 x16:0x00020000 x13:0x00000045 PA:0x00020000 store:0x00000045 load:0x00000000
          12990	      6491	001002c8	00008067	jalr	x0,0(x1)	  x1:0x001012a4  x0=0x00000000
          12992	      6492	001012a4	a18b0513	addi	x10,x22,-1512	 x22:0x00102000 x10=0x00101a18
          12996	      6494	001012a8	df9fe0ef	jal	x1,1000a0	  x1=0x001012ac
          13000	      6496	001000a0	00054803	lbu	x16,0(x10)	 x10:0x00101a18 x16=0x00000020 PA:0x00101a18 store:0x00000000
          13002	      6497	001000a4	06080663	beq	x16,x0,100110	 x16:0x00000020  x0:0x00000000
          13004	      6498	001000a8	000207b7	lui	x15,0x20	 x15=0x00020000
          13008	      6500	001000ac	0107a023	sw	x16,0(x15)	 x15:0x00020000 x16:0x00000020 PA:0x00020000 store:0x00000020 load:0x00000000
          13012	      6502	001000b0	00154703	lbu	x14,1(x10)	 x10:0x00101a18 x14=0x00000072 PA:0x00101a19 store:0x001012ac
          13014	      6503	001000b4	04070e63	beq	x14,x0,100110	 x14:0x00000072  x0:0x00000000
          13018	      6505	001000b8	00e7a023	sw	x14,0(x15)	 x15:0x00020000 x14:0x00000072 PA:0x00020000 store:0x00000072 load:0x00000000
          13022	      6507	001000bc	00254283	lbu	x5,2(x10)	 x10:0x00101a18  x5=0x00000065 PA:0x00101a1a store:0x00137fa0
          13024	      6508	001000c0	04028863	beq	x5,x0,100110	  x5:0x00000065  x0:0x00000000
          13028	      6510	001000c4	0057a023	sw	x5,0(x15)	 x15:0x00020000  x5:0x00000065 PA:0x00020000 store:0x00000065 load:0x00000000
          13032	      6512	001000c8	00354303	lbu	x6,3(x10)	 x10:0x00101a18  x6=0x00000073 PA:0x00101a1b store:0x00000000
          13034	      6513	001000cc	04030263	beq	x6,x0,100110	  x6:0x00000073  x0:0x00000000
          13038	      6515	001000d0	0067a023	sw	x6,0(x15)	 x15:0x00020000  x6:0x00000073 PA:0x00020000 store:0x00000073 load:0x00000000
          13042	      6517	001000d4	00454383	lbu	x7,4(x10)	 x10:0x00101a18  x7=0x00000075 PA:0x00101a1c store:0x00000000
          13044	      6518	001000d8	02038c63	beq	x7,x0,100110	  x7:0x00000075  x0:0x00000000
          13048	      6520	001000dc	0077a023	sw	x7,0(x15)	 x15:0x00020000  x7:0x00000075 PA:0x00020000 store:0x00000075 load:0x00000000
          13052	      6522	001000e0	00554583	lbu	x11,5(x10)	 x10:0x00101a18 x11=0x0000006c PA:0x00101a1d store:0x00000065
          13054	      6523	001000e4	02058663	beq	x11,x0,100110	 x11:0x0000006c  x0:0x00000000
          13058	      6525	001000e8	00b7a023	sw	x11,0(x15)	 x15:0x00020000 x11:0x0000006c PA:0x00020000 store:0x0000006c load:0x00000000
          13062	      6527	001000ec	00654603	lbu	x12,6(x10)	 x10:0x00101a18 x12=0x00000074 PA:0x00101a1e store:0x00000073
          13064	      6528	001000f0	02060063	beq	x12,x0,100110	 x12:0x00000074  x0:0x00000000
          13068	      6530	001000f4	00c7a023	sw	x12,0(x15)	 x15:0x00020000 x12:0x00000074 PA:0x00020000 store:0x00000074 load:0x00000000
          13072	      6532	001000f8	00754683	lbu	x13,7(x10)	 x10:0x00101a18 x13=0x0000003a PA:0x00101a1f store:0x00000075
          13074	      6533	001000fc	00850513	addi	x10,x10,8	 x10:0x00101a18 x10=0x00101a20
          13076	      6534	00100100	00068863	beq	x13,x0,100110	 x13:0x0000003a  x0:0x00000000
          13080	      6536	00100104	00d7a023	sw	x13,0(x15)	 x15:0x00020000 x13:0x0000003a PA:0x00020000 store:0x0000003a load:0x00000000
          13084	      6538	00100108	00054803	lbu	x16,0(x10)	 x10:0x00101a20 x16=0x00000020 PA:0x00101a20 store:0x00000000
          13088	      6540	0010010c	fa0810e3	bne	x16,x0,1000ac	 x16:0x00000020  x0:0x00000000
          13094	      6543	001000ac	0107a023	sw	x16,0(x15)	 x15:0x00020000 x16:0x00000020 PA:0x00020000 store:0x00000020 load:0x00000000
          13098	      6545	001000b0	00154703	lbu	x14,1(x10)	 x10:0x00101a20 x14=0x00000000 PA:0x00101a21 store:0x001012ac
          13102	      6547	001000b4	04070e63	beq	x14,x0,100110	 x14:0x00000000  x0:0x00000000
          13106	      6549	00100110	00000513	addi	x10,x0,0	  x0:0x00000000 x10=0x00000000
          13110	      6551	00100114	00008067	jalr	x0,0(x1)	  x1:0x001012ac  x0=0x00000000
          13114	      6553	001012ac	cf8a2503	lw	x10,-776(x20)	 x20:0x00102000 x10=0x0fd1f727 PA:0x00101cf8 store:0x0000000c
          13116	      6554	001012b0	003c0d93	addi	x27,x24,3	 x24:0x0000000c x27=0x0000000f
          13118	      6555	001012b4	004c0c13	addi	x24,x24,4	 x24:0x0000000c x24=0x00000010
          13122	      6557	001012b8	e69fe0ef	jal	x1,100120	  x1=0x001012bc
          13124	      6558	00100120	01c55793	srli	x15,x10,0x1c	 x10:0x0fd1f727 x15=0x00000000
          13126	      6559	00100124	00900713	addi	x14,x0,9	  x0:0x00000000 x14=0x00000009
          13130	      6561	00100128	0cf77a63	bgeu	x14,x15,1001fc	 x14:0x00000009 x15:0x00000000
          13134	      6563	001001fc	03078393	addi	x7,x15,48	 x15:0x00000000  x7=0x00000030
          13136	      6564	00100200	000205b7	lui	x11,0x20	 x11=0x00020000
          13138	      6565	00100204	00451613	slli	x12,x10,0x4	 x10:0x0fd1f727 x12=0xfd1f7270
          13142	      6567	00100208	0075a023	sw	x7,0(x11)	 x11:0x00020000  x7:0x00000030 PA:0x00020000 store:0x00000030 load:0x00000000
          13144	      6568	0010020c	01c65693	srli	x13,x12,0x1c	 x12:0xfd1f7270 x13=0x0000000f
          13146	      6569	00100210	00900813	addi	x16,x0,9	  x0:0x00000000 x16=0x00000009
          13150	      6571	00100214	f2d86ae3	bltu	x16,x13,100148	 x16:0x00000009 x13:0x0000000f
          13154	      6573	00100148	03768893	addi	x17,x13,55	 x13:0x0000000f x17=0x00000046
          13156	      6574	0010014c	00020e37	lui	x28,0x20	 x28=0x00020000
          13158	      6575	00100150	00851f93	slli	x31,x10,0x8	 x10:0x0fd1f727 x31=0xd1f72700
          13162	      6577	00100154	011e2023	sw	x17,0(x28)	 x28:0x00020000 x17:0x00000046 PA:0x00020000 store:0x00000046 load:0x00000000
          13164	      6578	00100158	01cfd793	srli	x15,x31,0x1c	 x31:0xd1f72700 x15=0x0000000d
          13166	      6579	0010015c	00900713	addi	x14,x0,9	  x0:0x00000000 x14=0x00000009
          13168	      6580	00100160	0cf77a63	bgeu	x14,x15,100234	 x14:0x00000009 x15:0x0000000d
          13170	      6581	00100164	03778293	addi	x5,x15,55	 x15:0x0000000d  x5=0x00000044
          13172	      6582	00100168	00020337	lui	x6,0x20	  x6=0x00020000
          13174	      6583	0010016c	00c51613	slli	x12,x10,0xc	 x10:0x0fd1f727 x12=0x1f727000
          13178	      6585	00100170	00532023	sw	x5,0(x6)	  x6:0x00020000  x5:0x00000044 PA:0x00020000 store:0x00000044 load:0x00000000
          13180	      6586	00100174	01c65693	srli	x13,x12,0x1c	 x12:0x1f727000 x13=0x00000001
          13182	      6587	00100178	00900813	addi	x16,x0,9	  x0:0x00000000 x16=0x00000009
          13186	      6589	0010017c	0cd87a63	bgeu	x16,x13,100250	 x16:0x00000009 x13:0x00000001
          13190	      6591	00100250	03068e93	addi	x29,x13,48	 x13:0x00000001 x29=0x00000031
          13192	      6592	00100254	00020f37	lui	x30,0x20	 x30=0x00020000
          13194	      6593	00100258	01051f93	slli	x31,x10,0x10	 x10:0x0fd1f727 x31=0xf7270000
          13198	      6595	0010025c	01df2023	sw	x29,0(x30)	 x30:0x00020000 x29:0x00000031 PA:0x00020000 store:0x00000031 load:0x00000000
          13200	      6596	00100260	01cfd793	srli	x15,x31,0x1c	 x31:0xf7270000 x15=0x0000000f
          13202	      6597	00100264	00900713	addi	x14,x0,9	  x0:0x00000000 x14=0x00000009
          13206	      6599	00100268	f2f76ae3	bltu	x14,x15,10019c	 x14:0x00000009 x15:0x0000000f
          13210	      6601	0010019c	03778293	addi	x5,x15,55	 x15:0x0000000f  x5=0x00000046
          13212	      6602	001001a0	00020337	lui	x6,0x20	  x6=0x00020000
          13214	      6603	001001a4	01451613	slli	x12,x10,0x14	 x10:0x0fd1f727 x12=0x72700000
          13218	      6605	001001a8	00532023	sw	x5,0(x6)	  x6:0x00020000  x5:0x00000046 PA:0x00020000 store:0x00000046 load:0x00000000
          13220	      6606	001001ac	01c65693	srli	x13,x12,0x1c	 x12:0x72700000 x13=0x00000007
          13222	      6607	001001b0	00900813	addi	x16,x0,9	  x0:0x00000000 x16=0x00000009
          13226	      6609	001001b4	0cd87a63	bgeu	x16,x13,100288	 x16:0x00000009 x13:0x00000007
          13230	      6611	00100288	03068e93	addi	x29,x13,48	 x13:0x00000007 x29=0x00000037
          13232	      6612	0010028c	00020f37	lui	x30,0x20	 x30=0x00020000
          13234	      6613	00100290	01851f93	slli	x31,x10,0x18	 x10:0x0fd1f727 x31=0x27000000
          13238	      6615	00100294	01df2023	sw	x29,0(x30)	 x30:0x00020000 x29:0x00000037 PA:0x00020000 store:0x00000037 load:0x00000000
          13240	      6616	00100298	01cfd793	srli	x15,x31,0x1c	 x31:0x27000000 x15=0x00000002
          13242	      6617	0010029c	00900713	addi	x14,x0,9	  x0:0x00000000 x14=0x00000009
          13244	      6618	001002a0	f2f76ae3	bltu	x14,x15,1001d4	 x14:0x00000009 x15:0x00000002
          13246	      6619	001002a4	03078393	addi	x7,x15,48	 x15:0x00000002  x7=0x00000032
          13248	      6620	001002a8	000205b7	lui	x11,0x20	 x11=0x00020000
          13252	      6622	001002ac	0075a023	sw	x7,0(x11)	 x11:0x00020000  x7:0x00000032 PA:0x00020000 store:0x00000032 load:0x00000000
          13254	      6623	001002b0	00f57513	andi	x10,x10,15	 x10:0x0fd1f727 x10=0x00000007
          13256	      6624	001002b4	00900613	addi	x12,x0,9	  x0:0x00000000 x12=0x00000009
          13260	      6626	001002b8	f2a67ae3	bgeu	x12,x10,1001ec	 x12:0x00000009 x10:0x00000007
          13264	      6628	001001ec	03050893	addi	x17,x10,48	 x10:0x00000007 x17=0x00000037
          13266	      6629	001001f0	00020e37	lui	x28,0x20	 x28=0x00020000
          13270	      6631	001001f4	011e2023	sw	x17,0(x28)	 x28:0x00020000 x17:0x00000037 PA:0x00020000 store:0x00000037 load:0x00000000
          13284	      6638	001001f8	00008067	jalr	x0,0(x1)	  x1:0x001012bc  x0=0x00000000
          13286	      6639	001012bc	d089a187	flw	f3,-760(x19)	 f19:0x00102000  f3=0x00000000 PA:0x00101d08 store:0x4598f2e4
          13288	      6640	001012c0	d24ba207	flw	f4,-732(x23)	 f23:0x00102000  f4=0x00000000 PA:0x00101d24 store:0x42f67c6a
          13310	      6651	001012c4	a10a8513	addi	x10,x21,-1520	 x21:0x00102000 x10=0x00101a10
          13312	      6652	001012c8	1841f5d3	fdiv.s	f11,f3,f4	  f3:0x00000000  f4:0x00000000 f11=0x00000000
          13318	      6655	001012cc	d0b9a427	fsw	f11,-760(x19)	 f19:0x00102000 f11:0x00020000 PA:0x00101d08 store:0x0c5a11df load:0x42f67c6a
          13326	      6659	001012d0	d089a287	flw	f5,-760(x19)	 f19:0x00102000  f5=0x00000000 PA:0x00101d08 store:0x4598f2e4
          13332	      6662	001012d4	e0028f53	fmv.x.w	x30,f5	  f5:0x00000046 x30=0x0c5a11df
          13334	      6663	001012d8	cfea2c23	sw	x30,-776(x20)	 x20:0x00102000 x30:0x0c5a11df PA:0x00101cf8 store:0x0c5a11df load:0x0c5a11df
          13338	      6665	001012dc	dc5fe0ef	jal	x1,1000a0	  x1=0x001012e0
          13342	      6667	001000a0	00054803	lbu	x16,0(x10)	 x10:0x00101a10 x16=0x0000000a PA:0x00101a10 store:0x00000000
          13344	      6668	001000a4	06080663	beq	x16,x0,100110	 x16:0x0000000a  x0:0x00000000
          13346	      6669	001000a8	000207b7	lui	x15,0x20	 x15=0x00020000
          13350	      6671	001000ac	0107a023	sw	x16,0(x15)	 x15:0x00020000 x16:0x0000000a PA:0x00020000 store:0x0000000a load:0x00000000
          13354	      6673	001000b0	00154703	lbu	x14,1(x10)	 x10:0x00101a10 x14=0x00000020 PA:0x00101a11 store:0x001012e0
          13356	      6674	001000b4	04070e63	beq	x14,x0,100110	 x14:0x00000020  x0:0x00000000
          13360	      6676	001000b8	00e7a023	sw	x14,0(x15)	 x15:0x00020000 x14:0x00000020 PA:0x00020000 store:0x00000020 load:0x00000000
          13364	      6678	001000bc	00254283	lbu	x5,2(x10)	 x10:0x00101a10  x5=0x00000069 PA:0x00101a12 store:0x00137fa0
          13366	      6679	001000c0	04028863	beq	x5,x0,100110	  x5:0x00000069  x0:0x00000000
          13370	      6681	001000c4	0057a023	sw	x5,0(x15)	 x15:0x00020000  x5:0x00000069 PA:0x00020000 store:0x00000069 load:0x00000000
          13374	      6683	001000c8	00354303	lbu	x6,3(x10)	 x10:0x00101a10  x6=0x0000003d PA:0x00101a13 store:0x00000000
          13376	      6684	001000cc	04030263	beq	x6,x0,100110	  x6:0x0000003d  x0:0x00000000
          13380	      6686	001000d0	0067a023	sw	x6,0(x15)	 x15:0x00020000  x6:0x0000003d PA:0x00020000 store:0x0000003d load:0x00000000
          13384	      6688	001000d4	00454383	lbu	x7,4(x10)	 x10:0x00101a10  x7=0x00000000 PA:0x00101a14 store:0x00000000
          13388	      6690	001000d8	02038c63	beq	x7,x0,100110	  x7:0x00000000  x0:0x00000000
          13392	      6692	00100110	00000513	addi	x10,x0,0	  x0:0x00000000 x10=0x00000000
          13396	      6694	00100114	00008067	jalr	x0,0(x1)	  x1:0x001012e0  x0=0x00000000
          13398	      6695	001012e0	000d8513	addi	x10,x27,0	 x27:0x0000000f x10=0x0000000f
          13402	      6697	001012e4	e3dfe0ef	jal	x1,100120	  x1=0x001012e8
          13404	      6698	00100120	01c55793	srli	x15,x10,0x1c	 x10:0x0000000f x15=0x00000000
          13406	      6699	00100124	00900713	addi	x14,x0,9	  x0:0x00000000 x14=0x00000009
          13410	      6701	00100128	0cf77a63	bgeu	x14,x15,1001fc	 x14:0x00000009 x15:0x00000000
          13414	      6703	001001fc	03078393	addi	x7,x15,48	 x15:0x00000000  x7=0x00000030
          13416	      6704	00100200	000205b7	lui	x11,0x20	 x11=0x00020000
          13418	      6705	00100204	00451613	slli	x12,x10,0x4	 x10:0x0000000f x12=0x000000f0
          13422	      6707	00100208	0075a023	sw	x7,0(x11)	 x11:0x00020000  x7:0x00000030 PA:0x00020000 store:0x00000030 load:0x00000000
          13424	      6708	0010020c	01c65693	srli	x13,x12,0x1c	 x12:0x000000f0 x13=0x00000000
          13426	      6709	00100210	00900813	addi	x16,x0,9	  x0:0x00000000 x16=0x00000009
          13428	      6710	00100214	f2d86ae3	bltu	x16,x13,100148	 x16:0x00000009 x13:0x00000000
          13430	      6711	00100218	03068e93	addi	x29,x13,48	 x13:0x00000000 x29=0x00000030
          13432	      6712	0010021c	00020f37	lui	x30,0x20	 x30=0x00020000
          13434	      6713	00100220	00851f93	slli	x31,x10,0x8	 x10:0x0000000f x31=0x00000f00
          13438	      6715	00100224	01df2023	sw	x29,0(x30)	 x30:0x00020000 x29:0x00000030 PA:0x00020000 store:0x00000030 load:0x00000000
          13440	      6716	00100228	01cfd793	srli	x15,x31,0x1c	 x31:0x00000f00 x15=0x00000000
          13442	      6717	0010022c	00900713	addi	x14,x0,9	  x0:0x00000000 x14=0x00000009
          13444	      6718	00100230	f2f76ae3	bltu	x14,x15,100164	 x14:0x00000009 x15:0x00000000
          13446	      6719	00100234	03078393	addi	x7,x15,48	 x15:0x00000000  x7=0x00000030
          13448	      6720	00100238	000205b7	lui	x11,0x20	 x11=0x00020000
          13450	      6721	0010023c	00c51613	slli	x12,x10,0xc	 x10:0x0000000f x12=0x0000f000
          13454	      6723	00100240	0075a023	sw	x7,0(x11)	 x11:0x00020000  x7:0x00000030 PA:0x00020000 store:0x00000030 load:0x00000000
          13456	      6724	00100244	01c65693	srli	x13,x12,0x1c	 x12:0x0000f000 x13=0x00000000
          13458	      6725	00100248	00900813	addi	x16,x0,9	  x0:0x00000000 x16=0x00000009
          13460	      6726	0010024c	f2d86ae3	bltu	x16,x13,100180	 x16:0x00000009 x13:0x00000000
          13462	      6727	00100250	03068e93	addi	x29,x13,48	 x13:0x00000000 x29=0x00000030
          13464	      6728	00100254	00020f37	lui	x30,0x20	 x30=0x00020000
          13466	      6729	00100258	01051f93	slli	x31,x10,0x10	 x10:0x0000000f x31=0x000f0000
          13470	      6731	0010025c	01df2023	sw	x29,0(x30)	 x30:0x00020000 x29:0x00000030 PA:0x00020000 store:0x00000030 load:0x00000000
          13472	      6732	00100260	01cfd793	srli	x15,x31,0x1c	 x31:0x000f0000 x15=0x00000000
          13474	      6733	00100264	00900713	addi	x14,x0,9	  x0:0x00000000 x14=0x00000009
          13476	      6734	00100268	f2f76ae3	bltu	x14,x15,10019c	 x14:0x00000009 x15:0x00000000
          13478	      6735	0010026c	03078393	addi	x7,x15,48	 x15:0x00000000  x7=0x00000030
          13480	      6736	00100270	000205b7	lui	x11,0x20	 x11=0x00020000
          13482	      6737	00100274	01451613	slli	x12,x10,0x14	 x10:0x0000000f x12=0x00f00000
          13486	      6739	00100278	0075a023	sw	x7,0(x11)	 x11:0x00020000  x7:0x00000030 PA:0x00020000 store:0x00000030 load:0x00000000
          13488	      6740	0010027c	01c65693	srli	x13,x12,0x1c	 x12:0x00f00000 x13=0x00000000
          13490	      6741	00100280	00900813	addi	x16,x0,9	  x0:0x00000000 x16=0x00000009
          13492	      6742	00100284	f2d86ae3	bltu	x16,x13,1001b8	 x16:0x00000009 x13:0x00000000
          13494	      6743	00100288	03068e93	addi	x29,x13,48	 x13:0x00000000 x29=0x00000030
          13496	      6744	0010028c	00020f37	lui	x30,0x20	 x30=0x00020000
          13498	      6745	00100290	01851f93	slli	x31,x10,0x18	 x10:0x0000000f x31=0x0f000000
          13502	      6747	00100294	01df2023	sw	x29,0(x30)	 x30:0x00020000 x29:0x00000030 PA:0x00020000 store:0x00000030 load:0x00000000
          13504	      6748	00100298	01cfd793	srli	x15,x31,0x1c	 x31:0x0f000000 x15=0x00000000
          13506	      6749	0010029c	00900713	addi	x14,x0,9	  x0:0x00000000 x14=0x00000009
          13508	      6750	001002a0	f2f76ae3	bltu	x14,x15,1001d4	 x14:0x00000009 x15:0x00000000
          13510	      6751	001002a4	03078393	addi	x7,x15,48	 x15:0x00000000  x7=0x00000030
          13512	      6752	001002a8	000205b7	lui	x11,0x20	 x11=0x00020000
          13516	      6754	001002ac	0075a023	sw	x7,0(x11)	 x11:0x00020000  x7:0x00000030 PA:0x00020000 store:0x00000030 load:0x00000000
          13518	      6755	001002b0	00f57513	andi	x10,x10,15	 x10:0x0000000f x10=0x0000000f
          13520	      6756	001002b4	00900613	addi	x12,x0,9	  x0:0x00000000 x12=0x00000009
          13522	      6757	001002b8	f2a67ae3	bgeu	x12,x10,1001ec	 x12:0x00000009 x10:0x0000000f
          13524	      6758	001002bc	03750693	addi	x13,x10,55	 x10:0x0000000f x13=0x00000046
          13526	      6759	001002c0	00020837	lui	x16,0x20	 x16=0x00020000
          13530	      6761	001002c4	00d82023	sw	x13,0(x16)	 x16:0x00020000 x13:0x00000046 PA:0x00020000 store:0x00000046 load:0x00000000
          13534	      6763	001002c8	00008067	jalr	x0,0(x1)	  x1:0x001012e8  x0=0x00000000
          13536	      6764	001012e8	a18b0513	addi	x10,x22,-1512	 x22:0x00102000 x10=0x00101a18
          13540	      6766	001012ec	db5fe0ef	jal	x1,1000a0	  x1=0x001012f0
          13544	      6768	001000a0	00054803	lbu	x16,0(x10)	 x10:0x00101a18 x16=0x00000020 PA:0x00101a18 store:0x00000000
          13546	      6769	001000a4	06080663	beq	x16,x0,100110	 x16:0x00000020  x0:0x00000000
          13548	      6770	001000a8	000207b7	lui	x15,0x20	 x15=0x00020000
          13552	      6772	001000ac	0107a023	sw	x16,0(x15)	 x15:0x00020000 x16:0x00000020 PA:0x00020000 store:0x00000020 load:0x00000000
          13556	      6774	001000b0	00154703	lbu	x14,1(x10)	 x10:0x00101a18 x14=0x00000072 PA:0x00101a19 store:0x001012f0
          13558	      6775	001000b4	04070e63	beq	x14,x0,100110	 x14:0x00000072  x0:0x00000000
          13562	      6777	001000b8	00e7a023	sw	x14,0(x15)	 x15:0x00020000 x14:0x00000072 PA:0x00020000 store:0x00000072 load:0x00000000
          13566	      6779	001000bc	00254283	lbu	x5,2(x10)	 x10:0x00101a18  x5=0x00000065 PA:0x00101a1a store:0x00137fa0
          13568	      6780	001000c0	04028863	beq	x5,x0,100110	  x5:0x00000065  x0:0x00000000
          13572	      6782	001000c4	0057a023	sw	x5,0(x15)	 x15:0x00020000  x5:0x00000065 PA:0x00020000 store:0x00000065 load:0x00000000
          13576	      6784	001000c8	00354303	lbu	x6,3(x10)	 x10:0x00101a18  x6=0x00000073 PA:0x00101a1b store:0x00000000
          13578	      6785	001000cc	04030263	beq	x6,x0,100110	  x6:0x00000073  x0:0x00000000
          13582	      6787	001000d0	0067a023	sw	x6,0(x15)	 x15:0x00020000  x6:0x00000073 PA:0x00020000 store:0x00000073 load:0x00000000
          13586	      6789	001000d4	00454383	lbu	x7,4(x10)	 x10:0x00101a18  x7=0x00000075 PA:0x00101a1c store:0x00000000
          13588	      6790	001000d8	02038c63	beq	x7,x0,100110	  x7:0x00000075  x0:0x00000000
          13592	      6792	001000dc	0077a023	sw	x7,0(x15)	 x15:0x00020000  x7:0x00000075 PA:0x00020000 store:0x00000075 load:0x00000000
          13596	      6794	001000e0	00554583	lbu	x11,5(x10)	 x10:0x00101a18 x11=0x0000006c PA:0x00101a1d store:0x00000065
          13598	      6795	001000e4	02058663	beq	x11,x0,100110	 x11:0x0000006c  x0:0x00000000
          13602	      6797	001000e8	00b7a023	sw	x11,0(x15)	 x15:0x00020000 x11:0x0000006c PA:0x00020000 store:0x0000006c load:0x00000000
          13606	      6799	001000ec	00654603	lbu	x12,6(x10)	 x10:0x00101a18 x12=0x00000074 PA:0x00101a1e store:0x00000073
          13608	      6800	001000f0	02060063	beq	x12,x0,100110	 x12:0x00000074  x0:0x00000000
          13612	      6802	001000f4	00c7a023	sw	x12,0(x15)	 x15:0x00020000 x12:0x00000074 PA:0x00020000 store:0x00000074 load:0x00000000
          13616	      6804	001000f8	00754683	lbu	x13,7(x10)	 x10:0x00101a18 x13=0x0000003a PA:0x00101a1f store:0x00000075
          13618	      6805	001000fc	00850513	addi	x10,x10,8	 x10:0x00101a18 x10=0x00101a20
          13620	      6806	00100100	00068863	beq	x13,x0,100110	 x13:0x0000003a  x0:0x00000000
          13624	      6808	00100104	00d7a023	sw	x13,0(x15)	 x15:0x00020000 x13:0x0000003a PA:0x00020000 store:0x0000003a load:0x00000000
          13628	      6810	00100108	00054803	lbu	x16,0(x10)	 x10:0x00101a20 x16=0x00000020 PA:0x00101a20 store:0x00000000
          13632	      6812	0010010c	fa0810e3	bne	x16,x0,1000ac	 x16:0x00000020  x0:0x00000000
          13638	      6815	001000ac	0107a023	sw	x16,0(x15)	 x15:0x00020000 x16:0x00000020 PA:0x00020000 store:0x00000020 load:0x00000000
          13642	      6817	001000b0	00154703	lbu	x14,1(x10)	 x10:0x00101a20 x14=0x00000000 PA:0x00101a21 store:0x001012f0
          13646	      6819	001000b4	04070e63	beq	x14,x0,100110	 x14:0x00000000  x0:0x00000000
          13650	      6821	00100110	00000513	addi	x10,x0,0	  x0:0x00000000 x10=0x00000000
          13654	      6823	00100114	00008067	jalr	x0,0(x1)	  x1:0x001012f0  x0=0x00000000
          13658	      6825	001012f0	cf8a2503	lw	x10,-776(x20)	 x20:0x00102000 x10=0x0c5a11df PA:0x00101cf8 store:0x00000010
          13662	      6827	001012f4	e2dfe0ef	jal	x1,100120	  x1=0x001012f8
          13664	      6828	00100120	01c55793	srli	x15,x10,0x1c	 x10:0x0c5a11df x15=0x00000000
          13666	      6829	00100124	00900713	addi	x14,x0,9	  x0:0x00000000 x14=0x00000009
          13670	      6831	00100128	0cf77a63	bgeu	x14,x15,1001fc	 x14:0x00000009 x15:0x00000000
          13674	      6833	001001fc	03078393	addi	x7,x15,48	 x15:0x00000000  x7=0x00000030
          13676	      6834	00100200	000205b7	lui	x11,0x20	 x11=0x00020000
          13678	      6835	00100204	00451613	slli	x12,x10,0x4	 x10:0x0c5a11df x12=0xc5a11df0
          13682	      6837	00100208	0075a023	sw	x7,0(x11)	 x11:0x00020000  x7:0x00000030 PA:0x00020000 store:0x00000030 load:0x00000000
          13684	      6838	0010020c	01c65693	srli	x13,x12,0x1c	 x12:0xc5a11df0 x13=0x0000000c
          13686	      6839	00100210	00900813	addi	x16,x0,9	  x0:0x00000000 x16=0x00000009
          13690	      6841	00100214	f2d86ae3	bltu	x16,x13,100148	 x16:0x00000009 x13:0x0000000c
          13694	      6843	00100148	03768893	addi	x17,x13,55	 x13:0x0000000c x17=0x00000043
          13696	      6844	0010014c	00020e37	lui	x28,0x20	 x28=0x00020000
          13698	      6845	00100150	00851f93	slli	x31,x10,0x8	 x10:0x0c5a11df x31=0x5a11df00
          13702	      6847	00100154	011e2023	sw	x17,0(x28)	 x28:0x00020000 x17:0x00000043 PA:0x00020000 store:0x00000043 load:0x00000000
          13704	      6848	00100158	01cfd793	srli	x15,x31,0x1c	 x31:0x5a11df00 x15=0x00000005
          13706	      6849	0010015c	00900713	addi	x14,x0,9	  x0:0x00000000 x14=0x00000009
          13710	      6851	00100160	0cf77a63	bgeu	x14,x15,100234	 x14:0x00000009 x15:0x00000005
          13714	      6853	00100234	03078393	addi	x7,x15,48	 x15:0x00000005  x7=0x00000035
          13716	      6854	00100238	000205b7	lui	x11,0x20	 x11=0x00020000
          13718	      6855	0010023c	00c51613	slli	x12,x10,0xc	 x10:0x0c5a11df x12=0xa11df000
          13722	      6857	00100240	0075a023	sw	x7,0(x11)	 x11:0x00020000  x7:0x00000035 PA:0x00020000 store:0x00000035 load:0x00000000
          13724	      6858	00100244	01c65693	srli	x13,x12,0x1c	 x12:0xa11df000 x13=0x0000000a
          13726	      6859	00100248	00900813	addi	x16,x0,9	  x0:0x00000000 x16=0x00000009
          13730	      6861	0010024c	f2d86ae3	bltu	x16,x13,100180	 x16:0x00000009 x13:0x0000000a
          13734	      6863	00100180	03768893	addi	x17,x13,55	 x13:0x0000000a x17=0x00000041
          13736	      6864	00100184	00020e37	lui	x28,0x20	 x28=0x00020000
          13738	      6865	00100188	01051f93	slli	x31,x10,0x10	 x10:0x0c5a11df x31=0x11df0000
          13742	      6867	0010018c	011e2023	sw	x17,0(x28)	 x28:0x00020000 x17:0x00000041 PA:0x00020000 store:0x00000041 load:0x00000000
          13744	      6868	00100190	01cfd793	srli	x15,x31,0x1c	 x31:0x11df0000 x15=0x00000001
          13746	      6869	00100194	00900713	addi	x14,x0,9	  x0:0x00000000 x14=0x00000009
          13750	      6871	00100198	0cf77a63	bgeu	x14,x15,10026c	 x14:0x00000009 x15:0x00000001
          13754	      6873	0010026c	03078393	addi	x7,x15,48	 x15:0x00000001  x7=0x00000031
          13756	      6874	00100270	000205b7	lui	x11,0x20	 x11=0x00020000
          13758	      6875	00100274	01451613	slli	x12,x10,0x14	 x10:0x0c5a11df x12=0x1df00000
          13762	      6877	00100278	0075a023	sw	x7,0(x11)	 x11:0x00020000  x7:0x00000031 PA:0x00020000 store:0x00000031 load:0x00000000
          13764	      6878	0010027c	01c65693	srli	x13,x12,0x1c	 x12:0x1df00000 x13=0x00000001
          13766	      6879	00100280	00900813	addi	x16,x0,9	  x0:0x00000000 x16=0x00000009
          13768	      6880	00100284	f2d86ae3	bltu	x16,x13,1001b8	 x16:0x00000009 x13:0x00000001
          13770	      6881	00100288	03068e93	addi	x29,x13,48	 x13:0x00000001 x29=0x00000031
          13772	      6882	0010028c	00020f37	lui	x30,0x20	 x30=0x00020000
          13774	      6883	00100290	01851f93	slli	x31,x10,0x18	 x10:0x0c5a11df x31=0xdf000000
          13778	      6885	00100294	01df2023	sw	x29,0(x30)	 x30:0x00020000 x29:0x00000031 PA:0x00020000 store:0x00000031 load:0x00000000
          13780	      6886	00100298	01cfd793	srli	x15,x31,0x1c	 x31:0xdf000000 x15=0x0000000d
          13782	      6887	0010029c	00900713	addi	x14,x0,9	  x0:0x00000000 x14=0x00000009
          13786	      6889	001002a0	f2f76ae3	bltu	x14,x15,1001d4	 x14:0x00000009 x15:0x0000000d
          13790	      6891	001001d4	03778293	addi	x5,x15,55	 x15:0x0000000d  x5=0x00000044
          13792	      6892	001001d8	00020337	lui	x6,0x20	  x6=0x00020000
          13796	      6894	001001dc	00532023	sw	x5,0(x6)	  x6:0x00020000  x5:0x00000044 PA:0x00020000 store:0x00000044 load:0x00000000
          13798	      6895	001001e0	00f57513	andi	x10,x10,15	 x10:0x0c5a11df x10=0x0000000f
          13800	      6896	001001e4	00900613	addi	x12,x0,9	  x0:0x00000000 x12=0x00000009
          13804	      6898	001001e8	0ca66a63	bltu	x12,x10,1002bc	 x12:0x00000009 x10:0x0000000f
          13808	      6900	001002bc	03750693	addi	x13,x10,55	 x10:0x0000000f x13=0x00000046
          13810	      6901	001002c0	00020837	lui	x16,0x20	 x16=0x00020000
          13814	      6903	001002c4	00d82023	sw	x13,0(x16)	 x16:0x00020000 x13:0x00000046 PA:0x00020000 store:0x00000046 load:0x00000000
          13818	      6905	001002c8	00008067	jalr	x0,0(x1)	  x1:0x001012f8  x0=0x00000000
          13822	      6907	001012f8	f1ac10e3	bne	x24,x26,1011f8	 x24:0x00000010 x26:0x00000014
          13834	      6913	001011f8	d089a987	flw	f19,-760(x19)	 f19:0x00102000 f19=0x00000000 PA:0x00101d08 store:0x4598f2e4
          13836	      6914	001011fc	d24baa07	flw	f20,-732(x23)	 f23:0x00102000 f20=0x00000000 PA:0x00101d24 store:0x42f67c6a
          13860	      6926	00101200	a10a8513	addi	x10,x21,-1520	 x21:0x00102000 x10=0x00101a10
          13862	      6927	00101204	1949fad3	fdiv.s	f21,f19,f20	 f19:0x00102000 f20:0x00102000 f21=0x00000000
          13868	      6930	00101208	d159a427	fsw	f21,-760(x19)	 f19:0x00102000 f21:0x00102000 PA:0x00101d08 store:0x08e27cac load:0x42f67c6a
          13876	      6934	0010120c	d089ae07	flw	f28,-760(x19)	 f19:0x00102000 f28=0x00000000 PA:0x00101d08 store:0x4598f2e4
          13882	      6937	00101210	e00e0dd3	fmv.x.w	x27,f28	 f28:0x00020000 x27=0x08e27cac
          13884	      6938	00101214	cfba2c23	sw	x27,-776(x20)	 x20:0x00102000 x27:0x08e27cac PA:0x00101cf8 store:0x08e27cac load:0x08e27cac
          13888	      6940	00101218	e89fe0ef	jal	x1,1000a0	  x1=0x0010121c
          13892	      6942	001000a0	00054803	lbu	x16,0(x10)	 x10:0x00101a10 x16=0x0000000a PA:0x00101a10 store:0x00000000
          13894	      6943	001000a4	06080663	beq	x16,x0,100110	 x16:0x0000000a  x0:0x00000000
          13896	      6944	001000a8	000207b7	lui	x15,0x20	 x15=0x00020000
          13900	      6946	001000ac	0107a023	sw	x16,0(x15)	 x15:0x00020000 x16:0x0000000a PA:0x00020000 store:0x0000000a load:0x00000000
          13904	      6948	001000b0	00154703	lbu	x14,1(x10)	 x10:0x00101a10 x14=0x00000020 PA:0x00101a11 store:0x0010121c
          13906	      6949	001000b4	04070e63	beq	x14,x0,100110	 x14:0x00000020  x0:0x00000000
          13910	      6951	001000b8	00e7a023	sw	x14,0(x15)	 x15:0x00020000 x14:0x00000020 PA:0x00020000 store:0x00000020 load:0x00000000
          13914	      6953	001000bc	00254283	lbu	x5,2(x10)	 x10:0x00101a10  x5=0x00000069 PA:0x00101a12 store:0x00137fa0
          13916	      6954	001000c0	04028863	beq	x5,x0,100110	  x5:0x00000069  x0:0x00000000
          13920	      6956	001000c4	0057a023	sw	x5,0(x15)	 x15:0x00020000  x5:0x00000069 PA:0x00020000 store:0x00000069 load:0x00000000
          13924	      6958	001000c8	00354303	lbu	x6,3(x10)	 x10:0x00101a10  x6=0x0000003d PA:0x00101a13 store:0x00000000
          13926	      6959	001000cc	04030263	beq	x6,x0,100110	  x6:0x0000003d  x0:0x00000000
          13930	      6961	001000d0	0067a023	sw	x6,0(x15)	 x15:0x00020000  x6:0x0000003d PA:0x00020000 store:0x0000003d load:0x00000000
          13934	      6963	001000d4	00454383	lbu	x7,4(x10)	 x10:0x00101a10  x7=0x00000000 PA:0x00101a14 store:0x00000000
          13938	      6965	001000d8	02038c63	beq	x7,x0,100110	  x7:0x00000000  x0:0x00000000
          13942	      6967	00100110	00000513	addi	x10,x0,0	  x0:0x00000000 x10=0x00000000
          13946	      6969	00100114	00008067	jalr	x0,0(x1)	  x1:0x0010121c  x0=0x00000000
          13948	      6970	0010121c	000c0513	addi	x10,x24,0	 x24:0x00000010 x10=0x00000010
          13952	      6972	00101220	f01fe0ef	jal	x1,100120	  x1=0x00101224
          13954	      6973	00100120	01c55793	srli	x15,x10,0x1c	 x10:0x00000010 x15=0x00000000
          13956	      6974	00100124	00900713	addi	x14,x0,9	  x0:0x00000000 x14=0x00000009
          13960	      6976	00100128	0cf77a63	bgeu	x14,x15,1001fc	 x14:0x00000009 x15:0x00000000
          13964	      6978	001001fc	03078393	addi	x7,x15,48	 x15:0x00000000  x7=0x00000030
          13966	      6979	00100200	000205b7	lui	x11,0x20	 x11=0x00020000
          13968	      6980	00100204	00451613	slli	x12,x10,0x4	 x10:0x00000010 x12=0x00000100
          13972	      6982	00100208	0075a023	sw	x7,0(x11)	 x11:0x00020000  x7:0x00000030 PA:0x00020000 store:0x00000030 load:0x00000000
          13974	      6983	0010020c	01c65693	srli	x13,x12,0x1c	 x12:0x00000100 x13=0x00000000
          13976	      6984	00100210	00900813	addi	x16,x0,9	  x0:0x00000000 x16=0x00000009
          13978	      6985	00100214	f2d86ae3	bltu	x16,x13,100148	 x16:0x00000009 x13:0x00000000
          13980	      6986	00100218	03068e93	addi	x29,x13,48	 x13:0x00000000 x29=0x00000030
          13982	      6987	0010021c	00020f37	lui	x30,0x20	 x30=0x00020000
          13984	      6988	00100220	00851f93	slli	x31,x10,0x8	 x10:0x00000010 x31=0x00001000
          13988	      6990	00100224	01df2023	sw	x29,0(x30)	 x30:0x00020000 x29:0x00000030 PA:0x00020000 store:0x00000030 load:0x00000000
          13990	      6991	00100228	01cfd793	srli	x15,x31,0x1c	 x31:0x00001000 x15=0x00000000
          13992	      6992	0010022c	00900713	addi	x14,x0,9	  x0:0x00000000 x14=0x00000009
          13994	      6993	00100230	f2f76ae3	bltu	x14,x15,100164	 x14:0x00000009 x15:0x00000000
          13996	      6994	00100234	03078393	addi	x7,x15,48	 x15:0x00000000  x7=0x00000030
          13998	      6995	00100238	000205b7	lui	x11,0x20	 x11=0x00020000
          14000	      6996	0010023c	00c51613	slli	x12,x10,0xc	 x10:0x00000010 x12=0x00010000
          14004	      6998	00100240	0075a023	sw	x7,0(x11)	 x11:0x00020000  x7:0x00000030 PA:0x00020000 store:0x00000030 load:0x00000000
          14006	      6999	00100244	01c65693	srli	x13,x12,0x1c	 x12:0x00010000 x13=0x00000000
          14008	      7000	00100248	00900813	addi	x16,x0,9	  x0:0x00000000 x16=0x00000009
          14010	      7001	0010024c	f2d86ae3	bltu	x16,x13,100180	 x16:0x00000009 x13:0x00000000
          14012	      7002	00100250	03068e93	addi	x29,x13,48	 x13:0x00000000 x29=0x00000030
          14014	      7003	00100254	00020f37	lui	x30,0x20	 x30=0x00020000
          14016	      7004	00100258	01051f93	slli	x31,x10,0x10	 x10:0x00000010 x31=0x00100000
          14020	      7006	0010025c	01df2023	sw	x29,0(x30)	 x30:0x00020000 x29:0x00000030 PA:0x00020000 store:0x00000030 load:0x00000000
          14022	      7007	00100260	01cfd793	srli	x15,x31,0x1c	 x31:0x00100000 x15=0x00000000
          14024	      7008	00100264	00900713	addi	x14,x0,9	  x0:0x00000000 x14=0x00000009
          14026	      7009	00100268	f2f76ae3	bltu	x14,x15,10019c	 x14:0x00000009 x15:0x00000000
          14028	      7010	0010026c	03078393	addi	x7,x15,48	 x15:0x00000000  x7=0x00000030
          14030	      7011	00100270	000205b7	lui	x11,0x20	 x11=0x00020000
          14032	      7012	00100274	01451613	slli	x12,x10,0x14	 x10:0x00000010 x12=0x01000000
          14036	      7014	00100278	0075a023	sw	x7,0(x11)	 x11:0x00020000  x7:0x00000030 PA:0x00020000 store:0x00000030 load:0x00000000
          14038	      7015	0010027c	01c65693	srli	x13,x12,0x1c	 x12:0x01000000 x13=0x00000000
          14040	      7016	00100280	00900813	addi	x16,x0,9	  x0:0x00000000 x16=0x00000009
          14042	      7017	00100284	f2d86ae3	bltu	x16,x13,1001b8	 x16:0x00000009 x13:0x00000000
          14044	      7018	00100288	03068e93	addi	x29,x13,48	 x13:0x00000000 x29=0x00000030
          14046	      7019	0010028c	00020f37	lui	x30,0x20	 x30=0x00020000
          14048	      7020	00100290	01851f93	slli	x31,x10,0x18	 x10:0x00000010 x31=0x10000000
          14052	      7022	00100294	01df2023	sw	x29,0(x30)	 x30:0x00020000 x29:0x00000030 PA:0x00020000 store:0x00000030 load:0x00000000
          14054	      7023	00100298	01cfd793	srli	x15,x31,0x1c	 x31:0x10000000 x15=0x00000001
          14056	      7024	0010029c	00900713	addi	x14,x0,9	  x0:0x00000000 x14=0x00000009
          14058	      7025	001002a0	f2f76ae3	bltu	x14,x15,1001d4	 x14:0x00000009 x15:0x00000001
          14060	      7026	001002a4	03078393	addi	x7,x15,48	 x15:0x00000001  x7=0x00000031
          14062	      7027	001002a8	000205b7	lui	x11,0x20	 x11=0x00020000
          14066	      7029	001002ac	0075a023	sw	x7,0(x11)	 x11:0x00020000  x7:0x00000031 PA:0x00020000 store:0x00000031 load:0x00000000
          14068	      7030	001002b0	00f57513	andi	x10,x10,15	 x10:0x00000010 x10=0x00000000
          14070	      7031	001002b4	00900613	addi	x12,x0,9	  x0:0x00000000 x12=0x00000009
          14074	      7033	001002b8	f2a67ae3	bgeu	x12,x10,1001ec	 x12:0x00000009 x10:0x00000000
          14078	      7035	001001ec	03050893	addi	x17,x10,48	 x10:0x00000000 x17=0x00000030
          14080	      7036	001001f0	00020e37	lui	x28,0x20	 x28=0x00020000
          14084	      7038	001001f4	011e2023	sw	x17,0(x28)	 x28:0x00020000 x17:0x00000030 PA:0x00020000 store:0x00000030 load:0x00000000
          14088	      7040	001001f8	00008067	jalr	x0,0(x1)	  x1:0x00101224  x0=0x00000000
          14090	      7041	00101224	a18b0513	addi	x10,x22,-1512	 x22:0x00102000 x10=0x00101a18
          14094	      7043	00101228	e79fe0ef	jal	x1,1000a0	  x1=0x0010122c
          14098	      7045	001000a0	00054803	lbu	x16,0(x10)	 x10:0x00101a18 x16=0x00000020 PA:0x00101a18 store:0x00000000
          14100	      7046	001000a4	06080663	beq	x16,x0,100110	 x16:0x00000020  x0:0x00000000
          14102	      7047	001000a8	000207b7	lui	x15,0x20	 x15=0x00020000
          14106	      7049	001000ac	0107a023	sw	x16,0(x15)	 x15:0x00020000 x16:0x00000020 PA:0x00020000 store:0x00000020 load:0x00000000
          14110	      7051	001000b0	00154703	lbu	x14,1(x10)	 x10:0x00101a18 x14=0x00000072 PA:0x00101a19 store:0x0010122c
          14112	      7052	001000b4	04070e63	beq	x14,x0,100110	 x14:0x00000072  x0:0x00000000
          14116	      7054	001000b8	00e7a023	sw	x14,0(x15)	 x15:0x00020000 x14:0x00000072 PA:0x00020000 store:0x00000072 load:0x00000000
          14120	      7056	001000bc	00254283	lbu	x5,2(x10)	 x10:0x00101a18  x5=0x00000065 PA:0x00101a1a store:0x00137fa0
          14122	      7057	001000c0	04028863	beq	x5,x0,100110	  x5:0x00000065  x0:0x00000000
          14126	      7059	001000c4	0057a023	sw	x5,0(x15)	 x15:0x00020000  x5:0x00000065 PA:0x00020000 store:0x00000065 load:0x00000000
          14130	      7061	001000c8	00354303	lbu	x6,3(x10)	 x10:0x00101a18  x6=0x00000073 PA:0x00101a1b store:0x00000000
          14132	      7062	001000cc	04030263	beq	x6,x0,100110	  x6:0x00000073  x0:0x00000000
          14136	      7064	001000d0	0067a023	sw	x6,0(x15)	 x15:0x00020000  x6:0x00000073 PA:0x00020000 store:0x00000073 load:0x00000000
          14140	      7066	001000d4	00454383	lbu	x7,4(x10)	 x10:0x00101a18  x7=0x00000075 PA:0x00101a1c store:0x00000000
          14142	      7067	001000d8	02038c63	beq	x7,x0,100110	  x7:0x00000075  x0:0x00000000
          14146	      7069	001000dc	0077a023	sw	x7,0(x15)	 x15:0x00020000  x7:0x00000075 PA:0x00020000 store:0x00000075 load:0x00000000
          14150	      7071	001000e0	00554583	lbu	x11,5(x10)	 x10:0x00101a18 x11=0x0000006c PA:0x00101a1d store:0x00000065
          14152	      7072	001000e4	02058663	beq	x11,x0,100110	 x11:0x0000006c  x0:0x00000000
          14156	      7074	001000e8	00b7a023	sw	x11,0(x15)	 x15:0x00020000 x11:0x0000006c PA:0x00020000 store:0x0000006c load:0x00000000
          14160	      7076	001000ec	00654603	lbu	x12,6(x10)	 x10:0x00101a18 x12=0x00000074 PA:0x00101a1e store:0x00000073
          14162	      7077	001000f0	02060063	beq	x12,x0,100110	 x12:0x00000074  x0:0x00000000
          14166	      7079	001000f4	00c7a023	sw	x12,0(x15)	 x15:0x00020000 x12:0x00000074 PA:0x00020000 store:0x00000074 load:0x00000000
          14170	      7081	001000f8	00754683	lbu	x13,7(x10)	 x10:0x00101a18 x13=0x0000003a PA:0x00101a1f store:0x00000075
          14172	      7082	001000fc	00850513	addi	x10,x10,8	 x10:0x00101a18 x10=0x00101a20
          14174	      7083	00100100	00068863	beq	x13,x0,100110	 x13:0x0000003a  x0:0x00000000
          14178	      7085	00100104	00d7a023	sw	x13,0(x15)	 x15:0x00020000 x13:0x0000003a PA:0x00020000 store:0x0000003a load:0x00000000
          14182	      7087	00100108	00054803	lbu	x16,0(x10)	 x10:0x00101a20 x16=0x00000020 PA:0x00101a20 store:0x00000000
          14186	      7089	0010010c	fa0810e3	bne	x16,x0,1000ac	 x16:0x00000020  x0:0x00000000
          14192	      7092	001000ac	0107a023	sw	x16,0(x15)	 x15:0x00020000 x16:0x00000020 PA:0x00020000 store:0x00000020 load:0x00000000
          14196	      7094	001000b0	00154703	lbu	x14,1(x10)	 x10:0x00101a20 x14=0x00000000 PA:0x00101a21 store:0x0010122c
          14200	      7096	001000b4	04070e63	beq	x14,x0,100110	 x14:0x00000000  x0:0x00000000
          14204	      7098	00100110	00000513	addi	x10,x0,0	  x0:0x00000000 x10=0x00000000
          14208	      7100	00100114	00008067	jalr	x0,0(x1)	  x1:0x0010122c  x0=0x00000000
          14212	      7102	0010122c	cf8a2503	lw	x10,-776(x20)	 x20:0x00102000 x10=0x08e27cac PA:0x00101cf8 store:0x00000010
          14214	      7103	00101230	001c0d93	addi	x27,x24,1	 x24:0x00000010 x27=0x00000011
          14218	      7105	00101234	eedfe0ef	jal	x1,100120	  x1=0x00101238
          14220	      7106	00100120	01c55793	srli	x15,x10,0x1c	 x10:0x08e27cac x15=0x00000000
          14222	      7107	00100124	00900713	addi	x14,x0,9	  x0:0x00000000 x14=0x00000009
          14226	      7109	00100128	0cf77a63	bgeu	x14,x15,1001fc	 x14:0x00000009 x15:0x00000000
          14230	      7111	001001fc	03078393	addi	x7,x15,48	 x15:0x00000000  x7=0x00000030
          14232	      7112	00100200	000205b7	lui	x11,0x20	 x11=0x00020000
          14234	      7113	00100204	00451613	slli	x12,x10,0x4	 x10:0x08e27cac x12=0x8e27cac0
          14238	      7115	00100208	0075a023	sw	x7,0(x11)	 x11:0x00020000  x7:0x00000030 PA:0x00020000 store:0x00000030 load:0x00000000
          14240	      7116	0010020c	01c65693	srli	x13,x12,0x1c	 x12:0x8e27cac0 x13=0x00000008
          14242	      7117	00100210	00900813	addi	x16,x0,9	  x0:0x00000000 x16=0x00000009
          14244	      7118	00100214	f2d86ae3	bltu	x16,x13,100148	 x16:0x00000009 x13:0x00000008
          14246	      7119	00100218	03068e93	addi	x29,x13,48	 x13:0x00000008 x29=0x00000038
          14248	      7120	0010021c	00020f37	lui	x30,0x20	 x30=0x00020000
          14250	      7121	00100220	00851f93	slli	x31,x10,0x8	 x10:0x08e27cac x31=0xe27cac00
          14254	      7123	00100224	01df2023	sw	x29,0(x30)	 x30:0x00020000 x29:0x00000038 PA:0x00020000 store:0x00000038 load:0x00000000
          14256	      7124	00100228	01cfd793	srli	x15,x31,0x1c	 x31:0xe27cac00 x15=0x0000000e
          14258	      7125	0010022c	00900713	addi	x14,x0,9	  x0:0x00000000 x14=0x00000009
          14262	      7127	00100230	f2f76ae3	bltu	x14,x15,100164	 x14:0x00000009 x15:0x0000000e
          14266	      7129	00100164	03778293	addi	x5,x15,55	 x15:0x0000000e  x5=0x00000045
          14268	      7130	00100168	00020337	lui	x6,0x20	  x6=0x00020000
          14270	      7131	0010016c	00c51613	slli	x12,x10,0xc	 x10:0x08e27cac x12=0x27cac000
          14274	      7133	00100170	00532023	sw	x5,0(x6)	  x6:0x00020000  x5:0x00000045 PA:0x00020000 store:0x00000045 load:0x00000000
          14276	      7134	00100174	01c65693	srli	x13,x12,0x1c	 x12:0x27cac000 x13=0x00000002
          14278	      7135	00100178	00900813	addi	x16,x0,9	  x0:0x00000000 x16=0x00000009
          14282	      7137	0010017c	0cd87a63	bgeu	x16,x13,100250	 x16:0x00000009 x13:0x00000002
          14286	      7139	00100250	03068e93	addi	x29,x13,48	 x13:0x00000002 x29=0x00000032
          14288	      7140	00100254	00020f37	lui	x30,0x20	 x30=0x00020000
          14290	      7141	00100258	01051f93	slli	x31,x10,0x10	 x10:0x08e27cac x31=0x7cac0000
          14294	      7143	0010025c	01df2023	sw	x29,0(x30)	 x30:0x00020000 x29:0x00000032 PA:0x00020000 store:0x00000032 load:0x00000000
          14296	      7144	00100260	01cfd793	srli	x15,x31,0x1c	 x31:0x7cac0000 x15=0x00000007
          14298	      7145	00100264	00900713	addi	x14,x0,9	  x0:0x00000000 x14=0x00000009
          14300	      7146	00100268	f2f76ae3	bltu	x14,x15,10019c	 x14:0x00000009 x15:0x00000007
          14302	      7147	0010026c	03078393	addi	x7,x15,48	 x15:0x00000007  x7=0x00000037
          14304	      7148	00100270	000205b7	lui	x11,0x20	 x11=0x00020000
          14306	      7149	00100274	01451613	slli	x12,x10,0x14	 x10:0x08e27cac x12=0xcac00000
          14310	      7151	00100278	0075a023	sw	x7,0(x11)	 x11:0x00020000  x7:0x00000037 PA:0x00020000 store:0x00000037 load:0x00000000
          14312	      7152	0010027c	01c65693	srli	x13,x12,0x1c	 x12:0xcac00000 x13=0x0000000c
          14314	      7153	00100280	00900813	addi	x16,x0,9	  x0:0x00000000 x16=0x00000009
          14318	      7155	00100284	f2d86ae3	bltu	x16,x13,1001b8	 x16:0x00000009 x13:0x0000000c
          14322	      7157	001001b8	03768893	addi	x17,x13,55	 x13:0x0000000c x17=0x00000043
          14324	      7158	001001bc	00020e37	lui	x28,0x20	 x28=0x00020000
          14326	      7159	001001c0	01851f93	slli	x31,x10,0x18	 x10:0x08e27cac x31=0xac000000
          14330	      7161	001001c4	011e2023	sw	x17,0(x28)	 x28:0x00020000 x17:0x00000043 PA:0x00020000 store:0x00000043 load:0x00000000
          14332	      7162	001001c8	01cfd793	srli	x15,x31,0x1c	 x31:0xac000000 x15=0x0000000a
          14334	      7163	001001cc	00900713	addi	x14,x0,9	  x0:0x00000000 x14=0x00000009
          14336	      7164	001001d0	0cf77a63	bgeu	x14,x15,1002a4	 x14:0x00000009 x15:0x0000000a
          14338	      7165	001001d4	03778293	addi	x5,x15,55	 x15:0x0000000a  x5=0x00000041
          14340	      7166	001001d8	00020337	lui	x6,0x20	  x6=0x00020000
          14344	      7168	001001dc	00532023	sw	x5,0(x6)	  x6:0x00020000  x5:0x00000041 PA:0x00020000 store:0x00000041 load:0x00000000
          14346	      7169	001001e0	00f57513	andi	x10,x10,15	 x10:0x08e27cac x10=0x0000000c
          14348	      7170	001001e4	00900613	addi	x12,x0,9	  x0:0x00000000 x12=0x00000009
          14352	      7172	001001e8	0ca66a63	bltu	x12,x10,1002bc	 x12:0x00000009 x10:0x0000000c
          14356	      7174	001002bc	03750693	addi	x13,x10,55	 x10:0x0000000c x13=0x00000043
          14358	      7175	001002c0	00020837	lui	x16,0x20	 x16=0x00020000
          14362	      7177	001002c4	00d82023	sw	x13,0(x16)	 x16:0x00020000 x13:0x00000043 PA:0x00020000 store:0x00000043 load:0x00000000
          14376	      7184	001002c8	00008067	jalr	x0,0(x1)	  x1:0x00101238  x0=0x00000000
          14378	      7185	00101238	d089ae87	flw	f29,-760(x19)	 f19:0x00102000 f29=0x00000000 PA:0x00101d08 store:0x4598f2e4
          14380	      7186	0010123c	d24baf07	flw	f30,-732(x23)	 f23:0x00102000 f30=0x00000000 PA:0x00101d24 store:0x42f67c6a
          14402	      7197	00101240	a10a8513	addi	x10,x21,-1520	 x21:0x00102000 x10=0x00101a10
          14404	      7198	00101244	19eeffd3	fdiv.s	f31,f29,f30	 f29:0x00000032 f30:0x00020000 f31=0x00000000
          14410	      7201	00101248	d1f9a427	fsw	f31,-760(x19)	 f19:0x00102000 f31:0xac000000 PA:0x00101d08 store:0x056b3aa5 load:0x42f67c6a
          14418	      7205	0010124c	d089a007	flw	f0,-760(x19)	 f19:0x00102000  f0=0x00000000 PA:0x00101d08 store:0x4598f2e4
          14424	      7208	00101250	e0000e53	fmv.x.w	x28,f0	  f0:0x00000000 x28=0x056b3aa5
          14426	      7209	00101254	cfca2c23	sw	x28,-776(x20)	 x20:0x00102000 x28:0x056b3aa5 PA:0x00101cf8 store:0x056b3aa5 load:0x056b3aa5
          14430	      7211	00101258	e49fe0ef	jal	x1,1000a0	  x1=0x0010125c
          14434	      7213	001000a0	00054803	lbu	x16,0(x10)	 x10:0x00101a10 x16=0x0000000a PA:0x00101a10 store:0x00000000
          14436	      7214	001000a4	06080663	beq	x16,x0,100110	 x16:0x0000000a  x0:0x00000000
          14438	      7215	001000a8	000207b7	lui	x15,0x20	 x15=0x00020000
          14442	      7217	001000ac	0107a023	sw	x16,0(x15)	 x15:0x00020000 x16:0x0000000a PA:0x00020000 store:0x0000000a load:0x00000000
          14446	      7219	001000b0	00154703	lbu	x14,1(x10)	 x10:0x00101a10 x14=0x00000020 PA:0x00101a11 store:0x0010125c
          14448	      7220	001000b4	04070e63	beq	x14,x0,100110	 x14:0x00000020  x0:0x00000000
          14452	      7222	001000b8	00e7a023	sw	x14,0(x15)	 x15:0x00020000 x14:0x00000020 PA:0x00020000 store:0x00000020 load:0x00000000
          14456	      7224	001000bc	00254283	lbu	x5,2(x10)	 x10:0x00101a10  x5=0x00000069 PA:0x00101a12 store:0x00137fa0
          14458	      7225	001000c0	04028863	beq	x5,x0,100110	  x5:0x00000069  x0:0x00000000
          14462	      7227	001000c4	0057a023	sw	x5,0(x15)	 x15:0x00020000  x5:0x00000069 PA:0x00020000 store:0x00000069 load:0x00000000
          14466	      7229	001000c8	00354303	lbu	x6,3(x10)	 x10:0x00101a10  x6=0x0000003d PA:0x00101a13 store:0x00000000
          14468	      7230	001000cc	04030263	beq	x6,x0,100110	  x6:0x0000003d  x0:0x00000000
          14472	      7232	001000d0	0067a023	sw	x6,0(x15)	 x15:0x00020000  x6:0x0000003d PA:0x00020000 store:0x0000003d load:0x00000000
          14476	      7234	001000d4	00454383	lbu	x7,4(x10)	 x10:0x00101a10  x7=0x00000000 PA:0x00101a14 store:0x00000000
          14480	      7236	001000d8	02038c63	beq	x7,x0,100110	  x7:0x00000000  x0:0x00000000
          14484	      7238	00100110	00000513	addi	x10,x0,0	  x0:0x00000000 x10=0x00000000
          14488	      7240	00100114	00008067	jalr	x0,0(x1)	  x1:0x0010125c  x0=0x00000000
          14490	      7241	0010125c	000d8513	addi	x10,x27,0	 x27:0x00000011 x10=0x00000011
          14494	      7243	00101260	ec1fe0ef	jal	x1,100120	  x1=0x00101264
          14496	      7244	00100120	01c55793	srli	x15,x10,0x1c	 x10:0x00000011 x15=0x00000000
          14498	      7245	00100124	00900713	addi	x14,x0,9	  x0:0x00000000 x14=0x00000009
          14502	      7247	00100128	0cf77a63	bgeu	x14,x15,1001fc	 x14:0x00000009 x15:0x00000000
          14506	      7249	001001fc	03078393	addi	x7,x15,48	 x15:0x00000000  x7=0x00000030
          14508	      7250	00100200	000205b7	lui	x11,0x20	 x11=0x00020000
          14510	      7251	00100204	00451613	slli	x12,x10,0x4	 x10:0x00000011 x12=0x00000110
          14514	      7253	00100208	0075a023	sw	x7,0(x11)	 x11:0x00020000  x7:0x00000030 PA:0x00020000 store:0x00000030 load:0x00000000
          14516	      7254	0010020c	01c65693	srli	x13,x12,0x1c	 x12:0x00000110 x13=0x00000000
          14518	      7255	00100210	00900813	addi	x16,x0,9	  x0:0x00000000 x16=0x00000009
          14520	      7256	00100214	f2d86ae3	bltu	x16,x13,100148	 x16:0x00000009 x13:0x00000000
          14522	      7257	00100218	03068e93	addi	x29,x13,48	 x13:0x00000000 x29=0x00000030
          14524	      7258	0010021c	00020f37	lui	x30,0x20	 x30=0x00020000
          14526	      7259	00100220	00851f93	slli	x31,x10,0x8	 x10:0x00000011 x31=0x00001100
          14530	      7261	00100224	01df2023	sw	x29,0(x30)	 x30:0x00020000 x29:0x00000030 PA:0x00020000 store:0x00000030 load:0x00000000
          14532	      7262	00100228	01cfd793	srli	x15,x31,0x1c	 x31:0x00001100 x15=0x00000000
          14534	      7263	0010022c	00900713	addi	x14,x0,9	  x0:0x00000000 x14=0x00000009
          14536	      7264	00100230	f2f76ae3	bltu	x14,x15,100164	 x14:0x00000009 x15:0x00000000
          14538	      7265	00100234	03078393	addi	x7,x15,48	 x15:0x00000000  x7=0x00000030
          14540	      7266	00100238	000205b7	lui	x11,0x20	 x11=0x00020000
          14542	      7267	0010023c	00c51613	slli	x12,x10,0xc	 x10:0x00000011 x12=0x00011000
          14546	      7269	00100240	0075a023	sw	x7,0(x11)	 x11:0x00020000  x7:0x00000030 PA:0x00020000 store:0x00000030 load:0x00000000
          14548	      7270	00100244	01c65693	srli	x13,x12,0x1c	 x12:0x00011000 x13=0x00000000
          14550	      7271	00100248	00900813	addi	x16,x0,9	  x0:0x00000000 x16=0x00000009
          14552	      7272	0010024c	f2d86ae3	bltu	x16,x13,100180	 x16:0x00000009 x13:0x00000000
          14554	      7273	00100250	03068e93	addi	x29,x13,48	 x13:0x00000000 x29=0x00000030
          14556	      7274	00100254	00020f37	lui	x30,0x20	 x30=0x00020000
          14558	      7275	00100258	01051f93	slli	x31,x10,0x10	 x10:0x00000011 x31=0x00110000
          14562	      7277	0010025c	01df2023	sw	x29,0(x30)	 x30:0x00020000 x29:0x00000030 PA:0x00020000 store:0x00000030 load:0x00000000
          14564	      7278	00100260	01cfd793	srli	x15,x31,0x1c	 x31:0x00110000 x15=0x00000000
          14566	      7279	00100264	00900713	addi	x14,x0,9	  x0:0x00000000 x14=0x00000009
          14568	      7280	00100268	f2f76ae3	bltu	x14,x15,10019c	 x14:0x00000009 x15:0x00000000
          14570	      7281	0010026c	03078393	addi	x7,x15,48	 x15:0x00000000  x7=0x00000030
          14572	      7282	00100270	000205b7	lui	x11,0x20	 x11=0x00020000
          14574	      7283	00100274	01451613	slli	x12,x10,0x14	 x10:0x00000011 x12=0x01100000
          14578	      7285	00100278	0075a023	sw	x7,0(x11)	 x11:0x00020000  x7:0x00000030 PA:0x00020000 store:0x00000030 load:0x00000000
          14580	      7286	0010027c	01c65693	srli	x13,x12,0x1c	 x12:0x01100000 x13=0x00000000
          14582	      7287	00100280	00900813	addi	x16,x0,9	  x0:0x00000000 x16=0x00000009
          14584	      7288	00100284	f2d86ae3	bltu	x16,x13,1001b8	 x16:0x00000009 x13:0x00000000
          14586	      7289	00100288	03068e93	addi	x29,x13,48	 x13:0x00000000 x29=0x00000030
          14588	      7290	0010028c	00020f37	lui	x30,0x20	 x30=0x00020000
          14590	      7291	00100290	01851f93	slli	x31,x10,0x18	 x10:0x00000011 x31=0x11000000
          14594	      7293	00100294	01df2023	sw	x29,0(x30)	 x30:0x00020000 x29:0x00000030 PA:0x00020000 store:0x00000030 load:0x00000000
          14596	      7294	00100298	01cfd793	srli	x15,x31,0x1c	 x31:0x11000000 x15=0x00000001
          14598	      7295	0010029c	00900713	addi	x14,x0,9	  x0:0x00000000 x14=0x00000009
          14600	      7296	001002a0	f2f76ae3	bltu	x14,x15,1001d4	 x14:0x00000009 x15:0x00000001
          14602	      7297	001002a4	03078393	addi	x7,x15,48	 x15:0x00000001  x7=0x00000031
          14604	      7298	001002a8	000205b7	lui	x11,0x20	 x11=0x00020000
          14608	      7300	001002ac	0075a023	sw	x7,0(x11)	 x11:0x00020000  x7:0x00000031 PA:0x00020000 store:0x00000031 load:0x00000000
          14610	      7301	001002b0	00f57513	andi	x10,x10,15	 x10:0x00000011 x10=0x00000001
          14612	      7302	001002b4	00900613	addi	x12,x0,9	  x0:0x00000000 x12=0x00000009
          14616	      7304	001002b8	f2a67ae3	bgeu	x12,x10,1001ec	 x12:0x00000009 x10:0x00000001
          14620	      7306	001001ec	03050893	addi	x17,x10,48	 x10:0x00000001 x17=0x00000031
          14622	      7307	001001f0	00020e37	lui	x28,0x20	 x28=0x00020000
          14626	      7309	001001f4	011e2023	sw	x17,0(x28)	 x28:0x00020000 x17:0x00000031 PA:0x00020000 store:0x00000031 load:0x00000000
          14630	      7311	001001f8	00008067	jalr	x0,0(x1)	  x1:0x00101264  x0=0x00000000
          14632	      7312	00101264	a18b0513	addi	x10,x22,-1512	 x22:0x00102000 x10=0x00101a18
          14636	      7314	00101268	e39fe0ef	jal	x1,1000a0	  x1=0x0010126c
          14640	      7316	001000a0	00054803	lbu	x16,0(x10)	 x10:0x00101a18 x16=0x00000020 PA:0x00101a18 store:0x00000000
          14642	      7317	001000a4	06080663	beq	x16,x0,100110	 x16:0x00000020  x0:0x00000000
          14644	      7318	001000a8	000207b7	lui	x15,0x20	 x15=0x00020000
          14648	      7320	001000ac	0107a023	sw	x16,0(x15)	 x15:0x00020000 x16:0x00000020 PA:0x00020000 store:0x00000020 load:0x00000000
          14652	      7322	001000b0	00154703	lbu	x14,1(x10)	 x10:0x00101a18 x14=0x00000072 PA:0x00101a19 store:0x0010126c
          14654	      7323	001000b4	04070e63	beq	x14,x0,100110	 x14:0x00000072  x0:0x00000000
          14658	      7325	001000b8	00e7a023	sw	x14,0(x15)	 x15:0x00020000 x14:0x00000072 PA:0x00020000 store:0x00000072 load:0x00000000
          14662	      7327	001000bc	00254283	lbu	x5,2(x10)	 x10:0x00101a18  x5=0x00000065 PA:0x00101a1a store:0x00137fa0
          14664	      7328	001000c0	04028863	beq	x5,x0,100110	  x5:0x00000065  x0:0x00000000
          14668	      7330	001000c4	0057a023	sw	x5,0(x15)	 x15:0x00020000  x5:0x00000065 PA:0x00020000 store:0x00000065 load:0x00000000
          14672	      7332	001000c8	00354303	lbu	x6,3(x10)	 x10:0x00101a18  x6=0x00000073 PA:0x00101a1b store:0x00000000
          14674	      7333	001000cc	04030263	beq	x6,x0,100110	  x6:0x00000073  x0:0x00000000
          14678	      7335	001000d0	0067a023	sw	x6,0(x15)	 x15:0x00020000  x6:0x00000073 PA:0x00020000 store:0x00000073 load:0x00000000
          14682	      7337	001000d4	00454383	lbu	x7,4(x10)	 x10:0x00101a18  x7=0x00000075 PA:0x00101a1c store:0x00000000
          14684	      7338	001000d8	02038c63	beq	x7,x0,100110	  x7:0x00000075  x0:0x00000000
          14688	      7340	001000dc	0077a023	sw	x7,0(x15)	 x15:0x00020000  x7:0x00000075 PA:0x00020000 store:0x00000075 load:0x00000000
          14692	      7342	001000e0	00554583	lbu	x11,5(x10)	 x10:0x00101a18 x11=0x0000006c PA:0x00101a1d store:0x00000065
          14694	      7343	001000e4	02058663	beq	x11,x0,100110	 x11:0x0000006c  x0:0x00000000
          14698	      7345	001000e8	00b7a023	sw	x11,0(x15)	 x15:0x00020000 x11:0x0000006c PA:0x00020000 store:0x0000006c load:0x00000000
          14702	      7347	001000ec	00654603	lbu	x12,6(x10)	 x10:0x00101a18 x12=0x00000074 PA:0x00101a1e store:0x00000073
          14704	      7348	001000f0	02060063	beq	x12,x0,100110	 x12:0x00000074  x0:0x00000000
          14708	      7350	001000f4	00c7a023	sw	x12,0(x15)	 x15:0x00020000 x12:0x00000074 PA:0x00020000 store:0x00000074 load:0x00000000
          14712	      7352	001000f8	00754683	lbu	x13,7(x10)	 x10:0x00101a18 x13=0x0000003a PA:0x00101a1f store:0x00000075
          14714	      7353	001000fc	00850513	addi	x10,x10,8	 x10:0x00101a18 x10=0x00101a20
          14716	      7354	00100100	00068863	beq	x13,x0,100110	 x13:0x0000003a  x0:0x00000000
          14720	      7356	00100104	00d7a023	sw	x13,0(x15)	 x15:0x00020000 x13:0x0000003a PA:0x00020000 store:0x0000003a load:0x00000000
          14724	      7358	00100108	00054803	lbu	x16,0(x10)	 x10:0x00101a20 x16=0x00000020 PA:0x00101a20 store:0x00000000
          14728	      7360	0010010c	fa0810e3	bne	x16,x0,1000ac	 x16:0x00000020  x0:0x00000000
          14734	      7363	001000ac	0107a023	sw	x16,0(x15)	 x15:0x00020000 x16:0x00000020 PA:0x00020000 store:0x00000020 load:0x00000000
          14738	      7365	001000b0	00154703	lbu	x14,1(x10)	 x10:0x00101a20 x14=0x00000000 PA:0x00101a21 store:0x0010126c
          14742	      7367	001000b4	04070e63	beq	x14,x0,100110	 x14:0x00000000  x0:0x00000000
          14746	      7369	00100110	00000513	addi	x10,x0,0	  x0:0x00000000 x10=0x00000000
          14750	      7371	00100114	00008067	jalr	x0,0(x1)	  x1:0x0010126c  x0=0x00000000
          14754	      7373	0010126c	cf8a2503	lw	x10,-776(x20)	 x20:0x00102000 x10=0x056b3aa5 PA:0x00101cf8 store:0x00000010
          14756	      7374	00101270	002c0d93	addi	x27,x24,2	 x24:0x00000010 x27=0x00000012
          14760	      7376	00101274	eadfe0ef	jal	x1,100120	  x1=0x00101278
          14762	      7377	00100120	01c55793	srli	x15,x10,0x1c	 x10:0x056b3aa5 x15=0x00000000
          14764	      7378	00100124	00900713	addi	x14,x0,9	  x0:0x00000000 x14=0x00000009
          14768	      7380	00100128	0cf77a63	bgeu	x14,x15,1001fc	 x14:0x00000009 x15:0x00000000
          14772	      7382	001001fc	03078393	addi	x7,x15,48	 x15:0x00000000  x7=0x00000030
          14774	      7383	00100200	000205b7	lui	x11,0x20	 x11=0x00020000
          14776	      7384	00100204	00451613	slli	x12,x10,0x4	 x10:0x056b3aa5 x12=0x56b3aa50
          14780	      7386	00100208	0075a023	sw	x7,0(x11)	 x11:0x00020000  x7:0x00000030 PA:0x00020000 store:0x00000030 load:0x00000000
          14782	      7387	0010020c	01c65693	srli	x13,x12,0x1c	 x12:0x56b3aa50 x13=0x00000005
          14784	      7388	00100210	00900813	addi	x16,x0,9	  x0:0x00000000 x16=0x00000009
          14786	      7389	00100214	f2d86ae3	bltu	x16,x13,100148	 x16:0x00000009 x13:0x00000005
          14788	      7390	00100218	03068e93	addi	x29,x13,48	 x13:0x00000005 x29=0x00000035
          14790	      7391	0010021c	00020f37	lui	x30,0x20	 x30=0x00020000
          14792	      7392	00100220	00851f93	slli	x31,x10,0x8	 x10:0x056b3aa5 x31=0x6b3aa500
          14796	      7394	00100224	01df2023	sw	x29,0(x30)	 x30:0x00020000 x29:0x00000035 PA:0x00020000 store:0x00000035 load:0x00000000
          14798	      7395	00100228	01cfd793	srli	x15,x31,0x1c	 x31:0x6b3aa500 x15=0x00000006
          14800	      7396	0010022c	00900713	addi	x14,x0,9	  x0:0x00000000 x14=0x00000009
          14802	      7397	00100230	f2f76ae3	bltu	x14,x15,100164	 x14:0x00000009 x15:0x00000006
          14804	      7398	00100234	03078393	addi	x7,x15,48	 x15:0x00000006  x7=0x00000036
          14806	      7399	00100238	000205b7	lui	x11,0x20	 x11=0x00020000
          14808	      7400	0010023c	00c51613	slli	x12,x10,0xc	 x10:0x056b3aa5 x12=0xb3aa5000
          14812	      7402	00100240	0075a023	sw	x7,0(x11)	 x11:0x00020000  x7:0x00000036 PA:0x00020000 store:0x00000036 load:0x00000000
          14814	      7403	00100244	01c65693	srli	x13,x12,0x1c	 x12:0xb3aa5000 x13=0x0000000b
          14816	      7404	00100248	00900813	addi	x16,x0,9	  x0:0x00000000 x16=0x00000009
          14820	      7406	0010024c	f2d86ae3	bltu	x16,x13,100180	 x16:0x00000009 x13:0x0000000b
          14824	      7408	00100180	03768893	addi	x17,x13,55	 x13:0x0000000b x17=0x00000042
          14826	      7409	00100184	00020e37	lui	x28,0x20	 x28=0x00020000
          14828	      7410	00100188	01051f93	slli	x31,x10,0x10	 x10:0x056b3aa5 x31=0x3aa50000
          14832	      7412	0010018c	011e2023	sw	x17,0(x28)	 x28:0x00020000 x17:0x00000042 PA:0x00020000 store:0x00000042 load:0x00000000
          14834	      7413	00100190	01cfd793	srli	x15,x31,0x1c	 x31:0x3aa50000 x15=0x00000003
          14836	      7414	00100194	00900713	addi	x14,x0,9	  x0:0x00000000 x14=0x00000009
          14840	      7416	00100198	0cf77a63	bgeu	x14,x15,10026c	 x14:0x00000009 x15:0x00000003
          14844	      7418	0010026c	03078393	addi	x7,x15,48	 x15:0x00000003  x7=0x00000033
          14846	      7419	00100270	000205b7	lui	x11,0x20	 x11=0x00020000
          14848	      7420	00100274	01451613	slli	x12,x10,0x14	 x10:0x056b3aa5 x12=0xaa500000
          14852	      7422	00100278	0075a023	sw	x7,0(x11)	 x11:0x00020000  x7:0x00000033 PA:0x00020000 store:0x00000033 load:0x00000000
          14854	      7423	0010027c	01c65693	srli	x13,x12,0x1c	 x12:0xaa500000 x13=0x0000000a
          14856	      7424	00100280	00900813	addi	x16,x0,9	  x0:0x00000000 x16=0x00000009
          14860	      7426	00100284	f2d86ae3	bltu	x16,x13,1001b8	 x16:0x00000009 x13:0x0000000a
          14864	      7428	001001b8	03768893	addi	x17,x13,55	 x13:0x0000000a x17=0x00000041
          14866	      7429	001001bc	00020e37	lui	x28,0x20	 x28=0x00020000
          14868	      7430	001001c0	01851f93	slli	x31,x10,0x18	 x10:0x056b3aa5 x31=0xa5000000
          14872	      7432	001001c4	011e2023	sw	x17,0(x28)	 x28:0x00020000 x17:0x00000041 PA:0x00020000 store:0x00000041 load:0x00000000
          14874	      7433	001001c8	01cfd793	srli	x15,x31,0x1c	 x31:0xa5000000 x15=0x0000000a
          14876	      7434	001001cc	00900713	addi	x14,x0,9	  x0:0x00000000 x14=0x00000009
          14878	      7435	001001d0	0cf77a63	bgeu	x14,x15,1002a4	 x14:0x00000009 x15:0x0000000a
          14880	      7436	001001d4	03778293	addi	x5,x15,55	 x15:0x0000000a  x5=0x00000041
          14882	      7437	001001d8	00020337	lui	x6,0x20	  x6=0x00020000
          14886	      7439	001001dc	00532023	sw	x5,0(x6)	  x6:0x00020000  x5:0x00000041 PA:0x00020000 store:0x00000041 load:0x00000000
          14888	      7440	001001e0	00f57513	andi	x10,x10,15	 x10:0x056b3aa5 x10=0x00000005
          14890	      7441	001001e4	00900613	addi	x12,x0,9	  x0:0x00000000 x12=0x00000009
          14892	      7442	001001e8	0ca66a63	bltu	x12,x10,1002bc	 x12:0x00000009 x10:0x00000005
          14894	      7443	001001ec	03050893	addi	x17,x10,48	 x10:0x00000005 x17=0x00000035
          14896	      7444	001001f0	00020e37	lui	x28,0x20	 x28=0x00020000
          14900	      7446	001001f4	011e2023	sw	x17,0(x28)	 x28:0x00020000 x17:0x00000035 PA:0x00020000 store:0x00000035 load:0x00000000
          14914	      7453	001001f8	00008067	jalr	x0,0(x1)	  x1:0x00101278  x0=0x00000000
          14916	      7454	00101278	d089a087	flw	f1,-760(x19)	 f19:0x00102000  f1=0x00000000 PA:0x00101d08 store:0x4598f2e4
          14918	      7455	0010127c	d24ba107	flw	f2,-732(x23)	 f23:0x00102000  f2=0x00000000 PA:0x00101d24 store:0x42f67c6a
          14940	      7466	00101280	a10a8513	addi	x10,x21,-1520	 x21:0x00102000 x10=0x00101a10
          14942	      7467	00101284	1820f753	fdiv.s	f14,f1,f2	  f1:0x00101278  f2:0x00137fa0 f14=0x00000000
          14948	      7470	00101288	d0e9a427	fsw	f14,-760(x19)	 f19:0x00102000 f14:0x00000009 PA:0x00101d08 store:0x01f44f00 load:0x42f67c6a
          14956	      7474	0010128c	d089a787	flw	f15,-760(x19)	 f19:0x00102000 f15=0x00000000 PA:0x00101d08 store:0x4598f2e4
          14962	      7477	00101290	e0078ed3	fmv.x.w	x29,f15	 f15:0x0000000a x29=0x01f44f00
          14964	      7478	00101294	cfda2c23	sw	x29,-776(x20)	 x20:0x00102000 x29:0x01f44f00 PA:0x00101cf8 store:0x01f44f00 load:0x01f44f00
          14968	      7480	00101298	e09fe0ef	jal	x1,1000a0	  x1=0x0010129c
          14972	      7482	001000a0	00054803	lbu	x16,0(x10)	 x10:0x00101a10 x16=0x0000000a PA:0x00101a10 store:0x00000000
          14974	      7483	001000a4	06080663	beq	x16,x0,100110	 x16:0x0000000a  x0:0x00000000
          14976	      7484	001000a8	000207b7	lui	x15,0x20	 x15=0x00020000
          14980	      7486	001000ac	0107a023	sw	x16,0(x15)	 x15:0x00020000 x16:0x0000000a PA:0x00020000 store:0x0000000a load:0x00000000
          14984	      7488	001000b0	00154703	lbu	x14,1(x10)	 x10:0x00101a10 x14=0x00000020 PA:0x00101a11 store:0x0010129c
          14986	      7489	001000b4	04070e63	beq	x14,x0,100110	 x14:0x00000020  x0:0x00000000
          14990	      7491	001000b8	00e7a023	sw	x14,0(x15)	 x15:0x00020000 x14:0x00000020 PA:0x00020000 store:0x00000020 load:0x00000000
          14994	      7493	001000bc	00254283	lbu	x5,2(x10)	 x10:0x00101a10  x5=0x00000069 PA:0x00101a12 store:0x00137fa0
          14996	      7494	001000c0	04028863	beq	x5,x0,100110	  x5:0x00000069  x0:0x00000000
          15000	      7496	001000c4	0057a023	sw	x5,0(x15)	 x15:0x00020000  x5:0x00000069 PA:0x00020000 store:0x00000069 load:0x00000000
          15004	      7498	001000c8	00354303	lbu	x6,3(x10)	 x10:0x00101a10  x6=0x0000003d PA:0x00101a13 store:0x00000000
          15006	      7499	001000cc	04030263	beq	x6,x0,100110	  x6:0x0000003d  x0:0x00000000
          15010	      7501	001000d0	0067a023	sw	x6,0(x15)	 x15:0x00020000  x6:0x0000003d PA:0x00020000 store:0x0000003d load:0x00000000
          15014	      7503	001000d4	00454383	lbu	x7,4(x10)	 x10:0x00101a10  x7=0x00000000 PA:0x00101a14 store:0x00000000
          15018	      7505	001000d8	02038c63	beq	x7,x0,100110	  x7:0x00000000  x0:0x00000000
          15022	      7507	00100110	00000513	addi	x10,x0,0	  x0:0x00000000 x10=0x00000000
          15026	      7509	00100114	00008067	jalr	x0,0(x1)	  x1:0x0010129c  x0=0x00000000
          15028	      7510	0010129c	000d8513	addi	x10,x27,0	 x27:0x00000012 x10=0x00000012
          15032	      7512	001012a0	e81fe0ef	jal	x1,100120	  x1=0x001012a4
          15034	      7513	00100120	01c55793	srli	x15,x10,0x1c	 x10:0x00000012 x15=0x00000000
          15036	      7514	00100124	00900713	addi	x14,x0,9	  x0:0x00000000 x14=0x00000009
          15040	      7516	00100128	0cf77a63	bgeu	x14,x15,1001fc	 x14:0x00000009 x15:0x00000000
          15044	      7518	001001fc	03078393	addi	x7,x15,48	 x15:0x00000000  x7=0x00000030
          15046	      7519	00100200	000205b7	lui	x11,0x20	 x11=0x00020000
          15048	      7520	00100204	00451613	slli	x12,x10,0x4	 x10:0x00000012 x12=0x00000120
          15052	      7522	00100208	0075a023	sw	x7,0(x11)	 x11:0x00020000  x7:0x00000030 PA:0x00020000 store:0x00000030 load:0x00000000
          15054	      7523	0010020c	01c65693	srli	x13,x12,0x1c	 x12:0x00000120 x13=0x00000000
          15056	      7524	00100210	00900813	addi	x16,x0,9	  x0:0x00000000 x16=0x00000009
          15058	      7525	00100214	f2d86ae3	bltu	x16,x13,100148	 x16:0x00000009 x13:0x00000000
          15060	      7526	00100218	03068e93	addi	x29,x13,48	 x13:0x00000000 x29=0x00000030
          15062	      7527	0010021c	00020f37	lui	x30,0x20	 x30=0x00020000
          15064	      7528	00100220	00851f93	slli	x31,x10,0x8	 x10:0x00000012 x31=0x00001200
          15068	      7530	00100224	01df2023	sw	x29,0(x30)	 x30:0x00020000 x29:0x00000030 PA:0x00020000 store:0x00000030 load:0x00000000
          15070	      7531	00100228	01cfd793	srli	x15,x31,0x1c	 x31:0x00001200 x15=0x00000000
          15072	      7532	0010022c	00900713	addi	x14,x0,9	  x0:0x00000000 x14=0x00000009
          15074	      7533	00100230	f2f76ae3	bltu	x14,x15,100164	 x14:0x00000009 x15:0x00000000
          15076	      7534	00100234	03078393	addi	x7,x15,48	 x15:0x00000000  x7=0x00000030
          15078	      7535	00100238	000205b7	lui	x11,0x20	 x11=0x00020000
          15080	      7536	0010023c	00c51613	slli	x12,x10,0xc	 x10:0x00000012 x12=0x00012000
          15084	      7538	00100240	0075a023	sw	x7,0(x11)	 x11:0x00020000  x7:0x00000030 PA:0x00020000 store:0x00000030 load:0x00000000
          15086	      7539	00100244	01c65693	srli	x13,x12,0x1c	 x12:0x00012000 x13=0x00000000
          15088	      7540	00100248	00900813	addi	x16,x0,9	  x0:0x00000000 x16=0x00000009
          15090	      7541	0010024c	f2d86ae3	bltu	x16,x13,100180	 x16:0x00000009 x13:0x00000000
          15092	      7542	00100250	03068e93	addi	x29,x13,48	 x13:0x00000000 x29=0x00000030
          15094	      7543	00100254	00020f37	lui	x30,0x20	 x30=0x00020000
          15096	      7544	00100258	01051f93	slli	x31,x10,0x10	 x10:0x00000012 x31=0x00120000
          15100	      7546	0010025c	01df2023	sw	x29,0(x30)	 x30:0x00020000 x29:0x00000030 PA:0x00020000 store:0x00000030 load:0x00000000
          15102	      7547	00100260	01cfd793	srli	x15,x31,0x1c	 x31:0x00120000 x15=0x00000000
          15104	      7548	00100264	00900713	addi	x14,x0,9	  x0:0x00000000 x14=0x00000009
          15106	      7549	00100268	f2f76ae3	bltu	x14,x15,10019c	 x14:0x00000009 x15:0x00000000
          15108	      7550	0010026c	03078393	addi	x7,x15,48	 x15:0x00000000  x7=0x00000030
          15110	      7551	00100270	000205b7	lui	x11,0x20	 x11=0x00020000
          15112	      7552	00100274	01451613	slli	x12,x10,0x14	 x10:0x00000012 x12=0x01200000
          15116	      7554	00100278	0075a023	sw	x7,0(x11)	 x11:0x00020000  x7:0x00000030 PA:0x00020000 store:0x00000030 load:0x00000000
          15118	      7555	0010027c	01c65693	srli	x13,x12,0x1c	 x12:0x01200000 x13=0x00000000
          15120	      7556	00100280	00900813	addi	x16,x0,9	  x0:0x00000000 x16=0x00000009
          15122	      7557	00100284	f2d86ae3	bltu	x16,x13,1001b8	 x16:0x00000009 x13:0x00000000
          15124	      7558	00100288	03068e93	addi	x29,x13,48	 x13:0x00000000 x29=0x00000030
          15126	      7559	0010028c	00020f37	lui	x30,0x20	 x30=0x00020000
          15128	      7560	00100290	01851f93	slli	x31,x10,0x18	 x10:0x00000012 x31=0x12000000
          15132	      7562	00100294	01df2023	sw	x29,0(x30)	 x30:0x00020000 x29:0x00000030 PA:0x00020000 store:0x00000030 load:0x00000000
          15134	      7563	00100298	01cfd793	srli	x15,x31,0x1c	 x31:0x12000000 x15=0x00000001
          15136	      7564	0010029c	00900713	addi	x14,x0,9	  x0:0x00000000 x14=0x00000009
          15138	      7565	001002a0	f2f76ae3	bltu	x14,x15,1001d4	 x14:0x00000009 x15:0x00000001
          15140	      7566	001002a4	03078393	addi	x7,x15,48	 x15:0x00000001  x7=0x00000031
          15142	      7567	001002a8	000205b7	lui	x11,0x20	 x11=0x00020000
          15146	      7569	001002ac	0075a023	sw	x7,0(x11)	 x11:0x00020000  x7:0x00000031 PA:0x00020000 store:0x00000031 load:0x00000000
          15148	      7570	001002b0	00f57513	andi	x10,x10,15	 x10:0x00000012 x10=0x00000002
          15150	      7571	001002b4	00900613	addi	x12,x0,9	  x0:0x00000000 x12=0x00000009
          15154	      7573	001002b8	f2a67ae3	bgeu	x12,x10,1001ec	 x12:0x00000009 x10:0x00000002
          15158	      7575	001001ec	03050893	addi	x17,x10,48	 x10:0x00000002 x17=0x00000032
          15160	      7576	001001f0	00020e37	lui	x28,0x20	 x28=0x00020000
          15164	      7578	001001f4	011e2023	sw	x17,0(x28)	 x28:0x00020000 x17:0x00000032 PA:0x00020000 store:0x00000032 load:0x00000000
          15168	      7580	001001f8	00008067	jalr	x0,0(x1)	  x1:0x001012a4  x0=0x00000000
          15170	      7581	001012a4	a18b0513	addi	x10,x22,-1512	 x22:0x00102000 x10=0x00101a18
          15174	      7583	001012a8	df9fe0ef	jal	x1,1000a0	  x1=0x001012ac
          15178	      7585	001000a0	00054803	lbu	x16,0(x10)	 x10:0x00101a18 x16=0x00000020 PA:0x00101a18 store:0x00000000
          15180	      7586	001000a4	06080663	beq	x16,x0,100110	 x16:0x00000020  x0:0x00000000
          15182	      7587	001000a8	000207b7	lui	x15,0x20	 x15=0x00020000
          15186	      7589	001000ac	0107a023	sw	x16,0(x15)	 x15:0x00020000 x16:0x00000020 PA:0x00020000 store:0x00000020 load:0x00000000
          15190	      7591	001000b0	00154703	lbu	x14,1(x10)	 x10:0x00101a18 x14=0x00000072 PA:0x00101a19 store:0x001012ac
          15192	      7592	001000b4	04070e63	beq	x14,x0,100110	 x14:0x00000072  x0:0x00000000
          15196	      7594	001000b8	00e7a023	sw	x14,0(x15)	 x15:0x00020000 x14:0x00000072 PA:0x00020000 store:0x00000072 load:0x00000000
          15200	      7596	001000bc	00254283	lbu	x5,2(x10)	 x10:0x00101a18  x5=0x00000065 PA:0x00101a1a store:0x00137fa0
          15202	      7597	001000c0	04028863	beq	x5,x0,100110	  x5:0x00000065  x0:0x00000000
          15206	      7599	001000c4	0057a023	sw	x5,0(x15)	 x15:0x00020000  x5:0x00000065 PA:0x00020000 store:0x00000065 load:0x00000000
          15210	      7601	001000c8	00354303	lbu	x6,3(x10)	 x10:0x00101a18  x6=0x00000073 PA:0x00101a1b store:0x00000000
          15212	      7602	001000cc	04030263	beq	x6,x0,100110	  x6:0x00000073  x0:0x00000000
          15216	      7604	001000d0	0067a023	sw	x6,0(x15)	 x15:0x00020000  x6:0x00000073 PA:0x00020000 store:0x00000073 load:0x00000000
          15220	      7606	001000d4	00454383	lbu	x7,4(x10)	 x10:0x00101a18  x7=0x00000075 PA:0x00101a1c store:0x00000000
          15222	      7607	001000d8	02038c63	beq	x7,x0,100110	  x7:0x00000075  x0:0x00000000
          15226	      7609	001000dc	0077a023	sw	x7,0(x15)	 x15:0x00020000  x7:0x00000075 PA:0x00020000 store:0x00000075 load:0x00000000
          15230	      7611	001000e0	00554583	lbu	x11,5(x10)	 x10:0x00101a18 x11=0x0000006c PA:0x00101a1d store:0x00000065
          15232	      7612	001000e4	02058663	beq	x11,x0,100110	 x11:0x0000006c  x0:0x00000000
          15236	      7614	001000e8	00b7a023	sw	x11,0(x15)	 x15:0x00020000 x11:0x0000006c PA:0x00020000 store:0x0000006c load:0x00000000
          15240	      7616	001000ec	00654603	lbu	x12,6(x10)	 x10:0x00101a18 x12=0x00000074 PA:0x00101a1e store:0x00000073
          15242	      7617	001000f0	02060063	beq	x12,x0,100110	 x12:0x00000074  x0:0x00000000
          15246	      7619	001000f4	00c7a023	sw	x12,0(x15)	 x15:0x00020000 x12:0x00000074 PA:0x00020000 store:0x00000074 load:0x00000000
          15250	      7621	001000f8	00754683	lbu	x13,7(x10)	 x10:0x00101a18 x13=0x0000003a PA:0x00101a1f store:0x00000075
          15252	      7622	001000fc	00850513	addi	x10,x10,8	 x10:0x00101a18 x10=0x00101a20
          15254	      7623	00100100	00068863	beq	x13,x0,100110	 x13:0x0000003a  x0:0x00000000
          15258	      7625	00100104	00d7a023	sw	x13,0(x15)	 x15:0x00020000 x13:0x0000003a PA:0x00020000 store:0x0000003a load:0x00000000
          15262	      7627	00100108	00054803	lbu	x16,0(x10)	 x10:0x00101a20 x16=0x00000020 PA:0x00101a20 store:0x00000000
          15266	      7629	0010010c	fa0810e3	bne	x16,x0,1000ac	 x16:0x00000020  x0:0x00000000
          15272	      7632	001000ac	0107a023	sw	x16,0(x15)	 x15:0x00020000 x16:0x00000020 PA:0x00020000 store:0x00000020 load:0x00000000
          15276	      7634	001000b0	00154703	lbu	x14,1(x10)	 x10:0x00101a20 x14=0x00000000 PA:0x00101a21 store:0x001012ac
          15280	      7636	001000b4	04070e63	beq	x14,x0,100110	 x14:0x00000000  x0:0x00000000
          15284	      7638	00100110	00000513	addi	x10,x0,0	  x0:0x00000000 x10=0x00000000
          15288	      7640	00100114	00008067	jalr	x0,0(x1)	  x1:0x001012ac  x0=0x00000000
          15292	      7642	001012ac	cf8a2503	lw	x10,-776(x20)	 x20:0x00102000 x10=0x01f44f00 PA:0x00101cf8 store:0x00000010
          15294	      7643	001012b0	003c0d93	addi	x27,x24,3	 x24:0x00000010 x27=0x00000013
          15296	      7644	001012b4	004c0c13	addi	x24,x24,4	 x24:0x00000010 x24=0x00000014
          15300	      7646	001012b8	e69fe0ef	jal	x1,100120	  x1=0x001012bc
          15302	      7647	00100120	01c55793	srli	x15,x10,0x1c	 x10:0x01f44f00 x15=0x00000000
          15304	      7648	00100124	00900713	addi	x14,x0,9	  x0:0x00000000 x14=0x00000009
          15308	      7650	00100128	0cf77a63	bgeu	x14,x15,1001fc	 x14:0x00000009 x15:0x00000000
          15312	      7652	001001fc	03078393	addi	x7,x15,48	 x15:0x00000000  x7=0x00000030
          15314	      7653	00100200	000205b7	lui	x11,0x20	 x11=0x00020000
          15316	      7654	00100204	00451613	slli	x12,x10,0x4	 x10:0x01f44f00 x12=0x1f44f000
          15320	      7656	00100208	0075a023	sw	x7,0(x11)	 x11:0x00020000  x7:0x00000030 PA:0x00020000 store:0x00000030 load:0x00000000
          15322	      7657	0010020c	01c65693	srli	x13,x12,0x1c	 x12:0x1f44f000 x13=0x00000001
          15324	      7658	00100210	00900813	addi	x16,x0,9	  x0:0x00000000 x16=0x00000009
          15326	      7659	00100214	f2d86ae3	bltu	x16,x13,100148	 x16:0x00000009 x13:0x00000001
          15328	      7660	00100218	03068e93	addi	x29,x13,48	 x13:0x00000001 x29=0x00000031
          15330	      7661	0010021c	00020f37	lui	x30,0x20	 x30=0x00020000
          15332	      7662	00100220	00851f93	slli	x31,x10,0x8	 x10:0x01f44f00 x31=0xf44f0000
          15336	      7664	00100224	01df2023	sw	x29,0(x30)	 x30:0x00020000 x29:0x00000031 PA:0x00020000 store:0x00000031 load:0x00000000
          15338	      7665	00100228	01cfd793	srli	x15,x31,0x1c	 x31:0xf44f0000 x15=0x0000000f
          15340	      7666	0010022c	00900713	addi	x14,x0,9	  x0:0x00000000 x14=0x00000009
          15344	      7668	00100230	f2f76ae3	bltu	x14,x15,100164	 x14:0x00000009 x15:0x0000000f
          15348	      7670	00100164	03778293	addi	x5,x15,55	 x15:0x0000000f  x5=0x00000046
          15350	      7671	00100168	00020337	lui	x6,0x20	  x6=0x00020000
          15352	      7672	0010016c	00c51613	slli	x12,x10,0xc	 x10:0x01f44f00 x12=0x44f00000
          15356	      7674	00100170	00532023	sw	x5,0(x6)	  x6:0x00020000  x5:0x00000046 PA:0x00020000 store:0x00000046 load:0x00000000
          15358	      7675	00100174	01c65693	srli	x13,x12,0x1c	 x12:0x44f00000 x13=0x00000004
          15360	      7676	00100178	00900813	addi	x16,x0,9	  x0:0x00000000 x16=0x00000009
          15364	      7678	0010017c	0cd87a63	bgeu	x16,x13,100250	 x16:0x00000009 x13:0x00000004
          15368	      7680	00100250	03068e93	addi	x29,x13,48	 x13:0x00000004 x29=0x00000034
          15370	      7681	00100254	00020f37	lui	x30,0x20	 x30=0x00020000
          15372	      7682	00100258	01051f93	slli	x31,x10,0x10	 x10:0x01f44f00 x31=0x4f000000
          15376	      7684	0010025c	01df2023	sw	x29,0(x30)	 x30:0x00020000 x29:0x00000034 PA:0x00020000 store:0x00000034 load:0x00000000
          15378	      7685	00100260	01cfd793	srli	x15,x31,0x1c	 x31:0x4f000000 x15=0x00000004
          15380	      7686	00100264	00900713	addi	x14,x0,9	  x0:0x00000000 x14=0x00000009
          15382	      7687	00100268	f2f76ae3	bltu	x14,x15,10019c	 x14:0x00000009 x15:0x00000004
          15384	      7688	0010026c	03078393	addi	x7,x15,48	 x15:0x00000004  x7=0x00000034
          15386	      7689	00100270	000205b7	lui	x11,0x20	 x11=0x00020000
          15388	      7690	00100274	01451613	slli	x12,x10,0x14	 x10:0x01f44f00 x12=0xf0000000
          15392	      7692	00100278	0075a023	sw	x7,0(x11)	 x11:0x00020000  x7:0x00000034 PA:0x00020000 store:0x00000034 load:0x00000000
          15394	      7693	0010027c	01c65693	srli	x13,x12,0x1c	 x12:0xf0000000 x13=0x0000000f
          15396	      7694	00100280	00900813	addi	x16,x0,9	  x0:0x00000000 x16=0x00000009
          15400	      7696	00100284	f2d86ae3	bltu	x16,x13,1001b8	 x16:0x00000009 x13:0x0000000f
          15404	      7698	001001b8	03768893	addi	x17,x13,55	 x13:0x0000000f x17=0x00000046
          15406	      7699	001001bc	00020e37	lui	x28,0x20	 x28=0x00020000
          15408	      7700	001001c0	01851f93	slli	x31,x10,0x18	 x10:0x01f44f00 x31=0x00000000
          15412	      7702	001001c4	011e2023	sw	x17,0(x28)	 x28:0x00020000 x17:0x00000046 PA:0x00020000 store:0x00000046 load:0x00000000
          15414	      7703	001001c8	01cfd793	srli	x15,x31,0x1c	 x31:0x00000000 x15=0x00000000
          15416	      7704	001001cc	00900713	addi	x14,x0,9	  x0:0x00000000 x14=0x00000009
          15420	      7706	001001d0	0cf77a63	bgeu	x14,x15,1002a4	 x14:0x00000009 x15:0x00000000
          15424	      7708	001002a4	03078393	addi	x7,x15,48	 x15:0x00000000  x7=0x00000030
          15426	      7709	001002a8	000205b7	lui	x11,0x20	 x11=0x00020000
          15430	      7711	001002ac	0075a023	sw	x7,0(x11)	 x11:0x00020000  x7:0x00000030 PA:0x00020000 store:0x00000030 load:0x00000000
          15432	      7712	001002b0	00f57513	andi	x10,x10,15	 x10:0x01f44f00 x10=0x00000000
          15434	      7713	001002b4	00900613	addi	x12,x0,9	  x0:0x00000000 x12=0x00000009
          15438	      7715	001002b8	f2a67ae3	bgeu	x12,x10,1001ec	 x12:0x00000009 x10:0x00000000
          15442	      7717	001001ec	03050893	addi	x17,x10,48	 x10:0x00000000 x17=0x00000030
          15444	      7718	001001f0	00020e37	lui	x28,0x20	 x28=0x00020000
          15448	      7720	001001f4	011e2023	sw	x17,0(x28)	 x28:0x00020000 x17:0x00000030 PA:0x00020000 store:0x00000030 load:0x00000000
          15462	      7727	001001f8	00008067	jalr	x0,0(x1)	  x1:0x001012bc  x0=0x00000000
          15464	      7728	001012bc	d089a187	flw	f3,-760(x19)	 f19:0x00102000  f3=0x00000000 PA:0x00101d08 store:0x4598f2e4
          15466	      7729	001012c0	d24ba207	flw	f4,-732(x23)	 f23:0x00102000  f4=0x00000000 PA:0x00101d24 store:0x42f67c6a
          15488	      7740	001012c4	a10a8513	addi	x10,x21,-1520	 x21:0x00102000 x10=0x00101a10
          15490	      7741	001012c8	1841f5d3	fdiv.s	f11,f3,f4	  f3:0x00000000  f4:0x00000000 f11=0x00000000
          15496	      7744	001012cc	d0b9a427	fsw	f11,-760(x19)	 f19:0x00102000 f11:0x00020000 PA:0x00101d08 store:0x0007ede9 load:0x42f67c6a
          15504	      7748	001012d0	d089a287	flw	f5,-760(x19)	 f19:0x00102000  f5=0x00000000 PA:0x00101d08 store:0x4598f2e4
          15510	      7751	001012d4	e0028f53	fmv.x.w	x30,f5	  f5:0x00000046 x30=0x0007ede9
          15512	      7752	001012d8	cfea2c23	sw	x30,-776(x20)	 x20:0x00102000 x30:0x0007ede9 PA:0x00101cf8 store:0x0007ede9 load:0x0007ede9
          15516	      7754	001012dc	dc5fe0ef	jal	x1,1000a0	  x1=0x001012e0
          15520	      7756	001000a0	00054803	lbu	x16,0(x10)	 x10:0x00101a10 x16=0x0000000a PA:0x00101a10 store:0x00000000
          15522	      7757	001000a4	06080663	beq	x16,x0,100110	 x16:0x0000000a  x0:0x00000000
          15524	      7758	001000a8	000207b7	lui	x15,0x20	 x15=0x00020000
          15528	      7760	001000ac	0107a023	sw	x16,0(x15)	 x15:0x00020000 x16:0x0000000a PA:0x00020000 store:0x0000000a load:0x00000000
          15532	      7762	001000b0	00154703	lbu	x14,1(x10)	 x10:0x00101a10 x14=0x00000020 PA:0x00101a11 store:0x001012e0
          15534	      7763	001000b4	04070e63	beq	x14,x0,100110	 x14:0x00000020  x0:0x00000000
          15538	      7765	001000b8	00e7a023	sw	x14,0(x15)	 x15:0x00020000 x14:0x00000020 PA:0x00020000 store:0x00000020 load:0x00000000
          15542	      7767	001000bc	00254283	lbu	x5,2(x10)	 x10:0x00101a10  x5=0x00000069 PA:0x00101a12 store:0x00137fa0
          15544	      7768	001000c0	04028863	beq	x5,x0,100110	  x5:0x00000069  x0:0x00000000
          15548	      7770	001000c4	0057a023	sw	x5,0(x15)	 x15:0x00020000  x5:0x00000069 PA:0x00020000 store:0x00000069 load:0x00000000
          15552	      7772	001000c8	00354303	lbu	x6,3(x10)	 x10:0x00101a10  x6=0x0000003d PA:0x00101a13 store:0x00000000
          15554	      7773	001000cc	04030263	beq	x6,x0,100110	  x6:0x0000003d  x0:0x00000000
          15558	      7775	001000d0	0067a023	sw	x6,0(x15)	 x15:0x00020000  x6:0x0000003d PA:0x00020000 store:0x0000003d load:0x00000000
          15562	      7777	001000d4	00454383	lbu	x7,4(x10)	 x10:0x00101a10  x7=0x00000000 PA:0x00101a14 store:0x00000000
          15566	      7779	001000d8	02038c63	beq	x7,x0,100110	  x7:0x00000000  x0:0x00000000
          15570	      7781	00100110	00000513	addi	x10,x0,0	  x0:0x00000000 x10=0x00000000
          15574	      7783	00100114	00008067	jalr	x0,0(x1)	  x1:0x001012e0  x0=0x00000000
          15576	      7784	001012e0	000d8513	addi	x10,x27,0	 x27:0x00000013 x10=0x00000013
          15580	      7786	001012e4	e3dfe0ef	jal	x1,100120	  x1=0x001012e8
          15582	      7787	00100120	01c55793	srli	x15,x10,0x1c	 x10:0x00000013 x15=0x00000000
          15584	      7788	00100124	00900713	addi	x14,x0,9	  x0:0x00000000 x14=0x00000009
          15588	      7790	00100128	0cf77a63	bgeu	x14,x15,1001fc	 x14:0x00000009 x15:0x00000000
          15592	      7792	001001fc	03078393	addi	x7,x15,48	 x15:0x00000000  x7=0x00000030
          15594	      7793	00100200	000205b7	lui	x11,0x20	 x11=0x00020000
          15596	      7794	00100204	00451613	slli	x12,x10,0x4	 x10:0x00000013 x12=0x00000130
          15600	      7796	00100208	0075a023	sw	x7,0(x11)	 x11:0x00020000  x7:0x00000030 PA:0x00020000 store:0x00000030 load:0x00000000
          15602	      7797	0010020c	01c65693	srli	x13,x12,0x1c	 x12:0x00000130 x13=0x00000000
          15604	      7798	00100210	00900813	addi	x16,x0,9	  x0:0x00000000 x16=0x00000009
          15606	      7799	00100214	f2d86ae3	bltu	x16,x13,100148	 x16:0x00000009 x13:0x00000000
          15608	      7800	00100218	03068e93	addi	x29,x13,48	 x13:0x00000000 x29=0x00000030
          15610	      7801	0010021c	00020f37	lui	x30,0x20	 x30=0x00020000
          15612	      7802	00100220	00851f93	slli	x31,x10,0x8	 x10:0x00000013 x31=0x00001300
          15616	      7804	00100224	01df2023	sw	x29,0(x30)	 x30:0x00020000 x29:0x00000030 PA:0x00020000 store:0x00000030 load:0x00000000
          15618	      7805	00100228	01cfd793	srli	x15,x31,0x1c	 x31:0x00001300 x15=0x00000000
          15620	      7806	0010022c	00900713	addi	x14,x0,9	  x0:0x00000000 x14=0x00000009
          15622	      7807	00100230	f2f76ae3	bltu	x14,x15,100164	 x14:0x00000009 x15:0x00000000
          15624	      7808	00100234	03078393	addi	x7,x15,48	 x15:0x00000000  x7=0x00000030
          15626	      7809	00100238	000205b7	lui	x11,0x20	 x11=0x00020000
          15628	      7810	0010023c	00c51613	slli	x12,x10,0xc	 x10:0x00000013 x12=0x00013000
          15632	      7812	00100240	0075a023	sw	x7,0(x11)	 x11:0x00020000  x7:0x00000030 PA:0x00020000 store:0x00000030 load:0x00000000
          15634	      7813	00100244	01c65693	srli	x13,x12,0x1c	 x12:0x00013000 x13=0x00000000
          15636	      7814	00100248	00900813	addi	x16,x0,9	  x0:0x00000000 x16=0x00000009
          15638	      7815	0010024c	f2d86ae3	bltu	x16,x13,100180	 x16:0x00000009 x13:0x00000000
          15640	      7816	00100250	03068e93	addi	x29,x13,48	 x13:0x00000000 x29=0x00000030
          15642	      7817	00100254	00020f37	lui	x30,0x20	 x30=0x00020000
          15644	      7818	00100258	01051f93	slli	x31,x10,0x10	 x10:0x00000013 x31=0x00130000
          15648	      7820	0010025c	01df2023	sw	x29,0(x30)	 x30:0x00020000 x29:0x00000030 PA:0x00020000 store:0x00000030 load:0x00000000
          15650	      7821	00100260	01cfd793	srli	x15,x31,0x1c	 x31:0x00130000 x15=0x00000000
          15652	      7822	00100264	00900713	addi	x14,x0,9	  x0:0x00000000 x14=0x00000009
          15654	      7823	00100268	f2f76ae3	bltu	x14,x15,10019c	 x14:0x00000009 x15:0x00000000
          15656	      7824	0010026c	03078393	addi	x7,x15,48	 x15:0x00000000  x7=0x00000030
          15658	      7825	00100270	000205b7	lui	x11,0x20	 x11=0x00020000
          15660	      7826	00100274	01451613	slli	x12,x10,0x14	 x10:0x00000013 x12=0x01300000
          15664	      7828	00100278	0075a023	sw	x7,0(x11)	 x11:0x00020000  x7:0x00000030 PA:0x00020000 store:0x00000030 load:0x00000000
          15666	      7829	0010027c	01c65693	srli	x13,x12,0x1c	 x12:0x01300000 x13=0x00000000
          15668	      7830	00100280	00900813	addi	x16,x0,9	  x0:0x00000000 x16=0x00000009
          15670	      7831	00100284	f2d86ae3	bltu	x16,x13,1001b8	 x16:0x00000009 x13:0x00000000
          15672	      7832	00100288	03068e93	addi	x29,x13,48	 x13:0x00000000 x29=0x00000030
          15674	      7833	0010028c	00020f37	lui	x30,0x20	 x30=0x00020000
          15676	      7834	00100290	01851f93	slli	x31,x10,0x18	 x10:0x00000013 x31=0x13000000
          15680	      7836	00100294	01df2023	sw	x29,0(x30)	 x30:0x00020000 x29:0x00000030 PA:0x00020000 store:0x00000030 load:0x00000000
          15682	      7837	00100298	01cfd793	srli	x15,x31,0x1c	 x31:0x13000000 x15=0x00000001
          15684	      7838	0010029c	00900713	addi	x14,x0,9	  x0:0x00000000 x14=0x00000009
          15686	      7839	001002a0	f2f76ae3	bltu	x14,x15,1001d4	 x14:0x00000009 x15:0x00000001
          15688	      7840	001002a4	03078393	addi	x7,x15,48	 x15:0x00000001  x7=0x00000031
          15690	      7841	001002a8	000205b7	lui	x11,0x20	 x11=0x00020000
          15694	      7843	001002ac	0075a023	sw	x7,0(x11)	 x11:0x00020000  x7:0x00000031 PA:0x00020000 store:0x00000031 load:0x00000000
          15696	      7844	001002b0	00f57513	andi	x10,x10,15	 x10:0x00000013 x10=0x00000003
          15698	      7845	001002b4	00900613	addi	x12,x0,9	  x0:0x00000000 x12=0x00000009
          15702	      7847	001002b8	f2a67ae3	bgeu	x12,x10,1001ec	 x12:0x00000009 x10:0x00000003
          15706	      7849	001001ec	03050893	addi	x17,x10,48	 x10:0x00000003 x17=0x00000033
          15708	      7850	001001f0	00020e37	lui	x28,0x20	 x28=0x00020000
          15712	      7852	001001f4	011e2023	sw	x17,0(x28)	 x28:0x00020000 x17:0x00000033 PA:0x00020000 store:0x00000033 load:0x00000000
          15716	      7854	001001f8	00008067	jalr	x0,0(x1)	  x1:0x001012e8  x0=0x00000000
          15718	      7855	001012e8	a18b0513	addi	x10,x22,-1512	 x22:0x00102000 x10=0x00101a18
          15722	      7857	001012ec	db5fe0ef	jal	x1,1000a0	  x1=0x001012f0
          15726	      7859	001000a0	00054803	lbu	x16,0(x10)	 x10:0x00101a18 x16=0x00000020 PA:0x00101a18 store:0x00000000
          15728	      7860	001000a4	06080663	beq	x16,x0,100110	 x16:0x00000020  x0:0x00000000
          15730	      7861	001000a8	000207b7	lui	x15,0x20	 x15=0x00020000
          15734	      7863	001000ac	0107a023	sw	x16,0(x15)	 x15:0x00020000 x16:0x00000020 PA:0x00020000 store:0x00000020 load:0x00000000
          15738	      7865	001000b0	00154703	lbu	x14,1(x10)	 x10:0x00101a18 x14=0x00000072 PA:0x00101a19 store:0x001012f0
          15740	      7866	001000b4	04070e63	beq	x14,x0,100110	 x14:0x00000072  x0:0x00000000
          15744	      7868	001000b8	00e7a023	sw	x14,0(x15)	 x15:0x00020000 x14:0x00000072 PA:0x00020000 store:0x00000072 load:0x00000000
          15748	      7870	001000bc	00254283	lbu	x5,2(x10)	 x10:0x00101a18  x5=0x00000065 PA:0x00101a1a store:0x00137fa0
          15750	      7871	001000c0	04028863	beq	x5,x0,100110	  x5:0x00000065  x0:0x00000000
          15754	      7873	001000c4	0057a023	sw	x5,0(x15)	 x15:0x00020000  x5:0x00000065 PA:0x00020000 store:0x00000065 load:0x00000000
          15758	      7875	001000c8	00354303	lbu	x6,3(x10)	 x10:0x00101a18  x6=0x00000073 PA:0x00101a1b store:0x00000000
          15760	      7876	001000cc	04030263	beq	x6,x0,100110	  x6:0x00000073  x0:0x00000000
          15764	      7878	001000d0	0067a023	sw	x6,0(x15)	 x15:0x00020000  x6:0x00000073 PA:0x00020000 store:0x00000073 load:0x00000000
          15768	      7880	001000d4	00454383	lbu	x7,4(x10)	 x10:0x00101a18  x7=0x00000075 PA:0x00101a1c store:0x00000000
          15770	      7881	001000d8	02038c63	beq	x7,x0,100110	  x7:0x00000075  x0:0x00000000
          15774	      7883	001000dc	0077a023	sw	x7,0(x15)	 x15:0x00020000  x7:0x00000075 PA:0x00020000 store:0x00000075 load:0x00000000
          15778	      7885	001000e0	00554583	lbu	x11,5(x10)	 x10:0x00101a18 x11=0x0000006c PA:0x00101a1d store:0x00000065
          15780	      7886	001000e4	02058663	beq	x11,x0,100110	 x11:0x0000006c  x0:0x00000000
          15784	      7888	001000e8	00b7a023	sw	x11,0(x15)	 x15:0x00020000 x11:0x0000006c PA:0x00020000 store:0x0000006c load:0x00000000
          15788	      7890	001000ec	00654603	lbu	x12,6(x10)	 x10:0x00101a18 x12=0x00000074 PA:0x00101a1e store:0x00000073
          15790	      7891	001000f0	02060063	beq	x12,x0,100110	 x12:0x00000074  x0:0x00000000
          15794	      7893	001000f4	00c7a023	sw	x12,0(x15)	 x15:0x00020000 x12:0x00000074 PA:0x00020000 store:0x00000074 load:0x00000000
          15798	      7895	001000f8	00754683	lbu	x13,7(x10)	 x10:0x00101a18 x13=0x0000003a PA:0x00101a1f store:0x00000075
          15800	      7896	001000fc	00850513	addi	x10,x10,8	 x10:0x00101a18 x10=0x00101a20
          15802	      7897	00100100	00068863	beq	x13,x0,100110	 x13:0x0000003a  x0:0x00000000
          15806	      7899	00100104	00d7a023	sw	x13,0(x15)	 x15:0x00020000 x13:0x0000003a PA:0x00020000 store:0x0000003a load:0x00000000
          15810	      7901	00100108	00054803	lbu	x16,0(x10)	 x10:0x00101a20 x16=0x00000020 PA:0x00101a20 store:0x00000000
          15814	      7903	0010010c	fa0810e3	bne	x16,x0,1000ac	 x16:0x00000020  x0:0x00000000
          15820	      7906	001000ac	0107a023	sw	x16,0(x15)	 x15:0x00020000 x16:0x00000020 PA:0x00020000 store:0x00000020 load:0x00000000
          15824	      7908	001000b0	00154703	lbu	x14,1(x10)	 x10:0x00101a20 x14=0x00000000 PA:0x00101a21 store:0x001012f0
          15828	      7910	001000b4	04070e63	beq	x14,x0,100110	 x14:0x00000000  x0:0x00000000
          15832	      7912	00100110	00000513	addi	x10,x0,0	  x0:0x00000000 x10=0x00000000
          15836	      7914	00100114	00008067	jalr	x0,0(x1)	  x1:0x001012f0  x0=0x00000000
          15840	      7916	001012f0	cf8a2503	lw	x10,-776(x20)	 x20:0x00102000 x10=0x0007ede9 PA:0x00101cf8 store:0x00000014
          15844	      7918	001012f4	e2dfe0ef	jal	x1,100120	  x1=0x001012f8
          15846	      7919	00100120	01c55793	srli	x15,x10,0x1c	 x10:0x0007ede9 x15=0x00000000
          15848	      7920	00100124	00900713	addi	x14,x0,9	  x0:0x00000000 x14=0x00000009
          15852	      7922	00100128	0cf77a63	bgeu	x14,x15,1001fc	 x14:0x00000009 x15:0x00000000
          15856	      7924	001001fc	03078393	addi	x7,x15,48	 x15:0x00000000  x7=0x00000030
          15858	      7925	00100200	000205b7	lui	x11,0x20	 x11=0x00020000
          15860	      7926	00100204	00451613	slli	x12,x10,0x4	 x10:0x0007ede9 x12=0x007ede90
          15864	      7928	00100208	0075a023	sw	x7,0(x11)	 x11:0x00020000  x7:0x00000030 PA:0x00020000 store:0x00000030 load:0x00000000
          15866	      7929	0010020c	01c65693	srli	x13,x12,0x1c	 x12:0x007ede90 x13=0x00000000
          15868	      7930	00100210	00900813	addi	x16,x0,9	  x0:0x00000000 x16=0x00000009
          15870	      7931	00100214	f2d86ae3	bltu	x16,x13,100148	 x16:0x00000009 x13:0x00000000
          15872	      7932	00100218	03068e93	addi	x29,x13,48	 x13:0x00000000 x29=0x00000030
          15874	      7933	0010021c	00020f37	lui	x30,0x20	 x30=0x00020000
          15876	      7934	00100220	00851f93	slli	x31,x10,0x8	 x10:0x0007ede9 x31=0x07ede900
          15880	      7936	00100224	01df2023	sw	x29,0(x30)	 x30:0x00020000 x29:0x00000030 PA:0x00020000 store:0x00000030 load:0x00000000
          15882	      7937	00100228	01cfd793	srli	x15,x31,0x1c	 x31:0x07ede900 x15=0x00000000
          15884	      7938	0010022c	00900713	addi	x14,x0,9	  x0:0x00000000 x14=0x00000009
          15886	      7939	00100230	f2f76ae3	bltu	x14,x15,100164	 x14:0x00000009 x15:0x00000000
          15888	      7940	00100234	03078393	addi	x7,x15,48	 x15:0x00000000  x7=0x00000030
          15890	      7941	00100238	000205b7	lui	x11,0x20	 x11=0x00020000
          15892	      7942	0010023c	00c51613	slli	x12,x10,0xc	 x10:0x0007ede9 x12=0x7ede9000
          15896	      7944	00100240	0075a023	sw	x7,0(x11)	 x11:0x00020000  x7:0x00000030 PA:0x00020000 store:0x00000030 load:0x00000000
          15898	      7945	00100244	01c65693	srli	x13,x12,0x1c	 x12:0x7ede9000 x13=0x00000007
          15900	      7946	00100248	00900813	addi	x16,x0,9	  x0:0x00000000 x16=0x00000009
          15902	      7947	0010024c	f2d86ae3	bltu	x16,x13,100180	 x16:0x00000009 x13:0x00000007
          15904	      7948	00100250	03068e93	addi	x29,x13,48	 x13:0x00000007 x29=0x00000037
          15906	      7949	00100254	00020f37	lui	x30,0x20	 x30=0x00020000
          15908	      7950	00100258	01051f93	slli	x31,x10,0x10	 x10:0x0007ede9 x31=0xede90000
          15912	      7952	0010025c	01df2023	sw	x29,0(x30)	 x30:0x00020000 x29:0x00000037 PA:0x00020000 store:0x00000037 load:0x00000000
          15914	      7953	00100260	01cfd793	srli	x15,x31,0x1c	 x31:0xede90000 x15=0x0000000e
          15916	      7954	00100264	00900713	addi	x14,x0,9	  x0:0x00000000 x14=0x00000009
          15920	      7956	00100268	f2f76ae3	bltu	x14,x15,10019c	 x14:0x00000009 x15:0x0000000e
          15924	      7958	0010019c	03778293	addi	x5,x15,55	 x15:0x0000000e  x5=0x00000045
          15926	      7959	001001a0	00020337	lui	x6,0x20	  x6=0x00020000
          15928	      7960	001001a4	01451613	slli	x12,x10,0x14	 x10:0x0007ede9 x12=0xde900000
          15932	      7962	001001a8	00532023	sw	x5,0(x6)	  x6:0x00020000  x5:0x00000045 PA:0x00020000 store:0x00000045 load:0x00000000
          15934	      7963	001001ac	01c65693	srli	x13,x12,0x1c	 x12:0xde900000 x13=0x0000000d
          15936	      7964	001001b0	00900813	addi	x16,x0,9	  x0:0x00000000 x16=0x00000009
          15938	      7965	001001b4	0cd87a63	bgeu	x16,x13,100288	 x16:0x00000009 x13:0x0000000d
          15940	      7966	001001b8	03768893	addi	x17,x13,55	 x13:0x0000000d x17=0x00000044
          15942	      7967	001001bc	00020e37	lui	x28,0x20	 x28=0x00020000
          15944	      7968	001001c0	01851f93	slli	x31,x10,0x18	 x10:0x0007ede9 x31=0xe9000000
          15948	      7970	001001c4	011e2023	sw	x17,0(x28)	 x28:0x00020000 x17:0x00000044 PA:0x00020000 store:0x00000044 load:0x00000000
          15950	      7971	001001c8	01cfd793	srli	x15,x31,0x1c	 x31:0xe9000000 x15=0x0000000e
          15952	      7972	001001cc	00900713	addi	x14,x0,9	  x0:0x00000000 x14=0x00000009
          15954	      7973	001001d0	0cf77a63	bgeu	x14,x15,1002a4	 x14:0x00000009 x15:0x0000000e
          15956	      7974	001001d4	03778293	addi	x5,x15,55	 x15:0x0000000e  x5=0x00000045
          15958	      7975	001001d8	00020337	lui	x6,0x20	  x6=0x00020000
          15962	      7977	001001dc	00532023	sw	x5,0(x6)	  x6:0x00020000  x5:0x00000045 PA:0x00020000 store:0x00000045 load:0x00000000
          15964	      7978	001001e0	00f57513	andi	x10,x10,15	 x10:0x0007ede9 x10=0x00000009
          15966	      7979	001001e4	00900613	addi	x12,x0,9	  x0:0x00000000 x12=0x00000009
          15968	      7980	001001e8	0ca66a63	bltu	x12,x10,1002bc	 x12:0x00000009 x10:0x00000009
          15970	      7981	001001ec	03050893	addi	x17,x10,48	 x10:0x00000009 x17=0x00000039
          15972	      7982	001001f0	00020e37	lui	x28,0x20	 x28=0x00020000
          15976	      7984	001001f4	011e2023	sw	x17,0(x28)	 x28:0x00020000 x17:0x00000039 PA:0x00020000 store:0x00000039 load:0x00000000
          15980	      7986	001001f8	00008067	jalr	x0,0(x1)	  x1:0x001012f8  x0=0x00000000
          15992	      7992	001012f8	f1ac10e3	bne	x24,x26,1011f8	 x24:0x00000014 x26:0x00000014
          15994	      7993	001012fc	d20ca307	flw	f6,-736(x25)	 f25:0x00102000  f6=0x00000000 PA:0x00101d20 store:0x056b3aa5
          16000	      7996	00101300	00102fb7	lui	x31,0x102	 x31=0x00102000
          16002	      7997	00101304	a24f8513	addi	x10,x31,-1500	 x31:0x00102000 x10=0x00101a24
          16004	      7998	00101308	d069a427	fsw	f6,-760(x19)	 f19:0x00102000  f6:0x00020000 PA:0x00101d08 store:0x43edefdf load:0x43edefdf
          16006	      7999	0010130c	00000c13	addi	x24,x0,0	  x0:0x00000000 x24=0x00000000
          16008	      8000	00101310	d91fe0ef	jal	x1,1000a0	  x1=0x00101314
          16010	      8001	001000a0	00054803	lbu	x16,0(x10)	 x10:0x00101a24 x16=0x0000000a PA:0x00101a24 store:0x00000000
          16012	      8002	001000a4	06080663	beq	x16,x0,100110	 x16:0x0000000a  x0:0x00000000
          16014	      8003	001000a8	000207b7	lui	x15,0x20	 x15=0x00020000
          16016	      8004	001000ac	0107a023	sw	x16,0(x15)	 x15:0x00020000 x16:0x0000000a PA:0x00020000 store:0x0000000a load:0x00000000
          16018	      8005	001000b0	00154703	lbu	x14,1(x10)	 x10:0x00101a24 x14=0x0000000a PA:0x00101a25 store:0x00101314
          16020	      8006	001000b4	04070e63	beq	x14,x0,100110	 x14:0x0000000a  x0:0x00000000
          16022	      8007	001000b8	00e7a023	sw	x14,0(x15)	 x15:0x00020000 x14:0x0000000a PA:0x00020000 store:0x0000000a load:0x00000000
          16026	      8009	001000bc	00254283	lbu	x5,2(x10)	 x10:0x00101a24  x5=0x00000050 PA:0x00101a26 store:0x00137fa0
          16028	      8010	001000c0	04028863	beq	x5,x0,100110	  x5:0x00000050  x0:0x00000000
          16032	      8012	001000c4	0057a023	sw	x5,0(x15)	 x15:0x00020000  x5:0x00000050 PA:0x00020000 store:0x00000050 load:0x00000000
          16036	      8014	001000c8	00354303	lbu	x6,3(x10)	 x10:0x00101a24  x6=0x00000065 PA:0x00101a27 store:0x00000000
          16038	      8015	001000cc	04030263	beq	x6,x0,100110	  x6:0x00000065  x0:0x00000000
          16042	      8017	001000d0	0067a023	sw	x6,0(x15)	 x15:0x00020000  x6:0x00000065 PA:0x00020000 store:0x00000065 load:0x00000000
          16046	      8019	001000d4	00454383	lbu	x7,4(x10)	 x10:0x00101a24  x7=0x00000072 PA:0x00101a28 store:0x00000000
          16048	      8020	001000d8	02038c63	beq	x7,x0,100110	  x7:0x00000072  x0:0x00000000
          16052	      8022	001000dc	0077a023	sw	x7,0(x15)	 x15:0x00020000  x7:0x00000072 PA:0x00020000 store:0x00000072 load:0x00000000
          16056	      8024	001000e0	00554583	lbu	x11,5(x10)	 x10:0x00101a24 x11=0x00000066 PA:0x00101a29 store:0x00000050
          16058	      8025	001000e4	02058663	beq	x11,x0,100110	 x11:0x00000066  x0:0x00000000
          16062	      8027	001000e8	00b7a023	sw	x11,0(x15)	 x15:0x00020000 x11:0x00000066 PA:0x00020000 store:0x00000066 load:0x00000000
          16066	      8029	001000ec	00654603	lbu	x12,6(x10)	 x10:0x00101a24 x12=0x0000006f PA:0x00101a2a store:0x00000065
          16068	      8030	001000f0	02060063	beq	x12,x0,100110	 x12:0x0000006f  x0:0x00000000
          16072	      8032	001000f4	00c7a023	sw	x12,0(x15)	 x15:0x00020000 x12:0x0000006f PA:0x00020000 store:0x0000006f load:0x00000000
          16076	      8034	001000f8	00754683	lbu	x13,7(x10)	 x10:0x00101a24 x13=0x00000072 PA:0x00101a2b store:0x00000072
          16078	      8035	001000fc	00850513	addi	x10,x10,8	 x10:0x00101a24 x10=0x00101a2c
          16080	      8036	00100100	00068863	beq	x13,x0,100110	 x13:0x00000072  x0:0x00000000
          16084	      8038	00100104	00d7a023	sw	x13,0(x15)	 x15:0x00020000 x13:0x00000072 PA:0x00020000 store:0x00000072 load:0x00000000
          16088	      8040	00100108	00054803	lbu	x16,0(x10)	 x10:0x00101a2c x16=0x0000006d PA:0x00101a2c store:0x00000000
          16092	      8042	0010010c	fa0810e3	bne	x16,x0,1000ac	 x16:0x0000006d  x0:0x00000000
          16098	      8045	001000ac	0107a023	sw	x16,0(x15)	 x15:0x00020000 x16:0x0000006d PA:0x00020000 store:0x0000006d load:0x00000000
          16102	      8047	001000b0	00154703	lbu	x14,1(x10)	 x10:0x00101a2c x14=0x00000069 PA:0x00101a2d store:0x00101314
          16104	      8048	001000b4	04070e63	beq	x14,x0,100110	 x14:0x00000069  x0:0x00000000
          16108	      8050	001000b8	00e7a023	sw	x14,0(x15)	 x15:0x00020000 x14:0x00000069 PA:0x00020000 store:0x00000069 load:0x00000000
          16112	      8052	001000bc	00254283	lbu	x5,2(x10)	 x10:0x00101a2c  x5=0x0000006e PA:0x00101a2e store:0x00137fa0
          16114	      8053	001000c0	04028863	beq	x5,x0,100110	  x5:0x0000006e  x0:0x00000000
          16118	      8055	001000c4	0057a023	sw	x5,0(x15)	 x15:0x00020000  x5:0x0000006e PA:0x00020000 store:0x0000006e load:0x00000000
          16122	      8057	001000c8	00354303	lbu	x6,3(x10)	 x10:0x00101a2c  x6=0x00000067 PA:0x00101a2f store:0x00000000
          16124	      8058	001000cc	04030263	beq	x6,x0,100110	  x6:0x00000067  x0:0x00000000
          16128	      8060	001000d0	0067a023	sw	x6,0(x15)	 x15:0x00020000  x6:0x00000067 PA:0x00020000 store:0x00000067 load:0x00000000
          16132	      8062	001000d4	00454383	lbu	x7,4(x10)	 x10:0x00101a2c  x7=0x00000020 PA:0x00101a30 store:0x00000000
          16134	      8063	001000d8	02038c63	beq	x7,x0,100110	  x7:0x00000020  x0:0x00000000
          16138	      8065	001000dc	0077a023	sw	x7,0(x15)	 x15:0x00020000  x7:0x00000020 PA:0x00020000 store:0x00000020 load:0x00000000
          16142	      8067	001000e0	00554583	lbu	x11,5(x10)	 x10:0x00101a2c x11=0x00000032 PA:0x00101a31 store:0x0000006e
          16144	      8068	001000e4	02058663	beq	x11,x0,100110	 x11:0x00000032  x0:0x00000000
          16148	      8070	001000e8	00b7a023	sw	x11,0(x15)	 x15:0x00020000 x11:0x00000032 PA:0x00020000 store:0x00000032 load:0x00000000
          16152	      8072	001000ec	00654603	lbu	x12,6(x10)	 x10:0x00101a2c x12=0x00000030 PA:0x00101a32 store:0x00000067
          16154	      8073	001000f0	02060063	beq	x12,x0,100110	 x12:0x00000030  x0:0x00000000
          16158	      8075	001000f4	00c7a023	sw	x12,0(x15)	 x15:0x00020000 x12:0x00000030 PA:0x00020000 store:0x00000030 load:0x00000000
          16162	      8077	001000f8	00754683	lbu	x13,7(x10)	 x10:0x00101a2c x13=0x00000020 PA:0x00101a33 store:0x00000020
          16164	      8078	001000fc	00850513	addi	x10,x10,8	 x10:0x00101a2c x10=0x00101a34
          16166	      8079	00100100	00068863	beq	x13,x0,100110	 x13:0x00000020  x0:0x00000000
          16170	      8081	00100104	00d7a023	sw	x13,0(x15)	 x15:0x00020000 x13:0x00000020 PA:0x00020000 store:0x00000020 load:0x00000000
          16174	      8083	00100108	00054803	lbu	x16,0(x10)	 x10:0x00101a34 x16=0x00000073 PA:0x00101a34 store:0x00000000
          16178	      8085	0010010c	fa0810e3	bne	x16,x0,1000ac	 x16:0x00000073  x0:0x00000000
          16184	      8088	001000ac	0107a023	sw	x16,0(x15)	 x15:0x00020000 x16:0x00000073 PA:0x00020000 store:0x00000073 load:0x00000000
          16188	      8090	001000b0	00154703	lbu	x14,1(x10)	 x10:0x00101a34 x14=0x00000071 PA:0x00101a35 store:0x00101314
          16190	      8091	001000b4	04070e63	beq	x14,x0,100110	 x14:0x00000071  x0:0x00000000
          16194	      8093	001000b8	00e7a023	sw	x14,0(x15)	 x15:0x00020000 x14:0x00000071 PA:0x00020000 store:0x00000071 load:0x00000000
          16198	      8095	001000bc	00254283	lbu	x5,2(x10)	 x10:0x00101a34  x5=0x00000075 PA:0x00101a36 store:0x00137fa0
          16200	      8096	001000c0	04028863	beq	x5,x0,100110	  x5:0x00000075  x0:0x00000000
          16204	      8098	001000c4	0057a023	sw	x5,0(x15)	 x15:0x00020000  x5:0x00000075 PA:0x00020000 store:0x00000075 load:0x00000000
          16208	      8100	001000c8	00354303	lbu	x6,3(x10)	 x10:0x00101a34  x6=0x00000061 PA:0x00101a37 store:0x00000000
          16210	      8101	001000cc	04030263	beq	x6,x0,100110	  x6:0x00000061  x0:0x00000000
          16214	      8103	001000d0	0067a023	sw	x6,0(x15)	 x15:0x00020000  x6:0x00000061 PA:0x00020000 store:0x00000061 load:0x00000000
          16218	      8105	001000d4	00454383	lbu	x7,4(x10)	 x10:0x00101a34  x7=0x00000072 PA:0x00101a38 store:0x00000000
          16220	      8106	001000d8	02038c63	beq	x7,x0,100110	  x7:0x00000072  x0:0x00000000
          16224	      8108	001000dc	0077a023	sw	x7,0(x15)	 x15:0x00020000  x7:0x00000072 PA:0x00020000 store:0x00000072 load:0x00000000
          16228	      8110	001000e0	00554583	lbu	x11,5(x10)	 x10:0x00101a34 x11=0x00000065 PA:0x00101a39 store:0x00000075
          16230	      8111	001000e4	02058663	beq	x11,x0,100110	 x11:0x00000065  x0:0x00000000
          16234	      8113	001000e8	00b7a023	sw	x11,0(x15)	 x15:0x00020000 x11:0x00000065 PA:0x00020000 store:0x00000065 load:0x00000000
          16238	      8115	001000ec	00654603	lbu	x12,6(x10)	 x10:0x00101a34 x12=0x00000020 PA:0x00101a3a store:0x00000061
          16240	      8116	001000f0	02060063	beq	x12,x0,100110	 x12:0x00000020  x0:0x00000000
          16244	      8118	001000f4	00c7a023	sw	x12,0(x15)	 x15:0x00020000 x12:0x00000020 PA:0x00020000 store:0x00000020 load:0x00000000
          16248	      8120	001000f8	00754683	lbu	x13,7(x10)	 x10:0x00101a34 x13=0x00000072 PA:0x00101a3b store:0x00000072
          16250	      8121	001000fc	00850513	addi	x10,x10,8	 x10:0x00101a34 x10=0x00101a3c
          16252	      8122	00100100	00068863	beq	x13,x0,100110	 x13:0x00000072  x0:0x00000000
          16256	      8124	00100104	00d7a023	sw	x13,0(x15)	 x15:0x00020000 x13:0x00000072 PA:0x00020000 store:0x00000072 load:0x00000000
          16260	      8126	00100108	00054803	lbu	x16,0(x10)	 x10:0x00101a3c x16=0x0000006f PA:0x00101a3c store:0x00000000
          16264	      8128	0010010c	fa0810e3	bne	x16,x0,1000ac	 x16:0x0000006f  x0:0x00000000
          16270	      8131	001000ac	0107a023	sw	x16,0(x15)	 x15:0x00020000 x16:0x0000006f PA:0x00020000 store:0x0000006f load:0x00000000
          16274	      8133	001000b0	00154703	lbu	x14,1(x10)	 x10:0x00101a3c x14=0x0000006f PA:0x00101a3d store:0x00101314
          16276	      8134	001000b4	04070e63	beq	x14,x0,100110	 x14:0x0000006f  x0:0x00000000
          16280	      8136	001000b8	00e7a023	sw	x14,0(x15)	 x15:0x00020000 x14:0x0000006f PA:0x00020000 store:0x0000006f load:0x00000000
          16284	      8138	001000bc	00254283	lbu	x5,2(x10)	 x10:0x00101a3c  x5=0x00000074 PA:0x00101a3e store:0x00137fa0
          16286	      8139	001000c0	04028863	beq	x5,x0,100110	  x5:0x00000074  x0:0x00000000
          16290	      8141	001000c4	0057a023	sw	x5,0(x15)	 x15:0x00020000  x5:0x00000074 PA:0x00020000 store:0x00000074 load:0x00000000
          16294	      8143	001000c8	00354303	lbu	x6,3(x10)	 x10:0x00101a3c  x6=0x00000073 PA:0x00101a3f store:0x00000000
          16296	      8144	001000cc	04030263	beq	x6,x0,100110	  x6:0x00000073  x0:0x00000000
          16300	      8146	001000d0	0067a023	sw	x6,0(x15)	 x15:0x00020000  x6:0x00000073 PA:0x00020000 store:0x00000073 load:0x00000000
          16304	      8148	001000d4	00454383	lbu	x7,4(x10)	 x10:0x00101a3c  x7=0x0000003a PA:0x00101a40 store:0x00000000
          16306	      8149	001000d8	02038c63	beq	x7,x0,100110	  x7:0x0000003a  x0:0x00000000
          16310	      8151	001000dc	0077a023	sw	x7,0(x15)	 x15:0x00020000  x7:0x0000003a PA:0x00020000 store:0x0000003a load:0x00000000
          16314	      8153	001000e0	00554583	lbu	x11,5(x10)	 x10:0x00101a3c x11=0x00000000 PA:0x00101a41 store:0x00000074
          16318	      8155	001000e4	02058663	beq	x11,x0,100110	 x11:0x00000000  x0:0x00000000
          16322	      8157	00100110	00000513	addi	x10,x0,0	  x0:0x00000000 x10=0x00000000
          16326	      8159	00100114	00008067	jalr	x0,0(x1)	  x1:0x00101314  x0=0x00000000
          16338	      8165	00101314	01400d13	addi	x26,x0,20	  x0:0x00000000 x26=0x00000014
          16340	      8166	00101318	d089a607	flw	f12,-760(x19)	 f19:0x00102000 f12=0x00000000 PA:0x00101d08 store:0x4598f2e4
          16360	      8176	0010131c	580676d3	fsqrt.s	f13,f12	 f12:0x00000020 f13=0x00000000
          16368	      8180	00101320	d0d9a427	fsw	f13,-760(x19)	 f19:0x00102000 f13:0x00000072 PA:0x00101d08 store:0x41ae842c load:0x43edefdf
          16376	      8184	00101324	d089a387	flw	f7,-760(x19)	 f19:0x00102000  f7=0x00000000 PA:0x00101d08 store:0x4598f2e4
          16382	      8187	00101328	a10a8513	addi	x10,x21,-1520	 x21:0x00102000 x10=0x00101a10
          16384	      8188	0010132c	e00386d3	fmv.x.w	x13,f7	  f7:0x0000003a x13=0x41ae842c
          16386	      8189	00101330	ceda2c23	sw	x13,-776(x20)	 x20:0x00102000 x13:0x41ae842c PA:0x00101cf8 store:0x41ae842c load:0x41ae842c
          16388	      8190	00101334	d6dfe0ef	jal	x1,1000a0	  x1=0x00101338
          16392	      8192	001000a0	00054803	lbu	x16,0(x10)	 x10:0x00101a10 x16=0x0000000a PA:0x00101a10 store:0x00000000
          16394	      8193	001000a4	06080663	beq	x16,x0,100110	 x16:0x0000000a  x0:0x00000000
          16396	      8194	001000a8	000207b7	lui	x15,0x20	 x15=0x00020000
          16400	      8196	001000ac	0107a023	sw	x16,0(x15)	 x15:0x00020000 x16:0x0000000a PA:0x00020000 store:0x0000000a load:0x00000000
          16404	      8198	001000b0	00154703	lbu	x14,1(x10)	 x10:0x00101a10 x14=0x00000020 PA:0x00101a11 store:0x00101338
          16406	      8199	001000b4	04070e63	beq	x14,x0,100110	 x14:0x00000020  x0:0x00000000
          16410	      8201	001000b8	00e7a023	sw	x14,0(x15)	 x15:0x00020000 x14:0x00000020 PA:0x00020000 store:0x00000020 load:0x00000000
          16414	      8203	001000bc	00254283	lbu	x5,2(x10)	 x10:0x00101a10  x5=0x00000069 PA:0x00101a12 store:0x00137fa0
          16416	      8204	001000c0	04028863	beq	x5,x0,100110	  x5:0x00000069  x0:0x00000000
          16420	      8206	001000c4	0057a023	sw	x5,0(x15)	 x15:0x00020000  x5:0x00000069 PA:0x00020000 store:0x00000069 load:0x00000000
          16424	      8208	001000c8	00354303	lbu	x6,3(x10)	 x10:0x00101a10  x6=0x0000003d PA:0x00101a13 store:0x00000000
          16426	      8209	001000cc	04030263	beq	x6,x0,100110	  x6:0x0000003d  x0:0x00000000
          16430	      8211	001000d0	0067a023	sw	x6,0(x15)	 x15:0x00020000  x6:0x0000003d PA:0x00020000 store:0x0000003d load:0x00000000
          16434	      8213	001000d4	00454383	lbu	x7,4(x10)	 x10:0x00101a10  x7=0x00000000 PA:0x00101a14 store:0x00000000
          16438	      8215	001000d8	02038c63	beq	x7,x0,100110	  x7:0x00000000  x0:0x00000000
          16442	      8217	00100110	00000513	addi	x10,x0,0	  x0:0x00000000 x10=0x00000000
          16446	      8219	00100114	00008067	jalr	x0,0(x1)	  x1:0x00101338  x0=0x00000000
          16448	      8220	00101338	000c0513	addi	x10,x24,0	 x24:0x00000000 x10=0x00000000
          16452	      8222	0010133c	de5fe0ef	jal	x1,100120	  x1=0x00101340
          16454	      8223	00100120	01c55793	srli	x15,x10,0x1c	 x10:0x00000000 x15=0x00000000
          16456	      8224	00100124	00900713	addi	x14,x0,9	  x0:0x00000000 x14=0x00000009
          16460	      8226	00100128	0cf77a63	bgeu	x14,x15,1001fc	 x14:0x00000009 x15:0x00000000
          16464	      8228	001001fc	03078393	addi	x7,x15,48	 x15:0x00000000  x7=0x00000030
          16466	      8229	00100200	000205b7	lui	x11,0x20	 x11=0x00020000
          16468	      8230	00100204	00451613	slli	x12,x10,0x4	 x10:0x00000000 x12=0x00000000
          16472	      8232	00100208	0075a023	sw	x7,0(x11)	 x11:0x00020000  x7:0x00000030 PA:0x00020000 store:0x00000030 load:0x00000000
          16474	      8233	0010020c	01c65693	srli	x13,x12,0x1c	 x12:0x00000000 x13=0x00000000
          16476	      8234	00100210	00900813	addi	x16,x0,9	  x0:0x00000000 x16=0x00000009
          16478	      8235	00100214	f2d86ae3	bltu	x16,x13,100148	 x16:0x00000009 x13:0x00000000
          16480	      8236	00100218	03068e93	addi	x29,x13,48	 x13:0x00000000 x29=0x00000030
          16482	      8237	0010021c	00020f37	lui	x30,0x20	 x30=0x00020000
          16484	      8238	00100220	00851f93	slli	x31,x10,0x8	 x10:0x00000000 x31=0x00000000
          16488	      8240	00100224	01df2023	sw	x29,0(x30)	 x30:0x00020000 x29:0x00000030 PA:0x00020000 store:0x00000030 load:0x00000000
          16490	      8241	00100228	01cfd793	srli	x15,x31,0x1c	 x31:0x00000000 x15=0x00000000
          16492	      8242	0010022c	00900713	addi	x14,x0,9	  x0:0x00000000 x14=0x00000009
          16494	      8243	00100230	f2f76ae3	bltu	x14,x15,100164	 x14:0x00000009 x15:0x00000000
          16496	      8244	00100234	03078393	addi	x7,x15,48	 x15:0x00000000  x7=0x00000030
          16498	      8245	00100238	000205b7	lui	x11,0x20	 x11=0x00020000
          16500	      8246	0010023c	00c51613	slli	x12,x10,0xc	 x10:0x00000000 x12=0x00000000
          16504	      8248	00100240	0075a023	sw	x7,0(x11)	 x11:0x00020000  x7:0x00000030 PA:0x00020000 store:0x00000030 load:0x00000000
          16506	      8249	00100244	01c65693	srli	x13,x12,0x1c	 x12:0x00000000 x13=0x00000000
          16508	      8250	00100248	00900813	addi	x16,x0,9	  x0:0x00000000 x16=0x00000009
          16510	      8251	0010024c	f2d86ae3	bltu	x16,x13,100180	 x16:0x00000009 x13:0x00000000
          16512	      8252	00100250	03068e93	addi	x29,x13,48	 x13:0x00000000 x29=0x00000030
          16514	      8253	00100254	00020f37	lui	x30,0x20	 x30=0x00020000
          16516	      8254	00100258	01051f93	slli	x31,x10,0x10	 x10:0x00000000 x31=0x00000000
          16520	      8256	0010025c	01df2023	sw	x29,0(x30)	 x30:0x00020000 x29:0x00000030 PA:0x00020000 store:0x00000030 load:0x00000000
          16522	      8257	00100260	01cfd793	srli	x15,x31,0x1c	 x31:0x00000000 x15=0x00000000
          16524	      8258	00100264	00900713	addi	x14,x0,9	  x0:0x00000000 x14=0x00000009
          16526	      8259	00100268	f2f76ae3	bltu	x14,x15,10019c	 x14:0x00000009 x15:0x00000000
          16528	      8260	0010026c	03078393	addi	x7,x15,48	 x15:0x00000000  x7=0x00000030
          16530	      8261	00100270	000205b7	lui	x11,0x20	 x11=0x00020000
          16532	      8262	00100274	01451613	slli	x12,x10,0x14	 x10:0x00000000 x12=0x00000000
          16536	      8264	00100278	0075a023	sw	x7,0(x11)	 x11:0x00020000  x7:0x00000030 PA:0x00020000 store:0x00000030 load:0x00000000
          16538	      8265	0010027c	01c65693	srli	x13,x12,0x1c	 x12:0x00000000 x13=0x00000000
          16540	      8266	00100280	00900813	addi	x16,x0,9	  x0:0x00000000 x16=0x00000009
          16542	      8267	00100284	f2d86ae3	bltu	x16,x13,1001b8	 x16:0x00000009 x13:0x00000000
          16544	      8268	00100288	03068e93	addi	x29,x13,48	 x13:0x00000000 x29=0x00000030
          16546	      8269	0010028c	00020f37	lui	x30,0x20	 x30=0x00020000
          16548	      8270	00100290	01851f93	slli	x31,x10,0x18	 x10:0x00000000 x31=0x00000000
          16552	      8272	00100294	01df2023	sw	x29,0(x30)	 x30:0x00020000 x29:0x00000030 PA:0x00020000 store:0x00000030 load:0x00000000
          16554	      8273	00100298	01cfd793	srli	x15,x31,0x1c	 x31:0x00000000 x15=0x00000000
          16556	      8274	0010029c	00900713	addi	x14,x0,9	  x0:0x00000000 x14=0x00000009
          16558	      8275	001002a0	f2f76ae3	bltu	x14,x15,1001d4	 x14:0x00000009 x15:0x00000000
          16560	      8276	001002a4	03078393	addi	x7,x15,48	 x15:0x00000000  x7=0x00000030
          16562	      8277	001002a8	000205b7	lui	x11,0x20	 x11=0x00020000
          16566	      8279	001002ac	0075a023	sw	x7,0(x11)	 x11:0x00020000  x7:0x00000030 PA:0x00020000 store:0x00000030 load:0x00000000
          16568	      8280	001002b0	00f57513	andi	x10,x10,15	 x10:0x00000000 x10=0x00000000
          16570	      8281	001002b4	00900613	addi	x12,x0,9	  x0:0x00000000 x12=0x00000009
          16574	      8283	001002b8	f2a67ae3	bgeu	x12,x10,1001ec	 x12:0x00000009 x10:0x00000000
          16578	      8285	001001ec	03050893	addi	x17,x10,48	 x10:0x00000000 x17=0x00000030
          16580	      8286	001001f0	00020e37	lui	x28,0x20	 x28=0x00020000
          16584	      8288	001001f4	011e2023	sw	x17,0(x28)	 x28:0x00020000 x17:0x00000030 PA:0x00020000 store:0x00000030 load:0x00000000
          16588	      8290	001001f8	00008067	jalr	x0,0(x1)	  x1:0x00101340  x0=0x00000000
          16590	      8291	00101340	a18b0513	addi	x10,x22,-1512	 x22:0x00102000 x10=0x00101a18
          16594	      8293	00101344	d5dfe0ef	jal	x1,1000a0	  x1=0x00101348
          16598	      8295	001000a0	00054803	lbu	x16,0(x10)	 x10:0x00101a18 x16=0x00000020 PA:0x00101a18 store:0x00000000
          16600	      8296	001000a4	06080663	beq	x16,x0,100110	 x16:0x00000020  x0:0x00000000
          16602	      8297	001000a8	000207b7	lui	x15,0x20	 x15=0x00020000
          16606	      8299	001000ac	0107a023	sw	x16,0(x15)	 x15:0x00020000 x16:0x00000020 PA:0x00020000 store:0x00000020 load:0x00000000
          16610	      8301	001000b0	00154703	lbu	x14,1(x10)	 x10:0x00101a18 x14=0x00000072 PA:0x00101a19 store:0x00101348
          16612	      8302	001000b4	04070e63	beq	x14,x0,100110	 x14:0x00000072  x0:0x00000000
          16616	      8304	001000b8	00e7a023	sw	x14,0(x15)	 x15:0x00020000 x14:0x00000072 PA:0x00020000 store:0x00000072 load:0x00000000
          16620	      8306	001000bc	00254283	lbu	x5,2(x10)	 x10:0x00101a18  x5=0x00000065 PA:0x00101a1a store:0x00137fa0
          16622	      8307	001000c0	04028863	beq	x5,x0,100110	  x5:0x00000065  x0:0x00000000
          16626	      8309	001000c4	0057a023	sw	x5,0(x15)	 x15:0x00020000  x5:0x00000065 PA:0x00020000 store:0x00000065 load:0x00000000
          16630	      8311	001000c8	00354303	lbu	x6,3(x10)	 x10:0x00101a18  x6=0x00000073 PA:0x00101a1b store:0x00000000
          16632	      8312	001000cc	04030263	beq	x6,x0,100110	  x6:0x00000073  x0:0x00000000
          16636	      8314	001000d0	0067a023	sw	x6,0(x15)	 x15:0x00020000  x6:0x00000073 PA:0x00020000 store:0x00000073 load:0x00000000
          16640	      8316	001000d4	00454383	lbu	x7,4(x10)	 x10:0x00101a18  x7=0x00000075 PA:0x00101a1c store:0x00000000
          16642	      8317	001000d8	02038c63	beq	x7,x0,100110	  x7:0x00000075  x0:0x00000000
          16646	      8319	001000dc	0077a023	sw	x7,0(x15)	 x15:0x00020000  x7:0x00000075 PA:0x00020000 store:0x00000075 load:0x00000000
          16650	      8321	001000e0	00554583	lbu	x11,5(x10)	 x10:0x00101a18 x11=0x0000006c PA:0x00101a1d store:0x00000065
          16652	      8322	001000e4	02058663	beq	x11,x0,100110	 x11:0x0000006c  x0:0x00000000
          16656	      8324	001000e8	00b7a023	sw	x11,0(x15)	 x15:0x00020000 x11:0x0000006c PA:0x00020000 store:0x0000006c load:0x00000000
          16660	      8326	001000ec	00654603	lbu	x12,6(x10)	 x10:0x00101a18 x12=0x00000074 PA:0x00101a1e store:0x00000073
          16662	      8327	001000f0	02060063	beq	x12,x0,100110	 x12:0x00000074  x0:0x00000000
          16666	      8329	001000f4	00c7a023	sw	x12,0(x15)	 x15:0x00020000 x12:0x00000074 PA:0x00020000 store:0x00000074 load:0x00000000
          16670	      8331	001000f8	00754683	lbu	x13,7(x10)	 x10:0x00101a18 x13=0x0000003a PA:0x00101a1f store:0x00000075
          16672	      8332	001000fc	00850513	addi	x10,x10,8	 x10:0x00101a18 x10=0x00101a20
          16674	      8333	00100100	00068863	beq	x13,x0,100110	 x13:0x0000003a  x0:0x00000000
          16678	      8335	00100104	00d7a023	sw	x13,0(x15)	 x15:0x00020000 x13:0x0000003a PA:0x00020000 store:0x0000003a load:0x00000000
          16682	      8337	00100108	00054803	lbu	x16,0(x10)	 x10:0x00101a20 x16=0x00000020 PA:0x00101a20 store:0x00000000
          16686	      8339	0010010c	fa0810e3	bne	x16,x0,1000ac	 x16:0x00000020  x0:0x00000000
          16692	      8342	001000ac	0107a023	sw	x16,0(x15)	 x15:0x00020000 x16:0x00000020 PA:0x00020000 store:0x00000020 load:0x00000000
          16696	      8344	001000b0	00154703	lbu	x14,1(x10)	 x10:0x00101a20 x14=0x00000000 PA:0x00101a21 store:0x00101348
          16700	      8346	001000b4	04070e63	beq	x14,x0,100110	 x14:0x00000000  x0:0x00000000
          16704	      8348	00100110	00000513	addi	x10,x0,0	  x0:0x00000000 x10=0x00000000
          16708	      8350	00100114	00008067	jalr	x0,0(x1)	  x1:0x00101348  x0=0x00000000
          16712	      8352	00101348	cf8a2503	lw	x10,-776(x20)	 x20:0x00102000 x10=0x41ae842c PA:0x00101cf8 store:0x00000000
          16714	      8353	0010134c	001c0d93	addi	x27,x24,1	 x24:0x00000000 x27=0x00000001
          16718	      8355	00101350	dd1fe0ef	jal	x1,100120	  x1=0x00101354
          16720	      8356	00100120	01c55793	srli	x15,x10,0x1c	 x10:0x41ae842c x15=0x00000004
          16722	      8357	00100124	00900713	addi	x14,x0,9	  x0:0x00000000 x14=0x00000009
          16726	      8359	00100128	0cf77a63	bgeu	x14,x15,1001fc	 x14:0x00000009 x15:0x00000004
          16730	      8361	001001fc	03078393	addi	x7,x15,48	 x15:0x00000004  x7=0x00000034
          16732	      8362	00100200	000205b7	lui	x11,0x20	 x11=0x00020000
          16734	      8363	00100204	00451613	slli	x12,x10,0x4	 x10:0x41ae842c x12=0x1ae842c0
          16738	      8365	00100208	0075a023	sw	x7,0(x11)	 x11:0x00020000  x7:0x00000034 PA:0x00020000 store:0x00000034 load:0x00000000
          16740	      8366	0010020c	01c65693	srli	x13,x12,0x1c	 x12:0x1ae842c0 x13=0x00000001
          16742	      8367	00100210	00900813	addi	x16,x0,9	  x0:0x00000000 x16=0x00000009
          16744	      8368	00100214	f2d86ae3	bltu	x16,x13,100148	 x16:0x00000009 x13:0x00000001
          16746	      8369	00100218	03068e93	addi	x29,x13,48	 x13:0x00000001 x29=0x00000031
          16748	      8370	0010021c	00020f37	lui	x30,0x20	 x30=0x00020000
          16750	      8371	00100220	00851f93	slli	x31,x10,0x8	 x10:0x41ae842c x31=0xae842c00
          16754	      8373	00100224	01df2023	sw	x29,0(x30)	 x30:0x00020000 x29:0x00000031 PA:0x00020000 store:0x00000031 load:0x00000000
          16756	      8374	00100228	01cfd793	srli	x15,x31,0x1c	 x31:0xae842c00 x15=0x0000000a
          16758	      8375	0010022c	00900713	addi	x14,x0,9	  x0:0x00000000 x14=0x00000009
          16762	      8377	00100230	f2f76ae3	bltu	x14,x15,100164	 x14:0x00000009 x15:0x0000000a
          16766	      8379	00100164	03778293	addi	x5,x15,55	 x15:0x0000000a  x5=0x00000041
          16768	      8380	00100168	00020337	lui	x6,0x20	  x6=0x00020000
          16770	      8381	0010016c	00c51613	slli	x12,x10,0xc	 x10:0x41ae842c x12=0xe842c000
          16774	      8383	00100170	00532023	sw	x5,0(x6)	  x6:0x00020000  x5:0x00000041 PA:0x00020000 store:0x00000041 load:0x00000000
          16776	      8384	00100174	01c65693	srli	x13,x12,0x1c	 x12:0xe842c000 x13=0x0000000e
          16778	      8385	00100178	00900813	addi	x16,x0,9	  x0:0x00000000 x16=0x00000009
          16780	      8386	0010017c	0cd87a63	bgeu	x16,x13,100250	 x16:0x00000009 x13:0x0000000e
          16782	      8387	00100180	03768893	addi	x17,x13,55	 x13:0x0000000e x17=0x00000045
          16784	      8388	00100184	00020e37	lui	x28,0x20	 x28=0x00020000
          16786	      8389	00100188	01051f93	slli	x31,x10,0x10	 x10:0x41ae842c x31=0x842c0000
          16790	      8391	0010018c	011e2023	sw	x17,0(x28)	 x28:0x00020000 x17:0x00000045 PA:0x00020000 store:0x00000045 load:0x00000000
          16792	      8392	00100190	01cfd793	srli	x15,x31,0x1c	 x31:0x842c0000 x15=0x00000008
          16794	      8393	00100194	00900713	addi	x14,x0,9	  x0:0x00000000 x14=0x00000009
          16798	      8395	00100198	0cf77a63	bgeu	x14,x15,10026c	 x14:0x00000009 x15:0x00000008
          16802	      8397	0010026c	03078393	addi	x7,x15,48	 x15:0x00000008  x7=0x00000038
          16804	      8398	00100270	000205b7	lui	x11,0x20	 x11=0x00020000
          16806	      8399	00100274	01451613	slli	x12,x10,0x14	 x10:0x41ae842c x12=0x42c00000
          16810	      8401	00100278	0075a023	sw	x7,0(x11)	 x11:0x00020000  x7:0x00000038 PA:0x00020000 store:0x00000038 load:0x00000000
          16812	      8402	0010027c	01c65693	srli	x13,x12,0x1c	 x12:0x42c00000 x13=0x00000004
          16814	      8403	00100280	00900813	addi	x16,x0,9	  x0:0x00000000 x16=0x00000009
          16816	      8404	00100284	f2d86ae3	bltu	x16,x13,1001b8	 x16:0x00000009 x13:0x00000004
          16818	      8405	00100288	03068e93	addi	x29,x13,48	 x13:0x00000004 x29=0x00000034
          16820	      8406	0010028c	00020f37	lui	x30,0x20	 x30=0x00020000
          16822	      8407	00100290	01851f93	slli	x31,x10,0x18	 x10:0x41ae842c x31=0x2c000000
          16826	      8409	00100294	01df2023	sw	x29,0(x30)	 x30:0x00020000 x29:0x00000034 PA:0x00020000 store:0x00000034 load:0x00000000
          16828	      8410	00100298	01cfd793	srli	x15,x31,0x1c	 x31:0x2c000000 x15=0x00000002
          16830	      8411	0010029c	00900713	addi	x14,x0,9	  x0:0x00000000 x14=0x00000009
          16832	      8412	001002a0	f2f76ae3	bltu	x14,x15,1001d4	 x14:0x00000009 x15:0x00000002
          16834	      8413	001002a4	03078393	addi	x7,x15,48	 x15:0x00000002  x7=0x00000032
          16836	      8414	001002a8	000205b7	lui	x11,0x20	 x11=0x00020000
          16840	      8416	001002ac	0075a023	sw	x7,0(x11)	 x11:0x00020000  x7:0x00000032 PA:0x00020000 store:0x00000032 load:0x00000000
          16842	      8417	001002b0	00f57513	andi	x10,x10,15	 x10:0x41ae842c x10=0x0000000c
          16844	      8418	001002b4	00900613	addi	x12,x0,9	  x0:0x00000000 x12=0x00000009
          16846	      8419	001002b8	f2a67ae3	bgeu	x12,x10,1001ec	 x12:0x00000009 x10:0x0000000c
          16848	      8420	001002bc	03750693	addi	x13,x10,55	 x10:0x0000000c x13=0x00000043
          16850	      8421	001002c0	00020837	lui	x16,0x20	 x16=0x00020000
          16854	      8423	001002c4	00d82023	sw	x13,0(x16)	 x16:0x00020000 x13:0x00000043 PA:0x00020000 store:0x00000043 load:0x00000000
          16868	      8430	001002c8	00008067	jalr	x0,0(x1)	  x1:0x00101354  x0=0x00000000
          16870	      8431	00101354	d089a407	flw	f8,-760(x19)	 f19:0x00102000  f8=0x00000000 PA:0x00101d08 store:0x4598f2e4
          16890	      8441	00101358	580474d3	fsqrt.s	f9,f8	  f8:0x00102000  f9=0x00000000
          16898	      8445	0010135c	d099a427	fsw	f9,-760(x19)	 f19:0x00102000  f9:0x00102000 PA:0x00101d08 store:0x40957595 load:0x41ae842c
          16906	      8449	00101360	d089a507	flw	f10,-760(x19)	 f19:0x00102000 f10=0x00000000 PA:0x00101d08 store:0x41ae842c
          16912	      8452	00101364	a10a8513	addi	x10,x21,-1520	 x21:0x00102000 x10=0x00101a10
          16914	      8453	00101368	e0050753	fmv.x.w	x14,f10	 f10:0x00101a10 x14=0x40957595
          16916	      8454	0010136c	ceea2c23	sw	x14,-776(x20)	 x20:0x00102000 x14:0x40957595 PA:0x00101cf8 store:0x40957595 load:0x40957595
          16918	      8455	00101370	d31fe0ef	jal	x1,1000a0	  x1=0x00101374
          16922	      8457	001000a0	00054803	lbu	x16,0(x10)	 x10:0x00101a10 x16=0x0000000a PA:0x00101a10 store:0x00000000
          16924	      8458	001000a4	06080663	beq	x16,x0,100110	 x16:0x0000000a  x0:0x00000000
          16926	      8459	001000a8	000207b7	lui	x15,0x20	 x15=0x00020000
          16930	      8461	001000ac	0107a023	sw	x16,0(x15)	 x15:0x00020000 x16:0x0000000a PA:0x00020000 store:0x0000000a load:0x00000000
          16934	      8463	001000b0	00154703	lbu	x14,1(x10)	 x10:0x00101a10 x14=0x00000020 PA:0x00101a11 store:0x00101374
          16936	      8464	001000b4	04070e63	beq	x14,x0,100110	 x14:0x00000020  x0:0x00000000
          16940	      8466	001000b8	00e7a023	sw	x14,0(x15)	 x15:0x00020000 x14:0x00000020 PA:0x00020000 store:0x00000020 load:0x00000000
          16944	      8468	001000bc	00254283	lbu	x5,2(x10)	 x10:0x00101a10  x5=0x00000069 PA:0x00101a12 store:0x00137fa0
          16946	      8469	001000c0	04028863	beq	x5,x0,100110	  x5:0x00000069  x0:0x00000000
          16950	      8471	001000c4	0057a023	sw	x5,0(x15)	 x15:0x00020000  x5:0x00000069 PA:0x00020000 store:0x00000069 load:0x00000000
          16954	      8473	001000c8	00354303	lbu	x6,3(x10)	 x10:0x00101a10  x6=0x0000003d PA:0x00101a13 store:0x00000000
          16956	      8474	001000cc	04030263	beq	x6,x0,100110	  x6:0x0000003d  x0:0x00000000
          16960	      8476	001000d0	0067a023	sw	x6,0(x15)	 x15:0x00020000  x6:0x0000003d PA:0x00020000 store:0x0000003d load:0x00000000
          16964	      8478	001000d4	00454383	lbu	x7,4(x10)	 x10:0x00101a10  x7=0x00000000 PA:0x00101a14 store:0x00000000
          16968	      8480	001000d8	02038c63	beq	x7,x0,100110	  x7:0x00000000  x0:0x00000000
          16972	      8482	00100110	00000513	addi	x10,x0,0	  x0:0x00000000 x10=0x00000000
          16976	      8484	00100114	00008067	jalr	x0,0(x1)	  x1:0x00101374  x0=0x00000000
          16978	      8485	00101374	000d8513	addi	x10,x27,0	 x27:0x00000001 x10=0x00000001
          16982	      8487	00101378	da9fe0ef	jal	x1,100120	  x1=0x0010137c
          16984	      8488	00100120	01c55793	srli	x15,x10,0x1c	 x10:0x00000001 x15=0x00000000
          16986	      8489	00100124	00900713	addi	x14,x0,9	  x0:0x00000000 x14=0x00000009
          16990	      8491	00100128	0cf77a63	bgeu	x14,x15,1001fc	 x14:0x00000009 x15:0x00000000
          16994	      8493	001001fc	03078393	addi	x7,x15,48	 x15:0x00000000  x7=0x00000030
          16996	      8494	00100200	000205b7	lui	x11,0x20	 x11=0x00020000
          16998	      8495	00100204	00451613	slli	x12,x10,0x4	 x10:0x00000001 x12=0x00000010
          17002	      8497	00100208	0075a023	sw	x7,0(x11)	 x11:0x00020000  x7:0x00000030 PA:0x00020000 store:0x00000030 load:0x00000000
          17004	      8498	0010020c	01c65693	srli	x13,x12,0x1c	 x12:0x00000010 x13=0x00000000
          17006	      8499	00100210	00900813	addi	x16,x0,9	  x0:0x00000000 x16=0x00000009
          17008	      8500	00100214	f2d86ae3	bltu	x16,x13,100148	 x16:0x00000009 x13:0x00000000
          17010	      8501	00100218	03068e93	addi	x29,x13,48	 x13:0x00000000 x29=0x00000030
          17012	      8502	0010021c	00020f37	lui	x30,0x20	 x30=0x00020000
          17014	      8503	00100220	00851f93	slli	x31,x10,0x8	 x10:0x00000001 x31=0x00000100
          17018	      8505	00100224	01df2023	sw	x29,0(x30)	 x30:0x00020000 x29:0x00000030 PA:0x00020000 store:0x00000030 load:0x00000000
          17020	      8506	00100228	01cfd793	srli	x15,x31,0x1c	 x31:0x00000100 x15=0x00000000
          17022	      8507	0010022c	00900713	addi	x14,x0,9	  x0:0x00000000 x14=0x00000009
          17024	      8508	00100230	f2f76ae3	bltu	x14,x15,100164	 x14:0x00000009 x15:0x00000000
          17026	      8509	00100234	03078393	addi	x7,x15,48	 x15:0x00000000  x7=0x00000030
          17028	      8510	00100238	000205b7	lui	x11,0x20	 x11=0x00020000
          17030	      8511	0010023c	00c51613	slli	x12,x10,0xc	 x10:0x00000001 x12=0x00001000
          17034	      8513	00100240	0075a023	sw	x7,0(x11)	 x11:0x00020000  x7:0x00000030 PA:0x00020000 store:0x00000030 load:0x00000000
          17036	      8514	00100244	01c65693	srli	x13,x12,0x1c	 x12:0x00001000 x13=0x00000000
          17038	      8515	00100248	00900813	addi	x16,x0,9	  x0:0x00000000 x16=0x00000009
          17040	      8516	0010024c	f2d86ae3	bltu	x16,x13,100180	 x16:0x00000009 x13:0x00000000
          17042	      8517	00100250	03068e93	addi	x29,x13,48	 x13:0x00000000 x29=0x00000030
          17044	      8518	00100254	00020f37	lui	x30,0x20	 x30=0x00020000
          17046	      8519	00100258	01051f93	slli	x31,x10,0x10	 x10:0x00000001 x31=0x00010000
          17050	      8521	0010025c	01df2023	sw	x29,0(x30)	 x30:0x00020000 x29:0x00000030 PA:0x00020000 store:0x00000030 load:0x00000000
          17052	      8522	00100260	01cfd793	srli	x15,x31,0x1c	 x31:0x00010000 x15=0x00000000
          17054	      8523	00100264	00900713	addi	x14,x0,9	  x0:0x00000000 x14=0x00000009
          17056	      8524	00100268	f2f76ae3	bltu	x14,x15,10019c	 x14:0x00000009 x15:0x00000000
          17058	      8525	0010026c	03078393	addi	x7,x15,48	 x15:0x00000000  x7=0x00000030
          17060	      8526	00100270	000205b7	lui	x11,0x20	 x11=0x00020000
          17062	      8527	00100274	01451613	slli	x12,x10,0x14	 x10:0x00000001 x12=0x00100000
          17066	      8529	00100278	0075a023	sw	x7,0(x11)	 x11:0x00020000  x7:0x00000030 PA:0x00020000 store:0x00000030 load:0x00000000
          17068	      8530	0010027c	01c65693	srli	x13,x12,0x1c	 x12:0x00100000 x13=0x00000000
          17070	      8531	00100280	00900813	addi	x16,x0,9	  x0:0x00000000 x16=0x00000009
          17072	      8532	00100284	f2d86ae3	bltu	x16,x13,1001b8	 x16:0x00000009 x13:0x00000000
          17074	      8533	00100288	03068e93	addi	x29,x13,48	 x13:0x00000000 x29=0x00000030
          17076	      8534	0010028c	00020f37	lui	x30,0x20	 x30=0x00020000
          17078	      8535	00100290	01851f93	slli	x31,x10,0x18	 x10:0x00000001 x31=0x01000000
          17082	      8537	00100294	01df2023	sw	x29,0(x30)	 x30:0x00020000 x29:0x00000030 PA:0x00020000 store:0x00000030 load:0x00000000
          17084	      8538	00100298	01cfd793	srli	x15,x31,0x1c	 x31:0x01000000 x15=0x00000000
          17086	      8539	0010029c	00900713	addi	x14,x0,9	  x0:0x00000000 x14=0x00000009
          17088	      8540	001002a0	f2f76ae3	bltu	x14,x15,1001d4	 x14:0x00000009 x15:0x00000000
          17090	      8541	001002a4	03078393	addi	x7,x15,48	 x15:0x00000000  x7=0x00000030
          17092	      8542	001002a8	000205b7	lui	x11,0x20	 x11=0x00020000
          17096	      8544	001002ac	0075a023	sw	x7,0(x11)	 x11:0x00020000  x7:0x00000030 PA:0x00020000 store:0x00000030 load:0x00000000
          17098	      8545	001002b0	00f57513	andi	x10,x10,15	 x10:0x00000001 x10=0x00000001
          17100	      8546	001002b4	00900613	addi	x12,x0,9	  x0:0x00000000 x12=0x00000009
          17104	      8548	001002b8	f2a67ae3	bgeu	x12,x10,1001ec	 x12:0x00000009 x10:0x00000001
          17108	      8550	001001ec	03050893	addi	x17,x10,48	 x10:0x00000001 x17=0x00000031
          17110	      8551	001001f0	00020e37	lui	x28,0x20	 x28=0x00020000
          17114	      8553	001001f4	011e2023	sw	x17,0(x28)	 x28:0x00020000 x17:0x00000031 PA:0x00020000 store:0x00000031 load:0x00000000
          17118	      8555	001001f8	00008067	jalr	x0,0(x1)	  x1:0x0010137c  x0=0x00000000
          17120	      8556	0010137c	a18b0513	addi	x10,x22,-1512	 x22:0x00102000 x10=0x00101a18
          17124	      8558	00101380	d21fe0ef	jal	x1,1000a0	  x1=0x00101384
          17128	      8560	001000a0	00054803	lbu	x16,0(x10)	 x10:0x00101a18 x16=0x00000020 PA:0x00101a18 store:0x00000000
          17130	      8561	001000a4	06080663	beq	x16,x0,100110	 x16:0x00000020  x0:0x00000000
          17132	      8562	001000a8	000207b7	lui	x15,0x20	 x15=0x00020000
          17136	      8564	001000ac	0107a023	sw	x16,0(x15)	 x15:0x00020000 x16:0x00000020 PA:0x00020000 store:0x00000020 load:0x00000000
          17140	      8566	001000b0	00154703	lbu	x14,1(x10)	 x10:0x00101a18 x14=0x00000072 PA:0x00101a19 store:0x00101384
          17142	      8567	001000b4	04070e63	beq	x14,x0,100110	 x14:0x00000072  x0:0x00000000
          17146	      8569	001000b8	00e7a023	sw	x14,0(x15)	 x15:0x00020000 x14:0x00000072 PA:0x00020000 store:0x00000072 load:0x00000000
          17150	      8571	001000bc	00254283	lbu	x5,2(x10)	 x10:0x00101a18  x5=0x00000065 PA:0x00101a1a store:0x00137fa0
          17152	      8572	001000c0	04028863	beq	x5,x0,100110	  x5:0x00000065  x0:0x00000000
          17156	      8574	001000c4	0057a023	sw	x5,0(x15)	 x15:0x00020000  x5:0x00000065 PA:0x00020000 store:0x00000065 load:0x00000000
          17160	      8576	001000c8	00354303	lbu	x6,3(x10)	 x10:0x00101a18  x6=0x00000073 PA:0x00101a1b store:0x00000000
          17162	      8577	001000cc	04030263	beq	x6,x0,100110	  x6:0x00000073  x0:0x00000000
          17166	      8579	001000d0	0067a023	sw	x6,0(x15)	 x15:0x00020000  x6:0x00000073 PA:0x00020000 store:0x00000073 load:0x00000000
          17170	      8581	001000d4	00454383	lbu	x7,4(x10)	 x10:0x00101a18  x7=0x00000075 PA:0x00101a1c store:0x00000000
          17172	      8582	001000d8	02038c63	beq	x7,x0,100110	  x7:0x00000075  x0:0x00000000
          17176	      8584	001000dc	0077a023	sw	x7,0(x15)	 x15:0x00020000  x7:0x00000075 PA:0x00020000 store:0x00000075 load:0x00000000
          17180	      8586	001000e0	00554583	lbu	x11,5(x10)	 x10:0x00101a18 x11=0x0000006c PA:0x00101a1d store:0x00000065
          17182	      8587	001000e4	02058663	beq	x11,x0,100110	 x11:0x0000006c  x0:0x00000000
          17186	      8589	001000e8	00b7a023	sw	x11,0(x15)	 x15:0x00020000 x11:0x0000006c PA:0x00020000 store:0x0000006c load:0x00000000
          17190	      8591	001000ec	00654603	lbu	x12,6(x10)	 x10:0x00101a18 x12=0x00000074 PA:0x00101a1e store:0x00000073
          17192	      8592	001000f0	02060063	beq	x12,x0,100110	 x12:0x00000074  x0:0x00000000
          17196	      8594	001000f4	00c7a023	sw	x12,0(x15)	 x15:0x00020000 x12:0x00000074 PA:0x00020000 store:0x00000074 load:0x00000000
          17200	      8596	001000f8	00754683	lbu	x13,7(x10)	 x10:0x00101a18 x13=0x0000003a PA:0x00101a1f store:0x00000075
          17202	      8597	001000fc	00850513	addi	x10,x10,8	 x10:0x00101a18 x10=0x00101a20
          17204	      8598	00100100	00068863	beq	x13,x0,100110	 x13:0x0000003a  x0:0x00000000
          17208	      8600	00100104	00d7a023	sw	x13,0(x15)	 x15:0x00020000 x13:0x0000003a PA:0x00020000 store:0x0000003a load:0x00000000
          17212	      8602	00100108	00054803	lbu	x16,0(x10)	 x10:0x00101a20 x16=0x00000020 PA:0x00101a20 store:0x00000000
          17216	      8604	0010010c	fa0810e3	bne	x16,x0,1000ac	 x16:0x00000020  x0:0x00000000
          17222	      8607	001000ac	0107a023	sw	x16,0(x15)	 x15:0x00020000 x16:0x00000020 PA:0x00020000 store:0x00000020 load:0x00000000
          17226	      8609	001000b0	00154703	lbu	x14,1(x10)	 x10:0x00101a20 x14=0x00000000 PA:0x00101a21 store:0x00101384
          17230	      8611	001000b4	04070e63	beq	x14,x0,100110	 x14:0x00000000  x0:0x00000000
          17234	      8613	00100110	00000513	addi	x10,x0,0	  x0:0x00000000 x10=0x00000000
          17238	      8615	00100114	00008067	jalr	x0,0(x1)	  x1:0x00101384  x0=0x00000000
          17242	      8617	00101384	cf8a2503	lw	x10,-776(x20)	 x20:0x00102000 x10=0x40957595 PA:0x00101cf8 store:0x00000000
          17244	      8618	00101388	002c0d93	addi	x27,x24,2	 x24:0x00000000 x27=0x00000002
          17248	      8620	0010138c	d95fe0ef	jal	x1,100120	  x1=0x00101390
          17250	      8621	00100120	01c55793	srli	x15,x10,0x1c	 x10:0x40957595 x15=0x00000004
          17252	      8622	00100124	00900713	addi	x14,x0,9	  x0:0x00000000 x14=0x00000009
          17256	      8624	00100128	0cf77a63	bgeu	x14,x15,1001fc	 x14:0x00000009 x15:0x00000004
          17260	      8626	001001fc	03078393	addi	x7,x15,48	 x15:0x00000004  x7=0x00000034
          17262	      8627	00100200	000205b7	lui	x11,0x20	 x11=0x00020000
          17264	      8628	00100204	00451613	slli	x12,x10,0x4	 x10:0x40957595 x12=0x09575950
          17268	      8630	00100208	0075a023	sw	x7,0(x11)	 x11:0x00020000  x7:0x00000034 PA:0x00020000 store:0x00000034 load:0x00000000
          17270	      8631	0010020c	01c65693	srli	x13,x12,0x1c	 x12:0x09575950 x13=0x00000000
          17272	      8632	00100210	00900813	addi	x16,x0,9	  x0:0x00000000 x16=0x00000009
          17274	      8633	00100214	f2d86ae3	bltu	x16,x13,100148	 x16:0x00000009 x13:0x00000000
          17276	      8634	00100218	03068e93	addi	x29,x13,48	 x13:0x00000000 x29=0x00000030
          17278	      8635	0010021c	00020f37	lui	x30,0x20	 x30=0x00020000
          17280	      8636	00100220	00851f93	slli	x31,x10,0x8	 x10:0x40957595 x31=0x95759500
          17284	      8638	00100224	01df2023	sw	x29,0(x30)	 x30:0x00020000 x29:0x00000030 PA:0x00020000 store:0x00000030 load:0x00000000
          17286	      8639	00100228	01cfd793	srli	x15,x31,0x1c	 x31:0x95759500 x15=0x00000009
          17288	      8640	0010022c	00900713	addi	x14,x0,9	  x0:0x00000000 x14=0x00000009
          17290	      8641	00100230	f2f76ae3	bltu	x14,x15,100164	 x14:0x00000009 x15:0x00000009
          17292	      8642	00100234	03078393	addi	x7,x15,48	 x15:0x00000009  x7=0x00000039
          17294	      8643	00100238	000205b7	lui	x11,0x20	 x11=0x00020000
          17296	      8644	0010023c	00c51613	slli	x12,x10,0xc	 x10:0x40957595 x12=0x57595000
          17300	      8646	00100240	0075a023	sw	x7,0(x11)	 x11:0x00020000  x7:0x00000039 PA:0x00020000 store:0x00000039 load:0x00000000
          17302	      8647	00100244	01c65693	srli	x13,x12,0x1c	 x12:0x57595000 x13=0x00000005
          17304	      8648	00100248	00900813	addi	x16,x0,9	  x0:0x00000000 x16=0x00000009
          17306	      8649	0010024c	f2d86ae3	bltu	x16,x13,100180	 x16:0x00000009 x13:0x00000005
          17308	      8650	00100250	03068e93	addi	x29,x13,48	 x13:0x00000005 x29=0x00000035
          17310	      8651	00100254	00020f37	lui	x30,0x20	 x30=0x00020000
          17312	      8652	00100258	01051f93	slli	x31,x10,0x10	 x10:0x40957595 x31=0x75950000
          17316	      8654	0010025c	01df2023	sw	x29,0(x30)	 x30:0x00020000 x29:0x00000035 PA:0x00020000 store:0x00000035 load:0x00000000
          17318	      8655	00100260	01cfd793	srli	x15,x31,0x1c	 x31:0x75950000 x15=0x00000007
          17320	      8656	00100264	00900713	addi	x14,x0,9	  x0:0x00000000 x14=0x00000009
          17322	      8657	00100268	f2f76ae3	bltu	x14,x15,10019c	 x14:0x00000009 x15:0x00000007
          17324	      8658	0010026c	03078393	addi	x7,x15,48	 x15:0x00000007  x7=0x00000037
          17326	      8659	00100270	000205b7	lui	x11,0x20	 x11=0x00020000
          17328	      8660	00100274	01451613	slli	x12,x10,0x14	 x10:0x40957595 x12=0x59500000
          17332	      8662	00100278	0075a023	sw	x7,0(x11)	 x11:0x00020000  x7:0x00000037 PA:0x00020000 store:0x00000037 load:0x00000000
          17334	      8663	0010027c	01c65693	srli	x13,x12,0x1c	 x12:0x59500000 x13=0x00000005
          17336	      8664	00100280	00900813	addi	x16,x0,9	  x0:0x00000000 x16=0x00000009
          17338	      8665	00100284	f2d86ae3	bltu	x16,x13,1001b8	 x16:0x00000009 x13:0x00000005
          17340	      8666	00100288	03068e93	addi	x29,x13,48	 x13:0x00000005 x29=0x00000035
          17342	      8667	0010028c	00020f37	lui	x30,0x20	 x30=0x00020000
          17344	      8668	00100290	01851f93	slli	x31,x10,0x18	 x10:0x40957595 x31=0x95000000
          17348	      8670	00100294	01df2023	sw	x29,0(x30)	 x30:0x00020000 x29:0x00000035 PA:0x00020000 store:0x00000035 load:0x00000000
          17350	      8671	00100298	01cfd793	srli	x15,x31,0x1c	 x31:0x95000000 x15=0x00000009
          17352	      8672	0010029c	00900713	addi	x14,x0,9	  x0:0x00000000 x14=0x00000009
          17354	      8673	001002a0	f2f76ae3	bltu	x14,x15,1001d4	 x14:0x00000009 x15:0x00000009
          17356	      8674	001002a4	03078393	addi	x7,x15,48	 x15:0x00000009  x7=0x00000039
          17358	      8675	001002a8	000205b7	lui	x11,0x20	 x11=0x00020000
          17362	      8677	001002ac	0075a023	sw	x7,0(x11)	 x11:0x00020000  x7:0x00000039 PA:0x00020000 store:0x00000039 load:0x00000000
          17364	      8678	001002b0	00f57513	andi	x10,x10,15	 x10:0x40957595 x10=0x00000005
          17366	      8679	001002b4	00900613	addi	x12,x0,9	  x0:0x00000000 x12=0x00000009
          17370	      8681	001002b8	f2a67ae3	bgeu	x12,x10,1001ec	 x12:0x00000009 x10:0x00000005
          17374	      8683	001001ec	03050893	addi	x17,x10,48	 x10:0x00000005 x17=0x00000035
          17376	      8684	001001f0	00020e37	lui	x28,0x20	 x28=0x00020000
          17380	      8686	001001f4	011e2023	sw	x17,0(x28)	 x28:0x00020000 x17:0x00000035 PA:0x00020000 store:0x00000035 load:0x00000000
          17394	      8693	001001f8	00008067	jalr	x0,0(x1)	  x1:0x00101390  x0=0x00000000
          17396	      8694	00101390	d089a807	flw	f16,-760(x19)	 f19:0x00102000 f16=0x00000000 PA:0x00101d08 store:0x41ae842c
          17418	      8705	00101394	a10a8513	addi	x10,x21,-1520	 x21:0x00102000 x10=0x00101a10
          17420	      8706	00101398	580878d3	fsqrt.s	f17,f16	 f16:0x00000009 f17=0x00000000
          17426	      8709	0010139c	d119a427	fsw	f17,-760(x19)	 f19:0x00102000 f17:0x00000035 PA:0x00101d08 store:0x400a5069 load:0x40957595
          17434	      8713	001013a0	d089a907	flw	f18,-760(x19)	 f19:0x00102000 f18=0x00000000 PA:0x00101d08 store:0x41ae842c
          17440	      8716	001013a4	e00907d3	fmv.x.w	x15,f18	 f18:0x00102000 x15=0x400a5069
          17442	      8717	001013a8	cefa2c23	sw	x15,-776(x20)	 x20:0x00102000 x15:0x400a5069 PA:0x00101cf8 store:0x400a5069 load:0x400a5069
          17446	      8719	001013ac	cf5fe0ef	jal	x1,1000a0	  x1=0x001013b0
          17450	      8721	001000a0	00054803	lbu	x16,0(x10)	 x10:0x00101a10 x16=0x0000000a PA:0x00101a10 store:0x00000000
          17452	      8722	001000a4	06080663	beq	x16,x0,100110	 x16:0x0000000a  x0:0x00000000
          17454	      8723	001000a8	000207b7	lui	x15,0x20	 x15=0x00020000
          17458	      8725	001000ac	0107a023	sw	x16,0(x15)	 x15:0x00020000 x16:0x0000000a PA:0x00020000 store:0x0000000a load:0x00000000
          17462	      8727	001000b0	00154703	lbu	x14,1(x10)	 x10:0x00101a10 x14=0x00000020 PA:0x00101a11 store:0x001013b0
          17464	      8728	001000b4	04070e63	beq	x14,x0,100110	 x14:0x00000020  x0:0x00000000
          17468	      8730	001000b8	00e7a023	sw	x14,0(x15)	 x15:0x00020000 x14:0x00000020 PA:0x00020000 store:0x00000020 load:0x00000000
          17472	      8732	001000bc	00254283	lbu	x5,2(x10)	 x10:0x00101a10  x5=0x00000069 PA:0x00101a12 store:0x00137fa0
          17474	      8733	001000c0	04028863	beq	x5,x0,100110	  x5:0x00000069  x0:0x00000000
          17478	      8735	001000c4	0057a023	sw	x5,0(x15)	 x15:0x00020000  x5:0x00000069 PA:0x00020000 store:0x00000069 load:0x00000000
          17482	      8737	001000c8	00354303	lbu	x6,3(x10)	 x10:0x00101a10  x6=0x0000003d PA:0x00101a13 store:0x00000000
          17484	      8738	001000cc	04030263	beq	x6,x0,100110	  x6:0x0000003d  x0:0x00000000
          17488	      8740	001000d0	0067a023	sw	x6,0(x15)	 x15:0x00020000  x6:0x0000003d PA:0x00020000 store:0x0000003d load:0x00000000
          17492	      8742	001000d4	00454383	lbu	x7,4(x10)	 x10:0x00101a10  x7=0x00000000 PA:0x00101a14 store:0x00000000
          17496	      8744	001000d8	02038c63	beq	x7,x0,100110	  x7:0x00000000  x0:0x00000000
          17500	      8746	00100110	00000513	addi	x10,x0,0	  x0:0x00000000 x10=0x00000000
          17504	      8748	00100114	00008067	jalr	x0,0(x1)	  x1:0x001013b0  x0=0x00000000
          17506	      8749	001013b0	000d8513	addi	x10,x27,0	 x27:0x00000002 x10=0x00000002
          17510	      8751	001013b4	d6dfe0ef	jal	x1,100120	  x1=0x001013b8
          17512	      8752	00100120	01c55793	srli	x15,x10,0x1c	 x10:0x00000002 x15=0x00000000
          17514	      8753	00100124	00900713	addi	x14,x0,9	  x0:0x00000000 x14=0x00000009
          17518	      8755	00100128	0cf77a63	bgeu	x14,x15,1001fc	 x14:0x00000009 x15:0x00000000
          17522	      8757	001001fc	03078393	addi	x7,x15,48	 x15:0x00000000  x7=0x00000030
          17524	      8758	00100200	000205b7	lui	x11,0x20	 x11=0x00020000
          17526	      8759	00100204	00451613	slli	x12,x10,0x4	 x10:0x00000002 x12=0x00000020
          17530	      8761	00100208	0075a023	sw	x7,0(x11)	 x11:0x00020000  x7:0x00000030 PA:0x00020000 store:0x00000030 load:0x00000000
          17532	      8762	0010020c	01c65693	srli	x13,x12,0x1c	 x12:0x00000020 x13=0x00000000
          17534	      8763	00100210	00900813	addi	x16,x0,9	  x0:0x00000000 x16=0x00000009
          17536	      8764	00100214	f2d86ae3	bltu	x16,x13,100148	 x16:0x00000009 x13:0x00000000
          17538	      8765	00100218	03068e93	addi	x29,x13,48	 x13:0x00000000 x29=0x00000030
          17540	      8766	0010021c	00020f37	lui	x30,0x20	 x30=0x00020000
          17542	      8767	00100220	00851f93	slli	x31,x10,0x8	 x10:0x00000002 x31=0x00000200
          17546	      8769	00100224	01df2023	sw	x29,0(x30)	 x30:0x00020000 x29:0x00000030 PA:0x00020000 store:0x00000030 load:0x00000000
          17548	      8770	00100228	01cfd793	srli	x15,x31,0x1c	 x31:0x00000200 x15=0x00000000
          17550	      8771	0010022c	00900713	addi	x14,x0,9	  x0:0x00000000 x14=0x00000009
          17552	      8772	00100230	f2f76ae3	bltu	x14,x15,100164	 x14:0x00000009 x15:0x00000000
          17554	      8773	00100234	03078393	addi	x7,x15,48	 x15:0x00000000  x7=0x00000030
          17556	      8774	00100238	000205b7	lui	x11,0x20	 x11=0x00020000
          17558	      8775	0010023c	00c51613	slli	x12,x10,0xc	 x10:0x00000002 x12=0x00002000
          17562	      8777	00100240	0075a023	sw	x7,0(x11)	 x11:0x00020000  x7:0x00000030 PA:0x00020000 store:0x00000030 load:0x00000000
          17564	      8778	00100244	01c65693	srli	x13,x12,0x1c	 x12:0x00002000 x13=0x00000000
          17566	      8779	00100248	00900813	addi	x16,x0,9	  x0:0x00000000 x16=0x00000009
          17568	      8780	0010024c	f2d86ae3	bltu	x16,x13,100180	 x16:0x00000009 x13:0x00000000
          17570	      8781	00100250	03068e93	addi	x29,x13,48	 x13:0x00000000 x29=0x00000030
          17572	      8782	00100254	00020f37	lui	x30,0x20	 x30=0x00020000
          17574	      8783	00100258	01051f93	slli	x31,x10,0x10	 x10:0x00000002 x31=0x00020000
          17578	      8785	0010025c	01df2023	sw	x29,0(x30)	 x30:0x00020000 x29:0x00000030 PA:0x00020000 store:0x00000030 load:0x00000000
          17580	      8786	00100260	01cfd793	srli	x15,x31,0x1c	 x31:0x00020000 x15=0x00000000
          17582	      8787	00100264	00900713	addi	x14,x0,9	  x0:0x00000000 x14=0x00000009
          17584	      8788	00100268	f2f76ae3	bltu	x14,x15,10019c	 x14:0x00000009 x15:0x00000000
          17586	      8789	0010026c	03078393	addi	x7,x15,48	 x15:0x00000000  x7=0x00000030
          17588	      8790	00100270	000205b7	lui	x11,0x20	 x11=0x00020000
          17590	      8791	00100274	01451613	slli	x12,x10,0x14	 x10:0x00000002 x12=0x00200000
          17594	      8793	00100278	0075a023	sw	x7,0(x11)	 x11:0x00020000  x7:0x00000030 PA:0x00020000 store:0x00000030 load:0x00000000
          17596	      8794	0010027c	01c65693	srli	x13,x12,0x1c	 x12:0x00200000 x13=0x00000000
          17598	      8795	00100280	00900813	addi	x16,x0,9	  x0:0x00000000 x16=0x00000009
          17600	      8796	00100284	f2d86ae3	bltu	x16,x13,1001b8	 x16:0x00000009 x13:0x00000000
          17602	      8797	00100288	03068e93	addi	x29,x13,48	 x13:0x00000000 x29=0x00000030
          17604	      8798	0010028c	00020f37	lui	x30,0x20	 x30=0x00020000
          17606	      8799	00100290	01851f93	slli	x31,x10,0x18	 x10:0x00000002 x31=0x02000000
          17610	      8801	00100294	01df2023	sw	x29,0(x30)	 x30:0x00020000 x29:0x00000030 PA:0x00020000 store:0x00000030 load:0x00000000
          17612	      8802	00100298	01cfd793	srli	x15,x31,0x1c	 x31:0x02000000 x15=0x00000000
          17614	      8803	0010029c	00900713	addi	x14,x0,9	  x0:0x00000000 x14=0x00000009
          17616	      8804	001002a0	f2f76ae3	bltu	x14,x15,1001d4	 x14:0x00000009 x15:0x00000000
          17618	      8805	001002a4	03078393	addi	x7,x15,48	 x15:0x00000000  x7=0x00000030
          17620	      8806	001002a8	000205b7	lui	x11,0x20	 x11=0x00020000
          17624	      8808	001002ac	0075a023	sw	x7,0(x11)	 x11:0x00020000  x7:0x00000030 PA:0x00020000 store:0x00000030 load:0x00000000
          17626	      8809	001002b0	00f57513	andi	x10,x10,15	 x10:0x00000002 x10=0x00000002
          17628	      8810	001002b4	00900613	addi	x12,x0,9	  x0:0x00000000 x12=0x00000009
          17632	      8812	001002b8	f2a67ae3	bgeu	x12,x10,1001ec	 x12:0x00000009 x10:0x00000002
          17636	      8814	001001ec	03050893	addi	x17,x10,48	 x10:0x00000002 x17=0x00000032
          17638	      8815	001001f0	00020e37	lui	x28,0x20	 x28=0x00020000
          17642	      8817	001001f4	011e2023	sw	x17,0(x28)	 x28:0x00020000 x17:0x00000032 PA:0x00020000 store:0x00000032 load:0x00000000
          17646	      8819	001001f8	00008067	jalr	x0,0(x1)	  x1:0x001013b8  x0=0x00000000
          17648	      8820	001013b8	a18b0513	addi	x10,x22,-1512	 x22:0x00102000 x10=0x00101a18
          17652	      8822	001013bc	ce5fe0ef	jal	x1,1000a0	  x1=0x001013c0
          17656	      8824	001000a0	00054803	lbu	x16,0(x10)	 x10:0x00101a18 x16=0x00000020 PA:0x00101a18 store:0x00000000
          17658	      8825	001000a4	06080663	beq	x16,x0,100110	 x16:0x00000020  x0:0x00000000
          17660	      8826	001000a8	000207b7	lui	x15,0x20	 x15=0x00020000
          17664	      8828	001000ac	0107a023	sw	x16,0(x15)	 x15:0x00020000 x16:0x00000020 PA:0x00020000 store:0x00000020 load:0x00000000
          17668	      8830	001000b0	00154703	lbu	x14,1(x10)	 x10:0x00101a18 x14=0x00000072 PA:0x00101a19 store:0x001013c0
          17670	      8831	001000b4	04070e63	beq	x14,x0,100110	 x14:0x00000072  x0:0x00000000
          17674	      8833	001000b8	00e7a023	sw	x14,0(x15)	 x15:0x00020000 x14:0x00000072 PA:0x00020000 store:0x00000072 load:0x00000000
          17678	      8835	001000bc	00254283	lbu	x5,2(x10)	 x10:0x00101a18  x5=0x00000065 PA:0x00101a1a store:0x00137fa0
          17680	      8836	001000c0	04028863	beq	x5,x0,100110	  x5:0x00000065  x0:0x00000000
          17684	      8838	001000c4	0057a023	sw	x5,0(x15)	 x15:0x00020000  x5:0x00000065 PA:0x00020000 store:0x00000065 load:0x00000000
          17688	      8840	001000c8	00354303	lbu	x6,3(x10)	 x10:0x00101a18  x6=0x00000073 PA:0x00101a1b store:0x00000000
          17690	      8841	001000cc	04030263	beq	x6,x0,100110	  x6:0x00000073  x0:0x00000000
          17694	      8843	001000d0	0067a023	sw	x6,0(x15)	 x15:0x00020000  x6:0x00000073 PA:0x00020000 store:0x00000073 load:0x00000000
          17698	      8845	001000d4	00454383	lbu	x7,4(x10)	 x10:0x00101a18  x7=0x00000075 PA:0x00101a1c store:0x00000000
          17700	      8846	001000d8	02038c63	beq	x7,x0,100110	  x7:0x00000075  x0:0x00000000
          17704	      8848	001000dc	0077a023	sw	x7,0(x15)	 x15:0x00020000  x7:0x00000075 PA:0x00020000 store:0x00000075 load:0x00000000
          17708	      8850	001000e0	00554583	lbu	x11,5(x10)	 x10:0x00101a18 x11=0x0000006c PA:0x00101a1d store:0x00000065
          17710	      8851	001000e4	02058663	beq	x11,x0,100110	 x11:0x0000006c  x0:0x00000000
          17714	      8853	001000e8	00b7a023	sw	x11,0(x15)	 x15:0x00020000 x11:0x0000006c PA:0x00020000 store:0x0000006c load:0x00000000
          17718	      8855	001000ec	00654603	lbu	x12,6(x10)	 x10:0x00101a18 x12=0x00000074 PA:0x00101a1e store:0x00000073
          17720	      8856	001000f0	02060063	beq	x12,x0,100110	 x12:0x00000074  x0:0x00000000
          17724	      8858	001000f4	00c7a023	sw	x12,0(x15)	 x15:0x00020000 x12:0x00000074 PA:0x00020000 store:0x00000074 load:0x00000000
          17728	      8860	001000f8	00754683	lbu	x13,7(x10)	 x10:0x00101a18 x13=0x0000003a PA:0x00101a1f store:0x00000075
          17730	      8861	001000fc	00850513	addi	x10,x10,8	 x10:0x00101a18 x10=0x00101a20
          17732	      8862	00100100	00068863	beq	x13,x0,100110	 x13:0x0000003a  x0:0x00000000
          17736	      8864	00100104	00d7a023	sw	x13,0(x15)	 x15:0x00020000 x13:0x0000003a PA:0x00020000 store:0x0000003a load:0x00000000
          17740	      8866	00100108	00054803	lbu	x16,0(x10)	 x10:0x00101a20 x16=0x00000020 PA:0x00101a20 store:0x00000000
          17744	      8868	0010010c	fa0810e3	bne	x16,x0,1000ac	 x16:0x00000020  x0:0x00000000
          17750	      8871	001000ac	0107a023	sw	x16,0(x15)	 x15:0x00020000 x16:0x00000020 PA:0x00020000 store:0x00000020 load:0x00000000
          17754	      8873	001000b0	00154703	lbu	x14,1(x10)	 x10:0x00101a20 x14=0x00000000 PA:0x00101a21 store:0x001013c0
          17758	      8875	001000b4	04070e63	beq	x14,x0,100110	 x14:0x00000000  x0:0x00000000
          17762	      8877	00100110	00000513	addi	x10,x0,0	  x0:0x00000000 x10=0x00000000
          17766	      8879	00100114	00008067	jalr	x0,0(x1)	  x1:0x001013c0  x0=0x00000000
          17770	      8881	001013c0	cf8a2503	lw	x10,-776(x20)	 x20:0x00102000 x10=0x400a5069 PA:0x00101cf8 store:0x00000000
          17772	      8882	001013c4	003c0d93	addi	x27,x24,3	 x24:0x00000000 x27=0x00000003
          17774	      8883	001013c8	004c0c13	addi	x24,x24,4	 x24:0x00000000 x24=0x00000004
          17778	      8885	001013cc	d55fe0ef	jal	x1,100120	  x1=0x001013d0
          17780	      8886	00100120	01c55793	srli	x15,x10,0x1c	 x10:0x400a5069 x15=0x00000004
          17782	      8887	00100124	00900713	addi	x14,x0,9	  x0:0x00000000 x14=0x00000009
          17786	      8889	00100128	0cf77a63	bgeu	x14,x15,1001fc	 x14:0x00000009 x15:0x00000004
          17790	      8891	001001fc	03078393	addi	x7,x15,48	 x15:0x00000004  x7=0x00000034
          17792	      8892	00100200	000205b7	lui	x11,0x20	 x11=0x00020000
          17794	      8893	00100204	00451613	slli	x12,x10,0x4	 x10:0x400a5069 x12=0x00a50690
          17798	      8895	00100208	0075a023	sw	x7,0(x11)	 x11:0x00020000  x7:0x00000034 PA:0x00020000 store:0x00000034 load:0x00000000
          17800	      8896	0010020c	01c65693	srli	x13,x12,0x1c	 x12:0x00a50690 x13=0x00000000
          17802	      8897	00100210	00900813	addi	x16,x0,9	  x0:0x00000000 x16=0x00000009
          17804	      8898	00100214	f2d86ae3	bltu	x16,x13,100148	 x16:0x00000009 x13:0x00000000
          17806	      8899	00100218	03068e93	addi	x29,x13,48	 x13:0x00000000 x29=0x00000030
          17808	      8900	0010021c	00020f37	lui	x30,0x20	 x30=0x00020000
          17810	      8901	00100220	00851f93	slli	x31,x10,0x8	 x10:0x400a5069 x31=0x0a506900
          17814	      8903	00100224	01df2023	sw	x29,0(x30)	 x30:0x00020000 x29:0x00000030 PA:0x00020000 store:0x00000030 load:0x00000000
          17816	      8904	00100228	01cfd793	srli	x15,x31,0x1c	 x31:0x0a506900 x15=0x00000000
          17818	      8905	0010022c	00900713	addi	x14,x0,9	  x0:0x00000000 x14=0x00000009
          17820	      8906	00100230	f2f76ae3	bltu	x14,x15,100164	 x14:0x00000009 x15:0x00000000
          17822	      8907	00100234	03078393	addi	x7,x15,48	 x15:0x00000000  x7=0x00000030
          17824	      8908	00100238	000205b7	lui	x11,0x20	 x11=0x00020000
          17826	      8909	0010023c	00c51613	slli	x12,x10,0xc	 x10:0x400a5069 x12=0xa5069000
          17830	      8911	00100240	0075a023	sw	x7,0(x11)	 x11:0x00020000  x7:0x00000030 PA:0x00020000 store:0x00000030 load:0x00000000
          17832	      8912	00100244	01c65693	srli	x13,x12,0x1c	 x12:0xa5069000 x13=0x0000000a
          17834	      8913	00100248	00900813	addi	x16,x0,9	  x0:0x00000000 x16=0x00000009
          17838	      8915	0010024c	f2d86ae3	bltu	x16,x13,100180	 x16:0x00000009 x13:0x0000000a
          17842	      8917	00100180	03768893	addi	x17,x13,55	 x13:0x0000000a x17=0x00000041
          17844	      8918	00100184	00020e37	lui	x28,0x20	 x28=0x00020000
          17846	      8919	00100188	01051f93	slli	x31,x10,0x10	 x10:0x400a5069 x31=0x50690000
          17850	      8921	0010018c	011e2023	sw	x17,0(x28)	 x28:0x00020000 x17:0x00000041 PA:0x00020000 store:0x00000041 load:0x00000000
          17852	      8922	00100190	01cfd793	srli	x15,x31,0x1c	 x31:0x50690000 x15=0x00000005
          17854	      8923	00100194	00900713	addi	x14,x0,9	  x0:0x00000000 x14=0x00000009
          17858	      8925	00100198	0cf77a63	bgeu	x14,x15,10026c	 x14:0x00000009 x15:0x00000005
          17862	      8927	0010026c	03078393	addi	x7,x15,48	 x15:0x00000005  x7=0x00000035
          17864	      8928	00100270	000205b7	lui	x11,0x20	 x11=0x00020000
          17866	      8929	00100274	01451613	slli	x12,x10,0x14	 x10:0x400a5069 x12=0x06900000
          17870	      8931	00100278	0075a023	sw	x7,0(x11)	 x11:0x00020000  x7:0x00000035 PA:0x00020000 store:0x00000035 load:0x00000000
          17872	      8932	0010027c	01c65693	srli	x13,x12,0x1c	 x12:0x06900000 x13=0x00000000
          17874	      8933	00100280	00900813	addi	x16,x0,9	  x0:0x00000000 x16=0x00000009
          17876	      8934	00100284	f2d86ae3	bltu	x16,x13,1001b8	 x16:0x00000009 x13:0x00000000
          17878	      8935	00100288	03068e93	addi	x29,x13,48	 x13:0x00000000 x29=0x00000030
          17880	      8936	0010028c	00020f37	lui	x30,0x20	 x30=0x00020000
          17882	      8937	00100290	01851f93	slli	x31,x10,0x18	 x10:0x400a5069 x31=0x69000000
          17886	      8939	00100294	01df2023	sw	x29,0(x30)	 x30:0x00020000 x29:0x00000030 PA:0x00020000 store:0x00000030 load:0x00000000
          17888	      8940	00100298	01cfd793	srli	x15,x31,0x1c	 x31:0x69000000 x15=0x00000006
          17890	      8941	0010029c	00900713	addi	x14,x0,9	  x0:0x00000000 x14=0x00000009
          17892	      8942	001002a0	f2f76ae3	bltu	x14,x15,1001d4	 x14:0x00000009 x15:0x00000006
          17894	      8943	001002a4	03078393	addi	x7,x15,48	 x15:0x00000006  x7=0x00000036
          17896	      8944	001002a8	000205b7	lui	x11,0x20	 x11=0x00020000
          17900	      8946	001002ac	0075a023	sw	x7,0(x11)	 x11:0x00020000  x7:0x00000036 PA:0x00020000 store:0x00000036 load:0x00000000
          17902	      8947	001002b0	00f57513	andi	x10,x10,15	 x10:0x400a5069 x10=0x00000009
          17904	      8948	001002b4	00900613	addi	x12,x0,9	  x0:0x00000000 x12=0x00000009
          17908	      8950	001002b8	f2a67ae3	bgeu	x12,x10,1001ec	 x12:0x00000009 x10:0x00000009
          17912	      8952	001001ec	03050893	addi	x17,x10,48	 x10:0x00000009 x17=0x00000039
          17914	      8953	001001f0	00020e37	lui	x28,0x20	 x28=0x00020000
          17918	      8955	001001f4	011e2023	sw	x17,0(x28)	 x28:0x00020000 x17:0x00000039 PA:0x00020000 store:0x00000039 load:0x00000000
          17922	      8957	001001f8	00008067	jalr	x0,0(x1)	  x1:0x001013d0  x0=0x00000000
          17934	      8963	001013d0	a10a8513	addi	x10,x21,-1520	 x21:0x00102000 x10=0x00101a10
          17936	      8964	001013d4	d089a987	flw	f19,-760(x19)	 f19:0x00102000 f19=0x00000000 PA:0x00101d08 store:0x41ae842c
          17956	      8974	001013d8	5809fa53	fsqrt.s	f20,f19	 f19:0x00102000 f20=0x00000000
          17964	      8978	001013dc	d149a427	fsw	f20,-760(x19)	 f19:0x00102000 f20:0x00102000 PA:0x00101d08 store:0x3fbc2bd5 load:0x400a5069
          17972	      8982	001013e0	d089aa87	flw	f21,-760(x19)	 f19:0x00102000 f21=0x00000000 PA:0x00101d08 store:0x41ae842c
          17978	      8985	001013e4	e00a82d3	fmv.x.w	x5,f21	 f21:0x00102000  x5=0x3fbc2bd5
          17980	      8986	001013e8	ce5a2c23	sw	x5,-776(x20)	 x20:0x00102000  x5:0x3fbc2bd5 PA:0x00101cf8 store:0x3fbc2bd5 load:0x3fbc2bd5
          17984	      8988	001013ec	cb5fe0ef	jal	x1,1000a0	  x1=0x001013f0
          17988	      8990	001000a0	00054803	lbu	x16,0(x10)	 x10:0x00101a10 x16=0x0000000a PA:0x00101a10 store:0x00000000
          17990	      8991	001000a4	06080663	beq	x16,x0,100110	 x16:0x0000000a  x0:0x00000000
          17992	      8992	001000a8	000207b7	lui	x15,0x20	 x15=0x00020000
          17996	      8994	001000ac	0107a023	sw	x16,0(x15)	 x15:0x00020000 x16:0x0000000a PA:0x00020000 store:0x0000000a load:0x00000000
          18000	      8996	001000b0	00154703	lbu	x14,1(x10)	 x10:0x00101a10 x14=0x00000020 PA:0x00101a11 store:0x001013f0
          18002	      8997	001000b4	04070e63	beq	x14,x0,100110	 x14:0x00000020  x0:0x00000000
          18006	      8999	001000b8	00e7a023	sw	x14,0(x15)	 x15:0x00020000 x14:0x00000020 PA:0x00020000 store:0x00000020 load:0x00000000
          18010	      9001	001000bc	00254283	lbu	x5,2(x10)	 x10:0x00101a10  x5=0x00000069 PA:0x00101a12 store:0x00137fa0
          18012	      9002	001000c0	04028863	beq	x5,x0,100110	  x5:0x00000069  x0:0x00000000
          18016	      9004	001000c4	0057a023	sw	x5,0(x15)	 x15:0x00020000  x5:0x00000069 PA:0x00020000 store:0x00000069 load:0x00000000
          18020	      9006	001000c8	00354303	lbu	x6,3(x10)	 x10:0x00101a10  x6=0x0000003d PA:0x00101a13 store:0x00000000
          18022	      9007	001000cc	04030263	beq	x6,x0,100110	  x6:0x0000003d  x0:0x00000000
          18026	      9009	001000d0	0067a023	sw	x6,0(x15)	 x15:0x00020000  x6:0x0000003d PA:0x00020000 store:0x0000003d load:0x00000000
          18030	      9011	001000d4	00454383	lbu	x7,4(x10)	 x10:0x00101a10  x7=0x00000000 PA:0x00101a14 store:0x00000000
          18034	      9013	001000d8	02038c63	beq	x7,x0,100110	  x7:0x00000000  x0:0x00000000
          18038	      9015	00100110	00000513	addi	x10,x0,0	  x0:0x00000000 x10=0x00000000
          18042	      9017	00100114	00008067	jalr	x0,0(x1)	  x1:0x001013f0  x0=0x00000000
          18044	      9018	001013f0	000d8513	addi	x10,x27,0	 x27:0x00000003 x10=0x00000003
          18048	      9020	001013f4	d2dfe0ef	jal	x1,100120	  x1=0x001013f8
          18050	      9021	00100120	01c55793	srli	x15,x10,0x1c	 x10:0x00000003 x15=0x00000000
          18052	      9022	00100124	00900713	addi	x14,x0,9	  x0:0x00000000 x14=0x00000009
          18056	      9024	00100128	0cf77a63	bgeu	x14,x15,1001fc	 x14:0x00000009 x15:0x00000000
          18060	      9026	001001fc	03078393	addi	x7,x15,48	 x15:0x00000000  x7=0x00000030
          18062	      9027	00100200	000205b7	lui	x11,0x20	 x11=0x00020000
          18064	      9028	00100204	00451613	slli	x12,x10,0x4	 x10:0x00000003 x12=0x00000030
          18068	      9030	00100208	0075a023	sw	x7,0(x11)	 x11:0x00020000  x7:0x00000030 PA:0x00020000 store:0x00000030 load:0x00000000
          18070	      9031	0010020c	01c65693	srli	x13,x12,0x1c	 x12:0x00000030 x13=0x00000000
          18072	      9032	00100210	00900813	addi	x16,x0,9	  x0:0x00000000 x16=0x00000009
          18074	      9033	00100214	f2d86ae3	bltu	x16,x13,100148	 x16:0x00000009 x13:0x00000000
          18076	      9034	00100218	03068e93	addi	x29,x13,48	 x13:0x00000000 x29=0x00000030
          18078	      9035	0010021c	00020f37	lui	x30,0x20	 x30=0x00020000
          18080	      9036	00100220	00851f93	slli	x31,x10,0x8	 x10:0x00000003 x31=0x00000300
          18084	      9038	00100224	01df2023	sw	x29,0(x30)	 x30:0x00020000 x29:0x00000030 PA:0x00020000 store:0x00000030 load:0x00000000
          18086	      9039	00100228	01cfd793	srli	x15,x31,0x1c	 x31:0x00000300 x15=0x00000000
          18088	      9040	0010022c	00900713	addi	x14,x0,9	  x0:0x00000000 x14=0x00000009
          18090	      9041	00100230	f2f76ae3	bltu	x14,x15,100164	 x14:0x00000009 x15:0x00000000
          18092	      9042	00100234	03078393	addi	x7,x15,48	 x15:0x00000000  x7=0x00000030
          18094	      9043	00100238	000205b7	lui	x11,0x20	 x11=0x00020000
          18096	      9044	0010023c	00c51613	slli	x12,x10,0xc	 x10:0x00000003 x12=0x00003000
          18100	      9046	00100240	0075a023	sw	x7,0(x11)	 x11:0x00020000  x7:0x00000030 PA:0x00020000 store:0x00000030 load:0x00000000
          18102	      9047	00100244	01c65693	srli	x13,x12,0x1c	 x12:0x00003000 x13=0x00000000
          18104	      9048	00100248	00900813	addi	x16,x0,9	  x0:0x00000000 x16=0x00000009
          18106	      9049	0010024c	f2d86ae3	bltu	x16,x13,100180	 x16:0x00000009 x13:0x00000000
          18108	      9050	00100250	03068e93	addi	x29,x13,48	 x13:0x00000000 x29=0x00000030
          18110	      9051	00100254	00020f37	lui	x30,0x20	 x30=0x00020000
          18112	      9052	00100258	01051f93	slli	x31,x10,0x10	 x10:0x00000003 x31=0x00030000
          18116	      9054	0010025c	01df2023	sw	x29,0(x30)	 x30:0x00020000 x29:0x00000030 PA:0x00020000 store:0x00000030 load:0x00000000
          18118	      9055	00100260	01cfd793	srli	x15,x31,0x1c	 x31:0x00030000 x15=0x00000000
          18120	      9056	00100264	00900713	addi	x14,x0,9	  x0:0x00000000 x14=0x00000009
          18122	      9057	00100268	f2f76ae3	bltu	x14,x15,10019c	 x14:0x00000009 x15:0x00000000
          18124	      9058	0010026c	03078393	addi	x7,x15,48	 x15:0x00000000  x7=0x00000030
          18126	      9059	00100270	000205b7	lui	x11,0x20	 x11=0x00020000
          18128	      9060	00100274	01451613	slli	x12,x10,0x14	 x10:0x00000003 x12=0x00300000
          18132	      9062	00100278	0075a023	sw	x7,0(x11)	 x11:0x00020000  x7:0x00000030 PA:0x00020000 store:0x00000030 load:0x00000000
          18134	      9063	0010027c	01c65693	srli	x13,x12,0x1c	 x12:0x00300000 x13=0x00000000
          18136	      9064	00100280	00900813	addi	x16,x0,9	  x0:0x00000000 x16=0x00000009
          18138	      9065	00100284	f2d86ae3	bltu	x16,x13,1001b8	 x16:0x00000009 x13:0x00000000
          18140	      9066	00100288	03068e93	addi	x29,x13,48	 x13:0x00000000 x29=0x00000030
          18142	      9067	0010028c	00020f37	lui	x30,0x20	 x30=0x00020000
          18144	      9068	00100290	01851f93	slli	x31,x10,0x18	 x10:0x00000003 x31=0x03000000
          18148	      9070	00100294	01df2023	sw	x29,0(x30)	 x30:0x00020000 x29:0x00000030 PA:0x00020000 store:0x00000030 load:0x00000000
          18150	      9071	00100298	01cfd793	srli	x15,x31,0x1c	 x31:0x03000000 x15=0x00000000
          18152	      9072	0010029c	00900713	addi	x14,x0,9	  x0:0x00000000 x14=0x00000009
          18154	      9073	001002a0	f2f76ae3	bltu	x14,x15,1001d4	 x14:0x00000009 x15:0x00000000
          18156	      9074	001002a4	03078393	addi	x7,x15,48	 x15:0x00000000  x7=0x00000030
          18158	      9075	001002a8	000205b7	lui	x11,0x20	 x11=0x00020000
          18162	      9077	001002ac	0075a023	sw	x7,0(x11)	 x11:0x00020000  x7:0x00000030 PA:0x00020000 store:0x00000030 load:0x00000000
          18164	      9078	001002b0	00f57513	andi	x10,x10,15	 x10:0x00000003 x10=0x00000003
          18166	      9079	001002b4	00900613	addi	x12,x0,9	  x0:0x00000000 x12=0x00000009
          18170	      9081	001002b8	f2a67ae3	bgeu	x12,x10,1001ec	 x12:0x00000009 x10:0x00000003
          18174	      9083	001001ec	03050893	addi	x17,x10,48	 x10:0x00000003 x17=0x00000033
          18176	      9084	001001f0	00020e37	lui	x28,0x20	 x28=0x00020000
          18180	      9086	001001f4	011e2023	sw	x17,0(x28)	 x28:0x00020000 x17:0x00000033 PA:0x00020000 store:0x00000033 load:0x00000000
          18184	      9088	001001f8	00008067	jalr	x0,0(x1)	  x1:0x001013f8  x0=0x00000000
          18186	      9089	001013f8	a18b0513	addi	x10,x22,-1512	 x22:0x00102000 x10=0x00101a18
          18190	      9091	001013fc	ca5fe0ef	jal	x1,1000a0	  x1=0x00101400
          18194	      9093	001000a0	00054803	lbu	x16,0(x10)	 x10:0x00101a18 x16=0x00000020 PA:0x00101a18 store:0x00000000
          18196	      9094	001000a4	06080663	beq	x16,x0,100110	 x16:0x00000020  x0:0x00000000
          18198	      9095	001000a8	000207b7	lui	x15,0x20	 x15=0x00020000
          18202	      9097	001000ac	0107a023	sw	x16,0(x15)	 x15:0x00020000 x16:0x00000020 PA:0x00020000 store:0x00000020 load:0x00000000
          18206	      9099	001000b0	00154703	lbu	x14,1(x10)	 x10:0x00101a18 x14=0x00000072 PA:0x00101a19 store:0x00101400
          18208	      9100	001000b4	04070e63	beq	x14,x0,100110	 x14:0x00000072  x0:0x00000000
          18212	      9102	001000b8	00e7a023	sw	x14,0(x15)	 x15:0x00020000 x14:0x00000072 PA:0x00020000 store:0x00000072 load:0x00000000
          18216	      9104	001000bc	00254283	lbu	x5,2(x10)	 x10:0x00101a18  x5=0x00000065 PA:0x00101a1a store:0x00137fa0
          18218	      9105	001000c0	04028863	beq	x5,x0,100110	  x5:0x00000065  x0:0x00000000
          18222	      9107	001000c4	0057a023	sw	x5,0(x15)	 x15:0x00020000  x5:0x00000065 PA:0x00020000 store:0x00000065 load:0x00000000
          18226	      9109	001000c8	00354303	lbu	x6,3(x10)	 x10:0x00101a18  x6=0x00000073 PA:0x00101a1b store:0x00000000
          18228	      9110	001000cc	04030263	beq	x6,x0,100110	  x6:0x00000073  x0:0x00000000
          18232	      9112	001000d0	0067a023	sw	x6,0(x15)	 x15:0x00020000  x6:0x00000073 PA:0x00020000 store:0x00000073 load:0x00000000
          18236	      9114	001000d4	00454383	lbu	x7,4(x10)	 x10:0x00101a18  x7=0x00000075 PA:0x00101a1c store:0x00000000
          18238	      9115	001000d8	02038c63	beq	x7,x0,100110	  x7:0x00000075  x0:0x00000000
          18242	      9117	001000dc	0077a023	sw	x7,0(x15)	 x15:0x00020000  x7:0x00000075 PA:0x00020000 store:0x00000075 load:0x00000000
          18246	      9119	001000e0	00554583	lbu	x11,5(x10)	 x10:0x00101a18 x11=0x0000006c PA:0x00101a1d store:0x00000065
          18248	      9120	001000e4	02058663	beq	x11,x0,100110	 x11:0x0000006c  x0:0x00000000
          18252	      9122	001000e8	00b7a023	sw	x11,0(x15)	 x15:0x00020000 x11:0x0000006c PA:0x00020000 store:0x0000006c load:0x00000000
          18256	      9124	001000ec	00654603	lbu	x12,6(x10)	 x10:0x00101a18 x12=0x00000074 PA:0x00101a1e store:0x00000073
          18258	      9125	001000f0	02060063	beq	x12,x0,100110	 x12:0x00000074  x0:0x00000000
          18262	      9127	001000f4	00c7a023	sw	x12,0(x15)	 x15:0x00020000 x12:0x00000074 PA:0x00020000 store:0x00000074 load:0x00000000
          18266	      9129	001000f8	00754683	lbu	x13,7(x10)	 x10:0x00101a18 x13=0x0000003a PA:0x00101a1f store:0x00000075
          18268	      9130	001000fc	00850513	addi	x10,x10,8	 x10:0x00101a18 x10=0x00101a20
          18270	      9131	00100100	00068863	beq	x13,x0,100110	 x13:0x0000003a  x0:0x00000000
          18274	      9133	00100104	00d7a023	sw	x13,0(x15)	 x15:0x00020000 x13:0x0000003a PA:0x00020000 store:0x0000003a load:0x00000000
          18278	      9135	00100108	00054803	lbu	x16,0(x10)	 x10:0x00101a20 x16=0x00000020 PA:0x00101a20 store:0x00000000
          18282	      9137	0010010c	fa0810e3	bne	x16,x0,1000ac	 x16:0x00000020  x0:0x00000000
          18288	      9140	001000ac	0107a023	sw	x16,0(x15)	 x15:0x00020000 x16:0x00000020 PA:0x00020000 store:0x00000020 load:0x00000000
          18292	      9142	001000b0	00154703	lbu	x14,1(x10)	 x10:0x00101a20 x14=0x00000000 PA:0x00101a21 store:0x00101400
          18296	      9144	001000b4	04070e63	beq	x14,x0,100110	 x14:0x00000000  x0:0x00000000
          18300	      9146	00100110	00000513	addi	x10,x0,0	  x0:0x00000000 x10=0x00000000
          18304	      9148	00100114	00008067	jalr	x0,0(x1)	  x1:0x00101400  x0=0x00000000
          18308	      9150	00101400	cf8a2503	lw	x10,-776(x20)	 x20:0x00102000 x10=0x3fbc2bd5 PA:0x00101cf8 store:0x00000004
          18312	      9152	00101404	d1dfe0ef	jal	x1,100120	  x1=0x00101408
          18314	      9153	00100120	01c55793	srli	x15,x10,0x1c	 x10:0x3fbc2bd5 x15=0x00000003
          18316	      9154	00100124	00900713	addi	x14,x0,9	  x0:0x00000000 x14=0x00000009
          18320	      9156	00100128	0cf77a63	bgeu	x14,x15,1001fc	 x14:0x00000009 x15:0x00000003
          18324	      9158	001001fc	03078393	addi	x7,x15,48	 x15:0x00000003  x7=0x00000033
          18326	      9159	00100200	000205b7	lui	x11,0x20	 x11=0x00020000
          18328	      9160	00100204	00451613	slli	x12,x10,0x4	 x10:0x3fbc2bd5 x12=0xfbc2bd50
          18332	      9162	00100208	0075a023	sw	x7,0(x11)	 x11:0x00020000  x7:0x00000033 PA:0x00020000 store:0x00000033 load:0x00000000
          18334	      9163	0010020c	01c65693	srli	x13,x12,0x1c	 x12:0xfbc2bd50 x13=0x0000000f
          18336	      9164	00100210	00900813	addi	x16,x0,9	  x0:0x00000000 x16=0x00000009
          18340	      9166	00100214	f2d86ae3	bltu	x16,x13,100148	 x16:0x00000009 x13:0x0000000f
          18344	      9168	00100148	03768893	addi	x17,x13,55	 x13:0x0000000f x17=0x00000046
          18346	      9169	0010014c	00020e37	lui	x28,0x20	 x28=0x00020000
          18348	      9170	00100150	00851f93	slli	x31,x10,0x8	 x10:0x3fbc2bd5 x31=0xbc2bd500
          18352	      9172	00100154	011e2023	sw	x17,0(x28)	 x28:0x00020000 x17:0x00000046 PA:0x00020000 store:0x00000046 load:0x00000000
          18354	      9173	00100158	01cfd793	srli	x15,x31,0x1c	 x31:0xbc2bd500 x15=0x0000000b
          18356	      9174	0010015c	00900713	addi	x14,x0,9	  x0:0x00000000 x14=0x00000009
          18358	      9175	00100160	0cf77a63	bgeu	x14,x15,100234	 x14:0x00000009 x15:0x0000000b
          18360	      9176	00100164	03778293	addi	x5,x15,55	 x15:0x0000000b  x5=0x00000042
          18362	      9177	00100168	00020337	lui	x6,0x20	  x6=0x00020000
          18364	      9178	0010016c	00c51613	slli	x12,x10,0xc	 x10:0x3fbc2bd5 x12=0xc2bd5000
          18368	      9180	00100170	00532023	sw	x5,0(x6)	  x6:0x00020000  x5:0x00000042 PA:0x00020000 store:0x00000042 load:0x00000000
          18370	      9181	00100174	01c65693	srli	x13,x12,0x1c	 x12:0xc2bd5000 x13=0x0000000c
          18372	      9182	00100178	00900813	addi	x16,x0,9	  x0:0x00000000 x16=0x00000009
          18374	      9183	0010017c	0cd87a63	bgeu	x16,x13,100250	 x16:0x00000009 x13:0x0000000c
          18376	      9184	00100180	03768893	addi	x17,x13,55	 x13:0x0000000c x17=0x00000043
          18378	      9185	00100184	00020e37	lui	x28,0x20	 x28=0x00020000
          18380	      9186	00100188	01051f93	slli	x31,x10,0x10	 x10:0x3fbc2bd5 x31=0x2bd50000
          18384	      9188	0010018c	011e2023	sw	x17,0(x28)	 x28:0x00020000 x17:0x00000043 PA:0x00020000 store:0x00000043 load:0x00000000
          18386	      9189	00100190	01cfd793	srli	x15,x31,0x1c	 x31:0x2bd50000 x15=0x00000002
          18388	      9190	00100194	00900713	addi	x14,x0,9	  x0:0x00000000 x14=0x00000009
          18392	      9192	00100198	0cf77a63	bgeu	x14,x15,10026c	 x14:0x00000009 x15:0x00000002
          18396	      9194	0010026c	03078393	addi	x7,x15,48	 x15:0x00000002  x7=0x00000032
          18398	      9195	00100270	000205b7	lui	x11,0x20	 x11=0x00020000
          18400	      9196	00100274	01451613	slli	x12,x10,0x14	 x10:0x3fbc2bd5 x12=0xbd500000
          18404	      9198	00100278	0075a023	sw	x7,0(x11)	 x11:0x00020000  x7:0x00000032 PA:0x00020000 store:0x00000032 load:0x00000000
          18406	      9199	0010027c	01c65693	srli	x13,x12,0x1c	 x12:0xbd500000 x13=0x0000000b
          18408	      9200	00100280	00900813	addi	x16,x0,9	  x0:0x00000000 x16=0x00000009
          18412	      9202	00100284	f2d86ae3	bltu	x16,x13,1001b8	 x16:0x00000009 x13:0x0000000b
          18416	      9204	001001b8	03768893	addi	x17,x13,55	 x13:0x0000000b x17=0x00000042
          18418	      9205	001001bc	00020e37	lui	x28,0x20	 x28=0x00020000
          18420	      9206	001001c0	01851f93	slli	x31,x10,0x18	 x10:0x3fbc2bd5 x31=0xd5000000
          18424	      9208	001001c4	011e2023	sw	x17,0(x28)	 x28:0x00020000 x17:0x00000042 PA:0x00020000 store:0x00000042 load:0x00000000
          18426	      9209	001001c8	01cfd793	srli	x15,x31,0x1c	 x31:0xd5000000 x15=0x0000000d
          18428	      9210	001001cc	00900713	addi	x14,x0,9	  x0:0x00000000 x14=0x00000009
          18430	      9211	001001d0	0cf77a63	bgeu	x14,x15,1002a4	 x14:0x00000009 x15:0x0000000d
          18432	      9212	001001d4	03778293	addi	x5,x15,55	 x15:0x0000000d  x5=0x00000044
          18434	      9213	001001d8	00020337	lui	x6,0x20	  x6=0x00020000
          18438	      9215	001001dc	00532023	sw	x5,0(x6)	  x6:0x00020000  x5:0x00000044 PA:0x00020000 store:0x00000044 load:0x00000000
          18440	      9216	001001e0	00f57513	andi	x10,x10,15	 x10:0x3fbc2bd5 x10=0x00000005
          18442	      9217	001001e4	00900613	addi	x12,x0,9	  x0:0x00000000 x12=0x00000009
          18444	      9218	001001e8	0ca66a63	bltu	x12,x10,1002bc	 x12:0x00000009 x10:0x00000005
          18446	      9219	001001ec	03050893	addi	x17,x10,48	 x10:0x00000005 x17=0x00000035
          18448	      9220	001001f0	00020e37	lui	x28,0x20	 x28=0x00020000
          18452	      9222	001001f4	011e2023	sw	x17,0(x28)	 x28:0x00020000 x17:0x00000035 PA:0x00020000 store:0x00000035 load:0x00000000
          18456	      9224	001001f8	00008067	jalr	x0,0(x1)	  x1:0x00101408  x0=0x00000000
          18460	      9226	00101408	f1ac18e3	bne	x24,x26,101318	 x24:0x00000004 x26:0x00000014
          18472	      9232	00101318	d089a607	flw	f12,-760(x19)	 f19:0x00102000 f12=0x00000000 PA:0x00101d08 store:0x41ae842c
          18494	      9243	0010131c	580676d3	fsqrt.s	f13,f12	 f12:0x00000009 f13=0x00000000
          18502	      9247	00101320	d0d9a427	fsw	f13,-760(x19)	 f19:0x00102000 f13:0x0000000b PA:0x00101d08 store:0x3f9b3246 load:0x3fbc2bd5
          18510	      9251	00101324	d089a387	flw	f7,-760(x19)	 f19:0x00102000  f7=0x00000000 PA:0x00101d08 store:0x41ae842c
          18516	      9254	00101328	a10a8513	addi	x10,x21,-1520	 x21:0x00102000 x10=0x00101a10
          18518	      9255	0010132c	e00386d3	fmv.x.w	x13,f7	  f7:0x00000032 x13=0x3f9b3246
          18520	      9256	00101330	ceda2c23	sw	x13,-776(x20)	 x20:0x00102000 x13:0x3f9b3246 PA:0x00101cf8 store:0x3f9b3246 load:0x3f9b3246
          18522	      9257	00101334	d6dfe0ef	jal	x1,1000a0	  x1=0x00101338
          18526	      9259	001000a0	00054803	lbu	x16,0(x10)	 x10:0x00101a10 x16=0x0000000a PA:0x00101a10 store:0x00000000
          18528	      9260	001000a4	06080663	beq	x16,x0,100110	 x16:0x0000000a  x0:0x00000000
          18530	      9261	001000a8	000207b7	lui	x15,0x20	 x15=0x00020000
          18534	      9263	001000ac	0107a023	sw	x16,0(x15)	 x15:0x00020000 x16:0x0000000a PA:0x00020000 store:0x0000000a load:0x00000000
          18538	      9265	001000b0	00154703	lbu	x14,1(x10)	 x10:0x00101a10 x14=0x00000020 PA:0x00101a11 store:0x00101338
          18540	      9266	001000b4	04070e63	beq	x14,x0,100110	 x14:0x00000020  x0:0x00000000
          18544	      9268	001000b8	00e7a023	sw	x14,0(x15)	 x15:0x00020000 x14:0x00000020 PA:0x00020000 store:0x00000020 load:0x00000000
          18548	      9270	001000bc	00254283	lbu	x5,2(x10)	 x10:0x00101a10  x5=0x00000069 PA:0x00101a12 store:0x00137fa0
          18550	      9271	001000c0	04028863	beq	x5,x0,100110	  x5:0x00000069  x0:0x00000000
          18554	      9273	001000c4	0057a023	sw	x5,0(x15)	 x15:0x00020000  x5:0x00000069 PA:0x00020000 store:0x00000069 load:0x00000000
          18558	      9275	001000c8	00354303	lbu	x6,3(x10)	 x10:0x00101a10  x6=0x0000003d PA:0x00101a13 store:0x00000000
          18560	      9276	001000cc	04030263	beq	x6,x0,100110	  x6:0x0000003d  x0:0x00000000
          18564	      9278	001000d0	0067a023	sw	x6,0(x15)	 x15:0x00020000  x6:0x0000003d PA:0x00020000 store:0x0000003d load:0x00000000
          18568	      9280	001000d4	00454383	lbu	x7,4(x10)	 x10:0x00101a10  x7=0x00000000 PA:0x00101a14 store:0x00000000
          18572	      9282	001000d8	02038c63	beq	x7,x0,100110	  x7:0x00000000  x0:0x00000000
          18576	      9284	00100110	00000513	addi	x10,x0,0	  x0:0x00000000 x10=0x00000000
          18580	      9286	00100114	00008067	jalr	x0,0(x1)	  x1:0x00101338  x0=0x00000000
          18582	      9287	00101338	000c0513	addi	x10,x24,0	 x24:0x00000004 x10=0x00000004
          18586	      9289	0010133c	de5fe0ef	jal	x1,100120	  x1=0x00101340
          18588	      9290	00100120	01c55793	srli	x15,x10,0x1c	 x10:0x00000004 x15=0x00000000
          18590	      9291	00100124	00900713	addi	x14,x0,9	  x0:0x00000000 x14=0x00000009
          18594	      9293	00100128	0cf77a63	bgeu	x14,x15,1001fc	 x14:0x00000009 x15:0x00000000
          18598	      9295	001001fc	03078393	addi	x7,x15,48	 x15:0x00000000  x7=0x00000030
          18600	      9296	00100200	000205b7	lui	x11,0x20	 x11=0x00020000
          18602	      9297	00100204	00451613	slli	x12,x10,0x4	 x10:0x00000004 x12=0x00000040
          18606	      9299	00100208	0075a023	sw	x7,0(x11)	 x11:0x00020000  x7:0x00000030 PA:0x00020000 store:0x00000030 load:0x00000000
          18608	      9300	0010020c	01c65693	srli	x13,x12,0x1c	 x12:0x00000040 x13=0x00000000
          18610	      9301	00100210	00900813	addi	x16,x0,9	  x0:0x00000000 x16=0x00000009
          18612	      9302	00100214	f2d86ae3	bltu	x16,x13,100148	 x16:0x00000009 x13:0x00000000
          18614	      9303	00100218	03068e93	addi	x29,x13,48	 x13:0x00000000 x29=0x00000030
          18616	      9304	0010021c	00020f37	lui	x30,0x20	 x30=0x00020000
          18618	      9305	00100220	00851f93	slli	x31,x10,0x8	 x10:0x00000004 x31=0x00000400
          18622	      9307	00100224	01df2023	sw	x29,0(x30)	 x30:0x00020000 x29:0x00000030 PA:0x00020000 store:0x00000030 load:0x00000000
          18624	      9308	00100228	01cfd793	srli	x15,x31,0x1c	 x31:0x00000400 x15=0x00000000
          18626	      9309	0010022c	00900713	addi	x14,x0,9	  x0:0x00000000 x14=0x00000009
          18628	      9310	00100230	f2f76ae3	bltu	x14,x15,100164	 x14:0x00000009 x15:0x00000000
          18630	      9311	00100234	03078393	addi	x7,x15,48	 x15:0x00000000  x7=0x00000030
          18632	      9312	00100238	000205b7	lui	x11,0x20	 x11=0x00020000
          18634	      9313	0010023c	00c51613	slli	x12,x10,0xc	 x10:0x00000004 x12=0x00004000
          18638	      9315	00100240	0075a023	sw	x7,0(x11)	 x11:0x00020000  x7:0x00000030 PA:0x00020000 store:0x00000030 load:0x00000000
          18640	      9316	00100244	01c65693	srli	x13,x12,0x1c	 x12:0x00004000 x13=0x00000000
          18642	      9317	00100248	00900813	addi	x16,x0,9	  x0:0x00000000 x16=0x00000009
          18644	      9318	0010024c	f2d86ae3	bltu	x16,x13,100180	 x16:0x00000009 x13:0x00000000
          18646	      9319	00100250	03068e93	addi	x29,x13,48	 x13:0x00000000 x29=0x00000030
          18648	      9320	00100254	00020f37	lui	x30,0x20	 x30=0x00020000
          18650	      9321	00100258	01051f93	slli	x31,x10,0x10	 x10:0x00000004 x31=0x00040000
          18654	      9323	0010025c	01df2023	sw	x29,0(x30)	 x30:0x00020000 x29:0x00000030 PA:0x00020000 store:0x00000030 load:0x00000000
          18656	      9324	00100260	01cfd793	srli	x15,x31,0x1c	 x31:0x00040000 x15=0x00000000
          18658	      9325	00100264	00900713	addi	x14,x0,9	  x0:0x00000000 x14=0x00000009
          18660	      9326	00100268	f2f76ae3	bltu	x14,x15,10019c	 x14:0x00000009 x15:0x00000000
          18662	      9327	0010026c	03078393	addi	x7,x15,48	 x15:0x00000000  x7=0x00000030
          18664	      9328	00100270	000205b7	lui	x11,0x20	 x11=0x00020000
          18666	      9329	00100274	01451613	slli	x12,x10,0x14	 x10:0x00000004 x12=0x00400000
          18670	      9331	00100278	0075a023	sw	x7,0(x11)	 x11:0x00020000  x7:0x00000030 PA:0x00020000 store:0x00000030 load:0x00000000
          18672	      9332	0010027c	01c65693	srli	x13,x12,0x1c	 x12:0x00400000 x13=0x00000000
          18674	      9333	00100280	00900813	addi	x16,x0,9	  x0:0x00000000 x16=0x00000009
          18676	      9334	00100284	f2d86ae3	bltu	x16,x13,1001b8	 x16:0x00000009 x13:0x00000000
          18678	      9335	00100288	03068e93	addi	x29,x13,48	 x13:0x00000000 x29=0x00000030
          18680	      9336	0010028c	00020f37	lui	x30,0x20	 x30=0x00020000
          18682	      9337	00100290	01851f93	slli	x31,x10,0x18	 x10:0x00000004 x31=0x04000000
          18686	      9339	00100294	01df2023	sw	x29,0(x30)	 x30:0x00020000 x29:0x00000030 PA:0x00020000 store:0x00000030 load:0x00000000
          18688	      9340	00100298	01cfd793	srli	x15,x31,0x1c	 x31:0x04000000 x15=0x00000000
          18690	      9341	0010029c	00900713	addi	x14,x0,9	  x0:0x00000000 x14=0x00000009
          18692	      9342	001002a0	f2f76ae3	bltu	x14,x15,1001d4	 x14:0x00000009 x15:0x00000000
          18694	      9343	001002a4	03078393	addi	x7,x15,48	 x15:0x00000000  x7=0x00000030
          18696	      9344	001002a8	000205b7	lui	x11,0x20	 x11=0x00020000
          18700	      9346	001002ac	0075a023	sw	x7,0(x11)	 x11:0x00020000  x7:0x00000030 PA:0x00020000 store:0x00000030 load:0x00000000
          18702	      9347	001002b0	00f57513	andi	x10,x10,15	 x10:0x00000004 x10=0x00000004
          18704	      9348	001002b4	00900613	addi	x12,x0,9	  x0:0x00000000 x12=0x00000009
          18708	      9350	001002b8	f2a67ae3	bgeu	x12,x10,1001ec	 x12:0x00000009 x10:0x00000004
          18712	      9352	001001ec	03050893	addi	x17,x10,48	 x10:0x00000004 x17=0x00000034
          18714	      9353	001001f0	00020e37	lui	x28,0x20	 x28=0x00020000
          18718	      9355	001001f4	011e2023	sw	x17,0(x28)	 x28:0x00020000 x17:0x00000034 PA:0x00020000 store:0x00000034 load:0x00000000
          18722	      9357	001001f8	00008067	jalr	x0,0(x1)	  x1:0x00101340  x0=0x00000000
          18724	      9358	00101340	a18b0513	addi	x10,x22,-1512	 x22:0x00102000 x10=0x00101a18
          18728	      9360	00101344	d5dfe0ef	jal	x1,1000a0	  x1=0x00101348
          18732	      9362	001000a0	00054803	lbu	x16,0(x10)	 x10:0x00101a18 x16=0x00000020 PA:0x00101a18 store:0x00000000
          18734	      9363	001000a4	06080663	beq	x16,x0,100110	 x16:0x00000020  x0:0x00000000
          18736	      9364	001000a8	000207b7	lui	x15,0x20	 x15=0x00020000
          18740	      9366	001000ac	0107a023	sw	x16,0(x15)	 x15:0x00020000 x16:0x00000020 PA:0x00020000 store:0x00000020 load:0x00000000
          18744	      9368	001000b0	00154703	lbu	x14,1(x10)	 x10:0x00101a18 x14=0x00000072 PA:0x00101a19 store:0x00101348
          18746	      9369	001000b4	04070e63	beq	x14,x0,100110	 x14:0x00000072  x0:0x00000000
          18750	      9371	001000b8	00e7a023	sw	x14,0(x15)	 x15:0x00020000 x14:0x00000072 PA:0x00020000 store:0x00000072 load:0x00000000
          18754	      9373	001000bc	00254283	lbu	x5,2(x10)	 x10:0x00101a18  x5=0x00000065 PA:0x00101a1a store:0x00137fa0
          18756	      9374	001000c0	04028863	beq	x5,x0,100110	  x5:0x00000065  x0:0x00000000
          18760	      9376	001000c4	0057a023	sw	x5,0(x15)	 x15:0x00020000  x5:0x00000065 PA:0x00020000 store:0x00000065 load:0x00000000
          18764	      9378	001000c8	00354303	lbu	x6,3(x10)	 x10:0x00101a18  x6=0x00000073 PA:0x00101a1b store:0x00000000
          18766	      9379	001000cc	04030263	beq	x6,x0,100110	  x6:0x00000073  x0:0x00000000
          18770	      9381	001000d0	0067a023	sw	x6,0(x15)	 x15:0x00020000  x6:0x00000073 PA:0x00020000 store:0x00000073 load:0x00000000
          18774	      9383	001000d4	00454383	lbu	x7,4(x10)	 x10:0x00101a18  x7=0x00000075 PA:0x00101a1c store:0x00000000
          18776	      9384	001000d8	02038c63	beq	x7,x0,100110	  x7:0x00000075  x0:0x00000000
          18780	      9386	001000dc	0077a023	sw	x7,0(x15)	 x15:0x00020000  x7:0x00000075 PA:0x00020000 store:0x00000075 load:0x00000000
          18784	      9388	001000e0	00554583	lbu	x11,5(x10)	 x10:0x00101a18 x11=0x0000006c PA:0x00101a1d store:0x00000065
          18786	      9389	001000e4	02058663	beq	x11,x0,100110	 x11:0x0000006c  x0:0x00000000
          18790	      9391	001000e8	00b7a023	sw	x11,0(x15)	 x15:0x00020000 x11:0x0000006c PA:0x00020000 store:0x0000006c load:0x00000000
          18794	      9393	001000ec	00654603	lbu	x12,6(x10)	 x10:0x00101a18 x12=0x00000074 PA:0x00101a1e store:0x00000073
          18796	      9394	001000f0	02060063	beq	x12,x0,100110	 x12:0x00000074  x0:0x00000000
          18800	      9396	001000f4	00c7a023	sw	x12,0(x15)	 x15:0x00020000 x12:0x00000074 PA:0x00020000 store:0x00000074 load:0x00000000
          18804	      9398	001000f8	00754683	lbu	x13,7(x10)	 x10:0x00101a18 x13=0x0000003a PA:0x00101a1f store:0x00000075
          18806	      9399	001000fc	00850513	addi	x10,x10,8	 x10:0x00101a18 x10=0x00101a20
          18808	      9400	00100100	00068863	beq	x13,x0,100110	 x13:0x0000003a  x0:0x00000000
          18812	      9402	00100104	00d7a023	sw	x13,0(x15)	 x15:0x00020000 x13:0x0000003a PA:0x00020000 store:0x0000003a load:0x00000000
          18816	      9404	00100108	00054803	lbu	x16,0(x10)	 x10:0x00101a20 x16=0x00000020 PA:0x00101a20 store:0x00000000
          18820	      9406	0010010c	fa0810e3	bne	x16,x0,1000ac	 x16:0x00000020  x0:0x00000000
          18826	      9409	001000ac	0107a023	sw	x16,0(x15)	 x15:0x00020000 x16:0x00000020 PA:0x00020000 store:0x00000020 load:0x00000000
          18830	      9411	001000b0	00154703	lbu	x14,1(x10)	 x10:0x00101a20 x14=0x00000000 PA:0x00101a21 store:0x00101348
          18834	      9413	001000b4	04070e63	beq	x14,x0,100110	 x14:0x00000000  x0:0x00000000
          18838	      9415	00100110	00000513	addi	x10,x0,0	  x0:0x00000000 x10=0x00000000
          18842	      9417	00100114	00008067	jalr	x0,0(x1)	  x1:0x00101348  x0=0x00000000
          18846	      9419	00101348	cf8a2503	lw	x10,-776(x20)	 x20:0x00102000 x10=0x3f9b3246 PA:0x00101cf8 store:0x00000004
          18848	      9420	0010134c	001c0d93	addi	x27,x24,1	 x24:0x00000004 x27=0x00000005
          18852	      9422	00101350	dd1fe0ef	jal	x1,100120	  x1=0x00101354
          18854	      9423	00100120	01c55793	srli	x15,x10,0x1c	 x10:0x3f9b3246 x15=0x00000003
          18856	      9424	00100124	00900713	addi	x14,x0,9	  x0:0x00000000 x14=0x00000009
          18860	      9426	00100128	0cf77a63	bgeu	x14,x15,1001fc	 x14:0x00000009 x15:0x00000003
          18864	      9428	001001fc	03078393	addi	x7,x15,48	 x15:0x00000003  x7=0x00000033
          18866	      9429	00100200	000205b7	lui	x11,0x20	 x11=0x00020000
          18868	      9430	00100204	00451613	slli	x12,x10,0x4	 x10:0x3f9b3246 x12=0xf9b32460
          18872	      9432	00100208	0075a023	sw	x7,0(x11)	 x11:0x00020000  x7:0x00000033 PA:0x00020000 store:0x00000033 load:0x00000000
          18874	      9433	0010020c	01c65693	srli	x13,x12,0x1c	 x12:0xf9b32460 x13=0x0000000f
          18876	      9434	00100210	00900813	addi	x16,x0,9	  x0:0x00000000 x16=0x00000009
          18880	      9436	00100214	f2d86ae3	bltu	x16,x13,100148	 x16:0x00000009 x13:0x0000000f
          18884	      9438	00100148	03768893	addi	x17,x13,55	 x13:0x0000000f x17=0x00000046
          18886	      9439	0010014c	00020e37	lui	x28,0x20	 x28=0x00020000
          18888	      9440	00100150	00851f93	slli	x31,x10,0x8	 x10:0x3f9b3246 x31=0x9b324600
          18892	      9442	00100154	011e2023	sw	x17,0(x28)	 x28:0x00020000 x17:0x00000046 PA:0x00020000 store:0x00000046 load:0x00000000
          18894	      9443	00100158	01cfd793	srli	x15,x31,0x1c	 x31:0x9b324600 x15=0x00000009
          18896	      9444	0010015c	00900713	addi	x14,x0,9	  x0:0x00000000 x14=0x00000009
          18900	      9446	00100160	0cf77a63	bgeu	x14,x15,100234	 x14:0x00000009 x15:0x00000009
          18904	      9448	00100234	03078393	addi	x7,x15,48	 x15:0x00000009  x7=0x00000039
          18906	      9449	00100238	000205b7	lui	x11,0x20	 x11=0x00020000
          18908	      9450	0010023c	00c51613	slli	x12,x10,0xc	 x10:0x3f9b3246 x12=0xb3246000
          18912	      9452	00100240	0075a023	sw	x7,0(x11)	 x11:0x00020000  x7:0x00000039 PA:0x00020000 store:0x00000039 load:0x00000000
          18914	      9453	00100244	01c65693	srli	x13,x12,0x1c	 x12:0xb3246000 x13=0x0000000b
          18916	      9454	00100248	00900813	addi	x16,x0,9	  x0:0x00000000 x16=0x00000009
          18920	      9456	0010024c	f2d86ae3	bltu	x16,x13,100180	 x16:0x00000009 x13:0x0000000b
          18924	      9458	00100180	03768893	addi	x17,x13,55	 x13:0x0000000b x17=0x00000042
          18926	      9459	00100184	00020e37	lui	x28,0x20	 x28=0x00020000
          18928	      9460	00100188	01051f93	slli	x31,x10,0x10	 x10:0x3f9b3246 x31=0x32460000
          18932	      9462	0010018c	011e2023	sw	x17,0(x28)	 x28:0x00020000 x17:0x00000042 PA:0x00020000 store:0x00000042 load:0x00000000
          18934	      9463	00100190	01cfd793	srli	x15,x31,0x1c	 x31:0x32460000 x15=0x00000003
          18936	      9464	00100194	00900713	addi	x14,x0,9	  x0:0x00000000 x14=0x00000009
          18940	      9466	00100198	0cf77a63	bgeu	x14,x15,10026c	 x14:0x00000009 x15:0x00000003
          18944	      9468	0010026c	03078393	addi	x7,x15,48	 x15:0x00000003  x7=0x00000033
          18946	      9469	00100270	000205b7	lui	x11,0x20	 x11=0x00020000
          18948	      9470	00100274	01451613	slli	x12,x10,0x14	 x10:0x3f9b3246 x12=0x24600000
          18952	      9472	00100278	0075a023	sw	x7,0(x11)	 x11:0x00020000  x7:0x00000033 PA:0x00020000 store:0x00000033 load:0x00000000
          18954	      9473	0010027c	01c65693	srli	x13,x12,0x1c	 x12:0x24600000 x13=0x00000002
          18956	      9474	00100280	00900813	addi	x16,x0,9	  x0:0x00000000 x16=0x00000009
          18958	      9475	00100284	f2d86ae3	bltu	x16,x13,1001b8	 x16:0x00000009 x13:0x00000002
          18960	      9476	00100288	03068e93	addi	x29,x13,48	 x13:0x00000002 x29=0x00000032
          18962	      9477	0010028c	00020f37	lui	x30,0x20	 x30=0x00020000
          18964	      9478	00100290	01851f93	slli	x31,x10,0x18	 x10:0x3f9b3246 x31=0x46000000
          18968	      9480	00100294	01df2023	sw	x29,0(x30)	 x30:0x00020000 x29:0x00000032 PA:0x00020000 store:0x00000032 load:0x00000000
          18970	      9481	00100298	01cfd793	srli	x15,x31,0x1c	 x31:0x46000000 x15=0x00000004
          18972	      9482	0010029c	00900713	addi	x14,x0,9	  x0:0x00000000 x14=0x00000009
          18974	      9483	001002a0	f2f76ae3	bltu	x14,x15,1001d4	 x14:0x00000009 x15:0x00000004
          18976	      9484	001002a4	03078393	addi	x7,x15,48	 x15:0x00000004  x7=0x00000034
          18978	      9485	001002a8	000205b7	lui	x11,0x20	 x11=0x00020000
          18982	      9487	001002ac	0075a023	sw	x7,0(x11)	 x11:0x00020000  x7:0x00000034 PA:0x00020000 store:0x00000034 load:0x00000000
          18984	      9488	001002b0	00f57513	andi	x10,x10,15	 x10:0x3f9b3246 x10=0x00000006
          18986	      9489	001002b4	00900613	addi	x12,x0,9	  x0:0x00000000 x12=0x00000009
          18990	      9491	001002b8	f2a67ae3	bgeu	x12,x10,1001ec	 x12:0x00000009 x10:0x00000006
          18994	      9493	001001ec	03050893	addi	x17,x10,48	 x10:0x00000006 x17=0x00000036
          18996	      9494	001001f0	00020e37	lui	x28,0x20	 x28=0x00020000
          19000	      9496	001001f4	011e2023	sw	x17,0(x28)	 x28:0x00020000 x17:0x00000036 PA:0x00020000 store:0x00000036 load:0x00000000
          19014	      9503	001001f8	00008067	jalr	x0,0(x1)	  x1:0x00101354  x0=0x00000000
          19016	      9504	00101354	d089a407	flw	f8,-760(x19)	 f19:0x00102000  f8=0x00000000 PA:0x00101d08 store:0x41ae842c
          19036	      9514	00101358	580474d3	fsqrt.s	f9,f8	  f8:0x00102000  f9=0x00000000
          19044	      9518	0010135c	d099a427	fsw	f9,-760(x19)	 f19:0x00102000  f9:0x00102000 PA:0x00101d08 store:0x3f8cf199 load:0x3f9b3246
          19052	      9522	00101360	d089a507	flw	f10,-760(x19)	 f19:0x00102000 f10=0x00000000 PA:0x00101d08 store:0x3f9b3246
          19058	      9525	00101364	a10a8513	addi	x10,x21,-1520	 x21:0x00102000 x10=0x00101a10
          19060	      9526	00101368	e0050753	fmv.x.w	x14,f10	 f10:0x00101a10 x14=0x3f8cf199
          19062	      9527	0010136c	ceea2c23	sw	x14,-776(x20)	 x20:0x00102000 x14:0x3f8cf199 PA:0x00101cf8 store:0x3f8cf199 load:0x3f8cf199
          19064	      9528	00101370	d31fe0ef	jal	x1,1000a0	  x1=0x00101374
          19068	      9530	001000a0	00054803	lbu	x16,0(x10)	 x10:0x00101a10 x16=0x0000000a PA:0x00101a10 store:0x00000000
          19070	      9531	001000a4	06080663	beq	x16,x0,100110	 x16:0x0000000a  x0:0x00000000
          19072	      9532	001000a8	000207b7	lui	x15,0x20	 x15=0x00020000
          19076	      9534	001000ac	0107a023	sw	x16,0(x15)	 x15:0x00020000 x16:0x0000000a PA:0x00020000 store:0x0000000a load:0x00000000
          19080	      9536	001000b0	00154703	lbu	x14,1(x10)	 x10:0x00101a10 x14=0x00000020 PA:0x00101a11 store:0x00101374
          19082	      9537	001000b4	04070e63	beq	x14,x0,100110	 x14:0x00000020  x0:0x00000000
          19086	      9539	001000b8	00e7a023	sw	x14,0(x15)	 x15:0x00020000 x14:0x00000020 PA:0x00020000 store:0x00000020 load:0x00000000
          19090	      9541	001000bc	00254283	lbu	x5,2(x10)	 x10:0x00101a10  x5=0x00000069 PA:0x00101a12 store:0x00137fa0
          19092	      9542	001000c0	04028863	beq	x5,x0,100110	  x5:0x00000069  x0:0x00000000
          19096	      9544	001000c4	0057a023	sw	x5,0(x15)	 x15:0x00020000  x5:0x00000069 PA:0x00020000 store:0x00000069 load:0x00000000
          19100	      9546	001000c8	00354303	lbu	x6,3(x10)	 x10:0x00101a10  x6=0x0000003d PA:0x00101a13 store:0x00000000
          19102	      9547	001000cc	04030263	beq	x6,x0,100110	  x6:0x0000003d  x0:0x00000000
          19106	      9549	001000d0	0067a023	sw	x6,0(x15)	 x15:0x00020000  x6:0x0000003d PA:0x00020000 store:0x0000003d load:0x00000000
          19110	      9551	001000d4	00454383	lbu	x7,4(x10)	 x10:0x00101a10  x7=0x00000000 PA:0x00101a14 store:0x00000000
          19114	      9553	001000d8	02038c63	beq	x7,x0,100110	  x7:0x00000000  x0:0x00000000
          19118	      9555	00100110	00000513	addi	x10,x0,0	  x0:0x00000000 x10=0x00000000
          19122	      9557	00100114	00008067	jalr	x0,0(x1)	  x1:0x00101374  x0=0x00000000
          19124	      9558	00101374	000d8513	addi	x10,x27,0	 x27:0x00000005 x10=0x00000005
          19128	      9560	00101378	da9fe0ef	jal	x1,100120	  x1=0x0010137c
          19130	      9561	00100120	01c55793	srli	x15,x10,0x1c	 x10:0x00000005 x15=0x00000000
          19132	      9562	00100124	00900713	addi	x14,x0,9	  x0:0x00000000 x14=0x00000009
          19136	      9564	00100128	0cf77a63	bgeu	x14,x15,1001fc	 x14:0x00000009 x15:0x00000000
          19140	      9566	001001fc	03078393	addi	x7,x15,48	 x15:0x00000000  x7=0x00000030
          19142	      9567	00100200	000205b7	lui	x11,0x20	 x11=0x00020000
          19144	      9568	00100204	00451613	slli	x12,x10,0x4	 x10:0x00000005 x12=0x00000050
          19148	      9570	00100208	0075a023	sw	x7,0(x11)	 x11:0x00020000  x7:0x00000030 PA:0x00020000 store:0x00000030 load:0x00000000
          19150	      9571	0010020c	01c65693	srli	x13,x12,0x1c	 x12:0x00000050 x13=0x00000000
          19152	      9572	00100210	00900813	addi	x16,x0,9	  x0:0x00000000 x16=0x00000009
          19154	      9573	00100214	f2d86ae3	bltu	x16,x13,100148	 x16:0x00000009 x13:0x00000000
          19156	      9574	00100218	03068e93	addi	x29,x13,48	 x13:0x00000000 x29=0x00000030
          19158	      9575	0010021c	00020f37	lui	x30,0x20	 x30=0x00020000
          19160	      9576	00100220	00851f93	slli	x31,x10,0x8	 x10:0x00000005 x31=0x00000500
          19164	      9578	00100224	01df2023	sw	x29,0(x30)	 x30:0x00020000 x29:0x00000030 PA:0x00020000 store:0x00000030 load:0x00000000
          19166	      9579	00100228	01cfd793	srli	x15,x31,0x1c	 x31:0x00000500 x15=0x00000000
          19168	      9580	0010022c	00900713	addi	x14,x0,9	  x0:0x00000000 x14=0x00000009
          19170	      9581	00100230	f2f76ae3	bltu	x14,x15,100164	 x14:0x00000009 x15:0x00000000
          19172	      9582	00100234	03078393	addi	x7,x15,48	 x15:0x00000000  x7=0x00000030
          19174	      9583	00100238	000205b7	lui	x11,0x20	 x11=0x00020000
          19176	      9584	0010023c	00c51613	slli	x12,x10,0xc	 x10:0x00000005 x12=0x00005000
          19180	      9586	00100240	0075a023	sw	x7,0(x11)	 x11:0x00020000  x7:0x00000030 PA:0x00020000 store:0x00000030 load:0x00000000
          19182	      9587	00100244	01c65693	srli	x13,x12,0x1c	 x12:0x00005000 x13=0x00000000
          19184	      9588	00100248	00900813	addi	x16,x0,9	  x0:0x00000000 x16=0x00000009
          19186	      9589	0010024c	f2d86ae3	bltu	x16,x13,100180	 x16:0x00000009 x13:0x00000000
          19188	      9590	00100250	03068e93	addi	x29,x13,48	 x13:0x00000000 x29=0x00000030
          19190	      9591	00100254	00020f37	lui	x30,0x20	 x30=0x00020000
          19192	      9592	00100258	01051f93	slli	x31,x10,0x10	 x10:0x00000005 x31=0x00050000
          19196	      9594	0010025c	01df2023	sw	x29,0(x30)	 x30:0x00020000 x29:0x00000030 PA:0x00020000 store:0x00000030 load:0x00000000
          19198	      9595	00100260	01cfd793	srli	x15,x31,0x1c	 x31:0x00050000 x15=0x00000000
          19200	      9596	00100264	00900713	addi	x14,x0,9	  x0:0x00000000 x14=0x00000009
          19202	      9597	00100268	f2f76ae3	bltu	x14,x15,10019c	 x14:0x00000009 x15:0x00000000
          19204	      9598	0010026c	03078393	addi	x7,x15,48	 x15:0x00000000  x7=0x00000030
          19206	      9599	00100270	000205b7	lui	x11,0x20	 x11=0x00020000
          19208	      9600	00100274	01451613	slli	x12,x10,0x14	 x10:0x00000005 x12=0x00500000
          19212	      9602	00100278	0075a023	sw	x7,0(x11)	 x11:0x00020000  x7:0x00000030 PA:0x00020000 store:0x00000030 load:0x00000000
          19214	      9603	0010027c	01c65693	srli	x13,x12,0x1c	 x12:0x00500000 x13=0x00000000
          19216	      9604	00100280	00900813	addi	x16,x0,9	  x0:0x00000000 x16=0x00000009
          19218	      9605	00100284	f2d86ae3	bltu	x16,x13,1001b8	 x16:0x00000009 x13:0x00000000
          19220	      9606	00100288	03068e93	addi	x29,x13,48	 x13:0x00000000 x29=0x00000030
          19222	      9607	0010028c	00020f37	lui	x30,0x20	 x30=0x00020000
          19224	      9608	00100290	01851f93	slli	x31,x10,0x18	 x10:0x00000005 x31=0x05000000
          19228	      9610	00100294	01df2023	sw	x29,0(x30)	 x30:0x00020000 x29:0x00000030 PA:0x00020000 store:0x00000030 load:0x00000000
          19230	      9611	00100298	01cfd793	srli	x15,x31,0x1c	 x31:0x05000000 x15=0x00000000
          19232	      9612	0010029c	00900713	addi	x14,x0,9	  x0:0x00000000 x14=0x00000009
          19234	      9613	001002a0	f2f76ae3	bltu	x14,x15,1001d4	 x14:0x00000009 x15:0x00000000
          19236	      9614	001002a4	03078393	addi	x7,x15,48	 x15:0x00000000  x7=0x00000030
          19238	      9615	001002a8	000205b7	lui	x11,0x20	 x11=0x00020000
          19242	      9617	001002ac	0075a023	sw	x7,0(x11)	 x11:0x00020000  x7:0x00000030 PA:0x00020000 store:0x00000030 load:0x00000000
          19244	      9618	001002b0	00f57513	andi	x10,x10,15	 x10:0x00000005 x10=0x00000005
          19246	      9619	001002b4	00900613	addi	x12,x0,9	  x0:0x00000000 x12=0x00000009
          19250	      9621	001002b8	f2a67ae3	bgeu	x12,x10,1001ec	 x12:0x00000009 x10:0x00000005
          19254	      9623	001001ec	03050893	addi	x17,x10,48	 x10:0x00000005 x17=0x00000035
          19256	      9624	001001f0	00020e37	lui	x28,0x20	 x28=0x00020000
          19260	      9626	001001f4	011e2023	sw	x17,0(x28)	 x28:0x00020000 x17:0x00000035 PA:0x00020000 store:0x00000035 load:0x00000000
          19264	      9628	001001f8	00008067	jalr	x0,0(x1)	  x1:0x0010137c  x0=0x00000000
          19266	      9629	0010137c	a18b0513	addi	x10,x22,-1512	 x22:0x00102000 x10=0x00101a18
          19270	      9631	00101380	d21fe0ef	jal	x1,1000a0	  x1=0x00101384
          19274	      9633	001000a0	00054803	lbu	x16,0(x10)	 x10:0x00101a18 x16=0x00000020 PA:0x00101a18 store:0x00000000
          19276	      9634	001000a4	06080663	beq	x16,x0,100110	 x16:0x00000020  x0:0x00000000
          19278	      9635	001000a8	000207b7	lui	x15,0x20	 x15=0x00020000
          19282	      9637	001000ac	0107a023	sw	x16,0(x15)	 x15:0x00020000 x16:0x00000020 PA:0x00020000 store:0x00000020 load:0x00000000
          19286	      9639	001000b0	00154703	lbu	x14,1(x10)	 x10:0x00101a18 x14=0x00000072 PA:0x00101a19 store:0x00101384
          19288	      9640	001000b4	04070e63	beq	x14,x0,100110	 x14:0x00000072  x0:0x00000000
          19292	      9642	001000b8	00e7a023	sw	x14,0(x15)	 x15:0x00020000 x14:0x00000072 PA:0x00020000 store:0x00000072 load:0x00000000
          19296	      9644	001000bc	00254283	lbu	x5,2(x10)	 x10:0x00101a18  x5=0x00000065 PA:0x00101a1a store:0x00137fa0
          19298	      9645	001000c0	04028863	beq	x5,x0,100110	  x5:0x00000065  x0:0x00000000
          19302	      9647	001000c4	0057a023	sw	x5,0(x15)	 x15:0x00020000  x5:0x00000065 PA:0x00020000 store:0x00000065 load:0x00000000
          19306	      9649	001000c8	00354303	lbu	x6,3(x10)	 x10:0x00101a18  x6=0x00000073 PA:0x00101a1b store:0x00000000
          19308	      9650	001000cc	04030263	beq	x6,x0,100110	  x6:0x00000073  x0:0x00000000
          19312	      9652	001000d0	0067a023	sw	x6,0(x15)	 x15:0x00020000  x6:0x00000073 PA:0x00020000 store:0x00000073 load:0x00000000
          19316	      9654	001000d4	00454383	lbu	x7,4(x10)	 x10:0x00101a18  x7=0x00000075 PA:0x00101a1c store:0x00000000
          19318	      9655	001000d8	02038c63	beq	x7,x0,100110	  x7:0x00000075  x0:0x00000000
          19322	      9657	001000dc	0077a023	sw	x7,0(x15)	 x15:0x00020000  x7:0x00000075 PA:0x00020000 store:0x00000075 load:0x00000000
          19326	      9659	001000e0	00554583	lbu	x11,5(x10)	 x10:0x00101a18 x11=0x0000006c PA:0x00101a1d store:0x00000065
          19328	      9660	001000e4	02058663	beq	x11,x0,100110	 x11:0x0000006c  x0:0x00000000
          19332	      9662	001000e8	00b7a023	sw	x11,0(x15)	 x15:0x00020000 x11:0x0000006c PA:0x00020000 store:0x0000006c load:0x00000000
          19336	      9664	001000ec	00654603	lbu	x12,6(x10)	 x10:0x00101a18 x12=0x00000074 PA:0x00101a1e store:0x00000073
          19338	      9665	001000f0	02060063	beq	x12,x0,100110	 x12:0x00000074  x0:0x00000000
          19342	      9667	001000f4	00c7a023	sw	x12,0(x15)	 x15:0x00020000 x12:0x00000074 PA:0x00020000 store:0x00000074 load:0x00000000
          19346	      9669	001000f8	00754683	lbu	x13,7(x10)	 x10:0x00101a18 x13=0x0000003a PA:0x00101a1f store:0x00000075
          19348	      9670	001000fc	00850513	addi	x10,x10,8	 x10:0x00101a18 x10=0x00101a20
          19350	      9671	00100100	00068863	beq	x13,x0,100110	 x13:0x0000003a  x0:0x00000000
          19354	      9673	00100104	00d7a023	sw	x13,0(x15)	 x15:0x00020000 x13:0x0000003a PA:0x00020000 store:0x0000003a load:0x00000000
          19358	      9675	00100108	00054803	lbu	x16,0(x10)	 x10:0x00101a20 x16=0x00000020 PA:0x00101a20 store:0x00000000
          19362	      9677	0010010c	fa0810e3	bne	x16,x0,1000ac	 x16:0x00000020  x0:0x00000000
          19368	      9680	001000ac	0107a023	sw	x16,0(x15)	 x15:0x00020000 x16:0x00000020 PA:0x00020000 store:0x00000020 load:0x00000000
          19372	      9682	001000b0	00154703	lbu	x14,1(x10)	 x10:0x00101a20 x14=0x00000000 PA:0x00101a21 store:0x00101384
          19376	      9684	001000b4	04070e63	beq	x14,x0,100110	 x14:0x00000000  x0:0x00000000
          19380	      9686	00100110	00000513	addi	x10,x0,0	  x0:0x00000000 x10=0x00000000
          19384	      9688	00100114	00008067	jalr	x0,0(x1)	  x1:0x00101384  x0=0x00000000
          19388	      9690	00101384	cf8a2503	lw	x10,-776(x20)	 x20:0x00102000 x10=0x3f8cf199 PA:0x00101cf8 store:0x00000004
          19390	      9691	00101388	002c0d93	addi	x27,x24,2	 x24:0x00000004 x27=0x00000006
          19394	      9693	0010138c	d95fe0ef	jal	x1,100120	  x1=0x00101390
          19396	      9694	00100120	01c55793	srli	x15,x10,0x1c	 x10:0x3f8cf199 x15=0x00000003
          19398	      9695	00100124	00900713	addi	x14,x0,9	  x0:0x00000000 x14=0x00000009
          19402	      9697	00100128	0cf77a63	bgeu	x14,x15,1001fc	 x14:0x00000009 x15:0x00000003
          19406	      9699	001001fc	03078393	addi	x7,x15,48	 x15:0x00000003  x7=0x00000033
          19408	      9700	00100200	000205b7	lui	x11,0x20	 x11=0x00020000
          19410	      9701	00100204	00451613	slli	x12,x10,0x4	 x10:0x3f8cf199 x12=0xf8cf1990
          19414	      9703	00100208	0075a023	sw	x7,0(x11)	 x11:0x00020000  x7:0x00000033 PA:0x00020000 store:0x00000033 load:0x00000000
          19416	      9704	0010020c	01c65693	srli	x13,x12,0x1c	 x12:0xf8cf1990 x13=0x0000000f
          19418	      9705	00100210	00900813	addi	x16,x0,9	  x0:0x00000000 x16=0x00000009
          19422	      9707	00100214	f2d86ae3	bltu	x16,x13,100148	 x16:0x00000009 x13:0x0000000f
          19426	      9709	00100148	03768893	addi	x17,x13,55	 x13:0x0000000f x17=0x00000046
          19428	      9710	0010014c	00020e37	lui	x28,0x20	 x28=0x00020000
          19430	      9711	00100150	00851f93	slli	x31,x10,0x8	 x10:0x3f8cf199 x31=0x8cf19900
          19434	      9713	00100154	011e2023	sw	x17,0(x28)	 x28:0x00020000 x17:0x00000046 PA:0x00020000 store:0x00000046 load:0x00000000
          19436	      9714	00100158	01cfd793	srli	x15,x31,0x1c	 x31:0x8cf19900 x15=0x00000008
          19438	      9715	0010015c	00900713	addi	x14,x0,9	  x0:0x00000000 x14=0x00000009
          19442	      9717	00100160	0cf77a63	bgeu	x14,x15,100234	 x14:0x00000009 x15:0x00000008
          19446	      9719	00100234	03078393	addi	x7,x15,48	 x15:0x00000008  x7=0x00000038
          19448	      9720	00100238	000205b7	lui	x11,0x20	 x11=0x00020000
          19450	      9721	0010023c	00c51613	slli	x12,x10,0xc	 x10:0x3f8cf199 x12=0xcf199000
          19454	      9723	00100240	0075a023	sw	x7,0(x11)	 x11:0x00020000  x7:0x00000038 PA:0x00020000 store:0x00000038 load:0x00000000
          19456	      9724	00100244	01c65693	srli	x13,x12,0x1c	 x12:0xcf199000 x13=0x0000000c
          19458	      9725	00100248	00900813	addi	x16,x0,9	  x0:0x00000000 x16=0x00000009
          19462	      9727	0010024c	f2d86ae3	bltu	x16,x13,100180	 x16:0x00000009 x13:0x0000000c
          19466	      9729	00100180	03768893	addi	x17,x13,55	 x13:0x0000000c x17=0x00000043
          19468	      9730	00100184	00020e37	lui	x28,0x20	 x28=0x00020000
          19470	      9731	00100188	01051f93	slli	x31,x10,0x10	 x10:0x3f8cf199 x31=0xf1990000
          19474	      9733	0010018c	011e2023	sw	x17,0(x28)	 x28:0x00020000 x17:0x00000043 PA:0x00020000 store:0x00000043 load:0x00000000
          19476	      9734	00100190	01cfd793	srli	x15,x31,0x1c	 x31:0xf1990000 x15=0x0000000f
          19478	      9735	00100194	00900713	addi	x14,x0,9	  x0:0x00000000 x14=0x00000009
          19480	      9736	00100198	0cf77a63	bgeu	x14,x15,10026c	 x14:0x00000009 x15:0x0000000f
          19482	      9737	0010019c	03778293	addi	x5,x15,55	 x15:0x0000000f  x5=0x00000046
          19484	      9738	001001a0	00020337	lui	x6,0x20	  x6=0x00020000
          19486	      9739	001001a4	01451613	slli	x12,x10,0x14	 x10:0x3f8cf199 x12=0x19900000
          19490	      9741	001001a8	00532023	sw	x5,0(x6)	  x6:0x00020000  x5:0x00000046 PA:0x00020000 store:0x00000046 load:0x00000000
          19492	      9742	001001ac	01c65693	srli	x13,x12,0x1c	 x12:0x19900000 x13=0x00000001
          19494	      9743	001001b0	00900813	addi	x16,x0,9	  x0:0x00000000 x16=0x00000009
          19498	      9745	001001b4	0cd87a63	bgeu	x16,x13,100288	 x16:0x00000009 x13:0x00000001
          19502	      9747	00100288	03068e93	addi	x29,x13,48	 x13:0x00000001 x29=0x00000031
          19504	      9748	0010028c	00020f37	lui	x30,0x20	 x30=0x00020000
          19506	      9749	00100290	01851f93	slli	x31,x10,0x18	 x10:0x3f8cf199 x31=0x99000000
          19510	      9751	00100294	01df2023	sw	x29,0(x30)	 x30:0x00020000 x29:0x00000031 PA:0x00020000 store:0x00000031 load:0x00000000
          19512	      9752	00100298	01cfd793	srli	x15,x31,0x1c	 x31:0x99000000 x15=0x00000009
          19514	      9753	0010029c	00900713	addi	x14,x0,9	  x0:0x00000000 x14=0x00000009
          19516	      9754	001002a0	f2f76ae3	bltu	x14,x15,1001d4	 x14:0x00000009 x15:0x00000009
          19518	      9755	001002a4	03078393	addi	x7,x15,48	 x15:0x00000009  x7=0x00000039
          19520	      9756	001002a8	000205b7	lui	x11,0x20	 x11=0x00020000
          19524	      9758	001002ac	0075a023	sw	x7,0(x11)	 x11:0x00020000  x7:0x00000039 PA:0x00020000 store:0x00000039 load:0x00000000
          19526	      9759	001002b0	00f57513	andi	x10,x10,15	 x10:0x3f8cf199 x10=0x00000009
          19528	      9760	001002b4	00900613	addi	x12,x0,9	  x0:0x00000000 x12=0x00000009
          19532	      9762	001002b8	f2a67ae3	bgeu	x12,x10,1001ec	 x12:0x00000009 x10:0x00000009
          19536	      9764	001001ec	03050893	addi	x17,x10,48	 x10:0x00000009 x17=0x00000039
          19538	      9765	001001f0	00020e37	lui	x28,0x20	 x28=0x00020000
          19542	      9767	001001f4	011e2023	sw	x17,0(x28)	 x28:0x00020000 x17:0x00000039 PA:0x00020000 store:0x00000039 load:0x00000000
          19556	      9774	001001f8	00008067	jalr	x0,0(x1)	  x1:0x00101390  x0=0x00000000
          19558	      9775	00101390	d089a807	flw	f16,-760(x19)	 f19:0x00102000 f16=0x00000000 PA:0x00101d08 store:0x3f9b3246
          19580	      9786	00101394	a10a8513	addi	x10,x21,-1520	 x21:0x00102000 x10=0x00101a10
          19582	      9787	00101398	580878d3	fsqrt.s	f17,f16	 f16:0x00000009 f17=0x00000000
          19588	      9790	0010139c	d119a427	fsw	f17,-760(x19)	 f19:0x00102000 f17:0x00000039 PA:0x00101d08 store:0x3f8650e8 load:0x3f8cf199
          19596	      9794	001013a0	d089a907	flw	f18,-760(x19)	 f19:0x00102000 f18=0x00000000 PA:0x00101d08 store:0x3f9b3246
          19602	      9797	001013a4	e00907d3	fmv.x.w	x15,f18	 f18:0x00102000 x15=0x3f8650e8
          19604	      9798	001013a8	cefa2c23	sw	x15,-776(x20)	 x20:0x00102000 x15:0x3f8650e8 PA:0x00101cf8 store:0x3f8650e8 load:0x3f8650e8
          19608	      9800	001013ac	cf5fe0ef	jal	x1,1000a0	  x1=0x001013b0
          19612	      9802	001000a0	00054803	lbu	x16,0(x10)	 x10:0x00101a10 x16=0x0000000a PA:0x00101a10 store:0x00000000
          19614	      9803	001000a4	06080663	beq	x16,x0,100110	 x16:0x0000000a  x0:0x00000000
          19616	      9804	001000a8	000207b7	lui	x15,0x20	 x15=0x00020000
          19620	      9806	001000ac	0107a023	sw	x16,0(x15)	 x15:0x00020000 x16:0x0000000a PA:0x00020000 store:0x0000000a load:0x00000000
          19624	      9808	001000b0	00154703	lbu	x14,1(x10)	 x10:0x00101a10 x14=0x00000020 PA:0x00101a11 store:0x001013b0
          19626	      9809	001000b4	04070e63	beq	x14,x0,100110	 x14:0x00000020  x0:0x00000000
          19630	      9811	001000b8	00e7a023	sw	x14,0(x15)	 x15:0x00020000 x14:0x00000020 PA:0x00020000 store:0x00000020 load:0x00000000
          19634	      9813	001000bc	00254283	lbu	x5,2(x10)	 x10:0x00101a10  x5=0x00000069 PA:0x00101a12 store:0x00137fa0
          19636	      9814	001000c0	04028863	beq	x5,x0,100110	  x5:0x00000069  x0:0x00000000
          19640	      9816	001000c4	0057a023	sw	x5,0(x15)	 x15:0x00020000  x5:0x00000069 PA:0x00020000 store:0x00000069 load:0x00000000
          19644	      9818	001000c8	00354303	lbu	x6,3(x10)	 x10:0x00101a10  x6=0x0000003d PA:0x00101a13 store:0x00000000
          19646	      9819	001000cc	04030263	beq	x6,x0,100110	  x6:0x0000003d  x0:0x00000000
          19650	      9821	001000d0	0067a023	sw	x6,0(x15)	 x15:0x00020000  x6:0x0000003d PA:0x00020000 store:0x0000003d load:0x00000000
          19654	      9823	001000d4	00454383	lbu	x7,4(x10)	 x10:0x00101a10  x7=0x00000000 PA:0x00101a14 store:0x00000000
          19658	      9825	001000d8	02038c63	beq	x7,x0,100110	  x7:0x00000000  x0:0x00000000
          19662	      9827	00100110	00000513	addi	x10,x0,0	  x0:0x00000000 x10=0x00000000
          19666	      9829	00100114	00008067	jalr	x0,0(x1)	  x1:0x001013b0  x0=0x00000000
          19668	      9830	001013b0	000d8513	addi	x10,x27,0	 x27:0x00000006 x10=0x00000006
          19672	      9832	001013b4	d6dfe0ef	jal	x1,100120	  x1=0x001013b8
          19674	      9833	00100120	01c55793	srli	x15,x10,0x1c	 x10:0x00000006 x15=0x00000000
          19676	      9834	00100124	00900713	addi	x14,x0,9	  x0:0x00000000 x14=0x00000009
          19680	      9836	00100128	0cf77a63	bgeu	x14,x15,1001fc	 x14:0x00000009 x15:0x00000000
          19684	      9838	001001fc	03078393	addi	x7,x15,48	 x15:0x00000000  x7=0x00000030
          19686	      9839	00100200	000205b7	lui	x11,0x20	 x11=0x00020000
          19688	      9840	00100204	00451613	slli	x12,x10,0x4	 x10:0x00000006 x12=0x00000060
          19692	      9842	00100208	0075a023	sw	x7,0(x11)	 x11:0x00020000  x7:0x00000030 PA:0x00020000 store:0x00000030 load:0x00000000
          19694	      9843	0010020c	01c65693	srli	x13,x12,0x1c	 x12:0x00000060 x13=0x00000000
          19696	      9844	00100210	00900813	addi	x16,x0,9	  x0:0x00000000 x16=0x00000009
          19698	      9845	00100214	f2d86ae3	bltu	x16,x13,100148	 x16:0x00000009 x13:0x00000000
          19700	      9846	00100218	03068e93	addi	x29,x13,48	 x13:0x00000000 x29=0x00000030
          19702	      9847	0010021c	00020f37	lui	x30,0x20	 x30=0x00020000
          19704	      9848	00100220	00851f93	slli	x31,x10,0x8	 x10:0x00000006 x31=0x00000600
          19708	      9850	00100224	01df2023	sw	x29,0(x30)	 x30:0x00020000 x29:0x00000030 PA:0x00020000 store:0x00000030 load:0x00000000
          19710	      9851	00100228	01cfd793	srli	x15,x31,0x1c	 x31:0x00000600 x15=0x00000000
          19712	      9852	0010022c	00900713	addi	x14,x0,9	  x0:0x00000000 x14=0x00000009
          19714	      9853	00100230	f2f76ae3	bltu	x14,x15,100164	 x14:0x00000009 x15:0x00000000
          19716	      9854	00100234	03078393	addi	x7,x15,48	 x15:0x00000000  x7=0x00000030
          19718	      9855	00100238	000205b7	lui	x11,0x20	 x11=0x00020000
          19720	      9856	0010023c	00c51613	slli	x12,x10,0xc	 x10:0x00000006 x12=0x00006000
          19724	      9858	00100240	0075a023	sw	x7,0(x11)	 x11:0x00020000  x7:0x00000030 PA:0x00020000 store:0x00000030 load:0x00000000
          19726	      9859	00100244	01c65693	srli	x13,x12,0x1c	 x12:0x00006000 x13=0x00000000
          19728	      9860	00100248	00900813	addi	x16,x0,9	  x0:0x00000000 x16=0x00000009
          19730	      9861	0010024c	f2d86ae3	bltu	x16,x13,100180	 x16:0x00000009 x13:0x00000000
          19732	      9862	00100250	03068e93	addi	x29,x13,48	 x13:0x00000000 x29=0x00000030
          19734	      9863	00100254	00020f37	lui	x30,0x20	 x30=0x00020000
          19736	      9864	00100258	01051f93	slli	x31,x10,0x10	 x10:0x00000006 x31=0x00060000
          19740	      9866	0010025c	01df2023	sw	x29,0(x30)	 x30:0x00020000 x29:0x00000030 PA:0x00020000 store:0x00000030 load:0x00000000
          19742	      9867	00100260	01cfd793	srli	x15,x31,0x1c	 x31:0x00060000 x15=0x00000000
          19744	      9868	00100264	00900713	addi	x14,x0,9	  x0:0x00000000 x14=0x00000009
          19746	      9869	00100268	f2f76ae3	bltu	x14,x15,10019c	 x14:0x00000009 x15:0x00000000
          19748	      9870	0010026c	03078393	addi	x7,x15,48	 x15:0x00000000  x7=0x00000030
          19750	      9871	00100270	000205b7	lui	x11,0x20	 x11=0x00020000
          19752	      9872	00100274	01451613	slli	x12,x10,0x14	 x10:0x00000006 x12=0x00600000
          19756	      9874	00100278	0075a023	sw	x7,0(x11)	 x11:0x00020000  x7:0x00000030 PA:0x00020000 store:0x00000030 load:0x00000000
          19758	      9875	0010027c	01c65693	srli	x13,x12,0x1c	 x12:0x00600000 x13=0x00000000
          19760	      9876	00100280	00900813	addi	x16,x0,9	  x0:0x00000000 x16=0x00000009
          19762	      9877	00100284	f2d86ae3	bltu	x16,x13,1001b8	 x16:0x00000009 x13:0x00000000
          19764	      9878	00100288	03068e93	addi	x29,x13,48	 x13:0x00000000 x29=0x00000030
          19766	      9879	0010028c	00020f37	lui	x30,0x20	 x30=0x00020000
          19768	      9880	00100290	01851f93	slli	x31,x10,0x18	 x10:0x00000006 x31=0x06000000
          19772	      9882	00100294	01df2023	sw	x29,0(x30)	 x30:0x00020000 x29:0x00000030 PA:0x00020000 store:0x00000030 load:0x00000000
          19774	      9883	00100298	01cfd793	srli	x15,x31,0x1c	 x31:0x06000000 x15=0x00000000
          19776	      9884	0010029c	00900713	addi	x14,x0,9	  x0:0x00000000 x14=0x00000009
          19778	      9885	001002a0	f2f76ae3	bltu	x14,x15,1001d4	 x14:0x00000009 x15:0x00000000
          19780	      9886	001002a4	03078393	addi	x7,x15,48	 x15:0x00000000  x7=0x00000030
          19782	      9887	001002a8	000205b7	lui	x11,0x20	 x11=0x00020000
          19786	      9889	001002ac	0075a023	sw	x7,0(x11)	 x11:0x00020000  x7:0x00000030 PA:0x00020000 store:0x00000030 load:0x00000000
          19788	      9890	001002b0	00f57513	andi	x10,x10,15	 x10:0x00000006 x10=0x00000006
          19790	      9891	001002b4	00900613	addi	x12,x0,9	  x0:0x00000000 x12=0x00000009
          19794	      9893	001002b8	f2a67ae3	bgeu	x12,x10,1001ec	 x12:0x00000009 x10:0x00000006
          19798	      9895	001001ec	03050893	addi	x17,x10,48	 x10:0x00000006 x17=0x00000036
          19800	      9896	001001f0	00020e37	lui	x28,0x20	 x28=0x00020000
          19804	      9898	001001f4	011e2023	sw	x17,0(x28)	 x28:0x00020000 x17:0x00000036 PA:0x00020000 store:0x00000036 load:0x00000000
          19808	      9900	001001f8	00008067	jalr	x0,0(x1)	  x1:0x001013b8  x0=0x00000000
          19810	      9901	001013b8	a18b0513	addi	x10,x22,-1512	 x22:0x00102000 x10=0x00101a18
          19814	      9903	001013bc	ce5fe0ef	jal	x1,1000a0	  x1=0x001013c0
          19818	      9905	001000a0	00054803	lbu	x16,0(x10)	 x10:0x00101a18 x16=0x00000020 PA:0x00101a18 store:0x00000000
          19820	      9906	001000a4	06080663	beq	x16,x0,100110	 x16:0x00000020  x0:0x00000000
          19822	      9907	001000a8	000207b7	lui	x15,0x20	 x15=0x00020000
          19826	      9909	001000ac	0107a023	sw	x16,0(x15)	 x15:0x00020000 x16:0x00000020 PA:0x00020000 store:0x00000020 load:0x00000000
          19830	      9911	001000b0	00154703	lbu	x14,1(x10)	 x10:0x00101a18 x14=0x00000072 PA:0x00101a19 store:0x001013c0
          19832	      9912	001000b4	04070e63	beq	x14,x0,100110	 x14:0x00000072  x0:0x00000000
          19836	      9914	001000b8	00e7a023	sw	x14,0(x15)	 x15:0x00020000 x14:0x00000072 PA:0x00020000 store:0x00000072 load:0x00000000
          19840	      9916	001000bc	00254283	lbu	x5,2(x10)	 x10:0x00101a18  x5=0x00000065 PA:0x00101a1a store:0x00137fa0
          19842	      9917	001000c0	04028863	beq	x5,x0,100110	  x5:0x00000065  x0:0x00000000
          19846	      9919	001000c4	0057a023	sw	x5,0(x15)	 x15:0x00020000  x5:0x00000065 PA:0x00020000 store:0x00000065 load:0x00000000
          19850	      9921	001000c8	00354303	lbu	x6,3(x10)	 x10:0x00101a18  x6=0x00000073 PA:0x00101a1b store:0x00000000
          19852	      9922	001000cc	04030263	beq	x6,x0,100110	  x6:0x00000073  x0:0x00000000
          19856	      9924	001000d0	0067a023	sw	x6,0(x15)	 x15:0x00020000  x6:0x00000073 PA:0x00020000 store:0x00000073 load:0x00000000
          19860	      9926	001000d4	00454383	lbu	x7,4(x10)	 x10:0x00101a18  x7=0x00000075 PA:0x00101a1c store:0x00000000
          19862	      9927	001000d8	02038c63	beq	x7,x0,100110	  x7:0x00000075  x0:0x00000000
          19866	      9929	001000dc	0077a023	sw	x7,0(x15)	 x15:0x00020000  x7:0x00000075 PA:0x00020000 store:0x00000075 load:0x00000000
          19870	      9931	001000e0	00554583	lbu	x11,5(x10)	 x10:0x00101a18 x11=0x0000006c PA:0x00101a1d store:0x00000065
          19872	      9932	001000e4	02058663	beq	x11,x0,100110	 x11:0x0000006c  x0:0x00000000
          19876	      9934	001000e8	00b7a023	sw	x11,0(x15)	 x15:0x00020000 x11:0x0000006c PA:0x00020000 store:0x0000006c load:0x00000000
          19880	      9936	001000ec	00654603	lbu	x12,6(x10)	 x10:0x00101a18 x12=0x00000074 PA:0x00101a1e store:0x00000073
          19882	      9937	001000f0	02060063	beq	x12,x0,100110	 x12:0x00000074  x0:0x00000000
          19886	      9939	001000f4	00c7a023	sw	x12,0(x15)	 x15:0x00020000 x12:0x00000074 PA:0x00020000 store:0x00000074 load:0x00000000
          19890	      9941	001000f8	00754683	lbu	x13,7(x10)	 x10:0x00101a18 x13=0x0000003a PA:0x00101a1f store:0x00000075
          19892	      9942	001000fc	00850513	addi	x10,x10,8	 x10:0x00101a18 x10=0x00101a20
          19894	      9943	00100100	00068863	beq	x13,x0,100110	 x13:0x0000003a  x0:0x00000000
          19898	      9945	00100104	00d7a023	sw	x13,0(x15)	 x15:0x00020000 x13:0x0000003a PA:0x00020000 store:0x0000003a load:0x00000000
          19902	      9947	00100108	00054803	lbu	x16,0(x10)	 x10:0x00101a20 x16=0x00000020 PA:0x00101a20 store:0x00000000
          19906	      9949	0010010c	fa0810e3	bne	x16,x0,1000ac	 x16:0x00000020  x0:0x00000000
          19912	      9952	001000ac	0107a023	sw	x16,0(x15)	 x15:0x00020000 x16:0x00000020 PA:0x00020000 store:0x00000020 load:0x00000000
          19916	      9954	001000b0	00154703	lbu	x14,1(x10)	 x10:0x00101a20 x14=0x00000000 PA:0x00101a21 store:0x001013c0
          19920	      9956	001000b4	04070e63	beq	x14,x0,100110	 x14:0x00000000  x0:0x00000000
          19924	      9958	00100110	00000513	addi	x10,x0,0	  x0:0x00000000 x10=0x00000000
          19928	      9960	00100114	00008067	jalr	x0,0(x1)	  x1:0x001013c0  x0=0x00000000
          19932	      9962	001013c0	cf8a2503	lw	x10,-776(x20)	 x20:0x00102000 x10=0x3f8650e8 PA:0x00101cf8 store:0x00000004
          19934	      9963	001013c4	003c0d93	addi	x27,x24,3	 x24:0x00000004 x27=0x00000007
          19936	      9964	001013c8	004c0c13	addi	x24,x24,4	 x24:0x00000004 x24=0x00000008
          19940	      9966	001013cc	d55fe0ef	jal	x1,100120	  x1=0x001013d0
          19942	      9967	00100120	01c55793	srli	x15,x10,0x1c	 x10:0x3f8650e8 x15=0x00000003
          19944	      9968	00100124	00900713	addi	x14,x0,9	  x0:0x00000000 x14=0x00000009
          19948	      9970	00100128	0cf77a63	bgeu	x14,x15,1001fc	 x14:0x00000009 x15:0x00000003
          19952	      9972	001001fc	03078393	addi	x7,x15,48	 x15:0x00000003  x7=0x00000033
          19954	      9973	00100200	000205b7	lui	x11,0x20	 x11=0x00020000
          19956	      9974	00100204	00451613	slli	x12,x10,0x4	 x10:0x3f8650e8 x12=0xf8650e80
          19960	      9976	00100208	0075a023	sw	x7,0(x11)	 x11:0x00020000  x7:0x00000033 PA:0x00020000 store:0x00000033 load:0x00000000
          19962	      9977	0010020c	01c65693	srli	x13,x12,0x1c	 x12:0xf8650e80 x13=0x0000000f
          19964	      9978	00100210	00900813	addi	x16,x0,9	  x0:0x00000000 x16=0x00000009
          19968	      9980	00100214	f2d86ae3	bltu	x16,x13,100148	 x16:0x00000009 x13:0x0000000f
          19972	      9982	00100148	03768893	addi	x17,x13,55	 x13:0x0000000f x17=0x00000046
          19974	      9983	0010014c	00020e37	lui	x28,0x20	 x28=0x00020000
          19976	      9984	00100150	00851f93	slli	x31,x10,0x8	 x10:0x3f8650e8 x31=0x8650e800
          19980	      9986	00100154	011e2023	sw	x17,0(x28)	 x28:0x00020000 x17:0x00000046 PA:0x00020000 store:0x00000046 load:0x00000000
          19982	      9987	00100158	01cfd793	srli	x15,x31,0x1c	 x31:0x8650e800 x15=0x00000008
          19984	      9988	0010015c	00900713	addi	x14,x0,9	  x0:0x00000000 x14=0x00000009
          19988	      9990	00100160	0cf77a63	bgeu	x14,x15,100234	 x14:0x00000009 x15:0x00000008
          19992	      9992	00100234	03078393	addi	x7,x15,48	 x15:0x00000008  x7=0x00000038
          19994	      9993	00100238	000205b7	lui	x11,0x20	 x11=0x00020000
          19996	      9994	0010023c	00c51613	slli	x12,x10,0xc	 x10:0x3f8650e8 x12=0x650e8000
          20000	      9996	00100240	0075a023	sw	x7,0(x11)	 x11:0x00020000  x7:0x00000038 PA:0x00020000 store:0x00000038 load:0x00000000
          20002	      9997	00100244	01c65693	srli	x13,x12,0x1c	 x12:0x650e8000 x13=0x00000006
          20004	      9998	00100248	00900813	addi	x16,x0,9	  x0:0x00000000 x16=0x00000009
          20006	      9999	0010024c	f2d86ae3	bltu	x16,x13,100180	 x16:0x00000009 x13:0x00000006
          20008	     10000	00100250	03068e93	addi	x29,x13,48	 x13:0x00000006 x29=0x00000036
          20010	     10001	00100254	00020f37	lui	x30,0x20	 x30=0x00020000
          20012	     10002	00100258	01051f93	slli	x31,x10,0x10	 x10:0x3f8650e8 x31=0x50e80000
          20016	     10004	0010025c	01df2023	sw	x29,0(x30)	 x30:0x00020000 x29:0x00000036 PA:0x00020000 store:0x00000036 load:0x00000000
          20018	     10005	00100260	01cfd793	srli	x15,x31,0x1c	 x31:0x50e80000 x15=0x00000005
          20020	     10006	00100264	00900713	addi	x14,x0,9	  x0:0x00000000 x14=0x00000009
          20022	     10007	00100268	f2f76ae3	bltu	x14,x15,10019c	 x14:0x00000009 x15:0x00000005
          20024	     10008	0010026c	03078393	addi	x7,x15,48	 x15:0x00000005  x7=0x00000035
          20026	     10009	00100270	000205b7	lui	x11,0x20	 x11=0x00020000
          20028	     10010	00100274	01451613	slli	x12,x10,0x14	 x10:0x3f8650e8 x12=0x0e800000
          20032	     10012	00100278	0075a023	sw	x7,0(x11)	 x11:0x00020000  x7:0x00000035 PA:0x00020000 store:0x00000035 load:0x00000000
          20034	     10013	0010027c	01c65693	srli	x13,x12,0x1c	 x12:0x0e800000 x13=0x00000000
          20036	     10014	00100280	00900813	addi	x16,x0,9	  x0:0x00000000 x16=0x00000009
          20038	     10015	00100284	f2d86ae3	bltu	x16,x13,1001b8	 x16:0x00000009 x13:0x00000000
          20040	     10016	00100288	03068e93	addi	x29,x13,48	 x13:0x00000000 x29=0x00000030
          20042	     10017	0010028c	00020f37	lui	x30,0x20	 x30=0x00020000
          20044	     10018	00100290	01851f93	slli	x31,x10,0x18	 x10:0x3f8650e8 x31=0xe8000000
          20048	     10020	00100294	01df2023	sw	x29,0(x30)	 x30:0x00020000 x29:0x00000030 PA:0x00020000 store:0x00000030 load:0x00000000
          20050	     10021	00100298	01cfd793	srli	x15,x31,0x1c	 x31:0xe8000000 x15=0x0000000e
          20052	     10022	0010029c	00900713	addi	x14,x0,9	  x0:0x00000000 x14=0x00000009
          20056	     10024	001002a0	f2f76ae3	bltu	x14,x15,1001d4	 x14:0x00000009 x15:0x0000000e
          20060	     10026	001001d4	03778293	addi	x5,x15,55	 x15:0x0000000e  x5=0x00000045
          20062	     10027	001001d8	00020337	lui	x6,0x20	  x6=0x00020000
          20066	     10029	001001dc	00532023	sw	x5,0(x6)	  x6:0x00020000  x5:0x00000045 PA:0x00020000 store:0x00000045 load:0x00000000
          20068	     10030	001001e0	00f57513	andi	x10,x10,15	 x10:0x3f8650e8 x10=0x00000008
          20070	     10031	001001e4	00900613	addi	x12,x0,9	  x0:0x00000000 x12=0x00000009
          20072	     10032	001001e8	0ca66a63	bltu	x12,x10,1002bc	 x12:0x00000009 x10:0x00000008
          20074	     10033	001001ec	03050893	addi	x17,x10,48	 x10:0x00000008 x17=0x00000038
          20076	     10034	001001f0	00020e37	lui	x28,0x20	 x28=0x00020000
          20080	     10036	001001f4	011e2023	sw	x17,0(x28)	 x28:0x00020000 x17:0x00000038 PA:0x00020000 store:0x00000038 load:0x00000000
          20084	     10038	001001f8	00008067	jalr	x0,0(x1)	  x1:0x001013d0  x0=0x00000000
          20096	     10044	001013d0	a10a8513	addi	x10,x21,-1520	 x21:0x00102000 x10=0x00101a10
          20098	     10045	001013d4	d089a987	flw	f19,-760(x19)	 f19:0x00102000 f19=0x00000000 PA:0x00101d08 store:0x3f9b3246
          20118	     10055	001013d8	5809fa53	fsqrt.s	f20,f19	 f19:0x00102000 f20=0x00000000
          20126	     10059	001013dc	d149a427	fsw	f20,-760(x19)	 f19:0x00102000 f20:0x00102000 PA:0x00101d08 store:0x3f831eb8 load:0x3f8650e8
          20134	     10063	001013e0	d089aa87	flw	f21,-760(x19)	 f19:0x00102000 f21=0x00000000 PA:0x00101d08 store:0x3f9b3246
          20140	     10066	001013e4	e00a82d3	fmv.x.w	x5,f21	 f21:0x00102000  x5=0x3f831eb8
          20142	     10067	001013e8	ce5a2c23	sw	x5,-776(x20)	 x20:0x00102000  x5:0x3f831eb8 PA:0x00101cf8 store:0x3f831eb8 load:0x3f831eb8
          20146	     10069	001013ec	cb5fe0ef	jal	x1,1000a0	  x1=0x001013f0
          20150	     10071	001000a0	00054803	lbu	x16,0(x10)	 x10:0x00101a10 x16=0x0000000a PA:0x00101a10 store:0x00000000
          20152	     10072	001000a4	06080663	beq	x16,x0,100110	 x16:0x0000000a  x0:0x00000000
          20154	     10073	001000a8	000207b7	lui	x15,0x20	 x15=0x00020000
          20158	     10075	001000ac	0107a023	sw	x16,0(x15)	 x15:0x00020000 x16:0x0000000a PA:0x00020000 store:0x0000000a load:0x00000000
          20162	     10077	001000b0	00154703	lbu	x14,1(x10)	 x10:0x00101a10 x14=0x00000020 PA:0x00101a11 store:0x001013f0
          20164	     10078	001000b4	04070e63	beq	x14,x0,100110	 x14:0x00000020  x0:0x00000000
          20168	     10080	001000b8	00e7a023	sw	x14,0(x15)	 x15:0x00020000 x14:0x00000020 PA:0x00020000 store:0x00000020 load:0x00000000
          20172	     10082	001000bc	00254283	lbu	x5,2(x10)	 x10:0x00101a10  x5=0x00000069 PA:0x00101a12 store:0x00137fa0
          20174	     10083	001000c0	04028863	beq	x5,x0,100110	  x5:0x00000069  x0:0x00000000
          20178	     10085	001000c4	0057a023	sw	x5,0(x15)	 x15:0x00020000  x5:0x00000069 PA:0x00020000 store:0x00000069 load:0x00000000
          20182	     10087	001000c8	00354303	lbu	x6,3(x10)	 x10:0x00101a10  x6=0x0000003d PA:0x00101a13 store:0x00000000
          20184	     10088	001000cc	04030263	beq	x6,x0,100110	  x6:0x0000003d  x0:0x00000000
          20188	     10090	001000d0	0067a023	sw	x6,0(x15)	 x15:0x00020000  x6:0x0000003d PA:0x00020000 store:0x0000003d load:0x00000000
          20192	     10092	001000d4	00454383	lbu	x7,4(x10)	 x10:0x00101a10  x7=0x00000000 PA:0x00101a14 store:0x00000000
          20196	     10094	001000d8	02038c63	beq	x7,x0,100110	  x7:0x00000000  x0:0x00000000
          20200	     10096	00100110	00000513	addi	x10,x0,0	  x0:0x00000000 x10=0x00000000
          20204	     10098	00100114	00008067	jalr	x0,0(x1)	  x1:0x001013f0  x0=0x00000000
          20206	     10099	001013f0	000d8513	addi	x10,x27,0	 x27:0x00000007 x10=0x00000007
          20210	     10101	001013f4	d2dfe0ef	jal	x1,100120	  x1=0x001013f8
          20212	     10102	00100120	01c55793	srli	x15,x10,0x1c	 x10:0x00000007 x15=0x00000000
          20214	     10103	00100124	00900713	addi	x14,x0,9	  x0:0x00000000 x14=0x00000009
          20218	     10105	00100128	0cf77a63	bgeu	x14,x15,1001fc	 x14:0x00000009 x15:0x00000000
          20222	     10107	001001fc	03078393	addi	x7,x15,48	 x15:0x00000000  x7=0x00000030
          20224	     10108	00100200	000205b7	lui	x11,0x20	 x11=0x00020000
          20226	     10109	00100204	00451613	slli	x12,x10,0x4	 x10:0x00000007 x12=0x00000070
          20230	     10111	00100208	0075a023	sw	x7,0(x11)	 x11:0x00020000  x7:0x00000030 PA:0x00020000 store:0x00000030 load:0x00000000
          20232	     10112	0010020c	01c65693	srli	x13,x12,0x1c	 x12:0x00000070 x13=0x00000000
          20234	     10113	00100210	00900813	addi	x16,x0,9	  x0:0x00000000 x16=0x00000009
          20236	     10114	00100214	f2d86ae3	bltu	x16,x13,100148	 x16:0x00000009 x13:0x00000000
          20238	     10115	00100218	03068e93	addi	x29,x13,48	 x13:0x00000000 x29=0x00000030
          20240	     10116	0010021c	00020f37	lui	x30,0x20	 x30=0x00020000
          20242	     10117	00100220	00851f93	slli	x31,x10,0x8	 x10:0x00000007 x31=0x00000700
          20246	     10119	00100224	01df2023	sw	x29,0(x30)	 x30:0x00020000 x29:0x00000030 PA:0x00020000 store:0x00000030 load:0x00000000
          20248	     10120	00100228	01cfd793	srli	x15,x31,0x1c	 x31:0x00000700 x15=0x00000000
          20250	     10121	0010022c	00900713	addi	x14,x0,9	  x0:0x00000000 x14=0x00000009
          20252	     10122	00100230	f2f76ae3	bltu	x14,x15,100164	 x14:0x00000009 x15:0x00000000
          20254	     10123	00100234	03078393	addi	x7,x15,48	 x15:0x00000000  x7=0x00000030
          20256	     10124	00100238	000205b7	lui	x11,0x20	 x11=0x00020000
          20258	     10125	0010023c	00c51613	slli	x12,x10,0xc	 x10:0x00000007 x12=0x00007000
          20262	     10127	00100240	0075a023	sw	x7,0(x11)	 x11:0x00020000  x7:0x00000030 PA:0x00020000 store:0x00000030 load:0x00000000
          20264	     10128	00100244	01c65693	srli	x13,x12,0x1c	 x12:0x00007000 x13=0x00000000
          20266	     10129	00100248	00900813	addi	x16,x0,9	  x0:0x00000000 x16=0x00000009
          20268	     10130	0010024c	f2d86ae3	bltu	x16,x13,100180	 x16:0x00000009 x13:0x00000000
          20270	     10131	00100250	03068e93	addi	x29,x13,48	 x13:0x00000000 x29=0x00000030
          20272	     10132	00100254	00020f37	lui	x30,0x20	 x30=0x00020000
          20274	     10133	00100258	01051f93	slli	x31,x10,0x10	 x10:0x00000007 x31=0x00070000
          20278	     10135	0010025c	01df2023	sw	x29,0(x30)	 x30:0x00020000 x29:0x00000030 PA:0x00020000 store:0x00000030 load:0x00000000
          20280	     10136	00100260	01cfd793	srli	x15,x31,0x1c	 x31:0x00070000 x15=0x00000000
          20282	     10137	00100264	00900713	addi	x14,x0,9	  x0:0x00000000 x14=0x00000009
          20284	     10138	00100268	f2f76ae3	bltu	x14,x15,10019c	 x14:0x00000009 x15:0x00000000
          20286	     10139	0010026c	03078393	addi	x7,x15,48	 x15:0x00000000  x7=0x00000030
          20288	     10140	00100270	000205b7	lui	x11,0x20	 x11=0x00020000
          20290	     10141	00100274	01451613	slli	x12,x10,0x14	 x10:0x00000007 x12=0x00700000
          20294	     10143	00100278	0075a023	sw	x7,0(x11)	 x11:0x00020000  x7:0x00000030 PA:0x00020000 store:0x00000030 load:0x00000000
          20296	     10144	0010027c	01c65693	srli	x13,x12,0x1c	 x12:0x00700000 x13=0x00000000
          20298	     10145	00100280	00900813	addi	x16,x0,9	  x0:0x00000000 x16=0x00000009
          20300	     10146	00100284	f2d86ae3	bltu	x16,x13,1001b8	 x16:0x00000009 x13:0x00000000
          20302	     10147	00100288	03068e93	addi	x29,x13,48	 x13:0x00000000 x29=0x00000030
          20304	     10148	0010028c	00020f37	lui	x30,0x20	 x30=0x00020000
          20306	     10149	00100290	01851f93	slli	x31,x10,0x18	 x10:0x00000007 x31=0x07000000
          20310	     10151	00100294	01df2023	sw	x29,0(x30)	 x30:0x00020000 x29:0x00000030 PA:0x00020000 store:0x00000030 load:0x00000000
          20312	     10152	00100298	01cfd793	srli	x15,x31,0x1c	 x31:0x07000000 x15=0x00000000
          20314	     10153	0010029c	00900713	addi	x14,x0,9	  x0:0x00000000 x14=0x00000009
          20316	     10154	001002a0	f2f76ae3	bltu	x14,x15,1001d4	 x14:0x00000009 x15:0x00000000
          20318	     10155	001002a4	03078393	addi	x7,x15,48	 x15:0x00000000  x7=0x00000030
          20320	     10156	001002a8	000205b7	lui	x11,0x20	 x11=0x00020000
          20324	     10158	001002ac	0075a023	sw	x7,0(x11)	 x11:0x00020000  x7:0x00000030 PA:0x00020000 store:0x00000030 load:0x00000000
          20326	     10159	001002b0	00f57513	andi	x10,x10,15	 x10:0x00000007 x10=0x00000007
          20328	     10160	001002b4	00900613	addi	x12,x0,9	  x0:0x00000000 x12=0x00000009
          20332	     10162	001002b8	f2a67ae3	bgeu	x12,x10,1001ec	 x12:0x00000009 x10:0x00000007
          20336	     10164	001001ec	03050893	addi	x17,x10,48	 x10:0x00000007 x17=0x00000037
          20338	     10165	001001f0	00020e37	lui	x28,0x20	 x28=0x00020000
          20342	     10167	001001f4	011e2023	sw	x17,0(x28)	 x28:0x00020000 x17:0x00000037 PA:0x00020000 store:0x00000037 load:0x00000000
          20346	     10169	001001f8	00008067	jalr	x0,0(x1)	  x1:0x001013f8  x0=0x00000000
          20348	     10170	001013f8	a18b0513	addi	x10,x22,-1512	 x22:0x00102000 x10=0x00101a18
          20352	     10172	001013fc	ca5fe0ef	jal	x1,1000a0	  x1=0x00101400
          20356	     10174	001000a0	00054803	lbu	x16,0(x10)	 x10:0x00101a18 x16=0x00000020 PA:0x00101a18 store:0x00000000
          20358	     10175	001000a4	06080663	beq	x16,x0,100110	 x16:0x00000020  x0:0x00000000
          20360	     10176	001000a8	000207b7	lui	x15,0x20	 x15=0x00020000
          20364	     10178	001000ac	0107a023	sw	x16,0(x15)	 x15:0x00020000 x16:0x00000020 PA:0x00020000 store:0x00000020 load:0x00000000
          20368	     10180	001000b0	00154703	lbu	x14,1(x10)	 x10:0x00101a18 x14=0x00000072 PA:0x00101a19 store:0x00101400
          20370	     10181	001000b4	04070e63	beq	x14,x0,100110	 x14:0x00000072  x0:0x00000000
          20374	     10183	001000b8	00e7a023	sw	x14,0(x15)	 x15:0x00020000 x14:0x00000072 PA:0x00020000 store:0x00000072 load:0x00000000
          20378	     10185	001000bc	00254283	lbu	x5,2(x10)	 x10:0x00101a18  x5=0x00000065 PA:0x00101a1a store:0x00137fa0
          20380	     10186	001000c0	04028863	beq	x5,x0,100110	  x5:0x00000065  x0:0x00000000
          20384	     10188	001000c4	0057a023	sw	x5,0(x15)	 x15:0x00020000  x5:0x00000065 PA:0x00020000 store:0x00000065 load:0x00000000
          20388	     10190	001000c8	00354303	lbu	x6,3(x10)	 x10:0x00101a18  x6=0x00000073 PA:0x00101a1b store:0x00000000
          20390	     10191	001000cc	04030263	beq	x6,x0,100110	  x6:0x00000073  x0:0x00000000
          20394	     10193	001000d0	0067a023	sw	x6,0(x15)	 x15:0x00020000  x6:0x00000073 PA:0x00020000 store:0x00000073 load:0x00000000
          20398	     10195	001000d4	00454383	lbu	x7,4(x10)	 x10:0x00101a18  x7=0x00000075 PA:0x00101a1c store:0x00000000
          20400	     10196	001000d8	02038c63	beq	x7,x0,100110	  x7:0x00000075  x0:0x00000000
          20404	     10198	001000dc	0077a023	sw	x7,0(x15)	 x15:0x00020000  x7:0x00000075 PA:0x00020000 store:0x00000075 load:0x00000000
          20408	     10200	001000e0	00554583	lbu	x11,5(x10)	 x10:0x00101a18 x11=0x0000006c PA:0x00101a1d store:0x00000065
          20410	     10201	001000e4	02058663	beq	x11,x0,100110	 x11:0x0000006c  x0:0x00000000
          20414	     10203	001000e8	00b7a023	sw	x11,0(x15)	 x15:0x00020000 x11:0x0000006c PA:0x00020000 store:0x0000006c load:0x00000000
          20418	     10205	001000ec	00654603	lbu	x12,6(x10)	 x10:0x00101a18 x12=0x00000074 PA:0x00101a1e store:0x00000073
          20420	     10206	001000f0	02060063	beq	x12,x0,100110	 x12:0x00000074  x0:0x00000000
          20424	     10208	001000f4	00c7a023	sw	x12,0(x15)	 x15:0x00020000 x12:0x00000074 PA:0x00020000 store:0x00000074 load:0x00000000
          20428	     10210	001000f8	00754683	lbu	x13,7(x10)	 x10:0x00101a18 x13=0x0000003a PA:0x00101a1f store:0x00000075
          20430	     10211	001000fc	00850513	addi	x10,x10,8	 x10:0x00101a18 x10=0x00101a20
          20432	     10212	00100100	00068863	beq	x13,x0,100110	 x13:0x0000003a  x0:0x00000000
          20436	     10214	00100104	00d7a023	sw	x13,0(x15)	 x15:0x00020000 x13:0x0000003a PA:0x00020000 store:0x0000003a load:0x00000000
          20440	     10216	00100108	00054803	lbu	x16,0(x10)	 x10:0x00101a20 x16=0x00000020 PA:0x00101a20 store:0x00000000
          20444	     10218	0010010c	fa0810e3	bne	x16,x0,1000ac	 x16:0x00000020  x0:0x00000000
          20450	     10221	001000ac	0107a023	sw	x16,0(x15)	 x15:0x00020000 x16:0x00000020 PA:0x00020000 store:0x00000020 load:0x00000000
          20454	     10223	001000b0	00154703	lbu	x14,1(x10)	 x10:0x00101a20 x14=0x00000000 PA:0x00101a21 store:0x00101400
          20458	     10225	001000b4	04070e63	beq	x14,x0,100110	 x14:0x00000000  x0:0x00000000
          20462	     10227	00100110	00000513	addi	x10,x0,0	  x0:0x00000000 x10=0x00000000
          20466	     10229	00100114	00008067	jalr	x0,0(x1)	  x1:0x00101400  x0=0x00000000
          20470	     10231	00101400	cf8a2503	lw	x10,-776(x20)	 x20:0x00102000 x10=0x3f831eb8 PA:0x00101cf8 store:0x00000008
          20474	     10233	00101404	d1dfe0ef	jal	x1,100120	  x1=0x00101408
          20476	     10234	00100120	01c55793	srli	x15,x10,0x1c	 x10:0x3f831eb8 x15=0x00000003
          20478	     10235	00100124	00900713	addi	x14,x0,9	  x0:0x00000000 x14=0x00000009
          20482	     10237	00100128	0cf77a63	bgeu	x14,x15,1001fc	 x14:0x00000009 x15:0x00000003
          20486	     10239	001001fc	03078393	addi	x7,x15,48	 x15:0x00000003  x7=0x00000033
          20488	     10240	00100200	000205b7	lui	x11,0x20	 x11=0x00020000
          20490	     10241	00100204	00451613	slli	x12,x10,0x4	 x10:0x3f831eb8 x12=0xf831eb80
          20494	     10243	00100208	0075a023	sw	x7,0(x11)	 x11:0x00020000  x7:0x00000033 PA:0x00020000 store:0x00000033 load:0x00000000
          20496	     10244	0010020c	01c65693	srli	x13,x12,0x1c	 x12:0xf831eb80 x13=0x0000000f
          20498	     10245	00100210	00900813	addi	x16,x0,9	  x0:0x00000000 x16=0x00000009
          20502	     10247	00100214	f2d86ae3	bltu	x16,x13,100148	 x16:0x00000009 x13:0x0000000f
          20506	     10249	00100148	03768893	addi	x17,x13,55	 x13:0x0000000f x17=0x00000046
          20508	     10250	0010014c	00020e37	lui	x28,0x20	 x28=0x00020000
          20510	     10251	00100150	00851f93	slli	x31,x10,0x8	 x10:0x3f831eb8 x31=0x831eb800
          20514	     10253	00100154	011e2023	sw	x17,0(x28)	 x28:0x00020000 x17:0x00000046 PA:0x00020000 store:0x00000046 load:0x00000000
          20516	     10254	00100158	01cfd793	srli	x15,x31,0x1c	 x31:0x831eb800 x15=0x00000008
          20518	     10255	0010015c	00900713	addi	x14,x0,9	  x0:0x00000000 x14=0x00000009
          20522	     10257	00100160	0cf77a63	bgeu	x14,x15,100234	 x14:0x00000009 x15:0x00000008
          20526	     10259	00100234	03078393	addi	x7,x15,48	 x15:0x00000008  x7=0x00000038
          20528	     10260	00100238	000205b7	lui	x11,0x20	 x11=0x00020000
          20530	     10261	0010023c	00c51613	slli	x12,x10,0xc	 x10:0x3f831eb8 x12=0x31eb8000
          20534	     10263	00100240	0075a023	sw	x7,0(x11)	 x11:0x00020000  x7:0x00000038 PA:0x00020000 store:0x00000038 load:0x00000000
          20536	     10264	00100244	01c65693	srli	x13,x12,0x1c	 x12:0x31eb8000 x13=0x00000003
          20538	     10265	00100248	00900813	addi	x16,x0,9	  x0:0x00000000 x16=0x00000009
          20540	     10266	0010024c	f2d86ae3	bltu	x16,x13,100180	 x16:0x00000009 x13:0x00000003
          20542	     10267	00100250	03068e93	addi	x29,x13,48	 x13:0x00000003 x29=0x00000033
          20544	     10268	00100254	00020f37	lui	x30,0x20	 x30=0x00020000
          20546	     10269	00100258	01051f93	slli	x31,x10,0x10	 x10:0x3f831eb8 x31=0x1eb80000
          20550	     10271	0010025c	01df2023	sw	x29,0(x30)	 x30:0x00020000 x29:0x00000033 PA:0x00020000 store:0x00000033 load:0x00000000
          20552	     10272	00100260	01cfd793	srli	x15,x31,0x1c	 x31:0x1eb80000 x15=0x00000001
          20554	     10273	00100264	00900713	addi	x14,x0,9	  x0:0x00000000 x14=0x00000009
          20556	     10274	00100268	f2f76ae3	bltu	x14,x15,10019c	 x14:0x00000009 x15:0x00000001
          20558	     10275	0010026c	03078393	addi	x7,x15,48	 x15:0x00000001  x7=0x00000031
          20560	     10276	00100270	000205b7	lui	x11,0x20	 x11=0x00020000
          20562	     10277	00100274	01451613	slli	x12,x10,0x14	 x10:0x3f831eb8 x12=0xeb800000
          20566	     10279	00100278	0075a023	sw	x7,0(x11)	 x11:0x00020000  x7:0x00000031 PA:0x00020000 store:0x00000031 load:0x00000000
          20568	     10280	0010027c	01c65693	srli	x13,x12,0x1c	 x12:0xeb800000 x13=0x0000000e
          20570	     10281	00100280	00900813	addi	x16,x0,9	  x0:0x00000000 x16=0x00000009
          20574	     10283	00100284	f2d86ae3	bltu	x16,x13,1001b8	 x16:0x00000009 x13:0x0000000e
          20578	     10285	001001b8	03768893	addi	x17,x13,55	 x13:0x0000000e x17=0x00000045
          20580	     10286	001001bc	00020e37	lui	x28,0x20	 x28=0x00020000
          20582	     10287	001001c0	01851f93	slli	x31,x10,0x18	 x10:0x3f831eb8 x31=0xb8000000
          20586	     10289	001001c4	011e2023	sw	x17,0(x28)	 x28:0x00020000 x17:0x00000045 PA:0x00020000 store:0x00000045 load:0x00000000
          20588	     10290	001001c8	01cfd793	srli	x15,x31,0x1c	 x31:0xb8000000 x15=0x0000000b
          20590	     10291	001001cc	00900713	addi	x14,x0,9	  x0:0x00000000 x14=0x00000009
          20592	     10292	001001d0	0cf77a63	bgeu	x14,x15,1002a4	 x14:0x00000009 x15:0x0000000b
          20594	     10293	001001d4	03778293	addi	x5,x15,55	 x15:0x0000000b  x5=0x00000042
          20596	     10294	001001d8	00020337	lui	x6,0x20	  x6=0x00020000
          20600	     10296	001001dc	00532023	sw	x5,0(x6)	  x6:0x00020000  x5:0x00000042 PA:0x00020000 store:0x00000042 load:0x00000000
          20602	     10297	001001e0	00f57513	andi	x10,x10,15	 x10:0x3f831eb8 x10=0x00000008
          20604	     10298	001001e4	00900613	addi	x12,x0,9	  x0:0x00000000 x12=0x00000009
          20606	     10299	001001e8	0ca66a63	bltu	x12,x10,1002bc	 x12:0x00000009 x10:0x00000008
          20608	     10300	001001ec	03050893	addi	x17,x10,48	 x10:0x00000008 x17=0x00000038
          20610	     10301	001001f0	00020e37	lui	x28,0x20	 x28=0x00020000
          20614	     10303	001001f4	011e2023	sw	x17,0(x28)	 x28:0x00020000 x17:0x00000038 PA:0x00020000 store:0x00000038 load:0x00000000
          20618	     10305	001001f8	00008067	jalr	x0,0(x1)	  x1:0x00101408  x0=0x00000000
          20622	     10307	00101408	f1ac18e3	bne	x24,x26,101318	 x24:0x00000008 x26:0x00000014
          20634	     10313	00101318	d089a607	flw	f12,-760(x19)	 f19:0x00102000 f12=0x00000000 PA:0x00101d08 store:0x3f9b3246
          20656	     10324	0010131c	580676d3	fsqrt.s	f13,f12	 f12:0x00000009 f13=0x00000000
          20664	     10328	00101320	d0d9a427	fsw	f13,-760(x19)	 f19:0x00102000 f13:0x0000000e PA:0x00101d08 store:0x3f818cf4 load:0x3f831eb8
          20672	     10332	00101324	d089a387	flw	f7,-760(x19)	 f19:0x00102000  f7=0x00000000 PA:0x00101d08 store:0x3f9b3246
          20678	     10335	00101328	a10a8513	addi	x10,x21,-1520	 x21:0x00102000 x10=0x00101a10
          20680	     10336	0010132c	e00386d3	fmv.x.w	x13,f7	  f7:0x00000031 x13=0x3f818cf4
          20682	     10337	00101330	ceda2c23	sw	x13,-776(x20)	 x20:0x00102000 x13:0x3f818cf4 PA:0x00101cf8 store:0x3f818cf4 load:0x3f818cf4
          20684	     10338	00101334	d6dfe0ef	jal	x1,1000a0	  x1=0x00101338
          20688	     10340	001000a0	00054803	lbu	x16,0(x10)	 x10:0x00101a10 x16=0x0000000a PA:0x00101a10 store:0x00000000
          20690	     10341	001000a4	06080663	beq	x16,x0,100110	 x16:0x0000000a  x0:0x00000000
          20692	     10342	001000a8	000207b7	lui	x15,0x20	 x15=0x00020000
          20696	     10344	001000ac	0107a023	sw	x16,0(x15)	 x15:0x00020000 x16:0x0000000a PA:0x00020000 store:0x0000000a load:0x00000000
          20700	     10346	001000b0	00154703	lbu	x14,1(x10)	 x10:0x00101a10 x14=0x00000020 PA:0x00101a11 store:0x00101338
          20702	     10347	001000b4	04070e63	beq	x14,x0,100110	 x14:0x00000020  x0:0x00000000
          20706	     10349	001000b8	00e7a023	sw	x14,0(x15)	 x15:0x00020000 x14:0x00000020 PA:0x00020000 store:0x00000020 load:0x00000000
          20710	     10351	001000bc	00254283	lbu	x5,2(x10)	 x10:0x00101a10  x5=0x00000069 PA:0x00101a12 store:0x00137fa0
          20712	     10352	001000c0	04028863	beq	x5,x0,100110	  x5:0x00000069  x0:0x00000000
          20716	     10354	001000c4	0057a023	sw	x5,0(x15)	 x15:0x00020000  x5:0x00000069 PA:0x00020000 store:0x00000069 load:0x00000000
          20720	     10356	001000c8	00354303	lbu	x6,3(x10)	 x10:0x00101a10  x6=0x0000003d PA:0x00101a13 store:0x00000000
          20722	     10357	001000cc	04030263	beq	x6,x0,100110	  x6:0x0000003d  x0:0x00000000
          20726	     10359	001000d0	0067a023	sw	x6,0(x15)	 x15:0x00020000  x6:0x0000003d PA:0x00020000 store:0x0000003d load:0x00000000
          20730	     10361	001000d4	00454383	lbu	x7,4(x10)	 x10:0x00101a10  x7=0x00000000 PA:0x00101a14 store:0x00000000
          20734	     10363	001000d8	02038c63	beq	x7,x0,100110	  x7:0x00000000  x0:0x00000000
          20738	     10365	00100110	00000513	addi	x10,x0,0	  x0:0x00000000 x10=0x00000000
          20742	     10367	00100114	00008067	jalr	x0,0(x1)	  x1:0x00101338  x0=0x00000000
          20744	     10368	00101338	000c0513	addi	x10,x24,0	 x24:0x00000008 x10=0x00000008
          20748	     10370	0010133c	de5fe0ef	jal	x1,100120	  x1=0x00101340
          20750	     10371	00100120	01c55793	srli	x15,x10,0x1c	 x10:0x00000008 x15=0x00000000
          20752	     10372	00100124	00900713	addi	x14,x0,9	  x0:0x00000000 x14=0x00000009
          20756	     10374	00100128	0cf77a63	bgeu	x14,x15,1001fc	 x14:0x00000009 x15:0x00000000
          20760	     10376	001001fc	03078393	addi	x7,x15,48	 x15:0x00000000  x7=0x00000030
          20762	     10377	00100200	000205b7	lui	x11,0x20	 x11=0x00020000
          20764	     10378	00100204	00451613	slli	x12,x10,0x4	 x10:0x00000008 x12=0x00000080
          20768	     10380	00100208	0075a023	sw	x7,0(x11)	 x11:0x00020000  x7:0x00000030 PA:0x00020000 store:0x00000030 load:0x00000000
          20770	     10381	0010020c	01c65693	srli	x13,x12,0x1c	 x12:0x00000080 x13=0x00000000
          20772	     10382	00100210	00900813	addi	x16,x0,9	  x0:0x00000000 x16=0x00000009
          20774	     10383	00100214	f2d86ae3	bltu	x16,x13,100148	 x16:0x00000009 x13:0x00000000
          20776	     10384	00100218	03068e93	addi	x29,x13,48	 x13:0x00000000 x29=0x00000030
          20778	     10385	0010021c	00020f37	lui	x30,0x20	 x30=0x00020000
          20780	     10386	00100220	00851f93	slli	x31,x10,0x8	 x10:0x00000008 x31=0x00000800
          20784	     10388	00100224	01df2023	sw	x29,0(x30)	 x30:0x00020000 x29:0x00000030 PA:0x00020000 store:0x00000030 load:0x00000000
          20786	     10389	00100228	01cfd793	srli	x15,x31,0x1c	 x31:0x00000800 x15=0x00000000
          20788	     10390	0010022c	00900713	addi	x14,x0,9	  x0:0x00000000 x14=0x00000009
          20790	     10391	00100230	f2f76ae3	bltu	x14,x15,100164	 x14:0x00000009 x15:0x00000000
          20792	     10392	00100234	03078393	addi	x7,x15,48	 x15:0x00000000  x7=0x00000030
          20794	     10393	00100238	000205b7	lui	x11,0x20	 x11=0x00020000
          20796	     10394	0010023c	00c51613	slli	x12,x10,0xc	 x10:0x00000008 x12=0x00008000
          20800	     10396	00100240	0075a023	sw	x7,0(x11)	 x11:0x00020000  x7:0x00000030 PA:0x00020000 store:0x00000030 load:0x00000000
          20802	     10397	00100244	01c65693	srli	x13,x12,0x1c	 x12:0x00008000 x13=0x00000000
          20804	     10398	00100248	00900813	addi	x16,x0,9	  x0:0x00000000 x16=0x00000009
          20806	     10399	0010024c	f2d86ae3	bltu	x16,x13,100180	 x16:0x00000009 x13:0x00000000
          20808	     10400	00100250	03068e93	addi	x29,x13,48	 x13:0x00000000 x29=0x00000030
          20810	     10401	00100254	00020f37	lui	x30,0x20	 x30=0x00020000
          20812	     10402	00100258	01051f93	slli	x31,x10,0x10	 x10:0x00000008 x31=0x00080000
          20816	     10404	0010025c	01df2023	sw	x29,0(x30)	 x30:0x00020000 x29:0x00000030 PA:0x00020000 store:0x00000030 load:0x00000000
          20818	     10405	00100260	01cfd793	srli	x15,x31,0x1c	 x31:0x00080000 x15=0x00000000
          20820	     10406	00100264	00900713	addi	x14,x0,9	  x0:0x00000000 x14=0x00000009
          20822	     10407	00100268	f2f76ae3	bltu	x14,x15,10019c	 x14:0x00000009 x15:0x00000000
          20824	     10408	0010026c	03078393	addi	x7,x15,48	 x15:0x00000000  x7=0x00000030
          20826	     10409	00100270	000205b7	lui	x11,0x20	 x11=0x00020000
          20828	     10410	00100274	01451613	slli	x12,x10,0x14	 x10:0x00000008 x12=0x00800000
          20832	     10412	00100278	0075a023	sw	x7,0(x11)	 x11:0x00020000  x7:0x00000030 PA:0x00020000 store:0x00000030 load:0x00000000
          20834	     10413	0010027c	01c65693	srli	x13,x12,0x1c	 x12:0x00800000 x13=0x00000000
          20836	     10414	00100280	00900813	addi	x16,x0,9	  x0:0x00000000 x16=0x00000009
          20838	     10415	00100284	f2d86ae3	bltu	x16,x13,1001b8	 x16:0x00000009 x13:0x00000000
          20840	     10416	00100288	03068e93	addi	x29,x13,48	 x13:0x00000000 x29=0x00000030
          20842	     10417	0010028c	00020f37	lui	x30,0x20	 x30=0x00020000
          20844	     10418	00100290	01851f93	slli	x31,x10,0x18	 x10:0x00000008 x31=0x08000000
          20848	     10420	00100294	01df2023	sw	x29,0(x30)	 x30:0x00020000 x29:0x00000030 PA:0x00020000 store:0x00000030 load:0x00000000
          20850	     10421	00100298	01cfd793	srli	x15,x31,0x1c	 x31:0x08000000 x15=0x00000000
          20852	     10422	0010029c	00900713	addi	x14,x0,9	  x0:0x00000000 x14=0x00000009
          20854	     10423	001002a0	f2f76ae3	bltu	x14,x15,1001d4	 x14:0x00000009 x15:0x00000000
          20856	     10424	001002a4	03078393	addi	x7,x15,48	 x15:0x00000000  x7=0x00000030
          20858	     10425	001002a8	000205b7	lui	x11,0x20	 x11=0x00020000
          20862	     10427	001002ac	0075a023	sw	x7,0(x11)	 x11:0x00020000  x7:0x00000030 PA:0x00020000 store:0x00000030 load:0x00000000
          20864	     10428	001002b0	00f57513	andi	x10,x10,15	 x10:0x00000008 x10=0x00000008
          20866	     10429	001002b4	00900613	addi	x12,x0,9	  x0:0x00000000 x12=0x00000009
          20870	     10431	001002b8	f2a67ae3	bgeu	x12,x10,1001ec	 x12:0x00000009 x10:0x00000008
          20874	     10433	001001ec	03050893	addi	x17,x10,48	 x10:0x00000008 x17=0x00000038
          20876	     10434	001001f0	00020e37	lui	x28,0x20	 x28=0x00020000
          20880	     10436	001001f4	011e2023	sw	x17,0(x28)	 x28:0x00020000 x17:0x00000038 PA:0x00020000 store:0x00000038 load:0x00000000
          20884	     10438	001001f8	00008067	jalr	x0,0(x1)	  x1:0x00101340  x0=0x00000000
          20886	     10439	00101340	a18b0513	addi	x10,x22,-1512	 x22:0x00102000 x10=0x00101a18
          20890	     10441	00101344	d5dfe0ef	jal	x1,1000a0	  x1=0x00101348
          20894	     10443	001000a0	00054803	lbu	x16,0(x10)	 x10:0x00101a18 x16=0x00000020 PA:0x00101a18 store:0x00000000
          20896	     10444	001000a4	06080663	beq	x16,x0,100110	 x16:0x00000020  x0:0x00000000
          20898	     10445	001000a8	000207b7	lui	x15,0x20	 x15=0x00020000
          20902	     10447	001000ac	0107a023	sw	x16,0(x15)	 x15:0x00020000 x16:0x00000020 PA:0x00020000 store:0x00000020 load:0x00000000
          20906	     10449	001000b0	00154703	lbu	x14,1(x10)	 x10:0x00101a18 x14=0x00000072 PA:0x00101a19 store:0x00101348
          20908	     10450	001000b4	04070e63	beq	x14,x0,100110	 x14:0x00000072  x0:0x00000000
          20912	     10452	001000b8	00e7a023	sw	x14,0(x15)	 x15:0x00020000 x14:0x00000072 PA:0x00020000 store:0x00000072 load:0x00000000
          20916	     10454	001000bc	00254283	lbu	x5,2(x10)	 x10:0x00101a18  x5=0x00000065 PA:0x00101a1a store:0x00137fa0
          20918	     10455	001000c0	04028863	beq	x5,x0,100110	  x5:0x00000065  x0:0x00000000
          20922	     10457	001000c4	0057a023	sw	x5,0(x15)	 x15:0x00020000  x5:0x00000065 PA:0x00020000 store:0x00000065 load:0x00000000
          20926	     10459	001000c8	00354303	lbu	x6,3(x10)	 x10:0x00101a18  x6=0x00000073 PA:0x00101a1b store:0x00000000
          20928	     10460	001000cc	04030263	beq	x6,x0,100110	  x6:0x00000073  x0:0x00000000
          20932	     10462	001000d0	0067a023	sw	x6,0(x15)	 x15:0x00020000  x6:0x00000073 PA:0x00020000 store:0x00000073 load:0x00000000
          20936	     10464	001000d4	00454383	lbu	x7,4(x10)	 x10:0x00101a18  x7=0x00000075 PA:0x00101a1c store:0x00000000
          20938	     10465	001000d8	02038c63	beq	x7,x0,100110	  x7:0x00000075  x0:0x00000000
          20942	     10467	001000dc	0077a023	sw	x7,0(x15)	 x15:0x00020000  x7:0x00000075 PA:0x00020000 store:0x00000075 load:0x00000000
          20946	     10469	001000e0	00554583	lbu	x11,5(x10)	 x10:0x00101a18 x11=0x0000006c PA:0x00101a1d store:0x00000065
          20948	     10470	001000e4	02058663	beq	x11,x0,100110	 x11:0x0000006c  x0:0x00000000
          20952	     10472	001000e8	00b7a023	sw	x11,0(x15)	 x15:0x00020000 x11:0x0000006c PA:0x00020000 store:0x0000006c load:0x00000000
          20956	     10474	001000ec	00654603	lbu	x12,6(x10)	 x10:0x00101a18 x12=0x00000074 PA:0x00101a1e store:0x00000073
          20958	     10475	001000f0	02060063	beq	x12,x0,100110	 x12:0x00000074  x0:0x00000000
          20962	     10477	001000f4	00c7a023	sw	x12,0(x15)	 x15:0x00020000 x12:0x00000074 PA:0x00020000 store:0x00000074 load:0x00000000
          20966	     10479	001000f8	00754683	lbu	x13,7(x10)	 x10:0x00101a18 x13=0x0000003a PA:0x00101a1f store:0x00000075
          20968	     10480	001000fc	00850513	addi	x10,x10,8	 x10:0x00101a18 x10=0x00101a20
          20970	     10481	00100100	00068863	beq	x13,x0,100110	 x13:0x0000003a  x0:0x00000000
          20974	     10483	00100104	00d7a023	sw	x13,0(x15)	 x15:0x00020000 x13:0x0000003a PA:0x00020000 store:0x0000003a load:0x00000000
          20978	     10485	00100108	00054803	lbu	x16,0(x10)	 x10:0x00101a20 x16=0x00000020 PA:0x00101a20 store:0x00000000
          20982	     10487	0010010c	fa0810e3	bne	x16,x0,1000ac	 x16:0x00000020  x0:0x00000000
          20988	     10490	001000ac	0107a023	sw	x16,0(x15)	 x15:0x00020000 x16:0x00000020 PA:0x00020000 store:0x00000020 load:0x00000000
          20992	     10492	001000b0	00154703	lbu	x14,1(x10)	 x10:0x00101a20 x14=0x00000000 PA:0x00101a21 store:0x00101348
          20996	     10494	001000b4	04070e63	beq	x14,x0,100110	 x14:0x00000000  x0:0x00000000
          21000	     10496	00100110	00000513	addi	x10,x0,0	  x0:0x00000000 x10=0x00000000
          21004	     10498	00100114	00008067	jalr	x0,0(x1)	  x1:0x00101348  x0=0x00000000
          21008	     10500	00101348	cf8a2503	lw	x10,-776(x20)	 x20:0x00102000 x10=0x3f818cf4 PA:0x00101cf8 store:0x00000008
          21010	     10501	0010134c	001c0d93	addi	x27,x24,1	 x24:0x00000008 x27=0x00000009
          21014	     10503	00101350	dd1fe0ef	jal	x1,100120	  x1=0x00101354
          21016	     10504	00100120	01c55793	srli	x15,x10,0x1c	 x10:0x3f818cf4 x15=0x00000003
          21018	     10505	00100124	00900713	addi	x14,x0,9	  x0:0x00000000 x14=0x00000009
          21022	     10507	00100128	0cf77a63	bgeu	x14,x15,1001fc	 x14:0x00000009 x15:0x00000003
          21026	     10509	001001fc	03078393	addi	x7,x15,48	 x15:0x00000003  x7=0x00000033
          21028	     10510	00100200	000205b7	lui	x11,0x20	 x11=0x00020000
          21030	     10511	00100204	00451613	slli	x12,x10,0x4	 x10:0x3f818cf4 x12=0xf818cf40
          21034	     10513	00100208	0075a023	sw	x7,0(x11)	 x11:0x00020000  x7:0x00000033 PA:0x00020000 store:0x00000033 load:0x00000000
          21036	     10514	0010020c	01c65693	srli	x13,x12,0x1c	 x12:0xf818cf40 x13=0x0000000f
          21038	     10515	00100210	00900813	addi	x16,x0,9	  x0:0x00000000 x16=0x00000009
          21042	     10517	00100214	f2d86ae3	bltu	x16,x13,100148	 x16:0x00000009 x13:0x0000000f
          21046	     10519	00100148	03768893	addi	x17,x13,55	 x13:0x0000000f x17=0x00000046
          21048	     10520	0010014c	00020e37	lui	x28,0x20	 x28=0x00020000
          21050	     10521	00100150	00851f93	slli	x31,x10,0x8	 x10:0x3f818cf4 x31=0x818cf400
          21054	     10523	00100154	011e2023	sw	x17,0(x28)	 x28:0x00020000 x17:0x00000046 PA:0x00020000 store:0x00000046 load:0x00000000
          21056	     10524	00100158	01cfd793	srli	x15,x31,0x1c	 x31:0x818cf400 x15=0x00000008
          21058	     10525	0010015c	00900713	addi	x14,x0,9	  x0:0x00000000 x14=0x00000009
          21062	     10527	00100160	0cf77a63	bgeu	x14,x15,100234	 x14:0x00000009 x15:0x00000008
          21066	     10529	00100234	03078393	addi	x7,x15,48	 x15:0x00000008  x7=0x00000038
          21068	     10530	00100238	000205b7	lui	x11,0x20	 x11=0x00020000
          21070	     10531	0010023c	00c51613	slli	x12,x10,0xc	 x10:0x3f818cf4 x12=0x18cf4000
          21074	     10533	00100240	0075a023	sw	x7,0(x11)	 x11:0x00020000  x7:0x00000038 PA:0x00020000 store:0x00000038 load:0x00000000
          21076	     10534	00100244	01c65693	srli	x13,x12,0x1c	 x12:0x18cf4000 x13=0x00000001
          21078	     10535	00100248	00900813	addi	x16,x0,9	  x0:0x00000000 x16=0x00000009
          21080	     10536	0010024c	f2d86ae3	bltu	x16,x13,100180	 x16:0x00000009 x13:0x00000001
          21082	     10537	00100250	03068e93	addi	x29,x13,48	 x13:0x00000001 x29=0x00000031
          21084	     10538	00100254	00020f37	lui	x30,0x20	 x30=0x00020000
          21086	     10539	00100258	01051f93	slli	x31,x10,0x10	 x10:0x3f818cf4 x31=0x8cf40000
          21090	     10541	0010025c	01df2023	sw	x29,0(x30)	 x30:0x00020000 x29:0x00000031 PA:0x00020000 store:0x00000031 load:0x00000000
          21092	     10542	00100260	01cfd793	srli	x15,x31,0x1c	 x31:0x8cf40000 x15=0x00000008
          21094	     10543	00100264	00900713	addi	x14,x0,9	  x0:0x00000000 x14=0x00000009
          21096	     10544	00100268	f2f76ae3	bltu	x14,x15,10019c	 x14:0x00000009 x15:0x00000008
          21098	     10545	0010026c	03078393	addi	x7,x15,48	 x15:0x00000008  x7=0x00000038
          21100	     10546	00100270	000205b7	lui	x11,0x20	 x11=0x00020000
          21102	     10547	00100274	01451613	slli	x12,x10,0x14	 x10:0x3f818cf4 x12=0xcf400000
          21106	     10549	00100278	0075a023	sw	x7,0(x11)	 x11:0x00020000  x7:0x00000038 PA:0x00020000 store:0x00000038 load:0x00000000
          21108	     10550	0010027c	01c65693	srli	x13,x12,0x1c	 x12:0xcf400000 x13=0x0000000c
          21110	     10551	00100280	00900813	addi	x16,x0,9	  x0:0x00000000 x16=0x00000009
          21114	     10553	00100284	f2d86ae3	bltu	x16,x13,1001b8	 x16:0x00000009 x13:0x0000000c
          21118	     10555	001001b8	03768893	addi	x17,x13,55	 x13:0x0000000c x17=0x00000043
          21120	     10556	001001bc	00020e37	lui	x28,0x20	 x28=0x00020000
          21122	     10557	001001c0	01851f93	slli	x31,x10,0x18	 x10:0x3f818cf4 x31=0xf4000000
          21126	     10559	001001c4	011e2023	sw	x17,0(x28)	 x28:0x00020000 x17:0x00000043 PA:0x00020000 store:0x00000043 load:0x00000000
          21128	     10560	001001c8	01cfd793	srli	x15,x31,0x1c	 x31:0xf4000000 x15=0x0000000f
          21130	     10561	001001cc	00900713	addi	x14,x0,9	  x0:0x00000000 x14=0x00000009
          21132	     10562	001001d0	0cf77a63	bgeu	x14,x15,1002a4	 x14:0x00000009 x15:0x0000000f
          21134	     10563	001001d4	03778293	addi	x5,x15,55	 x15:0x0000000f  x5=0x00000046
          21136	     10564	001001d8	00020337	lui	x6,0x20	  x6=0x00020000
          21140	     10566	001001dc	00532023	sw	x5,0(x6)	  x6:0x00020000  x5:0x00000046 PA:0x00020000 store:0x00000046 load:0x00000000
          21142	     10567	001001e0	00f57513	andi	x10,x10,15	 x10:0x3f818cf4 x10=0x00000004
          21144	     10568	001001e4	00900613	addi	x12,x0,9	  x0:0x00000000 x12=0x00000009
          21146	     10569	001001e8	0ca66a63	bltu	x12,x10,1002bc	 x12:0x00000009 x10:0x00000004
          21148	     10570	001001ec	03050893	addi	x17,x10,48	 x10:0x00000004 x17=0x00000034
          21150	     10571	001001f0	00020e37	lui	x28,0x20	 x28=0x00020000
          21154	     10573	001001f4	011e2023	sw	x17,0(x28)	 x28:0x00020000 x17:0x00000034 PA:0x00020000 store:0x00000034 load:0x00000000
          21168	     10580	001001f8	00008067	jalr	x0,0(x1)	  x1:0x00101354  x0=0x00000000
          21170	     10581	00101354	d089a407	flw	f8,-760(x19)	 f19:0x00102000  f8=0x00000000 PA:0x00101d08 store:0x3f9b3246
          21190	     10591	00101358	580474d3	fsqrt.s	f9,f8	  f8:0x00102000  f9=0x00000000
          21198	     10595	0010135c	d099a427	fsw	f9,-760(x19)	 f19:0x00102000  f9:0x00102000 PA:0x00101d08 store:0x3f80c5e1 load:0x3f818cf4
          21206	     10599	00101360	d089a507	flw	f10,-760(x19)	 f19:0x00102000 f10=0x00000000 PA:0x00101d08 store:0x3f818cf4
          21212	     10602	00101364	a10a8513	addi	x10,x21,-1520	 x21:0x00102000 x10=0x00101a10
          21214	     10603	00101368	e0050753	fmv.x.w	x14,f10	 f10:0x00101a10 x14=0x3f80c5e1
          21216	     10604	0010136c	ceea2c23	sw	x14,-776(x20)	 x20:0x00102000 x14:0x3f80c5e1 PA:0x00101cf8 store:0x3f80c5e1 load:0x3f80c5e1
          21218	     10605	00101370	d31fe0ef	jal	x1,1000a0	  x1=0x00101374
          21222	     10607	001000a0	00054803	lbu	x16,0(x10)	 x10:0x00101a10 x16=0x0000000a PA:0x00101a10 store:0x00000000
          21224	     10608	001000a4	06080663	beq	x16,x0,100110	 x16:0x0000000a  x0:0x00000000
          21226	     10609	001000a8	000207b7	lui	x15,0x20	 x15=0x00020000
          21230	     10611	001000ac	0107a023	sw	x16,0(x15)	 x15:0x00020000 x16:0x0000000a PA:0x00020000 store:0x0000000a load:0x00000000
          21234	     10613	001000b0	00154703	lbu	x14,1(x10)	 x10:0x00101a10 x14=0x00000020 PA:0x00101a11 store:0x00101374
          21236	     10614	001000b4	04070e63	beq	x14,x0,100110	 x14:0x00000020  x0:0x00000000
          21240	     10616	001000b8	00e7a023	sw	x14,0(x15)	 x15:0x00020000 x14:0x00000020 PA:0x00020000 store:0x00000020 load:0x00000000
          21244	     10618	001000bc	00254283	lbu	x5,2(x10)	 x10:0x00101a10  x5=0x00000069 PA:0x00101a12 store:0x00137fa0
          21246	     10619	001000c0	04028863	beq	x5,x0,100110	  x5:0x00000069  x0:0x00000000
          21250	     10621	001000c4	0057a023	sw	x5,0(x15)	 x15:0x00020000  x5:0x00000069 PA:0x00020000 store:0x00000069 load:0x00000000
          21254	     10623	001000c8	00354303	lbu	x6,3(x10)	 x10:0x00101a10  x6=0x0000003d PA:0x00101a13 store:0x00000000
          21256	     10624	001000cc	04030263	beq	x6,x0,100110	  x6:0x0000003d  x0:0x00000000
          21260	     10626	001000d0	0067a023	sw	x6,0(x15)	 x15:0x00020000  x6:0x0000003d PA:0x00020000 store:0x0000003d load:0x00000000
          21264	     10628	001000d4	00454383	lbu	x7,4(x10)	 x10:0x00101a10  x7=0x00000000 PA:0x00101a14 store:0x00000000
          21268	     10630	001000d8	02038c63	beq	x7,x0,100110	  x7:0x00000000  x0:0x00000000
          21272	     10632	00100110	00000513	addi	x10,x0,0	  x0:0x00000000 x10=0x00000000
          21276	     10634	00100114	00008067	jalr	x0,0(x1)	  x1:0x00101374  x0=0x00000000
          21278	     10635	00101374	000d8513	addi	x10,x27,0	 x27:0x00000009 x10=0x00000009
          21282	     10637	00101378	da9fe0ef	jal	x1,100120	  x1=0x0010137c
          21284	     10638	00100120	01c55793	srli	x15,x10,0x1c	 x10:0x00000009 x15=0x00000000
          21286	     10639	00100124	00900713	addi	x14,x0,9	  x0:0x00000000 x14=0x00000009
          21290	     10641	00100128	0cf77a63	bgeu	x14,x15,1001fc	 x14:0x00000009 x15:0x00000000
          21294	     10643	001001fc	03078393	addi	x7,x15,48	 x15:0x00000000  x7=0x00000030
          21296	     10644	00100200	000205b7	lui	x11,0x20	 x11=0x00020000
          21298	     10645	00100204	00451613	slli	x12,x10,0x4	 x10:0x00000009 x12=0x00000090
          21302	     10647	00100208	0075a023	sw	x7,0(x11)	 x11:0x00020000  x7:0x00000030 PA:0x00020000 store:0x00000030 load:0x00000000
          21304	     10648	0010020c	01c65693	srli	x13,x12,0x1c	 x12:0x00000090 x13=0x00000000
          21306	     10649	00100210	00900813	addi	x16,x0,9	  x0:0x00000000 x16=0x00000009
          21308	     10650	00100214	f2d86ae3	bltu	x16,x13,100148	 x16:0x00000009 x13:0x00000000
          21310	     10651	00100218	03068e93	addi	x29,x13,48	 x13:0x00000000 x29=0x00000030
          21312	     10652	0010021c	00020f37	lui	x30,0x20	 x30=0x00020000
          21314	     10653	00100220	00851f93	slli	x31,x10,0x8	 x10:0x00000009 x31=0x00000900
          21318	     10655	00100224	01df2023	sw	x29,0(x30)	 x30:0x00020000 x29:0x00000030 PA:0x00020000 store:0x00000030 load:0x00000000
          21320	     10656	00100228	01cfd793	srli	x15,x31,0x1c	 x31:0x00000900 x15=0x00000000
          21322	     10657	0010022c	00900713	addi	x14,x0,9	  x0:0x00000000 x14=0x00000009
          21324	     10658	00100230	f2f76ae3	bltu	x14,x15,100164	 x14:0x00000009 x15:0x00000000
          21326	     10659	00100234	03078393	addi	x7,x15,48	 x15:0x00000000  x7=0x00000030
          21328	     10660	00100238	000205b7	lui	x11,0x20	 x11=0x00020000
          21330	     10661	0010023c	00c51613	slli	x12,x10,0xc	 x10:0x00000009 x12=0x00009000
          21334	     10663	00100240	0075a023	sw	x7,0(x11)	 x11:0x00020000  x7:0x00000030 PA:0x00020000 store:0x00000030 load:0x00000000
          21336	     10664	00100244	01c65693	srli	x13,x12,0x1c	 x12:0x00009000 x13=0x00000000
          21338	     10665	00100248	00900813	addi	x16,x0,9	  x0:0x00000000 x16=0x00000009
          21340	     10666	0010024c	f2d86ae3	bltu	x16,x13,100180	 x16:0x00000009 x13:0x00000000
          21342	     10667	00100250	03068e93	addi	x29,x13,48	 x13:0x00000000 x29=0x00000030
          21344	     10668	00100254	00020f37	lui	x30,0x20	 x30=0x00020000
          21346	     10669	00100258	01051f93	slli	x31,x10,0x10	 x10:0x00000009 x31=0x00090000
          21350	     10671	0010025c	01df2023	sw	x29,0(x30)	 x30:0x00020000 x29:0x00000030 PA:0x00020000 store:0x00000030 load:0x00000000
          21352	     10672	00100260	01cfd793	srli	x15,x31,0x1c	 x31:0x00090000 x15=0x00000000
          21354	     10673	00100264	00900713	addi	x14,x0,9	  x0:0x00000000 x14=0x00000009
          21356	     10674	00100268	f2f76ae3	bltu	x14,x15,10019c	 x14:0x00000009 x15:0x00000000
          21358	     10675	0010026c	03078393	addi	x7,x15,48	 x15:0x00000000  x7=0x00000030
          21360	     10676	00100270	000205b7	lui	x11,0x20	 x11=0x00020000
          21362	     10677	00100274	01451613	slli	x12,x10,0x14	 x10:0x00000009 x12=0x00900000
          21366	     10679	00100278	0075a023	sw	x7,0(x11)	 x11:0x00020000  x7:0x00000030 PA:0x00020000 store:0x00000030 load:0x00000000
          21368	     10680	0010027c	01c65693	srli	x13,x12,0x1c	 x12:0x00900000 x13=0x00000000
          21370	     10681	00100280	00900813	addi	x16,x0,9	  x0:0x00000000 x16=0x00000009
          21372	     10682	00100284	f2d86ae3	bltu	x16,x13,1001b8	 x16:0x00000009 x13:0x00000000
          21374	     10683	00100288	03068e93	addi	x29,x13,48	 x13:0x00000000 x29=0x00000030
          21376	     10684	0010028c	00020f37	lui	x30,0x20	 x30=0x00020000
          21378	     10685	00100290	01851f93	slli	x31,x10,0x18	 x10:0x00000009 x31=0x09000000
          21382	     10687	00100294	01df2023	sw	x29,0(x30)	 x30:0x00020000 x29:0x00000030 PA:0x00020000 store:0x00000030 load:0x00000000
          21384	     10688	00100298	01cfd793	srli	x15,x31,0x1c	 x31:0x09000000 x15=0x00000000
          21386	     10689	0010029c	00900713	addi	x14,x0,9	  x0:0x00000000 x14=0x00000009
          21388	     10690	001002a0	f2f76ae3	bltu	x14,x15,1001d4	 x14:0x00000009 x15:0x00000000
          21390	     10691	001002a4	03078393	addi	x7,x15,48	 x15:0x00000000  x7=0x00000030
          21392	     10692	001002a8	000205b7	lui	x11,0x20	 x11=0x00020000
          21396	     10694	001002ac	0075a023	sw	x7,0(x11)	 x11:0x00020000  x7:0x00000030 PA:0x00020000 store:0x00000030 load:0x00000000
          21398	     10695	001002b0	00f57513	andi	x10,x10,15	 x10:0x00000009 x10=0x00000009
          21400	     10696	001002b4	00900613	addi	x12,x0,9	  x0:0x00000000 x12=0x00000009
          21404	     10698	001002b8	f2a67ae3	bgeu	x12,x10,1001ec	 x12:0x00000009 x10:0x00000009
          21408	     10700	001001ec	03050893	addi	x17,x10,48	 x10:0x00000009 x17=0x00000039
          21410	     10701	001001f0	00020e37	lui	x28,0x20	 x28=0x00020000
          21414	     10703	001001f4	011e2023	sw	x17,0(x28)	 x28:0x00020000 x17:0x00000039 PA:0x00020000 store:0x00000039 load:0x00000000
          21418	     10705	001001f8	00008067	jalr	x0,0(x1)	  x1:0x0010137c  x0=0x00000000
          21420	     10706	0010137c	a18b0513	addi	x10,x22,-1512	 x22:0x00102000 x10=0x00101a18
          21424	     10708	00101380	d21fe0ef	jal	x1,1000a0	  x1=0x00101384
          21428	     10710	001000a0	00054803	lbu	x16,0(x10)	 x10:0x00101a18 x16=0x00000020 PA:0x00101a18 store:0x00000000
          21430	     10711	001000a4	06080663	beq	x16,x0,100110	 x16:0x00000020  x0:0x00000000
          21432	     10712	001000a8	000207b7	lui	x15,0x20	 x15=0x00020000
          21436	     10714	001000ac	0107a023	sw	x16,0(x15)	 x15:0x00020000 x16:0x00000020 PA:0x00020000 store:0x00000020 load:0x00000000
          21440	     10716	001000b0	00154703	lbu	x14,1(x10)	 x10:0x00101a18 x14=0x00000072 PA:0x00101a19 store:0x00101384
          21442	     10717	001000b4	04070e63	beq	x14,x0,100110	 x14:0x00000072  x0:0x00000000
          21446	     10719	001000b8	00e7a023	sw	x14,0(x15)	 x15:0x00020000 x14:0x00000072 PA:0x00020000 store:0x00000072 load:0x00000000
          21450	     10721	001000bc	00254283	lbu	x5,2(x10)	 x10:0x00101a18  x5=0x00000065 PA:0x00101a1a store:0x00137fa0
          21452	     10722	001000c0	04028863	beq	x5,x0,100110	  x5:0x00000065  x0:0x00000000
          21456	     10724	001000c4	0057a023	sw	x5,0(x15)	 x15:0x00020000  x5:0x00000065 PA:0x00020000 store:0x00000065 load:0x00000000
          21460	     10726	001000c8	00354303	lbu	x6,3(x10)	 x10:0x00101a18  x6=0x00000073 PA:0x00101a1b store:0x00000000
          21462	     10727	001000cc	04030263	beq	x6,x0,100110	  x6:0x00000073  x0:0x00000000
          21466	     10729	001000d0	0067a023	sw	x6,0(x15)	 x15:0x00020000  x6:0x00000073 PA:0x00020000 store:0x00000073 load:0x00000000
          21470	     10731	001000d4	00454383	lbu	x7,4(x10)	 x10:0x00101a18  x7=0x00000075 PA:0x00101a1c store:0x00000000
          21472	     10732	001000d8	02038c63	beq	x7,x0,100110	  x7:0x00000075  x0:0x00000000
          21476	     10734	001000dc	0077a023	sw	x7,0(x15)	 x15:0x00020000  x7:0x00000075 PA:0x00020000 store:0x00000075 load:0x00000000
          21480	     10736	001000e0	00554583	lbu	x11,5(x10)	 x10:0x00101a18 x11=0x0000006c PA:0x00101a1d store:0x00000065
          21482	     10737	001000e4	02058663	beq	x11,x0,100110	 x11:0x0000006c  x0:0x00000000
          21486	     10739	001000e8	00b7a023	sw	x11,0(x15)	 x15:0x00020000 x11:0x0000006c PA:0x00020000 store:0x0000006c load:0x00000000
          21490	     10741	001000ec	00654603	lbu	x12,6(x10)	 x10:0x00101a18 x12=0x00000074 PA:0x00101a1e store:0x00000073
          21492	     10742	001000f0	02060063	beq	x12,x0,100110	 x12:0x00000074  x0:0x00000000
          21496	     10744	001000f4	00c7a023	sw	x12,0(x15)	 x15:0x00020000 x12:0x00000074 PA:0x00020000 store:0x00000074 load:0x00000000
          21500	     10746	001000f8	00754683	lbu	x13,7(x10)	 x10:0x00101a18 x13=0x0000003a PA:0x00101a1f store:0x00000075
          21502	     10747	001000fc	00850513	addi	x10,x10,8	 x10:0x00101a18 x10=0x00101a20
          21504	     10748	00100100	00068863	beq	x13,x0,100110	 x13:0x0000003a  x0:0x00000000
          21508	     10750	00100104	00d7a023	sw	x13,0(x15)	 x15:0x00020000 x13:0x0000003a PA:0x00020000 store:0x0000003a load:0x00000000
          21512	     10752	00100108	00054803	lbu	x16,0(x10)	 x10:0x00101a20 x16=0x00000020 PA:0x00101a20 store:0x00000000
          21516	     10754	0010010c	fa0810e3	bne	x16,x0,1000ac	 x16:0x00000020  x0:0x00000000
          21522	     10757	001000ac	0107a023	sw	x16,0(x15)	 x15:0x00020000 x16:0x00000020 PA:0x00020000 store:0x00000020 load:0x00000000
          21526	     10759	001000b0	00154703	lbu	x14,1(x10)	 x10:0x00101a20 x14=0x00000000 PA:0x00101a21 store:0x00101384
          21530	     10761	001000b4	04070e63	beq	x14,x0,100110	 x14:0x00000000  x0:0x00000000
          21534	     10763	00100110	00000513	addi	x10,x0,0	  x0:0x00000000 x10=0x00000000
          21538	     10765	00100114	00008067	jalr	x0,0(x1)	  x1:0x00101384  x0=0x00000000
          21542	     10767	00101384	cf8a2503	lw	x10,-776(x20)	 x20:0x00102000 x10=0x3f80c5e1 PA:0x00101cf8 store:0x00000008
          21544	     10768	00101388	002c0d93	addi	x27,x24,2	 x24:0x00000008 x27=0x0000000a
          21548	     10770	0010138c	d95fe0ef	jal	x1,100120	  x1=0x00101390
          21550	     10771	00100120	01c55793	srli	x15,x10,0x1c	 x10:0x3f80c5e1 x15=0x00000003
          21552	     10772	00100124	00900713	addi	x14,x0,9	  x0:0x00000000 x14=0x00000009
          21556	     10774	00100128	0cf77a63	bgeu	x14,x15,1001fc	 x14:0x00000009 x15:0x00000003
          21560	     10776	001001fc	03078393	addi	x7,x15,48	 x15:0x00000003  x7=0x00000033
          21562	     10777	00100200	000205b7	lui	x11,0x20	 x11=0x00020000
          21564	     10778	00100204	00451613	slli	x12,x10,0x4	 x10:0x3f80c5e1 x12=0xf80c5e10
          21568	     10780	00100208	0075a023	sw	x7,0(x11)	 x11:0x00020000  x7:0x00000033 PA:0x00020000 store:0x00000033 load:0x00000000
          21570	     10781	0010020c	01c65693	srli	x13,x12,0x1c	 x12:0xf80c5e10 x13=0x0000000f
          21572	     10782	00100210	00900813	addi	x16,x0,9	  x0:0x00000000 x16=0x00000009
          21576	     10784	00100214	f2d86ae3	bltu	x16,x13,100148	 x16:0x00000009 x13:0x0000000f
          21580	     10786	00100148	03768893	addi	x17,x13,55	 x13:0x0000000f x17=0x00000046
          21582	     10787	0010014c	00020e37	lui	x28,0x20	 x28=0x00020000
          21584	     10788	00100150	00851f93	slli	x31,x10,0x8	 x10:0x3f80c5e1 x31=0x80c5e100
          21588	     10790	00100154	011e2023	sw	x17,0(x28)	 x28:0x00020000 x17:0x00000046 PA:0x00020000 store:0x00000046 load:0x00000000
          21590	     10791	00100158	01cfd793	srli	x15,x31,0x1c	 x31:0x80c5e100 x15=0x00000008
          21592	     10792	0010015c	00900713	addi	x14,x0,9	  x0:0x00000000 x14=0x00000009
          21596	     10794	00100160	0cf77a63	bgeu	x14,x15,100234	 x14:0x00000009 x15:0x00000008
          21600	     10796	00100234	03078393	addi	x7,x15,48	 x15:0x00000008  x7=0x00000038
          21602	     10797	00100238	000205b7	lui	x11,0x20	 x11=0x00020000
          21604	     10798	0010023c	00c51613	slli	x12,x10,0xc	 x10:0x3f80c5e1 x12=0x0c5e1000
          21608	     10800	00100240	0075a023	sw	x7,0(x11)	 x11:0x00020000  x7:0x00000038 PA:0x00020000 store:0x00000038 load:0x00000000
          21610	     10801	00100244	01c65693	srli	x13,x12,0x1c	 x12:0x0c5e1000 x13=0x00000000
          21612	     10802	00100248	00900813	addi	x16,x0,9	  x0:0x00000000 x16=0x00000009
          21614	     10803	0010024c	f2d86ae3	bltu	x16,x13,100180	 x16:0x00000009 x13:0x00000000
          21616	     10804	00100250	03068e93	addi	x29,x13,48	 x13:0x00000000 x29=0x00000030
          21618	     10805	00100254	00020f37	lui	x30,0x20	 x30=0x00020000
          21620	     10806	00100258	01051f93	slli	x31,x10,0x10	 x10:0x3f80c5e1 x31=0xc5e10000
          21624	     10808	0010025c	01df2023	sw	x29,0(x30)	 x30:0x00020000 x29:0x00000030 PA:0x00020000 store:0x00000030 load:0x00000000
          21626	     10809	00100260	01cfd793	srli	x15,x31,0x1c	 x31:0xc5e10000 x15=0x0000000c
          21628	     10810	00100264	00900713	addi	x14,x0,9	  x0:0x00000000 x14=0x00000009
          21632	     10812	00100268	f2f76ae3	bltu	x14,x15,10019c	 x14:0x00000009 x15:0x0000000c
          21636	     10814	0010019c	03778293	addi	x5,x15,55	 x15:0x0000000c  x5=0x00000043
          21638	     10815	001001a0	00020337	lui	x6,0x20	  x6=0x00020000
          21640	     10816	001001a4	01451613	slli	x12,x10,0x14	 x10:0x3f80c5e1 x12=0x5e100000
          21644	     10818	001001a8	00532023	sw	x5,0(x6)	  x6:0x00020000  x5:0x00000043 PA:0x00020000 store:0x00000043 load:0x00000000
          21646	     10819	001001ac	01c65693	srli	x13,x12,0x1c	 x12:0x5e100000 x13=0x00000005
          21648	     10820	001001b0	00900813	addi	x16,x0,9	  x0:0x00000000 x16=0x00000009
          21652	     10822	001001b4	0cd87a63	bgeu	x16,x13,100288	 x16:0x00000009 x13:0x00000005
          21656	     10824	00100288	03068e93	addi	x29,x13,48	 x13:0x00000005 x29=0x00000035
          21658	     10825	0010028c	00020f37	lui	x30,0x20	 x30=0x00020000
          21660	     10826	00100290	01851f93	slli	x31,x10,0x18	 x10:0x3f80c5e1 x31=0xe1000000
          21664	     10828	00100294	01df2023	sw	x29,0(x30)	 x30:0x00020000 x29:0x00000035 PA:0x00020000 store:0x00000035 load:0x00000000
          21666	     10829	00100298	01cfd793	srli	x15,x31,0x1c	 x31:0xe1000000 x15=0x0000000e
          21668	     10830	0010029c	00900713	addi	x14,x0,9	  x0:0x00000000 x14=0x00000009
          21672	     10832	001002a0	f2f76ae3	bltu	x14,x15,1001d4	 x14:0x00000009 x15:0x0000000e
          21676	     10834	001001d4	03778293	addi	x5,x15,55	 x15:0x0000000e  x5=0x00000045
          21678	     10835	001001d8	00020337	lui	x6,0x20	  x6=0x00020000
          21682	     10837	001001dc	00532023	sw	x5,0(x6)	  x6:0x00020000  x5:0x00000045 PA:0x00020000 store:0x00000045 load:0x00000000
          21684	     10838	001001e0	00f57513	andi	x10,x10,15	 x10:0x3f80c5e1 x10=0x00000001
          21686	     10839	001001e4	00900613	addi	x12,x0,9	  x0:0x00000000 x12=0x00000009
          21688	     10840	001001e8	0ca66a63	bltu	x12,x10,1002bc	 x12:0x00000009 x10:0x00000001
          21690	     10841	001001ec	03050893	addi	x17,x10,48	 x10:0x00000001 x17=0x00000031
          21692	     10842	001001f0	00020e37	lui	x28,0x20	 x28=0x00020000
          21696	     10844	001001f4	011e2023	sw	x17,0(x28)	 x28:0x00020000 x17:0x00000031 PA:0x00020000 store:0x00000031 load:0x00000000
          21710	     10851	001001f8	00008067	jalr	x0,0(x1)	  x1:0x00101390  x0=0x00000000
          21712	     10852	00101390	d089a807	flw	f16,-760(x19)	 f19:0x00102000 f16=0x00000000 PA:0x00101d08 store:0x3f818cf4
          21734	     10863	00101394	a10a8513	addi	x10,x21,-1520	 x21:0x00102000 x10=0x00101a10
          21736	     10864	00101398	580878d3	fsqrt.s	f17,f16	 f16:0x00000009 f17=0x00000000
          21742	     10867	0010139c	d119a427	fsw	f17,-760(x19)	 f19:0x00102000 f17:0x00000031 PA:0x00101d08 store:0x3f8062ca load:0x3f80c5e1
          21750	     10871	001013a0	d089a907	flw	f18,-760(x19)	 f19:0x00102000 f18=0x00000000 PA:0x00101d08 store:0x3f818cf4
          21756	     10874	001013a4	e00907d3	fmv.x.w	x15,f18	 f18:0x00102000 x15=0x3f8062ca
          21758	     10875	001013a8	cefa2c23	sw	x15,-776(x20)	 x20:0x00102000 x15:0x3f8062ca PA:0x00101cf8 store:0x3f8062ca load:0x3f8062ca
          21762	     10877	001013ac	cf5fe0ef	jal	x1,1000a0	  x1=0x001013b0
          21766	     10879	001000a0	00054803	lbu	x16,0(x10)	 x10:0x00101a10 x16=0x0000000a PA:0x00101a10 store:0x00000000
          21768	     10880	001000a4	06080663	beq	x16,x0,100110	 x16:0x0000000a  x0:0x00000000
          21770	     10881	001000a8	000207b7	lui	x15,0x20	 x15=0x00020000
          21774	     10883	001000ac	0107a023	sw	x16,0(x15)	 x15:0x00020000 x16:0x0000000a PA:0x00020000 store:0x0000000a load:0x00000000
          21778	     10885	001000b0	00154703	lbu	x14,1(x10)	 x10:0x00101a10 x14=0x00000020 PA:0x00101a11 store:0x001013b0
          21780	     10886	001000b4	04070e63	beq	x14,x0,100110	 x14:0x00000020  x0:0x00000000
          21784	     10888	001000b8	00e7a023	sw	x14,0(x15)	 x15:0x00020000 x14:0x00000020 PA:0x00020000 store:0x00000020 load:0x00000000
          21788	     10890	001000bc	00254283	lbu	x5,2(x10)	 x10:0x00101a10  x5=0x00000069 PA:0x00101a12 store:0x00137fa0
          21790	     10891	001000c0	04028863	beq	x5,x0,100110	  x5:0x00000069  x0:0x00000000
          21794	     10893	001000c4	0057a023	sw	x5,0(x15)	 x15:0x00020000  x5:0x00000069 PA:0x00020000 store:0x00000069 load:0x00000000
          21798	     10895	001000c8	00354303	lbu	x6,3(x10)	 x10:0x00101a10  x6=0x0000003d PA:0x00101a13 store:0x00000000
          21800	     10896	001000cc	04030263	beq	x6,x0,100110	  x6:0x0000003d  x0:0x00000000
          21804	     10898	001000d0	0067a023	sw	x6,0(x15)	 x15:0x00020000  x6:0x0000003d PA:0x00020000 store:0x0000003d load:0x00000000
          21808	     10900	001000d4	00454383	lbu	x7,4(x10)	 x10:0x00101a10  x7=0x00000000 PA:0x00101a14 store:0x00000000
          21812	     10902	001000d8	02038c63	beq	x7,x0,100110	  x7:0x00000000  x0:0x00000000
          21816	     10904	00100110	00000513	addi	x10,x0,0	  x0:0x00000000 x10=0x00000000
          21820	     10906	00100114	00008067	jalr	x0,0(x1)	  x1:0x001013b0  x0=0x00000000
          21822	     10907	001013b0	000d8513	addi	x10,x27,0	 x27:0x0000000a x10=0x0000000a
          21826	     10909	001013b4	d6dfe0ef	jal	x1,100120	  x1=0x001013b8
          21828	     10910	00100120	01c55793	srli	x15,x10,0x1c	 x10:0x0000000a x15=0x00000000
          21830	     10911	00100124	00900713	addi	x14,x0,9	  x0:0x00000000 x14=0x00000009
          21834	     10913	00100128	0cf77a63	bgeu	x14,x15,1001fc	 x14:0x00000009 x15:0x00000000
          21838	     10915	001001fc	03078393	addi	x7,x15,48	 x15:0x00000000  x7=0x00000030
          21840	     10916	00100200	000205b7	lui	x11,0x20	 x11=0x00020000
          21842	     10917	00100204	00451613	slli	x12,x10,0x4	 x10:0x0000000a x12=0x000000a0
          21846	     10919	00100208	0075a023	sw	x7,0(x11)	 x11:0x00020000  x7:0x00000030 PA:0x00020000 store:0x00000030 load:0x00000000
          21848	     10920	0010020c	01c65693	srli	x13,x12,0x1c	 x12:0x000000a0 x13=0x00000000
          21850	     10921	00100210	00900813	addi	x16,x0,9	  x0:0x00000000 x16=0x00000009
          21852	     10922	00100214	f2d86ae3	bltu	x16,x13,100148	 x16:0x00000009 x13:0x00000000
          21854	     10923	00100218	03068e93	addi	x29,x13,48	 x13:0x00000000 x29=0x00000030
          21856	     10924	0010021c	00020f37	lui	x30,0x20	 x30=0x00020000
          21858	     10925	00100220	00851f93	slli	x31,x10,0x8	 x10:0x0000000a x31=0x00000a00
          21862	     10927	00100224	01df2023	sw	x29,0(x30)	 x30:0x00020000 x29:0x00000030 PA:0x00020000 store:0x00000030 load:0x00000000
          21864	     10928	00100228	01cfd793	srli	x15,x31,0x1c	 x31:0x00000a00 x15=0x00000000
          21866	     10929	0010022c	00900713	addi	x14,x0,9	  x0:0x00000000 x14=0x00000009
          21868	     10930	00100230	f2f76ae3	bltu	x14,x15,100164	 x14:0x00000009 x15:0x00000000
          21870	     10931	00100234	03078393	addi	x7,x15,48	 x15:0x00000000  x7=0x00000030
          21872	     10932	00100238	000205b7	lui	x11,0x20	 x11=0x00020000
          21874	     10933	0010023c	00c51613	slli	x12,x10,0xc	 x10:0x0000000a x12=0x0000a000
          21878	     10935	00100240	0075a023	sw	x7,0(x11)	 x11:0x00020000  x7:0x00000030 PA:0x00020000 store:0x00000030 load:0x00000000
          21880	     10936	00100244	01c65693	srli	x13,x12,0x1c	 x12:0x0000a000 x13=0x00000000
          21882	     10937	00100248	00900813	addi	x16,x0,9	  x0:0x00000000 x16=0x00000009
          21884	     10938	0010024c	f2d86ae3	bltu	x16,x13,100180	 x16:0x00000009 x13:0x00000000
          21886	     10939	00100250	03068e93	addi	x29,x13,48	 x13:0x00000000 x29=0x00000030
          21888	     10940	00100254	00020f37	lui	x30,0x20	 x30=0x00020000
          21890	     10941	00100258	01051f93	slli	x31,x10,0x10	 x10:0x0000000a x31=0x000a0000
          21894	     10943	0010025c	01df2023	sw	x29,0(x30)	 x30:0x00020000 x29:0x00000030 PA:0x00020000 store:0x00000030 load:0x00000000
          21896	     10944	00100260	01cfd793	srli	x15,x31,0x1c	 x31:0x000a0000 x15=0x00000000
          21898	     10945	00100264	00900713	addi	x14,x0,9	  x0:0x00000000 x14=0x00000009
          21900	     10946	00100268	f2f76ae3	bltu	x14,x15,10019c	 x14:0x00000009 x15:0x00000000
          21902	     10947	0010026c	03078393	addi	x7,x15,48	 x15:0x00000000  x7=0x00000030
          21904	     10948	00100270	000205b7	lui	x11,0x20	 x11=0x00020000
          21906	     10949	00100274	01451613	slli	x12,x10,0x14	 x10:0x0000000a x12=0x00a00000
          21910	     10951	00100278	0075a023	sw	x7,0(x11)	 x11:0x00020000  x7:0x00000030 PA:0x00020000 store:0x00000030 load:0x00000000
          21912	     10952	0010027c	01c65693	srli	x13,x12,0x1c	 x12:0x00a00000 x13=0x00000000
          21914	     10953	00100280	00900813	addi	x16,x0,9	  x0:0x00000000 x16=0x00000009
          21916	     10954	00100284	f2d86ae3	bltu	x16,x13,1001b8	 x16:0x00000009 x13:0x00000000
          21918	     10955	00100288	03068e93	addi	x29,x13,48	 x13:0x00000000 x29=0x00000030
          21920	     10956	0010028c	00020f37	lui	x30,0x20	 x30=0x00020000
          21922	     10957	00100290	01851f93	slli	x31,x10,0x18	 x10:0x0000000a x31=0x0a000000
          21926	     10959	00100294	01df2023	sw	x29,0(x30)	 x30:0x00020000 x29:0x00000030 PA:0x00020000 store:0x00000030 load:0x00000000
          21928	     10960	00100298	01cfd793	srli	x15,x31,0x1c	 x31:0x0a000000 x15=0x00000000
          21930	     10961	0010029c	00900713	addi	x14,x0,9	  x0:0x00000000 x14=0x00000009
          21932	     10962	001002a0	f2f76ae3	bltu	x14,x15,1001d4	 x14:0x00000009 x15:0x00000000
          21934	     10963	001002a4	03078393	addi	x7,x15,48	 x15:0x00000000  x7=0x00000030
          21936	     10964	001002a8	000205b7	lui	x11,0x20	 x11=0x00020000
          21940	     10966	001002ac	0075a023	sw	x7,0(x11)	 x11:0x00020000  x7:0x00000030 PA:0x00020000 store:0x00000030 load:0x00000000
          21942	     10967	001002b0	00f57513	andi	x10,x10,15	 x10:0x0000000a x10=0x0000000a
          21944	     10968	001002b4	00900613	addi	x12,x0,9	  x0:0x00000000 x12=0x00000009
          21946	     10969	001002b8	f2a67ae3	bgeu	x12,x10,1001ec	 x12:0x00000009 x10:0x0000000a
          21948	     10970	001002bc	03750693	addi	x13,x10,55	 x10:0x0000000a x13=0x00000041
          21950	     10971	001002c0	00020837	lui	x16,0x20	 x16=0x00020000
          21954	     10973	001002c4	00d82023	sw	x13,0(x16)	 x16:0x00020000 x13:0x00000041 PA:0x00020000 store:0x00000041 load:0x00000000
          21958	     10975	001002c8	00008067	jalr	x0,0(x1)	  x1:0x001013b8  x0=0x00000000
          21960	     10976	001013b8	a18b0513	addi	x10,x22,-1512	 x22:0x00102000 x10=0x00101a18
          21964	     10978	001013bc	ce5fe0ef	jal	x1,1000a0	  x1=0x001013c0
          21968	     10980	001000a0	00054803	lbu	x16,0(x10)	 x10:0x00101a18 x16=0x00000020 PA:0x00101a18 store:0x00000000
          21970	     10981	001000a4	06080663	beq	x16,x0,100110	 x16:0x00000020  x0:0x00000000
          21972	     10982	001000a8	000207b7	lui	x15,0x20	 x15=0x00020000
          21976	     10984	001000ac	0107a023	sw	x16,0(x15)	 x15:0x00020000 x16:0x00000020 PA:0x00020000 store:0x00000020 load:0x00000000
          21980	     10986	001000b0	00154703	lbu	x14,1(x10)	 x10:0x00101a18 x14=0x00000072 PA:0x00101a19 store:0x001013c0
          21982	     10987	001000b4	04070e63	beq	x14,x0,100110	 x14:0x00000072  x0:0x00000000
          21986	     10989	001000b8	00e7a023	sw	x14,0(x15)	 x15:0x00020000 x14:0x00000072 PA:0x00020000 store:0x00000072 load:0x00000000
          21990	     10991	001000bc	00254283	lbu	x5,2(x10)	 x10:0x00101a18  x5=0x00000065 PA:0x00101a1a store:0x00137fa0
          21992	     10992	001000c0	04028863	beq	x5,x0,100110	  x5:0x00000065  x0:0x00000000
          21996	     10994	001000c4	0057a023	sw	x5,0(x15)	 x15:0x00020000  x5:0x00000065 PA:0x00020000 store:0x00000065 load:0x00000000
          22000	     10996	001000c8	00354303	lbu	x6,3(x10)	 x10:0x00101a18  x6=0x00000073 PA:0x00101a1b store:0x00000000
          22002	     10997	001000cc	04030263	beq	x6,x0,100110	  x6:0x00000073  x0:0x00000000
          22006	     10999	001000d0	0067a023	sw	x6,0(x15)	 x15:0x00020000  x6:0x00000073 PA:0x00020000 store:0x00000073 load:0x00000000
          22010	     11001	001000d4	00454383	lbu	x7,4(x10)	 x10:0x00101a18  x7=0x00000075 PA:0x00101a1c store:0x00000000
          22012	     11002	001000d8	02038c63	beq	x7,x0,100110	  x7:0x00000075  x0:0x00000000
          22016	     11004	001000dc	0077a023	sw	x7,0(x15)	 x15:0x00020000  x7:0x00000075 PA:0x00020000 store:0x00000075 load:0x00000000
          22020	     11006	001000e0	00554583	lbu	x11,5(x10)	 x10:0x00101a18 x11=0x0000006c PA:0x00101a1d store:0x00000065
          22022	     11007	001000e4	02058663	beq	x11,x0,100110	 x11:0x0000006c  x0:0x00000000
          22026	     11009	001000e8	00b7a023	sw	x11,0(x15)	 x15:0x00020000 x11:0x0000006c PA:0x00020000 store:0x0000006c load:0x00000000
          22030	     11011	001000ec	00654603	lbu	x12,6(x10)	 x10:0x00101a18 x12=0x00000074 PA:0x00101a1e store:0x00000073
          22032	     11012	001000f0	02060063	beq	x12,x0,100110	 x12:0x00000074  x0:0x00000000
          22036	     11014	001000f4	00c7a023	sw	x12,0(x15)	 x15:0x00020000 x12:0x00000074 PA:0x00020000 store:0x00000074 load:0x00000000
          22040	     11016	001000f8	00754683	lbu	x13,7(x10)	 x10:0x00101a18 x13=0x0000003a PA:0x00101a1f store:0x00000075
          22042	     11017	001000fc	00850513	addi	x10,x10,8	 x10:0x00101a18 x10=0x00101a20
          22044	     11018	00100100	00068863	beq	x13,x0,100110	 x13:0x0000003a  x0:0x00000000
          22048	     11020	00100104	00d7a023	sw	x13,0(x15)	 x15:0x00020000 x13:0x0000003a PA:0x00020000 store:0x0000003a load:0x00000000
          22052	     11022	00100108	00054803	lbu	x16,0(x10)	 x10:0x00101a20 x16=0x00000020 PA:0x00101a20 store:0x00000000
          22056	     11024	0010010c	fa0810e3	bne	x16,x0,1000ac	 x16:0x00000020  x0:0x00000000
          22062	     11027	001000ac	0107a023	sw	x16,0(x15)	 x15:0x00020000 x16:0x00000020 PA:0x00020000 store:0x00000020 load:0x00000000
          22066	     11029	001000b0	00154703	lbu	x14,1(x10)	 x10:0x00101a20 x14=0x00000000 PA:0x00101a21 store:0x001013c0
          22070	     11031	001000b4	04070e63	beq	x14,x0,100110	 x14:0x00000000  x0:0x00000000
          22074	     11033	00100110	00000513	addi	x10,x0,0	  x0:0x00000000 x10=0x00000000
          22078	     11035	00100114	00008067	jalr	x0,0(x1)	  x1:0x001013c0  x0=0x00000000
          22082	     11037	001013c0	cf8a2503	lw	x10,-776(x20)	 x20:0x00102000 x10=0x3f8062ca PA:0x00101cf8 store:0x00000008
          22084	     11038	001013c4	003c0d93	addi	x27,x24,3	 x24:0x00000008 x27=0x0000000b
          22086	     11039	001013c8	004c0c13	addi	x24,x24,4	 x24:0x00000008 x24=0x0000000c
          22090	     11041	001013cc	d55fe0ef	jal	x1,100120	  x1=0x001013d0
          22092	     11042	00100120	01c55793	srli	x15,x10,0x1c	 x10:0x3f8062ca x15=0x00000003
          22094	     11043	00100124	00900713	addi	x14,x0,9	  x0:0x00000000 x14=0x00000009
          22098	     11045	00100128	0cf77a63	bgeu	x14,x15,1001fc	 x14:0x00000009 x15:0x00000003
          22102	     11047	001001fc	03078393	addi	x7,x15,48	 x15:0x00000003  x7=0x00000033
          22104	     11048	00100200	000205b7	lui	x11,0x20	 x11=0x00020000
          22106	     11049	00100204	00451613	slli	x12,x10,0x4	 x10:0x3f8062ca x12=0xf8062ca0
          22110	     11051	00100208	0075a023	sw	x7,0(x11)	 x11:0x00020000  x7:0x00000033 PA:0x00020000 store:0x00000033 load:0x00000000
          22112	     11052	0010020c	01c65693	srli	x13,x12,0x1c	 x12:0xf8062ca0 x13=0x0000000f
          22114	     11053	00100210	00900813	addi	x16,x0,9	  x0:0x00000000 x16=0x00000009
          22118	     11055	00100214	f2d86ae3	bltu	x16,x13,100148	 x16:0x00000009 x13:0x0000000f
          22122	     11057	00100148	03768893	addi	x17,x13,55	 x13:0x0000000f x17=0x00000046
          22124	     11058	0010014c	00020e37	lui	x28,0x20	 x28=0x00020000
          22126	     11059	00100150	00851f93	slli	x31,x10,0x8	 x10:0x3f8062ca x31=0x8062ca00
          22130	     11061	00100154	011e2023	sw	x17,0(x28)	 x28:0x00020000 x17:0x00000046 PA:0x00020000 store:0x00000046 load:0x00000000
          22132	     11062	00100158	01cfd793	srli	x15,x31,0x1c	 x31:0x8062ca00 x15=0x00000008
          22134	     11063	0010015c	00900713	addi	x14,x0,9	  x0:0x00000000 x14=0x00000009
          22138	     11065	00100160	0cf77a63	bgeu	x14,x15,100234	 x14:0x00000009 x15:0x00000008
          22142	     11067	00100234	03078393	addi	x7,x15,48	 x15:0x00000008  x7=0x00000038
          22144	     11068	00100238	000205b7	lui	x11,0x20	 x11=0x00020000
          22146	     11069	0010023c	00c51613	slli	x12,x10,0xc	 x10:0x3f8062ca x12=0x062ca000
          22150	     11071	00100240	0075a023	sw	x7,0(x11)	 x11:0x00020000  x7:0x00000038 PA:0x00020000 store:0x00000038 load:0x00000000
          22152	     11072	00100244	01c65693	srli	x13,x12,0x1c	 x12:0x062ca000 x13=0x00000000
          22154	     11073	00100248	00900813	addi	x16,x0,9	  x0:0x00000000 x16=0x00000009
          22156	     11074	0010024c	f2d86ae3	bltu	x16,x13,100180	 x16:0x00000009 x13:0x00000000
          22158	     11075	00100250	03068e93	addi	x29,x13,48	 x13:0x00000000 x29=0x00000030
          22160	     11076	00100254	00020f37	lui	x30,0x20	 x30=0x00020000
          22162	     11077	00100258	01051f93	slli	x31,x10,0x10	 x10:0x3f8062ca x31=0x62ca0000
          22166	     11079	0010025c	01df2023	sw	x29,0(x30)	 x30:0x00020000 x29:0x00000030 PA:0x00020000 store:0x00000030 load:0x00000000
          22168	     11080	00100260	01cfd793	srli	x15,x31,0x1c	 x31:0x62ca0000 x15=0x00000006
          22170	     11081	00100264	00900713	addi	x14,x0,9	  x0:0x00000000 x14=0x00000009
          22172	     11082	00100268	f2f76ae3	bltu	x14,x15,10019c	 x14:0x00000009 x15:0x00000006
          22174	     11083	0010026c	03078393	addi	x7,x15,48	 x15:0x00000006  x7=0x00000036
          22176	     11084	00100270	000205b7	lui	x11,0x20	 x11=0x00020000
          22178	     11085	00100274	01451613	slli	x12,x10,0x14	 x10:0x3f8062ca x12=0x2ca00000
          22182	     11087	00100278	0075a023	sw	x7,0(x11)	 x11:0x00020000  x7:0x00000036 PA:0x00020000 store:0x00000036 load:0x00000000
          22184	     11088	0010027c	01c65693	srli	x13,x12,0x1c	 x12:0x2ca00000 x13=0x00000002
          22186	     11089	00100280	00900813	addi	x16,x0,9	  x0:0x00000000 x16=0x00000009
          22188	     11090	00100284	f2d86ae3	bltu	x16,x13,1001b8	 x16:0x00000009 x13:0x00000002
          22190	     11091	00100288	03068e93	addi	x29,x13,48	 x13:0x00000002 x29=0x00000032
          22192	     11092	0010028c	00020f37	lui	x30,0x20	 x30=0x00020000
          22194	     11093	00100290	01851f93	slli	x31,x10,0x18	 x10:0x3f8062ca x31=0xca000000
          22198	     11095	00100294	01df2023	sw	x29,0(x30)	 x30:0x00020000 x29:0x00000032 PA:0x00020000 store:0x00000032 load:0x00000000
          22200	     11096	00100298	01cfd793	srli	x15,x31,0x1c	 x31:0xca000000 x15=0x0000000c
          22202	     11097	0010029c	00900713	addi	x14,x0,9	  x0:0x00000000 x14=0x00000009
          22206	     11099	001002a0	f2f76ae3	bltu	x14,x15,1001d4	 x14:0x00000009 x15:0x0000000c
          22210	     11101	001001d4	03778293	addi	x5,x15,55	 x15:0x0000000c  x5=0x00000043
          22212	     11102	001001d8	00020337	lui	x6,0x20	  x6=0x00020000
          22216	     11104	001001dc	00532023	sw	x5,0(x6)	  x6:0x00020000  x5:0x00000043 PA:0x00020000 store:0x00000043 load:0x00000000
          22218	     11105	001001e0	00f57513	andi	x10,x10,15	 x10:0x3f8062ca x10=0x0000000a
          22220	     11106	001001e4	00900613	addi	x12,x0,9	  x0:0x00000000 x12=0x00000009
          22224	     11108	001001e8	0ca66a63	bltu	x12,x10,1002bc	 x12:0x00000009 x10:0x0000000a
          22228	     11110	001002bc	03750693	addi	x13,x10,55	 x10:0x0000000a x13=0x00000041
          22230	     11111	001002c0	00020837	lui	x16,0x20	 x16=0x00020000
          22234	     11113	001002c4	00d82023	sw	x13,0(x16)	 x16:0x00020000 x13:0x00000041 PA:0x00020000 store:0x00000041 load:0x00000000
          22238	     11115	001002c8	00008067	jalr	x0,0(x1)	  x1:0x001013d0  x0=0x00000000
          22250	     11121	001013d0	a10a8513	addi	x10,x21,-1520	 x21:0x00102000 x10=0x00101a10
          22252	     11122	001013d4	d089a987	flw	f19,-760(x19)	 f19:0x00102000 f19=0x00000000 PA:0x00101d08 store:0x3f818cf4
          22272	     11132	001013d8	5809fa53	fsqrt.s	f20,f19	 f19:0x00102000 f20=0x00000000
          22280	     11136	001013dc	d149a427	fsw	f20,-760(x19)	 f19:0x00102000 f20:0x00102000 PA:0x00101d08 store:0x3f80315b load:0x3f8062ca
          22288	     11140	001013e0	d089aa87	flw	f21,-760(x19)	 f19:0x00102000 f21=0x00000000 PA:0x00101d08 store:0x3f818cf4
          22294	     11143	001013e4	e00a82d3	fmv.x.w	x5,f21	 f21:0x00102000  x5=0x3f80315b
          22296	     11144	001013e8	ce5a2c23	sw	x5,-776(x20)	 x20:0x00102000  x5:0x3f80315b PA:0x00101cf8 store:0x3f80315b load:0x3f80315b
          22300	     11146	001013ec	cb5fe0ef	jal	x1,1000a0	  x1=0x001013f0
          22304	     11148	001000a0	00054803	lbu	x16,0(x10)	 x10:0x00101a10 x16=0x0000000a PA:0x00101a10 store:0x00000000
          22306	     11149	001000a4	06080663	beq	x16,x0,100110	 x16:0x0000000a  x0:0x00000000
          22308	     11150	001000a8	000207b7	lui	x15,0x20	 x15=0x00020000
          22312	     11152	001000ac	0107a023	sw	x16,0(x15)	 x15:0x00020000 x16:0x0000000a PA:0x00020000 store:0x0000000a load:0x00000000
          22316	     11154	001000b0	00154703	lbu	x14,1(x10)	 x10:0x00101a10 x14=0x00000020 PA:0x00101a11 store:0x001013f0
          22318	     11155	001000b4	04070e63	beq	x14,x0,100110	 x14:0x00000020  x0:0x00000000
          22322	     11157	001000b8	00e7a023	sw	x14,0(x15)	 x15:0x00020000 x14:0x00000020 PA:0x00020000 store:0x00000020 load:0x00000000
          22326	     11159	001000bc	00254283	lbu	x5,2(x10)	 x10:0x00101a10  x5=0x00000069 PA:0x00101a12 store:0x00137fa0
          22328	     11160	001000c0	04028863	beq	x5,x0,100110	  x5:0x00000069  x0:0x00000000
          22332	     11162	001000c4	0057a023	sw	x5,0(x15)	 x15:0x00020000  x5:0x00000069 PA:0x00020000 store:0x00000069 load:0x00000000
          22336	     11164	001000c8	00354303	lbu	x6,3(x10)	 x10:0x00101a10  x6=0x0000003d PA:0x00101a13 store:0x00000000
          22338	     11165	001000cc	04030263	beq	x6,x0,100110	  x6:0x0000003d  x0:0x00000000
          22342	     11167	001000d0	0067a023	sw	x6,0(x15)	 x15:0x00020000  x6:0x0000003d PA:0x00020000 store:0x0000003d load:0x00000000
          22346	     11169	001000d4	00454383	lbu	x7,4(x10)	 x10:0x00101a10  x7=0x00000000 PA:0x00101a14 store:0x00000000
          22350	     11171	001000d8	02038c63	beq	x7,x0,100110	  x7:0x00000000  x0:0x00000000
          22354	     11173	00100110	00000513	addi	x10,x0,0	  x0:0x00000000 x10=0x00000000
          22358	     11175	00100114	00008067	jalr	x0,0(x1)	  x1:0x001013f0  x0=0x00000000
          22360	     11176	001013f0	000d8513	addi	x10,x27,0	 x27:0x0000000b x10=0x0000000b
          22364	     11178	001013f4	d2dfe0ef	jal	x1,100120	  x1=0x001013f8
          22366	     11179	00100120	01c55793	srli	x15,x10,0x1c	 x10:0x0000000b x15=0x00000000
          22368	     11180	00100124	00900713	addi	x14,x0,9	  x0:0x00000000 x14=0x00000009
          22372	     11182	00100128	0cf77a63	bgeu	x14,x15,1001fc	 x14:0x00000009 x15:0x00000000
          22376	     11184	001001fc	03078393	addi	x7,x15,48	 x15:0x00000000  x7=0x00000030
          22378	     11185	00100200	000205b7	lui	x11,0x20	 x11=0x00020000
          22380	     11186	00100204	00451613	slli	x12,x10,0x4	 x10:0x0000000b x12=0x000000b0
          22384	     11188	00100208	0075a023	sw	x7,0(x11)	 x11:0x00020000  x7:0x00000030 PA:0x00020000 store:0x00000030 load:0x00000000
          22386	     11189	0010020c	01c65693	srli	x13,x12,0x1c	 x12:0x000000b0 x13=0x00000000
          22388	     11190	00100210	00900813	addi	x16,x0,9	  x0:0x00000000 x16=0x00000009
          22390	     11191	00100214	f2d86ae3	bltu	x16,x13,100148	 x16:0x00000009 x13:0x00000000
          22392	     11192	00100218	03068e93	addi	x29,x13,48	 x13:0x00000000 x29=0x00000030
          22394	     11193	0010021c	00020f37	lui	x30,0x20	 x30=0x00020000
          22396	     11194	00100220	00851f93	slli	x31,x10,0x8	 x10:0x0000000b x31=0x00000b00
          22400	     11196	00100224	01df2023	sw	x29,0(x30)	 x30:0x00020000 x29:0x00000030 PA:0x00020000 store:0x00000030 load:0x00000000
          22402	     11197	00100228	01cfd793	srli	x15,x31,0x1c	 x31:0x00000b00 x15=0x00000000
          22404	     11198	0010022c	00900713	addi	x14,x0,9	  x0:0x00000000 x14=0x00000009
          22406	     11199	00100230	f2f76ae3	bltu	x14,x15,100164	 x14:0x00000009 x15:0x00000000
          22408	     11200	00100234	03078393	addi	x7,x15,48	 x15:0x00000000  x7=0x00000030
          22410	     11201	00100238	000205b7	lui	x11,0x20	 x11=0x00020000
          22412	     11202	0010023c	00c51613	slli	x12,x10,0xc	 x10:0x0000000b x12=0x0000b000
          22416	     11204	00100240	0075a023	sw	x7,0(x11)	 x11:0x00020000  x7:0x00000030 PA:0x00020000 store:0x00000030 load:0x00000000
          22418	     11205	00100244	01c65693	srli	x13,x12,0x1c	 x12:0x0000b000 x13=0x00000000
          22420	     11206	00100248	00900813	addi	x16,x0,9	  x0:0x00000000 x16=0x00000009
          22422	     11207	0010024c	f2d86ae3	bltu	x16,x13,100180	 x16:0x00000009 x13:0x00000000
          22424	     11208	00100250	03068e93	addi	x29,x13,48	 x13:0x00000000 x29=0x00000030
          22426	     11209	00100254	00020f37	lui	x30,0x20	 x30=0x00020000
          22428	     11210	00100258	01051f93	slli	x31,x10,0x10	 x10:0x0000000b x31=0x000b0000
          22432	     11212	0010025c	01df2023	sw	x29,0(x30)	 x30:0x00020000 x29:0x00000030 PA:0x00020000 store:0x00000030 load:0x00000000
          22434	     11213	00100260	01cfd793	srli	x15,x31,0x1c	 x31:0x000b0000 x15=0x00000000
          22436	     11214	00100264	00900713	addi	x14,x0,9	  x0:0x00000000 x14=0x00000009
          22438	     11215	00100268	f2f76ae3	bltu	x14,x15,10019c	 x14:0x00000009 x15:0x00000000
          22440	     11216	0010026c	03078393	addi	x7,x15,48	 x15:0x00000000  x7=0x00000030
          22442	     11217	00100270	000205b7	lui	x11,0x20	 x11=0x00020000
          22444	     11218	00100274	01451613	slli	x12,x10,0x14	 x10:0x0000000b x12=0x00b00000
          22448	     11220	00100278	0075a023	sw	x7,0(x11)	 x11:0x00020000  x7:0x00000030 PA:0x00020000 store:0x00000030 load:0x00000000
          22450	     11221	0010027c	01c65693	srli	x13,x12,0x1c	 x12:0x00b00000 x13=0x00000000
          22452	     11222	00100280	00900813	addi	x16,x0,9	  x0:0x00000000 x16=0x00000009
          22454	     11223	00100284	f2d86ae3	bltu	x16,x13,1001b8	 x16:0x00000009 x13:0x00000000
          22456	     11224	00100288	03068e93	addi	x29,x13,48	 x13:0x00000000 x29=0x00000030
          22458	     11225	0010028c	00020f37	lui	x30,0x20	 x30=0x00020000
          22460	     11226	00100290	01851f93	slli	x31,x10,0x18	 x10:0x0000000b x31=0x0b000000
          22464	     11228	00100294	01df2023	sw	x29,0(x30)	 x30:0x00020000 x29:0x00000030 PA:0x00020000 store:0x00000030 load:0x00000000
          22466	     11229	00100298	01cfd793	srli	x15,x31,0x1c	 x31:0x0b000000 x15=0x00000000
          22468	     11230	0010029c	00900713	addi	x14,x0,9	  x0:0x00000000 x14=0x00000009
          22470	     11231	001002a0	f2f76ae3	bltu	x14,x15,1001d4	 x14:0x00000009 x15:0x00000000
          22472	     11232	001002a4	03078393	addi	x7,x15,48	 x15:0x00000000  x7=0x00000030
          22474	     11233	001002a8	000205b7	lui	x11,0x20	 x11=0x00020000
          22478	     11235	001002ac	0075a023	sw	x7,0(x11)	 x11:0x00020000  x7:0x00000030 PA:0x00020000 store:0x00000030 load:0x00000000
          22480	     11236	001002b0	00f57513	andi	x10,x10,15	 x10:0x0000000b x10=0x0000000b
          22482	     11237	001002b4	00900613	addi	x12,x0,9	  x0:0x00000000 x12=0x00000009
          22484	     11238	001002b8	f2a67ae3	bgeu	x12,x10,1001ec	 x12:0x00000009 x10:0x0000000b
          22486	     11239	001002bc	03750693	addi	x13,x10,55	 x10:0x0000000b x13=0x00000042
          22488	     11240	001002c0	00020837	lui	x16,0x20	 x16=0x00020000
          22492	     11242	001002c4	00d82023	sw	x13,0(x16)	 x16:0x00020000 x13:0x00000042 PA:0x00020000 store:0x00000042 load:0x00000000
          22496	     11244	001002c8	00008067	jalr	x0,0(x1)	  x1:0x001013f8  x0=0x00000000
          22498	     11245	001013f8	a18b0513	addi	x10,x22,-1512	 x22:0x00102000 x10=0x00101a18
          22502	     11247	001013fc	ca5fe0ef	jal	x1,1000a0	  x1=0x00101400
          22506	     11249	001000a0	00054803	lbu	x16,0(x10)	 x10:0x00101a18 x16=0x00000020 PA:0x00101a18 store:0x00000000
          22508	     11250	001000a4	06080663	beq	x16,x0,100110	 x16:0x00000020  x0:0x00000000
          22510	     11251	001000a8	000207b7	lui	x15,0x20	 x15=0x00020000
          22514	     11253	001000ac	0107a023	sw	x16,0(x15)	 x15:0x00020000 x16:0x00000020 PA:0x00020000 store:0x00000020 load:0x00000000
          22518	     11255	001000b0	00154703	lbu	x14,1(x10)	 x10:0x00101a18 x14=0x00000072 PA:0x00101a19 store:0x00101400
          22520	     11256	001000b4	04070e63	beq	x14,x0,100110	 x14:0x00000072  x0:0x00000000
          22524	     11258	001000b8	00e7a023	sw	x14,0(x15)	 x15:0x00020000 x14:0x00000072 PA:0x00020000 store:0x00000072 load:0x00000000
          22528	     11260	001000bc	00254283	lbu	x5,2(x10)	 x10:0x00101a18  x5=0x00000065 PA:0x00101a1a store:0x00137fa0
          22530	     11261	001000c0	04028863	beq	x5,x0,100110	  x5:0x00000065  x0:0x00000000
          22534	     11263	001000c4	0057a023	sw	x5,0(x15)	 x15:0x00020000  x5:0x00000065 PA:0x00020000 store:0x00000065 load:0x00000000
          22538	     11265	001000c8	00354303	lbu	x6,3(x10)	 x10:0x00101a18  x6=0x00000073 PA:0x00101a1b store:0x00000000
          22540	     11266	001000cc	04030263	beq	x6,x0,100110	  x6:0x00000073  x0:0x00000000
          22544	     11268	001000d0	0067a023	sw	x6,0(x15)	 x15:0x00020000  x6:0x00000073 PA:0x00020000 store:0x00000073 load:0x00000000
          22548	     11270	001000d4	00454383	lbu	x7,4(x10)	 x10:0x00101a18  x7=0x00000075 PA:0x00101a1c store:0x00000000
          22550	     11271	001000d8	02038c63	beq	x7,x0,100110	  x7:0x00000075  x0:0x00000000
          22554	     11273	001000dc	0077a023	sw	x7,0(x15)	 x15:0x00020000  x7:0x00000075 PA:0x00020000 store:0x00000075 load:0x00000000
          22558	     11275	001000e0	00554583	lbu	x11,5(x10)	 x10:0x00101a18 x11=0x0000006c PA:0x00101a1d store:0x00000065
          22560	     11276	001000e4	02058663	beq	x11,x0,100110	 x11:0x0000006c  x0:0x00000000
          22564	     11278	001000e8	00b7a023	sw	x11,0(x15)	 x15:0x00020000 x11:0x0000006c PA:0x00020000 store:0x0000006c load:0x00000000
          22568	     11280	001000ec	00654603	lbu	x12,6(x10)	 x10:0x00101a18 x12=0x00000074 PA:0x00101a1e store:0x00000073
          22570	     11281	001000f0	02060063	beq	x12,x0,100110	 x12:0x00000074  x0:0x00000000
          22574	     11283	001000f4	00c7a023	sw	x12,0(x15)	 x15:0x00020000 x12:0x00000074 PA:0x00020000 store:0x00000074 load:0x00000000
          22578	     11285	001000f8	00754683	lbu	x13,7(x10)	 x10:0x00101a18 x13=0x0000003a PA:0x00101a1f store:0x00000075
          22580	     11286	001000fc	00850513	addi	x10,x10,8	 x10:0x00101a18 x10=0x00101a20
          22582	     11287	00100100	00068863	beq	x13,x0,100110	 x13:0x0000003a  x0:0x00000000
          22586	     11289	00100104	00d7a023	sw	x13,0(x15)	 x15:0x00020000 x13:0x0000003a PA:0x00020000 store:0x0000003a load:0x00000000
          22590	     11291	00100108	00054803	lbu	x16,0(x10)	 x10:0x00101a20 x16=0x00000020 PA:0x00101a20 store:0x00000000
          22594	     11293	0010010c	fa0810e3	bne	x16,x0,1000ac	 x16:0x00000020  x0:0x00000000
          22600	     11296	001000ac	0107a023	sw	x16,0(x15)	 x15:0x00020000 x16:0x00000020 PA:0x00020000 store:0x00000020 load:0x00000000
          22604	     11298	001000b0	00154703	lbu	x14,1(x10)	 x10:0x00101a20 x14=0x00000000 PA:0x00101a21 store:0x00101400
          22608	     11300	001000b4	04070e63	beq	x14,x0,100110	 x14:0x00000000  x0:0x00000000
          22612	     11302	00100110	00000513	addi	x10,x0,0	  x0:0x00000000 x10=0x00000000
          22616	     11304	00100114	00008067	jalr	x0,0(x1)	  x1:0x00101400  x0=0x00000000
          22620	     11306	00101400	cf8a2503	lw	x10,-776(x20)	 x20:0x00102000 x10=0x3f80315b PA:0x00101cf8 store:0x0000000c
          22624	     11308	00101404	d1dfe0ef	jal	x1,100120	  x1=0x00101408
          22626	     11309	00100120	01c55793	srli	x15,x10,0x1c	 x10:0x3f80315b x15=0x00000003
          22628	     11310	00100124	00900713	addi	x14,x0,9	  x0:0x00000000 x14=0x00000009
          22632	     11312	00100128	0cf77a63	bgeu	x14,x15,1001fc	 x14:0x00000009 x15:0x00000003
          22636	     11314	001001fc	03078393	addi	x7,x15,48	 x15:0x00000003  x7=0x00000033
          22638	     11315	00100200	000205b7	lui	x11,0x20	 x11=0x00020000
          22640	     11316	00100204	00451613	slli	x12,x10,0x4	 x10:0x3f80315b x12=0xf80315b0
          22644	     11318	00100208	0075a023	sw	x7,0(x11)	 x11:0x00020000  x7:0x00000033 PA:0x00020000 store:0x00000033 load:0x00000000
          22646	     11319	0010020c	01c65693	srli	x13,x12,0x1c	 x12:0xf80315b0 x13=0x0000000f
          22648	     11320	00100210	00900813	addi	x16,x0,9	  x0:0x00000000 x16=0x00000009
          22652	     11322	00100214	f2d86ae3	bltu	x16,x13,100148	 x16:0x00000009 x13:0x0000000f
          22656	     11324	00100148	03768893	addi	x17,x13,55	 x13:0x0000000f x17=0x00000046
          22658	     11325	0010014c	00020e37	lui	x28,0x20	 x28=0x00020000
          22660	     11326	00100150	00851f93	slli	x31,x10,0x8	 x10:0x3f80315b x31=0x80315b00
          22664	     11328	00100154	011e2023	sw	x17,0(x28)	 x28:0x00020000 x17:0x00000046 PA:0x00020000 store:0x00000046 load:0x00000000
          22666	     11329	00100158	01cfd793	srli	x15,x31,0x1c	 x31:0x80315b00 x15=0x00000008
          22668	     11330	0010015c	00900713	addi	x14,x0,9	  x0:0x00000000 x14=0x00000009
          22672	     11332	00100160	0cf77a63	bgeu	x14,x15,100234	 x14:0x00000009 x15:0x00000008
          22676	     11334	00100234	03078393	addi	x7,x15,48	 x15:0x00000008  x7=0x00000038
          22678	     11335	00100238	000205b7	lui	x11,0x20	 x11=0x00020000
          22680	     11336	0010023c	00c51613	slli	x12,x10,0xc	 x10:0x3f80315b x12=0x0315b000
          22684	     11338	00100240	0075a023	sw	x7,0(x11)	 x11:0x00020000  x7:0x00000038 PA:0x00020000 store:0x00000038 load:0x00000000
          22686	     11339	00100244	01c65693	srli	x13,x12,0x1c	 x12:0x0315b000 x13=0x00000000
          22688	     11340	00100248	00900813	addi	x16,x0,9	  x0:0x00000000 x16=0x00000009
          22690	     11341	0010024c	f2d86ae3	bltu	x16,x13,100180	 x16:0x00000009 x13:0x00000000
          22692	     11342	00100250	03068e93	addi	x29,x13,48	 x13:0x00000000 x29=0x00000030
          22694	     11343	00100254	00020f37	lui	x30,0x20	 x30=0x00020000
          22696	     11344	00100258	01051f93	slli	x31,x10,0x10	 x10:0x3f80315b x31=0x315b0000
          22700	     11346	0010025c	01df2023	sw	x29,0(x30)	 x30:0x00020000 x29:0x00000030 PA:0x00020000 store:0x00000030 load:0x00000000
          22702	     11347	00100260	01cfd793	srli	x15,x31,0x1c	 x31:0x315b0000 x15=0x00000003
          22704	     11348	00100264	00900713	addi	x14,x0,9	  x0:0x00000000 x14=0x00000009
          22706	     11349	00100268	f2f76ae3	bltu	x14,x15,10019c	 x14:0x00000009 x15:0x00000003
          22708	     11350	0010026c	03078393	addi	x7,x15,48	 x15:0x00000003  x7=0x00000033
          22710	     11351	00100270	000205b7	lui	x11,0x20	 x11=0x00020000
          22712	     11352	00100274	01451613	slli	x12,x10,0x14	 x10:0x3f80315b x12=0x15b00000
          22716	     11354	00100278	0075a023	sw	x7,0(x11)	 x11:0x00020000  x7:0x00000033 PA:0x00020000 store:0x00000033 load:0x00000000
          22718	     11355	0010027c	01c65693	srli	x13,x12,0x1c	 x12:0x15b00000 x13=0x00000001
          22720	     11356	00100280	00900813	addi	x16,x0,9	  x0:0x00000000 x16=0x00000009
          22722	     11357	00100284	f2d86ae3	bltu	x16,x13,1001b8	 x16:0x00000009 x13:0x00000001
          22724	     11358	00100288	03068e93	addi	x29,x13,48	 x13:0x00000001 x29=0x00000031
          22726	     11359	0010028c	00020f37	lui	x30,0x20	 x30=0x00020000
          22728	     11360	00100290	01851f93	slli	x31,x10,0x18	 x10:0x3f80315b x31=0x5b000000
          22732	     11362	00100294	01df2023	sw	x29,0(x30)	 x30:0x00020000 x29:0x00000031 PA:0x00020000 store:0x00000031 load:0x00000000
          22734	     11363	00100298	01cfd793	srli	x15,x31,0x1c	 x31:0x5b000000 x15=0x00000005
          22736	     11364	0010029c	00900713	addi	x14,x0,9	  x0:0x00000000 x14=0x00000009
          22738	     11365	001002a0	f2f76ae3	bltu	x14,x15,1001d4	 x14:0x00000009 x15:0x00000005
          22740	     11366	001002a4	03078393	addi	x7,x15,48	 x15:0x00000005  x7=0x00000035
          22742	     11367	001002a8	000205b7	lui	x11,0x20	 x11=0x00020000
          22746	     11369	001002ac	0075a023	sw	x7,0(x11)	 x11:0x00020000  x7:0x00000035 PA:0x00020000 store:0x00000035 load:0x00000000
          22748	     11370	001002b0	00f57513	andi	x10,x10,15	 x10:0x3f80315b x10=0x0000000b
          22750	     11371	001002b4	00900613	addi	x12,x0,9	  x0:0x00000000 x12=0x00000009
          22752	     11372	001002b8	f2a67ae3	bgeu	x12,x10,1001ec	 x12:0x00000009 x10:0x0000000b
          22754	     11373	001002bc	03750693	addi	x13,x10,55	 x10:0x0000000b x13=0x00000042
          22756	     11374	001002c0	00020837	lui	x16,0x20	 x16=0x00020000
          22760	     11376	001002c4	00d82023	sw	x13,0(x16)	 x16:0x00020000 x13:0x00000042 PA:0x00020000 store:0x00000042 load:0x00000000
          22764	     11378	001002c8	00008067	jalr	x0,0(x1)	  x1:0x00101408  x0=0x00000000
          22768	     11380	00101408	f1ac18e3	bne	x24,x26,101318	 x24:0x0000000c x26:0x00000014
          22780	     11386	00101318	d089a607	flw	f12,-760(x19)	 f19:0x00102000 f12=0x00000000 PA:0x00101d08 store:0x3f818cf4
          22802	     11397	0010131c	580676d3	fsqrt.s	f13,f12	 f12:0x00000009 f13=0x00000000
          22810	     11401	00101320	d0d9a427	fsw	f13,-760(x19)	 f19:0x00102000 f13:0x00000042 PA:0x00101d08 store:0x3f8018ab load:0x3f80315b
          22818	     11405	00101324	d089a387	flw	f7,-760(x19)	 f19:0x00102000  f7=0x00000000 PA:0x00101d08 store:0x3f818cf4
          22824	     11408	00101328	a10a8513	addi	x10,x21,-1520	 x21:0x00102000 x10=0x00101a10
          22826	     11409	0010132c	e00386d3	fmv.x.w	x13,f7	  f7:0x00000035 x13=0x3f8018ab
          22828	     11410	00101330	ceda2c23	sw	x13,-776(x20)	 x20:0x00102000 x13:0x3f8018ab PA:0x00101cf8 store:0x3f8018ab load:0x3f8018ab
          22830	     11411	00101334	d6dfe0ef	jal	x1,1000a0	  x1=0x00101338
          22834	     11413	001000a0	00054803	lbu	x16,0(x10)	 x10:0x00101a10 x16=0x0000000a PA:0x00101a10 store:0x00000000
          22836	     11414	001000a4	06080663	beq	x16,x0,100110	 x16:0x0000000a  x0:0x00000000
          22838	     11415	001000a8	000207b7	lui	x15,0x20	 x15=0x00020000
          22842	     11417	001000ac	0107a023	sw	x16,0(x15)	 x15:0x00020000 x16:0x0000000a PA:0x00020000 store:0x0000000a load:0x00000000
          22846	     11419	001000b0	00154703	lbu	x14,1(x10)	 x10:0x00101a10 x14=0x00000020 PA:0x00101a11 store:0x00101338
          22848	     11420	001000b4	04070e63	beq	x14,x0,100110	 x14:0x00000020  x0:0x00000000
          22852	     11422	001000b8	00e7a023	sw	x14,0(x15)	 x15:0x00020000 x14:0x00000020 PA:0x00020000 store:0x00000020 load:0x00000000
          22856	     11424	001000bc	00254283	lbu	x5,2(x10)	 x10:0x00101a10  x5=0x00000069 PA:0x00101a12 store:0x00137fa0
          22858	     11425	001000c0	04028863	beq	x5,x0,100110	  x5:0x00000069  x0:0x00000000
          22862	     11427	001000c4	0057a023	sw	x5,0(x15)	 x15:0x00020000  x5:0x00000069 PA:0x00020000 store:0x00000069 load:0x00000000
          22866	     11429	001000c8	00354303	lbu	x6,3(x10)	 x10:0x00101a10  x6=0x0000003d PA:0x00101a13 store:0x00000000
          22868	     11430	001000cc	04030263	beq	x6,x0,100110	  x6:0x0000003d  x0:0x00000000
          22872	     11432	001000d0	0067a023	sw	x6,0(x15)	 x15:0x00020000  x6:0x0000003d PA:0x00020000 store:0x0000003d load:0x00000000
          22876	     11434	001000d4	00454383	lbu	x7,4(x10)	 x10:0x00101a10  x7=0x00000000 PA:0x00101a14 store:0x00000000
          22880	     11436	001000d8	02038c63	beq	x7,x0,100110	  x7:0x00000000  x0:0x00000000
          22884	     11438	00100110	00000513	addi	x10,x0,0	  x0:0x00000000 x10=0x00000000
          22888	     11440	00100114	00008067	jalr	x0,0(x1)	  x1:0x00101338  x0=0x00000000
          22890	     11441	00101338	000c0513	addi	x10,x24,0	 x24:0x0000000c x10=0x0000000c
          22894	     11443	0010133c	de5fe0ef	jal	x1,100120	  x1=0x00101340
          22896	     11444	00100120	01c55793	srli	x15,x10,0x1c	 x10:0x0000000c x15=0x00000000
          22898	     11445	00100124	00900713	addi	x14,x0,9	  x0:0x00000000 x14=0x00000009
          22902	     11447	00100128	0cf77a63	bgeu	x14,x15,1001fc	 x14:0x00000009 x15:0x00000000
          22906	     11449	001001fc	03078393	addi	x7,x15,48	 x15:0x00000000  x7=0x00000030
          22908	     11450	00100200	000205b7	lui	x11,0x20	 x11=0x00020000
          22910	     11451	00100204	00451613	slli	x12,x10,0x4	 x10:0x0000000c x12=0x000000c0
          22914	     11453	00100208	0075a023	sw	x7,0(x11)	 x11:0x00020000  x7:0x00000030 PA:0x00020000 store:0x00000030 load:0x00000000
          22916	     11454	0010020c	01c65693	srli	x13,x12,0x1c	 x12:0x000000c0 x13=0x00000000
          22918	     11455	00100210	00900813	addi	x16,x0,9	  x0:0x00000000 x16=0x00000009
          22920	     11456	00100214	f2d86ae3	bltu	x16,x13,100148	 x16:0x00000009 x13:0x00000000
          22922	     11457	00100218	03068e93	addi	x29,x13,48	 x13:0x00000000 x29=0x00000030
          22924	     11458	0010021c	00020f37	lui	x30,0x20	 x30=0x00020000
          22926	     11459	00100220	00851f93	slli	x31,x10,0x8	 x10:0x0000000c x31=0x00000c00
          22930	     11461	00100224	01df2023	sw	x29,0(x30)	 x30:0x00020000 x29:0x00000030 PA:0x00020000 store:0x00000030 load:0x00000000
          22932	     11462	00100228	01cfd793	srli	x15,x31,0x1c	 x31:0x00000c00 x15=0x00000000
          22934	     11463	0010022c	00900713	addi	x14,x0,9	  x0:0x00000000 x14=0x00000009
          22936	     11464	00100230	f2f76ae3	bltu	x14,x15,100164	 x14:0x00000009 x15:0x00000000
          22938	     11465	00100234	03078393	addi	x7,x15,48	 x15:0x00000000  x7=0x00000030
          22940	     11466	00100238	000205b7	lui	x11,0x20	 x11=0x00020000
          22942	     11467	0010023c	00c51613	slli	x12,x10,0xc	 x10:0x0000000c x12=0x0000c000
          22946	     11469	00100240	0075a023	sw	x7,0(x11)	 x11:0x00020000  x7:0x00000030 PA:0x00020000 store:0x00000030 load:0x00000000
          22948	     11470	00100244	01c65693	srli	x13,x12,0x1c	 x12:0x0000c000 x13=0x00000000
          22950	     11471	00100248	00900813	addi	x16,x0,9	  x0:0x00000000 x16=0x00000009
          22952	     11472	0010024c	f2d86ae3	bltu	x16,x13,100180	 x16:0x00000009 x13:0x00000000
          22954	     11473	00100250	03068e93	addi	x29,x13,48	 x13:0x00000000 x29=0x00000030
          22956	     11474	00100254	00020f37	lui	x30,0x20	 x30=0x00020000
          22958	     11475	00100258	01051f93	slli	x31,x10,0x10	 x10:0x0000000c x31=0x000c0000
          22962	     11477	0010025c	01df2023	sw	x29,0(x30)	 x30:0x00020000 x29:0x00000030 PA:0x00020000 store:0x00000030 load:0x00000000
          22964	     11478	00100260	01cfd793	srli	x15,x31,0x1c	 x31:0x000c0000 x15=0x00000000
          22966	     11479	00100264	00900713	addi	x14,x0,9	  x0:0x00000000 x14=0x00000009
          22968	     11480	00100268	f2f76ae3	bltu	x14,x15,10019c	 x14:0x00000009 x15:0x00000000
          22970	     11481	0010026c	03078393	addi	x7,x15,48	 x15:0x00000000  x7=0x00000030
          22972	     11482	00100270	000205b7	lui	x11,0x20	 x11=0x00020000
          22974	     11483	00100274	01451613	slli	x12,x10,0x14	 x10:0x0000000c x12=0x00c00000
          22978	     11485	00100278	0075a023	sw	x7,0(x11)	 x11:0x00020000  x7:0x00000030 PA:0x00020000 store:0x00000030 load:0x00000000
          22980	     11486	0010027c	01c65693	srli	x13,x12,0x1c	 x12:0x00c00000 x13=0x00000000
          22982	     11487	00100280	00900813	addi	x16,x0,9	  x0:0x00000000 x16=0x00000009
          22984	     11488	00100284	f2d86ae3	bltu	x16,x13,1001b8	 x16:0x00000009 x13:0x00000000
          22986	     11489	00100288	03068e93	addi	x29,x13,48	 x13:0x00000000 x29=0x00000030
          22988	     11490	0010028c	00020f37	lui	x30,0x20	 x30=0x00020000
          22990	     11491	00100290	01851f93	slli	x31,x10,0x18	 x10:0x0000000c x31=0x0c000000
          22994	     11493	00100294	01df2023	sw	x29,0(x30)	 x30:0x00020000 x29:0x00000030 PA:0x00020000 store:0x00000030 load:0x00000000
          22996	     11494	00100298	01cfd793	srli	x15,x31,0x1c	 x31:0x0c000000 x15=0x00000000
          22998	     11495	0010029c	00900713	addi	x14,x0,9	  x0:0x00000000 x14=0x00000009
          23000	     11496	001002a0	f2f76ae3	bltu	x14,x15,1001d4	 x14:0x00000009 x15:0x00000000
          23002	     11497	001002a4	03078393	addi	x7,x15,48	 x15:0x00000000  x7=0x00000030
          23004	     11498	001002a8	000205b7	lui	x11,0x20	 x11=0x00020000
          23008	     11500	001002ac	0075a023	sw	x7,0(x11)	 x11:0x00020000  x7:0x00000030 PA:0x00020000 store:0x00000030 load:0x00000000
          23010	     11501	001002b0	00f57513	andi	x10,x10,15	 x10:0x0000000c x10=0x0000000c
          23012	     11502	001002b4	00900613	addi	x12,x0,9	  x0:0x00000000 x12=0x00000009
          23014	     11503	001002b8	f2a67ae3	bgeu	x12,x10,1001ec	 x12:0x00000009 x10:0x0000000c
          23016	     11504	001002bc	03750693	addi	x13,x10,55	 x10:0x0000000c x13=0x00000043
          23018	     11505	001002c0	00020837	lui	x16,0x20	 x16=0x00020000
          23022	     11507	001002c4	00d82023	sw	x13,0(x16)	 x16:0x00020000 x13:0x00000043 PA:0x00020000 store:0x00000043 load:0x00000000
          23026	     11509	001002c8	00008067	jalr	x0,0(x1)	  x1:0x00101340  x0=0x00000000
          23028	     11510	00101340	a18b0513	addi	x10,x22,-1512	 x22:0x00102000 x10=0x00101a18
          23032	     11512	00101344	d5dfe0ef	jal	x1,1000a0	  x1=0x00101348
          23036	     11514	001000a0	00054803	lbu	x16,0(x10)	 x10:0x00101a18 x16=0x00000020 PA:0x00101a18 store:0x00000000
          23038	     11515	001000a4	06080663	beq	x16,x0,100110	 x16:0x00000020  x0:0x00000000
          23040	     11516	001000a8	000207b7	lui	x15,0x20	 x15=0x00020000
          23044	     11518	001000ac	0107a023	sw	x16,0(x15)	 x15:0x00020000 x16:0x00000020 PA:0x00020000 store:0x00000020 load:0x00000000
          23048	     11520	001000b0	00154703	lbu	x14,1(x10)	 x10:0x00101a18 x14=0x00000072 PA:0x00101a19 store:0x00101348
          23050	     11521	001000b4	04070e63	beq	x14,x0,100110	 x14:0x00000072  x0:0x00000000
          23054	     11523	001000b8	00e7a023	sw	x14,0(x15)	 x15:0x00020000 x14:0x00000072 PA:0x00020000 store:0x00000072 load:0x00000000
          23058	     11525	001000bc	00254283	lbu	x5,2(x10)	 x10:0x00101a18  x5=0x00000065 PA:0x00101a1a store:0x00137fa0
          23060	     11526	001000c0	04028863	beq	x5,x0,100110	  x5:0x00000065  x0:0x00000000
          23064	     11528	001000c4	0057a023	sw	x5,0(x15)	 x15:0x00020000  x5:0x00000065 PA:0x00020000 store:0x00000065 load:0x00000000
          23068	     11530	001000c8	00354303	lbu	x6,3(x10)	 x10:0x00101a18  x6=0x00000073 PA:0x00101a1b store:0x00000000
          23070	     11531	001000cc	04030263	beq	x6,x0,100110	  x6:0x00000073  x0:0x00000000
          23074	     11533	001000d0	0067a023	sw	x6,0(x15)	 x15:0x00020000  x6:0x00000073 PA:0x00020000 store:0x00000073 load:0x00000000
          23078	     11535	001000d4	00454383	lbu	x7,4(x10)	 x10:0x00101a18  x7=0x00000075 PA:0x00101a1c store:0x00000000
          23080	     11536	001000d8	02038c63	beq	x7,x0,100110	  x7:0x00000075  x0:0x00000000
          23084	     11538	001000dc	0077a023	sw	x7,0(x15)	 x15:0x00020000  x7:0x00000075 PA:0x00020000 store:0x00000075 load:0x00000000
          23088	     11540	001000e0	00554583	lbu	x11,5(x10)	 x10:0x00101a18 x11=0x0000006c PA:0x00101a1d store:0x00000065
          23090	     11541	001000e4	02058663	beq	x11,x0,100110	 x11:0x0000006c  x0:0x00000000
          23094	     11543	001000e8	00b7a023	sw	x11,0(x15)	 x15:0x00020000 x11:0x0000006c PA:0x00020000 store:0x0000006c load:0x00000000
          23098	     11545	001000ec	00654603	lbu	x12,6(x10)	 x10:0x00101a18 x12=0x00000074 PA:0x00101a1e store:0x00000073
          23100	     11546	001000f0	02060063	beq	x12,x0,100110	 x12:0x00000074  x0:0x00000000
          23104	     11548	001000f4	00c7a023	sw	x12,0(x15)	 x15:0x00020000 x12:0x00000074 PA:0x00020000 store:0x00000074 load:0x00000000
          23108	     11550	001000f8	00754683	lbu	x13,7(x10)	 x10:0x00101a18 x13=0x0000003a PA:0x00101a1f store:0x00000075
          23110	     11551	001000fc	00850513	addi	x10,x10,8	 x10:0x00101a18 x10=0x00101a20
          23112	     11552	00100100	00068863	beq	x13,x0,100110	 x13:0x0000003a  x0:0x00000000
          23116	     11554	00100104	00d7a023	sw	x13,0(x15)	 x15:0x00020000 x13:0x0000003a PA:0x00020000 store:0x0000003a load:0x00000000
          23120	     11556	00100108	00054803	lbu	x16,0(x10)	 x10:0x00101a20 x16=0x00000020 PA:0x00101a20 store:0x00000000
          23124	     11558	0010010c	fa0810e3	bne	x16,x0,1000ac	 x16:0x00000020  x0:0x00000000
          23130	     11561	001000ac	0107a023	sw	x16,0(x15)	 x15:0x00020000 x16:0x00000020 PA:0x00020000 store:0x00000020 load:0x00000000
          23134	     11563	001000b0	00154703	lbu	x14,1(x10)	 x10:0x00101a20 x14=0x00000000 PA:0x00101a21 store:0x00101348
          23138	     11565	001000b4	04070e63	beq	x14,x0,100110	 x14:0x00000000  x0:0x00000000
          23142	     11567	00100110	00000513	addi	x10,x0,0	  x0:0x00000000 x10=0x00000000
          23146	     11569	00100114	00008067	jalr	x0,0(x1)	  x1:0x00101348  x0=0x00000000
          23150	     11571	00101348	cf8a2503	lw	x10,-776(x20)	 x20:0x00102000 x10=0x3f8018ab PA:0x00101cf8 store:0x0000000c
          23152	     11572	0010134c	001c0d93	addi	x27,x24,1	 x24:0x0000000c x27=0x0000000d
          23156	     11574	00101350	dd1fe0ef	jal	x1,100120	  x1=0x00101354
          23158	     11575	00100120	01c55793	srli	x15,x10,0x1c	 x10:0x3f8018ab x15=0x00000003
          23160	     11576	00100124	00900713	addi	x14,x0,9	  x0:0x00000000 x14=0x00000009
          23164	     11578	00100128	0cf77a63	bgeu	x14,x15,1001fc	 x14:0x00000009 x15:0x00000003
          23168	     11580	001001fc	03078393	addi	x7,x15,48	 x15:0x00000003  x7=0x00000033
          23170	     11581	00100200	000205b7	lui	x11,0x20	 x11=0x00020000
          23172	     11582	00100204	00451613	slli	x12,x10,0x4	 x10:0x3f8018ab x12=0xf8018ab0
          23176	     11584	00100208	0075a023	sw	x7,0(x11)	 x11:0x00020000  x7:0x00000033 PA:0x00020000 store:0x00000033 load:0x00000000
          23178	     11585	0010020c	01c65693	srli	x13,x12,0x1c	 x12:0xf8018ab0 x13=0x0000000f
          23180	     11586	00100210	00900813	addi	x16,x0,9	  x0:0x00000000 x16=0x00000009
          23184	     11588	00100214	f2d86ae3	bltu	x16,x13,100148	 x16:0x00000009 x13:0x0000000f
          23188	     11590	00100148	03768893	addi	x17,x13,55	 x13:0x0000000f x17=0x00000046
          23190	     11591	0010014c	00020e37	lui	x28,0x20	 x28=0x00020000
          23192	     11592	00100150	00851f93	slli	x31,x10,0x8	 x10:0x3f8018ab x31=0x8018ab00
          23196	     11594	00100154	011e2023	sw	x17,0(x28)	 x28:0x00020000 x17:0x00000046 PA:0x00020000 store:0x00000046 load:0x00000000
          23198	     11595	00100158	01cfd793	srli	x15,x31,0x1c	 x31:0x8018ab00 x15=0x00000008
          23200	     11596	0010015c	00900713	addi	x14,x0,9	  x0:0x00000000 x14=0x00000009
          23204	     11598	00100160	0cf77a63	bgeu	x14,x15,100234	 x14:0x00000009 x15:0x00000008
          23208	     11600	00100234	03078393	addi	x7,x15,48	 x15:0x00000008  x7=0x00000038
          23210	     11601	00100238	000205b7	lui	x11,0x20	 x11=0x00020000
          23212	     11602	0010023c	00c51613	slli	x12,x10,0xc	 x10:0x3f8018ab x12=0x018ab000
          23216	     11604	00100240	0075a023	sw	x7,0(x11)	 x11:0x00020000  x7:0x00000038 PA:0x00020000 store:0x00000038 load:0x00000000
          23218	     11605	00100244	01c65693	srli	x13,x12,0x1c	 x12:0x018ab000 x13=0x00000000
          23220	     11606	00100248	00900813	addi	x16,x0,9	  x0:0x00000000 x16=0x00000009
          23222	     11607	0010024c	f2d86ae3	bltu	x16,x13,100180	 x16:0x00000009 x13:0x00000000
          23224	     11608	00100250	03068e93	addi	x29,x13,48	 x13:0x00000000 x29=0x00000030
          23226	     11609	00100254	00020f37	lui	x30,0x20	 x30=0x00020000
          23228	     11610	00100258	01051f93	slli	x31,x10,0x10	 x10:0x3f8018ab x31=0x18ab0000
          23232	     11612	0010025c	01df2023	sw	x29,0(x30)	 x30:0x00020000 x29:0x00000030 PA:0x00020000 store:0x00000030 load:0x00000000
          23234	     11613	00100260	01cfd793	srli	x15,x31,0x1c	 x31:0x18ab0000 x15=0x00000001
          23236	     11614	00100264	00900713	addi	x14,x0,9	  x0:0x00000000 x14=0x00000009
          23238	     11615	00100268	f2f76ae3	bltu	x14,x15,10019c	 x14:0x00000009 x15:0x00000001
          23240	     11616	0010026c	03078393	addi	x7,x15,48	 x15:0x00000001  x7=0x00000031
          23242	     11617	00100270	000205b7	lui	x11,0x20	 x11=0x00020000
          23244	     11618	00100274	01451613	slli	x12,x10,0x14	 x10:0x3f8018ab x12=0x8ab00000
          23248	     11620	00100278	0075a023	sw	x7,0(x11)	 x11:0x00020000  x7:0x00000031 PA:0x00020000 store:0x00000031 load:0x00000000
          23250	     11621	0010027c	01c65693	srli	x13,x12,0x1c	 x12:0x8ab00000 x13=0x00000008
          23252	     11622	00100280	00900813	addi	x16,x0,9	  x0:0x00000000 x16=0x00000009
          23254	     11623	00100284	f2d86ae3	bltu	x16,x13,1001b8	 x16:0x00000009 x13:0x00000008
          23256	     11624	00100288	03068e93	addi	x29,x13,48	 x13:0x00000008 x29=0x00000038
          23258	     11625	0010028c	00020f37	lui	x30,0x20	 x30=0x00020000
          23260	     11626	00100290	01851f93	slli	x31,x10,0x18	 x10:0x3f8018ab x31=0xab000000
          23264	     11628	00100294	01df2023	sw	x29,0(x30)	 x30:0x00020000 x29:0x00000038 PA:0x00020000 store:0x00000038 load:0x00000000
          23266	     11629	00100298	01cfd793	srli	x15,x31,0x1c	 x31:0xab000000 x15=0x0000000a
          23268	     11630	0010029c	00900713	addi	x14,x0,9	  x0:0x00000000 x14=0x00000009
          23272	     11632	001002a0	f2f76ae3	bltu	x14,x15,1001d4	 x14:0x00000009 x15:0x0000000a
          23276	     11634	001001d4	03778293	addi	x5,x15,55	 x15:0x0000000a  x5=0x00000041
          23278	     11635	001001d8	00020337	lui	x6,0x20	  x6=0x00020000
          23282	     11637	001001dc	00532023	sw	x5,0(x6)	  x6:0x00020000  x5:0x00000041 PA:0x00020000 store:0x00000041 load:0x00000000
          23284	     11638	001001e0	00f57513	andi	x10,x10,15	 x10:0x3f8018ab x10=0x0000000b
          23286	     11639	001001e4	00900613	addi	x12,x0,9	  x0:0x00000000 x12=0x00000009
          23290	     11641	001001e8	0ca66a63	bltu	x12,x10,1002bc	 x12:0x00000009 x10:0x0000000b
          23294	     11643	001002bc	03750693	addi	x13,x10,55	 x10:0x0000000b x13=0x00000042
          23296	     11644	001002c0	00020837	lui	x16,0x20	 x16=0x00020000
          23300	     11646	001002c4	00d82023	sw	x13,0(x16)	 x16:0x00020000 x13:0x00000042 PA:0x00020000 store:0x00000042 load:0x00000000
          23314	     11653	001002c8	00008067	jalr	x0,0(x1)	  x1:0x00101354  x0=0x00000000
          23316	     11654	00101354	d089a407	flw	f8,-760(x19)	 f19:0x00102000  f8=0x00000000 PA:0x00101d08 store:0x3f818cf4
          23336	     11664	00101358	580474d3	fsqrt.s	f9,f8	  f8:0x00102000  f9=0x00000000
          23344	     11668	0010135c	d099a427	fsw	f9,-760(x19)	 f19:0x00102000  f9:0x00102000 PA:0x00101d08 store:0x3f800c55 load:0x3f8018ab
          23352	     11672	00101360	d089a507	flw	f10,-760(x19)	 f19:0x00102000 f10=0x00000000 PA:0x00101d08 store:0x3f8018ab
          23358	     11675	00101364	a10a8513	addi	x10,x21,-1520	 x21:0x00102000 x10=0x00101a10
          23360	     11676	00101368	e0050753	fmv.x.w	x14,f10	 f10:0x00101a10 x14=0x3f800c55
          23362	     11677	0010136c	ceea2c23	sw	x14,-776(x20)	 x20:0x00102000 x14:0x3f800c55 PA:0x00101cf8 store:0x3f800c55 load:0x3f800c55
          23364	     11678	00101370	d31fe0ef	jal	x1,1000a0	  x1=0x00101374
          23368	     11680	001000a0	00054803	lbu	x16,0(x10)	 x10:0x00101a10 x16=0x0000000a PA:0x00101a10 store:0x00000000
          23370	     11681	001000a4	06080663	beq	x16,x0,100110	 x16:0x0000000a  x0:0x00000000
          23372	     11682	001000a8	000207b7	lui	x15,0x20	 x15=0x00020000
          23376	     11684	001000ac	0107a023	sw	x16,0(x15)	 x15:0x00020000 x16:0x0000000a PA:0x00020000 store:0x0000000a load:0x00000000
          23380	     11686	001000b0	00154703	lbu	x14,1(x10)	 x10:0x00101a10 x14=0x00000020 PA:0x00101a11 store:0x00101374
          23382	     11687	001000b4	04070e63	beq	x14,x0,100110	 x14:0x00000020  x0:0x00000000
          23386	     11689	001000b8	00e7a023	sw	x14,0(x15)	 x15:0x00020000 x14:0x00000020 PA:0x00020000 store:0x00000020 load:0x00000000
          23390	     11691	001000bc	00254283	lbu	x5,2(x10)	 x10:0x00101a10  x5=0x00000069 PA:0x00101a12 store:0x00137fa0
          23392	     11692	001000c0	04028863	beq	x5,x0,100110	  x5:0x00000069  x0:0x00000000
          23396	     11694	001000c4	0057a023	sw	x5,0(x15)	 x15:0x00020000  x5:0x00000069 PA:0x00020000 store:0x00000069 load:0x00000000
          23400	     11696	001000c8	00354303	lbu	x6,3(x10)	 x10:0x00101a10  x6=0x0000003d PA:0x00101a13 store:0x00000000
          23402	     11697	001000cc	04030263	beq	x6,x0,100110	  x6:0x0000003d  x0:0x00000000
          23406	     11699	001000d0	0067a023	sw	x6,0(x15)	 x15:0x00020000  x6:0x0000003d PA:0x00020000 store:0x0000003d load:0x00000000
          23410	     11701	001000d4	00454383	lbu	x7,4(x10)	 x10:0x00101a10  x7=0x00000000 PA:0x00101a14 store:0x00000000
          23414	     11703	001000d8	02038c63	beq	x7,x0,100110	  x7:0x00000000  x0:0x00000000
          23418	     11705	00100110	00000513	addi	x10,x0,0	  x0:0x00000000 x10=0x00000000
          23422	     11707	00100114	00008067	jalr	x0,0(x1)	  x1:0x00101374  x0=0x00000000
          23424	     11708	00101374	000d8513	addi	x10,x27,0	 x27:0x0000000d x10=0x0000000d
          23428	     11710	00101378	da9fe0ef	jal	x1,100120	  x1=0x0010137c
          23430	     11711	00100120	01c55793	srli	x15,x10,0x1c	 x10:0x0000000d x15=0x00000000
          23432	     11712	00100124	00900713	addi	x14,x0,9	  x0:0x00000000 x14=0x00000009
          23436	     11714	00100128	0cf77a63	bgeu	x14,x15,1001fc	 x14:0x00000009 x15:0x00000000
          23440	     11716	001001fc	03078393	addi	x7,x15,48	 x15:0x00000000  x7=0x00000030
          23442	     11717	00100200	000205b7	lui	x11,0x20	 x11=0x00020000
          23444	     11718	00100204	00451613	slli	x12,x10,0x4	 x10:0x0000000d x12=0x000000d0
          23448	     11720	00100208	0075a023	sw	x7,0(x11)	 x11:0x00020000  x7:0x00000030 PA:0x00020000 store:0x00000030 load:0x00000000
          23450	     11721	0010020c	01c65693	srli	x13,x12,0x1c	 x12:0x000000d0 x13=0x00000000
          23452	     11722	00100210	00900813	addi	x16,x0,9	  x0:0x00000000 x16=0x00000009
          23454	     11723	00100214	f2d86ae3	bltu	x16,x13,100148	 x16:0x00000009 x13:0x00000000
          23456	     11724	00100218	03068e93	addi	x29,x13,48	 x13:0x00000000 x29=0x00000030
          23458	     11725	0010021c	00020f37	lui	x30,0x20	 x30=0x00020000
          23460	     11726	00100220	00851f93	slli	x31,x10,0x8	 x10:0x0000000d x31=0x00000d00
          23464	     11728	00100224	01df2023	sw	x29,0(x30)	 x30:0x00020000 x29:0x00000030 PA:0x00020000 store:0x00000030 load:0x00000000
          23466	     11729	00100228	01cfd793	srli	x15,x31,0x1c	 x31:0x00000d00 x15=0x00000000
          23468	     11730	0010022c	00900713	addi	x14,x0,9	  x0:0x00000000 x14=0x00000009
          23470	     11731	00100230	f2f76ae3	bltu	x14,x15,100164	 x14:0x00000009 x15:0x00000000
          23472	     11732	00100234	03078393	addi	x7,x15,48	 x15:0x00000000  x7=0x00000030
          23474	     11733	00100238	000205b7	lui	x11,0x20	 x11=0x00020000
          23476	     11734	0010023c	00c51613	slli	x12,x10,0xc	 x10:0x0000000d x12=0x0000d000
          23480	     11736	00100240	0075a023	sw	x7,0(x11)	 x11:0x00020000  x7:0x00000030 PA:0x00020000 store:0x00000030 load:0x00000000
          23482	     11737	00100244	01c65693	srli	x13,x12,0x1c	 x12:0x0000d000 x13=0x00000000
          23484	     11738	00100248	00900813	addi	x16,x0,9	  x0:0x00000000 x16=0x00000009
          23486	     11739	0010024c	f2d86ae3	bltu	x16,x13,100180	 x16:0x00000009 x13:0x00000000
          23488	     11740	00100250	03068e93	addi	x29,x13,48	 x13:0x00000000 x29=0x00000030
          23490	     11741	00100254	00020f37	lui	x30,0x20	 x30=0x00020000
          23492	     11742	00100258	01051f93	slli	x31,x10,0x10	 x10:0x0000000d x31=0x000d0000
          23496	     11744	0010025c	01df2023	sw	x29,0(x30)	 x30:0x00020000 x29:0x00000030 PA:0x00020000 store:0x00000030 load:0x00000000
          23498	     11745	00100260	01cfd793	srli	x15,x31,0x1c	 x31:0x000d0000 x15=0x00000000
          23500	     11746	00100264	00900713	addi	x14,x0,9	  x0:0x00000000 x14=0x00000009
          23502	     11747	00100268	f2f76ae3	bltu	x14,x15,10019c	 x14:0x00000009 x15:0x00000000
          23504	     11748	0010026c	03078393	addi	x7,x15,48	 x15:0x00000000  x7=0x00000030
          23506	     11749	00100270	000205b7	lui	x11,0x20	 x11=0x00020000
          23508	     11750	00100274	01451613	slli	x12,x10,0x14	 x10:0x0000000d x12=0x00d00000
          23512	     11752	00100278	0075a023	sw	x7,0(x11)	 x11:0x00020000  x7:0x00000030 PA:0x00020000 store:0x00000030 load:0x00000000
          23514	     11753	0010027c	01c65693	srli	x13,x12,0x1c	 x12:0x00d00000 x13=0x00000000
          23516	     11754	00100280	00900813	addi	x16,x0,9	  x0:0x00000000 x16=0x00000009
          23518	     11755	00100284	f2d86ae3	bltu	x16,x13,1001b8	 x16:0x00000009 x13:0x00000000
          23520	     11756	00100288	03068e93	addi	x29,x13,48	 x13:0x00000000 x29=0x00000030
          23522	     11757	0010028c	00020f37	lui	x30,0x20	 x30=0x00020000
          23524	     11758	00100290	01851f93	slli	x31,x10,0x18	 x10:0x0000000d x31=0x0d000000
          23528	     11760	00100294	01df2023	sw	x29,0(x30)	 x30:0x00020000 x29:0x00000030 PA:0x00020000 store:0x00000030 load:0x00000000
          23530	     11761	00100298	01cfd793	srli	x15,x31,0x1c	 x31:0x0d000000 x15=0x00000000
          23532	     11762	0010029c	00900713	addi	x14,x0,9	  x0:0x00000000 x14=0x00000009
          23534	     11763	001002a0	f2f76ae3	bltu	x14,x15,1001d4	 x14:0x00000009 x15:0x00000000
          23536	     11764	001002a4	03078393	addi	x7,x15,48	 x15:0x00000000  x7=0x00000030
          23538	     11765	001002a8	000205b7	lui	x11,0x20	 x11=0x00020000
          23542	     11767	001002ac	0075a023	sw	x7,0(x11)	 x11:0x00020000  x7:0x00000030 PA:0x00020000 store:0x00000030 load:0x00000000
          23544	     11768	001002b0	00f57513	andi	x10,x10,15	 x10:0x0000000d x10=0x0000000d
          23546	     11769	001002b4	00900613	addi	x12,x0,9	  x0:0x00000000 x12=0x00000009
          23548	     11770	001002b8	f2a67ae3	bgeu	x12,x10,1001ec	 x12:0x00000009 x10:0x0000000d
          23550	     11771	001002bc	03750693	addi	x13,x10,55	 x10:0x0000000d x13=0x00000044
          23552	     11772	001002c0	00020837	lui	x16,0x20	 x16=0x00020000
          23556	     11774	001002c4	00d82023	sw	x13,0(x16)	 x16:0x00020000 x13:0x00000044 PA:0x00020000 store:0x00000044 load:0x00000000
          23560	     11776	001002c8	00008067	jalr	x0,0(x1)	  x1:0x0010137c  x0=0x00000000
          23562	     11777	0010137c	a18b0513	addi	x10,x22,-1512	 x22:0x00102000 x10=0x00101a18
          23566	     11779	00101380	d21fe0ef	jal	x1,1000a0	  x1=0x00101384
          23570	     11781	001000a0	00054803	lbu	x16,0(x10)	 x10:0x00101a18 x16=0x00000020 PA:0x00101a18 store:0x00000000
          23572	     11782	001000a4	06080663	beq	x16,x0,100110	 x16:0x00000020  x0:0x00000000
          23574	     11783	001000a8	000207b7	lui	x15,0x20	 x15=0x00020000
          23578	     11785	001000ac	0107a023	sw	x16,0(x15)	 x15:0x00020000 x16:0x00000020 PA:0x00020000 store:0x00000020 load:0x00000000
          23582	     11787	001000b0	00154703	lbu	x14,1(x10)	 x10:0x00101a18 x14=0x00000072 PA:0x00101a19 store:0x00101384
          23584	     11788	001000b4	04070e63	beq	x14,x0,100110	 x14:0x00000072  x0:0x00000000
          23588	     11790	001000b8	00e7a023	sw	x14,0(x15)	 x15:0x00020000 x14:0x00000072 PA:0x00020000 store:0x00000072 load:0x00000000
          23592	     11792	001000bc	00254283	lbu	x5,2(x10)	 x10:0x00101a18  x5=0x00000065 PA:0x00101a1a store:0x00137fa0
          23594	     11793	001000c0	04028863	beq	x5,x0,100110	  x5:0x00000065  x0:0x00000000
          23598	     11795	001000c4	0057a023	sw	x5,0(x15)	 x15:0x00020000  x5:0x00000065 PA:0x00020000 store:0x00000065 load:0x00000000
          23602	     11797	001000c8	00354303	lbu	x6,3(x10)	 x10:0x00101a18  x6=0x00000073 PA:0x00101a1b store:0x00000000
          23604	     11798	001000cc	04030263	beq	x6,x0,100110	  x6:0x00000073  x0:0x00000000
          23608	     11800	001000d0	0067a023	sw	x6,0(x15)	 x15:0x00020000  x6:0x00000073 PA:0x00020000 store:0x00000073 load:0x00000000
          23612	     11802	001000d4	00454383	lbu	x7,4(x10)	 x10:0x00101a18  x7=0x00000075 PA:0x00101a1c store:0x00000000
          23614	     11803	001000d8	02038c63	beq	x7,x0,100110	  x7:0x00000075  x0:0x00000000
          23618	     11805	001000dc	0077a023	sw	x7,0(x15)	 x15:0x00020000  x7:0x00000075 PA:0x00020000 store:0x00000075 load:0x00000000
          23622	     11807	001000e0	00554583	lbu	x11,5(x10)	 x10:0x00101a18 x11=0x0000006c PA:0x00101a1d store:0x00000065
          23624	     11808	001000e4	02058663	beq	x11,x0,100110	 x11:0x0000006c  x0:0x00000000
          23628	     11810	001000e8	00b7a023	sw	x11,0(x15)	 x15:0x00020000 x11:0x0000006c PA:0x00020000 store:0x0000006c load:0x00000000
          23632	     11812	001000ec	00654603	lbu	x12,6(x10)	 x10:0x00101a18 x12=0x00000074 PA:0x00101a1e store:0x00000073
          23634	     11813	001000f0	02060063	beq	x12,x0,100110	 x12:0x00000074  x0:0x00000000
          23638	     11815	001000f4	00c7a023	sw	x12,0(x15)	 x15:0x00020000 x12:0x00000074 PA:0x00020000 store:0x00000074 load:0x00000000
          23642	     11817	001000f8	00754683	lbu	x13,7(x10)	 x10:0x00101a18 x13=0x0000003a PA:0x00101a1f store:0x00000075
          23644	     11818	001000fc	00850513	addi	x10,x10,8	 x10:0x00101a18 x10=0x00101a20
          23646	     11819	00100100	00068863	beq	x13,x0,100110	 x13:0x0000003a  x0:0x00000000
          23650	     11821	00100104	00d7a023	sw	x13,0(x15)	 x15:0x00020000 x13:0x0000003a PA:0x00020000 store:0x0000003a load:0x00000000
          23654	     11823	00100108	00054803	lbu	x16,0(x10)	 x10:0x00101a20 x16=0x00000020 PA:0x00101a20 store:0x00000000
          23658	     11825	0010010c	fa0810e3	bne	x16,x0,1000ac	 x16:0x00000020  x0:0x00000000
          23664	     11828	001000ac	0107a023	sw	x16,0(x15)	 x15:0x00020000 x16:0x00000020 PA:0x00020000 store:0x00000020 load:0x00000000
          23668	     11830	001000b0	00154703	lbu	x14,1(x10)	 x10:0x00101a20 x14=0x00000000 PA:0x00101a21 store:0x00101384
          23672	     11832	001000b4	04070e63	beq	x14,x0,100110	 x14:0x00000000  x0:0x00000000
          23676	     11834	00100110	00000513	addi	x10,x0,0	  x0:0x00000000 x10=0x00000000
          23680	     11836	00100114	00008067	jalr	x0,0(x1)	  x1:0x00101384  x0=0x00000000
          23684	     11838	00101384	cf8a2503	lw	x10,-776(x20)	 x20:0x00102000 x10=0x3f800c55 PA:0x00101cf8 store:0x0000000c
          23686	     11839	00101388	002c0d93	addi	x27,x24,2	 x24:0x0000000c x27=0x0000000e
          23690	     11841	0010138c	d95fe0ef	jal	x1,100120	  x1=0x00101390
          23692	     11842	00100120	01c55793	srli	x15,x10,0x1c	 x10:0x3f800c55 x15=0x00000003
          23694	     11843	00100124	00900713	addi	x14,x0,9	  x0:0x00000000 x14=0x00000009
          23698	     11845	00100128	0cf77a63	bgeu	x14,x15,1001fc	 x14:0x00000009 x15:0x00000003
          23702	     11847	001001fc	03078393	addi	x7,x15,48	 x15:0x00000003  x7=0x00000033
          23704	     11848	00100200	000205b7	lui	x11,0x20	 x11=0x00020000
          23706	     11849	00100204	00451613	slli	x12,x10,0x4	 x10:0x3f800c55 x12=0xf800c550
          23710	     11851	00100208	0075a023	sw	x7,0(x11)	 x11:0x00020000  x7:0x00000033 PA:0x00020000 store:0x00000033 load:0x00000000
          23712	     11852	0010020c	01c65693	srli	x13,x12,0x1c	 x12:0xf800c550 x13=0x0000000f
          23714	     11853	00100210	00900813	addi	x16,x0,9	  x0:0x00000000 x16=0x00000009
          23718	     11855	00100214	f2d86ae3	bltu	x16,x13,100148	 x16:0x00000009 x13:0x0000000f
          23722	     11857	00100148	03768893	addi	x17,x13,55	 x13:0x0000000f x17=0x00000046
          23724	     11858	0010014c	00020e37	lui	x28,0x20	 x28=0x00020000
          23726	     11859	00100150	00851f93	slli	x31,x10,0x8	 x10:0x3f800c55 x31=0x800c5500
          23730	     11861	00100154	011e2023	sw	x17,0(x28)	 x28:0x00020000 x17:0x00000046 PA:0x00020000 store:0x00000046 load:0x00000000
          23732	     11862	00100158	01cfd793	srli	x15,x31,0x1c	 x31:0x800c5500 x15=0x00000008
          23734	     11863	0010015c	00900713	addi	x14,x0,9	  x0:0x00000000 x14=0x00000009
          23738	     11865	00100160	0cf77a63	bgeu	x14,x15,100234	 x14:0x00000009 x15:0x00000008
          23742	     11867	00100234	03078393	addi	x7,x15,48	 x15:0x00000008  x7=0x00000038
          23744	     11868	00100238	000205b7	lui	x11,0x20	 x11=0x00020000
          23746	     11869	0010023c	00c51613	slli	x12,x10,0xc	 x10:0x3f800c55 x12=0x00c55000
          23750	     11871	00100240	0075a023	sw	x7,0(x11)	 x11:0x00020000  x7:0x00000038 PA:0x00020000 store:0x00000038 load:0x00000000
          23752	     11872	00100244	01c65693	srli	x13,x12,0x1c	 x12:0x00c55000 x13=0x00000000
          23754	     11873	00100248	00900813	addi	x16,x0,9	  x0:0x00000000 x16=0x00000009
          23756	     11874	0010024c	f2d86ae3	bltu	x16,x13,100180	 x16:0x00000009 x13:0x00000000
          23758	     11875	00100250	03068e93	addi	x29,x13,48	 x13:0x00000000 x29=0x00000030
          23760	     11876	00100254	00020f37	lui	x30,0x20	 x30=0x00020000
          23762	     11877	00100258	01051f93	slli	x31,x10,0x10	 x10:0x3f800c55 x31=0x0c550000
          23766	     11879	0010025c	01df2023	sw	x29,0(x30)	 x30:0x00020000 x29:0x00000030 PA:0x00020000 store:0x00000030 load:0x00000000
          23768	     11880	00100260	01cfd793	srli	x15,x31,0x1c	 x31:0x0c550000 x15=0x00000000
          23770	     11881	00100264	00900713	addi	x14,x0,9	  x0:0x00000000 x14=0x00000009
          23772	     11882	00100268	f2f76ae3	bltu	x14,x15,10019c	 x14:0x00000009 x15:0x00000000
          23774	     11883	0010026c	03078393	addi	x7,x15,48	 x15:0x00000000  x7=0x00000030
          23776	     11884	00100270	000205b7	lui	x11,0x20	 x11=0x00020000
          23778	     11885	00100274	01451613	slli	x12,x10,0x14	 x10:0x3f800c55 x12=0xc5500000
          23782	     11887	00100278	0075a023	sw	x7,0(x11)	 x11:0x00020000  x7:0x00000030 PA:0x00020000 store:0x00000030 load:0x00000000
          23784	     11888	0010027c	01c65693	srli	x13,x12,0x1c	 x12:0xc5500000 x13=0x0000000c
          23786	     11889	00100280	00900813	addi	x16,x0,9	  x0:0x00000000 x16=0x00000009
          23790	     11891	00100284	f2d86ae3	bltu	x16,x13,1001b8	 x16:0x00000009 x13:0x0000000c
          23794	     11893	001001b8	03768893	addi	x17,x13,55	 x13:0x0000000c x17=0x00000043
          23796	     11894	001001bc	00020e37	lui	x28,0x20	 x28=0x00020000
          23798	     11895	001001c0	01851f93	slli	x31,x10,0x18	 x10:0x3f800c55 x31=0x55000000
          23802	     11897	001001c4	011e2023	sw	x17,0(x28)	 x28:0x00020000 x17:0x00000043 PA:0x00020000 store:0x00000043 load:0x00000000
          23804	     11898	001001c8	01cfd793	srli	x15,x31,0x1c	 x31:0x55000000 x15=0x00000005
          23806	     11899	001001cc	00900713	addi	x14,x0,9	  x0:0x00000000 x14=0x00000009
          23810	     11901	001001d0	0cf77a63	bgeu	x14,x15,1002a4	 x14:0x00000009 x15:0x00000005
          23814	     11903	001002a4	03078393	addi	x7,x15,48	 x15:0x00000005  x7=0x00000035
          23816	     11904	001002a8	000205b7	lui	x11,0x20	 x11=0x00020000
          23820	     11906	001002ac	0075a023	sw	x7,0(x11)	 x11:0x00020000  x7:0x00000035 PA:0x00020000 store:0x00000035 load:0x00000000
          23822	     11907	001002b0	00f57513	andi	x10,x10,15	 x10:0x3f800c55 x10=0x00000005
          23824	     11908	001002b4	00900613	addi	x12,x0,9	  x0:0x00000000 x12=0x00000009
          23828	     11910	001002b8	f2a67ae3	bgeu	x12,x10,1001ec	 x12:0x00000009 x10:0x00000005
          23832	     11912	001001ec	03050893	addi	x17,x10,48	 x10:0x00000005 x17=0x00000035
          23834	     11913	001001f0	00020e37	lui	x28,0x20	 x28=0x00020000
          23838	     11915	001001f4	011e2023	sw	x17,0(x28)	 x28:0x00020000 x17:0x00000035 PA:0x00020000 store:0x00000035 load:0x00000000
          23852	     11922	001001f8	00008067	jalr	x0,0(x1)	  x1:0x00101390  x0=0x00000000
          23854	     11923	00101390	d089a807	flw	f16,-760(x19)	 f19:0x00102000 f16=0x00000000 PA:0x00101d08 store:0x3f8018ab
          23876	     11934	00101394	a10a8513	addi	x10,x21,-1520	 x21:0x00102000 x10=0x00101a10
          23878	     11935	00101398	580878d3	fsqrt.s	f17,f16	 f16:0x00000009 f17=0x00000000
          23884	     11938	0010139c	d119a427	fsw	f17,-760(x19)	 f19:0x00102000 f17:0x00000035 PA:0x00101d08 store:0x3f80062a load:0x3f800c55
          23892	     11942	001013a0	d089a907	flw	f18,-760(x19)	 f19:0x00102000 f18=0x00000000 PA:0x00101d08 store:0x3f8018ab
          23898	     11945	001013a4	e00907d3	fmv.x.w	x15,f18	 f18:0x00102000 x15=0x3f80062a
          23900	     11946	001013a8	cefa2c23	sw	x15,-776(x20)	 x20:0x00102000 x15:0x3f80062a PA:0x00101cf8 store:0x3f80062a load:0x3f80062a
          23904	     11948	001013ac	cf5fe0ef	jal	x1,1000a0	  x1=0x001013b0
          23908	     11950	001000a0	00054803	lbu	x16,0(x10)	 x10:0x00101a10 x16=0x0000000a PA:0x00101a10 store:0x00000000
          23910	     11951	001000a4	06080663	beq	x16,x0,100110	 x16:0x0000000a  x0:0x00000000
          23912	     11952	001000a8	000207b7	lui	x15,0x20	 x15=0x00020000
          23916	     11954	001000ac	0107a023	sw	x16,0(x15)	 x15:0x00020000 x16:0x0000000a PA:0x00020000 store:0x0000000a load:0x00000000
          23920	     11956	001000b0	00154703	lbu	x14,1(x10)	 x10:0x00101a10 x14=0x00000020 PA:0x00101a11 store:0x001013b0
          23922	     11957	001000b4	04070e63	beq	x14,x0,100110	 x14:0x00000020  x0:0x00000000
          23926	     11959	001000b8	00e7a023	sw	x14,0(x15)	 x15:0x00020000 x14:0x00000020 PA:0x00020000 store:0x00000020 load:0x00000000
          23930	     11961	001000bc	00254283	lbu	x5,2(x10)	 x10:0x00101a10  x5=0x00000069 PA:0x00101a12 store:0x00137fa0
          23932	     11962	001000c0	04028863	beq	x5,x0,100110	  x5:0x00000069  x0:0x00000000
          23936	     11964	001000c4	0057a023	sw	x5,0(x15)	 x15:0x00020000  x5:0x00000069 PA:0x00020000 store:0x00000069 load:0x00000000
          23940	     11966	001000c8	00354303	lbu	x6,3(x10)	 x10:0x00101a10  x6=0x0000003d PA:0x00101a13 store:0x00000000
          23942	     11967	001000cc	04030263	beq	x6,x0,100110	  x6:0x0000003d  x0:0x00000000
          23946	     11969	001000d0	0067a023	sw	x6,0(x15)	 x15:0x00020000  x6:0x0000003d PA:0x00020000 store:0x0000003d load:0x00000000
          23950	     11971	001000d4	00454383	lbu	x7,4(x10)	 x10:0x00101a10  x7=0x00000000 PA:0x00101a14 store:0x00000000
          23954	     11973	001000d8	02038c63	beq	x7,x0,100110	  x7:0x00000000  x0:0x00000000
          23958	     11975	00100110	00000513	addi	x10,x0,0	  x0:0x00000000 x10=0x00000000
          23962	     11977	00100114	00008067	jalr	x0,0(x1)	  x1:0x001013b0  x0=0x00000000
          23964	     11978	001013b0	000d8513	addi	x10,x27,0	 x27:0x0000000e x10=0x0000000e
          23968	     11980	001013b4	d6dfe0ef	jal	x1,100120	  x1=0x001013b8
          23970	     11981	00100120	01c55793	srli	x15,x10,0x1c	 x10:0x0000000e x15=0x00000000
          23972	     11982	00100124	00900713	addi	x14,x0,9	  x0:0x00000000 x14=0x00000009
          23976	     11984	00100128	0cf77a63	bgeu	x14,x15,1001fc	 x14:0x00000009 x15:0x00000000
          23980	     11986	001001fc	03078393	addi	x7,x15,48	 x15:0x00000000  x7=0x00000030
          23982	     11987	00100200	000205b7	lui	x11,0x20	 x11=0x00020000
          23984	     11988	00100204	00451613	slli	x12,x10,0x4	 x10:0x0000000e x12=0x000000e0
          23988	     11990	00100208	0075a023	sw	x7,0(x11)	 x11:0x00020000  x7:0x00000030 PA:0x00020000 store:0x00000030 load:0x00000000
          23990	     11991	0010020c	01c65693	srli	x13,x12,0x1c	 x12:0x000000e0 x13=0x00000000
          23992	     11992	00100210	00900813	addi	x16,x0,9	  x0:0x00000000 x16=0x00000009
          23994	     11993	00100214	f2d86ae3	bltu	x16,x13,100148	 x16:0x00000009 x13:0x00000000
          23996	     11994	00100218	03068e93	addi	x29,x13,48	 x13:0x00000000 x29=0x00000030
          23998	     11995	0010021c	00020f37	lui	x30,0x20	 x30=0x00020000
          24000	     11996	00100220	00851f93	slli	x31,x10,0x8	 x10:0x0000000e x31=0x00000e00
          24004	     11998	00100224	01df2023	sw	x29,0(x30)	 x30:0x00020000 x29:0x00000030 PA:0x00020000 store:0x00000030 load:0x00000000
          24006	     11999	00100228	01cfd793	srli	x15,x31,0x1c	 x31:0x00000e00 x15=0x00000000
          24008	     12000	0010022c	00900713	addi	x14,x0,9	  x0:0x00000000 x14=0x00000009
          24010	     12001	00100230	f2f76ae3	bltu	x14,x15,100164	 x14:0x00000009 x15:0x00000000
          24012	     12002	00100234	03078393	addi	x7,x15,48	 x15:0x00000000  x7=0x00000030
          24014	     12003	00100238	000205b7	lui	x11,0x20	 x11=0x00020000
          24016	     12004	0010023c	00c51613	slli	x12,x10,0xc	 x10:0x0000000e x12=0x0000e000
          24020	     12006	00100240	0075a023	sw	x7,0(x11)	 x11:0x00020000  x7:0x00000030 PA:0x00020000 store:0x00000030 load:0x00000000
          24022	     12007	00100244	01c65693	srli	x13,x12,0x1c	 x12:0x0000e000 x13=0x00000000
          24024	     12008	00100248	00900813	addi	x16,x0,9	  x0:0x00000000 x16=0x00000009
          24026	     12009	0010024c	f2d86ae3	bltu	x16,x13,100180	 x16:0x00000009 x13:0x00000000
          24028	     12010	00100250	03068e93	addi	x29,x13,48	 x13:0x00000000 x29=0x00000030
          24030	     12011	00100254	00020f37	lui	x30,0x20	 x30=0x00020000
          24032	     12012	00100258	01051f93	slli	x31,x10,0x10	 x10:0x0000000e x31=0x000e0000
          24036	     12014	0010025c	01df2023	sw	x29,0(x30)	 x30:0x00020000 x29:0x00000030 PA:0x00020000 store:0x00000030 load:0x00000000
          24038	     12015	00100260	01cfd793	srli	x15,x31,0x1c	 x31:0x000e0000 x15=0x00000000
          24040	     12016	00100264	00900713	addi	x14,x0,9	  x0:0x00000000 x14=0x00000009
          24042	     12017	00100268	f2f76ae3	bltu	x14,x15,10019c	 x14:0x00000009 x15:0x00000000
          24044	     12018	0010026c	03078393	addi	x7,x15,48	 x15:0x00000000  x7=0x00000030
          24046	     12019	00100270	000205b7	lui	x11,0x20	 x11=0x00020000
          24048	     12020	00100274	01451613	slli	x12,x10,0x14	 x10:0x0000000e x12=0x00e00000
          24052	     12022	00100278	0075a023	sw	x7,0(x11)	 x11:0x00020000  x7:0x00000030 PA:0x00020000 store:0x00000030 load:0x00000000
          24054	     12023	0010027c	01c65693	srli	x13,x12,0x1c	 x12:0x00e00000 x13=0x00000000
          24056	     12024	00100280	00900813	addi	x16,x0,9	  x0:0x00000000 x16=0x00000009
          24058	     12025	00100284	f2d86ae3	bltu	x16,x13,1001b8	 x16:0x00000009 x13:0x00000000
          24060	     12026	00100288	03068e93	addi	x29,x13,48	 x13:0x00000000 x29=0x00000030
          24062	     12027	0010028c	00020f37	lui	x30,0x20	 x30=0x00020000
          24064	     12028	00100290	01851f93	slli	x31,x10,0x18	 x10:0x0000000e x31=0x0e000000
          24068	     12030	00100294	01df2023	sw	x29,0(x30)	 x30:0x00020000 x29:0x00000030 PA:0x00020000 store:0x00000030 load:0x00000000
          24070	     12031	00100298	01cfd793	srli	x15,x31,0x1c	 x31:0x0e000000 x15=0x00000000
          24072	     12032	0010029c	00900713	addi	x14,x0,9	  x0:0x00000000 x14=0x00000009
          24074	     12033	001002a0	f2f76ae3	bltu	x14,x15,1001d4	 x14:0x00000009 x15:0x00000000
          24076	     12034	001002a4	03078393	addi	x7,x15,48	 x15:0x00000000  x7=0x00000030
          24078	     12035	001002a8	000205b7	lui	x11,0x20	 x11=0x00020000
          24082	     12037	001002ac	0075a023	sw	x7,0(x11)	 x11:0x00020000  x7:0x00000030 PA:0x00020000 store:0x00000030 load:0x00000000
          24084	     12038	001002b0	00f57513	andi	x10,x10,15	 x10:0x0000000e x10=0x0000000e
          24086	     12039	001002b4	00900613	addi	x12,x0,9	  x0:0x00000000 x12=0x00000009
          24088	     12040	001002b8	f2a67ae3	bgeu	x12,x10,1001ec	 x12:0x00000009 x10:0x0000000e
          24090	     12041	001002bc	03750693	addi	x13,x10,55	 x10:0x0000000e x13=0x00000045
          24092	     12042	001002c0	00020837	lui	x16,0x20	 x16=0x00020000
          24096	     12044	001002c4	00d82023	sw	x13,0(x16)	 x16:0x00020000 x13:0x00000045 PA:0x00020000 store:0x00000045 load:0x00000000
          24100	     12046	001002c8	00008067	jalr	x0,0(x1)	  x1:0x001013b8  x0=0x00000000
          24102	     12047	001013b8	a18b0513	addi	x10,x22,-1512	 x22:0x00102000 x10=0x00101a18
          24106	     12049	001013bc	ce5fe0ef	jal	x1,1000a0	  x1=0x001013c0
          24110	     12051	001000a0	00054803	lbu	x16,0(x10)	 x10:0x00101a18 x16=0x00000020 PA:0x00101a18 store:0x00000000
          24112	     12052	001000a4	06080663	beq	x16,x0,100110	 x16:0x00000020  x0:0x00000000
          24114	     12053	001000a8	000207b7	lui	x15,0x20	 x15=0x00020000
          24118	     12055	001000ac	0107a023	sw	x16,0(x15)	 x15:0x00020000 x16:0x00000020 PA:0x00020000 store:0x00000020 load:0x00000000
          24122	     12057	001000b0	00154703	lbu	x14,1(x10)	 x10:0x00101a18 x14=0x00000072 PA:0x00101a19 store:0x001013c0
          24124	     12058	001000b4	04070e63	beq	x14,x0,100110	 x14:0x00000072  x0:0x00000000
          24128	     12060	001000b8	00e7a023	sw	x14,0(x15)	 x15:0x00020000 x14:0x00000072 PA:0x00020000 store:0x00000072 load:0x00000000
          24132	     12062	001000bc	00254283	lbu	x5,2(x10)	 x10:0x00101a18  x5=0x00000065 PA:0x00101a1a store:0x00137fa0
          24134	     12063	001000c0	04028863	beq	x5,x0,100110	  x5:0x00000065  x0:0x00000000
          24138	     12065	001000c4	0057a023	sw	x5,0(x15)	 x15:0x00020000  x5:0x00000065 PA:0x00020000 store:0x00000065 load:0x00000000
          24142	     12067	001000c8	00354303	lbu	x6,3(x10)	 x10:0x00101a18  x6=0x00000073 PA:0x00101a1b store:0x00000000
          24144	     12068	001000cc	04030263	beq	x6,x0,100110	  x6:0x00000073  x0:0x00000000
          24148	     12070	001000d0	0067a023	sw	x6,0(x15)	 x15:0x00020000  x6:0x00000073 PA:0x00020000 store:0x00000073 load:0x00000000
          24152	     12072	001000d4	00454383	lbu	x7,4(x10)	 x10:0x00101a18  x7=0x00000075 PA:0x00101a1c store:0x00000000
          24154	     12073	001000d8	02038c63	beq	x7,x0,100110	  x7:0x00000075  x0:0x00000000
          24158	     12075	001000dc	0077a023	sw	x7,0(x15)	 x15:0x00020000  x7:0x00000075 PA:0x00020000 store:0x00000075 load:0x00000000
          24162	     12077	001000e0	00554583	lbu	x11,5(x10)	 x10:0x00101a18 x11=0x0000006c PA:0x00101a1d store:0x00000065
          24164	     12078	001000e4	02058663	beq	x11,x0,100110	 x11:0x0000006c  x0:0x00000000
          24168	     12080	001000e8	00b7a023	sw	x11,0(x15)	 x15:0x00020000 x11:0x0000006c PA:0x00020000 store:0x0000006c load:0x00000000
          24172	     12082	001000ec	00654603	lbu	x12,6(x10)	 x10:0x00101a18 x12=0x00000074 PA:0x00101a1e store:0x00000073
          24174	     12083	001000f0	02060063	beq	x12,x0,100110	 x12:0x00000074  x0:0x00000000
          24178	     12085	001000f4	00c7a023	sw	x12,0(x15)	 x15:0x00020000 x12:0x00000074 PA:0x00020000 store:0x00000074 load:0x00000000
          24182	     12087	001000f8	00754683	lbu	x13,7(x10)	 x10:0x00101a18 x13=0x0000003a PA:0x00101a1f store:0x00000075
          24184	     12088	001000fc	00850513	addi	x10,x10,8	 x10:0x00101a18 x10=0x00101a20
          24186	     12089	00100100	00068863	beq	x13,x0,100110	 x13:0x0000003a  x0:0x00000000
          24190	     12091	00100104	00d7a023	sw	x13,0(x15)	 x15:0x00020000 x13:0x0000003a PA:0x00020000 store:0x0000003a load:0x00000000
          24194	     12093	00100108	00054803	lbu	x16,0(x10)	 x10:0x00101a20 x16=0x00000020 PA:0x00101a20 store:0x00000000
          24198	     12095	0010010c	fa0810e3	bne	x16,x0,1000ac	 x16:0x00000020  x0:0x00000000
          24204	     12098	001000ac	0107a023	sw	x16,0(x15)	 x15:0x00020000 x16:0x00000020 PA:0x00020000 store:0x00000020 load:0x00000000
          24208	     12100	001000b0	00154703	lbu	x14,1(x10)	 x10:0x00101a20 x14=0x00000000 PA:0x00101a21 store:0x001013c0
          24212	     12102	001000b4	04070e63	beq	x14,x0,100110	 x14:0x00000000  x0:0x00000000
          24216	     12104	00100110	00000513	addi	x10,x0,0	  x0:0x00000000 x10=0x00000000
          24220	     12106	00100114	00008067	jalr	x0,0(x1)	  x1:0x001013c0  x0=0x00000000
          24224	     12108	001013c0	cf8a2503	lw	x10,-776(x20)	 x20:0x00102000 x10=0x3f80062a PA:0x00101cf8 store:0x0000000c
          24226	     12109	001013c4	003c0d93	addi	x27,x24,3	 x24:0x0000000c x27=0x0000000f
          24228	     12110	001013c8	004c0c13	addi	x24,x24,4	 x24:0x0000000c x24=0x00000010
          24232	     12112	001013cc	d55fe0ef	jal	x1,100120	  x1=0x001013d0
          24234	     12113	00100120	01c55793	srli	x15,x10,0x1c	 x10:0x3f80062a x15=0x00000003
          24236	     12114	00100124	00900713	addi	x14,x0,9	  x0:0x00000000 x14=0x00000009
          24240	     12116	00100128	0cf77a63	bgeu	x14,x15,1001fc	 x14:0x00000009 x15:0x00000003
          24244	     12118	001001fc	03078393	addi	x7,x15,48	 x15:0x00000003  x7=0x00000033
          24246	     12119	00100200	000205b7	lui	x11,0x20	 x11=0x00020000
          24248	     12120	00100204	00451613	slli	x12,x10,0x4	 x10:0x3f80062a x12=0xf80062a0
          24252	     12122	00100208	0075a023	sw	x7,0(x11)	 x11:0x00020000  x7:0x00000033 PA:0x00020000 store:0x00000033 load:0x00000000
          24254	     12123	0010020c	01c65693	srli	x13,x12,0x1c	 x12:0xf80062a0 x13=0x0000000f
          24256	     12124	00100210	00900813	addi	x16,x0,9	  x0:0x00000000 x16=0x00000009
          24260	     12126	00100214	f2d86ae3	bltu	x16,x13,100148	 x16:0x00000009 x13:0x0000000f
          24264	     12128	00100148	03768893	addi	x17,x13,55	 x13:0x0000000f x17=0x00000046
          24266	     12129	0010014c	00020e37	lui	x28,0x20	 x28=0x00020000
          24268	     12130	00100150	00851f93	slli	x31,x10,0x8	 x10:0x3f80062a x31=0x80062a00
          24272	     12132	00100154	011e2023	sw	x17,0(x28)	 x28:0x00020000 x17:0x00000046 PA:0x00020000 store:0x00000046 load:0x00000000
          24274	     12133	00100158	01cfd793	srli	x15,x31,0x1c	 x31:0x80062a00 x15=0x00000008
          24276	     12134	0010015c	00900713	addi	x14,x0,9	  x0:0x00000000 x14=0x00000009
          24280	     12136	00100160	0cf77a63	bgeu	x14,x15,100234	 x14:0x00000009 x15:0x00000008
          24284	     12138	00100234	03078393	addi	x7,x15,48	 x15:0x00000008  x7=0x00000038
          24286	     12139	00100238	000205b7	lui	x11,0x20	 x11=0x00020000
          24288	     12140	0010023c	00c51613	slli	x12,x10,0xc	 x10:0x3f80062a x12=0x0062a000
          24292	     12142	00100240	0075a023	sw	x7,0(x11)	 x11:0x00020000  x7:0x00000038 PA:0x00020000 store:0x00000038 load:0x00000000
          24294	     12143	00100244	01c65693	srli	x13,x12,0x1c	 x12:0x0062a000 x13=0x00000000
          24296	     12144	00100248	00900813	addi	x16,x0,9	  x0:0x00000000 x16=0x00000009
          24298	     12145	0010024c	f2d86ae3	bltu	x16,x13,100180	 x16:0x00000009 x13:0x00000000
          24300	     12146	00100250	03068e93	addi	x29,x13,48	 x13:0x00000000 x29=0x00000030
          24302	     12147	00100254	00020f37	lui	x30,0x20	 x30=0x00020000
          24304	     12148	00100258	01051f93	slli	x31,x10,0x10	 x10:0x3f80062a x31=0x062a0000
          24308	     12150	0010025c	01df2023	sw	x29,0(x30)	 x30:0x00020000 x29:0x00000030 PA:0x00020000 store:0x00000030 load:0x00000000
          24310	     12151	00100260	01cfd793	srli	x15,x31,0x1c	 x31:0x062a0000 x15=0x00000000
          24312	     12152	00100264	00900713	addi	x14,x0,9	  x0:0x00000000 x14=0x00000009
          24314	     12153	00100268	f2f76ae3	bltu	x14,x15,10019c	 x14:0x00000009 x15:0x00000000
          24316	     12154	0010026c	03078393	addi	x7,x15,48	 x15:0x00000000  x7=0x00000030
          24318	     12155	00100270	000205b7	lui	x11,0x20	 x11=0x00020000
          24320	     12156	00100274	01451613	slli	x12,x10,0x14	 x10:0x3f80062a x12=0x62a00000
          24324	     12158	00100278	0075a023	sw	x7,0(x11)	 x11:0x00020000  x7:0x00000030 PA:0x00020000 store:0x00000030 load:0x00000000
          24326	     12159	0010027c	01c65693	srli	x13,x12,0x1c	 x12:0x62a00000 x13=0x00000006
          24328	     12160	00100280	00900813	addi	x16,x0,9	  x0:0x00000000 x16=0x00000009
          24330	     12161	00100284	f2d86ae3	bltu	x16,x13,1001b8	 x16:0x00000009 x13:0x00000006
          24332	     12162	00100288	03068e93	addi	x29,x13,48	 x13:0x00000006 x29=0x00000036
          24334	     12163	0010028c	00020f37	lui	x30,0x20	 x30=0x00020000
          24336	     12164	00100290	01851f93	slli	x31,x10,0x18	 x10:0x3f80062a x31=0x2a000000
          24340	     12166	00100294	01df2023	sw	x29,0(x30)	 x30:0x00020000 x29:0x00000036 PA:0x00020000 store:0x00000036 load:0x00000000
          24342	     12167	00100298	01cfd793	srli	x15,x31,0x1c	 x31:0x2a000000 x15=0x00000002
          24344	     12168	0010029c	00900713	addi	x14,x0,9	  x0:0x00000000 x14=0x00000009
          24346	     12169	001002a0	f2f76ae3	bltu	x14,x15,1001d4	 x14:0x00000009 x15:0x00000002
          24348	     12170	001002a4	03078393	addi	x7,x15,48	 x15:0x00000002  x7=0x00000032
          24350	     12171	001002a8	000205b7	lui	x11,0x20	 x11=0x00020000
          24354	     12173	001002ac	0075a023	sw	x7,0(x11)	 x11:0x00020000  x7:0x00000032 PA:0x00020000 store:0x00000032 load:0x00000000
          24356	     12174	001002b0	00f57513	andi	x10,x10,15	 x10:0x3f80062a x10=0x0000000a
          24358	     12175	001002b4	00900613	addi	x12,x0,9	  x0:0x00000000 x12=0x00000009
          24360	     12176	001002b8	f2a67ae3	bgeu	x12,x10,1001ec	 x12:0x00000009 x10:0x0000000a
          24362	     12177	001002bc	03750693	addi	x13,x10,55	 x10:0x0000000a x13=0x00000041
          24364	     12178	001002c0	00020837	lui	x16,0x20	 x16=0x00020000
          24368	     12180	001002c4	00d82023	sw	x13,0(x16)	 x16:0x00020000 x13:0x00000041 PA:0x00020000 store:0x00000041 load:0x00000000
          24372	     12182	001002c8	00008067	jalr	x0,0(x1)	  x1:0x001013d0  x0=0x00000000
          24384	     12188	001013d0	a10a8513	addi	x10,x21,-1520	 x21:0x00102000 x10=0x00101a10
          24386	     12189	001013d4	d089a987	flw	f19,-760(x19)	 f19:0x00102000 f19=0x00000000 PA:0x00101d08 store:0x3f8018ab
          24406	     12199	001013d8	5809fa53	fsqrt.s	f20,f19	 f19:0x00102000 f20=0x00000000
          24414	     12203	001013dc	d149a427	fsw	f20,-760(x19)	 f19:0x00102000 f20:0x00102000 PA:0x00101d08 store:0x3f800315 load:0x3f80062a
          24422	     12207	001013e0	d089aa87	flw	f21,-760(x19)	 f19:0x00102000 f21=0x00000000 PA:0x00101d08 store:0x3f8018ab
          24428	     12210	001013e4	e00a82d3	fmv.x.w	x5,f21	 f21:0x00102000  x5=0x3f800315
          24430	     12211	001013e8	ce5a2c23	sw	x5,-776(x20)	 x20:0x00102000  x5:0x3f800315 PA:0x00101cf8 store:0x3f800315 load:0x3f800315
          24434	     12213	001013ec	cb5fe0ef	jal	x1,1000a0	  x1=0x001013f0
          24438	     12215	001000a0	00054803	lbu	x16,0(x10)	 x10:0x00101a10 x16=0x0000000a PA:0x00101a10 store:0x00000000
          24440	     12216	001000a4	06080663	beq	x16,x0,100110	 x16:0x0000000a  x0:0x00000000
          24442	     12217	001000a8	000207b7	lui	x15,0x20	 x15=0x00020000
          24446	     12219	001000ac	0107a023	sw	x16,0(x15)	 x15:0x00020000 x16:0x0000000a PA:0x00020000 store:0x0000000a load:0x00000000
          24450	     12221	001000b0	00154703	lbu	x14,1(x10)	 x10:0x00101a10 x14=0x00000020 PA:0x00101a11 store:0x001013f0
          24452	     12222	001000b4	04070e63	beq	x14,x0,100110	 x14:0x00000020  x0:0x00000000
          24456	     12224	001000b8	00e7a023	sw	x14,0(x15)	 x15:0x00020000 x14:0x00000020 PA:0x00020000 store:0x00000020 load:0x00000000
          24460	     12226	001000bc	00254283	lbu	x5,2(x10)	 x10:0x00101a10  x5=0x00000069 PA:0x00101a12 store:0x00137fa0
          24462	     12227	001000c0	04028863	beq	x5,x0,100110	  x5:0x00000069  x0:0x00000000
          24466	     12229	001000c4	0057a023	sw	x5,0(x15)	 x15:0x00020000  x5:0x00000069 PA:0x00020000 store:0x00000069 load:0x00000000
          24470	     12231	001000c8	00354303	lbu	x6,3(x10)	 x10:0x00101a10  x6=0x0000003d PA:0x00101a13 store:0x00000000
          24472	     12232	001000cc	04030263	beq	x6,x0,100110	  x6:0x0000003d  x0:0x00000000
          24476	     12234	001000d0	0067a023	sw	x6,0(x15)	 x15:0x00020000  x6:0x0000003d PA:0x00020000 store:0x0000003d load:0x00000000
          24480	     12236	001000d4	00454383	lbu	x7,4(x10)	 x10:0x00101a10  x7=0x00000000 PA:0x00101a14 store:0x00000000
          24484	     12238	001000d8	02038c63	beq	x7,x0,100110	  x7:0x00000000  x0:0x00000000
          24488	     12240	00100110	00000513	addi	x10,x0,0	  x0:0x00000000 x10=0x00000000
          24492	     12242	00100114	00008067	jalr	x0,0(x1)	  x1:0x001013f0  x0=0x00000000
          24494	     12243	001013f0	000d8513	addi	x10,x27,0	 x27:0x0000000f x10=0x0000000f
          24498	     12245	001013f4	d2dfe0ef	jal	x1,100120	  x1=0x001013f8
          24500	     12246	00100120	01c55793	srli	x15,x10,0x1c	 x10:0x0000000f x15=0x00000000
          24502	     12247	00100124	00900713	addi	x14,x0,9	  x0:0x00000000 x14=0x00000009
          24506	     12249	00100128	0cf77a63	bgeu	x14,x15,1001fc	 x14:0x00000009 x15:0x00000000
          24510	     12251	001001fc	03078393	addi	x7,x15,48	 x15:0x00000000  x7=0x00000030
          24512	     12252	00100200	000205b7	lui	x11,0x20	 x11=0x00020000
          24514	     12253	00100204	00451613	slli	x12,x10,0x4	 x10:0x0000000f x12=0x000000f0
          24518	     12255	00100208	0075a023	sw	x7,0(x11)	 x11:0x00020000  x7:0x00000030 PA:0x00020000 store:0x00000030 load:0x00000000
          24520	     12256	0010020c	01c65693	srli	x13,x12,0x1c	 x12:0x000000f0 x13=0x00000000
          24522	     12257	00100210	00900813	addi	x16,x0,9	  x0:0x00000000 x16=0x00000009
          24524	     12258	00100214	f2d86ae3	bltu	x16,x13,100148	 x16:0x00000009 x13:0x00000000
          24526	     12259	00100218	03068e93	addi	x29,x13,48	 x13:0x00000000 x29=0x00000030
          24528	     12260	0010021c	00020f37	lui	x30,0x20	 x30=0x00020000
          24530	     12261	00100220	00851f93	slli	x31,x10,0x8	 x10:0x0000000f x31=0x00000f00
          24534	     12263	00100224	01df2023	sw	x29,0(x30)	 x30:0x00020000 x29:0x00000030 PA:0x00020000 store:0x00000030 load:0x00000000
          24536	     12264	00100228	01cfd793	srli	x15,x31,0x1c	 x31:0x00000f00 x15=0x00000000
          24538	     12265	0010022c	00900713	addi	x14,x0,9	  x0:0x00000000 x14=0x00000009
          24540	     12266	00100230	f2f76ae3	bltu	x14,x15,100164	 x14:0x00000009 x15:0x00000000
          24542	     12267	00100234	03078393	addi	x7,x15,48	 x15:0x00000000  x7=0x00000030
          24544	     12268	00100238	000205b7	lui	x11,0x20	 x11=0x00020000
          24546	     12269	0010023c	00c51613	slli	x12,x10,0xc	 x10:0x0000000f x12=0x0000f000
          24550	     12271	00100240	0075a023	sw	x7,0(x11)	 x11:0x00020000  x7:0x00000030 PA:0x00020000 store:0x00000030 load:0x00000000
          24552	     12272	00100244	01c65693	srli	x13,x12,0x1c	 x12:0x0000f000 x13=0x00000000
          24554	     12273	00100248	00900813	addi	x16,x0,9	  x0:0x00000000 x16=0x00000009
          24556	     12274	0010024c	f2d86ae3	bltu	x16,x13,100180	 x16:0x00000009 x13:0x00000000
          24558	     12275	00100250	03068e93	addi	x29,x13,48	 x13:0x00000000 x29=0x00000030
          24560	     12276	00100254	00020f37	lui	x30,0x20	 x30=0x00020000
          24562	     12277	00100258	01051f93	slli	x31,x10,0x10	 x10:0x0000000f x31=0x000f0000
          24566	     12279	0010025c	01df2023	sw	x29,0(x30)	 x30:0x00020000 x29:0x00000030 PA:0x00020000 store:0x00000030 load:0x00000000
          24568	     12280	00100260	01cfd793	srli	x15,x31,0x1c	 x31:0x000f0000 x15=0x00000000
          24570	     12281	00100264	00900713	addi	x14,x0,9	  x0:0x00000000 x14=0x00000009
          24572	     12282	00100268	f2f76ae3	bltu	x14,x15,10019c	 x14:0x00000009 x15:0x00000000
          24574	     12283	0010026c	03078393	addi	x7,x15,48	 x15:0x00000000  x7=0x00000030
          24576	     12284	00100270	000205b7	lui	x11,0x20	 x11=0x00020000
          24578	     12285	00100274	01451613	slli	x12,x10,0x14	 x10:0x0000000f x12=0x00f00000
          24582	     12287	00100278	0075a023	sw	x7,0(x11)	 x11:0x00020000  x7:0x00000030 PA:0x00020000 store:0x00000030 load:0x00000000
          24584	     12288	0010027c	01c65693	srli	x13,x12,0x1c	 x12:0x00f00000 x13=0x00000000
          24586	     12289	00100280	00900813	addi	x16,x0,9	  x0:0x00000000 x16=0x00000009
          24588	     12290	00100284	f2d86ae3	bltu	x16,x13,1001b8	 x16:0x00000009 x13:0x00000000
          24590	     12291	00100288	03068e93	addi	x29,x13,48	 x13:0x00000000 x29=0x00000030
          24592	     12292	0010028c	00020f37	lui	x30,0x20	 x30=0x00020000
          24594	     12293	00100290	01851f93	slli	x31,x10,0x18	 x10:0x0000000f x31=0x0f000000
          24598	     12295	00100294	01df2023	sw	x29,0(x30)	 x30:0x00020000 x29:0x00000030 PA:0x00020000 store:0x00000030 load:0x00000000
          24600	     12296	00100298	01cfd793	srli	x15,x31,0x1c	 x31:0x0f000000 x15=0x00000000
          24602	     12297	0010029c	00900713	addi	x14,x0,9	  x0:0x00000000 x14=0x00000009
          24604	     12298	001002a0	f2f76ae3	bltu	x14,x15,1001d4	 x14:0x00000009 x15:0x00000000
          24606	     12299	001002a4	03078393	addi	x7,x15,48	 x15:0x00000000  x7=0x00000030
          24608	     12300	001002a8	000205b7	lui	x11,0x20	 x11=0x00020000
          24612	     12302	001002ac	0075a023	sw	x7,0(x11)	 x11:0x00020000  x7:0x00000030 PA:0x00020000 store:0x00000030 load:0x00000000
          24614	     12303	001002b0	00f57513	andi	x10,x10,15	 x10:0x0000000f x10=0x0000000f
          24616	     12304	001002b4	00900613	addi	x12,x0,9	  x0:0x00000000 x12=0x00000009
          24618	     12305	001002b8	f2a67ae3	bgeu	x12,x10,1001ec	 x12:0x00000009 x10:0x0000000f
          24620	     12306	001002bc	03750693	addi	x13,x10,55	 x10:0x0000000f x13=0x00000046
          24622	     12307	001002c0	00020837	lui	x16,0x20	 x16=0x00020000
          24626	     12309	001002c4	00d82023	sw	x13,0(x16)	 x16:0x00020000 x13:0x00000046 PA:0x00020000 store:0x00000046 load:0x00000000
          24630	     12311	001002c8	00008067	jalr	x0,0(x1)	  x1:0x001013f8  x0=0x00000000
          24632	     12312	001013f8	a18b0513	addi	x10,x22,-1512	 x22:0x00102000 x10=0x00101a18
          24636	     12314	001013fc	ca5fe0ef	jal	x1,1000a0	  x1=0x00101400
          24640	     12316	001000a0	00054803	lbu	x16,0(x10)	 x10:0x00101a18 x16=0x00000020 PA:0x00101a18 store:0x00000000
          24642	     12317	001000a4	06080663	beq	x16,x0,100110	 x16:0x00000020  x0:0x00000000
          24644	     12318	001000a8	000207b7	lui	x15,0x20	 x15=0x00020000
          24648	     12320	001000ac	0107a023	sw	x16,0(x15)	 x15:0x00020000 x16:0x00000020 PA:0x00020000 store:0x00000020 load:0x00000000
          24652	     12322	001000b0	00154703	lbu	x14,1(x10)	 x10:0x00101a18 x14=0x00000072 PA:0x00101a19 store:0x00101400
          24654	     12323	001000b4	04070e63	beq	x14,x0,100110	 x14:0x00000072  x0:0x00000000
          24658	     12325	001000b8	00e7a023	sw	x14,0(x15)	 x15:0x00020000 x14:0x00000072 PA:0x00020000 store:0x00000072 load:0x00000000
          24662	     12327	001000bc	00254283	lbu	x5,2(x10)	 x10:0x00101a18  x5=0x00000065 PA:0x00101a1a store:0x00137fa0
          24664	     12328	001000c0	04028863	beq	x5,x0,100110	  x5:0x00000065  x0:0x00000000
          24668	     12330	001000c4	0057a023	sw	x5,0(x15)	 x15:0x00020000  x5:0x00000065 PA:0x00020000 store:0x00000065 load:0x00000000
          24672	     12332	001000c8	00354303	lbu	x6,3(x10)	 x10:0x00101a18  x6=0x00000073 PA:0x00101a1b store:0x00000000
          24674	     12333	001000cc	04030263	beq	x6,x0,100110	  x6:0x00000073  x0:0x00000000
          24678	     12335	001000d0	0067a023	sw	x6,0(x15)	 x15:0x00020000  x6:0x00000073 PA:0x00020000 store:0x00000073 load:0x00000000
          24682	     12337	001000d4	00454383	lbu	x7,4(x10)	 x10:0x00101a18  x7=0x00000075 PA:0x00101a1c store:0x00000000
          24684	     12338	001000d8	02038c63	beq	x7,x0,100110	  x7:0x00000075  x0:0x00000000
          24688	     12340	001000dc	0077a023	sw	x7,0(x15)	 x15:0x00020000  x7:0x00000075 PA:0x00020000 store:0x00000075 load:0x00000000
          24692	     12342	001000e0	00554583	lbu	x11,5(x10)	 x10:0x00101a18 x11=0x0000006c PA:0x00101a1d store:0x00000065
          24694	     12343	001000e4	02058663	beq	x11,x0,100110	 x11:0x0000006c  x0:0x00000000
          24698	     12345	001000e8	00b7a023	sw	x11,0(x15)	 x15:0x00020000 x11:0x0000006c PA:0x00020000 store:0x0000006c load:0x00000000
          24702	     12347	001000ec	00654603	lbu	x12,6(x10)	 x10:0x00101a18 x12=0x00000074 PA:0x00101a1e store:0x00000073
          24704	     12348	001000f0	02060063	beq	x12,x0,100110	 x12:0x00000074  x0:0x00000000
          24708	     12350	001000f4	00c7a023	sw	x12,0(x15)	 x15:0x00020000 x12:0x00000074 PA:0x00020000 store:0x00000074 load:0x00000000
          24712	     12352	001000f8	00754683	lbu	x13,7(x10)	 x10:0x00101a18 x13=0x0000003a PA:0x00101a1f store:0x00000075
          24714	     12353	001000fc	00850513	addi	x10,x10,8	 x10:0x00101a18 x10=0x00101a20
          24716	     12354	00100100	00068863	beq	x13,x0,100110	 x13:0x0000003a  x0:0x00000000
          24720	     12356	00100104	00d7a023	sw	x13,0(x15)	 x15:0x00020000 x13:0x0000003a PA:0x00020000 store:0x0000003a load:0x00000000
          24724	     12358	00100108	00054803	lbu	x16,0(x10)	 x10:0x00101a20 x16=0x00000020 PA:0x00101a20 store:0x00000000
          24728	     12360	0010010c	fa0810e3	bne	x16,x0,1000ac	 x16:0x00000020  x0:0x00000000
          24734	     12363	001000ac	0107a023	sw	x16,0(x15)	 x15:0x00020000 x16:0x00000020 PA:0x00020000 store:0x00000020 load:0x00000000
          24738	     12365	001000b0	00154703	lbu	x14,1(x10)	 x10:0x00101a20 x14=0x00000000 PA:0x00101a21 store:0x00101400
          24742	     12367	001000b4	04070e63	beq	x14,x0,100110	 x14:0x00000000  x0:0x00000000
          24746	     12369	00100110	00000513	addi	x10,x0,0	  x0:0x00000000 x10=0x00000000
          24750	     12371	00100114	00008067	jalr	x0,0(x1)	  x1:0x00101400  x0=0x00000000
          24754	     12373	00101400	cf8a2503	lw	x10,-776(x20)	 x20:0x00102000 x10=0x3f800315 PA:0x00101cf8 store:0x00000010
          24758	     12375	00101404	d1dfe0ef	jal	x1,100120	  x1=0x00101408
          24760	     12376	00100120	01c55793	srli	x15,x10,0x1c	 x10:0x3f800315 x15=0x00000003
          24762	     12377	00100124	00900713	addi	x14,x0,9	  x0:0x00000000 x14=0x00000009
          24766	     12379	00100128	0cf77a63	bgeu	x14,x15,1001fc	 x14:0x00000009 x15:0x00000003
          24770	     12381	001001fc	03078393	addi	x7,x15,48	 x15:0x00000003  x7=0x00000033
          24772	     12382	00100200	000205b7	lui	x11,0x20	 x11=0x00020000
          24774	     12383	00100204	00451613	slli	x12,x10,0x4	 x10:0x3f800315 x12=0xf8003150
          24778	     12385	00100208	0075a023	sw	x7,0(x11)	 x11:0x00020000  x7:0x00000033 PA:0x00020000 store:0x00000033 load:0x00000000
          24780	     12386	0010020c	01c65693	srli	x13,x12,0x1c	 x12:0xf8003150 x13=0x0000000f
          24782	     12387	00100210	00900813	addi	x16,x0,9	  x0:0x00000000 x16=0x00000009
          24786	     12389	00100214	f2d86ae3	bltu	x16,x13,100148	 x16:0x00000009 x13:0x0000000f
          24790	     12391	00100148	03768893	addi	x17,x13,55	 x13:0x0000000f x17=0x00000046
          24792	     12392	0010014c	00020e37	lui	x28,0x20	 x28=0x00020000
          24794	     12393	00100150	00851f93	slli	x31,x10,0x8	 x10:0x3f800315 x31=0x80031500
          24798	     12395	00100154	011e2023	sw	x17,0(x28)	 x28:0x00020000 x17:0x00000046 PA:0x00020000 store:0x00000046 load:0x00000000
          24800	     12396	00100158	01cfd793	srli	x15,x31,0x1c	 x31:0x80031500 x15=0x00000008
          24802	     12397	0010015c	00900713	addi	x14,x0,9	  x0:0x00000000 x14=0x00000009
          24806	     12399	00100160	0cf77a63	bgeu	x14,x15,100234	 x14:0x00000009 x15:0x00000008
          24810	     12401	00100234	03078393	addi	x7,x15,48	 x15:0x00000008  x7=0x00000038
          24812	     12402	00100238	000205b7	lui	x11,0x20	 x11=0x00020000
          24814	     12403	0010023c	00c51613	slli	x12,x10,0xc	 x10:0x3f800315 x12=0x00315000
          24818	     12405	00100240	0075a023	sw	x7,0(x11)	 x11:0x00020000  x7:0x00000038 PA:0x00020000 store:0x00000038 load:0x00000000
          24820	     12406	00100244	01c65693	srli	x13,x12,0x1c	 x12:0x00315000 x13=0x00000000
          24822	     12407	00100248	00900813	addi	x16,x0,9	  x0:0x00000000 x16=0x00000009
          24824	     12408	0010024c	f2d86ae3	bltu	x16,x13,100180	 x16:0x00000009 x13:0x00000000
          24826	     12409	00100250	03068e93	addi	x29,x13,48	 x13:0x00000000 x29=0x00000030
          24828	     12410	00100254	00020f37	lui	x30,0x20	 x30=0x00020000
          24830	     12411	00100258	01051f93	slli	x31,x10,0x10	 x10:0x3f800315 x31=0x03150000
          24834	     12413	0010025c	01df2023	sw	x29,0(x30)	 x30:0x00020000 x29:0x00000030 PA:0x00020000 store:0x00000030 load:0x00000000
          24836	     12414	00100260	01cfd793	srli	x15,x31,0x1c	 x31:0x03150000 x15=0x00000000
          24838	     12415	00100264	00900713	addi	x14,x0,9	  x0:0x00000000 x14=0x00000009
          24840	     12416	00100268	f2f76ae3	bltu	x14,x15,10019c	 x14:0x00000009 x15:0x00000000
          24842	     12417	0010026c	03078393	addi	x7,x15,48	 x15:0x00000000  x7=0x00000030
          24844	     12418	00100270	000205b7	lui	x11,0x20	 x11=0x00020000
          24846	     12419	00100274	01451613	slli	x12,x10,0x14	 x10:0x3f800315 x12=0x31500000
          24850	     12421	00100278	0075a023	sw	x7,0(x11)	 x11:0x00020000  x7:0x00000030 PA:0x00020000 store:0x00000030 load:0x00000000
          24852	     12422	0010027c	01c65693	srli	x13,x12,0x1c	 x12:0x31500000 x13=0x00000003
          24854	     12423	00100280	00900813	addi	x16,x0,9	  x0:0x00000000 x16=0x00000009
          24856	     12424	00100284	f2d86ae3	bltu	x16,x13,1001b8	 x16:0x00000009 x13:0x00000003
          24858	     12425	00100288	03068e93	addi	x29,x13,48	 x13:0x00000003 x29=0x00000033
          24860	     12426	0010028c	00020f37	lui	x30,0x20	 x30=0x00020000
          24862	     12427	00100290	01851f93	slli	x31,x10,0x18	 x10:0x3f800315 x31=0x15000000
          24866	     12429	00100294	01df2023	sw	x29,0(x30)	 x30:0x00020000 x29:0x00000033 PA:0x00020000 store:0x00000033 load:0x00000000
          24868	     12430	00100298	01cfd793	srli	x15,x31,0x1c	 x31:0x15000000 x15=0x00000001
          24870	     12431	0010029c	00900713	addi	x14,x0,9	  x0:0x00000000 x14=0x00000009
          24872	     12432	001002a0	f2f76ae3	bltu	x14,x15,1001d4	 x14:0x00000009 x15:0x00000001
          24874	     12433	001002a4	03078393	addi	x7,x15,48	 x15:0x00000001  x7=0x00000031
          24876	     12434	001002a8	000205b7	lui	x11,0x20	 x11=0x00020000
          24880	     12436	001002ac	0075a023	sw	x7,0(x11)	 x11:0x00020000  x7:0x00000031 PA:0x00020000 store:0x00000031 load:0x00000000
          24882	     12437	001002b0	00f57513	andi	x10,x10,15	 x10:0x3f800315 x10=0x00000005
          24884	     12438	001002b4	00900613	addi	x12,x0,9	  x0:0x00000000 x12=0x00000009
          24888	     12440	001002b8	f2a67ae3	bgeu	x12,x10,1001ec	 x12:0x00000009 x10:0x00000005
          24892	     12442	001001ec	03050893	addi	x17,x10,48	 x10:0x00000005 x17=0x00000035
          24894	     12443	001001f0	00020e37	lui	x28,0x20	 x28=0x00020000
          24898	     12445	001001f4	011e2023	sw	x17,0(x28)	 x28:0x00020000 x17:0x00000035 PA:0x00020000 store:0x00000035 load:0x00000000
          24902	     12447	001001f8	00008067	jalr	x0,0(x1)	  x1:0x00101408  x0=0x00000000
          24906	     12449	00101408	f1ac18e3	bne	x24,x26,101318	 x24:0x00000010 x26:0x00000014
          24918	     12455	00101318	d089a607	flw	f12,-760(x19)	 f19:0x00102000 f12=0x00000000 PA:0x00101d08 store:0x3f8018ab
          24940	     12466	0010131c	580676d3	fsqrt.s	f13,f12	 f12:0x00000009 f13=0x00000000
          24948	     12470	00101320	d0d9a427	fsw	f13,-760(x19)	 f19:0x00102000 f13:0x00000003 PA:0x00101d08 store:0x3f80018a load:0x3f800315
          24956	     12474	00101324	d089a387	flw	f7,-760(x19)	 f19:0x00102000  f7=0x00000000 PA:0x00101d08 store:0x3f8018ab
          24962	     12477	00101328	a10a8513	addi	x10,x21,-1520	 x21:0x00102000 x10=0x00101a10
          24964	     12478	0010132c	e00386d3	fmv.x.w	x13,f7	  f7:0x00000031 x13=0x3f80018a
          24966	     12479	00101330	ceda2c23	sw	x13,-776(x20)	 x20:0x00102000 x13:0x3f80018a PA:0x00101cf8 store:0x3f80018a load:0x3f80018a
          24968	     12480	00101334	d6dfe0ef	jal	x1,1000a0	  x1=0x00101338
          24972	     12482	001000a0	00054803	lbu	x16,0(x10)	 x10:0x00101a10 x16=0x0000000a PA:0x00101a10 store:0x00000000
          24974	     12483	001000a4	06080663	beq	x16,x0,100110	 x16:0x0000000a  x0:0x00000000
          24976	     12484	001000a8	000207b7	lui	x15,0x20	 x15=0x00020000
          24980	     12486	001000ac	0107a023	sw	x16,0(x15)	 x15:0x00020000 x16:0x0000000a PA:0x00020000 store:0x0000000a load:0x00000000
          24984	     12488	001000b0	00154703	lbu	x14,1(x10)	 x10:0x00101a10 x14=0x00000020 PA:0x00101a11 store:0x00101338
          24986	     12489	001000b4	04070e63	beq	x14,x0,100110	 x14:0x00000020  x0:0x00000000
          24990	     12491	001000b8	00e7a023	sw	x14,0(x15)	 x15:0x00020000 x14:0x00000020 PA:0x00020000 store:0x00000020 load:0x00000000
          24994	     12493	001000bc	00254283	lbu	x5,2(x10)	 x10:0x00101a10  x5=0x00000069 PA:0x00101a12 store:0x00137fa0
          24996	     12494	001000c0	04028863	beq	x5,x0,100110	  x5:0x00000069  x0:0x00000000
          25000	     12496	001000c4	0057a023	sw	x5,0(x15)	 x15:0x00020000  x5:0x00000069 PA:0x00020000 store:0x00000069 load:0x00000000
          25004	     12498	001000c8	00354303	lbu	x6,3(x10)	 x10:0x00101a10  x6=0x0000003d PA:0x00101a13 store:0x00000000
          25006	     12499	001000cc	04030263	beq	x6,x0,100110	  x6:0x0000003d  x0:0x00000000
          25010	     12501	001000d0	0067a023	sw	x6,0(x15)	 x15:0x00020000  x6:0x0000003d PA:0x00020000 store:0x0000003d load:0x00000000
          25014	     12503	001000d4	00454383	lbu	x7,4(x10)	 x10:0x00101a10  x7=0x00000000 PA:0x00101a14 store:0x00000000
          25018	     12505	001000d8	02038c63	beq	x7,x0,100110	  x7:0x00000000  x0:0x00000000
          25022	     12507	00100110	00000513	addi	x10,x0,0	  x0:0x00000000 x10=0x00000000
          25026	     12509	00100114	00008067	jalr	x0,0(x1)	  x1:0x00101338  x0=0x00000000
          25028	     12510	00101338	000c0513	addi	x10,x24,0	 x24:0x00000010 x10=0x00000010
          25032	     12512	0010133c	de5fe0ef	jal	x1,100120	  x1=0x00101340
          25034	     12513	00100120	01c55793	srli	x15,x10,0x1c	 x10:0x00000010 x15=0x00000000
          25036	     12514	00100124	00900713	addi	x14,x0,9	  x0:0x00000000 x14=0x00000009
          25040	     12516	00100128	0cf77a63	bgeu	x14,x15,1001fc	 x14:0x00000009 x15:0x00000000
          25044	     12518	001001fc	03078393	addi	x7,x15,48	 x15:0x00000000  x7=0x00000030
          25046	     12519	00100200	000205b7	lui	x11,0x20	 x11=0x00020000
          25048	     12520	00100204	00451613	slli	x12,x10,0x4	 x10:0x00000010 x12=0x00000100
          25052	     12522	00100208	0075a023	sw	x7,0(x11)	 x11:0x00020000  x7:0x00000030 PA:0x00020000 store:0x00000030 load:0x00000000
          25054	     12523	0010020c	01c65693	srli	x13,x12,0x1c	 x12:0x00000100 x13=0x00000000
          25056	     12524	00100210	00900813	addi	x16,x0,9	  x0:0x00000000 x16=0x00000009
          25058	     12525	00100214	f2d86ae3	bltu	x16,x13,100148	 x16:0x00000009 x13:0x00000000
          25060	     12526	00100218	03068e93	addi	x29,x13,48	 x13:0x00000000 x29=0x00000030
          25062	     12527	0010021c	00020f37	lui	x30,0x20	 x30=0x00020000
          25064	     12528	00100220	00851f93	slli	x31,x10,0x8	 x10:0x00000010 x31=0x00001000
          25068	     12530	00100224	01df2023	sw	x29,0(x30)	 x30:0x00020000 x29:0x00000030 PA:0x00020000 store:0x00000030 load:0x00000000
          25070	     12531	00100228	01cfd793	srli	x15,x31,0x1c	 x31:0x00001000 x15=0x00000000
          25072	     12532	0010022c	00900713	addi	x14,x0,9	  x0:0x00000000 x14=0x00000009
          25074	     12533	00100230	f2f76ae3	bltu	x14,x15,100164	 x14:0x00000009 x15:0x00000000
          25076	     12534	00100234	03078393	addi	x7,x15,48	 x15:0x00000000  x7=0x00000030
          25078	     12535	00100238	000205b7	lui	x11,0x20	 x11=0x00020000
          25080	     12536	0010023c	00c51613	slli	x12,x10,0xc	 x10:0x00000010 x12=0x00010000
          25084	     12538	00100240	0075a023	sw	x7,0(x11)	 x11:0x00020000  x7:0x00000030 PA:0x00020000 store:0x00000030 load:0x00000000
          25086	     12539	00100244	01c65693	srli	x13,x12,0x1c	 x12:0x00010000 x13=0x00000000
          25088	     12540	00100248	00900813	addi	x16,x0,9	  x0:0x00000000 x16=0x00000009
          25090	     12541	0010024c	f2d86ae3	bltu	x16,x13,100180	 x16:0x00000009 x13:0x00000000
          25092	     12542	00100250	03068e93	addi	x29,x13,48	 x13:0x00000000 x29=0x00000030
          25094	     12543	00100254	00020f37	lui	x30,0x20	 x30=0x00020000
          25096	     12544	00100258	01051f93	slli	x31,x10,0x10	 x10:0x00000010 x31=0x00100000
          25100	     12546	0010025c	01df2023	sw	x29,0(x30)	 x30:0x00020000 x29:0x00000030 PA:0x00020000 store:0x00000030 load:0x00000000
          25102	     12547	00100260	01cfd793	srli	x15,x31,0x1c	 x31:0x00100000 x15=0x00000000
          25104	     12548	00100264	00900713	addi	x14,x0,9	  x0:0x00000000 x14=0x00000009
          25106	     12549	00100268	f2f76ae3	bltu	x14,x15,10019c	 x14:0x00000009 x15:0x00000000
          25108	     12550	0010026c	03078393	addi	x7,x15,48	 x15:0x00000000  x7=0x00000030
          25110	     12551	00100270	000205b7	lui	x11,0x20	 x11=0x00020000
          25112	     12552	00100274	01451613	slli	x12,x10,0x14	 x10:0x00000010 x12=0x01000000
          25116	     12554	00100278	0075a023	sw	x7,0(x11)	 x11:0x00020000  x7:0x00000030 PA:0x00020000 store:0x00000030 load:0x00000000
          25118	     12555	0010027c	01c65693	srli	x13,x12,0x1c	 x12:0x01000000 x13=0x00000000
          25120	     12556	00100280	00900813	addi	x16,x0,9	  x0:0x00000000 x16=0x00000009
          25122	     12557	00100284	f2d86ae3	bltu	x16,x13,1001b8	 x16:0x00000009 x13:0x00000000
          25124	     12558	00100288	03068e93	addi	x29,x13,48	 x13:0x00000000 x29=0x00000030
          25126	     12559	0010028c	00020f37	lui	x30,0x20	 x30=0x00020000
          25128	     12560	00100290	01851f93	slli	x31,x10,0x18	 x10:0x00000010 x31=0x10000000
          25132	     12562	00100294	01df2023	sw	x29,0(x30)	 x30:0x00020000 x29:0x00000030 PA:0x00020000 store:0x00000030 load:0x00000000
          25134	     12563	00100298	01cfd793	srli	x15,x31,0x1c	 x31:0x10000000 x15=0x00000001
          25136	     12564	0010029c	00900713	addi	x14,x0,9	  x0:0x00000000 x14=0x00000009
          25138	     12565	001002a0	f2f76ae3	bltu	x14,x15,1001d4	 x14:0x00000009 x15:0x00000001
          25140	     12566	001002a4	03078393	addi	x7,x15,48	 x15:0x00000001  x7=0x00000031
          25142	     12567	001002a8	000205b7	lui	x11,0x20	 x11=0x00020000
          25146	     12569	001002ac	0075a023	sw	x7,0(x11)	 x11:0x00020000  x7:0x00000031 PA:0x00020000 store:0x00000031 load:0x00000000
          25148	     12570	001002b0	00f57513	andi	x10,x10,15	 x10:0x00000010 x10=0x00000000
          25150	     12571	001002b4	00900613	addi	x12,x0,9	  x0:0x00000000 x12=0x00000009
          25154	     12573	001002b8	f2a67ae3	bgeu	x12,x10,1001ec	 x12:0x00000009 x10:0x00000000
          25158	     12575	001001ec	03050893	addi	x17,x10,48	 x10:0x00000000 x17=0x00000030
          25160	     12576	001001f0	00020e37	lui	x28,0x20	 x28=0x00020000
          25164	     12578	001001f4	011e2023	sw	x17,0(x28)	 x28:0x00020000 x17:0x00000030 PA:0x00020000 store:0x00000030 load:0x00000000
          25168	     12580	001001f8	00008067	jalr	x0,0(x1)	  x1:0x00101340  x0=0x00000000
          25170	     12581	00101340	a18b0513	addi	x10,x22,-1512	 x22:0x00102000 x10=0x00101a18
          25174	     12583	00101344	d5dfe0ef	jal	x1,1000a0	  x1=0x00101348
          25178	     12585	001000a0	00054803	lbu	x16,0(x10)	 x10:0x00101a18 x16=0x00000020 PA:0x00101a18 store:0x00000000
          25180	     12586	001000a4	06080663	beq	x16,x0,100110	 x16:0x00000020  x0:0x00000000
          25182	     12587	001000a8	000207b7	lui	x15,0x20	 x15=0x00020000
          25186	     12589	001000ac	0107a023	sw	x16,0(x15)	 x15:0x00020000 x16:0x00000020 PA:0x00020000 store:0x00000020 load:0x00000000
          25190	     12591	001000b0	00154703	lbu	x14,1(x10)	 x10:0x00101a18 x14=0x00000072 PA:0x00101a19 store:0x00101348
          25192	     12592	001000b4	04070e63	beq	x14,x0,100110	 x14:0x00000072  x0:0x00000000
          25196	     12594	001000b8	00e7a023	sw	x14,0(x15)	 x15:0x00020000 x14:0x00000072 PA:0x00020000 store:0x00000072 load:0x00000000
          25200	     12596	001000bc	00254283	lbu	x5,2(x10)	 x10:0x00101a18  x5=0x00000065 PA:0x00101a1a store:0x00137fa0
          25202	     12597	001000c0	04028863	beq	x5,x0,100110	  x5:0x00000065  x0:0x00000000
          25206	     12599	001000c4	0057a023	sw	x5,0(x15)	 x15:0x00020000  x5:0x00000065 PA:0x00020000 store:0x00000065 load:0x00000000
          25210	     12601	001000c8	00354303	lbu	x6,3(x10)	 x10:0x00101a18  x6=0x00000073 PA:0x00101a1b store:0x00000000
          25212	     12602	001000cc	04030263	beq	x6,x0,100110	  x6:0x00000073  x0:0x00000000
          25216	     12604	001000d0	0067a023	sw	x6,0(x15)	 x15:0x00020000  x6:0x00000073 PA:0x00020000 store:0x00000073 load:0x00000000
          25220	     12606	001000d4	00454383	lbu	x7,4(x10)	 x10:0x00101a18  x7=0x00000075 PA:0x00101a1c store:0x00000000
          25222	     12607	001000d8	02038c63	beq	x7,x0,100110	  x7:0x00000075  x0:0x00000000
          25226	     12609	001000dc	0077a023	sw	x7,0(x15)	 x15:0x00020000  x7:0x00000075 PA:0x00020000 store:0x00000075 load:0x00000000
          25230	     12611	001000e0	00554583	lbu	x11,5(x10)	 x10:0x00101a18 x11=0x0000006c PA:0x00101a1d store:0x00000065
          25232	     12612	001000e4	02058663	beq	x11,x0,100110	 x11:0x0000006c  x0:0x00000000
          25236	     12614	001000e8	00b7a023	sw	x11,0(x15)	 x15:0x00020000 x11:0x0000006c PA:0x00020000 store:0x0000006c load:0x00000000
          25240	     12616	001000ec	00654603	lbu	x12,6(x10)	 x10:0x00101a18 x12=0x00000074 PA:0x00101a1e store:0x00000073
          25242	     12617	001000f0	02060063	beq	x12,x0,100110	 x12:0x00000074  x0:0x00000000
          25246	     12619	001000f4	00c7a023	sw	x12,0(x15)	 x15:0x00020000 x12:0x00000074 PA:0x00020000 store:0x00000074 load:0x00000000
          25250	     12621	001000f8	00754683	lbu	x13,7(x10)	 x10:0x00101a18 x13=0x0000003a PA:0x00101a1f store:0x00000075
          25252	     12622	001000fc	00850513	addi	x10,x10,8	 x10:0x00101a18 x10=0x00101a20
          25254	     12623	00100100	00068863	beq	x13,x0,100110	 x13:0x0000003a  x0:0x00000000
          25258	     12625	00100104	00d7a023	sw	x13,0(x15)	 x15:0x00020000 x13:0x0000003a PA:0x00020000 store:0x0000003a load:0x00000000
          25262	     12627	00100108	00054803	lbu	x16,0(x10)	 x10:0x00101a20 x16=0x00000020 PA:0x00101a20 store:0x00000000
          25266	     12629	0010010c	fa0810e3	bne	x16,x0,1000ac	 x16:0x00000020  x0:0x00000000
          25272	     12632	001000ac	0107a023	sw	x16,0(x15)	 x15:0x00020000 x16:0x00000020 PA:0x00020000 store:0x00000020 load:0x00000000
          25276	     12634	001000b0	00154703	lbu	x14,1(x10)	 x10:0x00101a20 x14=0x00000000 PA:0x00101a21 store:0x00101348
          25280	     12636	001000b4	04070e63	beq	x14,x0,100110	 x14:0x00000000  x0:0x00000000
          25284	     12638	00100110	00000513	addi	x10,x0,0	  x0:0x00000000 x10=0x00000000
          25288	     12640	00100114	00008067	jalr	x0,0(x1)	  x1:0x00101348  x0=0x00000000
          25292	     12642	00101348	cf8a2503	lw	x10,-776(x20)	 x20:0x00102000 x10=0x3f80018a PA:0x00101cf8 store:0x00000010
          25294	     12643	0010134c	001c0d93	addi	x27,x24,1	 x24:0x00000010 x27=0x00000011
          25298	     12645	00101350	dd1fe0ef	jal	x1,100120	  x1=0x00101354
          25300	     12646	00100120	01c55793	srli	x15,x10,0x1c	 x10:0x3f80018a x15=0x00000003
          25302	     12647	00100124	00900713	addi	x14,x0,9	  x0:0x00000000 x14=0x00000009
          25306	     12649	00100128	0cf77a63	bgeu	x14,x15,1001fc	 x14:0x00000009 x15:0x00000003
          25310	     12651	001001fc	03078393	addi	x7,x15,48	 x15:0x00000003  x7=0x00000033
          25312	     12652	00100200	000205b7	lui	x11,0x20	 x11=0x00020000
          25314	     12653	00100204	00451613	slli	x12,x10,0x4	 x10:0x3f80018a x12=0xf80018a0
          25318	     12655	00100208	0075a023	sw	x7,0(x11)	 x11:0x00020000  x7:0x00000033 PA:0x00020000 store:0x00000033 load:0x00000000
          25320	     12656	0010020c	01c65693	srli	x13,x12,0x1c	 x12:0xf80018a0 x13=0x0000000f
          25322	     12657	00100210	00900813	addi	x16,x0,9	  x0:0x00000000 x16=0x00000009
          25326	     12659	00100214	f2d86ae3	bltu	x16,x13,100148	 x16:0x00000009 x13:0x0000000f
          25330	     12661	00100148	03768893	addi	x17,x13,55	 x13:0x0000000f x17=0x00000046
          25332	     12662	0010014c	00020e37	lui	x28,0x20	 x28=0x00020000
          25334	     12663	00100150	00851f93	slli	x31,x10,0x8	 x10:0x3f80018a x31=0x80018a00
          25338	     12665	00100154	011e2023	sw	x17,0(x28)	 x28:0x00020000 x17:0x00000046 PA:0x00020000 store:0x00000046 load:0x00000000
          25340	     12666	00100158	01cfd793	srli	x15,x31,0x1c	 x31:0x80018a00 x15=0x00000008
          25342	     12667	0010015c	00900713	addi	x14,x0,9	  x0:0x00000000 x14=0x00000009
          25346	     12669	00100160	0cf77a63	bgeu	x14,x15,100234	 x14:0x00000009 x15:0x00000008
          25350	     12671	00100234	03078393	addi	x7,x15,48	 x15:0x00000008  x7=0x00000038
          25352	     12672	00100238	000205b7	lui	x11,0x20	 x11=0x00020000
          25354	     12673	0010023c	00c51613	slli	x12,x10,0xc	 x10:0x3f80018a x12=0x0018a000
          25358	     12675	00100240	0075a023	sw	x7,0(x11)	 x11:0x00020000  x7:0x00000038 PA:0x00020000 store:0x00000038 load:0x00000000
          25360	     12676	00100244	01c65693	srli	x13,x12,0x1c	 x12:0x0018a000 x13=0x00000000
          25362	     12677	00100248	00900813	addi	x16,x0,9	  x0:0x00000000 x16=0x00000009
          25364	     12678	0010024c	f2d86ae3	bltu	x16,x13,100180	 x16:0x00000009 x13:0x00000000
          25366	     12679	00100250	03068e93	addi	x29,x13,48	 x13:0x00000000 x29=0x00000030
          25368	     12680	00100254	00020f37	lui	x30,0x20	 x30=0x00020000
          25370	     12681	00100258	01051f93	slli	x31,x10,0x10	 x10:0x3f80018a x31=0x018a0000
          25374	     12683	0010025c	01df2023	sw	x29,0(x30)	 x30:0x00020000 x29:0x00000030 PA:0x00020000 store:0x00000030 load:0x00000000
          25376	     12684	00100260	01cfd793	srli	x15,x31,0x1c	 x31:0x018a0000 x15=0x00000000
          25378	     12685	00100264	00900713	addi	x14,x0,9	  x0:0x00000000 x14=0x00000009
          25380	     12686	00100268	f2f76ae3	bltu	x14,x15,10019c	 x14:0x00000009 x15:0x00000000
          25382	     12687	0010026c	03078393	addi	x7,x15,48	 x15:0x00000000  x7=0x00000030
          25384	     12688	00100270	000205b7	lui	x11,0x20	 x11=0x00020000
          25386	     12689	00100274	01451613	slli	x12,x10,0x14	 x10:0x3f80018a x12=0x18a00000
          25390	     12691	00100278	0075a023	sw	x7,0(x11)	 x11:0x00020000  x7:0x00000030 PA:0x00020000 store:0x00000030 load:0x00000000
          25392	     12692	0010027c	01c65693	srli	x13,x12,0x1c	 x12:0x18a00000 x13=0x00000001
          25394	     12693	00100280	00900813	addi	x16,x0,9	  x0:0x00000000 x16=0x00000009
          25396	     12694	00100284	f2d86ae3	bltu	x16,x13,1001b8	 x16:0x00000009 x13:0x00000001
          25398	     12695	00100288	03068e93	addi	x29,x13,48	 x13:0x00000001 x29=0x00000031
          25400	     12696	0010028c	00020f37	lui	x30,0x20	 x30=0x00020000
          25402	     12697	00100290	01851f93	slli	x31,x10,0x18	 x10:0x3f80018a x31=0x8a000000
          25406	     12699	00100294	01df2023	sw	x29,0(x30)	 x30:0x00020000 x29:0x00000031 PA:0x00020000 store:0x00000031 load:0x00000000
          25408	     12700	00100298	01cfd793	srli	x15,x31,0x1c	 x31:0x8a000000 x15=0x00000008
          25410	     12701	0010029c	00900713	addi	x14,x0,9	  x0:0x00000000 x14=0x00000009
          25412	     12702	001002a0	f2f76ae3	bltu	x14,x15,1001d4	 x14:0x00000009 x15:0x00000008
          25414	     12703	001002a4	03078393	addi	x7,x15,48	 x15:0x00000008  x7=0x00000038
          25416	     12704	001002a8	000205b7	lui	x11,0x20	 x11=0x00020000
          25420	     12706	001002ac	0075a023	sw	x7,0(x11)	 x11:0x00020000  x7:0x00000038 PA:0x00020000 store:0x00000038 load:0x00000000
          25422	     12707	001002b0	00f57513	andi	x10,x10,15	 x10:0x3f80018a x10=0x0000000a
          25424	     12708	001002b4	00900613	addi	x12,x0,9	  x0:0x00000000 x12=0x00000009
          25426	     12709	001002b8	f2a67ae3	bgeu	x12,x10,1001ec	 x12:0x00000009 x10:0x0000000a
          25428	     12710	001002bc	03750693	addi	x13,x10,55	 x10:0x0000000a x13=0x00000041
          25430	     12711	001002c0	00020837	lui	x16,0x20	 x16=0x00020000
          25434	     12713	001002c4	00d82023	sw	x13,0(x16)	 x16:0x00020000 x13:0x00000041 PA:0x00020000 store:0x00000041 load:0x00000000
          25448	     12720	001002c8	00008067	jalr	x0,0(x1)	  x1:0x00101354  x0=0x00000000
          25450	     12721	00101354	d089a407	flw	f8,-760(x19)	 f19:0x00102000  f8=0x00000000 PA:0x00101d08 store:0x3f8018ab
          25470	     12731	00101358	580474d3	fsqrt.s	f9,f8	  f8:0x00102000  f9=0x00000000
          25478	     12735	0010135c	d099a427	fsw	f9,-760(x19)	 f19:0x00102000  f9:0x00102000 PA:0x00101d08 store:0x3f8000c5 load:0x3f80018a
          25486	     12739	00101360	d089a507	flw	f10,-760(x19)	 f19:0x00102000 f10=0x00000000 PA:0x00101d08 store:0x3f80018a
          25492	     12742	00101364	a10a8513	addi	x10,x21,-1520	 x21:0x00102000 x10=0x00101a10
          25494	     12743	00101368	e0050753	fmv.x.w	x14,f10	 f10:0x00101a10 x14=0x3f8000c5
          25496	     12744	0010136c	ceea2c23	sw	x14,-776(x20)	 x20:0x00102000 x14:0x3f8000c5 PA:0x00101cf8 store:0x3f8000c5 load:0x3f8000c5
          25498	     12745	00101370	d31fe0ef	jal	x1,1000a0	  x1=0x00101374
          25502	     12747	001000a0	00054803	lbu	x16,0(x10)	 x10:0x00101a10 x16=0x0000000a PA:0x00101a10 store:0x00000000
          25504	     12748	001000a4	06080663	beq	x16,x0,100110	 x16:0x0000000a  x0:0x00000000
          25506	     12749	001000a8	000207b7	lui	x15,0x20	 x15=0x00020000
          25510	     12751	001000ac	0107a023	sw	x16,0(x15)	 x15:0x00020000 x16:0x0000000a PA:0x00020000 store:0x0000000a load:0x00000000
          25514	     12753	001000b0	00154703	lbu	x14,1(x10)	 x10:0x00101a10 x14=0x00000020 PA:0x00101a11 store:0x00101374
          25516	     12754	001000b4	04070e63	beq	x14,x0,100110	 x14:0x00000020  x0:0x00000000
          25520	     12756	001000b8	00e7a023	sw	x14,0(x15)	 x15:0x00020000 x14:0x00000020 PA:0x00020000 store:0x00000020 load:0x00000000
          25524	     12758	001000bc	00254283	lbu	x5,2(x10)	 x10:0x00101a10  x5=0x00000069 PA:0x00101a12 store:0x00137fa0
          25526	     12759	001000c0	04028863	beq	x5,x0,100110	  x5:0x00000069  x0:0x00000000
          25530	     12761	001000c4	0057a023	sw	x5,0(x15)	 x15:0x00020000  x5:0x00000069 PA:0x00020000 store:0x00000069 load:0x00000000
          25534	     12763	001000c8	00354303	lbu	x6,3(x10)	 x10:0x00101a10  x6=0x0000003d PA:0x00101a13 store:0x00000000
          25536	     12764	001000cc	04030263	beq	x6,x0,100110	  x6:0x0000003d  x0:0x00000000
          25540	     12766	001000d0	0067a023	sw	x6,0(x15)	 x15:0x00020000  x6:0x0000003d PA:0x00020000 store:0x0000003d load:0x00000000
          25544	     12768	001000d4	00454383	lbu	x7,4(x10)	 x10:0x00101a10  x7=0x00000000 PA:0x00101a14 store:0x00000000
          25548	     12770	001000d8	02038c63	beq	x7,x0,100110	  x7:0x00000000  x0:0x00000000
          25552	     12772	00100110	00000513	addi	x10,x0,0	  x0:0x00000000 x10=0x00000000
          25556	     12774	00100114	00008067	jalr	x0,0(x1)	  x1:0x00101374  x0=0x00000000
          25558	     12775	00101374	000d8513	addi	x10,x27,0	 x27:0x00000011 x10=0x00000011
          25562	     12777	00101378	da9fe0ef	jal	x1,100120	  x1=0x0010137c
          25564	     12778	00100120	01c55793	srli	x15,x10,0x1c	 x10:0x00000011 x15=0x00000000
          25566	     12779	00100124	00900713	addi	x14,x0,9	  x0:0x00000000 x14=0x00000009
          25570	     12781	00100128	0cf77a63	bgeu	x14,x15,1001fc	 x14:0x00000009 x15:0x00000000
          25574	     12783	001001fc	03078393	addi	x7,x15,48	 x15:0x00000000  x7=0x00000030
          25576	     12784	00100200	000205b7	lui	x11,0x20	 x11=0x00020000
          25578	     12785	00100204	00451613	slli	x12,x10,0x4	 x10:0x00000011 x12=0x00000110
          25582	     12787	00100208	0075a023	sw	x7,0(x11)	 x11:0x00020000  x7:0x00000030 PA:0x00020000 store:0x00000030 load:0x00000000
          25584	     12788	0010020c	01c65693	srli	x13,x12,0x1c	 x12:0x00000110 x13=0x00000000
          25586	     12789	00100210	00900813	addi	x16,x0,9	  x0:0x00000000 x16=0x00000009
          25588	     12790	00100214	f2d86ae3	bltu	x16,x13,100148	 x16:0x00000009 x13:0x00000000
          25590	     12791	00100218	03068e93	addi	x29,x13,48	 x13:0x00000000 x29=0x00000030
          25592	     12792	0010021c	00020f37	lui	x30,0x20	 x30=0x00020000
          25594	     12793	00100220	00851f93	slli	x31,x10,0x8	 x10:0x00000011 x31=0x00001100
          25598	     12795	00100224	01df2023	sw	x29,0(x30)	 x30:0x00020000 x29:0x00000030 PA:0x00020000 store:0x00000030 load:0x00000000
          25600	     12796	00100228	01cfd793	srli	x15,x31,0x1c	 x31:0x00001100 x15=0x00000000
          25602	     12797	0010022c	00900713	addi	x14,x0,9	  x0:0x00000000 x14=0x00000009
          25604	     12798	00100230	f2f76ae3	bltu	x14,x15,100164	 x14:0x00000009 x15:0x00000000
          25606	     12799	00100234	03078393	addi	x7,x15,48	 x15:0x00000000  x7=0x00000030
          25608	     12800	00100238	000205b7	lui	x11,0x20	 x11=0x00020000
          25610	     12801	0010023c	00c51613	slli	x12,x10,0xc	 x10:0x00000011 x12=0x00011000
          25614	     12803	00100240	0075a023	sw	x7,0(x11)	 x11:0x00020000  x7:0x00000030 PA:0x00020000 store:0x00000030 load:0x00000000
          25616	     12804	00100244	01c65693	srli	x13,x12,0x1c	 x12:0x00011000 x13=0x00000000
          25618	     12805	00100248	00900813	addi	x16,x0,9	  x0:0x00000000 x16=0x00000009
          25620	     12806	0010024c	f2d86ae3	bltu	x16,x13,100180	 x16:0x00000009 x13:0x00000000
          25622	     12807	00100250	03068e93	addi	x29,x13,48	 x13:0x00000000 x29=0x00000030
          25624	     12808	00100254	00020f37	lui	x30,0x20	 x30=0x00020000
          25626	     12809	00100258	01051f93	slli	x31,x10,0x10	 x10:0x00000011 x31=0x00110000
          25630	     12811	0010025c	01df2023	sw	x29,0(x30)	 x30:0x00020000 x29:0x00000030 PA:0x00020000 store:0x00000030 load:0x00000000
          25632	     12812	00100260	01cfd793	srli	x15,x31,0x1c	 x31:0x00110000 x15=0x00000000
          25634	     12813	00100264	00900713	addi	x14,x0,9	  x0:0x00000000 x14=0x00000009
          25636	     12814	00100268	f2f76ae3	bltu	x14,x15,10019c	 x14:0x00000009 x15:0x00000000
          25638	     12815	0010026c	03078393	addi	x7,x15,48	 x15:0x00000000  x7=0x00000030
          25640	     12816	00100270	000205b7	lui	x11,0x20	 x11=0x00020000
          25642	     12817	00100274	01451613	slli	x12,x10,0x14	 x10:0x00000011 x12=0x01100000
          25646	     12819	00100278	0075a023	sw	x7,0(x11)	 x11:0x00020000  x7:0x00000030 PA:0x00020000 store:0x00000030 load:0x00000000
          25648	     12820	0010027c	01c65693	srli	x13,x12,0x1c	 x12:0x01100000 x13=0x00000000
          25650	     12821	00100280	00900813	addi	x16,x0,9	  x0:0x00000000 x16=0x00000009
          25652	     12822	00100284	f2d86ae3	bltu	x16,x13,1001b8	 x16:0x00000009 x13:0x00000000
          25654	     12823	00100288	03068e93	addi	x29,x13,48	 x13:0x00000000 x29=0x00000030
          25656	     12824	0010028c	00020f37	lui	x30,0x20	 x30=0x00020000
          25658	     12825	00100290	01851f93	slli	x31,x10,0x18	 x10:0x00000011 x31=0x11000000
          25662	     12827	00100294	01df2023	sw	x29,0(x30)	 x30:0x00020000 x29:0x00000030 PA:0x00020000 store:0x00000030 load:0x00000000
          25664	     12828	00100298	01cfd793	srli	x15,x31,0x1c	 x31:0x11000000 x15=0x00000001
          25666	     12829	0010029c	00900713	addi	x14,x0,9	  x0:0x00000000 x14=0x00000009
          25668	     12830	001002a0	f2f76ae3	bltu	x14,x15,1001d4	 x14:0x00000009 x15:0x00000001
          25670	     12831	001002a4	03078393	addi	x7,x15,48	 x15:0x00000001  x7=0x00000031
          25672	     12832	001002a8	000205b7	lui	x11,0x20	 x11=0x00020000
          25676	     12834	001002ac	0075a023	sw	x7,0(x11)	 x11:0x00020000  x7:0x00000031 PA:0x00020000 store:0x00000031 load:0x00000000
          25678	     12835	001002b0	00f57513	andi	x10,x10,15	 x10:0x00000011 x10=0x00000001
          25680	     12836	001002b4	00900613	addi	x12,x0,9	  x0:0x00000000 x12=0x00000009
          25684	     12838	001002b8	f2a67ae3	bgeu	x12,x10,1001ec	 x12:0x00000009 x10:0x00000001
          25688	     12840	001001ec	03050893	addi	x17,x10,48	 x10:0x00000001 x17=0x00000031
          25690	     12841	001001f0	00020e37	lui	x28,0x20	 x28=0x00020000
          25694	     12843	001001f4	011e2023	sw	x17,0(x28)	 x28:0x00020000 x17:0x00000031 PA:0x00020000 store:0x00000031 load:0x00000000
          25698	     12845	001001f8	00008067	jalr	x0,0(x1)	  x1:0x0010137c  x0=0x00000000
          25700	     12846	0010137c	a18b0513	addi	x10,x22,-1512	 x22:0x00102000 x10=0x00101a18
          25704	     12848	00101380	d21fe0ef	jal	x1,1000a0	  x1=0x00101384
          25708	     12850	001000a0	00054803	lbu	x16,0(x10)	 x10:0x00101a18 x16=0x00000020 PA:0x00101a18 store:0x00000000
          25710	     12851	001000a4	06080663	beq	x16,x0,100110	 x16:0x00000020  x0:0x00000000
          25712	     12852	001000a8	000207b7	lui	x15,0x20	 x15=0x00020000
          25716	     12854	001000ac	0107a023	sw	x16,0(x15)	 x15:0x00020000 x16:0x00000020 PA:0x00020000 store:0x00000020 load:0x00000000
          25720	     12856	001000b0	00154703	lbu	x14,1(x10)	 x10:0x00101a18 x14=0x00000072 PA:0x00101a19 store:0x00101384
          25722	     12857	001000b4	04070e63	beq	x14,x0,100110	 x14:0x00000072  x0:0x00000000
          25726	     12859	001000b8	00e7a023	sw	x14,0(x15)	 x15:0x00020000 x14:0x00000072 PA:0x00020000 store:0x00000072 load:0x00000000
          25730	     12861	001000bc	00254283	lbu	x5,2(x10)	 x10:0x00101a18  x5=0x00000065 PA:0x00101a1a store:0x00137fa0
          25732	     12862	001000c0	04028863	beq	x5,x0,100110	  x5:0x00000065  x0:0x00000000
          25736	     12864	001000c4	0057a023	sw	x5,0(x15)	 x15:0x00020000  x5:0x00000065 PA:0x00020000 store:0x00000065 load:0x00000000
          25740	     12866	001000c8	00354303	lbu	x6,3(x10)	 x10:0x00101a18  x6=0x00000073 PA:0x00101a1b store:0x00000000
          25742	     12867	001000cc	04030263	beq	x6,x0,100110	  x6:0x00000073  x0:0x00000000
          25746	     12869	001000d0	0067a023	sw	x6,0(x15)	 x15:0x00020000  x6:0x00000073 PA:0x00020000 store:0x00000073 load:0x00000000
          25750	     12871	001000d4	00454383	lbu	x7,4(x10)	 x10:0x00101a18  x7=0x00000075 PA:0x00101a1c store:0x00000000
          25752	     12872	001000d8	02038c63	beq	x7,x0,100110	  x7:0x00000075  x0:0x00000000
          25756	     12874	001000dc	0077a023	sw	x7,0(x15)	 x15:0x00020000  x7:0x00000075 PA:0x00020000 store:0x00000075 load:0x00000000
          25760	     12876	001000e0	00554583	lbu	x11,5(x10)	 x10:0x00101a18 x11=0x0000006c PA:0x00101a1d store:0x00000065
          25762	     12877	001000e4	02058663	beq	x11,x0,100110	 x11:0x0000006c  x0:0x00000000
          25766	     12879	001000e8	00b7a023	sw	x11,0(x15)	 x15:0x00020000 x11:0x0000006c PA:0x00020000 store:0x0000006c load:0x00000000
          25770	     12881	001000ec	00654603	lbu	x12,6(x10)	 x10:0x00101a18 x12=0x00000074 PA:0x00101a1e store:0x00000073
          25772	     12882	001000f0	02060063	beq	x12,x0,100110	 x12:0x00000074  x0:0x00000000
          25776	     12884	001000f4	00c7a023	sw	x12,0(x15)	 x15:0x00020000 x12:0x00000074 PA:0x00020000 store:0x00000074 load:0x00000000
          25780	     12886	001000f8	00754683	lbu	x13,7(x10)	 x10:0x00101a18 x13=0x0000003a PA:0x00101a1f store:0x00000075
          25782	     12887	001000fc	00850513	addi	x10,x10,8	 x10:0x00101a18 x10=0x00101a20
          25784	     12888	00100100	00068863	beq	x13,x0,100110	 x13:0x0000003a  x0:0x00000000
          25788	     12890	00100104	00d7a023	sw	x13,0(x15)	 x15:0x00020000 x13:0x0000003a PA:0x00020000 store:0x0000003a load:0x00000000
          25792	     12892	00100108	00054803	lbu	x16,0(x10)	 x10:0x00101a20 x16=0x00000020 PA:0x00101a20 store:0x00000000
          25796	     12894	0010010c	fa0810e3	bne	x16,x0,1000ac	 x16:0x00000020  x0:0x00000000
          25802	     12897	001000ac	0107a023	sw	x16,0(x15)	 x15:0x00020000 x16:0x00000020 PA:0x00020000 store:0x00000020 load:0x00000000
          25806	     12899	001000b0	00154703	lbu	x14,1(x10)	 x10:0x00101a20 x14=0x00000000 PA:0x00101a21 store:0x00101384
          25810	     12901	001000b4	04070e63	beq	x14,x0,100110	 x14:0x00000000  x0:0x00000000
          25814	     12903	00100110	00000513	addi	x10,x0,0	  x0:0x00000000 x10=0x00000000
          25818	     12905	00100114	00008067	jalr	x0,0(x1)	  x1:0x00101384  x0=0x00000000
          25822	     12907	00101384	cf8a2503	lw	x10,-776(x20)	 x20:0x00102000 x10=0x3f8000c5 PA:0x00101cf8 store:0x00000010
          25824	     12908	00101388	002c0d93	addi	x27,x24,2	 x24:0x00000010 x27=0x00000012
          25828	     12910	0010138c	d95fe0ef	jal	x1,100120	  x1=0x00101390
          25830	     12911	00100120	01c55793	srli	x15,x10,0x1c	 x10:0x3f8000c5 x15=0x00000003
          25832	     12912	00100124	00900713	addi	x14,x0,9	  x0:0x00000000 x14=0x00000009
          25836	     12914	00100128	0cf77a63	bgeu	x14,x15,1001fc	 x14:0x00000009 x15:0x00000003
          25840	     12916	001001fc	03078393	addi	x7,x15,48	 x15:0x00000003  x7=0x00000033
          25842	     12917	00100200	000205b7	lui	x11,0x20	 x11=0x00020000
          25844	     12918	00100204	00451613	slli	x12,x10,0x4	 x10:0x3f8000c5 x12=0xf8000c50
          25848	     12920	00100208	0075a023	sw	x7,0(x11)	 x11:0x00020000  x7:0x00000033 PA:0x00020000 store:0x00000033 load:0x00000000
          25850	     12921	0010020c	01c65693	srli	x13,x12,0x1c	 x12:0xf8000c50 x13=0x0000000f
          25852	     12922	00100210	00900813	addi	x16,x0,9	  x0:0x00000000 x16=0x00000009
          25856	     12924	00100214	f2d86ae3	bltu	x16,x13,100148	 x16:0x00000009 x13:0x0000000f
          25860	     12926	00100148	03768893	addi	x17,x13,55	 x13:0x0000000f x17=0x00000046
          25862	     12927	0010014c	00020e37	lui	x28,0x20	 x28=0x00020000
          25864	     12928	00100150	00851f93	slli	x31,x10,0x8	 x10:0x3f8000c5 x31=0x8000c500
          25868	     12930	00100154	011e2023	sw	x17,0(x28)	 x28:0x00020000 x17:0x00000046 PA:0x00020000 store:0x00000046 load:0x00000000
          25870	     12931	00100158	01cfd793	srli	x15,x31,0x1c	 x31:0x8000c500 x15=0x00000008
          25872	     12932	0010015c	00900713	addi	x14,x0,9	  x0:0x00000000 x14=0x00000009
          25876	     12934	00100160	0cf77a63	bgeu	x14,x15,100234	 x14:0x00000009 x15:0x00000008
          25880	     12936	00100234	03078393	addi	x7,x15,48	 x15:0x00000008  x7=0x00000038
          25882	     12937	00100238	000205b7	lui	x11,0x20	 x11=0x00020000
          25884	     12938	0010023c	00c51613	slli	x12,x10,0xc	 x10:0x3f8000c5 x12=0x000c5000
          25888	     12940	00100240	0075a023	sw	x7,0(x11)	 x11:0x00020000  x7:0x00000038 PA:0x00020000 store:0x00000038 load:0x00000000
          25890	     12941	00100244	01c65693	srli	x13,x12,0x1c	 x12:0x000c5000 x13=0x00000000
          25892	     12942	00100248	00900813	addi	x16,x0,9	  x0:0x00000000 x16=0x00000009
          25894	     12943	0010024c	f2d86ae3	bltu	x16,x13,100180	 x16:0x00000009 x13:0x00000000
          25896	     12944	00100250	03068e93	addi	x29,x13,48	 x13:0x00000000 x29=0x00000030
          25898	     12945	00100254	00020f37	lui	x30,0x20	 x30=0x00020000
          25900	     12946	00100258	01051f93	slli	x31,x10,0x10	 x10:0x3f8000c5 x31=0x00c50000
          25904	     12948	0010025c	01df2023	sw	x29,0(x30)	 x30:0x00020000 x29:0x00000030 PA:0x00020000 store:0x00000030 load:0x00000000
          25906	     12949	00100260	01cfd793	srli	x15,x31,0x1c	 x31:0x00c50000 x15=0x00000000
          25908	     12950	00100264	00900713	addi	x14,x0,9	  x0:0x00000000 x14=0x00000009
          25910	     12951	00100268	f2f76ae3	bltu	x14,x15,10019c	 x14:0x00000009 x15:0x00000000
          25912	     12952	0010026c	03078393	addi	x7,x15,48	 x15:0x00000000  x7=0x00000030
          25914	     12953	00100270	000205b7	lui	x11,0x20	 x11=0x00020000
          25916	     12954	00100274	01451613	slli	x12,x10,0x14	 x10:0x3f8000c5 x12=0x0c500000
          25920	     12956	00100278	0075a023	sw	x7,0(x11)	 x11:0x00020000  x7:0x00000030 PA:0x00020000 store:0x00000030 load:0x00000000
          25922	     12957	0010027c	01c65693	srli	x13,x12,0x1c	 x12:0x0c500000 x13=0x00000000
          25924	     12958	00100280	00900813	addi	x16,x0,9	  x0:0x00000000 x16=0x00000009
          25926	     12959	00100284	f2d86ae3	bltu	x16,x13,1001b8	 x16:0x00000009 x13:0x00000000
          25928	     12960	00100288	03068e93	addi	x29,x13,48	 x13:0x00000000 x29=0x00000030
          25930	     12961	0010028c	00020f37	lui	x30,0x20	 x30=0x00020000
          25932	     12962	00100290	01851f93	slli	x31,x10,0x18	 x10:0x3f8000c5 x31=0xc5000000
          25936	     12964	00100294	01df2023	sw	x29,0(x30)	 x30:0x00020000 x29:0x00000030 PA:0x00020000 store:0x00000030 load:0x00000000
          25938	     12965	00100298	01cfd793	srli	x15,x31,0x1c	 x31:0xc5000000 x15=0x0000000c
          25940	     12966	0010029c	00900713	addi	x14,x0,9	  x0:0x00000000 x14=0x00000009
          25944	     12968	001002a0	f2f76ae3	bltu	x14,x15,1001d4	 x14:0x00000009 x15:0x0000000c
          25948	     12970	001001d4	03778293	addi	x5,x15,55	 x15:0x0000000c  x5=0x00000043
          25950	     12971	001001d8	00020337	lui	x6,0x20	  x6=0x00020000
          25954	     12973	001001dc	00532023	sw	x5,0(x6)	  x6:0x00020000  x5:0x00000043 PA:0x00020000 store:0x00000043 load:0x00000000
          25956	     12974	001001e0	00f57513	andi	x10,x10,15	 x10:0x3f8000c5 x10=0x00000005
          25958	     12975	001001e4	00900613	addi	x12,x0,9	  x0:0x00000000 x12=0x00000009
          25960	     12976	001001e8	0ca66a63	bltu	x12,x10,1002bc	 x12:0x00000009 x10:0x00000005
          25962	     12977	001001ec	03050893	addi	x17,x10,48	 x10:0x00000005 x17=0x00000035
          25964	     12978	001001f0	00020e37	lui	x28,0x20	 x28=0x00020000
          25968	     12980	001001f4	011e2023	sw	x17,0(x28)	 x28:0x00020000 x17:0x00000035 PA:0x00020000 store:0x00000035 load:0x00000000
          25982	     12987	001001f8	00008067	jalr	x0,0(x1)	  x1:0x00101390  x0=0x00000000
          25984	     12988	00101390	d089a807	flw	f16,-760(x19)	 f19:0x00102000 f16=0x00000000 PA:0x00101d08 store:0x3f80018a
          26006	     12999	00101394	a10a8513	addi	x10,x21,-1520	 x21:0x00102000 x10=0x00101a10
          26008	     13000	00101398	580878d3	fsqrt.s	f17,f16	 f16:0x00000009 f17=0x00000000
          26014	     13003	0010139c	d119a427	fsw	f17,-760(x19)	 f19:0x00102000 f17:0x00000035 PA:0x00101d08 store:0x3f800062 load:0x3f8000c5
          26022	     13007	001013a0	d089a907	flw	f18,-760(x19)	 f19:0x00102000 f18=0x00000000 PA:0x00101d08 store:0x3f80018a
          26028	     13010	001013a4	e00907d3	fmv.x.w	x15,f18	 f18:0x00102000 x15=0x3f800062
          26030	     13011	001013a8	cefa2c23	sw	x15,-776(x20)	 x20:0x00102000 x15:0x3f800062 PA:0x00101cf8 store:0x3f800062 load:0x3f800062
          26034	     13013	001013ac	cf5fe0ef	jal	x1,1000a0	  x1=0x001013b0
          26038	     13015	001000a0	00054803	lbu	x16,0(x10)	 x10:0x00101a10 x16=0x0000000a PA:0x00101a10 store:0x00000000
          26040	     13016	001000a4	06080663	beq	x16,x0,100110	 x16:0x0000000a  x0:0x00000000
          26042	     13017	001000a8	000207b7	lui	x15,0x20	 x15=0x00020000
          26046	     13019	001000ac	0107a023	sw	x16,0(x15)	 x15:0x00020000 x16:0x0000000a PA:0x00020000 store:0x0000000a load:0x00000000
          26050	     13021	001000b0	00154703	lbu	x14,1(x10)	 x10:0x00101a10 x14=0x00000020 PA:0x00101a11 store:0x001013b0
          26052	     13022	001000b4	04070e63	beq	x14,x0,100110	 x14:0x00000020  x0:0x00000000
          26056	     13024	001000b8	00e7a023	sw	x14,0(x15)	 x15:0x00020000 x14:0x00000020 PA:0x00020000 store:0x00000020 load:0x00000000
          26060	     13026	001000bc	00254283	lbu	x5,2(x10)	 x10:0x00101a10  x5=0x00000069 PA:0x00101a12 store:0x00137fa0
          26062	     13027	001000c0	04028863	beq	x5,x0,100110	  x5:0x00000069  x0:0x00000000
          26066	     13029	001000c4	0057a023	sw	x5,0(x15)	 x15:0x00020000  x5:0x00000069 PA:0x00020000 store:0x00000069 load:0x00000000
          26070	     13031	001000c8	00354303	lbu	x6,3(x10)	 x10:0x00101a10  x6=0x0000003d PA:0x00101a13 store:0x00000000
          26072	     13032	001000cc	04030263	beq	x6,x0,100110	  x6:0x0000003d  x0:0x00000000
          26076	     13034	001000d0	0067a023	sw	x6,0(x15)	 x15:0x00020000  x6:0x0000003d PA:0x00020000 store:0x0000003d load:0x00000000
          26080	     13036	001000d4	00454383	lbu	x7,4(x10)	 x10:0x00101a10  x7=0x00000000 PA:0x00101a14 store:0x00000000
          26084	     13038	001000d8	02038c63	beq	x7,x0,100110	  x7:0x00000000  x0:0x00000000
          26088	     13040	00100110	00000513	addi	x10,x0,0	  x0:0x00000000 x10=0x00000000
          26092	     13042	00100114	00008067	jalr	x0,0(x1)	  x1:0x001013b0  x0=0x00000000
          26094	     13043	001013b0	000d8513	addi	x10,x27,0	 x27:0x00000012 x10=0x00000012
          26098	     13045	001013b4	d6dfe0ef	jal	x1,100120	  x1=0x001013b8
          26100	     13046	00100120	01c55793	srli	x15,x10,0x1c	 x10:0x00000012 x15=0x00000000
          26102	     13047	00100124	00900713	addi	x14,x0,9	  x0:0x00000000 x14=0x00000009
          26106	     13049	00100128	0cf77a63	bgeu	x14,x15,1001fc	 x14:0x00000009 x15:0x00000000
          26110	     13051	001001fc	03078393	addi	x7,x15,48	 x15:0x00000000  x7=0x00000030
          26112	     13052	00100200	000205b7	lui	x11,0x20	 x11=0x00020000
          26114	     13053	00100204	00451613	slli	x12,x10,0x4	 x10:0x00000012 x12=0x00000120
          26118	     13055	00100208	0075a023	sw	x7,0(x11)	 x11:0x00020000  x7:0x00000030 PA:0x00020000 store:0x00000030 load:0x00000000
          26120	     13056	0010020c	01c65693	srli	x13,x12,0x1c	 x12:0x00000120 x13=0x00000000
          26122	     13057	00100210	00900813	addi	x16,x0,9	  x0:0x00000000 x16=0x00000009
          26124	     13058	00100214	f2d86ae3	bltu	x16,x13,100148	 x16:0x00000009 x13:0x00000000
          26126	     13059	00100218	03068e93	addi	x29,x13,48	 x13:0x00000000 x29=0x00000030
          26128	     13060	0010021c	00020f37	lui	x30,0x20	 x30=0x00020000
          26130	     13061	00100220	00851f93	slli	x31,x10,0x8	 x10:0x00000012 x31=0x00001200
          26134	     13063	00100224	01df2023	sw	x29,0(x30)	 x30:0x00020000 x29:0x00000030 PA:0x00020000 store:0x00000030 load:0x00000000
          26136	     13064	00100228	01cfd793	srli	x15,x31,0x1c	 x31:0x00001200 x15=0x00000000
          26138	     13065	0010022c	00900713	addi	x14,x0,9	  x0:0x00000000 x14=0x00000009
          26140	     13066	00100230	f2f76ae3	bltu	x14,x15,100164	 x14:0x00000009 x15:0x00000000
          26142	     13067	00100234	03078393	addi	x7,x15,48	 x15:0x00000000  x7=0x00000030
          26144	     13068	00100238	000205b7	lui	x11,0x20	 x11=0x00020000
          26146	     13069	0010023c	00c51613	slli	x12,x10,0xc	 x10:0x00000012 x12=0x00012000
          26150	     13071	00100240	0075a023	sw	x7,0(x11)	 x11:0x00020000  x7:0x00000030 PA:0x00020000 store:0x00000030 load:0x00000000
          26152	     13072	00100244	01c65693	srli	x13,x12,0x1c	 x12:0x00012000 x13=0x00000000
          26154	     13073	00100248	00900813	addi	x16,x0,9	  x0:0x00000000 x16=0x00000009
          26156	     13074	0010024c	f2d86ae3	bltu	x16,x13,100180	 x16:0x00000009 x13:0x00000000
          26158	     13075	00100250	03068e93	addi	x29,x13,48	 x13:0x00000000 x29=0x00000030
          26160	     13076	00100254	00020f37	lui	x30,0x20	 x30=0x00020000
          26162	     13077	00100258	01051f93	slli	x31,x10,0x10	 x10:0x00000012 x31=0x00120000
          26166	     13079	0010025c	01df2023	sw	x29,0(x30)	 x30:0x00020000 x29:0x00000030 PA:0x00020000 store:0x00000030 load:0x00000000
          26168	     13080	00100260	01cfd793	srli	x15,x31,0x1c	 x31:0x00120000 x15=0x00000000
          26170	     13081	00100264	00900713	addi	x14,x0,9	  x0:0x00000000 x14=0x00000009
          26172	     13082	00100268	f2f76ae3	bltu	x14,x15,10019c	 x14:0x00000009 x15:0x00000000
          26174	     13083	0010026c	03078393	addi	x7,x15,48	 x15:0x00000000  x7=0x00000030
          26176	     13084	00100270	000205b7	lui	x11,0x20	 x11=0x00020000
          26178	     13085	00100274	01451613	slli	x12,x10,0x14	 x10:0x00000012 x12=0x01200000
          26182	     13087	00100278	0075a023	sw	x7,0(x11)	 x11:0x00020000  x7:0x00000030 PA:0x00020000 store:0x00000030 load:0x00000000
          26184	     13088	0010027c	01c65693	srli	x13,x12,0x1c	 x12:0x01200000 x13=0x00000000
          26186	     13089	00100280	00900813	addi	x16,x0,9	  x0:0x00000000 x16=0x00000009
          26188	     13090	00100284	f2d86ae3	bltu	x16,x13,1001b8	 x16:0x00000009 x13:0x00000000
          26190	     13091	00100288	03068e93	addi	x29,x13,48	 x13:0x00000000 x29=0x00000030
          26192	     13092	0010028c	00020f37	lui	x30,0x20	 x30=0x00020000
          26194	     13093	00100290	01851f93	slli	x31,x10,0x18	 x10:0x00000012 x31=0x12000000
          26198	     13095	00100294	01df2023	sw	x29,0(x30)	 x30:0x00020000 x29:0x00000030 PA:0x00020000 store:0x00000030 load:0x00000000
          26200	     13096	00100298	01cfd793	srli	x15,x31,0x1c	 x31:0x12000000 x15=0x00000001
          26202	     13097	0010029c	00900713	addi	x14,x0,9	  x0:0x00000000 x14=0x00000009
          26204	     13098	001002a0	f2f76ae3	bltu	x14,x15,1001d4	 x14:0x00000009 x15:0x00000001
          26206	     13099	001002a4	03078393	addi	x7,x15,48	 x15:0x00000001  x7=0x00000031
          26208	     13100	001002a8	000205b7	lui	x11,0x20	 x11=0x00020000
          26212	     13102	001002ac	0075a023	sw	x7,0(x11)	 x11:0x00020000  x7:0x00000031 PA:0x00020000 store:0x00000031 load:0x00000000
          26214	     13103	001002b0	00f57513	andi	x10,x10,15	 x10:0x00000012 x10=0x00000002
          26216	     13104	001002b4	00900613	addi	x12,x0,9	  x0:0x00000000 x12=0x00000009
          26220	     13106	001002b8	f2a67ae3	bgeu	x12,x10,1001ec	 x12:0x00000009 x10:0x00000002
          26224	     13108	001001ec	03050893	addi	x17,x10,48	 x10:0x00000002 x17=0x00000032
          26226	     13109	001001f0	00020e37	lui	x28,0x20	 x28=0x00020000
          26230	     13111	001001f4	011e2023	sw	x17,0(x28)	 x28:0x00020000 x17:0x00000032 PA:0x00020000 store:0x00000032 load:0x00000000
          26234	     13113	001001f8	00008067	jalr	x0,0(x1)	  x1:0x001013b8  x0=0x00000000
          26236	     13114	001013b8	a18b0513	addi	x10,x22,-1512	 x22:0x00102000 x10=0x00101a18
          26240	     13116	001013bc	ce5fe0ef	jal	x1,1000a0	  x1=0x001013c0
          26244	     13118	001000a0	00054803	lbu	x16,0(x10)	 x10:0x00101a18 x16=0x00000020 PA:0x00101a18 store:0x00000000
          26246	     13119	001000a4	06080663	beq	x16,x0,100110	 x16:0x00000020  x0:0x00000000
          26248	     13120	001000a8	000207b7	lui	x15,0x20	 x15=0x00020000
          26252	     13122	001000ac	0107a023	sw	x16,0(x15)	 x15:0x00020000 x16:0x00000020 PA:0x00020000 store:0x00000020 load:0x00000000
          26256	     13124	001000b0	00154703	lbu	x14,1(x10)	 x10:0x00101a18 x14=0x00000072 PA:0x00101a19 store:0x001013c0
          26258	     13125	001000b4	04070e63	beq	x14,x0,100110	 x14:0x00000072  x0:0x00000000
          26262	     13127	001000b8	00e7a023	sw	x14,0(x15)	 x15:0x00020000 x14:0x00000072 PA:0x00020000 store:0x00000072 load:0x00000000
          26266	     13129	001000bc	00254283	lbu	x5,2(x10)	 x10:0x00101a18  x5=0x00000065 PA:0x00101a1a store:0x00137fa0
          26268	     13130	001000c0	04028863	beq	x5,x0,100110	  x5:0x00000065  x0:0x00000000
          26272	     13132	001000c4	0057a023	sw	x5,0(x15)	 x15:0x00020000  x5:0x00000065 PA:0x00020000 store:0x00000065 load:0x00000000
          26276	     13134	001000c8	00354303	lbu	x6,3(x10)	 x10:0x00101a18  x6=0x00000073 PA:0x00101a1b store:0x00000000
          26278	     13135	001000cc	04030263	beq	x6,x0,100110	  x6:0x00000073  x0:0x00000000
          26282	     13137	001000d0	0067a023	sw	x6,0(x15)	 x15:0x00020000  x6:0x00000073 PA:0x00020000 store:0x00000073 load:0x00000000
          26286	     13139	001000d4	00454383	lbu	x7,4(x10)	 x10:0x00101a18  x7=0x00000075 PA:0x00101a1c store:0x00000000
          26288	     13140	001000d8	02038c63	beq	x7,x0,100110	  x7:0x00000075  x0:0x00000000
          26292	     13142	001000dc	0077a023	sw	x7,0(x15)	 x15:0x00020000  x7:0x00000075 PA:0x00020000 store:0x00000075 load:0x00000000
          26296	     13144	001000e0	00554583	lbu	x11,5(x10)	 x10:0x00101a18 x11=0x0000006c PA:0x00101a1d store:0x00000065
          26298	     13145	001000e4	02058663	beq	x11,x0,100110	 x11:0x0000006c  x0:0x00000000
          26302	     13147	001000e8	00b7a023	sw	x11,0(x15)	 x15:0x00020000 x11:0x0000006c PA:0x00020000 store:0x0000006c load:0x00000000
          26306	     13149	001000ec	00654603	lbu	x12,6(x10)	 x10:0x00101a18 x12=0x00000074 PA:0x00101a1e store:0x00000073
          26308	     13150	001000f0	02060063	beq	x12,x0,100110	 x12:0x00000074  x0:0x00000000
          26312	     13152	001000f4	00c7a023	sw	x12,0(x15)	 x15:0x00020000 x12:0x00000074 PA:0x00020000 store:0x00000074 load:0x00000000
          26316	     13154	001000f8	00754683	lbu	x13,7(x10)	 x10:0x00101a18 x13=0x0000003a PA:0x00101a1f store:0x00000075
          26318	     13155	001000fc	00850513	addi	x10,x10,8	 x10:0x00101a18 x10=0x00101a20
          26320	     13156	00100100	00068863	beq	x13,x0,100110	 x13:0x0000003a  x0:0x00000000
          26324	     13158	00100104	00d7a023	sw	x13,0(x15)	 x15:0x00020000 x13:0x0000003a PA:0x00020000 store:0x0000003a load:0x00000000
          26328	     13160	00100108	00054803	lbu	x16,0(x10)	 x10:0x00101a20 x16=0x00000020 PA:0x00101a20 store:0x00000000
          26332	     13162	0010010c	fa0810e3	bne	x16,x0,1000ac	 x16:0x00000020  x0:0x00000000
          26338	     13165	001000ac	0107a023	sw	x16,0(x15)	 x15:0x00020000 x16:0x00000020 PA:0x00020000 store:0x00000020 load:0x00000000
          26342	     13167	001000b0	00154703	lbu	x14,1(x10)	 x10:0x00101a20 x14=0x00000000 PA:0x00101a21 store:0x001013c0
          26346	     13169	001000b4	04070e63	beq	x14,x0,100110	 x14:0x00000000  x0:0x00000000
          26350	     13171	00100110	00000513	addi	x10,x0,0	  x0:0x00000000 x10=0x00000000
          26354	     13173	00100114	00008067	jalr	x0,0(x1)	  x1:0x001013c0  x0=0x00000000
          26358	     13175	001013c0	cf8a2503	lw	x10,-776(x20)	 x20:0x00102000 x10=0x3f800062 PA:0x00101cf8 store:0x00000010
          26360	     13176	001013c4	003c0d93	addi	x27,x24,3	 x24:0x00000010 x27=0x00000013
          26362	     13177	001013c8	004c0c13	addi	x24,x24,4	 x24:0x00000010 x24=0x00000014
          26366	     13179	001013cc	d55fe0ef	jal	x1,100120	  x1=0x001013d0
          26368	     13180	00100120	01c55793	srli	x15,x10,0x1c	 x10:0x3f800062 x15=0x00000003
          26370	     13181	00100124	00900713	addi	x14,x0,9	  x0:0x00000000 x14=0x00000009
          26374	     13183	00100128	0cf77a63	bgeu	x14,x15,1001fc	 x14:0x00000009 x15:0x00000003
          26378	     13185	001001fc	03078393	addi	x7,x15,48	 x15:0x00000003  x7=0x00000033
          26380	     13186	00100200	000205b7	lui	x11,0x20	 x11=0x00020000
          26382	     13187	00100204	00451613	slli	x12,x10,0x4	 x10:0x3f800062 x12=0xf8000620
          26386	     13189	00100208	0075a023	sw	x7,0(x11)	 x11:0x00020000  x7:0x00000033 PA:0x00020000 store:0x00000033 load:0x00000000
          26388	     13190	0010020c	01c65693	srli	x13,x12,0x1c	 x12:0xf8000620 x13=0x0000000f
          26390	     13191	00100210	00900813	addi	x16,x0,9	  x0:0x00000000 x16=0x00000009
          26394	     13193	00100214	f2d86ae3	bltu	x16,x13,100148	 x16:0x00000009 x13:0x0000000f
          26398	     13195	00100148	03768893	addi	x17,x13,55	 x13:0x0000000f x17=0x00000046
          26400	     13196	0010014c	00020e37	lui	x28,0x20	 x28=0x00020000
          26402	     13197	00100150	00851f93	slli	x31,x10,0x8	 x10:0x3f800062 x31=0x80006200
          26406	     13199	00100154	011e2023	sw	x17,0(x28)	 x28:0x00020000 x17:0x00000046 PA:0x00020000 store:0x00000046 load:0x00000000
          26408	     13200	00100158	01cfd793	srli	x15,x31,0x1c	 x31:0x80006200 x15=0x00000008
          26410	     13201	0010015c	00900713	addi	x14,x0,9	  x0:0x00000000 x14=0x00000009
          26414	     13203	00100160	0cf77a63	bgeu	x14,x15,100234	 x14:0x00000009 x15:0x00000008
          26418	     13205	00100234	03078393	addi	x7,x15,48	 x15:0x00000008  x7=0x00000038
          26420	     13206	00100238	000205b7	lui	x11,0x20	 x11=0x00020000
          26422	     13207	0010023c	00c51613	slli	x12,x10,0xc	 x10:0x3f800062 x12=0x00062000
          26426	     13209	00100240	0075a023	sw	x7,0(x11)	 x11:0x00020000  x7:0x00000038 PA:0x00020000 store:0x00000038 load:0x00000000
          26428	     13210	00100244	01c65693	srli	x13,x12,0x1c	 x12:0x00062000 x13=0x00000000
          26430	     13211	00100248	00900813	addi	x16,x0,9	  x0:0x00000000 x16=0x00000009
          26432	     13212	0010024c	f2d86ae3	bltu	x16,x13,100180	 x16:0x00000009 x13:0x00000000
          26434	     13213	00100250	03068e93	addi	x29,x13,48	 x13:0x00000000 x29=0x00000030
          26436	     13214	00100254	00020f37	lui	x30,0x20	 x30=0x00020000
          26438	     13215	00100258	01051f93	slli	x31,x10,0x10	 x10:0x3f800062 x31=0x00620000
          26442	     13217	0010025c	01df2023	sw	x29,0(x30)	 x30:0x00020000 x29:0x00000030 PA:0x00020000 store:0x00000030 load:0x00000000
          26444	     13218	00100260	01cfd793	srli	x15,x31,0x1c	 x31:0x00620000 x15=0x00000000
          26446	     13219	00100264	00900713	addi	x14,x0,9	  x0:0x00000000 x14=0x00000009
          26448	     13220	00100268	f2f76ae3	bltu	x14,x15,10019c	 x14:0x00000009 x15:0x00000000
          26450	     13221	0010026c	03078393	addi	x7,x15,48	 x15:0x00000000  x7=0x00000030
          26452	     13222	00100270	000205b7	lui	x11,0x20	 x11=0x00020000
          26454	     13223	00100274	01451613	slli	x12,x10,0x14	 x10:0x3f800062 x12=0x06200000
          26458	     13225	00100278	0075a023	sw	x7,0(x11)	 x11:0x00020000  x7:0x00000030 PA:0x00020000 store:0x00000030 load:0x00000000
          26460	     13226	0010027c	01c65693	srli	x13,x12,0x1c	 x12:0x06200000 x13=0x00000000
          26462	     13227	00100280	00900813	addi	x16,x0,9	  x0:0x00000000 x16=0x00000009
          26464	     13228	00100284	f2d86ae3	bltu	x16,x13,1001b8	 x16:0x00000009 x13:0x00000000
          26466	     13229	00100288	03068e93	addi	x29,x13,48	 x13:0x00000000 x29=0x00000030
          26468	     13230	0010028c	00020f37	lui	x30,0x20	 x30=0x00020000
          26470	     13231	00100290	01851f93	slli	x31,x10,0x18	 x10:0x3f800062 x31=0x62000000
          26474	     13233	00100294	01df2023	sw	x29,0(x30)	 x30:0x00020000 x29:0x00000030 PA:0x00020000 store:0x00000030 load:0x00000000
          26476	     13234	00100298	01cfd793	srli	x15,x31,0x1c	 x31:0x62000000 x15=0x00000006
          26478	     13235	0010029c	00900713	addi	x14,x0,9	  x0:0x00000000 x14=0x00000009
          26480	     13236	001002a0	f2f76ae3	bltu	x14,x15,1001d4	 x14:0x00000009 x15:0x00000006
          26482	     13237	001002a4	03078393	addi	x7,x15,48	 x15:0x00000006  x7=0x00000036
          26484	     13238	001002a8	000205b7	lui	x11,0x20	 x11=0x00020000
          26488	     13240	001002ac	0075a023	sw	x7,0(x11)	 x11:0x00020000  x7:0x00000036 PA:0x00020000 store:0x00000036 load:0x00000000
          26490	     13241	001002b0	00f57513	andi	x10,x10,15	 x10:0x3f800062 x10=0x00000002
          26492	     13242	001002b4	00900613	addi	x12,x0,9	  x0:0x00000000 x12=0x00000009
          26496	     13244	001002b8	f2a67ae3	bgeu	x12,x10,1001ec	 x12:0x00000009 x10:0x00000002
          26500	     13246	001001ec	03050893	addi	x17,x10,48	 x10:0x00000002 x17=0x00000032
          26502	     13247	001001f0	00020e37	lui	x28,0x20	 x28=0x00020000
          26506	     13249	001001f4	011e2023	sw	x17,0(x28)	 x28:0x00020000 x17:0x00000032 PA:0x00020000 store:0x00000032 load:0x00000000
          26510	     13251	001001f8	00008067	jalr	x0,0(x1)	  x1:0x001013d0  x0=0x00000000
          26522	     13257	001013d0	a10a8513	addi	x10,x21,-1520	 x21:0x00102000 x10=0x00101a10
          26524	     13258	001013d4	d089a987	flw	f19,-760(x19)	 f19:0x00102000 f19=0x00000000 PA:0x00101d08 store:0x3f80018a
          26544	     13268	001013d8	5809fa53	fsqrt.s	f20,f19	 f19:0x00102000 f20=0x00000000
          26552	     13272	001013dc	d149a427	fsw	f20,-760(x19)	 f19:0x00102000 f20:0x00102000 PA:0x00101d08 store:0x3f800031 load:0x3f800062
          26560	     13276	001013e0	d089aa87	flw	f21,-760(x19)	 f19:0x00102000 f21=0x00000000 PA:0x00101d08 store:0x3f80018a
          26566	     13279	001013e4	e00a82d3	fmv.x.w	x5,f21	 f21:0x00102000  x5=0x3f800031
          26568	     13280	001013e8	ce5a2c23	sw	x5,-776(x20)	 x20:0x00102000  x5:0x3f800031 PA:0x00101cf8 store:0x3f800031 load:0x3f800031
          26572	     13282	001013ec	cb5fe0ef	jal	x1,1000a0	  x1=0x001013f0
          26576	     13284	001000a0	00054803	lbu	x16,0(x10)	 x10:0x00101a10 x16=0x0000000a PA:0x00101a10 store:0x00000000
          26578	     13285	001000a4	06080663	beq	x16,x0,100110	 x16:0x0000000a  x0:0x00000000
          26580	     13286	001000a8	000207b7	lui	x15,0x20	 x15=0x00020000
          26584	     13288	001000ac	0107a023	sw	x16,0(x15)	 x15:0x00020000 x16:0x0000000a PA:0x00020000 store:0x0000000a load:0x00000000
          26588	     13290	001000b0	00154703	lbu	x14,1(x10)	 x10:0x00101a10 x14=0x00000020 PA:0x00101a11 store:0x001013f0
          26590	     13291	001000b4	04070e63	beq	x14,x0,100110	 x14:0x00000020  x0:0x00000000
          26594	     13293	001000b8	00e7a023	sw	x14,0(x15)	 x15:0x00020000 x14:0x00000020 PA:0x00020000 store:0x00000020 load:0x00000000
          26598	     13295	001000bc	00254283	lbu	x5,2(x10)	 x10:0x00101a10  x5=0x00000069 PA:0x00101a12 store:0x00137fa0
          26600	     13296	001000c0	04028863	beq	x5,x0,100110	  x5:0x00000069  x0:0x00000000
          26604	     13298	001000c4	0057a023	sw	x5,0(x15)	 x15:0x00020000  x5:0x00000069 PA:0x00020000 store:0x00000069 load:0x00000000
          26608	     13300	001000c8	00354303	lbu	x6,3(x10)	 x10:0x00101a10  x6=0x0000003d PA:0x00101a13 store:0x00000000
          26610	     13301	001000cc	04030263	beq	x6,x0,100110	  x6:0x0000003d  x0:0x00000000
          26614	     13303	001000d0	0067a023	sw	x6,0(x15)	 x15:0x00020000  x6:0x0000003d PA:0x00020000 store:0x0000003d load:0x00000000
          26618	     13305	001000d4	00454383	lbu	x7,4(x10)	 x10:0x00101a10  x7=0x00000000 PA:0x00101a14 store:0x00000000
          26622	     13307	001000d8	02038c63	beq	x7,x0,100110	  x7:0x00000000  x0:0x00000000
          26626	     13309	00100110	00000513	addi	x10,x0,0	  x0:0x00000000 x10=0x00000000
          26630	     13311	00100114	00008067	jalr	x0,0(x1)	  x1:0x001013f0  x0=0x00000000
          26632	     13312	001013f0	000d8513	addi	x10,x27,0	 x27:0x00000013 x10=0x00000013
          26636	     13314	001013f4	d2dfe0ef	jal	x1,100120	  x1=0x001013f8
          26638	     13315	00100120	01c55793	srli	x15,x10,0x1c	 x10:0x00000013 x15=0x00000000
          26640	     13316	00100124	00900713	addi	x14,x0,9	  x0:0x00000000 x14=0x00000009
          26644	     13318	00100128	0cf77a63	bgeu	x14,x15,1001fc	 x14:0x00000009 x15:0x00000000
          26648	     13320	001001fc	03078393	addi	x7,x15,48	 x15:0x00000000  x7=0x00000030
          26650	     13321	00100200	000205b7	lui	x11,0x20	 x11=0x00020000
          26652	     13322	00100204	00451613	slli	x12,x10,0x4	 x10:0x00000013 x12=0x00000130
          26656	     13324	00100208	0075a023	sw	x7,0(x11)	 x11:0x00020000  x7:0x00000030 PA:0x00020000 store:0x00000030 load:0x00000000
          26658	     13325	0010020c	01c65693	srli	x13,x12,0x1c	 x12:0x00000130 x13=0x00000000
          26660	     13326	00100210	00900813	addi	x16,x0,9	  x0:0x00000000 x16=0x00000009
          26662	     13327	00100214	f2d86ae3	bltu	x16,x13,100148	 x16:0x00000009 x13:0x00000000
          26664	     13328	00100218	03068e93	addi	x29,x13,48	 x13:0x00000000 x29=0x00000030
          26666	     13329	0010021c	00020f37	lui	x30,0x20	 x30=0x00020000
          26668	     13330	00100220	00851f93	slli	x31,x10,0x8	 x10:0x00000013 x31=0x00001300
          26672	     13332	00100224	01df2023	sw	x29,0(x30)	 x30:0x00020000 x29:0x00000030 PA:0x00020000 store:0x00000030 load:0x00000000
          26674	     13333	00100228	01cfd793	srli	x15,x31,0x1c	 x31:0x00001300 x15=0x00000000
          26676	     13334	0010022c	00900713	addi	x14,x0,9	  x0:0x00000000 x14=0x00000009
          26678	     13335	00100230	f2f76ae3	bltu	x14,x15,100164	 x14:0x00000009 x15:0x00000000
          26680	     13336	00100234	03078393	addi	x7,x15,48	 x15:0x00000000  x7=0x00000030
          26682	     13337	00100238	000205b7	lui	x11,0x20	 x11=0x00020000
          26684	     13338	0010023c	00c51613	slli	x12,x10,0xc	 x10:0x00000013 x12=0x00013000
          26688	     13340	00100240	0075a023	sw	x7,0(x11)	 x11:0x00020000  x7:0x00000030 PA:0x00020000 store:0x00000030 load:0x00000000
          26690	     13341	00100244	01c65693	srli	x13,x12,0x1c	 x12:0x00013000 x13=0x00000000
          26692	     13342	00100248	00900813	addi	x16,x0,9	  x0:0x00000000 x16=0x00000009
          26694	     13343	0010024c	f2d86ae3	bltu	x16,x13,100180	 x16:0x00000009 x13:0x00000000
          26696	     13344	00100250	03068e93	addi	x29,x13,48	 x13:0x00000000 x29=0x00000030
          26698	     13345	00100254	00020f37	lui	x30,0x20	 x30=0x00020000
          26700	     13346	00100258	01051f93	slli	x31,x10,0x10	 x10:0x00000013 x31=0x00130000
          26704	     13348	0010025c	01df2023	sw	x29,0(x30)	 x30:0x00020000 x29:0x00000030 PA:0x00020000 store:0x00000030 load:0x00000000
          26706	     13349	00100260	01cfd793	srli	x15,x31,0x1c	 x31:0x00130000 x15=0x00000000
          26708	     13350	00100264	00900713	addi	x14,x0,9	  x0:0x00000000 x14=0x00000009
          26710	     13351	00100268	f2f76ae3	bltu	x14,x15,10019c	 x14:0x00000009 x15:0x00000000
          26712	     13352	0010026c	03078393	addi	x7,x15,48	 x15:0x00000000  x7=0x00000030
          26714	     13353	00100270	000205b7	lui	x11,0x20	 x11=0x00020000
          26716	     13354	00100274	01451613	slli	x12,x10,0x14	 x10:0x00000013 x12=0x01300000
          26720	     13356	00100278	0075a023	sw	x7,0(x11)	 x11:0x00020000  x7:0x00000030 PA:0x00020000 store:0x00000030 load:0x00000000
          26722	     13357	0010027c	01c65693	srli	x13,x12,0x1c	 x12:0x01300000 x13=0x00000000
          26724	     13358	00100280	00900813	addi	x16,x0,9	  x0:0x00000000 x16=0x00000009
          26726	     13359	00100284	f2d86ae3	bltu	x16,x13,1001b8	 x16:0x00000009 x13:0x00000000
          26728	     13360	00100288	03068e93	addi	x29,x13,48	 x13:0x00000000 x29=0x00000030
          26730	     13361	0010028c	00020f37	lui	x30,0x20	 x30=0x00020000
          26732	     13362	00100290	01851f93	slli	x31,x10,0x18	 x10:0x00000013 x31=0x13000000
          26736	     13364	00100294	01df2023	sw	x29,0(x30)	 x30:0x00020000 x29:0x00000030 PA:0x00020000 store:0x00000030 load:0x00000000
          26738	     13365	00100298	01cfd793	srli	x15,x31,0x1c	 x31:0x13000000 x15=0x00000001
          26740	     13366	0010029c	00900713	addi	x14,x0,9	  x0:0x00000000 x14=0x00000009
          26742	     13367	001002a0	f2f76ae3	bltu	x14,x15,1001d4	 x14:0x00000009 x15:0x00000001
          26744	     13368	001002a4	03078393	addi	x7,x15,48	 x15:0x00000001  x7=0x00000031
          26746	     13369	001002a8	000205b7	lui	x11,0x20	 x11=0x00020000
          26750	     13371	001002ac	0075a023	sw	x7,0(x11)	 x11:0x00020000  x7:0x00000031 PA:0x00020000 store:0x00000031 load:0x00000000
          26752	     13372	001002b0	00f57513	andi	x10,x10,15	 x10:0x00000013 x10=0x00000003
          26754	     13373	001002b4	00900613	addi	x12,x0,9	  x0:0x00000000 x12=0x00000009
          26758	     13375	001002b8	f2a67ae3	bgeu	x12,x10,1001ec	 x12:0x00000009 x10:0x00000003
          26762	     13377	001001ec	03050893	addi	x17,x10,48	 x10:0x00000003 x17=0x00000033
          26764	     13378	001001f0	00020e37	lui	x28,0x20	 x28=0x00020000
          26768	     13380	001001f4	011e2023	sw	x17,0(x28)	 x28:0x00020000 x17:0x00000033 PA:0x00020000 store:0x00000033 load:0x00000000
          26772	     13382	001001f8	00008067	jalr	x0,0(x1)	  x1:0x001013f8  x0=0x00000000
          26774	     13383	001013f8	a18b0513	addi	x10,x22,-1512	 x22:0x00102000 x10=0x00101a18
          26778	     13385	001013fc	ca5fe0ef	jal	x1,1000a0	  x1=0x00101400
          26782	     13387	001000a0	00054803	lbu	x16,0(x10)	 x10:0x00101a18 x16=0x00000020 PA:0x00101a18 store:0x00000000
          26784	     13388	001000a4	06080663	beq	x16,x0,100110	 x16:0x00000020  x0:0x00000000
          26786	     13389	001000a8	000207b7	lui	x15,0x20	 x15=0x00020000
          26790	     13391	001000ac	0107a023	sw	x16,0(x15)	 x15:0x00020000 x16:0x00000020 PA:0x00020000 store:0x00000020 load:0x00000000
          26794	     13393	001000b0	00154703	lbu	x14,1(x10)	 x10:0x00101a18 x14=0x00000072 PA:0x00101a19 store:0x00101400
          26796	     13394	001000b4	04070e63	beq	x14,x0,100110	 x14:0x00000072  x0:0x00000000
          26800	     13396	001000b8	00e7a023	sw	x14,0(x15)	 x15:0x00020000 x14:0x00000072 PA:0x00020000 store:0x00000072 load:0x00000000
          26804	     13398	001000bc	00254283	lbu	x5,2(x10)	 x10:0x00101a18  x5=0x00000065 PA:0x00101a1a store:0x00137fa0
          26806	     13399	001000c0	04028863	beq	x5,x0,100110	  x5:0x00000065  x0:0x00000000
          26810	     13401	001000c4	0057a023	sw	x5,0(x15)	 x15:0x00020000  x5:0x00000065 PA:0x00020000 store:0x00000065 load:0x00000000
          26814	     13403	001000c8	00354303	lbu	x6,3(x10)	 x10:0x00101a18  x6=0x00000073 PA:0x00101a1b store:0x00000000
          26816	     13404	001000cc	04030263	beq	x6,x0,100110	  x6:0x00000073  x0:0x00000000
          26820	     13406	001000d0	0067a023	sw	x6,0(x15)	 x15:0x00020000  x6:0x00000073 PA:0x00020000 store:0x00000073 load:0x00000000
          26824	     13408	001000d4	00454383	lbu	x7,4(x10)	 x10:0x00101a18  x7=0x00000075 PA:0x00101a1c store:0x00000000
          26826	     13409	001000d8	02038c63	beq	x7,x0,100110	  x7:0x00000075  x0:0x00000000
          26830	     13411	001000dc	0077a023	sw	x7,0(x15)	 x15:0x00020000  x7:0x00000075 PA:0x00020000 store:0x00000075 load:0x00000000
          26834	     13413	001000e0	00554583	lbu	x11,5(x10)	 x10:0x00101a18 x11=0x0000006c PA:0x00101a1d store:0x00000065
          26836	     13414	001000e4	02058663	beq	x11,x0,100110	 x11:0x0000006c  x0:0x00000000
          26840	     13416	001000e8	00b7a023	sw	x11,0(x15)	 x15:0x00020000 x11:0x0000006c PA:0x00020000 store:0x0000006c load:0x00000000
          26844	     13418	001000ec	00654603	lbu	x12,6(x10)	 x10:0x00101a18 x12=0x00000074 PA:0x00101a1e store:0x00000073
          26846	     13419	001000f0	02060063	beq	x12,x0,100110	 x12:0x00000074  x0:0x00000000
          26850	     13421	001000f4	00c7a023	sw	x12,0(x15)	 x15:0x00020000 x12:0x00000074 PA:0x00020000 store:0x00000074 load:0x00000000
          26854	     13423	001000f8	00754683	lbu	x13,7(x10)	 x10:0x00101a18 x13=0x0000003a PA:0x00101a1f store:0x00000075
          26856	     13424	001000fc	00850513	addi	x10,x10,8	 x10:0x00101a18 x10=0x00101a20
          26858	     13425	00100100	00068863	beq	x13,x0,100110	 x13:0x0000003a  x0:0x00000000
          26862	     13427	00100104	00d7a023	sw	x13,0(x15)	 x15:0x00020000 x13:0x0000003a PA:0x00020000 store:0x0000003a load:0x00000000
          26866	     13429	00100108	00054803	lbu	x16,0(x10)	 x10:0x00101a20 x16=0x00000020 PA:0x00101a20 store:0x00000000
          26870	     13431	0010010c	fa0810e3	bne	x16,x0,1000ac	 x16:0x00000020  x0:0x00000000
          26876	     13434	001000ac	0107a023	sw	x16,0(x15)	 x15:0x00020000 x16:0x00000020 PA:0x00020000 store:0x00000020 load:0x00000000
          26880	     13436	001000b0	00154703	lbu	x14,1(x10)	 x10:0x00101a20 x14=0x00000000 PA:0x00101a21 store:0x00101400
          26884	     13438	001000b4	04070e63	beq	x14,x0,100110	 x14:0x00000000  x0:0x00000000
          26888	     13440	00100110	00000513	addi	x10,x0,0	  x0:0x00000000 x10=0x00000000
          26892	     13442	00100114	00008067	jalr	x0,0(x1)	  x1:0x00101400  x0=0x00000000
          26896	     13444	00101400	cf8a2503	lw	x10,-776(x20)	 x20:0x00102000 x10=0x3f800031 PA:0x00101cf8 store:0x00000014
          26900	     13446	00101404	d1dfe0ef	jal	x1,100120	  x1=0x00101408
          26902	     13447	00100120	01c55793	srli	x15,x10,0x1c	 x10:0x3f800031 x15=0x00000003
          26904	     13448	00100124	00900713	addi	x14,x0,9	  x0:0x00000000 x14=0x00000009
          26908	     13450	00100128	0cf77a63	bgeu	x14,x15,1001fc	 x14:0x00000009 x15:0x00000003
          26912	     13452	001001fc	03078393	addi	x7,x15,48	 x15:0x00000003  x7=0x00000033
          26914	     13453	00100200	000205b7	lui	x11,0x20	 x11=0x00020000
          26916	     13454	00100204	00451613	slli	x12,x10,0x4	 x10:0x3f800031 x12=0xf8000310
          26920	     13456	00100208	0075a023	sw	x7,0(x11)	 x11:0x00020000  x7:0x00000033 PA:0x00020000 store:0x00000033 load:0x00000000
          26922	     13457	0010020c	01c65693	srli	x13,x12,0x1c	 x12:0xf8000310 x13=0x0000000f
          26924	     13458	00100210	00900813	addi	x16,x0,9	  x0:0x00000000 x16=0x00000009
          26928	     13460	00100214	f2d86ae3	bltu	x16,x13,100148	 x16:0x00000009 x13:0x0000000f
          26932	     13462	00100148	03768893	addi	x17,x13,55	 x13:0x0000000f x17=0x00000046
          26934	     13463	0010014c	00020e37	lui	x28,0x20	 x28=0x00020000
          26936	     13464	00100150	00851f93	slli	x31,x10,0x8	 x10:0x3f800031 x31=0x80003100
          26940	     13466	00100154	011e2023	sw	x17,0(x28)	 x28:0x00020000 x17:0x00000046 PA:0x00020000 store:0x00000046 load:0x00000000
          26942	     13467	00100158	01cfd793	srli	x15,x31,0x1c	 x31:0x80003100 x15=0x00000008
          26944	     13468	0010015c	00900713	addi	x14,x0,9	  x0:0x00000000 x14=0x00000009
          26948	     13470	00100160	0cf77a63	bgeu	x14,x15,100234	 x14:0x00000009 x15:0x00000008
          26952	     13472	00100234	03078393	addi	x7,x15,48	 x15:0x00000008  x7=0x00000038
          26954	     13473	00100238	000205b7	lui	x11,0x20	 x11=0x00020000
          26956	     13474	0010023c	00c51613	slli	x12,x10,0xc	 x10:0x3f800031 x12=0x00031000
          26960	     13476	00100240	0075a023	sw	x7,0(x11)	 x11:0x00020000  x7:0x00000038 PA:0x00020000 store:0x00000038 load:0x00000000
          26962	     13477	00100244	01c65693	srli	x13,x12,0x1c	 x12:0x00031000 x13=0x00000000
          26964	     13478	00100248	00900813	addi	x16,x0,9	  x0:0x00000000 x16=0x00000009
          26966	     13479	0010024c	f2d86ae3	bltu	x16,x13,100180	 x16:0x00000009 x13:0x00000000
          26968	     13480	00100250	03068e93	addi	x29,x13,48	 x13:0x00000000 x29=0x00000030
          26970	     13481	00100254	00020f37	lui	x30,0x20	 x30=0x00020000
          26972	     13482	00100258	01051f93	slli	x31,x10,0x10	 x10:0x3f800031 x31=0x00310000
          26976	     13484	0010025c	01df2023	sw	x29,0(x30)	 x30:0x00020000 x29:0x00000030 PA:0x00020000 store:0x00000030 load:0x00000000
          26978	     13485	00100260	01cfd793	srli	x15,x31,0x1c	 x31:0x00310000 x15=0x00000000
          26980	     13486	00100264	00900713	addi	x14,x0,9	  x0:0x00000000 x14=0x00000009
          26982	     13487	00100268	f2f76ae3	bltu	x14,x15,10019c	 x14:0x00000009 x15:0x00000000
          26984	     13488	0010026c	03078393	addi	x7,x15,48	 x15:0x00000000  x7=0x00000030
          26986	     13489	00100270	000205b7	lui	x11,0x20	 x11=0x00020000
          26988	     13490	00100274	01451613	slli	x12,x10,0x14	 x10:0x3f800031 x12=0x03100000
          26992	     13492	00100278	0075a023	sw	x7,0(x11)	 x11:0x00020000  x7:0x00000030 PA:0x00020000 store:0x00000030 load:0x00000000
          26994	     13493	0010027c	01c65693	srli	x13,x12,0x1c	 x12:0x03100000 x13=0x00000000
          26996	     13494	00100280	00900813	addi	x16,x0,9	  x0:0x00000000 x16=0x00000009
          26998	     13495	00100284	f2d86ae3	bltu	x16,x13,1001b8	 x16:0x00000009 x13:0x00000000
          27000	     13496	00100288	03068e93	addi	x29,x13,48	 x13:0x00000000 x29=0x00000030
          27002	     13497	0010028c	00020f37	lui	x30,0x20	 x30=0x00020000
          27004	     13498	00100290	01851f93	slli	x31,x10,0x18	 x10:0x3f800031 x31=0x31000000
          27008	     13500	00100294	01df2023	sw	x29,0(x30)	 x30:0x00020000 x29:0x00000030 PA:0x00020000 store:0x00000030 load:0x00000000
          27010	     13501	00100298	01cfd793	srli	x15,x31,0x1c	 x31:0x31000000 x15=0x00000003
          27012	     13502	0010029c	00900713	addi	x14,x0,9	  x0:0x00000000 x14=0x00000009
          27014	     13503	001002a0	f2f76ae3	bltu	x14,x15,1001d4	 x14:0x00000009 x15:0x00000003
          27016	     13504	001002a4	03078393	addi	x7,x15,48	 x15:0x00000003  x7=0x00000033
          27018	     13505	001002a8	000205b7	lui	x11,0x20	 x11=0x00020000
          27022	     13507	001002ac	0075a023	sw	x7,0(x11)	 x11:0x00020000  x7:0x00000033 PA:0x00020000 store:0x00000033 load:0x00000000
          27024	     13508	001002b0	00f57513	andi	x10,x10,15	 x10:0x3f800031 x10=0x00000001
          27026	     13509	001002b4	00900613	addi	x12,x0,9	  x0:0x00000000 x12=0x00000009
          27030	     13511	001002b8	f2a67ae3	bgeu	x12,x10,1001ec	 x12:0x00000009 x10:0x00000001
          27034	     13513	001001ec	03050893	addi	x17,x10,48	 x10:0x00000001 x17=0x00000031
          27036	     13514	001001f0	00020e37	lui	x28,0x20	 x28=0x00020000
          27040	     13516	001001f4	011e2023	sw	x17,0(x28)	 x28:0x00020000 x17:0x00000031 PA:0x00020000 store:0x00000031 load:0x00000000
          27044	     13518	001001f8	00008067	jalr	x0,0(x1)	  x1:0x00101408  x0=0x00000000
          27046	     13519	00101408	f1ac18e3	bne	x24,x26,101318	 x24:0x00000014 x26:0x00000014
          27058	     13525	0010140c	00102537	lui	x10,0x102	 x10=0x00102000
          27060	     13526	00101410	93852e87	flw	f29,-1736(x10)	 f10:0x00102000 f29=0x00000000 PA:0x00101938 store:0x00000000
          27062	     13527	00101414	00102337	lui	x6,0x102	  x6=0x00102000
          27064	     13528	00101418	93c32f07	flw	f30,-1732(x6)	  f6:0x00102000 f30=0x00000000 PA:0x0010193c store:0x08e27cac
          27066	     13529	0010141c	00102c37	lui	x24,0x102	 x24=0x00102000
          27068	     13530	00101420	940c2e07	flw	f28,-1728(x24)	 f24:0x00102000 f28=0x00000000 PA:0x00101940 store:0x056b3aa5
          27072	     13532	00101424	001023b7	lui	x7,0x102	  x7=0x00102000
          27074	     13533	00101428	00102ab7	lui	x21,0x102	 x21=0x00102000
          27076	     13534	0010142c	d1daa027	fsw	f29,-768(x21)	 f21:0x00102000 f29:0x00000030 PA:0x00101d00 store:0x42f64a98 load:0x80000000
          27078	     13535	00101430	9443af87	flw	f31,-1724(x7)	  f7:0x00102000 f31=0x00000000 PA:0x00101944 store:0x42f67c6a
          27080	     13536	00101434	d1e9a427	fsw	f30,-760(x19)	 f19:0x00102000 f30:0x00020000 PA:0x00101d08 store:0x41433afb load:0x3ea4b87c
          27082	     13537	00101438	001020b7	lui	x1,0x102	  x1=0x00102000
          27084	     13538	0010143c	00102b37	lui	x22,0x102	 x22=0x00102000
          27086	     13539	00101440	d1cb2627	fsw	f28,-756(x22)	 f22:0x00102000 f28:0x00020000 PA:0x00101d0c store:0x80000000 load:0x3ea4b87c
          27088	     13540	00101444	a4408513	addi	x10,x1,-1468	  x1:0x00102000 x10=0x00101a44
          27090	     13541	00101448	d1f42c27	fsw	f31,-744(x8)	  f8:0x00102000 f31:0x31000000 PA:0x00101d18 store:0x3ea4b87c load:0x3ea4b87c
          27092	     13542	0010144c	c55fe0ef	jal	x1,1000a0	  x1=0x00101450
          27094	     13543	001000a0	00054803	lbu	x16,0(x10)	 x10:0x00101a44 x16=0x0000000a PA:0x00101a44 store:0x00000000
          27096	     13544	001000a4	06080663	beq	x16,x0,100110	 x16:0x0000000a  x0:0x00000000
          27098	     13545	001000a8	000207b7	lui	x15,0x20	 x15=0x00020000
          27100	     13546	001000ac	0107a023	sw	x16,0(x15)	 x15:0x00020000 x16:0x0000000a PA:0x00020000 store:0x0000000a load:0x00000000
          27102	     13547	001000b0	00154703	lbu	x14,1(x10)	 x10:0x00101a44 x14=0x0000000a PA:0x00101a45 store:0x00101450
          27104	     13548	001000b4	04070e63	beq	x14,x0,100110	 x14:0x0000000a  x0:0x00000000
          27106	     13549	001000b8	00e7a023	sw	x14,0(x15)	 x15:0x00020000 x14:0x0000000a PA:0x00020000 store:0x0000000a load:0x00000000
          27108	     13550	001000bc	00254283	lbu	x5,2(x10)	 x10:0x00101a44  x5=0x00000053 PA:0x00101a46 store:0x00137fa0
          27110	     13551	001000c0	04028863	beq	x5,x0,100110	  x5:0x00000053  x0:0x00000000
          27114	     13553	001000c4	0057a023	sw	x5,0(x15)	 x15:0x00020000  x5:0x00000053 PA:0x00020000 store:0x00000053 load:0x00000000
          27118	     13555	001000c8	00354303	lbu	x6,3(x10)	 x10:0x00101a44  x6=0x00000069 PA:0x00101a47 store:0x00000000
          27120	     13556	001000cc	04030263	beq	x6,x0,100110	  x6:0x00000069  x0:0x00000000
          27124	     13558	001000d0	0067a023	sw	x6,0(x15)	 x15:0x00020000  x6:0x00000069 PA:0x00020000 store:0x00000069 load:0x00000000
          27128	     13560	001000d4	00454383	lbu	x7,4(x10)	 x10:0x00101a44  x7=0x00000067 PA:0x00101a48 store:0x00000000
          27130	     13561	001000d8	02038c63	beq	x7,x0,100110	  x7:0x00000067  x0:0x00000000
          27134	     13563	001000dc	0077a023	sw	x7,0(x15)	 x15:0x00020000  x7:0x00000067 PA:0x00020000 store:0x00000067 load:0x00000000
          27138	     13565	001000e0	00554583	lbu	x11,5(x10)	 x10:0x00101a44 x11=0x0000006e PA:0x00101a49 store:0x00000053
          27140	     13566	001000e4	02058663	beq	x11,x0,100110	 x11:0x0000006e  x0:0x00000000
          27144	     13568	001000e8	00b7a023	sw	x11,0(x15)	 x15:0x00020000 x11:0x0000006e PA:0x00020000 store:0x0000006e load:0x00000000
          27148	     13570	001000ec	00654603	lbu	x12,6(x10)	 x10:0x00101a44 x12=0x0000002c PA:0x00101a4a store:0x00000069
          27150	     13571	001000f0	02060063	beq	x12,x0,100110	 x12:0x0000002c  x0:0x00000000
          27154	     13573	001000f4	00c7a023	sw	x12,0(x15)	 x15:0x00020000 x12:0x0000002c PA:0x00020000 store:0x0000002c load:0x00000000
          27158	     13575	001000f8	00754683	lbu	x13,7(x10)	 x10:0x00101a44 x13=0x00000020 PA:0x00101a4b store:0x00000067
          27160	     13576	001000fc	00850513	addi	x10,x10,8	 x10:0x00101a44 x10=0x00101a4c
          27162	     13577	00100100	00068863	beq	x13,x0,100110	 x13:0x00000020  x0:0x00000000
          27166	     13579	00100104	00d7a023	sw	x13,0(x15)	 x15:0x00020000 x13:0x00000020 PA:0x00020000 store:0x00000020 load:0x00000000
          27170	     13581	00100108	00054803	lbu	x16,0(x10)	 x10:0x00101a4c x16=0x0000006d PA:0x00101a4c store:0x00000000
          27174	     13583	0010010c	fa0810e3	bne	x16,x0,1000ac	 x16:0x0000006d  x0:0x00000000
          27180	     13586	001000ac	0107a023	sw	x16,0(x15)	 x15:0x00020000 x16:0x0000006d PA:0x00020000 store:0x0000006d load:0x00000000
          27184	     13588	001000b0	00154703	lbu	x14,1(x10)	 x10:0x00101a4c x14=0x00000061 PA:0x00101a4d store:0x00101450
          27186	     13589	001000b4	04070e63	beq	x14,x0,100110	 x14:0x00000061  x0:0x00000000
          27190	     13591	001000b8	00e7a023	sw	x14,0(x15)	 x15:0x00020000 x14:0x00000061 PA:0x00020000 store:0x00000061 load:0x00000000
          27194	     13593	001000bc	00254283	lbu	x5,2(x10)	 x10:0x00101a4c  x5=0x00000078 PA:0x00101a4e store:0x00137fa0
          27196	     13594	001000c0	04028863	beq	x5,x0,100110	  x5:0x00000078  x0:0x00000000
          27200	     13596	001000c4	0057a023	sw	x5,0(x15)	 x15:0x00020000  x5:0x00000078 PA:0x00020000 store:0x00000078 load:0x00000000
          27204	     13598	001000c8	00354303	lbu	x6,3(x10)	 x10:0x00101a4c  x6=0x00000020 PA:0x00101a4f store:0x00000000
          27206	     13599	001000cc	04030263	beq	x6,x0,100110	  x6:0x00000020  x0:0x00000000
          27210	     13601	001000d0	0067a023	sw	x6,0(x15)	 x15:0x00020000  x6:0x00000020 PA:0x00020000 store:0x00000020 load:0x00000000
          27214	     13603	001000d4	00454383	lbu	x7,4(x10)	 x10:0x00101a4c  x7=0x00000061 PA:0x00101a50 store:0x00000000
          27216	     13604	001000d8	02038c63	beq	x7,x0,100110	  x7:0x00000061  x0:0x00000000
          27220	     13606	001000dc	0077a023	sw	x7,0(x15)	 x15:0x00020000  x7:0x00000061 PA:0x00020000 store:0x00000061 load:0x00000000
          27224	     13608	001000e0	00554583	lbu	x11,5(x10)	 x10:0x00101a4c x11=0x0000006e PA:0x00101a51 store:0x00000078
          27226	     13609	001000e4	02058663	beq	x11,x0,100110	 x11:0x0000006e  x0:0x00000000
          27230	     13611	001000e8	00b7a023	sw	x11,0(x15)	 x15:0x00020000 x11:0x0000006e PA:0x00020000 store:0x0000006e load:0x00000000
          27234	     13613	001000ec	00654603	lbu	x12,6(x10)	 x10:0x00101a4c x12=0x00000064 PA:0x00101a52 store:0x00000020
          27236	     13614	001000f0	02060063	beq	x12,x0,100110	 x12:0x00000064  x0:0x00000000
          27240	     13616	001000f4	00c7a023	sw	x12,0(x15)	 x15:0x00020000 x12:0x00000064 PA:0x00020000 store:0x00000064 load:0x00000000
          27244	     13618	001000f8	00754683	lbu	x13,7(x10)	 x10:0x00101a4c x13=0x00000020 PA:0x00101a53 store:0x00000061
          27246	     13619	001000fc	00850513	addi	x10,x10,8	 x10:0x00101a4c x10=0x00101a54
          27248	     13620	00100100	00068863	beq	x13,x0,100110	 x13:0x00000020  x0:0x00000000
          27252	     13622	00100104	00d7a023	sw	x13,0(x15)	 x15:0x00020000 x13:0x00000020 PA:0x00020000 store:0x00000020 load:0x00000000
          27256	     13624	00100108	00054803	lbu	x16,0(x10)	 x10:0x00101a54 x16=0x00000066 PA:0x00101a54 store:0x00000000
          27260	     13626	0010010c	fa0810e3	bne	x16,x0,1000ac	 x16:0x00000066  x0:0x00000000
          27266	     13629	001000ac	0107a023	sw	x16,0(x15)	 x15:0x00020000 x16:0x00000066 PA:0x00020000 store:0x00000066 load:0x00000000
          27270	     13631	001000b0	00154703	lbu	x14,1(x10)	 x10:0x00101a54 x14=0x0000006e PA:0x00101a55 store:0x00101450
          27272	     13632	001000b4	04070e63	beq	x14,x0,100110	 x14:0x0000006e  x0:0x00000000
          27276	     13634	001000b8	00e7a023	sw	x14,0(x15)	 x15:0x00020000 x14:0x0000006e PA:0x00020000 store:0x0000006e load:0x00000000
          27280	     13636	001000bc	00254283	lbu	x5,2(x10)	 x10:0x00101a54  x5=0x0000006d PA:0x00101a56 store:0x00137fa0
          27282	     13637	001000c0	04028863	beq	x5,x0,100110	  x5:0x0000006d  x0:0x00000000
          27286	     13639	001000c4	0057a023	sw	x5,0(x15)	 x15:0x00020000  x5:0x0000006d PA:0x00020000 store:0x0000006d load:0x00000000
          27290	     13641	001000c8	00354303	lbu	x6,3(x10)	 x10:0x00101a54  x6=0x00000073 PA:0x00101a57 store:0x00000000
          27292	     13642	001000cc	04030263	beq	x6,x0,100110	  x6:0x00000073  x0:0x00000000
          27296	     13644	001000d0	0067a023	sw	x6,0(x15)	 x15:0x00020000  x6:0x00000073 PA:0x00020000 store:0x00000073 load:0x00000000
          27300	     13646	001000d4	00454383	lbu	x7,4(x10)	 x10:0x00101a54  x7=0x00000075 PA:0x00101a58 store:0x00000000
          27302	     13647	001000d8	02038c63	beq	x7,x0,100110	  x7:0x00000075  x0:0x00000000
          27306	     13649	001000dc	0077a023	sw	x7,0(x15)	 x15:0x00020000  x7:0x00000075 PA:0x00020000 store:0x00000075 load:0x00000000
          27310	     13651	001000e0	00554583	lbu	x11,5(x10)	 x10:0x00101a54 x11=0x00000062 PA:0x00101a59 store:0x0000006d
          27312	     13652	001000e4	02058663	beq	x11,x0,100110	 x11:0x00000062  x0:0x00000000
          27316	     13654	001000e8	00b7a023	sw	x11,0(x15)	 x15:0x00020000 x11:0x00000062 PA:0x00020000 store:0x00000062 load:0x00000000
          27320	     13656	001000ec	00654603	lbu	x12,6(x10)	 x10:0x00101a54 x12=0x00000020 PA:0x00101a5a store:0x00000073
          27322	     13657	001000f0	02060063	beq	x12,x0,100110	 x12:0x00000020  x0:0x00000000
          27326	     13659	001000f4	00c7a023	sw	x12,0(x15)	 x15:0x00020000 x12:0x00000020 PA:0x00020000 store:0x00000020 load:0x00000000
          27330	     13661	001000f8	00754683	lbu	x13,7(x10)	 x10:0x00101a54 x13=0x00000069 PA:0x00101a5b store:0x00000075
          27332	     13662	001000fc	00850513	addi	x10,x10,8	 x10:0x00101a54 x10=0x00101a5c
          27334	     13663	00100100	00068863	beq	x13,x0,100110	 x13:0x00000069  x0:0x00000000
          27338	     13665	00100104	00d7a023	sw	x13,0(x15)	 x15:0x00020000 x13:0x00000069 PA:0x00020000 store:0x00000069 load:0x00000000
          27342	     13667	00100108	00054803	lbu	x16,0(x10)	 x10:0x00101a5c x16=0x0000006e PA:0x00101a5c store:0x00000000
          27346	     13669	0010010c	fa0810e3	bne	x16,x0,1000ac	 x16:0x0000006e  x0:0x00000000
          27352	     13672	001000ac	0107a023	sw	x16,0(x15)	 x15:0x00020000 x16:0x0000006e PA:0x00020000 store:0x0000006e load:0x00000000
          27356	     13674	001000b0	00154703	lbu	x14,1(x10)	 x10:0x00101a5c x14=0x00000020 PA:0x00101a5d store:0x00101450
          27358	     13675	001000b4	04070e63	beq	x14,x0,100110	 x14:0x00000020  x0:0x00000000
          27362	     13677	001000b8	00e7a023	sw	x14,0(x15)	 x15:0x00020000 x14:0x00000020 PA:0x00020000 store:0x00000020 load:0x00000000
          27366	     13679	001000bc	00254283	lbu	x5,2(x10)	 x10:0x00101a5c  x5=0x00000077 PA:0x00101a5e store:0x00137fa0
          27368	     13680	001000c0	04028863	beq	x5,x0,100110	  x5:0x00000077  x0:0x00000000
          27372	     13682	001000c4	0057a023	sw	x5,0(x15)	 x15:0x00020000  x5:0x00000077 PA:0x00020000 store:0x00000077 load:0x00000000
          27376	     13684	001000c8	00354303	lbu	x6,3(x10)	 x10:0x00101a5c  x6=0x00000068 PA:0x00101a5f store:0x00000000
          27378	     13685	001000cc	04030263	beq	x6,x0,100110	  x6:0x00000068  x0:0x00000000
          27382	     13687	001000d0	0067a023	sw	x6,0(x15)	 x15:0x00020000  x6:0x00000068 PA:0x00020000 store:0x00000068 load:0x00000000
          27386	     13689	001000d4	00454383	lbu	x7,4(x10)	 x10:0x00101a5c  x7=0x00000069 PA:0x00101a60 store:0x00000000
          27388	     13690	001000d8	02038c63	beq	x7,x0,100110	  x7:0x00000069  x0:0x00000000
          27392	     13692	001000dc	0077a023	sw	x7,0(x15)	 x15:0x00020000  x7:0x00000069 PA:0x00020000 store:0x00000069 load:0x00000000
          27396	     13694	001000e0	00554583	lbu	x11,5(x10)	 x10:0x00101a5c x11=0x0000006c PA:0x00101a61 store:0x00000077
          27398	     13695	001000e4	02058663	beq	x11,x0,100110	 x11:0x0000006c  x0:0x00000000
          27402	     13697	001000e8	00b7a023	sw	x11,0(x15)	 x15:0x00020000 x11:0x0000006c PA:0x00020000 store:0x0000006c load:0x00000000
          27406	     13699	001000ec	00654603	lbu	x12,6(x10)	 x10:0x00101a5c x12=0x00000065 PA:0x00101a62 store:0x00000068
          27408	     13700	001000f0	02060063	beq	x12,x0,100110	 x12:0x00000065  x0:0x00000000
          27412	     13702	001000f4	00c7a023	sw	x12,0(x15)	 x15:0x00020000 x12:0x00000065 PA:0x00020000 store:0x00000065 load:0x00000000
          27416	     13704	001000f8	00754683	lbu	x13,7(x10)	 x10:0x00101a5c x13=0x00000020 PA:0x00101a63 store:0x00000069
          27418	     13705	001000fc	00850513	addi	x10,x10,8	 x10:0x00101a5c x10=0x00101a64
          27420	     13706	00100100	00068863	beq	x13,x0,100110	 x13:0x00000020  x0:0x00000000
          27424	     13708	00100104	00d7a023	sw	x13,0(x15)	 x15:0x00020000 x13:0x00000020 PA:0x00020000 store:0x00000020 load:0x00000000
          27428	     13710	00100108	00054803	lbu	x16,0(x10)	 x10:0x00101a64 x16=0x0000006c PA:0x00101a64 store:0x00000000
          27432	     13712	0010010c	fa0810e3	bne	x16,x0,1000ac	 x16:0x0000006c  x0:0x00000000
          27438	     13715	001000ac	0107a023	sw	x16,0(x15)	 x15:0x00020000 x16:0x0000006c PA:0x00020000 store:0x0000006c load:0x00000000
          27442	     13717	001000b0	00154703	lbu	x14,1(x10)	 x10:0x00101a64 x14=0x0000006f PA:0x00101a65 store:0x00101450
          27444	     13718	001000b4	04070e63	beq	x14,x0,100110	 x14:0x0000006f  x0:0x00000000
          27448	     13720	001000b8	00e7a023	sw	x14,0(x15)	 x15:0x00020000 x14:0x0000006f PA:0x00020000 store:0x0000006f load:0x00000000
          27452	     13722	001000bc	00254283	lbu	x5,2(x10)	 x10:0x00101a64  x5=0x0000006f PA:0x00101a66 store:0x00137fa0
          27454	     13723	001000c0	04028863	beq	x5,x0,100110	  x5:0x0000006f  x0:0x00000000
          27458	     13725	001000c4	0057a023	sw	x5,0(x15)	 x15:0x00020000  x5:0x0000006f PA:0x00020000 store:0x0000006f load:0x00000000
          27462	     13727	001000c8	00354303	lbu	x6,3(x10)	 x10:0x00101a64  x6=0x00000070 PA:0x00101a67 store:0x00000000
          27464	     13728	001000cc	04030263	beq	x6,x0,100110	  x6:0x00000070  x0:0x00000000
          27468	     13730	001000d0	0067a023	sw	x6,0(x15)	 x15:0x00020000  x6:0x00000070 PA:0x00020000 store:0x00000070 load:0x00000000
          27472	     13732	001000d4	00454383	lbu	x7,4(x10)	 x10:0x00101a64  x7=0x00000020 PA:0x00101a68 store:0x00000000
          27474	     13733	001000d8	02038c63	beq	x7,x0,100110	  x7:0x00000020  x0:0x00000000
          27478	     13735	001000dc	0077a023	sw	x7,0(x15)	 x15:0x00020000  x7:0x00000020 PA:0x00020000 store:0x00000020 load:0x00000000
          27482	     13737	001000e0	00554583	lbu	x11,5(x10)	 x10:0x00101a64 x11=0x00000074 PA:0x00101a69 store:0x0000006f
          27484	     13738	001000e4	02058663	beq	x11,x0,100110	 x11:0x00000074  x0:0x00000000
          27488	     13740	001000e8	00b7a023	sw	x11,0(x15)	 x15:0x00020000 x11:0x00000074 PA:0x00020000 store:0x00000074 load:0x00000000
          27492	     13742	001000ec	00654603	lbu	x12,6(x10)	 x10:0x00101a64 x12=0x00000065 PA:0x00101a6a store:0x00000070
          27494	     13743	001000f0	02060063	beq	x12,x0,100110	 x12:0x00000065  x0:0x00000000
          27498	     13745	001000f4	00c7a023	sw	x12,0(x15)	 x15:0x00020000 x12:0x00000065 PA:0x00020000 store:0x00000065 load:0x00000000
          27502	     13747	001000f8	00754683	lbu	x13,7(x10)	 x10:0x00101a64 x13=0x00000073 PA:0x00101a6b store:0x00000020
          27504	     13748	001000fc	00850513	addi	x10,x10,8	 x10:0x00101a64 x10=0x00101a6c
          27506	     13749	00100100	00068863	beq	x13,x0,100110	 x13:0x00000073  x0:0x00000000
          27510	     13751	00100104	00d7a023	sw	x13,0(x15)	 x15:0x00020000 x13:0x00000073 PA:0x00020000 store:0x00000073 load:0x00000000
          27514	     13753	00100108	00054803	lbu	x16,0(x10)	 x10:0x00101a6c x16=0x00000074 PA:0x00101a6c store:0x00000000
          27518	     13755	0010010c	fa0810e3	bne	x16,x0,1000ac	 x16:0x00000074  x0:0x00000000
          27524	     13758	001000ac	0107a023	sw	x16,0(x15)	 x15:0x00020000 x16:0x00000074 PA:0x00020000 store:0x00000074 load:0x00000000
          27528	     13760	001000b0	00154703	lbu	x14,1(x10)	 x10:0x00101a6c x14=0x00000069 PA:0x00101a6d store:0x00101450
          27530	     13761	001000b4	04070e63	beq	x14,x0,100110	 x14:0x00000069  x0:0x00000000
          27534	     13763	001000b8	00e7a023	sw	x14,0(x15)	 x15:0x00020000 x14:0x00000069 PA:0x00020000 store:0x00000069 load:0x00000000
          27538	     13765	001000bc	00254283	lbu	x5,2(x10)	 x10:0x00101a6c  x5=0x0000006e PA:0x00101a6e store:0x00137fa0
          27540	     13766	001000c0	04028863	beq	x5,x0,100110	  x5:0x0000006e  x0:0x00000000
          27544	     13768	001000c4	0057a023	sw	x5,0(x15)	 x15:0x00020000  x5:0x0000006e PA:0x00020000 store:0x0000006e load:0x00000000
          27548	     13770	001000c8	00354303	lbu	x6,3(x10)	 x10:0x00101a6c  x6=0x00000067 PA:0x00101a6f store:0x00000000
          27550	     13771	001000cc	04030263	beq	x6,x0,100110	  x6:0x00000067  x0:0x00000000
          27554	     13773	001000d0	0067a023	sw	x6,0(x15)	 x15:0x00020000  x6:0x00000067 PA:0x00020000 store:0x00000067 load:0x00000000
          27558	     13775	001000d4	00454383	lbu	x7,4(x10)	 x10:0x00101a6c  x7=0x0000002e PA:0x00101a70 store:0x00000000
          27560	     13776	001000d8	02038c63	beq	x7,x0,100110	  x7:0x0000002e  x0:0x00000000
          27564	     13778	001000dc	0077a023	sw	x7,0(x15)	 x15:0x00020000  x7:0x0000002e PA:0x00020000 store:0x0000002e load:0x00000000
          27568	     13780	001000e0	00554583	lbu	x11,5(x10)	 x10:0x00101a6c x11=0x00000000 PA:0x00101a71 store:0x0000006e
          27572	     13782	001000e4	02058663	beq	x11,x0,100110	 x11:0x00000000  x0:0x00000000
          27576	     13784	00100110	00000513	addi	x10,x0,0	  x0:0x00000000 x10=0x00000000
          27590	     13791	00100114	00008067	jalr	x0,0(x1)	  x1:0x00101450  x0=0x00000000
          27592	     13792	00101450	f0000053	fmv.w.x	f0,x0	  x0:0x00000000  f0=0x00000000
          27594	     13793	00101454	d00aa087	flw	f1,-768(x21)	 f21:0x00102000  f1=0x00000000 PA:0x00101d00 store:0x056b3aa5
          27596	     13794	00101458	d089a107	flw	f2,-760(x19)	 f19:0x00102000  f2=0x00000000 PA:0x00101d08 store:0x3f80018a
          27598	     13795	0010145c	a01015d3	flt.s	x11,f0,f1	  f0:0x00000000  f1:0x00101450 x11=0x00000001
          27600	     13796	00101460	00059463	bne	x11,x0,101468	 x11:0x00000001  x0:0x00000000
          27612	     13802	00101468	d029a427	fsw	f2,-760(x19)	 f19:0x00102000  f2:0x00137fa0 PA:0x00101d08 store:0x41433afb load:0x41433afb
          27618	     13805	0010146c	d089a707	flw	f14,-760(x19)	 f19:0x00102000 f14=0x00000000 PA:0x00101d08 store:0x3f80018a
          27620	     13806	00101470	d00aa787	flw	f15,-768(x21)	 f21:0x00102000 f15=0x00000000 PA:0x00000000
          27626	     13809	00101474	28f711d3	fmax.s	f3,f14,f15	 f14:0x00000069 f15:0x00020000  f3=0x00000000
          27634	     13813	00101478	d03b2627	fsw	f3,-756(x22)	 f22:0x00102000  f3:0x00000000 PA:0x00101d0c store:0x42f64a98 load:0x42f64a98
          27638	     13815	0010147c	d00aa207	flw	f4,-768(x21)	 f21:0x00102000  f4=0x00000000 PA:0x00101d00 store:0x00000000
          27642	     13817	00101480	d0cb2587	flw	f11,-756(x22)	 f22:0x00102000 f11=0x00000000 PA:0x00101d0c store:0x3f800315
          27646	     13819	00101484	d1842287	flw	f5,-744(x8)	  f8:0x00102000  f5=0x00000000 PA:0x00101d18 store:0x00000000
          27652	     13822	00101488	2055f34b	fnmsub.s	f6,f11,f5,f4	 f11:0x00000001  f5:0x0000006e  f4:0x00000000  f6=0x00000000
          27660	     13826	0010148c	d06aa027	fsw	f6,-768(x21)	 f21:0x00102000  f6:0x00000067 PA:0x00101d00 store:0x42a70df5 load:0x3ea4b87c
          27668	     13830	00101490	d00aa607	flw	f12,-768(x21)	 f21:0x00102000 f12=0x00000000 PA:0x00101d00 store:0x00000000
          27674	     13833	00101494	a0061653	flt.s	x12,f12,f0	 f12:0x00000065  f0:0x00000000 x12=0x00000000
          27676	     13834	00101498	fa060ee3	beq	x12,x0,101454	 x12:0x00000000  x0:0x00000000
          27688	     13840	00101454	d00aa087	flw	f1,-768(x21)	 f21:0x00102000  f1=0x00000000 PA:0x00101d00 store:0x00000000
          27690	     13841	00101458	d089a107	flw	f2,-760(x19)	 f19:0x00102000  f2=0x00000000 PA:0x00101d08 store:0x3f80018a
          27694	     13843	0010145c	a01015d3	flt.s	x11,f0,f1	  f0:0x00000000  f1:0x00101450 x11=0x00000001
          27696	     13844	00101460	00059463	bne	x11,x0,101468	 x11:0x00000001  x0:0x00000000
          27708	     13850	00101468	d029a427	fsw	f2,-760(x19)	 f19:0x00102000  f2:0x00137fa0 PA:0x00101d08 store:0x41433afb load:0x41433afb
          27714	     13853	0010146c	d089a707	flw	f14,-760(x19)	 f19:0x00102000 f14=0x00000000 PA:0x00101d08 store:0x3f80018a
          27716	     13854	00101470	d00aa787	flw	f15,-768(x21)	 f21:0x00102000 f15=0x00000000 PA:0x00000000
          27722	     13857	00101474	28f711d3	fmax.s	f3,f14,f15	 f14:0x00000069 f15:0x00020000  f3=0x00000000
          27730	     13861	00101478	d03b2627	fsw	f3,-756(x22)	 f22:0x00102000  f3:0x00000000 PA:0x00101d0c store:0x42a70df5 load:0x42a70df5
          27734	     13863	0010147c	d00aa207	flw	f4,-768(x21)	 f21:0x00102000  f4=0x00000000 PA:0x00101d00 store:0x00000000
          27738	     13865	00101480	d0cb2587	flw	f11,-756(x22)	 f22:0x00102000 f11=0x00000000 PA:0x00101d0c store:0x42a70df5
          27742	     13867	00101484	d1842287	flw	f5,-744(x8)	  f8:0x00102000  f5=0x00000000 PA:0x00101d18 store:0x00000000
          27748	     13870	00101488	2055f34b	fnmsub.s	f6,f11,f5,f4	 f11:0x00000001  f5:0x0000006e  f4:0x00000000  f6=0x00000000
          27756	     13874	0010148c	d06aa027	fsw	f6,-768(x21)	 f21:0x00102000  f6:0x00000067 PA:0x00101d00 store:0x42629e96 load:0x3ea4b87c
          27764	     13878	00101490	d00aa607	flw	f12,-768(x21)	 f21:0x00102000 f12=0x00000000 PA:0x00101d00 store:0x00000000
          27770	     13881	00101494	a0061653	flt.s	x12,f12,f0	 f12:0x00000000  f0:0x00000000 x12=0x00000000
          27772	     13882	00101498	fa060ee3	beq	x12,x0,101454	 x12:0x00000000  x0:0x00000000
          27784	     13888	00101454	d00aa087	flw	f1,-768(x21)	 f21:0x00102000  f1=0x00000000 PA:0x00101d00 store:0x00000000
          27786	     13889	00101458	d089a107	flw	f2,-760(x19)	 f19:0x00102000  f2=0x00000000 PA:0x00101d08 store:0x3f80018a
          27790	     13891	0010145c	a01015d3	flt.s	x11,f0,f1	  f0:0x00000000  f1:0x00101450 x11=0x00000001
          27792	     13892	00101460	00059463	bne	x11,x0,101468	 x11:0x00000001  x0:0x00000000
          27804	     13898	00101468	d029a427	fsw	f2,-760(x19)	 f19:0x00102000  f2:0x00137fa0 PA:0x00101d08 store:0x41433afb load:0x41433afb
          27810	     13901	0010146c	d089a707	flw	f14,-760(x19)	 f19:0x00102000 f14=0x00000000 PA:0x00101d08 store:0x3f80018a
          27812	     13902	00101470	d00aa787	flw	f15,-768(x21)	 f21:0x00102000 f15=0x00000000 PA:0x00000000
          27818	     13905	00101474	28f711d3	fmax.s	f3,f14,f15	 f14:0x00000069 f15:0x00020000  f3=0x00000000
          27826	     13909	00101478	d03b2627	fsw	f3,-756(x22)	 f22:0x00102000  f3:0x00000000 PA:0x00101d0c store:0x42629e96 load:0x42629e96
          27830	     13911	0010147c	d00aa207	flw	f4,-768(x21)	 f21:0x00102000  f4=0x00000000 PA:0x00101d00 store:0x00000000
          27834	     13913	00101480	d0cb2587	flw	f11,-756(x22)	 f22:0x00102000 f11=0x00000000 PA:0x00101d0c store:0x42629e96
          27838	     13915	00101484	d1842287	flw	f5,-744(x8)	  f8:0x00102000  f5=0x00000000 PA:0x00101d18 store:0x00000000
          27844	     13918	00101488	2055f34b	fnmsub.s	f6,f11,f5,f4	 f11:0x00000001  f5:0x0000006e  f4:0x00000000  f6=0x00000000
          27852	     13922	0010148c	d06aa027	fsw	f6,-768(x21)	 f21:0x00102000  f6:0x00000067 PA:0x00101d00 store:0x4219b622 load:0x3ea4b87c
          27860	     13926	00101490	d00aa607	flw	f12,-768(x21)	 f21:0x00102000 f12=0x00000000 PA:0x00101d00 store:0x00000000
          27866	     13929	00101494	a0061653	flt.s	x12,f12,f0	 f12:0x00000000  f0:0x00000000 x12=0x00000000
          27868	     13930	00101498	fa060ee3	beq	x12,x0,101454	 x12:0x00000000  x0:0x00000000
          27880	     13936	00101454	d00aa087	flw	f1,-768(x21)	 f21:0x00102000  f1=0x00000000 PA:0x00101d00 store:0x00000000
          27882	     13937	00101458	d089a107	flw	f2,-760(x19)	 f19:0x00102000  f2=0x00000000 PA:0x00101d08 store:0x3f80018a
          27886	     13939	0010145c	a01015d3	flt.s	x11,f0,f1	  f0:0x00000000  f1:0x00101450 x11=0x00000001
          27888	     13940	00101460	00059463	bne	x11,x0,101468	 x11:0x00000001  x0:0x00000000
          27900	     13946	00101468	d029a427	fsw	f2,-760(x19)	 f19:0x00102000  f2:0x00137fa0 PA:0x00101d08 store:0x41433afb load:0x41433afb
          27906	     13949	0010146c	d089a707	flw	f14,-760(x19)	 f19:0x00102000 f14=0x00000000 PA:0x00101d08 store:0x3f80018a
          27908	     13950	00101470	d00aa787	flw	f15,-768(x21)	 f21:0x00102000 f15=0x00000000 PA:0x00000000
          27914	     13953	00101474	28f711d3	fmax.s	f3,f14,f15	 f14:0x00000069 f15:0x00020000  f3=0x00000000
          27922	     13957	00101478	d03b2627	fsw	f3,-756(x22)	 f22:0x00102000  f3:0x00000000 PA:0x00101d0c store:0x4219b622 load:0x4219b622
          27926	     13959	0010147c	d00aa207	flw	f4,-768(x21)	 f21:0x00102000  f4=0x00000000 PA:0x00101d00 store:0x00000000
          27930	     13961	00101480	d0cb2587	flw	f11,-756(x22)	 f22:0x00102000 f11=0x00000000 PA:0x00101d0c store:0x4219b622
          27934	     13963	00101484	d1842287	flw	f5,-744(x8)	  f8:0x00102000  f5=0x00000000 PA:0x00101d18 store:0x00000000
          27940	     13966	00101488	2055f34b	fnmsub.s	f6,f11,f5,f4	 f11:0x00000001  f5:0x0000006e  f4:0x00000000  f6=0x00000000
          27948	     13970	0010148c	d06aa027	fsw	f6,-768(x21)	 f21:0x00102000  f6:0x00000067 PA:0x00101d00 store:0x41d084d1 load:0x3ea4b87c
          27956	     13974	00101490	d00aa607	flw	f12,-768(x21)	 f21:0x00102000 f12=0x00000000 PA:0x00101d00 store:0x00000000
          27962	     13977	00101494	a0061653	flt.s	x12,f12,f0	 f12:0x00000000  f0:0x00000000 x12=0x00000000
          27964	     13978	00101498	fa060ee3	beq	x12,x0,101454	 x12:0x00000000  x0:0x00000000
          27976	     13984	00101454	d00aa087	flw	f1,-768(x21)	 f21:0x00102000  f1=0x00000000 PA:0x00101d00 store:0x00000000
          27978	     13985	00101458	d089a107	flw	f2,-760(x19)	 f19:0x00102000  f2=0x00000000 PA:0x00101d08 store:0x3f80018a
          27982	     13987	0010145c	a01015d3	flt.s	x11,f0,f1	  f0:0x00000000  f1:0x00101450 x11=0x00000001
          27984	     13988	00101460	00059463	bne	x11,x0,101468	 x11:0x00000001  x0:0x00000000
          27996	     13994	00101468	d029a427	fsw	f2,-760(x19)	 f19:0x00102000  f2:0x00137fa0 PA:0x00101d08 store:0x41433afb load:0x41433afb
          28002	     13997	0010146c	d089a707	flw	f14,-760(x19)	 f19:0x00102000 f14=0x00000000 PA:0x00101d08 store:0x3f80018a
          28004	     13998	00101470	d00aa787	flw	f15,-768(x21)	 f21:0x00102000 f15=0x00000000 PA:0x00000000
          28010	     14001	00101474	28f711d3	fmax.s	f3,f14,f15	 f14:0x00000069 f15:0x00020000  f3=0x00000000
          28018	     14005	00101478	d03b2627	fsw	f3,-756(x22)	 f22:0x00102000  f3:0x00000000 PA:0x00101d0c store:0x41d084d1 load:0x41d084d1
          28022	     14007	0010147c	d00aa207	flw	f4,-768(x21)	 f21:0x00102000  f4=0x00000000 PA:0x00101d00 store:0x00000000
          28026	     14009	00101480	d0cb2587	flw	f11,-756(x22)	 f22:0x00102000 f11=0x00000000 PA:0x00101d0c store:0x41d084d1
          28030	     14011	00101484	d1842287	flw	f5,-744(x8)	  f8:0x00102000  f5=0x00000000 PA:0x00101d18 store:0x00000000
          28036	     14014	00101488	2055f34b	fnmsub.s	f6,f11,f5,f4	 f11:0x00000001  f5:0x0000006e  f4:0x00000000  f6=0x00000000
          28044	     14018	0010148c	d06aa027	fsw	f6,-768(x21)	 f21:0x00102000  f6:0x00000067 PA:0x00101d00 store:0x418d6f24 load:0x3ea4b87c
          28052	     14022	00101490	d00aa607	flw	f12,-768(x21)	 f21:0x00102000 f12=0x00000000 PA:0x00101d00 store:0x00000000
          28058	     14025	00101494	a0061653	flt.s	x12,f12,f0	 f12:0x00000000  f0:0x00000000 x12=0x00000000
          28060	     14026	00101498	fa060ee3	beq	x12,x0,101454	 x12:0x00000000  x0:0x00000000
          28072	     14032	00101454	d00aa087	flw	f1,-768(x21)	 f21:0x00102000  f1=0x00000000 PA:0x00101d00 store:0x00000000
          28074	     14033	00101458	d089a107	flw	f2,-760(x19)	 f19:0x00102000  f2=0x00000000 PA:0x00101d08 store:0x3f80018a
          28078	     14035	0010145c	a01015d3	flt.s	x11,f0,f1	  f0:0x00000000  f1:0x00101450 x11=0x00000001
          28080	     14036	00101460	00059463	bne	x11,x0,101468	 x11:0x00000001  x0:0x00000000
          28092	     14042	00101468	d029a427	fsw	f2,-760(x19)	 f19:0x00102000  f2:0x00137fa0 PA:0x00101d08 store:0x41433afb load:0x41433afb
          28098	     14045	0010146c	d089a707	flw	f14,-760(x19)	 f19:0x00102000 f14=0x00000000 PA:0x00101d08 store:0x3f80018a
          28100	     14046	00101470	d00aa787	flw	f15,-768(x21)	 f21:0x00102000 f15=0x00000000 PA:0x00000000
          28106	     14049	00101474	28f711d3	fmax.s	f3,f14,f15	 f14:0x00000069 f15:0x00020000  f3=0x00000000
          28114	     14053	00101478	d03b2627	fsw	f3,-756(x22)	 f22:0x00102000  f3:0x00000000 PA:0x00101d0c store:0x418d6f24 load:0x418d6f24
          28118	     14055	0010147c	d00aa207	flw	f4,-768(x21)	 f21:0x00102000  f4=0x00000000 PA:0x00101d00 store:0x00000000
          28122	     14057	00101480	d0cb2587	flw	f11,-756(x22)	 f22:0x00102000 f11=0x00000000 PA:0x00101d0c store:0x418d6f24
          28126	     14059	00101484	d1842287	flw	f5,-744(x8)	  f8:0x00102000  f5=0x00000000 PA:0x00101d18 store:0x00000000
          28132	     14062	00101488	2055f34b	fnmsub.s	f6,f11,f5,f4	 f11:0x00000001  f5:0x0000006e  f4:0x00000000  f6=0x00000000
          28140	     14066	0010148c	d06aa027	fsw	f6,-768(x21)	 f21:0x00102000  f6:0x00000067 PA:0x00101d00 store:0x413fdd29 load:0x3ea4b87c
          28148	     14070	00101490	d00aa607	flw	f12,-768(x21)	 f21:0x00102000 f12=0x00000000 PA:0x00101d00 store:0x00000000
          28154	     14073	00101494	a0061653	flt.s	x12,f12,f0	 f12:0x00000000  f0:0x00000000 x12=0x00000000
          28156	     14074	00101498	fa060ee3	beq	x12,x0,101454	 x12:0x00000000  x0:0x00000000
          28168	     14080	00101454	d00aa087	flw	f1,-768(x21)	 f21:0x00102000  f1=0x00000000 PA:0x00101d00 store:0x00000000
          28170	     14081	00101458	d089a107	flw	f2,-760(x19)	 f19:0x00102000  f2=0x00000000 PA:0x00101d08 store:0x3f80018a
          28174	     14083	0010145c	a01015d3	flt.s	x11,f0,f1	  f0:0x00000000  f1:0x00101450 x11=0x00000001
          28176	     14084	00101460	00059463	bne	x11,x0,101468	 x11:0x00000001  x0:0x00000000
          28188	     14090	00101468	d029a427	fsw	f2,-760(x19)	 f19:0x00102000  f2:0x00137fa0 PA:0x00101d08 store:0x41433afb load:0x41433afb
          28194	     14093	0010146c	d089a707	flw	f14,-760(x19)	 f19:0x00102000 f14=0x00000000 PA:0x00101d08 store:0x3f80018a
          28196	     14094	00101470	d00aa787	flw	f15,-768(x21)	 f21:0x00102000 f15=0x00000000 PA:0x00000000
          28202	     14097	00101474	28f711d3	fmax.s	f3,f14,f15	 f14:0x00000069 f15:0x00020000  f3=0x00000000
          28210	     14101	00101478	d03b2627	fsw	f3,-756(x22)	 f22:0x00102000  f3:0x00000000 PA:0x00101d0c store:0x41433afb load:0x413fdd29
          28214	     14103	0010147c	d00aa207	flw	f4,-768(x21)	 f21:0x00102000  f4=0x00000000 PA:0x00101d00 store:0x00000000
          28218	     14105	00101480	d0cb2587	flw	f11,-756(x22)	 f22:0x00102000 f11=0x00000000 PA:0x00101d0c store:0x413fdd29
          28222	     14107	00101484	d1842287	flw	f5,-744(x8)	  f8:0x00102000  f5=0x00000000 PA:0x00101d18 store:0x00000000
          28228	     14110	00101488	2055f34b	fnmsub.s	f6,f11,f5,f4	 f11:0x00000001  f5:0x0000006e  f4:0x00000000  f6=0x00000000
          28236	     14114	0010148c	d06aa027	fsw	f6,-768(x21)	 f21:0x00102000  f6:0x00000067 PA:0x00101d00 store:0x41010dec load:0x3ea4b87c
          28244	     14118	00101490	d00aa607	flw	f12,-768(x21)	 f21:0x00102000 f12=0x00000000 PA:0x00101d00 store:0x00000000
          28250	     14121	00101494	a0061653	flt.s	x12,f12,f0	 f12:0x00000000  f0:0x00000000 x12=0x00000000
          28252	     14122	00101498	fa060ee3	beq	x12,x0,101454	 x12:0x00000000  x0:0x00000000
          28264	     14128	00101454	d00aa087	flw	f1,-768(x21)	 f21:0x00102000  f1=0x00000000 PA:0x00101d00 store:0x00000000
          28266	     14129	00101458	d089a107	flw	f2,-760(x19)	 f19:0x00102000  f2=0x00000000 PA:0x00101d08 store:0x3f80018a
          28270	     14131	0010145c	a01015d3	flt.s	x11,f0,f1	  f0:0x00000000  f1:0x00101450 x11=0x00000001
          28272	     14132	00101460	00059463	bne	x11,x0,101468	 x11:0x00000001  x0:0x00000000
          28284	     14138	00101468	d029a427	fsw	f2,-760(x19)	 f19:0x00102000  f2:0x00137fa0 PA:0x00101d08 store:0x41433afb load:0x41433afb
          28290	     14141	0010146c	d089a707	flw	f14,-760(x19)	 f19:0x00102000 f14=0x00000000 PA:0x00101d08 store:0x3f80018a
          28292	     14142	00101470	d00aa787	flw	f15,-768(x21)	 f21:0x00102000 f15=0x00000000 PA:0x00000000
          28298	     14145	00101474	28f711d3	fmax.s	f3,f14,f15	 f14:0x00000069 f15:0x00020000  f3=0x00000000
          28306	     14149	00101478	d03b2627	fsw	f3,-756(x22)	 f22:0x00102000  f3:0x00000000 PA:0x00101d0c store:0x41433afb load:0x41010dec
          28310	     14151	0010147c	d00aa207	flw	f4,-768(x21)	 f21:0x00102000  f4=0x00000000 PA:0x00101d00 store:0x00000000
          28314	     14153	00101480	d0cb2587	flw	f11,-756(x22)	 f22:0x00102000 f11=0x00000000 PA:0x00101d0c store:0x41010dec
          28318	     14155	00101484	d1842287	flw	f5,-744(x8)	  f8:0x00102000  f5=0x00000000 PA:0x00101d18 store:0x00000000
          28324	     14158	00101488	2055f34b	fnmsub.s	f6,f11,f5,f4	 f11:0x00000001  f5:0x0000006e  f4:0x00000000  f6=0x00000000
          28332	     14162	0010148c	d06aa027	fsw	f6,-768(x21)	 f21:0x00102000  f6:0x00000067 PA:0x00101d00 store:0x40847d5e load:0x3ea4b87c
          28340	     14166	00101490	d00aa607	flw	f12,-768(x21)	 f21:0x00102000 f12=0x00000000 PA:0x00101d00 store:0x00000000
          28346	     14169	00101494	a0061653	flt.s	x12,f12,f0	 f12:0x00000000  f0:0x00000000 x12=0x00000000
          28348	     14170	00101498	fa060ee3	beq	x12,x0,101454	 x12:0x00000000  x0:0x00000000
          28360	     14176	00101454	d00aa087	flw	f1,-768(x21)	 f21:0x00102000  f1=0x00000000 PA:0x00101d00 store:0x00000000
          28362	     14177	00101458	d089a107	flw	f2,-760(x19)	 f19:0x00102000  f2=0x00000000 PA:0x00101d08 store:0x3f80018a
          28366	     14179	0010145c	a01015d3	flt.s	x11,f0,f1	  f0:0x00000000  f1:0x00101450 x11=0x00000001
          28368	     14180	00101460	00059463	bne	x11,x0,101468	 x11:0x00000001  x0:0x00000000
          28380	     14186	00101468	d029a427	fsw	f2,-760(x19)	 f19:0x00102000  f2:0x00137fa0 PA:0x00101d08 store:0x41433afb load:0x41433afb
          28386	     14189	0010146c	d089a707	flw	f14,-760(x19)	 f19:0x00102000 f14=0x00000000 PA:0x00101d08 store:0x3f80018a
          28388	     14190	00101470	d00aa787	flw	f15,-768(x21)	 f21:0x00102000 f15=0x00000000 PA:0x00000000
          28394	     14193	00101474	28f711d3	fmax.s	f3,f14,f15	 f14:0x00000069 f15:0x00020000  f3=0x00000000
          28402	     14197	00101478	d03b2627	fsw	f3,-756(x22)	 f22:0x00102000  f3:0x00000000 PA:0x00101d0c store:0x41433afb load:0x40847d5e
          28406	     14199	0010147c	d00aa207	flw	f4,-768(x21)	 f21:0x00102000  f4=0x00000000 PA:0x00101d00 store:0x00000000
          28410	     14201	00101480	d0cb2587	flw	f11,-756(x22)	 f22:0x00102000 f11=0x00000000 PA:0x00101d0c store:0x40847d5e
          28414	     14203	00101484	d1842287	flw	f5,-744(x8)	  f8:0x00102000  f5=0x00000000 PA:0x00101d18 store:0x00000000
          28420	     14206	00101488	2055f34b	fnmsub.s	f6,f11,f5,f4	 f11:0x00000001  f5:0x0000006e  f4:0x00000000  f6=0x00000000
          28428	     14210	0010148c	d06aa027	fsw	f6,-768(x21)	 f21:0x00102000  f6:0x00000067 PA:0x00101d00 store:0x3e5bdc88 load:0x3ea4b87c
          28436	     14214	00101490	d00aa607	flw	f12,-768(x21)	 f21:0x00102000 f12=0x00000000 PA:0x00101d00 store:0x00000000
          28442	     14217	00101494	a0061653	flt.s	x12,f12,f0	 f12:0x00000000  f0:0x00000000 x12=0x00000000
          28444	     14218	00101498	fa060ee3	beq	x12,x0,101454	 x12:0x00000000  x0:0x00000000
          28456	     14224	00101454	d00aa087	flw	f1,-768(x21)	 f21:0x00102000  f1=0x00000000 PA:0x00101d00 store:0x00000000
          28458	     14225	00101458	d089a107	flw	f2,-760(x19)	 f19:0x00102000  f2=0x00000000 PA:0x00101d08 store:0x3f80018a
          28462	     14227	0010145c	a01015d3	flt.s	x11,f0,f1	  f0:0x00000000  f1:0x00101450 x11=0x00000001
          28464	     14228	00101460	00059463	bne	x11,x0,101468	 x11:0x00000001  x0:0x00000000
          28476	     14234	00101468	d029a427	fsw	f2,-760(x19)	 f19:0x00102000  f2:0x00137fa0 PA:0x00101d08 store:0x41433afb load:0x41433afb
          28482	     14237	0010146c	d089a707	flw	f14,-760(x19)	 f19:0x00102000 f14=0x00000000 PA:0x00101d08 store:0x3f80018a
          28484	     14238	00101470	d00aa787	flw	f15,-768(x21)	 f21:0x00102000 f15=0x00000000 PA:0x00000000
          28490	     14241	00101474	28f711d3	fmax.s	f3,f14,f15	 f14:0x00000069 f15:0x00020000  f3=0x00000000
          28498	     14245	00101478	d03b2627	fsw	f3,-756(x22)	 f22:0x00102000  f3:0x00000000 PA:0x00101d0c store:0x41433afb load:0x3e5bdc88
          28502	     14247	0010147c	d00aa207	flw	f4,-768(x21)	 f21:0x00102000  f4=0x00000000 PA:0x00101d00 store:0x00000000
          28506	     14249	00101480	d0cb2587	flw	f11,-756(x22)	 f22:0x00102000 f11=0x00000000 PA:0x00101d0c store:0x3e5bdc88
          28510	     14251	00101484	d1842287	flw	f5,-744(x8)	  f8:0x00102000  f5=0x00000000 PA:0x00101d18 store:0x00000000
          28516	     14254	00101488	2055f34b	fnmsub.s	f6,f11,f5,f4	 f11:0x00000001  f5:0x0000006e  f4:0x00000000  f6=0x00000000
          28524	     14258	0010148c	d06aa027	fsw	f6,-768(x21)	 f21:0x00102000  f6:0x00000067 PA:0x00101d00 store:0xc06d7f2b load:0x3ea4b87c
          28532	     14262	00101490	d00aa607	flw	f12,-768(x21)	 f21:0x00102000 f12=0x00000000 PA:0x00101d00 store:0x00000000
          28538	     14265	00101494	a0061653	flt.s	x12,f12,f0	 f12:0x00000000  f0:0x00000000 x12=0x00000001
          28548	     14270	00101498	fa060ee3	beq	x12,x0,101454	 x12:0x00000001  x0:0x00000000
          28550	     14271	0010149c	d00aa687	flw	f13,-768(x21)	 f21:0x00102000 f13=0x00000000 PA:0x00101d00 store:0x00000000
          28554	     14273	001014a0	00102837	lui	x16,0x102	 x16=0x00102000
          28556	     14274	001014a4	a7480513	addi	x10,x16,-1420	 x16:0x00102000 x10=0x00101a74
          28558	     14275	001014a8	e00688d3	fmv.x.w	x17,f13	 f13:0x00000073 x17=0xc06d7f2b
          28560	     14276	001014ac	cf1a2c23	sw	x17,-776(x20)	 x20:0x00102000 x17:0xc06d7f2b PA:0x00101cf8 store:0xc06d7f2b load:0xc06d7f2b
          28562	     14277	001014b0	bf1fe0ef	jal	x1,1000a0	  x1=0x001014b4
          28564	     14278	001000a0	00054803	lbu	x16,0(x10)	 x10:0x00101a74 x16=0x0000000a PA:0x00101a74 store:0x00000000
          28566	     14279	001000a4	06080663	beq	x16,x0,100110	 x16:0x0000000a  x0:0x00000000
          28568	     14280	001000a8	000207b7	lui	x15,0x20	 x15=0x00020000
          28572	     14282	001000ac	0107a023	sw	x16,0(x15)	 x15:0x00020000 x16:0x0000000a PA:0x00020000 store:0x0000000a load:0x00000000
          28576	     14284	001000b0	00154703	lbu	x14,1(x10)	 x10:0x00101a74 x14=0x00000020 PA:0x00101a75 store:0x001014b4
          28578	     14285	001000b4	04070e63	beq	x14,x0,100110	 x14:0x00000020  x0:0x00000000
          28582	     14287	001000b8	00e7a023	sw	x14,0(x15)	 x15:0x00020000 x14:0x00000020 PA:0x00020000 store:0x00000020 load:0x00000000
          28586	     14289	001000bc	00254283	lbu	x5,2(x10)	 x10:0x00101a74  x5=0x00000046 PA:0x00101a76 store:0x00137fa0
          28588	     14290	001000c0	04028863	beq	x5,x0,100110	  x5:0x00000046  x0:0x00000000
          28592	     14292	001000c4	0057a023	sw	x5,0(x15)	 x15:0x00020000  x5:0x00000046 PA:0x00020000 store:0x00000046 load:0x00000000
          28596	     14294	001000c8	00354303	lbu	x6,3(x10)	 x10:0x00101a74  x6=0x00000069 PA:0x00101a77 store:0x00000000
          28598	     14295	001000cc	04030263	beq	x6,x0,100110	  x6:0x00000069  x0:0x00000000
          28602	     14297	001000d0	0067a023	sw	x6,0(x15)	 x15:0x00020000  x6:0x00000069 PA:0x00020000 store:0x00000069 load:0x00000000
          28606	     14299	001000d4	00454383	lbu	x7,4(x10)	 x10:0x00101a74  x7=0x0000006e PA:0x00101a78 store:0x00000000
          28608	     14300	001000d8	02038c63	beq	x7,x0,100110	  x7:0x0000006e  x0:0x00000000
          28612	     14302	001000dc	0077a023	sw	x7,0(x15)	 x15:0x00020000  x7:0x0000006e PA:0x00020000 store:0x0000006e load:0x00000000
          28616	     14304	001000e0	00554583	lbu	x11,5(x10)	 x10:0x00101a74 x11=0x00000061 PA:0x00101a79 store:0x00000046
          28618	     14305	001000e4	02058663	beq	x11,x0,100110	 x11:0x00000061  x0:0x00000000
          28622	     14307	001000e8	00b7a023	sw	x11,0(x15)	 x15:0x00020000 x11:0x00000061 PA:0x00020000 store:0x00000061 load:0x00000000
          28626	     14309	001000ec	00654603	lbu	x12,6(x10)	 x10:0x00101a74 x12=0x0000006c PA:0x00101a7a store:0x00000069
          28628	     14310	001000f0	02060063	beq	x12,x0,100110	 x12:0x0000006c  x0:0x00000000
          28632	     14312	001000f4	00c7a023	sw	x12,0(x15)	 x15:0x00020000 x12:0x0000006c PA:0x00020000 store:0x0000006c load:0x00000000
          28636	     14314	001000f8	00754683	lbu	x13,7(x10)	 x10:0x00101a74 x13=0x00000020 PA:0x00101a7b store:0x0000006e
          28638	     14315	001000fc	00850513	addi	x10,x10,8	 x10:0x00101a74 x10=0x00101a7c
          28640	     14316	00100100	00068863	beq	x13,x0,100110	 x13:0x00000020  x0:0x00000000
          28644	     14318	00100104	00d7a023	sw	x13,0(x15)	 x15:0x00020000 x13:0x00000020 PA:0x00020000 store:0x00000020 load:0x00000000
          28648	     14320	00100108	00054803	lbu	x16,0(x10)	 x10:0x00101a7c x16=0x00000072 PA:0x00101a7c store:0x00000000
          28652	     14322	0010010c	fa0810e3	bne	x16,x0,1000ac	 x16:0x00000072  x0:0x00000000
          28658	     14325	001000ac	0107a023	sw	x16,0(x15)	 x15:0x00020000 x16:0x00000072 PA:0x00020000 store:0x00000072 load:0x00000000
          28662	     14327	001000b0	00154703	lbu	x14,1(x10)	 x10:0x00101a7c x14=0x00000065 PA:0x00101a7d store:0x001014b4
          28664	     14328	001000b4	04070e63	beq	x14,x0,100110	 x14:0x00000065  x0:0x00000000
          28668	     14330	001000b8	00e7a023	sw	x14,0(x15)	 x15:0x00020000 x14:0x00000065 PA:0x00020000 store:0x00000065 load:0x00000000
          28672	     14332	001000bc	00254283	lbu	x5,2(x10)	 x10:0x00101a7c  x5=0x00000073 PA:0x00101a7e store:0x00137fa0
          28674	     14333	001000c0	04028863	beq	x5,x0,100110	  x5:0x00000073  x0:0x00000000
          28678	     14335	001000c4	0057a023	sw	x5,0(x15)	 x15:0x00020000  x5:0x00000073 PA:0x00020000 store:0x00000073 load:0x00000000
          28682	     14337	001000c8	00354303	lbu	x6,3(x10)	 x10:0x00101a7c  x6=0x00000075 PA:0x00101a7f store:0x00000000
          28684	     14338	001000cc	04030263	beq	x6,x0,100110	  x6:0x00000075  x0:0x00000000
          28688	     14340	001000d0	0067a023	sw	x6,0(x15)	 x15:0x00020000  x6:0x00000075 PA:0x00020000 store:0x00000075 load:0x00000000
          28692	     14342	001000d4	00454383	lbu	x7,4(x10)	 x10:0x00101a7c  x7=0x0000006c PA:0x00101a80 store:0x00000000
          28694	     14343	001000d8	02038c63	beq	x7,x0,100110	  x7:0x0000006c  x0:0x00000000
          28698	     14345	001000dc	0077a023	sw	x7,0(x15)	 x15:0x00020000  x7:0x0000006c PA:0x00020000 store:0x0000006c load:0x00000000
          28702	     14347	001000e0	00554583	lbu	x11,5(x10)	 x10:0x00101a7c x11=0x00000074 PA:0x00101a81 store:0x00000073
          28704	     14348	001000e4	02058663	beq	x11,x0,100110	 x11:0x00000074  x0:0x00000000
          28708	     14350	001000e8	00b7a023	sw	x11,0(x15)	 x15:0x00020000 x11:0x00000074 PA:0x00020000 store:0x00000074 load:0x00000000
          28712	     14352	001000ec	00654603	lbu	x12,6(x10)	 x10:0x00101a7c x12=0x0000003a PA:0x00101a82 store:0x00000075
          28714	     14353	001000f0	02060063	beq	x12,x0,100110	 x12:0x0000003a  x0:0x00000000
          28718	     14355	001000f4	00c7a023	sw	x12,0(x15)	 x15:0x00020000 x12:0x0000003a PA:0x00020000 store:0x0000003a load:0x00000000
          28722	     14357	001000f8	00754683	lbu	x13,7(x10)	 x10:0x00101a7c x13=0x00000000 PA:0x00101a83 store:0x0000006c
          28724	     14358	001000fc	00850513	addi	x10,x10,8	 x10:0x00101a7c x10=0x00101a84
          28728	     14360	00100100	00068863	beq	x13,x0,100110	 x13:0x00000000  x0:0x00000000
          28732	     14362	00100110	00000513	addi	x10,x0,0	  x0:0x00000000 x10=0x00000000
          28736	     14364	00100114	00008067	jalr	x0,0(x1)	  x1:0x001014b4  x0=0x00000000
          28740	     14366	001014b4	cf8a2503	lw	x10,-776(x20)	 x20:0x00102000 x10=0xc06d7f2b PA:0x00101cf8 store:0x00102000
          28742	     14367	001014b8	00102db7	lui	x27,0x102	 x27=0x00102000
          28746	     14369	001014bc	c65fe0ef	jal	x1,100120	  x1=0x001014c0
          28748	     14370	00100120	01c55793	srli	x15,x10,0x1c	 x10:0xc06d7f2b x15=0x0000000c
          28750	     14371	00100124	00900713	addi	x14,x0,9	  x0:0x00000000 x14=0x00000009
          28752	     14372	00100128	0cf77a63	bgeu	x14,x15,1001fc	 x14:0x00000009 x15:0x0000000c
          28754	     14373	0010012c	03778293	addi	x5,x15,55	 x15:0x0000000c  x5=0x00000043
          28756	     14374	00100130	00020337	lui	x6,0x20	  x6=0x00020000
          28758	     14375	00100134	00451613	slli	x12,x10,0x4	 x10:0xc06d7f2b x12=0x06d7f2b0
          28762	     14377	00100138	00532023	sw	x5,0(x6)	  x6:0x00020000  x5:0x00000043 PA:0x00020000 store:0x00000043 load:0x00000000
          28764	     14378	0010013c	01c65693	srli	x13,x12,0x1c	 x12:0x06d7f2b0 x13=0x00000000
          28766	     14379	00100140	00900813	addi	x16,x0,9	  x0:0x00000000 x16=0x00000009
          28770	     14381	00100144	0cd87a63	bgeu	x16,x13,100218	 x16:0x00000009 x13:0x00000000
          28774	     14383	00100218	03068e93	addi	x29,x13,48	 x13:0x00000000 x29=0x00000030
          28776	     14384	0010021c	00020f37	lui	x30,0x20	 x30=0x00020000
          28778	     14385	00100220	00851f93	slli	x31,x10,0x8	 x10:0xc06d7f2b x31=0x6d7f2b00
          28782	     14387	00100224	01df2023	sw	x29,0(x30)	 x30:0x00020000 x29:0x00000030 PA:0x00020000 store:0x00000030 load:0x00000000
          28784	     14388	00100228	01cfd793	srli	x15,x31,0x1c	 x31:0x6d7f2b00 x15=0x00000006
          28786	     14389	0010022c	00900713	addi	x14,x0,9	  x0:0x00000000 x14=0x00000009
          28788	     14390	00100230	f2f76ae3	bltu	x14,x15,100164	 x14:0x00000009 x15:0x00000006
          28790	     14391	00100234	03078393	addi	x7,x15,48	 x15:0x00000006  x7=0x00000036
          28792	     14392	00100238	000205b7	lui	x11,0x20	 x11=0x00020000
          28794	     14393	0010023c	00c51613	slli	x12,x10,0xc	 x10:0xc06d7f2b x12=0xd7f2b000
          28798	     14395	00100240	0075a023	sw	x7,0(x11)	 x11:0x00020000  x7:0x00000036 PA:0x00020000 store:0x00000036 load:0x00000000
          28800	     14396	00100244	01c65693	srli	x13,x12,0x1c	 x12:0xd7f2b000 x13=0x0000000d
          28802	     14397	00100248	00900813	addi	x16,x0,9	  x0:0x00000000 x16=0x00000009
          28806	     14399	0010024c	f2d86ae3	bltu	x16,x13,100180	 x16:0x00000009 x13:0x0000000d
          28810	     14401	00100180	03768893	addi	x17,x13,55	 x13:0x0000000d x17=0x00000044
          28812	     14402	00100184	00020e37	lui	x28,0x20	 x28=0x00020000
          28814	     14403	00100188	01051f93	slli	x31,x10,0x10	 x10:0xc06d7f2b x31=0x7f2b0000
          28818	     14405	0010018c	011e2023	sw	x17,0(x28)	 x28:0x00020000 x17:0x00000044 PA:0x00020000 store:0x00000044 load:0x00000000
          28820	     14406	00100190	01cfd793	srli	x15,x31,0x1c	 x31:0x7f2b0000 x15=0x00000007
          28822	     14407	00100194	00900713	addi	x14,x0,9	  x0:0x00000000 x14=0x00000009
          28826	     14409	00100198	0cf77a63	bgeu	x14,x15,10026c	 x14:0x00000009 x15:0x00000007
          28830	     14411	0010026c	03078393	addi	x7,x15,48	 x15:0x00000007  x7=0x00000037
          28832	     14412	00100270	000205b7	lui	x11,0x20	 x11=0x00020000
          28834	     14413	00100274	01451613	slli	x12,x10,0x14	 x10:0xc06d7f2b x12=0xf2b00000
          28838	     14415	00100278	0075a023	sw	x7,0(x11)	 x11:0x00020000  x7:0x00000037 PA:0x00020000 store:0x00000037 load:0x00000000
          28840	     14416	0010027c	01c65693	srli	x13,x12,0x1c	 x12:0xf2b00000 x13=0x0000000f
          28842	     14417	00100280	00900813	addi	x16,x0,9	  x0:0x00000000 x16=0x00000009
          28846	     14419	00100284	f2d86ae3	bltu	x16,x13,1001b8	 x16:0x00000009 x13:0x0000000f
          28850	     14421	001001b8	03768893	addi	x17,x13,55	 x13:0x0000000f x17=0x00000046
          28852	     14422	001001bc	00020e37	lui	x28,0x20	 x28=0x00020000
          28854	     14423	001001c0	01851f93	slli	x31,x10,0x18	 x10:0xc06d7f2b x31=0x2b000000
          28858	     14425	001001c4	011e2023	sw	x17,0(x28)	 x28:0x00020000 x17:0x00000046 PA:0x00020000 store:0x00000046 load:0x00000000
          28860	     14426	001001c8	01cfd793	srli	x15,x31,0x1c	 x31:0x2b000000 x15=0x00000002
          28862	     14427	001001cc	00900713	addi	x14,x0,9	  x0:0x00000000 x14=0x00000009
          28866	     14429	001001d0	0cf77a63	bgeu	x14,x15,1002a4	 x14:0x00000009 x15:0x00000002
          28870	     14431	001002a4	03078393	addi	x7,x15,48	 x15:0x00000002  x7=0x00000032
          28872	     14432	001002a8	000205b7	lui	x11,0x20	 x11=0x00020000
          28876	     14434	001002ac	0075a023	sw	x7,0(x11)	 x11:0x00020000  x7:0x00000032 PA:0x00020000 store:0x00000032 load:0x00000000
          28878	     14435	001002b0	00f57513	andi	x10,x10,15	 x10:0xc06d7f2b x10=0x0000000b
          28880	     14436	001002b4	00900613	addi	x12,x0,9	  x0:0x00000000 x12=0x00000009
          28882	     14437	001002b8	f2a67ae3	bgeu	x12,x10,1001ec	 x12:0x00000009 x10:0x0000000b
          28884	     14438	001002bc	03750693	addi	x13,x10,55	 x10:0x0000000b x13=0x00000042
          28886	     14439	001002c0	00020837	lui	x16,0x20	 x16=0x00020000
          28890	     14441	001002c4	00d82023	sw	x13,0(x16)	 x16:0x00020000 x13:0x00000042 PA:0x00020000 store:0x00000042 load:0x00000000
          28894	     14443	001002c8	00008067	jalr	x0,0(x1)	  x1:0x001014c0  x0=0x00000000
          28896	     14444	001014c0	00102e37	lui	x28,0x102	 x28=0x00102000
          28898	     14445	001014c4	a84e0513	addi	x10,x28,-1404	 x28:0x00102000 x10=0x00101a84
          28902	     14447	001014c8	bd9fe0ef	jal	x1,1000a0	  x1=0x001014cc
          28906	     14449	001000a0	00054803	lbu	x16,0(x10)	 x10:0x00101a84 x16=0x0000000a PA:0x00101a84 store:0x00000000
          28908	     14450	001000a4	06080663	beq	x16,x0,100110	 x16:0x0000000a  x0:0x00000000
          28910	     14451	001000a8	000207b7	lui	x15,0x20	 x15=0x00020000
          28914	     14453	001000ac	0107a023	sw	x16,0(x15)	 x15:0x00020000 x16:0x0000000a PA:0x00020000 store:0x0000000a load:0x00000000
          28918	     14455	001000b0	00154703	lbu	x14,1(x10)	 x10:0x00101a84 x14=0x0000000a PA:0x00101a85 store:0x001014cc
          28920	     14456	001000b4	04070e63	beq	x14,x0,100110	 x14:0x0000000a  x0:0x00000000
          28924	     14458	001000b8	00e7a023	sw	x14,0(x15)	 x15:0x00020000 x14:0x0000000a PA:0x00020000 store:0x0000000a load:0x00000000
          28928	     14460	001000bc	00254283	lbu	x5,2(x10)	 x10:0x00101a84  x5=0x00000054 PA:0x00101a86 store:0x00137fa0
          28930	     14461	001000c0	04028863	beq	x5,x0,100110	  x5:0x00000054  x0:0x00000000
          28934	     14463	001000c4	0057a023	sw	x5,0(x15)	 x15:0x00020000  x5:0x00000054 PA:0x00020000 store:0x00000054 load:0x00000000
          28938	     14465	001000c8	00354303	lbu	x6,3(x10)	 x10:0x00101a84  x6=0x00000065 PA:0x00101a87 store:0x00000000
          28940	     14466	001000cc	04030263	beq	x6,x0,100110	  x6:0x00000065  x0:0x00000000
          28944	     14468	001000d0	0067a023	sw	x6,0(x15)	 x15:0x00020000  x6:0x00000065 PA:0x00020000 store:0x00000065 load:0x00000000
          28948	     14470	001000d4	00454383	lbu	x7,4(x10)	 x10:0x00101a84  x7=0x00000073 PA:0x00101a88 store:0x00000000
          28950	     14471	001000d8	02038c63	beq	x7,x0,100110	  x7:0x00000073  x0:0x00000000
          28954	     14473	001000dc	0077a023	sw	x7,0(x15)	 x15:0x00020000  x7:0x00000073 PA:0x00020000 store:0x00000073 load:0x00000000
          28958	     14475	001000e0	00554583	lbu	x11,5(x10)	 x10:0x00101a84 x11=0x00000074 PA:0x00101a89 store:0x00000054
          28960	     14476	001000e4	02058663	beq	x11,x0,100110	 x11:0x00000074  x0:0x00000000
          28964	     14478	001000e8	00b7a023	sw	x11,0(x15)	 x15:0x00020000 x11:0x00000074 PA:0x00020000 store:0x00000074 load:0x00000000
          28968	     14480	001000ec	00654603	lbu	x12,6(x10)	 x10:0x00101a84 x12=0x00000069 PA:0x00101a8a store:0x00000065
          28970	     14481	001000f0	02060063	beq	x12,x0,100110	 x12:0x00000069  x0:0x00000000
          28974	     14483	001000f4	00c7a023	sw	x12,0(x15)	 x15:0x00020000 x12:0x00000069 PA:0x00020000 store:0x00000069 load:0x00000000
          28978	     14485	001000f8	00754683	lbu	x13,7(x10)	 x10:0x00101a84 x13=0x0000006e PA:0x00101a8b store:0x00000073
          28980	     14486	001000fc	00850513	addi	x10,x10,8	 x10:0x00101a84 x10=0x00101a8c
          28982	     14487	00100100	00068863	beq	x13,x0,100110	 x13:0x0000006e  x0:0x00000000
          28986	     14489	00100104	00d7a023	sw	x13,0(x15)	 x15:0x00020000 x13:0x0000006e PA:0x00020000 store:0x0000006e load:0x00000000
          28990	     14491	00100108	00054803	lbu	x16,0(x10)	 x10:0x00101a8c x16=0x00000067 PA:0x00101a8c store:0x00000000
          28994	     14493	0010010c	fa0810e3	bne	x16,x0,1000ac	 x16:0x00000067  x0:0x00000000
          29000	     14496	001000ac	0107a023	sw	x16,0(x15)	 x15:0x00020000 x16:0x00000067 PA:0x00020000 store:0x00000067 load:0x00000000
          29004	     14498	001000b0	00154703	lbu	x14,1(x10)	 x10:0x00101a8c x14=0x00000020 PA:0x00101a8d store:0x001014cc
          29006	     14499	001000b4	04070e63	beq	x14,x0,100110	 x14:0x00000020  x0:0x00000000
          29010	     14501	001000b8	00e7a023	sw	x14,0(x15)	 x15:0x00020000 x14:0x00000020 PA:0x00020000 store:0x00000020 load:0x00000000
          29014	     14503	001000bc	00254283	lbu	x5,2(x10)	 x10:0x00101a8c  x5=0x00000043 PA:0x00101a8e store:0x00137fa0
          29016	     14504	001000c0	04028863	beq	x5,x0,100110	  x5:0x00000043  x0:0x00000000
          29020	     14506	001000c4	0057a023	sw	x5,0(x15)	 x15:0x00020000  x5:0x00000043 PA:0x00020000 store:0x00000043 load:0x00000000
          29024	     14508	001000c8	00354303	lbu	x6,3(x10)	 x10:0x00101a8c  x6=0x0000006c PA:0x00101a8f store:0x00000000
          29026	     14509	001000cc	04030263	beq	x6,x0,100110	  x6:0x0000006c  x0:0x00000000
          29030	     14511	001000d0	0067a023	sw	x6,0(x15)	 x15:0x00020000  x6:0x0000006c PA:0x00020000 store:0x0000006c load:0x00000000
          29034	     14513	001000d4	00454383	lbu	x7,4(x10)	 x10:0x00101a8c  x7=0x00000061 PA:0x00101a90 store:0x00000000
          29036	     14514	001000d8	02038c63	beq	x7,x0,100110	  x7:0x00000061  x0:0x00000000
          29040	     14516	001000dc	0077a023	sw	x7,0(x15)	 x15:0x00020000  x7:0x00000061 PA:0x00020000 store:0x00000061 load:0x00000000
          29044	     14518	001000e0	00554583	lbu	x11,5(x10)	 x10:0x00101a8c x11=0x00000073 PA:0x00101a91 store:0x00000043
          29046	     14519	001000e4	02058663	beq	x11,x0,100110	 x11:0x00000073  x0:0x00000000
          29050	     14521	001000e8	00b7a023	sw	x11,0(x15)	 x15:0x00020000 x11:0x00000073 PA:0x00020000 store:0x00000073 load:0x00000000
          29054	     14523	001000ec	00654603	lbu	x12,6(x10)	 x10:0x00101a8c x12=0x00000073 PA:0x00101a92 store:0x0000006c
          29056	     14524	001000f0	02060063	beq	x12,x0,100110	 x12:0x00000073  x0:0x00000000
          29060	     14526	001000f4	00c7a023	sw	x12,0(x15)	 x15:0x00020000 x12:0x00000073 PA:0x00020000 store:0x00000073 load:0x00000000
          29064	     14528	001000f8	00754683	lbu	x13,7(x10)	 x10:0x00101a8c x13=0x00000069 PA:0x00101a93 store:0x00000061
          29066	     14529	001000fc	00850513	addi	x10,x10,8	 x10:0x00101a8c x10=0x00101a94
          29068	     14530	00100100	00068863	beq	x13,x0,100110	 x13:0x00000069  x0:0x00000000
          29072	     14532	00100104	00d7a023	sw	x13,0(x15)	 x15:0x00020000 x13:0x00000069 PA:0x00020000 store:0x00000069 load:0x00000000
          29076	     14534	00100108	00054803	lbu	x16,0(x10)	 x10:0x00101a94 x16=0x00000066 PA:0x00101a94 store:0x00000000
          29080	     14536	0010010c	fa0810e3	bne	x16,x0,1000ac	 x16:0x00000066  x0:0x00000000
          29086	     14539	001000ac	0107a023	sw	x16,0(x15)	 x15:0x00020000 x16:0x00000066 PA:0x00020000 store:0x00000066 load:0x00000000
          29090	     14541	001000b0	00154703	lbu	x14,1(x10)	 x10:0x00101a94 x14=0x00000079 PA:0x00101a95 store:0x001014cc
          29092	     14542	001000b4	04070e63	beq	x14,x0,100110	 x14:0x00000079  x0:0x00000000
          29096	     14544	001000b8	00e7a023	sw	x14,0(x15)	 x15:0x00020000 x14:0x00000079 PA:0x00020000 store:0x00000079 load:0x00000000
          29100	     14546	001000bc	00254283	lbu	x5,2(x10)	 x10:0x00101a94  x5=0x00000020 PA:0x00101a96 store:0x00137fa0
          29102	     14547	001000c0	04028863	beq	x5,x0,100110	  x5:0x00000020  x0:0x00000000
          29106	     14549	001000c4	0057a023	sw	x5,0(x15)	 x15:0x00020000  x5:0x00000020 PA:0x00020000 store:0x00000020 load:0x00000000
          29110	     14551	001000c8	00354303	lbu	x6,3(x10)	 x10:0x00101a94  x6=0x00000069 PA:0x00101a97 store:0x00000000
          29112	     14552	001000cc	04030263	beq	x6,x0,100110	  x6:0x00000069  x0:0x00000000
          29116	     14554	001000d0	0067a023	sw	x6,0(x15)	 x15:0x00020000  x6:0x00000069 PA:0x00020000 store:0x00000069 load:0x00000000
          29120	     14556	001000d4	00454383	lbu	x7,4(x10)	 x10:0x00101a94  x7=0x0000006e PA:0x00101a98 store:0x00000000
          29122	     14557	001000d8	02038c63	beq	x7,x0,100110	  x7:0x0000006e  x0:0x00000000
          29126	     14559	001000dc	0077a023	sw	x7,0(x15)	 x15:0x00020000  x7:0x0000006e PA:0x00020000 store:0x0000006e load:0x00000000
          29130	     14561	001000e0	00554583	lbu	x11,5(x10)	 x10:0x00101a94 x11=0x00000073 PA:0x00101a99 store:0x00000020
          29132	     14562	001000e4	02058663	beq	x11,x0,100110	 x11:0x00000073  x0:0x00000000
          29136	     14564	001000e8	00b7a023	sw	x11,0(x15)	 x15:0x00020000 x11:0x00000073 PA:0x00020000 store:0x00000073 load:0x00000000
          29140	     14566	001000ec	00654603	lbu	x12,6(x10)	 x10:0x00101a94 x12=0x00000074 PA:0x00101a9a store:0x00000069
          29142	     14567	001000f0	02060063	beq	x12,x0,100110	 x12:0x00000074  x0:0x00000000
          29146	     14569	001000f4	00c7a023	sw	x12,0(x15)	 x15:0x00020000 x12:0x00000074 PA:0x00020000 store:0x00000074 load:0x00000000
          29150	     14571	001000f8	00754683	lbu	x13,7(x10)	 x10:0x00101a94 x13=0x00000072 PA:0x00101a9b store:0x0000006e
          29152	     14572	001000fc	00850513	addi	x10,x10,8	 x10:0x00101a94 x10=0x00101a9c
          29154	     14573	00100100	00068863	beq	x13,x0,100110	 x13:0x00000072  x0:0x00000000
          29158	     14575	00100104	00d7a023	sw	x13,0(x15)	 x15:0x00020000 x13:0x00000072 PA:0x00020000 store:0x00000072 load:0x00000000
          29162	     14577	00100108	00054803	lbu	x16,0(x10)	 x10:0x00101a9c x16=0x00000075 PA:0x00101a9c store:0x00000000
          29166	     14579	0010010c	fa0810e3	bne	x16,x0,1000ac	 x16:0x00000075  x0:0x00000000
          29172	     14582	001000ac	0107a023	sw	x16,0(x15)	 x15:0x00020000 x16:0x00000075 PA:0x00020000 store:0x00000075 load:0x00000000
          29176	     14584	001000b0	00154703	lbu	x14,1(x10)	 x10:0x00101a9c x14=0x00000063 PA:0x00101a9d store:0x001014cc
          29178	     14585	001000b4	04070e63	beq	x14,x0,100110	 x14:0x00000063  x0:0x00000000
          29182	     14587	001000b8	00e7a023	sw	x14,0(x15)	 x15:0x00020000 x14:0x00000063 PA:0x00020000 store:0x00000063 load:0x00000000
          29186	     14589	001000bc	00254283	lbu	x5,2(x10)	 x10:0x00101a9c  x5=0x00000074 PA:0x00101a9e store:0x00137fa0
          29188	     14590	001000c0	04028863	beq	x5,x0,100110	  x5:0x00000074  x0:0x00000000
          29192	     14592	001000c4	0057a023	sw	x5,0(x15)	 x15:0x00020000  x5:0x00000074 PA:0x00020000 store:0x00000074 load:0x00000000
          29196	     14594	001000c8	00354303	lbu	x6,3(x10)	 x10:0x00101a9c  x6=0x00000069 PA:0x00101a9f store:0x00000000
          29198	     14595	001000cc	04030263	beq	x6,x0,100110	  x6:0x00000069  x0:0x00000000
          29202	     14597	001000d0	0067a023	sw	x6,0(x15)	 x15:0x00020000  x6:0x00000069 PA:0x00020000 store:0x00000069 load:0x00000000
          29206	     14599	001000d4	00454383	lbu	x7,4(x10)	 x10:0x00101a9c  x7=0x0000006f PA:0x00101aa0 store:0x00000000
          29208	     14600	001000d8	02038c63	beq	x7,x0,100110	  x7:0x0000006f  x0:0x00000000
          29212	     14602	001000dc	0077a023	sw	x7,0(x15)	 x15:0x00020000  x7:0x0000006f PA:0x00020000 store:0x0000006f load:0x00000000
          29216	     14604	001000e0	00554583	lbu	x11,5(x10)	 x10:0x00101a9c x11=0x0000006e PA:0x00101aa1 store:0x00000074
          29218	     14605	001000e4	02058663	beq	x11,x0,100110	 x11:0x0000006e  x0:0x00000000
          29222	     14607	001000e8	00b7a023	sw	x11,0(x15)	 x15:0x00020000 x11:0x0000006e PA:0x00020000 store:0x0000006e load:0x00000000
          29226	     14609	001000ec	00654603	lbu	x12,6(x10)	 x10:0x00101a9c x12=0x00000073 PA:0x00101aa2 store:0x00000069
          29228	     14610	001000f0	02060063	beq	x12,x0,100110	 x12:0x00000073  x0:0x00000000
          29232	     14612	001000f4	00c7a023	sw	x12,0(x15)	 x15:0x00020000 x12:0x00000073 PA:0x00020000 store:0x00000073 load:0x00000000
          29236	     14614	001000f8	00754683	lbu	x13,7(x10)	 x10:0x00101a9c x13=0x0000003a PA:0x00101aa3 store:0x0000006f
          29238	     14615	001000fc	00850513	addi	x10,x10,8	 x10:0x00101a9c x10=0x00101aa4
          29240	     14616	00100100	00068863	beq	x13,x0,100110	 x13:0x0000003a  x0:0x00000000
          29244	     14618	00100104	00d7a023	sw	x13,0(x15)	 x15:0x00020000 x13:0x0000003a PA:0x00020000 store:0x0000003a load:0x00000000
          29248	     14620	00100108	00054803	lbu	x16,0(x10)	 x10:0x00101aa4 x16=0x00000020 PA:0x00101aa4 store:0x00000000
          29252	     14622	0010010c	fa0810e3	bne	x16,x0,1000ac	 x16:0x00000020  x0:0x00000000
          29258	     14625	001000ac	0107a023	sw	x16,0(x15)	 x15:0x00020000 x16:0x00000020 PA:0x00020000 store:0x00000020 load:0x00000000
          29262	     14627	001000b0	00154703	lbu	x14,1(x10)	 x10:0x00101aa4 x14=0x0000000a PA:0x00101aa5 store:0x001014cc
          29264	     14628	001000b4	04070e63	beq	x14,x0,100110	 x14:0x0000000a  x0:0x00000000
          29268	     14630	001000b8	00e7a023	sw	x14,0(x15)	 x15:0x00020000 x14:0x0000000a PA:0x00020000 store:0x0000000a load:0x00000000
          29272	     14632	001000bc	00254283	lbu	x5,2(x10)	 x10:0x00101aa4  x5=0x00000000 PA:0x00101aa6 store:0x00137fa0
          29276	     14634	001000c0	04028863	beq	x5,x0,100110	  x5:0x00000000  x0:0x00000000
          29280	     14636	00100110	00000513	addi	x10,x0,0	  x0:0x00000000 x10=0x00000000
          29284	     14638	00100114	00008067	jalr	x0,0(x1)	  x1:0x001014cc  x0=0x00000000
          29286	     14639	001014cc	ff800eb7	lui	x29,0xff800	 x29=0xff800000
          29290	     14641	001014d0	cfda2c23	sw	x29,-776(x20)	 x20:0x00102000 x29:0xff800000 PA:0x00101cf8 store:0xff800000 load:0x00000a20
          29294	     14643	001014d4	cf8a2f03	lw	x30,-776(x20)	 x20:0x00102000 x30=0xff800000 PA:0x00101cf8 store:0x00102000
          29306	     14649	001014d8	00102fb7	lui	x31,0x102	 x31=0x00102000
          29308	     14650	001014dc	f00f03d3	fmv.w.x	f7,x30	 x30:0xff800000  f7=0x00000000
          29314	     14653	001014e0	aa8f8513	addi	x10,x31,-1368	 x31:0x00102000 x10=0x00101aa8
          29316	     14654	001014e4	d27ba227	fsw	f7,-732(x23)	 f23:0x00102000  f7:0x0000006f PA:0x00101d24 store:0xff800000 load:0xff800000
          29322	     14657	001014e8	d24ba407	flw	f8,-732(x23)	 f23:0x00102000  f8=0x00000000 PA:0x00101d24 store:0x3e5bdc88
          29328	     14660	001014ec	e0041d53	fclass.s	x26,f8	  f8:0x00102000 x26=0x00000001
          29330	     14661	001014f0	cfaa2c23	sw	x26,-776(x20)	 x20:0x00102000 x26:0x00000001 PA:0x00101cf8 store:0x00000001 load:0xff800000
          29334	     14663	001014f4	badfe0ef	jal	x1,1000a0	  x1=0x001014f8
          29338	     14665	001000a0	00054803	lbu	x16,0(x10)	 x10:0x00101aa8 x16=0x00000020 PA:0x00101aa8 store:0x00000000
          29340	     14666	001000a4	06080663	beq	x16,x0,100110	 x16:0x00000020  x0:0x00000000
          29342	     14667	001000a8	000207b7	lui	x15,0x20	 x15=0x00020000
          29346	     14669	001000ac	0107a023	sw	x16,0(x15)	 x15:0x00020000 x16:0x00000020 PA:0x00020000 store:0x00000020 load:0x00000000
          29350	     14671	001000b0	00154703	lbu	x14,1(x10)	 x10:0x00101aa8 x14=0x00000045 PA:0x00101aa9 store:0x001014f8
          29352	     14672	001000b4	04070e63	beq	x14,x0,100110	 x14:0x00000045  x0:0x00000000
          29356	     14674	001000b8	00e7a023	sw	x14,0(x15)	 x15:0x00020000 x14:0x00000045 PA:0x00020000 store:0x00000045 load:0x00000000
          29360	     14676	001000bc	00254283	lbu	x5,2(x10)	 x10:0x00101aa8  x5=0x00000078 PA:0x00101aaa store:0x00137fa0
          29362	     14677	001000c0	04028863	beq	x5,x0,100110	  x5:0x00000078  x0:0x00000000
          29366	     14679	001000c4	0057a023	sw	x5,0(x15)	 x15:0x00020000  x5:0x00000078 PA:0x00020000 store:0x00000078 load:0x00000000
          29370	     14681	001000c8	00354303	lbu	x6,3(x10)	 x10:0x00101aa8  x6=0x00000070 PA:0x00101aab store:0x00000000
          29372	     14682	001000cc	04030263	beq	x6,x0,100110	  x6:0x00000070  x0:0x00000000
          29376	     14684	001000d0	0067a023	sw	x6,0(x15)	 x15:0x00020000  x6:0x00000070 PA:0x00020000 store:0x00000070 load:0x00000000
          29380	     14686	001000d4	00454383	lbu	x7,4(x10)	 x10:0x00101aa8  x7=0x00000065 PA:0x00101aac store:0x00000000
          29382	     14687	001000d8	02038c63	beq	x7,x0,100110	  x7:0x00000065  x0:0x00000000
          29386	     14689	001000dc	0077a023	sw	x7,0(x15)	 x15:0x00020000  x7:0x00000065 PA:0x00020000 store:0x00000065 load:0x00000000
          29390	     14691	001000e0	00554583	lbu	x11,5(x10)	 x10:0x00101aa8 x11=0x00000063 PA:0x00101aad store:0x00000078
          29392	     14692	001000e4	02058663	beq	x11,x0,100110	 x11:0x00000063  x0:0x00000000
          29396	     14694	001000e8	00b7a023	sw	x11,0(x15)	 x15:0x00020000 x11:0x00000063 PA:0x00020000 store:0x00000063 load:0x00000000
          29400	     14696	001000ec	00654603	lbu	x12,6(x10)	 x10:0x00101aa8 x12=0x00000074 PA:0x00101aae store:0x00000070
          29402	     14697	001000f0	02060063	beq	x12,x0,100110	 x12:0x00000074  x0:0x00000000
          29406	     14699	001000f4	00c7a023	sw	x12,0(x15)	 x15:0x00020000 x12:0x00000074 PA:0x00020000 store:0x00000074 load:0x00000000
          29410	     14701	001000f8	00754683	lbu	x13,7(x10)	 x10:0x00101aa8 x13=0x00000069 PA:0x00101aaf store:0x00000065
          29412	     14702	001000fc	00850513	addi	x10,x10,8	 x10:0x00101aa8 x10=0x00101ab0
          29414	     14703	00100100	00068863	beq	x13,x0,100110	 x13:0x00000069  x0:0x00000000
          29418	     14705	00100104	00d7a023	sw	x13,0(x15)	 x15:0x00020000 x13:0x00000069 PA:0x00020000 store:0x00000069 load:0x00000000
          29422	     14707	00100108	00054803	lbu	x16,0(x10)	 x10:0x00101ab0 x16=0x0000006e PA:0x00101ab0 store:0x00000000
          29426	     14709	0010010c	fa0810e3	bne	x16,x0,1000ac	 x16:0x0000006e  x0:0x00000000
          29432	     14712	001000ac	0107a023	sw	x16,0(x15)	 x15:0x00020000 x16:0x0000006e PA:0x00020000 store:0x0000006e load:0x00000000
          29436	     14714	001000b0	00154703	lbu	x14,1(x10)	 x10:0x00101ab0 x14=0x00000067 PA:0x00101ab1 store:0x001014f8
          29438	     14715	001000b4	04070e63	beq	x14,x0,100110	 x14:0x00000067  x0:0x00000000
          29442	     14717	001000b8	00e7a023	sw	x14,0(x15)	 x15:0x00020000 x14:0x00000067 PA:0x00020000 store:0x00000067 load:0x00000000
          29446	     14719	001000bc	00254283	lbu	x5,2(x10)	 x10:0x00101ab0  x5=0x00000020 PA:0x00101ab2 store:0x00137fa0
          29448	     14720	001000c0	04028863	beq	x5,x0,100110	  x5:0x00000020  x0:0x00000000
          29452	     14722	001000c4	0057a023	sw	x5,0(x15)	 x15:0x00020000  x5:0x00000020 PA:0x00020000 store:0x00000020 load:0x00000000
          29456	     14724	001000c8	00354303	lbu	x6,3(x10)	 x10:0x00101ab0  x6=0x00000030 PA:0x00101ab3 store:0x00000000
          29458	     14725	001000cc	04030263	beq	x6,x0,100110	  x6:0x00000030  x0:0x00000000
          29462	     14727	001000d0	0067a023	sw	x6,0(x15)	 x15:0x00020000  x6:0x00000030 PA:0x00020000 store:0x00000030 load:0x00000000
          29466	     14729	001000d4	00454383	lbu	x7,4(x10)	 x10:0x00101ab0  x7=0x00000078 PA:0x00101ab4 store:0x00000000
          29468	     14730	001000d8	02038c63	beq	x7,x0,100110	  x7:0x00000078  x0:0x00000000
          29472	     14732	001000dc	0077a023	sw	x7,0(x15)	 x15:0x00020000  x7:0x00000078 PA:0x00020000 store:0x00000078 load:0x00000000
          29476	     14734	001000e0	00554583	lbu	x11,5(x10)	 x10:0x00101ab0 x11=0x00000031 PA:0x00101ab5 store:0x00000020
          29478	     14735	001000e4	02058663	beq	x11,x0,100110	 x11:0x00000031  x0:0x00000000
          29482	     14737	001000e8	00b7a023	sw	x11,0(x15)	 x15:0x00020000 x11:0x00000031 PA:0x00020000 store:0x00000031 load:0x00000000
          29486	     14739	001000ec	00654603	lbu	x12,6(x10)	 x10:0x00101ab0 x12=0x0000003a PA:0x00101ab6 store:0x00000030
          29488	     14740	001000f0	02060063	beq	x12,x0,100110	 x12:0x0000003a  x0:0x00000000
          29492	     14742	001000f4	00c7a023	sw	x12,0(x15)	 x15:0x00020000 x12:0x0000003a PA:0x00020000 store:0x0000003a load:0x00000000
          29496	     14744	001000f8	00754683	lbu	x13,7(x10)	 x10:0x00101ab0 x13=0x00000020 PA:0x00101ab7 store:0x00000078
          29498	     14745	001000fc	00850513	addi	x10,x10,8	 x10:0x00101ab0 x10=0x00101ab8
          29500	     14746	00100100	00068863	beq	x13,x0,100110	 x13:0x00000020  x0:0x00000000
          29504	     14748	00100104	00d7a023	sw	x13,0(x15)	 x15:0x00020000 x13:0x00000020 PA:0x00020000 store:0x00000020 load:0x00000000
          29508	     14750	00100108	00054803	lbu	x16,0(x10)	 x10:0x00101ab8 x16=0x00000000 PA:0x00101ab8 store:0x00000000
          29510	     14751	0010010c	fa0810e3	bne	x16,x0,1000ac	 x16:0x00000000  x0:0x00000000
          29512	     14752	00100110	00000513	addi	x10,x0,0	  x0:0x00000000 x10=0x00000000
          29516	     14754	00100114	00008067	jalr	x0,0(x1)	  x1:0x001014f8  x0=0x00000000
          29520	     14756	001014f8	cf8a2503	lw	x10,-776(x20)	 x20:0x00102000 x10=0x00000001 PA:0x00101cf8 store:0x00102000
          29522	     14757	001014fc	00102d37	lui	x26,0x102	 x26=0x00102000
          29526	     14759	00101500	c21fe0ef	jal	x1,100120	  x1=0x00101504
          29528	     14760	00100120	01c55793	srli	x15,x10,0x1c	 x10:0x00000001 x15=0x00000000
          29530	     14761	00100124	00900713	addi	x14,x0,9	  x0:0x00000000 x14=0x00000009
          29534	     14763	00100128	0cf77a63	bgeu	x14,x15,1001fc	 x14:0x00000009 x15:0x00000000
          29538	     14765	001001fc	03078393	addi	x7,x15,48	 x15:0x00000000  x7=0x00000030
          29540	     14766	00100200	000205b7	lui	x11,0x20	 x11=0x00020000
          29542	     14767	00100204	00451613	slli	x12,x10,0x4	 x10:0x00000001 x12=0x00000010
          29546	     14769	00100208	0075a023	sw	x7,0(x11)	 x11:0x00020000  x7:0x00000030 PA:0x00020000 store:0x00000030 load:0x00000000
          29548	     14770	0010020c	01c65693	srli	x13,x12,0x1c	 x12:0x00000010 x13=0x00000000
          29550	     14771	00100210	00900813	addi	x16,x0,9	  x0:0x00000000 x16=0x00000009
          29552	     14772	00100214	f2d86ae3	bltu	x16,x13,100148	 x16:0x00000009 x13:0x00000000
          29554	     14773	00100218	03068e93	addi	x29,x13,48	 x13:0x00000000 x29=0x00000030
          29556	     14774	0010021c	00020f37	lui	x30,0x20	 x30=0x00020000
          29558	     14775	00100220	00851f93	slli	x31,x10,0x8	 x10:0x00000001 x31=0x00000100
          29562	     14777	00100224	01df2023	sw	x29,0(x30)	 x30:0x00020000 x29:0x00000030 PA:0x00020000 store:0x00000030 load:0x00000000
          29564	     14778	00100228	01cfd793	srli	x15,x31,0x1c	 x31:0x00000100 x15=0x00000000
          29566	     14779	0010022c	00900713	addi	x14,x0,9	  x0:0x00000000 x14=0x00000009
          29568	     14780	00100230	f2f76ae3	bltu	x14,x15,100164	 x14:0x00000009 x15:0x00000000
          29570	     14781	00100234	03078393	addi	x7,x15,48	 x15:0x00000000  x7=0x00000030
          29572	     14782	00100238	000205b7	lui	x11,0x20	 x11=0x00020000
          29574	     14783	0010023c	00c51613	slli	x12,x10,0xc	 x10:0x00000001 x12=0x00001000
          29578	     14785	00100240	0075a023	sw	x7,0(x11)	 x11:0x00020000  x7:0x00000030 PA:0x00020000 store:0x00000030 load:0x00000000
          29580	     14786	00100244	01c65693	srli	x13,x12,0x1c	 x12:0x00001000 x13=0x00000000
          29582	     14787	00100248	00900813	addi	x16,x0,9	  x0:0x00000000 x16=0x00000009
          29584	     14788	0010024c	f2d86ae3	bltu	x16,x13,100180	 x16:0x00000009 x13:0x00000000
          29586	     14789	00100250	03068e93	addi	x29,x13,48	 x13:0x00000000 x29=0x00000030
          29588	     14790	00100254	00020f37	lui	x30,0x20	 x30=0x00020000
          29590	     14791	00100258	01051f93	slli	x31,x10,0x10	 x10:0x00000001 x31=0x00010000
          29594	     14793	0010025c	01df2023	sw	x29,0(x30)	 x30:0x00020000 x29:0x00000030 PA:0x00020000 store:0x00000030 load:0x00000000
          29596	     14794	00100260	01cfd793	srli	x15,x31,0x1c	 x31:0x00010000 x15=0x00000000
          29598	     14795	00100264	00900713	addi	x14,x0,9	  x0:0x00000000 x14=0x00000009
          29600	     14796	00100268	f2f76ae3	bltu	x14,x15,10019c	 x14:0x00000009 x15:0x00000000
          29602	     14797	0010026c	03078393	addi	x7,x15,48	 x15:0x00000000  x7=0x00000030
          29604	     14798	00100270	000205b7	lui	x11,0x20	 x11=0x00020000
          29606	     14799	00100274	01451613	slli	x12,x10,0x14	 x10:0x00000001 x12=0x00100000
          29610	     14801	00100278	0075a023	sw	x7,0(x11)	 x11:0x00020000  x7:0x00000030 PA:0x00020000 store:0x00000030 load:0x00000000
          29612	     14802	0010027c	01c65693	srli	x13,x12,0x1c	 x12:0x00100000 x13=0x00000000
          29614	     14803	00100280	00900813	addi	x16,x0,9	  x0:0x00000000 x16=0x00000009
          29616	     14804	00100284	f2d86ae3	bltu	x16,x13,1001b8	 x16:0x00000009 x13:0x00000000
          29618	     14805	00100288	03068e93	addi	x29,x13,48	 x13:0x00000000 x29=0x00000030
          29620	     14806	0010028c	00020f37	lui	x30,0x20	 x30=0x00020000
          29622	     14807	00100290	01851f93	slli	x31,x10,0x18	 x10:0x00000001 x31=0x01000000
          29626	     14809	00100294	01df2023	sw	x29,0(x30)	 x30:0x00020000 x29:0x00000030 PA:0x00020000 store:0x00000030 load:0x00000000
          29628	     14810	00100298	01cfd793	srli	x15,x31,0x1c	 x31:0x01000000 x15=0x00000000
          29630	     14811	0010029c	00900713	addi	x14,x0,9	  x0:0x00000000 x14=0x00000009
          29632	     14812	001002a0	f2f76ae3	bltu	x14,x15,1001d4	 x14:0x00000009 x15:0x00000000
          29634	     14813	001002a4	03078393	addi	x7,x15,48	 x15:0x00000000  x7=0x00000030
          29636	     14814	001002a8	000205b7	lui	x11,0x20	 x11=0x00020000
          29640	     14816	001002ac	0075a023	sw	x7,0(x11)	 x11:0x00020000  x7:0x00000030 PA:0x00020000 store:0x00000030 load:0x00000000
          29642	     14817	001002b0	00f57513	andi	x10,x10,15	 x10:0x00000001 x10=0x00000001
          29644	     14818	001002b4	00900613	addi	x12,x0,9	  x0:0x00000000 x12=0x00000009
          29648	     14820	001002b8	f2a67ae3	bgeu	x12,x10,1001ec	 x12:0x00000009 x10:0x00000001
          29652	     14822	001001ec	03050893	addi	x17,x10,48	 x10:0x00000001 x17=0x00000031
          29654	     14823	001001f0	00020e37	lui	x28,0x20	 x28=0x00020000
          29658	     14825	001001f4	011e2023	sw	x17,0(x28)	 x28:0x00020000 x17:0x00000031 PA:0x00020000 store:0x00000031 load:0x00000000
          29662	     14827	001001f8	00008067	jalr	x0,0(x1)	  x1:0x00101504  x0=0x00000000
          29674	     14833	00101504	001026b7	lui	x13,0x102	 x13=0x00102000
          29676	     14834	00101508	9486a487	flw	f9,-1720(x13)	 f13:0x00102000  f9=0x00000000 PA:0x00101948 store:0xff800000
          29682	     14837	0010150c	00102737	lui	x14,0x102	 x14=0x00102000
          29684	     14838	00101510	abc70513	addi	x10,x14,-1348	 x14:0x00102000 x10=0x00101abc
          29686	     14839	00101514	d29ca027	fsw	f9,-736(x25)	 f25:0x00102000  f9:0x00102000 PA:0x00101d20 store:0xc019999a load:0xc019999a
          29690	     14841	00101518	d20ca507	flw	f10,-736(x25)	 f25:0x00102000 f10=0x00000000 PA:0x00101d20 store:0x00000000
          29696	     14844	0010151c	e00517d3	fclass.s	x15,f10	 f10:0x00101abc x15=0x00000002
          29698	     14845	00101520	cefdaa23	sw	x15,-780(x27)	 x27:0x00102000 x15:0x00000002 PA:0x00101cf4 store:0x00000002 load:0xc019999a
          29702	     14847	00101524	b7dfe0ef	jal	x1,1000a0	  x1=0x00101528
          29706	     14849	001000a0	00054803	lbu	x16,0(x10)	 x10:0x00101abc x16=0x0000000a PA:0x00101abc store:0x00000000
          29708	     14850	001000a4	06080663	beq	x16,x0,100110	 x16:0x0000000a  x0:0x00000000
          29710	     14851	001000a8	000207b7	lui	x15,0x20	 x15=0x00020000
          29714	     14853	001000ac	0107a023	sw	x16,0(x15)	 x15:0x00020000 x16:0x0000000a PA:0x00020000 store:0x0000000a load:0x00000000
          29718	     14855	001000b0	00154703	lbu	x14,1(x10)	 x10:0x00101abc x14=0x00000020 PA:0x00101abd store:0x00101528
          29720	     14856	001000b4	04070e63	beq	x14,x0,100110	 x14:0x00000020  x0:0x00000000
          29724	     14858	001000b8	00e7a023	sw	x14,0(x15)	 x15:0x00020000 x14:0x00000020 PA:0x00020000 store:0x00000020 load:0x00000000
          29728	     14860	001000bc	00254283	lbu	x5,2(x10)	 x10:0x00101abc  x5=0x00000045 PA:0x00101abe store:0x00137fa0
          29730	     14861	001000c0	04028863	beq	x5,x0,100110	  x5:0x00000045  x0:0x00000000
          29734	     14863	001000c4	0057a023	sw	x5,0(x15)	 x15:0x00020000  x5:0x00000045 PA:0x00020000 store:0x00000045 load:0x00000000
          29738	     14865	001000c8	00354303	lbu	x6,3(x10)	 x10:0x00101abc  x6=0x00000078 PA:0x00101abf store:0x00000000
          29740	     14866	001000cc	04030263	beq	x6,x0,100110	  x6:0x00000078  x0:0x00000000
          29744	     14868	001000d0	0067a023	sw	x6,0(x15)	 x15:0x00020000  x6:0x00000078 PA:0x00020000 store:0x00000078 load:0x00000000
          29748	     14870	001000d4	00454383	lbu	x7,4(x10)	 x10:0x00101abc  x7=0x00000070 PA:0x00101ac0 store:0x00000000
          29750	     14871	001000d8	02038c63	beq	x7,x0,100110	  x7:0x00000070  x0:0x00000000
          29754	     14873	001000dc	0077a023	sw	x7,0(x15)	 x15:0x00020000  x7:0x00000070 PA:0x00020000 store:0x00000070 load:0x00000000
          29758	     14875	001000e0	00554583	lbu	x11,5(x10)	 x10:0x00101abc x11=0x00000065 PA:0x00101ac1 store:0x00000045
          29760	     14876	001000e4	02058663	beq	x11,x0,100110	 x11:0x00000065  x0:0x00000000
          29764	     14878	001000e8	00b7a023	sw	x11,0(x15)	 x15:0x00020000 x11:0x00000065 PA:0x00020000 store:0x00000065 load:0x00000000
          29768	     14880	001000ec	00654603	lbu	x12,6(x10)	 x10:0x00101abc x12=0x00000063 PA:0x00101ac2 store:0x00000078
          29770	     14881	001000f0	02060063	beq	x12,x0,100110	 x12:0x00000063  x0:0x00000000
          29774	     14883	001000f4	00c7a023	sw	x12,0(x15)	 x15:0x00020000 x12:0x00000063 PA:0x00020000 store:0x00000063 load:0x00000000
          29778	     14885	001000f8	00754683	lbu	x13,7(x10)	 x10:0x00101abc x13=0x00000074 PA:0x00101ac3 store:0x00000070
          29780	     14886	001000fc	00850513	addi	x10,x10,8	 x10:0x00101abc x10=0x00101ac4
          29782	     14887	00100100	00068863	beq	x13,x0,100110	 x13:0x00000074  x0:0x00000000
          29786	     14889	00100104	00d7a023	sw	x13,0(x15)	 x15:0x00020000 x13:0x00000074 PA:0x00020000 store:0x00000074 load:0x00000000
          29790	     14891	00100108	00054803	lbu	x16,0(x10)	 x10:0x00101ac4 x16=0x00000069 PA:0x00101ac4 store:0x00000000
          29794	     14893	0010010c	fa0810e3	bne	x16,x0,1000ac	 x16:0x00000069  x0:0x00000000
          29800	     14896	001000ac	0107a023	sw	x16,0(x15)	 x15:0x00020000 x16:0x00000069 PA:0x00020000 store:0x00000069 load:0x00000000
          29804	     14898	001000b0	00154703	lbu	x14,1(x10)	 x10:0x00101ac4 x14=0x0000006e PA:0x00101ac5 store:0x00101528
          29806	     14899	001000b4	04070e63	beq	x14,x0,100110	 x14:0x0000006e  x0:0x00000000
          29810	     14901	001000b8	00e7a023	sw	x14,0(x15)	 x15:0x00020000 x14:0x0000006e PA:0x00020000 store:0x0000006e load:0x00000000
          29814	     14903	001000bc	00254283	lbu	x5,2(x10)	 x10:0x00101ac4  x5=0x00000067 PA:0x00101ac6 store:0x00137fa0
          29816	     14904	001000c0	04028863	beq	x5,x0,100110	  x5:0x00000067  x0:0x00000000
          29820	     14906	001000c4	0057a023	sw	x5,0(x15)	 x15:0x00020000  x5:0x00000067 PA:0x00020000 store:0x00000067 load:0x00000000
          29824	     14908	001000c8	00354303	lbu	x6,3(x10)	 x10:0x00101ac4  x6=0x00000020 PA:0x00101ac7 store:0x00000000
          29826	     14909	001000cc	04030263	beq	x6,x0,100110	  x6:0x00000020  x0:0x00000000
          29830	     14911	001000d0	0067a023	sw	x6,0(x15)	 x15:0x00020000  x6:0x00000020 PA:0x00020000 store:0x00000020 load:0x00000000
          29834	     14913	001000d4	00454383	lbu	x7,4(x10)	 x10:0x00101ac4  x7=0x00000030 PA:0x00101ac8 store:0x00000000
          29836	     14914	001000d8	02038c63	beq	x7,x0,100110	  x7:0x00000030  x0:0x00000000
          29840	     14916	001000dc	0077a023	sw	x7,0(x15)	 x15:0x00020000  x7:0x00000030 PA:0x00020000 store:0x00000030 load:0x00000000
          29844	     14918	001000e0	00554583	lbu	x11,5(x10)	 x10:0x00101ac4 x11=0x00000078 PA:0x00101ac9 store:0x00000067
          29846	     14919	001000e4	02058663	beq	x11,x0,100110	 x11:0x00000078  x0:0x00000000
          29850	     14921	001000e8	00b7a023	sw	x11,0(x15)	 x15:0x00020000 x11:0x00000078 PA:0x00020000 store:0x00000078 load:0x00000000
          29854	     14923	001000ec	00654603	lbu	x12,6(x10)	 x10:0x00101ac4 x12=0x00000032 PA:0x00101aca store:0x00000020
          29856	     14924	001000f0	02060063	beq	x12,x0,100110	 x12:0x00000032  x0:0x00000000
          29860	     14926	001000f4	00c7a023	sw	x12,0(x15)	 x15:0x00020000 x12:0x00000032 PA:0x00020000 store:0x00000032 load:0x00000000
          29864	     14928	001000f8	00754683	lbu	x13,7(x10)	 x10:0x00101ac4 x13=0x0000003a PA:0x00101acb store:0x00000030
          29866	     14929	001000fc	00850513	addi	x10,x10,8	 x10:0x00101ac4 x10=0x00101acc
          29868	     14930	00100100	00068863	beq	x13,x0,100110	 x13:0x0000003a  x0:0x00000000
          29872	     14932	00100104	00d7a023	sw	x13,0(x15)	 x15:0x00020000 x13:0x0000003a PA:0x00020000 store:0x0000003a load:0x00000000
          29876	     14934	00100108	00054803	lbu	x16,0(x10)	 x10:0x00101acc x16=0x00000020 PA:0x00101acc store:0x00000000
          29880	     14936	0010010c	fa0810e3	bne	x16,x0,1000ac	 x16:0x00000020  x0:0x00000000
          29886	     14939	001000ac	0107a023	sw	x16,0(x15)	 x15:0x00020000 x16:0x00000020 PA:0x00020000 store:0x00000020 load:0x00000000
          29890	     14941	001000b0	00154703	lbu	x14,1(x10)	 x10:0x00101acc x14=0x00000000 PA:0x00101acd store:0x00101528
          29894	     14943	001000b4	04070e63	beq	x14,x0,100110	 x14:0x00000000  x0:0x00000000
          29898	     14945	00100110	00000513	addi	x10,x0,0	  x0:0x00000000 x10=0x00000000
          29902	     14947	00100114	00008067	jalr	x0,0(x1)	  x1:0x00101528  x0=0x00000000
          29906	     14949	00101528	cf4da503	lw	x10,-780(x27)	 x27:0x00102000 x10=0x00000002 PA:0x00101cf4 store:0x00102000
          29910	     14951	0010152c	bf5fe0ef	jal	x1,100120	  x1=0x00101530
          29912	     14952	00100120	01c55793	srli	x15,x10,0x1c	 x10:0x00000002 x15=0x00000000
          29914	     14953	00100124	00900713	addi	x14,x0,9	  x0:0x00000000 x14=0x00000009
          29918	     14955	00100128	0cf77a63	bgeu	x14,x15,1001fc	 x14:0x00000009 x15:0x00000000
          29922	     14957	001001fc	03078393	addi	x7,x15,48	 x15:0x00000000  x7=0x00000030
          29924	     14958	00100200	000205b7	lui	x11,0x20	 x11=0x00020000
          29926	     14959	00100204	00451613	slli	x12,x10,0x4	 x10:0x00000002 x12=0x00000020
          29930	     14961	00100208	0075a023	sw	x7,0(x11)	 x11:0x00020000  x7:0x00000030 PA:0x00020000 store:0x00000030 load:0x00000000
          29932	     14962	0010020c	01c65693	srli	x13,x12,0x1c	 x12:0x00000020 x13=0x00000000
          29934	     14963	00100210	00900813	addi	x16,x0,9	  x0:0x00000000 x16=0x00000009
          29936	     14964	00100214	f2d86ae3	bltu	x16,x13,100148	 x16:0x00000009 x13:0x00000000
          29938	     14965	00100218	03068e93	addi	x29,x13,48	 x13:0x00000000 x29=0x00000030
          29940	     14966	0010021c	00020f37	lui	x30,0x20	 x30=0x00020000
          29942	     14967	00100220	00851f93	slli	x31,x10,0x8	 x10:0x00000002 x31=0x00000200
          29946	     14969	00100224	01df2023	sw	x29,0(x30)	 x30:0x00020000 x29:0x00000030 PA:0x00020000 store:0x00000030 load:0x00000000
          29948	     14970	00100228	01cfd793	srli	x15,x31,0x1c	 x31:0x00000200 x15=0x00000000
          29950	     14971	0010022c	00900713	addi	x14,x0,9	  x0:0x00000000 x14=0x00000009
          29952	     14972	00100230	f2f76ae3	bltu	x14,x15,100164	 x14:0x00000009 x15:0x00000000
          29954	     14973	00100234	03078393	addi	x7,x15,48	 x15:0x00000000  x7=0x00000030
          29956	     14974	00100238	000205b7	lui	x11,0x20	 x11=0x00020000
          29958	     14975	0010023c	00c51613	slli	x12,x10,0xc	 x10:0x00000002 x12=0x00002000
          29962	     14977	00100240	0075a023	sw	x7,0(x11)	 x11:0x00020000  x7:0x00000030 PA:0x00020000 store:0x00000030 load:0x00000000
          29964	     14978	00100244	01c65693	srli	x13,x12,0x1c	 x12:0x00002000 x13=0x00000000
          29966	     14979	00100248	00900813	addi	x16,x0,9	  x0:0x00000000 x16=0x00000009
          29968	     14980	0010024c	f2d86ae3	bltu	x16,x13,100180	 x16:0x00000009 x13:0x00000000
          29970	     14981	00100250	03068e93	addi	x29,x13,48	 x13:0x00000000 x29=0x00000030
          29972	     14982	00100254	00020f37	lui	x30,0x20	 x30=0x00020000
          29974	     14983	00100258	01051f93	slli	x31,x10,0x10	 x10:0x00000002 x31=0x00020000
          29978	     14985	0010025c	01df2023	sw	x29,0(x30)	 x30:0x00020000 x29:0x00000030 PA:0x00020000 store:0x00000030 load:0x00000000
          29980	     14986	00100260	01cfd793	srli	x15,x31,0x1c	 x31:0x00020000 x15=0x00000000
          29982	     14987	00100264	00900713	addi	x14,x0,9	  x0:0x00000000 x14=0x00000009
          29984	     14988	00100268	f2f76ae3	bltu	x14,x15,10019c	 x14:0x00000009 x15:0x00000000
          29986	     14989	0010026c	03078393	addi	x7,x15,48	 x15:0x00000000  x7=0x00000030
          29988	     14990	00100270	000205b7	lui	x11,0x20	 x11=0x00020000
          29990	     14991	00100274	01451613	slli	x12,x10,0x14	 x10:0x00000002 x12=0x00200000
          29994	     14993	00100278	0075a023	sw	x7,0(x11)	 x11:0x00020000  x7:0x00000030 PA:0x00020000 store:0x00000030 load:0x00000000
          29996	     14994	0010027c	01c65693	srli	x13,x12,0x1c	 x12:0x00200000 x13=0x00000000
          29998	     14995	00100280	00900813	addi	x16,x0,9	  x0:0x00000000 x16=0x00000009
          30000	     14996	00100284	f2d86ae3	bltu	x16,x13,1001b8	 x16:0x00000009 x13:0x00000000
          30002	     14997	00100288	03068e93	addi	x29,x13,48	 x13:0x00000000 x29=0x00000030
          30004	     14998	0010028c	00020f37	lui	x30,0x20	 x30=0x00020000
          30006	     14999	00100290	01851f93	slli	x31,x10,0x18	 x10:0x00000002 x31=0x02000000
          30010	     15001	00100294	01df2023	sw	x29,0(x30)	 x30:0x00020000 x29:0x00000030 PA:0x00020000 store:0x00000030 load:0x00000000
          30012	     15002	00100298	01cfd793	srli	x15,x31,0x1c	 x31:0x02000000 x15=0x00000000
          30014	     15003	0010029c	00900713	addi	x14,x0,9	  x0:0x00000000 x14=0x00000009
          30016	     15004	001002a0	f2f76ae3	bltu	x14,x15,1001d4	 x14:0x00000009 x15:0x00000000
          30018	     15005	001002a4	03078393	addi	x7,x15,48	 x15:0x00000000  x7=0x00000030
          30020	     15006	001002a8	000205b7	lui	x11,0x20	 x11=0x00020000
          30024	     15008	001002ac	0075a023	sw	x7,0(x11)	 x11:0x00020000  x7:0x00000030 PA:0x00020000 store:0x00000030 load:0x00000000
          30026	     15009	001002b0	00f57513	andi	x10,x10,15	 x10:0x00000002 x10=0x00000002
          30028	     15010	001002b4	00900613	addi	x12,x0,9	  x0:0x00000000 x12=0x00000009
          30032	     15012	001002b8	f2a67ae3	bgeu	x12,x10,1001ec	 x12:0x00000009 x10:0x00000002
          30036	     15014	001001ec	03050893	addi	x17,x10,48	 x10:0x00000002 x17=0x00000032
          30038	     15015	001001f0	00020e37	lui	x28,0x20	 x28=0x00020000
          30042	     15017	001001f4	011e2023	sw	x17,0(x28)	 x28:0x00020000 x17:0x00000032 PA:0x00020000 store:0x00000032 load:0x00000000
          30046	     15019	001001f8	00008067	jalr	x0,0(x1)	  x1:0x00101530  x0=0x00000000
          30058	     15025	00101530	001022b7	lui	x5,0x102	  x5=0x00102000
          30060	     15026	00101534	94c2a807	flw	f16,-1716(x5)	  f5:0x00102000 f16=0x00000000 PA:0x0010194c store:0xc06d7f2b
          30066	     15029	00101538	00102537	lui	x10,0x102	 x10=0x00102000
          30068	     15030	0010153c	ad050513	addi	x10,x10,-1328	 x10:0x00102000 x10=0x00101ad0
          30070	     15031	00101540	d104ae27	fsw	f16,-740(x9)	  f9:0x00102000 f16:0x00000009 PA:0x00101d1c store:0x80000047 load:0x80000047
          30074	     15033	00101544	d1c4a887	flw	f17,-740(x9)	  f9:0x00102000 f17=0x00000000 PA:0x00101d1c store:0x80000000
          30080	     15036	00101548	e00894d3	fclass.s	x9,f17	 f17:0x00000032  x9=0x00000004
          30082	     15037	0010154c	ce9d2823	sw	x9,-784(x26)	 x26:0x00102000  x9:0x00000004 PA:0x00101cf0 store:0x00000004 load:0x80000047
          30086	     15039	00101550	b51fe0ef	jal	x1,1000a0	  x1=0x00101554
          30090	     15041	001000a0	00054803	lbu	x16,0(x10)	 x10:0x00101ad0 x16=0x0000000a PA:0x00101ad0 store:0x00000000
          30092	     15042	001000a4	06080663	beq	x16,x0,100110	 x16:0x0000000a  x0:0x00000000
          30094	     15043	001000a8	000207b7	lui	x15,0x20	 x15=0x00020000
          30098	     15045	001000ac	0107a023	sw	x16,0(x15)	 x15:0x00020000 x16:0x0000000a PA:0x00020000 store:0x0000000a load:0x00000000
          30102	     15047	001000b0	00154703	lbu	x14,1(x10)	 x10:0x00101ad0 x14=0x00000020 PA:0x00101ad1 store:0x00101554
          30104	     15048	001000b4	04070e63	beq	x14,x0,100110	 x14:0x00000020  x0:0x00000000
          30108	     15050	001000b8	00e7a023	sw	x14,0(x15)	 x15:0x00020000 x14:0x00000020 PA:0x00020000 store:0x00000020 load:0x00000000
          30112	     15052	001000bc	00254283	lbu	x5,2(x10)	 x10:0x00101ad0  x5=0x00000045 PA:0x00101ad2 store:0x00137fa0
          30114	     15053	001000c0	04028863	beq	x5,x0,100110	  x5:0x00000045  x0:0x00000000
          30118	     15055	001000c4	0057a023	sw	x5,0(x15)	 x15:0x00020000  x5:0x00000045 PA:0x00020000 store:0x00000045 load:0x00000000
          30122	     15057	001000c8	00354303	lbu	x6,3(x10)	 x10:0x00101ad0  x6=0x00000078 PA:0x00101ad3 store:0x00000000
          30124	     15058	001000cc	04030263	beq	x6,x0,100110	  x6:0x00000078  x0:0x00000000
          30128	     15060	001000d0	0067a023	sw	x6,0(x15)	 x15:0x00020000  x6:0x00000078 PA:0x00020000 store:0x00000078 load:0x00000000
          30132	     15062	001000d4	00454383	lbu	x7,4(x10)	 x10:0x00101ad0  x7=0x00000070 PA:0x00101ad4 store:0x00000000
          30134	     15063	001000d8	02038c63	beq	x7,x0,100110	  x7:0x00000070  x0:0x00000000
          30138	     15065	001000dc	0077a023	sw	x7,0(x15)	 x15:0x00020000  x7:0x00000070 PA:0x00020000 store:0x00000070 load:0x00000000
          30142	     15067	001000e0	00554583	lbu	x11,5(x10)	 x10:0x00101ad0 x11=0x00000065 PA:0x00101ad5 store:0x00000045
          30144	     15068	001000e4	02058663	beq	x11,x0,100110	 x11:0x00000065  x0:0x00000000
          30148	     15070	001000e8	00b7a023	sw	x11,0(x15)	 x15:0x00020000 x11:0x00000065 PA:0x00020000 store:0x00000065 load:0x00000000
          30152	     15072	001000ec	00654603	lbu	x12,6(x10)	 x10:0x00101ad0 x12=0x00000063 PA:0x00101ad6 store:0x00000078
          30154	     15073	001000f0	02060063	beq	x12,x0,100110	 x12:0x00000063  x0:0x00000000
          30158	     15075	001000f4	00c7a023	sw	x12,0(x15)	 x15:0x00020000 x12:0x00000063 PA:0x00020000 store:0x00000063 load:0x00000000
          30162	     15077	001000f8	00754683	lbu	x13,7(x10)	 x10:0x00101ad0 x13=0x00000074 PA:0x00101ad7 store:0x00000070
          30164	     15078	001000fc	00850513	addi	x10,x10,8	 x10:0x00101ad0 x10=0x00101ad8
          30166	     15079	00100100	00068863	beq	x13,x0,100110	 x13:0x00000074  x0:0x00000000
          30170	     15081	00100104	00d7a023	sw	x13,0(x15)	 x15:0x00020000 x13:0x00000074 PA:0x00020000 store:0x00000074 load:0x00000000
          30174	     15083	00100108	00054803	lbu	x16,0(x10)	 x10:0x00101ad8 x16=0x00000069 PA:0x00101ad8 store:0x00000000
          30178	     15085	0010010c	fa0810e3	bne	x16,x0,1000ac	 x16:0x00000069  x0:0x00000000
          30184	     15088	001000ac	0107a023	sw	x16,0(x15)	 x15:0x00020000 x16:0x00000069 PA:0x00020000 store:0x00000069 load:0x00000000
          30188	     15090	001000b0	00154703	lbu	x14,1(x10)	 x10:0x00101ad8 x14=0x0000006e PA:0x00101ad9 store:0x00101554
          30190	     15091	001000b4	04070e63	beq	x14,x0,100110	 x14:0x0000006e  x0:0x00000000
          30194	     15093	001000b8	00e7a023	sw	x14,0(x15)	 x15:0x00020000 x14:0x0000006e PA:0x00020000 store:0x0000006e load:0x00000000
          30198	     15095	001000bc	00254283	lbu	x5,2(x10)	 x10:0x00101ad8  x5=0x00000067 PA:0x00101ada store:0x00137fa0
          30200	     15096	001000c0	04028863	beq	x5,x0,100110	  x5:0x00000067  x0:0x00000000
          30204	     15098	001000c4	0057a023	sw	x5,0(x15)	 x15:0x00020000  x5:0x00000067 PA:0x00020000 store:0x00000067 load:0x00000000
          30208	     15100	001000c8	00354303	lbu	x6,3(x10)	 x10:0x00101ad8  x6=0x00000020 PA:0x00101adb store:0x00000000
          30210	     15101	001000cc	04030263	beq	x6,x0,100110	  x6:0x00000020  x0:0x00000000
          30214	     15103	001000d0	0067a023	sw	x6,0(x15)	 x15:0x00020000  x6:0x00000020 PA:0x00020000 store:0x00000020 load:0x00000000
          30218	     15105	001000d4	00454383	lbu	x7,4(x10)	 x10:0x00101ad8  x7=0x00000030 PA:0x00101adc store:0x00000000
          30220	     15106	001000d8	02038c63	beq	x7,x0,100110	  x7:0x00000030  x0:0x00000000
          30224	     15108	001000dc	0077a023	sw	x7,0(x15)	 x15:0x00020000  x7:0x00000030 PA:0x00020000 store:0x00000030 load:0x00000000
          30228	     15110	001000e0	00554583	lbu	x11,5(x10)	 x10:0x00101ad8 x11=0x00000078 PA:0x00101add store:0x00000067
          30230	     15111	001000e4	02058663	beq	x11,x0,100110	 x11:0x00000078  x0:0x00000000
          30234	     15113	001000e8	00b7a023	sw	x11,0(x15)	 x15:0x00020000 x11:0x00000078 PA:0x00020000 store:0x00000078 load:0x00000000
          30238	     15115	001000ec	00654603	lbu	x12,6(x10)	 x10:0x00101ad8 x12=0x00000034 PA:0x00101ade store:0x00000020
          30240	     15116	001000f0	02060063	beq	x12,x0,100110	 x12:0x00000034  x0:0x00000000
          30244	     15118	001000f4	00c7a023	sw	x12,0(x15)	 x15:0x00020000 x12:0x00000034 PA:0x00020000 store:0x00000034 load:0x00000000
          30248	     15120	001000f8	00754683	lbu	x13,7(x10)	 x10:0x00101ad8 x13=0x0000003a PA:0x00101adf store:0x00000030
          30250	     15121	001000fc	00850513	addi	x10,x10,8	 x10:0x00101ad8 x10=0x00101ae0
          30252	     15122	00100100	00068863	beq	x13,x0,100110	 x13:0x0000003a  x0:0x00000000
          30256	     15124	00100104	00d7a023	sw	x13,0(x15)	 x15:0x00020000 x13:0x0000003a PA:0x00020000 store:0x0000003a load:0x00000000
          30260	     15126	00100108	00054803	lbu	x16,0(x10)	 x10:0x00101ae0 x16=0x00000020 PA:0x00101ae0 store:0x00000000
          30264	     15128	0010010c	fa0810e3	bne	x16,x0,1000ac	 x16:0x00000020  x0:0x00000000
          30270	     15131	001000ac	0107a023	sw	x16,0(x15)	 x15:0x00020000 x16:0x00000020 PA:0x00020000 store:0x00000020 load:0x00000000
          30274	     15133	001000b0	00154703	lbu	x14,1(x10)	 x10:0x00101ae0 x14=0x00000000 PA:0x00101ae1 store:0x00101554
          30278	     15135	001000b4	04070e63	beq	x14,x0,100110	 x14:0x00000000  x0:0x00000000
          30282	     15137	00100110	00000513	addi	x10,x0,0	  x0:0x00000000 x10=0x00000000
          30286	     15139	00100114	00008067	jalr	x0,0(x1)	  x1:0x00101554  x0=0x00000000
          30290	     15141	00101554	cf0d2503	lw	x10,-784(x26)	 x26:0x00102000 x10=0x00000004 PA:0x00101cf0 store:0x00000020
          30294	     15143	00101558	bc9fe0ef	jal	x1,100120	  x1=0x0010155c
          30296	     15144	00100120	01c55793	srli	x15,x10,0x1c	 x10:0x00000004 x15=0x00000000
          30298	     15145	00100124	00900713	addi	x14,x0,9	  x0:0x00000000 x14=0x00000009
          30302	     15147	00100128	0cf77a63	bgeu	x14,x15,1001fc	 x14:0x00000009 x15:0x00000000
          30306	     15149	001001fc	03078393	addi	x7,x15,48	 x15:0x00000000  x7=0x00000030
          30308	     15150	00100200	000205b7	lui	x11,0x20	 x11=0x00020000
          30310	     15151	00100204	00451613	slli	x12,x10,0x4	 x10:0x00000004 x12=0x00000040
          30314	     15153	00100208	0075a023	sw	x7,0(x11)	 x11:0x00020000  x7:0x00000030 PA:0x00020000 store:0x00000030 load:0x00000000
          30316	     15154	0010020c	01c65693	srli	x13,x12,0x1c	 x12:0x00000040 x13=0x00000000
          30318	     15155	00100210	00900813	addi	x16,x0,9	  x0:0x00000000 x16=0x00000009
          30320	     15156	00100214	f2d86ae3	bltu	x16,x13,100148	 x16:0x00000009 x13:0x00000000
          30322	     15157	00100218	03068e93	addi	x29,x13,48	 x13:0x00000000 x29=0x00000030
          30324	     15158	0010021c	00020f37	lui	x30,0x20	 x30=0x00020000
          30326	     15159	00100220	00851f93	slli	x31,x10,0x8	 x10:0x00000004 x31=0x00000400
          30330	     15161	00100224	01df2023	sw	x29,0(x30)	 x30:0x00020000 x29:0x00000030 PA:0x00020000 store:0x00000030 load:0x00000000
          30332	     15162	00100228	01cfd793	srli	x15,x31,0x1c	 x31:0x00000400 x15=0x00000000
          30334	     15163	0010022c	00900713	addi	x14,x0,9	  x0:0x00000000 x14=0x00000009
          30336	     15164	00100230	f2f76ae3	bltu	x14,x15,100164	 x14:0x00000009 x15:0x00000000
          30338	     15165	00100234	03078393	addi	x7,x15,48	 x15:0x00000000  x7=0x00000030
          30340	     15166	00100238	000205b7	lui	x11,0x20	 x11=0x00020000
          30342	     15167	0010023c	00c51613	slli	x12,x10,0xc	 x10:0x00000004 x12=0x00004000
          30346	     15169	00100240	0075a023	sw	x7,0(x11)	 x11:0x00020000  x7:0x00000030 PA:0x00020000 store:0x00000030 load:0x00000000
          30348	     15170	00100244	01c65693	srli	x13,x12,0x1c	 x12:0x00004000 x13=0x00000000
          30350	     15171	00100248	00900813	addi	x16,x0,9	  x0:0x00000000 x16=0x00000009
          30352	     15172	0010024c	f2d86ae3	bltu	x16,x13,100180	 x16:0x00000009 x13:0x00000000
          30354	     15173	00100250	03068e93	addi	x29,x13,48	 x13:0x00000000 x29=0x00000030
          30356	     15174	00100254	00020f37	lui	x30,0x20	 x30=0x00020000
          30358	     15175	00100258	01051f93	slli	x31,x10,0x10	 x10:0x00000004 x31=0x00040000
          30362	     15177	0010025c	01df2023	sw	x29,0(x30)	 x30:0x00020000 x29:0x00000030 PA:0x00020000 store:0x00000030 load:0x00000000
          30364	     15178	00100260	01cfd793	srli	x15,x31,0x1c	 x31:0x00040000 x15=0x00000000
          30366	     15179	00100264	00900713	addi	x14,x0,9	  x0:0x00000000 x14=0x00000009
          30368	     15180	00100268	f2f76ae3	bltu	x14,x15,10019c	 x14:0x00000009 x15:0x00000000
          30370	     15181	0010026c	03078393	addi	x7,x15,48	 x15:0x00000000  x7=0x00000030
          30372	     15182	00100270	000205b7	lui	x11,0x20	 x11=0x00020000
          30374	     15183	00100274	01451613	slli	x12,x10,0x14	 x10:0x00000004 x12=0x00400000
          30378	     15185	00100278	0075a023	sw	x7,0(x11)	 x11:0x00020000  x7:0x00000030 PA:0x00020000 store:0x00000030 load:0x00000000
          30380	     15186	0010027c	01c65693	srli	x13,x12,0x1c	 x12:0x00400000 x13=0x00000000
          30382	     15187	00100280	00900813	addi	x16,x0,9	  x0:0x00000000 x16=0x00000009
          30384	     15188	00100284	f2d86ae3	bltu	x16,x13,1001b8	 x16:0x00000009 x13:0x00000000
          30386	     15189	00100288	03068e93	addi	x29,x13,48	 x13:0x00000000 x29=0x00000030
          30388	     15190	0010028c	00020f37	lui	x30,0x20	 x30=0x00020000
          30390	     15191	00100290	01851f93	slli	x31,x10,0x18	 x10:0x00000004 x31=0x04000000
          30394	     15193	00100294	01df2023	sw	x29,0(x30)	 x30:0x00020000 x29:0x00000030 PA:0x00020000 store:0x00000030 load:0x00000000
          30396	     15194	00100298	01cfd793	srli	x15,x31,0x1c	 x31:0x04000000 x15=0x00000000
          30398	     15195	0010029c	00900713	addi	x14,x0,9	  x0:0x00000000 x14=0x00000009
          30400	     15196	001002a0	f2f76ae3	bltu	x14,x15,1001d4	 x14:0x00000009 x15:0x00000000
          30402	     15197	001002a4	03078393	addi	x7,x15,48	 x15:0x00000000  x7=0x00000030
          30404	     15198	001002a8	000205b7	lui	x11,0x20	 x11=0x00020000
          30408	     15200	001002ac	0075a023	sw	x7,0(x11)	 x11:0x00020000  x7:0x00000030 PA:0x00020000 store:0x00000030 load:0x00000000
          30410	     15201	001002b0	00f57513	andi	x10,x10,15	 x10:0x00000004 x10=0x00000004
          30412	     15202	001002b4	00900613	addi	x12,x0,9	  x0:0x00000000 x12=0x00000009
          30416	     15204	001002b8	f2a67ae3	bgeu	x12,x10,1001ec	 x12:0x00000009 x10:0x00000004
          30420	     15206	001001ec	03050893	addi	x17,x10,48	 x10:0x00000004 x17=0x00000034
          30422	     15207	001001f0	00020e37	lui	x28,0x20	 x28=0x00020000
          30426	     15209	001001f4	011e2023	sw	x17,0(x28)	 x28:0x00020000 x17:0x00000034 PA:0x00020000 store:0x00000034 load:0x00000000
          30440	     15216	001001f8	00008067	jalr	x0,0(x1)	  x1:0x0010155c  x0=0x00000000
          30442	     15217	0010155c	940c2487	flw	f9,-1728(x24)	 f24:0x00102000  f9=0x00000000 PA:0x00101940 store:0x00000000
          30448	     15220	00101560	00102337	lui	x6,0x102	  x6=0x00102000
          30450	     15221	00101564	ae430513	addi	x10,x6,-1308	  x6:0x00102000 x10=0x00101ae4
          30452	     15222	00101568	d0942c27	fsw	f9,-744(x8)	  f8:0x00102000  f9:0x00000004 PA:0x00101d18 store:0x80000000 load:0x80000000
          30456	     15224	0010156c	d1842907	flw	f18,-744(x8)	  f8:0x00102000 f18=0x00000000 PA:0x00101d18 store:0x00000000
          30462	     15227	00101570	e0091453	fclass.s	x8,f18	 f18:0x00102000  x8=0x00000008
          30464	     15228	00101574	ce8a2c23	sw	x8,-776(x20)	 x20:0x00102000  x8:0x00000008 PA:0x00101cf8 store:0x00000008 load:0x80000000
          30468	     15230	00101578	b29fe0ef	jal	x1,1000a0	  x1=0x0010157c
          30472	     15232	001000a0	00054803	lbu	x16,0(x10)	 x10:0x00101ae4 x16=0x0000000a PA:0x00101ae4 store:0x00000000
          30474	     15233	001000a4	06080663	beq	x16,x0,100110	 x16:0x0000000a  x0:0x00000000
          30476	     15234	001000a8	000207b7	lui	x15,0x20	 x15=0x00020000
          30480	     15236	001000ac	0107a023	sw	x16,0(x15)	 x15:0x00020000 x16:0x0000000a PA:0x00020000 store:0x0000000a load:0x00000000
          30484	     15238	001000b0	00154703	lbu	x14,1(x10)	 x10:0x00101ae4 x14=0x00000020 PA:0x00101ae5 store:0x0010157c
          30486	     15239	001000b4	04070e63	beq	x14,x0,100110	 x14:0x00000020  x0:0x00000000
          30490	     15241	001000b8	00e7a023	sw	x14,0(x15)	 x15:0x00020000 x14:0x00000020 PA:0x00020000 store:0x00000020 load:0x00000000
          30494	     15243	001000bc	00254283	lbu	x5,2(x10)	 x10:0x00101ae4  x5=0x00000045 PA:0x00101ae6 store:0x00137fa0
          30496	     15244	001000c0	04028863	beq	x5,x0,100110	  x5:0x00000045  x0:0x00000000
          30500	     15246	001000c4	0057a023	sw	x5,0(x15)	 x15:0x00020000  x5:0x00000045 PA:0x00020000 store:0x00000045 load:0x00000000
          30504	     15248	001000c8	00354303	lbu	x6,3(x10)	 x10:0x00101ae4  x6=0x00000078 PA:0x00101ae7 store:0x00000000
          30506	     15249	001000cc	04030263	beq	x6,x0,100110	  x6:0x00000078  x0:0x00000000
          30510	     15251	001000d0	0067a023	sw	x6,0(x15)	 x15:0x00020000  x6:0x00000078 PA:0x00020000 store:0x00000078 load:0x00000000
          30514	     15253	001000d4	00454383	lbu	x7,4(x10)	 x10:0x00101ae4  x7=0x00000070 PA:0x00101ae8 store:0x00000000
          30516	     15254	001000d8	02038c63	beq	x7,x0,100110	  x7:0x00000070  x0:0x00000000
          30520	     15256	001000dc	0077a023	sw	x7,0(x15)	 x15:0x00020000  x7:0x00000070 PA:0x00020000 store:0x00000070 load:0x00000000
          30524	     15258	001000e0	00554583	lbu	x11,5(x10)	 x10:0x00101ae4 x11=0x00000065 PA:0x00101ae9 store:0x00000045
          30526	     15259	001000e4	02058663	beq	x11,x0,100110	 x11:0x00000065  x0:0x00000000
          30530	     15261	001000e8	00b7a023	sw	x11,0(x15)	 x15:0x00020000 x11:0x00000065 PA:0x00020000 store:0x00000065 load:0x00000000
          30534	     15263	001000ec	00654603	lbu	x12,6(x10)	 x10:0x00101ae4 x12=0x00000063 PA:0x00101aea store:0x00000078
          30536	     15264	001000f0	02060063	beq	x12,x0,100110	 x12:0x00000063  x0:0x00000000
          30540	     15266	001000f4	00c7a023	sw	x12,0(x15)	 x15:0x00020000 x12:0x00000063 PA:0x00020000 store:0x00000063 load:0x00000000
          30544	     15268	001000f8	00754683	lbu	x13,7(x10)	 x10:0x00101ae4 x13=0x00000074 PA:0x00101aeb store:0x00000070
          30546	     15269	001000fc	00850513	addi	x10,x10,8	 x10:0x00101ae4 x10=0x00101aec
          30548	     15270	00100100	00068863	beq	x13,x0,100110	 x13:0x00000074  x0:0x00000000
          30552	     15272	00100104	00d7a023	sw	x13,0(x15)	 x15:0x00020000 x13:0x00000074 PA:0x00020000 store:0x00000074 load:0x00000000
          30556	     15274	00100108	00054803	lbu	x16,0(x10)	 x10:0x00101aec x16=0x00000069 PA:0x00101aec store:0x00000000
          30560	     15276	0010010c	fa0810e3	bne	x16,x0,1000ac	 x16:0x00000069  x0:0x00000000
          30566	     15279	001000ac	0107a023	sw	x16,0(x15)	 x15:0x00020000 x16:0x00000069 PA:0x00020000 store:0x00000069 load:0x00000000
          30570	     15281	001000b0	00154703	lbu	x14,1(x10)	 x10:0x00101aec x14=0x0000006e PA:0x00101aed store:0x0010157c
          30572	     15282	001000b4	04070e63	beq	x14,x0,100110	 x14:0x0000006e  x0:0x00000000
          30576	     15284	001000b8	00e7a023	sw	x14,0(x15)	 x15:0x00020000 x14:0x0000006e PA:0x00020000 store:0x0000006e load:0x00000000
          30580	     15286	001000bc	00254283	lbu	x5,2(x10)	 x10:0x00101aec  x5=0x00000067 PA:0x00101aee store:0x00137fa0
          30582	     15287	001000c0	04028863	beq	x5,x0,100110	  x5:0x00000067  x0:0x00000000
          30586	     15289	001000c4	0057a023	sw	x5,0(x15)	 x15:0x00020000  x5:0x00000067 PA:0x00020000 store:0x00000067 load:0x00000000
          30590	     15291	001000c8	00354303	lbu	x6,3(x10)	 x10:0x00101aec  x6=0x00000020 PA:0x00101aef store:0x00000000
          30592	     15292	001000cc	04030263	beq	x6,x0,100110	  x6:0x00000020  x0:0x00000000
          30596	     15294	001000d0	0067a023	sw	x6,0(x15)	 x15:0x00020000  x6:0x00000020 PA:0x00020000 store:0x00000020 load:0x00000000
          30600	     15296	001000d4	00454383	lbu	x7,4(x10)	 x10:0x00101aec  x7=0x00000030 PA:0x00101af0 store:0x00000000
          30602	     15297	001000d8	02038c63	beq	x7,x0,100110	  x7:0x00000030  x0:0x00000000
          30606	     15299	001000dc	0077a023	sw	x7,0(x15)	 x15:0x00020000  x7:0x00000030 PA:0x00020000 store:0x00000030 load:0x00000000
          30610	     15301	001000e0	00554583	lbu	x11,5(x10)	 x10:0x00101aec x11=0x00000078 PA:0x00101af1 store:0x00000067
          30612	     15302	001000e4	02058663	beq	x11,x0,100110	 x11:0x00000078  x0:0x00000000
          30616	     15304	001000e8	00b7a023	sw	x11,0(x15)	 x15:0x00020000 x11:0x00000078 PA:0x00020000 store:0x00000078 load:0x00000000
          30620	     15306	001000ec	00654603	lbu	x12,6(x10)	 x10:0x00101aec x12=0x00000038 PA:0x00101af2 store:0x00000020
          30622	     15307	001000f0	02060063	beq	x12,x0,100110	 x12:0x00000038  x0:0x00000000
          30626	     15309	001000f4	00c7a023	sw	x12,0(x15)	 x15:0x00020000 x12:0x00000038 PA:0x00020000 store:0x00000038 load:0x00000000
          30630	     15311	001000f8	00754683	lbu	x13,7(x10)	 x10:0x00101aec x13=0x0000003a PA:0x00101af3 store:0x00000030
          30632	     15312	001000fc	00850513	addi	x10,x10,8	 x10:0x00101aec x10=0x00101af4
          30634	     15313	00100100	00068863	beq	x13,x0,100110	 x13:0x0000003a  x0:0x00000000
          30638	     15315	00100104	00d7a023	sw	x13,0(x15)	 x15:0x00020000 x13:0x0000003a PA:0x00020000 store:0x0000003a load:0x00000000
          30642	     15317	00100108	00054803	lbu	x16,0(x10)	 x10:0x00101af4 x16=0x00000020 PA:0x00101af4 store:0x00000000
          30646	     15319	0010010c	fa0810e3	bne	x16,x0,1000ac	 x16:0x00000020  x0:0x00000000
          30652	     15322	001000ac	0107a023	sw	x16,0(x15)	 x15:0x00020000 x16:0x00000020 PA:0x00020000 store:0x00000020 load:0x00000000
          30656	     15324	001000b0	00154703	lbu	x14,1(x10)	 x10:0x00101af4 x14=0x00000000 PA:0x00101af5 store:0x0010157c
          30660	     15326	001000b4	04070e63	beq	x14,x0,100110	 x14:0x00000000  x0:0x00000000
          30664	     15328	00100110	00000513	addi	x10,x0,0	  x0:0x00000000 x10=0x00000000
          30668	     15330	00100114	00008067	jalr	x0,0(x1)	  x1:0x0010157c  x0=0x00000000
          30682	     15337	0010157c	cf8a2503	lw	x10,-776(x20)	 x20:0x00102000 x10=0x00000008 PA:0x00101cf8 store:0x00102000
          30684	     15338	00101580	f0000953	fmv.w.x	f18,x0	  x0:0x00000000 f18=0x00000000
          30686	     15339	00101584	00102c37	lui	x24,0x102	 x24=0x00102000
          30688	     15340	00101588	b99fe0ef	jal	x1,100120	  x1=0x0010158c
          30690	     15341	00100120	01c55793	srli	x15,x10,0x1c	 x10:0x00000008 x15=0x00000000
          30692	     15342	00100124	00900713	addi	x14,x0,9	  x0:0x00000000 x14=0x00000009
          30694	     15343	00100128	0cf77a63	bgeu	x14,x15,1001fc	 x14:0x00000009 x15:0x00000000
          30696	     15344	001001fc	03078393	addi	x7,x15,48	 x15:0x00000000  x7=0x00000030
          30698	     15345	00100200	000205b7	lui	x11,0x20	 x11=0x00020000
          30700	     15346	00100204	00451613	slli	x12,x10,0x4	 x10:0x00000008 x12=0x00000080
          30702	     15347	00100208	0075a023	sw	x7,0(x11)	 x11:0x00020000  x7:0x00000030 PA:0x00020000 store:0x00000030 load:0x00000000
          30704	     15348	0010020c	01c65693	srli	x13,x12,0x1c	 x12:0x00000080 x13=0x00000000
          30706	     15349	00100210	00900813	addi	x16,x0,9	  x0:0x00000000 x16=0x00000009
          30708	     15350	00100214	f2d86ae3	bltu	x16,x13,100148	 x16:0x00000009 x13:0x00000000
          30710	     15351	00100218	03068e93	addi	x29,x13,48	 x13:0x00000000 x29=0x00000030
          30712	     15352	0010021c	00020f37	lui	x30,0x20	 x30=0x00020000
          30714	     15353	00100220	00851f93	slli	x31,x10,0x8	 x10:0x00000008 x31=0x00000800
          30716	     15354	00100224	01df2023	sw	x29,0(x30)	 x30:0x00020000 x29:0x00000030 PA:0x00020000 store:0x00000030 load:0x00000000
          30718	     15355	00100228	01cfd793	srli	x15,x31,0x1c	 x31:0x00000800 x15=0x00000000
          30720	     15356	0010022c	00900713	addi	x14,x0,9	  x0:0x00000000 x14=0x00000009
          30722	     15357	00100230	f2f76ae3	bltu	x14,x15,100164	 x14:0x00000009 x15:0x00000000
          30724	     15358	00100234	03078393	addi	x7,x15,48	 x15:0x00000000  x7=0x00000030
          30726	     15359	00100238	000205b7	lui	x11,0x20	 x11=0x00020000
          30728	     15360	0010023c	00c51613	slli	x12,x10,0xc	 x10:0x00000008 x12=0x00008000
          30732	     15362	00100240	0075a023	sw	x7,0(x11)	 x11:0x00020000  x7:0x00000030 PA:0x00020000 store:0x00000030 load:0x00000000
          30734	     15363	00100244	01c65693	srli	x13,x12,0x1c	 x12:0x00008000 x13=0x00000000
          30736	     15364	00100248	00900813	addi	x16,x0,9	  x0:0x00000000 x16=0x00000009
          30738	     15365	0010024c	f2d86ae3	bltu	x16,x13,100180	 x16:0x00000009 x13:0x00000000
          30740	     15366	00100250	03068e93	addi	x29,x13,48	 x13:0x00000000 x29=0x00000030
          30742	     15367	00100254	00020f37	lui	x30,0x20	 x30=0x00020000
          30744	     15368	00100258	01051f93	slli	x31,x10,0x10	 x10:0x00000008 x31=0x00080000
          30748	     15370	0010025c	01df2023	sw	x29,0(x30)	 x30:0x00020000 x29:0x00000030 PA:0x00020000 store:0x00000030 load:0x00000000
          30750	     15371	00100260	01cfd793	srli	x15,x31,0x1c	 x31:0x00080000 x15=0x00000000
          30752	     15372	00100264	00900713	addi	x14,x0,9	  x0:0x00000000 x14=0x00000009
          30754	     15373	00100268	f2f76ae3	bltu	x14,x15,10019c	 x14:0x00000009 x15:0x00000000
          30756	     15374	0010026c	03078393	addi	x7,x15,48	 x15:0x00000000  x7=0x00000030
          30758	     15375	00100270	000205b7	lui	x11,0x20	 x11=0x00020000
          30760	     15376	00100274	01451613	slli	x12,x10,0x14	 x10:0x00000008 x12=0x00800000
          30764	     15378	00100278	0075a023	sw	x7,0(x11)	 x11:0x00020000  x7:0x00000030 PA:0x00020000 store:0x00000030 load:0x00000000
          30766	     15379	0010027c	01c65693	srli	x13,x12,0x1c	 x12:0x00800000 x13=0x00000000
          30768	     15380	00100280	00900813	addi	x16,x0,9	  x0:0x00000000 x16=0x00000009
          30770	     15381	00100284	f2d86ae3	bltu	x16,x13,1001b8	 x16:0x00000009 x13:0x00000000
          30772	     15382	00100288	03068e93	addi	x29,x13,48	 x13:0x00000000 x29=0x00000030
          30774	     15383	0010028c	00020f37	lui	x30,0x20	 x30=0x00020000
          30776	     15384	00100290	01851f93	slli	x31,x10,0x18	 x10:0x00000008 x31=0x08000000
          30780	     15386	00100294	01df2023	sw	x29,0(x30)	 x30:0x00020000 x29:0x00000030 PA:0x00020000 store:0x00000030 load:0x00000000
          30782	     15387	00100298	01cfd793	srli	x15,x31,0x1c	 x31:0x08000000 x15=0x00000000
          30784	     15388	0010029c	00900713	addi	x14,x0,9	  x0:0x00000000 x14=0x00000009
          30786	     15389	001002a0	f2f76ae3	bltu	x14,x15,1001d4	 x14:0x00000009 x15:0x00000000
          30788	     15390	001002a4	03078393	addi	x7,x15,48	 x15:0x00000000  x7=0x00000030
          30790	     15391	001002a8	000205b7	lui	x11,0x20	 x11=0x00020000
          30794	     15393	001002ac	0075a023	sw	x7,0(x11)	 x11:0x00020000  x7:0x00000030 PA:0x00020000 store:0x00000030 load:0x00000000
          30796	     15394	001002b0	00f57513	andi	x10,x10,15	 x10:0x00000008 x10=0x00000008
          30798	     15395	001002b4	00900613	addi	x12,x0,9	  x0:0x00000000 x12=0x00000009
          30802	     15397	001002b8	f2a67ae3	bgeu	x12,x10,1001ec	 x12:0x00000009 x10:0x00000008
          30806	     15399	001001ec	03050893	addi	x17,x10,48	 x10:0x00000008 x17=0x00000038
          30808	     15400	001001f0	00020e37	lui	x28,0x20	 x28=0x00020000
          30812	     15402	001001f4	011e2023	sw	x17,0(x28)	 x28:0x00020000 x17:0x00000038 PA:0x00020000 store:0x00000038 load:0x00000000
          30816	     15404	001001f8	00008067	jalr	x0,0(x1)	  x1:0x0010158c  x0=0x00000000
          30828	     15410	0010158c	af8c0513	addi	x10,x24,-1288	 x24:0x00102000 x10=0x00101af8
          30830	     15411	00101590	d1292a27	fsw	f18,-748(x18)	 f18:0x00102000 f18:0x00102000 PA:0x00101d14 store:0x00000000 load:0x00000000
          30834	     15413	00101594	d1492987	flw	f19,-748(x18)	 f18:0x00102000 f19=0x00000000 PA:0x00101d14 store:0x3f800031
          30840	     15416	00101598	e0099953	fclass.s	x18,f19	 f19:0x00102000 x18=0x00000010
          30842	     15417	0010159c	cf2daa23	sw	x18,-780(x27)	 x27:0x00102000 x18:0x00000010 PA:0x00101cf4 store:0x00000010 load:0x00000000
          30846	     15419	001015a0	b01fe0ef	jal	x1,1000a0	  x1=0x001015a4
          30850	     15421	001000a0	00054803	lbu	x16,0(x10)	 x10:0x00101af8 x16=0x0000000a PA:0x00101af8 store:0x00000000
          30852	     15422	001000a4	06080663	beq	x16,x0,100110	 x16:0x0000000a  x0:0x00000000
          30854	     15423	001000a8	000207b7	lui	x15,0x20	 x15=0x00020000
          30858	     15425	001000ac	0107a023	sw	x16,0(x15)	 x15:0x00020000 x16:0x0000000a PA:0x00020000 store:0x0000000a load:0x00000000
          30862	     15427	001000b0	00154703	lbu	x14,1(x10)	 x10:0x00101af8 x14=0x00000020 PA:0x00101af9 store:0x001015a4
          30864	     15428	001000b4	04070e63	beq	x14,x0,100110	 x14:0x00000020  x0:0x00000000
          30868	     15430	001000b8	00e7a023	sw	x14,0(x15)	 x15:0x00020000 x14:0x00000020 PA:0x00020000 store:0x00000020 load:0x00000000
          30872	     15432	001000bc	00254283	lbu	x5,2(x10)	 x10:0x00101af8  x5=0x00000045 PA:0x00101afa store:0x00137fa0
          30874	     15433	001000c0	04028863	beq	x5,x0,100110	  x5:0x00000045  x0:0x00000000
          30878	     15435	001000c4	0057a023	sw	x5,0(x15)	 x15:0x00020000  x5:0x00000045 PA:0x00020000 store:0x00000045 load:0x00000000
          30882	     15437	001000c8	00354303	lbu	x6,3(x10)	 x10:0x00101af8  x6=0x00000078 PA:0x00101afb store:0x00000000
          30884	     15438	001000cc	04030263	beq	x6,x0,100110	  x6:0x00000078  x0:0x00000000
          30888	     15440	001000d0	0067a023	sw	x6,0(x15)	 x15:0x00020000  x6:0x00000078 PA:0x00020000 store:0x00000078 load:0x00000000
          30892	     15442	001000d4	00454383	lbu	x7,4(x10)	 x10:0x00101af8  x7=0x00000070 PA:0x00101afc store:0x00000000
          30894	     15443	001000d8	02038c63	beq	x7,x0,100110	  x7:0x00000070  x0:0x00000000
          30898	     15445	001000dc	0077a023	sw	x7,0(x15)	 x15:0x00020000  x7:0x00000070 PA:0x00020000 store:0x00000070 load:0x00000000
          30902	     15447	001000e0	00554583	lbu	x11,5(x10)	 x10:0x00101af8 x11=0x00000065 PA:0x00101afd store:0x00000045
          30904	     15448	001000e4	02058663	beq	x11,x0,100110	 x11:0x00000065  x0:0x00000000
          30908	     15450	001000e8	00b7a023	sw	x11,0(x15)	 x15:0x00020000 x11:0x00000065 PA:0x00020000 store:0x00000065 load:0x00000000
          30912	     15452	001000ec	00654603	lbu	x12,6(x10)	 x10:0x00101af8 x12=0x00000063 PA:0x00101afe store:0x00000078
          30914	     15453	001000f0	02060063	beq	x12,x0,100110	 x12:0x00000063  x0:0x00000000
          30918	     15455	001000f4	00c7a023	sw	x12,0(x15)	 x15:0x00020000 x12:0x00000063 PA:0x00020000 store:0x00000063 load:0x00000000
          30922	     15457	001000f8	00754683	lbu	x13,7(x10)	 x10:0x00101af8 x13=0x00000074 PA:0x00101aff store:0x00000070
          30924	     15458	001000fc	00850513	addi	x10,x10,8	 x10:0x00101af8 x10=0x00101b00
          30926	     15459	00100100	00068863	beq	x13,x0,100110	 x13:0x00000074  x0:0x00000000
          30930	     15461	00100104	00d7a023	sw	x13,0(x15)	 x15:0x00020000 x13:0x00000074 PA:0x00020000 store:0x00000074 load:0x00000000
          30934	     15463	00100108	00054803	lbu	x16,0(x10)	 x10:0x00101b00 x16=0x00000069 PA:0x00101b00 store:0x00000000
          30938	     15465	0010010c	fa0810e3	bne	x16,x0,1000ac	 x16:0x00000069  x0:0x00000000
          30944	     15468	001000ac	0107a023	sw	x16,0(x15)	 x15:0x00020000 x16:0x00000069 PA:0x00020000 store:0x00000069 load:0x00000000
          30948	     15470	001000b0	00154703	lbu	x14,1(x10)	 x10:0x00101b00 x14=0x0000006e PA:0x00101b01 store:0x001015a4
          30950	     15471	001000b4	04070e63	beq	x14,x0,100110	 x14:0x0000006e  x0:0x00000000
          30954	     15473	001000b8	00e7a023	sw	x14,0(x15)	 x15:0x00020000 x14:0x0000006e PA:0x00020000 store:0x0000006e load:0x00000000
          30958	     15475	001000bc	00254283	lbu	x5,2(x10)	 x10:0x00101b00  x5=0x00000067 PA:0x00101b02 store:0x00137fa0
          30960	     15476	001000c0	04028863	beq	x5,x0,100110	  x5:0x00000067  x0:0x00000000
          30964	     15478	001000c4	0057a023	sw	x5,0(x15)	 x15:0x00020000  x5:0x00000067 PA:0x00020000 store:0x00000067 load:0x00000000
          30968	     15480	001000c8	00354303	lbu	x6,3(x10)	 x10:0x00101b00  x6=0x00000020 PA:0x00101b03 store:0x00000000
          30970	     15481	001000cc	04030263	beq	x6,x0,100110	  x6:0x00000020  x0:0x00000000
          30974	     15483	001000d0	0067a023	sw	x6,0(x15)	 x15:0x00020000  x6:0x00000020 PA:0x00020000 store:0x00000020 load:0x00000000
          30978	     15485	001000d4	00454383	lbu	x7,4(x10)	 x10:0x00101b00  x7=0x00000030 PA:0x00101b04 store:0x00000000
          30980	     15486	001000d8	02038c63	beq	x7,x0,100110	  x7:0x00000030  x0:0x00000000
          30984	     15488	001000dc	0077a023	sw	x7,0(x15)	 x15:0x00020000  x7:0x00000030 PA:0x00020000 store:0x00000030 load:0x00000000
          30988	     15490	001000e0	00554583	lbu	x11,5(x10)	 x10:0x00101b00 x11=0x00000078 PA:0x00101b05 store:0x00000067
          30990	     15491	001000e4	02058663	beq	x11,x0,100110	 x11:0x00000078  x0:0x00000000
          30994	     15493	001000e8	00b7a023	sw	x11,0(x15)	 x15:0x00020000 x11:0x00000078 PA:0x00020000 store:0x00000078 load:0x00000000
          30998	     15495	001000ec	00654603	lbu	x12,6(x10)	 x10:0x00101b00 x12=0x00000031 PA:0x00101b06 store:0x00000020
          31000	     15496	001000f0	02060063	beq	x12,x0,100110	 x12:0x00000031  x0:0x00000000
          31004	     15498	001000f4	00c7a023	sw	x12,0(x15)	 x15:0x00020000 x12:0x00000031 PA:0x00020000 store:0x00000031 load:0x00000000
          31008	     15500	001000f8	00754683	lbu	x13,7(x10)	 x10:0x00101b00 x13=0x00000030 PA:0x00101b07 store:0x00000030
          31010	     15501	001000fc	00850513	addi	x10,x10,8	 x10:0x00101b00 x10=0x00101b08
          31012	     15502	00100100	00068863	beq	x13,x0,100110	 x13:0x00000030  x0:0x00000000
          31016	     15504	00100104	00d7a023	sw	x13,0(x15)	 x15:0x00020000 x13:0x00000030 PA:0x00020000 store:0x00000030 load:0x00000000
          31020	     15506	00100108	00054803	lbu	x16,0(x10)	 x10:0x00101b08 x16=0x0000003a PA:0x00101b08 store:0x00000000
          31024	     15508	0010010c	fa0810e3	bne	x16,x0,1000ac	 x16:0x0000003a  x0:0x00000000
          31030	     15511	001000ac	0107a023	sw	x16,0(x15)	 x15:0x00020000 x16:0x0000003a PA:0x00020000 store:0x0000003a load:0x00000000
          31034	     15513	001000b0	00154703	lbu	x14,1(x10)	 x10:0x00101b08 x14=0x00000020 PA:0x00101b09 store:0x001015a4
          31036	     15514	001000b4	04070e63	beq	x14,x0,100110	 x14:0x00000020  x0:0x00000000
          31040	     15516	001000b8	00e7a023	sw	x14,0(x15)	 x15:0x00020000 x14:0x00000020 PA:0x00020000 store:0x00000020 load:0x00000000
          31044	     15518	001000bc	00254283	lbu	x5,2(x10)	 x10:0x00101b08  x5=0x00000000 PA:0x00101b0a store:0x00137fa0
          31048	     15520	001000c0	04028863	beq	x5,x0,100110	  x5:0x00000000  x0:0x00000000
          31052	     15522	00100110	00000513	addi	x10,x0,0	  x0:0x00000000 x10=0x00000000
          31056	     15524	00100114	00008067	jalr	x0,0(x1)	  x1:0x001015a4  x0=0x00000000
          31060	     15526	001015a4	cf4da503	lw	x10,-780(x27)	 x27:0x00102000 x10=0x00000010 PA:0x00101cf4 store:0x00102000
          31062	     15527	001015a8	00102437	lui	x8,0x102	  x8=0x00102000
          31064	     15528	001015ac	00102c37	lui	x24,0x102	 x24=0x00102000
          31068	     15530	001015b0	b71fe0ef	jal	x1,100120	  x1=0x001015b4
          31070	     15531	00100120	01c55793	srli	x15,x10,0x1c	 x10:0x00000010 x15=0x00000000
          31072	     15532	00100124	00900713	addi	x14,x0,9	  x0:0x00000000 x14=0x00000009
          31076	     15534	00100128	0cf77a63	bgeu	x14,x15,1001fc	 x14:0x00000009 x15:0x00000000
          31080	     15536	001001fc	03078393	addi	x7,x15,48	 x15:0x00000000  x7=0x00000030
          31082	     15537	00100200	000205b7	lui	x11,0x20	 x11=0x00020000
          31084	     15538	00100204	00451613	slli	x12,x10,0x4	 x10:0x00000010 x12=0x00000100
          31088	     15540	00100208	0075a023	sw	x7,0(x11)	 x11:0x00020000  x7:0x00000030 PA:0x00020000 store:0x00000030 load:0x00000000
          31090	     15541	0010020c	01c65693	srli	x13,x12,0x1c	 x12:0x00000100 x13=0x00000000
          31092	     15542	00100210	00900813	addi	x16,x0,9	  x0:0x00000000 x16=0x00000009
          31094	     15543	00100214	f2d86ae3	bltu	x16,x13,100148	 x16:0x00000009 x13:0x00000000
          31096	     15544	00100218	03068e93	addi	x29,x13,48	 x13:0x00000000 x29=0x00000030
          31098	     15545	0010021c	00020f37	lui	x30,0x20	 x30=0x00020000
          31100	     15546	00100220	00851f93	slli	x31,x10,0x8	 x10:0x00000010 x31=0x00001000
          31104	     15548	00100224	01df2023	sw	x29,0(x30)	 x30:0x00020000 x29:0x00000030 PA:0x00020000 store:0x00000030 load:0x00000000
          31106	     15549	00100228	01cfd793	srli	x15,x31,0x1c	 x31:0x00001000 x15=0x00000000
          31108	     15550	0010022c	00900713	addi	x14,x0,9	  x0:0x00000000 x14=0x00000009
          31110	     15551	00100230	f2f76ae3	bltu	x14,x15,100164	 x14:0x00000009 x15:0x00000000
          31112	     15552	00100234	03078393	addi	x7,x15,48	 x15:0x00000000  x7=0x00000030
          31114	     15553	00100238	000205b7	lui	x11,0x20	 x11=0x00020000
          31116	     15554	0010023c	00c51613	slli	x12,x10,0xc	 x10:0x00000010 x12=0x00010000
          31120	     15556	00100240	0075a023	sw	x7,0(x11)	 x11:0x00020000  x7:0x00000030 PA:0x00020000 store:0x00000030 load:0x00000000
          31122	     15557	00100244	01c65693	srli	x13,x12,0x1c	 x12:0x00010000 x13=0x00000000
          31124	     15558	00100248	00900813	addi	x16,x0,9	  x0:0x00000000 x16=0x00000009
          31126	     15559	0010024c	f2d86ae3	bltu	x16,x13,100180	 x16:0x00000009 x13:0x00000000
          31128	     15560	00100250	03068e93	addi	x29,x13,48	 x13:0x00000000 x29=0x00000030
          31130	     15561	00100254	00020f37	lui	x30,0x20	 x30=0x00020000
          31132	     15562	00100258	01051f93	slli	x31,x10,0x10	 x10:0x00000010 x31=0x00100000
          31136	     15564	0010025c	01df2023	sw	x29,0(x30)	 x30:0x00020000 x29:0x00000030 PA:0x00020000 store:0x00000030 load:0x00000000
          31138	     15565	00100260	01cfd793	srli	x15,x31,0x1c	 x31:0x00100000 x15=0x00000000
          31140	     15566	00100264	00900713	addi	x14,x0,9	  x0:0x00000000 x14=0x00000009
          31142	     15567	00100268	f2f76ae3	bltu	x14,x15,10019c	 x14:0x00000009 x15:0x00000000
          31144	     15568	0010026c	03078393	addi	x7,x15,48	 x15:0x00000000  x7=0x00000030
          31146	     15569	00100270	000205b7	lui	x11,0x20	 x11=0x00020000
          31148	     15570	00100274	01451613	slli	x12,x10,0x14	 x10:0x00000010 x12=0x01000000
          31152	     15572	00100278	0075a023	sw	x7,0(x11)	 x11:0x00020000  x7:0x00000030 PA:0x00020000 store:0x00000030 load:0x00000000
          31154	     15573	0010027c	01c65693	srli	x13,x12,0x1c	 x12:0x01000000 x13=0x00000000
          31156	     15574	00100280	00900813	addi	x16,x0,9	  x0:0x00000000 x16=0x00000009
          31158	     15575	00100284	f2d86ae3	bltu	x16,x13,1001b8	 x16:0x00000009 x13:0x00000000
          31160	     15576	00100288	03068e93	addi	x29,x13,48	 x13:0x00000000 x29=0x00000030
          31162	     15577	0010028c	00020f37	lui	x30,0x20	 x30=0x00020000
          31164	     15578	00100290	01851f93	slli	x31,x10,0x18	 x10:0x00000010 x31=0x10000000
          31168	     15580	00100294	01df2023	sw	x29,0(x30)	 x30:0x00020000 x29:0x00000030 PA:0x00020000 store:0x00000030 load:0x00000000
          31170	     15581	00100298	01cfd793	srli	x15,x31,0x1c	 x31:0x10000000 x15=0x00000001
          31172	     15582	0010029c	00900713	addi	x14,x0,9	  x0:0x00000000 x14=0x00000009
          31174	     15583	001002a0	f2f76ae3	bltu	x14,x15,1001d4	 x14:0x00000009 x15:0x00000001
          31176	     15584	001002a4	03078393	addi	x7,x15,48	 x15:0x00000001  x7=0x00000031
          31178	     15585	001002a8	000205b7	lui	x11,0x20	 x11=0x00020000
          31182	     15587	001002ac	0075a023	sw	x7,0(x11)	 x11:0x00020000  x7:0x00000031 PA:0x00020000 store:0x00000031 load:0x00000000
          31184	     15588	001002b0	00f57513	andi	x10,x10,15	 x10:0x00000010 x10=0x00000000
          31186	     15589	001002b4	00900613	addi	x12,x0,9	  x0:0x00000000 x12=0x00000009
          31190	     15591	001002b8	f2a67ae3	bgeu	x12,x10,1001ec	 x12:0x00000009 x10:0x00000000
          31194	     15593	001001ec	03050893	addi	x17,x10,48	 x10:0x00000000 x17=0x00000030
          31196	     15594	001001f0	00020e37	lui	x28,0x20	 x28=0x00020000
          31200	     15596	001001f4	011e2023	sw	x17,0(x28)	 x28:0x00020000 x17:0x00000030 PA:0x00020000 store:0x00000030 load:0x00000000
          31204	     15598	001001f8	00008067	jalr	x0,0(x1)	  x1:0x001015b4  x0=0x00000000
          31216	     15604	001015b4	001023b7	lui	x7,0x102	  x7=0x00102000
          31218	     15605	001015b8	9503a407	flw	f8,-1712(x7)	  f7:0x00102000  f8=0x00000000 PA:0x00101950 store:0x80000047
          31224	     15608	001015bc	001025b7	lui	x11,0x102	 x11=0x00102000
          31226	     15609	001015c0	00102637	lui	x12,0x102	 x12=0x00102000
          31228	     15610	001015c4	d085a827	fsw	f8,-752(x11)	 f11:0x00102000  f8:0x00102000 PA:0x00101d10 store:0x00000047 load:0x00000047
          31230	     15611	001015c8	b0c60513	addi	x10,x12,-1268	 x12:0x00102000 x10=0x00101b0c
          31232	     15612	001015cc	d105aa07	flw	f20,-752(x11)	 f11:0x00102000 f20=0x00000000 PA:0x00101d10 store:0x80000047
          31236	     15614	001015d0	e00a1853	fclass.s	x16,f20	 f20:0x00102000 x16=0x00000020
          31238	     15615	001015d4	cf0d2823	sw	x16,-784(x26)	 x26:0x00102000 x16:0x00000020 PA:0x00101cf0 store:0x00000020 load:0x00000047
          31242	     15617	001015d8	ac9fe0ef	jal	x1,1000a0	  x1=0x001015dc
          31246	     15619	001000a0	00054803	lbu	x16,0(x10)	 x10:0x00101b0c x16=0x0000000a PA:0x00101b0c store:0x00000000
          31248	     15620	001000a4	06080663	beq	x16,x0,100110	 x16:0x0000000a  x0:0x00000000
          31250	     15621	001000a8	000207b7	lui	x15,0x20	 x15=0x00020000
          31254	     15623	001000ac	0107a023	sw	x16,0(x15)	 x15:0x00020000 x16:0x0000000a PA:0x00020000 store:0x0000000a load:0x00000000
          31258	     15625	001000b0	00154703	lbu	x14,1(x10)	 x10:0x00101b0c x14=0x00000020 PA:0x00101b0d store:0x001015dc
          31260	     15626	001000b4	04070e63	beq	x14,x0,100110	 x14:0x00000020  x0:0x00000000
          31264	     15628	001000b8	00e7a023	sw	x14,0(x15)	 x15:0x00020000 x14:0x00000020 PA:0x00020000 store:0x00000020 load:0x00000000
          31268	     15630	001000bc	00254283	lbu	x5,2(x10)	 x10:0x00101b0c  x5=0x00000045 PA:0x00101b0e store:0x00137fa0
          31270	     15631	001000c0	04028863	beq	x5,x0,100110	  x5:0x00000045  x0:0x00000000
          31274	     15633	001000c4	0057a023	sw	x5,0(x15)	 x15:0x00020000  x5:0x00000045 PA:0x00020000 store:0x00000045 load:0x00000000
          31278	     15635	001000c8	00354303	lbu	x6,3(x10)	 x10:0x00101b0c  x6=0x00000078 PA:0x00101b0f store:0x00000000
          31280	     15636	001000cc	04030263	beq	x6,x0,100110	  x6:0x00000078  x0:0x00000000
          31284	     15638	001000d0	0067a023	sw	x6,0(x15)	 x15:0x00020000  x6:0x00000078 PA:0x00020000 store:0x00000078 load:0x00000000
          31288	     15640	001000d4	00454383	lbu	x7,4(x10)	 x10:0x00101b0c  x7=0x00000070 PA:0x00101b10 store:0x00000000
          31290	     15641	001000d8	02038c63	beq	x7,x0,100110	  x7:0x00000070  x0:0x00000000
          31294	     15643	001000dc	0077a023	sw	x7,0(x15)	 x15:0x00020000  x7:0x00000070 PA:0x00020000 store:0x00000070 load:0x00000000
          31298	     15645	001000e0	00554583	lbu	x11,5(x10)	 x10:0x00101b0c x11=0x00000065 PA:0x00101b11 store:0x00000045
          31300	     15646	001000e4	02058663	beq	x11,x0,100110	 x11:0x00000065  x0:0x00000000
          31304	     15648	001000e8	00b7a023	sw	x11,0(x15)	 x15:0x00020000 x11:0x00000065 PA:0x00020000 store:0x00000065 load:0x00000000
          31308	     15650	001000ec	00654603	lbu	x12,6(x10)	 x10:0x00101b0c x12=0x00000063 PA:0x00101b12 store:0x00000078
          31310	     15651	001000f0	02060063	beq	x12,x0,100110	 x12:0x00000063  x0:0x00000000
          31314	     15653	001000f4	00c7a023	sw	x12,0(x15)	 x15:0x00020000 x12:0x00000063 PA:0x00020000 store:0x00000063 load:0x00000000
          31318	     15655	001000f8	00754683	lbu	x13,7(x10)	 x10:0x00101b0c x13=0x00000074 PA:0x00101b13 store:0x00000070
          31320	     15656	001000fc	00850513	addi	x10,x10,8	 x10:0x00101b0c x10=0x00101b14
          31322	     15657	00100100	00068863	beq	x13,x0,100110	 x13:0x00000074  x0:0x00000000
          31326	     15659	00100104	00d7a023	sw	x13,0(x15)	 x15:0x00020000 x13:0x00000074 PA:0x00020000 store:0x00000074 load:0x00000000
          31330	     15661	00100108	00054803	lbu	x16,0(x10)	 x10:0x00101b14 x16=0x00000069 PA:0x00101b14 store:0x00000000
          31334	     15663	0010010c	fa0810e3	bne	x16,x0,1000ac	 x16:0x00000069  x0:0x00000000
          31340	     15666	001000ac	0107a023	sw	x16,0(x15)	 x15:0x00020000 x16:0x00000069 PA:0x00020000 store:0x00000069 load:0x00000000
          31344	     15668	001000b0	00154703	lbu	x14,1(x10)	 x10:0x00101b14 x14=0x0000006e PA:0x00101b15 store:0x001015dc
          31346	     15669	001000b4	04070e63	beq	x14,x0,100110	 x14:0x0000006e  x0:0x00000000
          31350	     15671	001000b8	00e7a023	sw	x14,0(x15)	 x15:0x00020000 x14:0x0000006e PA:0x00020000 store:0x0000006e load:0x00000000
          31354	     15673	001000bc	00254283	lbu	x5,2(x10)	 x10:0x00101b14  x5=0x00000067 PA:0x00101b16 store:0x00137fa0
          31356	     15674	001000c0	04028863	beq	x5,x0,100110	  x5:0x00000067  x0:0x00000000
          31360	     15676	001000c4	0057a023	sw	x5,0(x15)	 x15:0x00020000  x5:0x00000067 PA:0x00020000 store:0x00000067 load:0x00000000
          31364	     15678	001000c8	00354303	lbu	x6,3(x10)	 x10:0x00101b14  x6=0x00000020 PA:0x00101b17 store:0x00000000
          31366	     15679	001000cc	04030263	beq	x6,x0,100110	  x6:0x00000020  x0:0x00000000
          31370	     15681	001000d0	0067a023	sw	x6,0(x15)	 x15:0x00020000  x6:0x00000020 PA:0x00020000 store:0x00000020 load:0x00000000
          31374	     15683	001000d4	00454383	lbu	x7,4(x10)	 x10:0x00101b14  x7=0x00000030 PA:0x00101b18 store:0x00000000
          31376	     15684	001000d8	02038c63	beq	x7,x0,100110	  x7:0x00000030  x0:0x00000000
          31380	     15686	001000dc	0077a023	sw	x7,0(x15)	 x15:0x00020000  x7:0x00000030 PA:0x00020000 store:0x00000030 load:0x00000000
          31384	     15688	001000e0	00554583	lbu	x11,5(x10)	 x10:0x00101b14 x11=0x00000078 PA:0x00101b19 store:0x00000067
          31386	     15689	001000e4	02058663	beq	x11,x0,100110	 x11:0x00000078  x0:0x00000000
          31390	     15691	001000e8	00b7a023	sw	x11,0(x15)	 x15:0x00020000 x11:0x00000078 PA:0x00020000 store:0x00000078 load:0x00000000
          31394	     15693	001000ec	00654603	lbu	x12,6(x10)	 x10:0x00101b14 x12=0x00000032 PA:0x00101b1a store:0x00000020
          31396	     15694	001000f0	02060063	beq	x12,x0,100110	 x12:0x00000032  x0:0x00000000
          31400	     15696	001000f4	00c7a023	sw	x12,0(x15)	 x15:0x00020000 x12:0x00000032 PA:0x00020000 store:0x00000032 load:0x00000000
          31404	     15698	001000f8	00754683	lbu	x13,7(x10)	 x10:0x00101b14 x13=0x00000030 PA:0x00101b1b store:0x00000030
          31406	     15699	001000fc	00850513	addi	x10,x10,8	 x10:0x00101b14 x10=0x00101b1c
          31408	     15700	00100100	00068863	beq	x13,x0,100110	 x13:0x00000030  x0:0x00000000
          31412	     15702	00100104	00d7a023	sw	x13,0(x15)	 x15:0x00020000 x13:0x00000030 PA:0x00020000 store:0x00000030 load:0x00000000
          31416	     15704	00100108	00054803	lbu	x16,0(x10)	 x10:0x00101b1c x16=0x0000003a PA:0x00101b1c store:0x00000000
          31420	     15706	0010010c	fa0810e3	bne	x16,x0,1000ac	 x16:0x0000003a  x0:0x00000000
          31426	     15709	001000ac	0107a023	sw	x16,0(x15)	 x15:0x00020000 x16:0x0000003a PA:0x00020000 store:0x0000003a load:0x00000000
          31430	     15711	001000b0	00154703	lbu	x14,1(x10)	 x10:0x00101b1c x14=0x00000020 PA:0x00101b1d store:0x001015dc
          31432	     15712	001000b4	04070e63	beq	x14,x0,100110	 x14:0x00000020  x0:0x00000000
          31436	     15714	001000b8	00e7a023	sw	x14,0(x15)	 x15:0x00020000 x14:0x00000020 PA:0x00020000 store:0x00000020 load:0x00000000
          31440	     15716	001000bc	00254283	lbu	x5,2(x10)	 x10:0x00101b1c  x5=0x00000000 PA:0x00101b1e store:0x00137fa0
          31444	     15718	001000c0	04028863	beq	x5,x0,100110	  x5:0x00000000  x0:0x00000000
          31448	     15720	00100110	00000513	addi	x10,x0,0	  x0:0x00000000 x10=0x00000000
          31452	     15722	00100114	00008067	jalr	x0,0(x1)	  x1:0x001015dc  x0=0x00000000
          31456	     15724	001015dc	cf0d2503	lw	x10,-784(x26)	 x26:0x00102000 x10=0x00000020 PA:0x00101cf0 store:0x0000003a
          31460	     15726	001015e0	b41fe0ef	jal	x1,100120	  x1=0x001015e4
          31462	     15727	00100120	01c55793	srli	x15,x10,0x1c	 x10:0x00000020 x15=0x00000000
          31464	     15728	00100124	00900713	addi	x14,x0,9	  x0:0x00000000 x14=0x00000009
          31468	     15730	00100128	0cf77a63	bgeu	x14,x15,1001fc	 x14:0x00000009 x15:0x00000000
          31472	     15732	001001fc	03078393	addi	x7,x15,48	 x15:0x00000000  x7=0x00000030
          31474	     15733	00100200	000205b7	lui	x11,0x20	 x11=0x00020000
          31476	     15734	00100204	00451613	slli	x12,x10,0x4	 x10:0x00000020 x12=0x00000200
          31480	     15736	00100208	0075a023	sw	x7,0(x11)	 x11:0x00020000  x7:0x00000030 PA:0x00020000 store:0x00000030 load:0x00000000
          31482	     15737	0010020c	01c65693	srli	x13,x12,0x1c	 x12:0x00000200 x13=0x00000000
          31484	     15738	00100210	00900813	addi	x16,x0,9	  x0:0x00000000 x16=0x00000009
          31486	     15739	00100214	f2d86ae3	bltu	x16,x13,100148	 x16:0x00000009 x13:0x00000000
          31488	     15740	00100218	03068e93	addi	x29,x13,48	 x13:0x00000000 x29=0x00000030
          31490	     15741	0010021c	00020f37	lui	x30,0x20	 x30=0x00020000
          31492	     15742	00100220	00851f93	slli	x31,x10,0x8	 x10:0x00000020 x31=0x00002000
          31496	     15744	00100224	01df2023	sw	x29,0(x30)	 x30:0x00020000 x29:0x00000030 PA:0x00020000 store:0x00000030 load:0x00000000
          31498	     15745	00100228	01cfd793	srli	x15,x31,0x1c	 x31:0x00002000 x15=0x00000000
          31500	     15746	0010022c	00900713	addi	x14,x0,9	  x0:0x00000000 x14=0x00000009
          31502	     15747	00100230	f2f76ae3	bltu	x14,x15,100164	 x14:0x00000009 x15:0x00000000
          31504	     15748	00100234	03078393	addi	x7,x15,48	 x15:0x00000000  x7=0x00000030
          31506	     15749	00100238	000205b7	lui	x11,0x20	 x11=0x00020000
          31508	     15750	0010023c	00c51613	slli	x12,x10,0xc	 x10:0x00000020 x12=0x00020000
          31512	     15752	00100240	0075a023	sw	x7,0(x11)	 x11:0x00020000  x7:0x00000030 PA:0x00020000 store:0x00000030 load:0x00000000
          31514	     15753	00100244	01c65693	srli	x13,x12,0x1c	 x12:0x00020000 x13=0x00000000
          31516	     15754	00100248	00900813	addi	x16,x0,9	  x0:0x00000000 x16=0x00000009
          31518	     15755	0010024c	f2d86ae3	bltu	x16,x13,100180	 x16:0x00000009 x13:0x00000000
          31520	     15756	00100250	03068e93	addi	x29,x13,48	 x13:0x00000000 x29=0x00000030
          31522	     15757	00100254	00020f37	lui	x30,0x20	 x30=0x00020000
          31524	     15758	00100258	01051f93	slli	x31,x10,0x10	 x10:0x00000020 x31=0x00200000
          31528	     15760	0010025c	01df2023	sw	x29,0(x30)	 x30:0x00020000 x29:0x00000030 PA:0x00020000 store:0x00000030 load:0x00000000
          31530	     15761	00100260	01cfd793	srli	x15,x31,0x1c	 x31:0x00200000 x15=0x00000000
          31532	     15762	00100264	00900713	addi	x14,x0,9	  x0:0x00000000 x14=0x00000009
          31534	     15763	00100268	f2f76ae3	bltu	x14,x15,10019c	 x14:0x00000009 x15:0x00000000
          31536	     15764	0010026c	03078393	addi	x7,x15,48	 x15:0x00000000  x7=0x00000030
          31538	     15765	00100270	000205b7	lui	x11,0x20	 x11=0x00020000
          31540	     15766	00100274	01451613	slli	x12,x10,0x14	 x10:0x00000020 x12=0x02000000
          31544	     15768	00100278	0075a023	sw	x7,0(x11)	 x11:0x00020000  x7:0x00000030 PA:0x00020000 store:0x00000030 load:0x00000000
          31546	     15769	0010027c	01c65693	srli	x13,x12,0x1c	 x12:0x02000000 x13=0x00000000
          31548	     15770	00100280	00900813	addi	x16,x0,9	  x0:0x00000000 x16=0x00000009
          31550	     15771	00100284	f2d86ae3	bltu	x16,x13,1001b8	 x16:0x00000009 x13:0x00000000
          31552	     15772	00100288	03068e93	addi	x29,x13,48	 x13:0x00000000 x29=0x00000030
          31554	     15773	0010028c	00020f37	lui	x30,0x20	 x30=0x00020000
          31556	     15774	00100290	01851f93	slli	x31,x10,0x18	 x10:0x00000020 x31=0x20000000
          31560	     15776	00100294	01df2023	sw	x29,0(x30)	 x30:0x00020000 x29:0x00000030 PA:0x00020000 store:0x00000030 load:0x00000000
          31562	     15777	00100298	01cfd793	srli	x15,x31,0x1c	 x31:0x20000000 x15=0x00000002
          31564	     15778	0010029c	00900713	addi	x14,x0,9	  x0:0x00000000 x14=0x00000009
          31566	     15779	001002a0	f2f76ae3	bltu	x14,x15,1001d4	 x14:0x00000009 x15:0x00000002
          31568	     15780	001002a4	03078393	addi	x7,x15,48	 x15:0x00000002  x7=0x00000032
          31570	     15781	001002a8	000205b7	lui	x11,0x20	 x11=0x00020000
          31574	     15783	001002ac	0075a023	sw	x7,0(x11)	 x11:0x00020000  x7:0x00000032 PA:0x00020000 store:0x00000032 load:0x00000000
          31576	     15784	001002b0	00f57513	andi	x10,x10,15	 x10:0x00000020 x10=0x00000000
          31578	     15785	001002b4	00900613	addi	x12,x0,9	  x0:0x00000000 x12=0x00000009
          31582	     15787	001002b8	f2a67ae3	bgeu	x12,x10,1001ec	 x12:0x00000009 x10:0x00000000
          31586	     15789	001001ec	03050893	addi	x17,x10,48	 x10:0x00000000 x17=0x00000030
          31588	     15790	001001f0	00020e37	lui	x28,0x20	 x28=0x00020000
          31592	     15792	001001f4	011e2023	sw	x17,0(x28)	 x28:0x00020000 x17:0x00000030 PA:0x00020000 store:0x00000030 load:0x00000000
          31596	     15794	001001f8	00008067	jalr	x0,0(x1)	  x1:0x001015e4  x0=0x00000000
          31608	     15800	001015e4	001028b7	lui	x17,0x102	 x17=0x00102000
          31610	     15801	001015e8	9548aa87	flw	f21,-1708(x17)	 f17:0x00102000 f21=0x00000000 PA:0x00101954 store:0x00000047
          31616	     15804	001015ec	00102e37	lui	x28,0x102	 x28=0x00102000
          31618	     15805	001015f0	b20e0513	addi	x10,x28,-1248	 x28:0x00102000 x10=0x00101b20
          31620	     15806	001015f4	d15b2627	fsw	f21,-756(x22)	 f22:0x00102000 f21:0x00102000 PA:0x00101d0c store:0x4019999a load:0x4019999a
          31624	     15808	001015f8	d0cb2e07	flw	f28,-756(x22)	 f22:0x00102000 f28=0x00000000 PA:0x00101d0c store:0xc06d7f2b
          31630	     15811	001015fc	e00e1b53	fclass.s	x22,f28	 f28:0x00102000 x22=0x00000040
          31632	     15812	00101600	cf6a2c23	sw	x22,-776(x20)	 x20:0x00102000 x22:0x00000040 PA:0x00101cf8 store:0x00000040 load:0x4019999a
          31636	     15814	00101604	a9dfe0ef	jal	x1,1000a0	  x1=0x00101608
          31640	     15816	001000a0	00054803	lbu	x16,0(x10)	 x10:0x00101b20 x16=0x0000000a PA:0x00101b20 store:0x00000000
          31642	     15817	001000a4	06080663	beq	x16,x0,100110	 x16:0x0000000a  x0:0x00000000
          31644	     15818	001000a8	000207b7	lui	x15,0x20	 x15=0x00020000
          31648	     15820	001000ac	0107a023	sw	x16,0(x15)	 x15:0x00020000 x16:0x0000000a PA:0x00020000 store:0x0000000a load:0x00000000
          31652	     15822	001000b0	00154703	lbu	x14,1(x10)	 x10:0x00101b20 x14=0x00000020 PA:0x00101b21 store:0x00101608
          31654	     15823	001000b4	04070e63	beq	x14,x0,100110	 x14:0x00000020  x0:0x00000000
          31658	     15825	001000b8	00e7a023	sw	x14,0(x15)	 x15:0x00020000 x14:0x00000020 PA:0x00020000 store:0x00000020 load:0x00000000
          31662	     15827	001000bc	00254283	lbu	x5,2(x10)	 x10:0x00101b20  x5=0x00000045 PA:0x00101b22 store:0x00137fa0
          31664	     15828	001000c0	04028863	beq	x5,x0,100110	  x5:0x00000045  x0:0x00000000
          31668	     15830	001000c4	0057a023	sw	x5,0(x15)	 x15:0x00020000  x5:0x00000045 PA:0x00020000 store:0x00000045 load:0x00000000
          31672	     15832	001000c8	00354303	lbu	x6,3(x10)	 x10:0x00101b20  x6=0x00000078 PA:0x00101b23 store:0x00000000
          31674	     15833	001000cc	04030263	beq	x6,x0,100110	  x6:0x00000078  x0:0x00000000
          31678	     15835	001000d0	0067a023	sw	x6,0(x15)	 x15:0x00020000  x6:0x00000078 PA:0x00020000 store:0x00000078 load:0x00000000
          31682	     15837	001000d4	00454383	lbu	x7,4(x10)	 x10:0x00101b20  x7=0x00000070 PA:0x00101b24 store:0x00000000
          31684	     15838	001000d8	02038c63	beq	x7,x0,100110	  x7:0x00000070  x0:0x00000000
          31688	     15840	001000dc	0077a023	sw	x7,0(x15)	 x15:0x00020000  x7:0x00000070 PA:0x00020000 store:0x00000070 load:0x00000000
          31692	     15842	001000e0	00554583	lbu	x11,5(x10)	 x10:0x00101b20 x11=0x00000065 PA:0x00101b25 store:0x00000045
          31694	     15843	001000e4	02058663	beq	x11,x0,100110	 x11:0x00000065  x0:0x00000000
          31698	     15845	001000e8	00b7a023	sw	x11,0(x15)	 x15:0x00020000 x11:0x00000065 PA:0x00020000 store:0x00000065 load:0x00000000
          31702	     15847	001000ec	00654603	lbu	x12,6(x10)	 x10:0x00101b20 x12=0x00000063 PA:0x00101b26 store:0x00000078
          31704	     15848	001000f0	02060063	beq	x12,x0,100110	 x12:0x00000063  x0:0x00000000
          31708	     15850	001000f4	00c7a023	sw	x12,0(x15)	 x15:0x00020000 x12:0x00000063 PA:0x00020000 store:0x00000063 load:0x00000000
          31712	     15852	001000f8	00754683	lbu	x13,7(x10)	 x10:0x00101b20 x13=0x00000074 PA:0x00101b27 store:0x00000070
          31714	     15853	001000fc	00850513	addi	x10,x10,8	 x10:0x00101b20 x10=0x00101b28
          31716	     15854	00100100	00068863	beq	x13,x0,100110	 x13:0x00000074  x0:0x00000000
          31720	     15856	00100104	00d7a023	sw	x13,0(x15)	 x15:0x00020000 x13:0x00000074 PA:0x00020000 store:0x00000074 load:0x00000000
          31724	     15858	00100108	00054803	lbu	x16,0(x10)	 x10:0x00101b28 x16=0x00000069 PA:0x00101b28 store:0x00000000
          31728	     15860	0010010c	fa0810e3	bne	x16,x0,1000ac	 x16:0x00000069  x0:0x00000000
          31734	     15863	001000ac	0107a023	sw	x16,0(x15)	 x15:0x00020000 x16:0x00000069 PA:0x00020000 store:0x00000069 load:0x00000000
          31738	     15865	001000b0	00154703	lbu	x14,1(x10)	 x10:0x00101b28 x14=0x0000006e PA:0x00101b29 store:0x00101608
          31740	     15866	001000b4	04070e63	beq	x14,x0,100110	 x14:0x0000006e  x0:0x00000000
          31744	     15868	001000b8	00e7a023	sw	x14,0(x15)	 x15:0x00020000 x14:0x0000006e PA:0x00020000 store:0x0000006e load:0x00000000
          31748	     15870	001000bc	00254283	lbu	x5,2(x10)	 x10:0x00101b28  x5=0x00000067 PA:0x00101b2a store:0x00137fa0
          31750	     15871	001000c0	04028863	beq	x5,x0,100110	  x5:0x00000067  x0:0x00000000
          31754	     15873	001000c4	0057a023	sw	x5,0(x15)	 x15:0x00020000  x5:0x00000067 PA:0x00020000 store:0x00000067 load:0x00000000
          31758	     15875	001000c8	00354303	lbu	x6,3(x10)	 x10:0x00101b28  x6=0x00000020 PA:0x00101b2b store:0x00000000
          31760	     15876	001000cc	04030263	beq	x6,x0,100110	  x6:0x00000020  x0:0x00000000
          31764	     15878	001000d0	0067a023	sw	x6,0(x15)	 x15:0x00020000  x6:0x00000020 PA:0x00020000 store:0x00000020 load:0x00000000
          31768	     15880	001000d4	00454383	lbu	x7,4(x10)	 x10:0x00101b28  x7=0x00000030 PA:0x00101b2c store:0x00000000
          31770	     15881	001000d8	02038c63	beq	x7,x0,100110	  x7:0x00000030  x0:0x00000000
          31774	     15883	001000dc	0077a023	sw	x7,0(x15)	 x15:0x00020000  x7:0x00000030 PA:0x00020000 store:0x00000030 load:0x00000000
          31778	     15885	001000e0	00554583	lbu	x11,5(x10)	 x10:0x00101b28 x11=0x00000078 PA:0x00101b2d store:0x00000067
          31780	     15886	001000e4	02058663	beq	x11,x0,100110	 x11:0x00000078  x0:0x00000000
          31784	     15888	001000e8	00b7a023	sw	x11,0(x15)	 x15:0x00020000 x11:0x00000078 PA:0x00020000 store:0x00000078 load:0x00000000
          31788	     15890	001000ec	00654603	lbu	x12,6(x10)	 x10:0x00101b28 x12=0x00000034 PA:0x00101b2e store:0x00000020
          31790	     15891	001000f0	02060063	beq	x12,x0,100110	 x12:0x00000034  x0:0x00000000
          31794	     15893	001000f4	00c7a023	sw	x12,0(x15)	 x15:0x00020000 x12:0x00000034 PA:0x00020000 store:0x00000034 load:0x00000000
          31798	     15895	001000f8	00754683	lbu	x13,7(x10)	 x10:0x00101b28 x13=0x00000030 PA:0x00101b2f store:0x00000030
          31800	     15896	001000fc	00850513	addi	x10,x10,8	 x10:0x00101b28 x10=0x00101b30
          31802	     15897	00100100	00068863	beq	x13,x0,100110	 x13:0x00000030  x0:0x00000000
          31806	     15899	00100104	00d7a023	sw	x13,0(x15)	 x15:0x00020000 x13:0x00000030 PA:0x00020000 store:0x00000030 load:0x00000000
          31810	     15901	00100108	00054803	lbu	x16,0(x10)	 x10:0x00101b30 x16=0x0000003a PA:0x00101b30 store:0x00000000
          31814	     15903	0010010c	fa0810e3	bne	x16,x0,1000ac	 x16:0x0000003a  x0:0x00000000
          31820	     15906	001000ac	0107a023	sw	x16,0(x15)	 x15:0x00020000 x16:0x0000003a PA:0x00020000 store:0x0000003a load:0x00000000
          31824	     15908	001000b0	00154703	lbu	x14,1(x10)	 x10:0x00101b30 x14=0x00000020 PA:0x00101b31 store:0x00101608
          31826	     15909	001000b4	04070e63	beq	x14,x0,100110	 x14:0x00000020  x0:0x00000000
          31830	     15911	001000b8	00e7a023	sw	x14,0(x15)	 x15:0x00020000 x14:0x00000020 PA:0x00020000 store:0x00000020 load:0x00000000
          31834	     15913	001000bc	00254283	lbu	x5,2(x10)	 x10:0x00101b30  x5=0x00000000 PA:0x00101b32 store:0x00137fa0
          31838	     15915	001000c0	04028863	beq	x5,x0,100110	  x5:0x00000000  x0:0x00000000
          31842	     15917	00100110	00000513	addi	x10,x0,0	  x0:0x00000000 x10=0x00000000
          31846	     15919	00100114	00008067	jalr	x0,0(x1)	  x1:0x00101608  x0=0x00000000
          31850	     15921	00101608	cf8a2503	lw	x10,-776(x20)	 x20:0x00102000 x10=0x00000040 PA:0x00101cf8 store:0x00102000
          31854	     15923	0010160c	b15fe0ef	jal	x1,100120	  x1=0x00101610
          31856	     15924	00100120	01c55793	srli	x15,x10,0x1c	 x10:0x00000040 x15=0x00000000
          31858	     15925	00100124	00900713	addi	x14,x0,9	  x0:0x00000000 x14=0x00000009
          31862	     15927	00100128	0cf77a63	bgeu	x14,x15,1001fc	 x14:0x00000009 x15:0x00000000
          31866	     15929	001001fc	03078393	addi	x7,x15,48	 x15:0x00000000  x7=0x00000030
          31868	     15930	00100200	000205b7	lui	x11,0x20	 x11=0x00020000
          31870	     15931	00100204	00451613	slli	x12,x10,0x4	 x10:0x00000040 x12=0x00000400
          31874	     15933	00100208	0075a023	sw	x7,0(x11)	 x11:0x00020000  x7:0x00000030 PA:0x00020000 store:0x00000030 load:0x00000000
          31876	     15934	0010020c	01c65693	srli	x13,x12,0x1c	 x12:0x00000400 x13=0x00000000
          31878	     15935	00100210	00900813	addi	x16,x0,9	  x0:0x00000000 x16=0x00000009
          31880	     15936	00100214	f2d86ae3	bltu	x16,x13,100148	 x16:0x00000009 x13:0x00000000
          31882	     15937	00100218	03068e93	addi	x29,x13,48	 x13:0x00000000 x29=0x00000030
          31884	     15938	0010021c	00020f37	lui	x30,0x20	 x30=0x00020000
          31886	     15939	00100220	00851f93	slli	x31,x10,0x8	 x10:0x00000040 x31=0x00004000
          31890	     15941	00100224	01df2023	sw	x29,0(x30)	 x30:0x00020000 x29:0x00000030 PA:0x00020000 store:0x00000030 load:0x00000000
          31892	     15942	00100228	01cfd793	srli	x15,x31,0x1c	 x31:0x00004000 x15=0x00000000
          31894	     15943	0010022c	00900713	addi	x14,x0,9	  x0:0x00000000 x14=0x00000009
          31896	     15944	00100230	f2f76ae3	bltu	x14,x15,100164	 x14:0x00000009 x15:0x00000000
          31898	     15945	00100234	03078393	addi	x7,x15,48	 x15:0x00000000  x7=0x00000030
          31900	     15946	00100238	000205b7	lui	x11,0x20	 x11=0x00020000
          31902	     15947	0010023c	00c51613	slli	x12,x10,0xc	 x10:0x00000040 x12=0x00040000
          31906	     15949	00100240	0075a023	sw	x7,0(x11)	 x11:0x00020000  x7:0x00000030 PA:0x00020000 store:0x00000030 load:0x00000000
          31908	     15950	00100244	01c65693	srli	x13,x12,0x1c	 x12:0x00040000 x13=0x00000000
          31910	     15951	00100248	00900813	addi	x16,x0,9	  x0:0x00000000 x16=0x00000009
          31912	     15952	0010024c	f2d86ae3	bltu	x16,x13,100180	 x16:0x00000009 x13:0x00000000
          31914	     15953	00100250	03068e93	addi	x29,x13,48	 x13:0x00000000 x29=0x00000030
          31916	     15954	00100254	00020f37	lui	x30,0x20	 x30=0x00020000
          31918	     15955	00100258	01051f93	slli	x31,x10,0x10	 x10:0x00000040 x31=0x00400000
          31922	     15957	0010025c	01df2023	sw	x29,0(x30)	 x30:0x00020000 x29:0x00000030 PA:0x00020000 store:0x00000030 load:0x00000000
          31924	     15958	00100260	01cfd793	srli	x15,x31,0x1c	 x31:0x00400000 x15=0x00000000
          31926	     15959	00100264	00900713	addi	x14,x0,9	  x0:0x00000000 x14=0x00000009
          31928	     15960	00100268	f2f76ae3	bltu	x14,x15,10019c	 x14:0x00000009 x15:0x00000000
          31930	     15961	0010026c	03078393	addi	x7,x15,48	 x15:0x00000000  x7=0x00000030
          31932	     15962	00100270	000205b7	lui	x11,0x20	 x11=0x00020000
          31934	     15963	00100274	01451613	slli	x12,x10,0x14	 x10:0x00000040 x12=0x04000000
          31938	     15965	00100278	0075a023	sw	x7,0(x11)	 x11:0x00020000  x7:0x00000030 PA:0x00020000 store:0x00000030 load:0x00000000
          31940	     15966	0010027c	01c65693	srli	x13,x12,0x1c	 x12:0x04000000 x13=0x00000000
          31942	     15967	00100280	00900813	addi	x16,x0,9	  x0:0x00000000 x16=0x00000009
          31944	     15968	00100284	f2d86ae3	bltu	x16,x13,1001b8	 x16:0x00000009 x13:0x00000000
          31946	     15969	00100288	03068e93	addi	x29,x13,48	 x13:0x00000000 x29=0x00000030
          31948	     15970	0010028c	00020f37	lui	x30,0x20	 x30=0x00020000
          31950	     15971	00100290	01851f93	slli	x31,x10,0x18	 x10:0x00000040 x31=0x40000000
          31954	     15973	00100294	01df2023	sw	x29,0(x30)	 x30:0x00020000 x29:0x00000030 PA:0x00020000 store:0x00000030 load:0x00000000
          31956	     15974	00100298	01cfd793	srli	x15,x31,0x1c	 x31:0x40000000 x15=0x00000004
          31958	     15975	0010029c	00900713	addi	x14,x0,9	  x0:0x00000000 x14=0x00000009
          31960	     15976	001002a0	f2f76ae3	bltu	x14,x15,1001d4	 x14:0x00000009 x15:0x00000004
          31962	     15977	001002a4	03078393	addi	x7,x15,48	 x15:0x00000004  x7=0x00000034
          31964	     15978	001002a8	000205b7	lui	x11,0x20	 x11=0x00020000
          31968	     15980	001002ac	0075a023	sw	x7,0(x11)	 x11:0x00020000  x7:0x00000034 PA:0x00020000 store:0x00000034 load:0x00000000
          31970	     15981	001002b0	00f57513	andi	x10,x10,15	 x10:0x00000040 x10=0x00000000
          31972	     15982	001002b4	00900613	addi	x12,x0,9	  x0:0x00000000 x12=0x00000009
          31976	     15984	001002b8	f2a67ae3	bgeu	x12,x10,1001ec	 x12:0x00000009 x10:0x00000000
          31980	     15986	001001ec	03050893	addi	x17,x10,48	 x10:0x00000000 x17=0x00000030
          31982	     15987	001001f0	00020e37	lui	x28,0x20	 x28=0x00020000
          31986	     15989	001001f4	011e2023	sw	x17,0(x28)	 x28:0x00020000 x17:0x00000030 PA:0x00020000 store:0x00000030 load:0x00000000
          31990	     15991	001001f8	00008067	jalr	x0,0(x1)	  x1:0x00101610  x0=0x00000000
          31992	     15992	00101610	7f800eb7	lui	x29,0x7f800	 x29=0x7f800000
          31996	     15994	00101614	cfddaa23	sw	x29,-780(x27)	 x27:0x00102000 x29:0x7f800000 PA:0x00101cf4 store:0x7f800000 load:0x00000040
          32010	     16001	00101618	cf4daf03	lw	x30,-780(x27)	 x27:0x00102000 x30=0x7f800000 PA:0x00101cf4 store:0x00102000
          32012	     16002	0010161c	f00f0ed3	fmv.w.x	f29,x30	 x30:0x7f800000 f29=0x00000000
          32018	     16005	00101620	d1d9a427	fsw	f29,-760(x19)	 f19:0x00102000 f29:0x7f800000 PA:0x00101d08 store:0x7f800000 load:0x7f800000
          32026	     16009	00101624	d089af07	flw	f30,-760(x19)	 f19:0x00102000 f30=0x00000000 PA:0x00101d08 store:0x00000047
          32034	     16013	00101628	00102fb7	lui	x31,0x102	 x31=0x00102000
          32036	     16014	0010162c	b34f8513	addi	x10,x31,-1228	 x31:0x00102000 x10=0x00101b34
          32038	     16015	00101630	e00f19d3	fclass.s	x19,f30	 f30:0x7f800000 x19=0x00000080
          32040	     16016	00101634	cf3daa23	sw	x19,-780(x27)	 x27:0x00102000 x19:0x00000080 PA:0x00101cf4 store:0x00000080 load:0x7f800000
          32042	     16017	00101638	a69fe0ef	jal	x1,1000a0	  x1=0x0010163c
          32044	     16018	001000a0	00054803	lbu	x16,0(x10)	 x10:0x00101b34 x16=0x0000000a PA:0x00101b34 store:0x00000000
          32046	     16019	001000a4	06080663	beq	x16,x0,100110	 x16:0x0000000a  x0:0x00000000
          32048	     16020	001000a8	000207b7	lui	x15,0x20	 x15=0x00020000
          32052	     16022	001000ac	0107a023	sw	x16,0(x15)	 x15:0x00020000 x16:0x0000000a PA:0x00020000 store:0x0000000a load:0x00000000
          32056	     16024	001000b0	00154703	lbu	x14,1(x10)	 x10:0x00101b34 x14=0x00000020 PA:0x00101b35 store:0x0010163c
          32058	     16025	001000b4	04070e63	beq	x14,x0,100110	 x14:0x00000020  x0:0x00000000
          32062	     16027	001000b8	00e7a023	sw	x14,0(x15)	 x15:0x00020000 x14:0x00000020 PA:0x00020000 store:0x00000020 load:0x00000000
          32066	     16029	001000bc	00254283	lbu	x5,2(x10)	 x10:0x00101b34  x5=0x00000045 PA:0x00101b36 store:0x00137fa0
          32068	     16030	001000c0	04028863	beq	x5,x0,100110	  x5:0x00000045  x0:0x00000000
          32072	     16032	001000c4	0057a023	sw	x5,0(x15)	 x15:0x00020000  x5:0x00000045 PA:0x00020000 store:0x00000045 load:0x00000000
          32076	     16034	001000c8	00354303	lbu	x6,3(x10)	 x10:0x00101b34  x6=0x00000078 PA:0x00101b37 store:0x00000000
          32078	     16035	001000cc	04030263	beq	x6,x0,100110	  x6:0x00000078  x0:0x00000000
          32082	     16037	001000d0	0067a023	sw	x6,0(x15)	 x15:0x00020000  x6:0x00000078 PA:0x00020000 store:0x00000078 load:0x00000000
          32086	     16039	001000d4	00454383	lbu	x7,4(x10)	 x10:0x00101b34  x7=0x00000070 PA:0x00101b38 store:0x00000000
          32088	     16040	001000d8	02038c63	beq	x7,x0,100110	  x7:0x00000070  x0:0x00000000
          32092	     16042	001000dc	0077a023	sw	x7,0(x15)	 x15:0x00020000  x7:0x00000070 PA:0x00020000 store:0x00000070 load:0x00000000
          32096	     16044	001000e0	00554583	lbu	x11,5(x10)	 x10:0x00101b34 x11=0x00000065 PA:0x00101b39 store:0x00000045
          32098	     16045	001000e4	02058663	beq	x11,x0,100110	 x11:0x00000065  x0:0x00000000
          32102	     16047	001000e8	00b7a023	sw	x11,0(x15)	 x15:0x00020000 x11:0x00000065 PA:0x00020000 store:0x00000065 load:0x00000000
          32106	     16049	001000ec	00654603	lbu	x12,6(x10)	 x10:0x00101b34 x12=0x00000063 PA:0x00101b3a store:0x00000078
          32108	     16050	001000f0	02060063	beq	x12,x0,100110	 x12:0x00000063  x0:0x00000000
          32112	     16052	001000f4	00c7a023	sw	x12,0(x15)	 x15:0x00020000 x12:0x00000063 PA:0x00020000 store:0x00000063 load:0x00000000
          32116	     16054	001000f8	00754683	lbu	x13,7(x10)	 x10:0x00101b34 x13=0x00000074 PA:0x00101b3b store:0x00000070
          32118	     16055	001000fc	00850513	addi	x10,x10,8	 x10:0x00101b34 x10=0x00101b3c
          32120	     16056	00100100	00068863	beq	x13,x0,100110	 x13:0x00000074  x0:0x00000000
          32124	     16058	00100104	00d7a023	sw	x13,0(x15)	 x15:0x00020000 x13:0x00000074 PA:0x00020000 store:0x00000074 load:0x00000000
          32128	     16060	00100108	00054803	lbu	x16,0(x10)	 x10:0x00101b3c x16=0x00000069 PA:0x00101b3c store:0x00000000
          32132	     16062	0010010c	fa0810e3	bne	x16,x0,1000ac	 x16:0x00000069  x0:0x00000000
          32138	     16065	001000ac	0107a023	sw	x16,0(x15)	 x15:0x00020000 x16:0x00000069 PA:0x00020000 store:0x00000069 load:0x00000000
          32142	     16067	001000b0	00154703	lbu	x14,1(x10)	 x10:0x00101b3c x14=0x0000006e PA:0x00101b3d store:0x0010163c
          32144	     16068	001000b4	04070e63	beq	x14,x0,100110	 x14:0x0000006e  x0:0x00000000
          32148	     16070	001000b8	00e7a023	sw	x14,0(x15)	 x15:0x00020000 x14:0x0000006e PA:0x00020000 store:0x0000006e load:0x00000000
          32152	     16072	001000bc	00254283	lbu	x5,2(x10)	 x10:0x00101b3c  x5=0x00000067 PA:0x00101b3e store:0x00137fa0
          32154	     16073	001000c0	04028863	beq	x5,x0,100110	  x5:0x00000067  x0:0x00000000
          32158	     16075	001000c4	0057a023	sw	x5,0(x15)	 x15:0x00020000  x5:0x00000067 PA:0x00020000 store:0x00000067 load:0x00000000
          32162	     16077	001000c8	00354303	lbu	x6,3(x10)	 x10:0x00101b3c  x6=0x00000020 PA:0x00101b3f store:0x00000000
          32164	     16078	001000cc	04030263	beq	x6,x0,100110	  x6:0x00000020  x0:0x00000000
          32168	     16080	001000d0	0067a023	sw	x6,0(x15)	 x15:0x00020000  x6:0x00000020 PA:0x00020000 store:0x00000020 load:0x00000000
          32172	     16082	001000d4	00454383	lbu	x7,4(x10)	 x10:0x00101b3c  x7=0x00000030 PA:0x00101b40 store:0x00000000
          32174	     16083	001000d8	02038c63	beq	x7,x0,100110	  x7:0x00000030  x0:0x00000000
          32178	     16085	001000dc	0077a023	sw	x7,0(x15)	 x15:0x00020000  x7:0x00000030 PA:0x00020000 store:0x00000030 load:0x00000000
          32182	     16087	001000e0	00554583	lbu	x11,5(x10)	 x10:0x00101b3c x11=0x00000078 PA:0x00101b41 store:0x00000067
          32184	     16088	001000e4	02058663	beq	x11,x0,100110	 x11:0x00000078  x0:0x00000000
          32188	     16090	001000e8	00b7a023	sw	x11,0(x15)	 x15:0x00020000 x11:0x00000078 PA:0x00020000 store:0x00000078 load:0x00000000
          32192	     16092	001000ec	00654603	lbu	x12,6(x10)	 x10:0x00101b3c x12=0x00000038 PA:0x00101b42 store:0x00000020
          32194	     16093	001000f0	02060063	beq	x12,x0,100110	 x12:0x00000038  x0:0x00000000
          32198	     16095	001000f4	00c7a023	sw	x12,0(x15)	 x15:0x00020000 x12:0x00000038 PA:0x00020000 store:0x00000038 load:0x00000000
          32202	     16097	001000f8	00754683	lbu	x13,7(x10)	 x10:0x00101b3c x13=0x00000030 PA:0x00101b43 store:0x00000030
          32204	     16098	001000fc	00850513	addi	x10,x10,8	 x10:0x00101b3c x10=0x00101b44
          32206	     16099	00100100	00068863	beq	x13,x0,100110	 x13:0x00000030  x0:0x00000000
          32210	     16101	00100104	00d7a023	sw	x13,0(x15)	 x15:0x00020000 x13:0x00000030 PA:0x00020000 store:0x00000030 load:0x00000000
          32214	     16103	00100108	00054803	lbu	x16,0(x10)	 x10:0x00101b44 x16=0x0000003a PA:0x00101b44 store:0x00000000
          32218	     16105	0010010c	fa0810e3	bne	x16,x0,1000ac	 x16:0x0000003a  x0:0x00000000
          32224	     16108	001000ac	0107a023	sw	x16,0(x15)	 x15:0x00020000 x16:0x0000003a PA:0x00020000 store:0x0000003a load:0x00000000
          32228	     16110	001000b0	00154703	lbu	x14,1(x10)	 x10:0x00101b44 x14=0x00000020 PA:0x00101b45 store:0x0010163c
          32230	     16111	001000b4	04070e63	beq	x14,x0,100110	 x14:0x00000020  x0:0x00000000
          32234	     16113	001000b8	00e7a023	sw	x14,0(x15)	 x15:0x00020000 x14:0x00000020 PA:0x00020000 store:0x00000020 load:0x00000000
          32238	     16115	001000bc	00254283	lbu	x5,2(x10)	 x10:0x00101b44  x5=0x00000000 PA:0x00101b46 store:0x00137fa0
          32242	     16117	001000c0	04028863	beq	x5,x0,100110	  x5:0x00000000  x0:0x00000000
          32246	     16119	00100110	00000513	addi	x10,x0,0	  x0:0x00000000 x10=0x00000000
          32250	     16121	00100114	00008067	jalr	x0,0(x1)	  x1:0x0010163c  x0=0x00000000
          32254	     16123	0010163c	cf4da503	lw	x10,-780(x27)	 x27:0x00102000 x10=0x00000080 PA:0x00101cf4 store:0x00102000
          32256	     16124	00101640	001029b7	lui	x19,0x102	 x19=0x00102000
          32260	     16126	00101644	addfe0ef	jal	x1,100120	  x1=0x00101648
          32262	     16127	00100120	01c55793	srli	x15,x10,0x1c	 x10:0x00000080 x15=0x00000000
          32264	     16128	00100124	00900713	addi	x14,x0,9	  x0:0x00000000 x14=0x00000009
          32268	     16130	00100128	0cf77a63	bgeu	x14,x15,1001fc	 x14:0x00000009 x15:0x00000000
          32272	     16132	001001fc	03078393	addi	x7,x15,48	 x15:0x00000000  x7=0x00000030
          32274	     16133	00100200	000205b7	lui	x11,0x20	 x11=0x00020000
          32276	     16134	00100204	00451613	slli	x12,x10,0x4	 x10:0x00000080 x12=0x00000800
          32280	     16136	00100208	0075a023	sw	x7,0(x11)	 x11:0x00020000  x7:0x00000030 PA:0x00020000 store:0x00000030 load:0x00000000
          32282	     16137	0010020c	01c65693	srli	x13,x12,0x1c	 x12:0x00000800 x13=0x00000000
          32284	     16138	00100210	00900813	addi	x16,x0,9	  x0:0x00000000 x16=0x00000009
          32286	     16139	00100214	f2d86ae3	bltu	x16,x13,100148	 x16:0x00000009 x13:0x00000000
          32288	     16140	00100218	03068e93	addi	x29,x13,48	 x13:0x00000000 x29=0x00000030
          32290	     16141	0010021c	00020f37	lui	x30,0x20	 x30=0x00020000
          32292	     16142	00100220	00851f93	slli	x31,x10,0x8	 x10:0x00000080 x31=0x00008000
          32296	     16144	00100224	01df2023	sw	x29,0(x30)	 x30:0x00020000 x29:0x00000030 PA:0x00020000 store:0x00000030 load:0x00000000
          32298	     16145	00100228	01cfd793	srli	x15,x31,0x1c	 x31:0x00008000 x15=0x00000000
          32300	     16146	0010022c	00900713	addi	x14,x0,9	  x0:0x00000000 x14=0x00000009
          32302	     16147	00100230	f2f76ae3	bltu	x14,x15,100164	 x14:0x00000009 x15:0x00000000
          32304	     16148	00100234	03078393	addi	x7,x15,48	 x15:0x00000000  x7=0x00000030
          32306	     16149	00100238	000205b7	lui	x11,0x20	 x11=0x00020000
          32308	     16150	0010023c	00c51613	slli	x12,x10,0xc	 x10:0x00000080 x12=0x00080000
          32312	     16152	00100240	0075a023	sw	x7,0(x11)	 x11:0x00020000  x7:0x00000030 PA:0x00020000 store:0x00000030 load:0x00000000
          32314	     16153	00100244	01c65693	srli	x13,x12,0x1c	 x12:0x00080000 x13=0x00000000
          32316	     16154	00100248	00900813	addi	x16,x0,9	  x0:0x00000000 x16=0x00000009
          32318	     16155	0010024c	f2d86ae3	bltu	x16,x13,100180	 x16:0x00000009 x13:0x00000000
          32320	     16156	00100250	03068e93	addi	x29,x13,48	 x13:0x00000000 x29=0x00000030
          32322	     16157	00100254	00020f37	lui	x30,0x20	 x30=0x00020000
          32324	     16158	00100258	01051f93	slli	x31,x10,0x10	 x10:0x00000080 x31=0x00800000
          32328	     16160	0010025c	01df2023	sw	x29,0(x30)	 x30:0x00020000 x29:0x00000030 PA:0x00020000 store:0x00000030 load:0x00000000
          32330	     16161	00100260	01cfd793	srli	x15,x31,0x1c	 x31:0x00800000 x15=0x00000000
          32332	     16162	00100264	00900713	addi	x14,x0,9	  x0:0x00000000 x14=0x00000009
          32334	     16163	00100268	f2f76ae3	bltu	x14,x15,10019c	 x14:0x00000009 x15:0x00000000
          32336	     16164	0010026c	03078393	addi	x7,x15,48	 x15:0x00000000  x7=0x00000030
          32338	     16165	00100270	000205b7	lui	x11,0x20	 x11=0x00020000
          32340	     16166	00100274	01451613	slli	x12,x10,0x14	 x10:0x00000080 x12=0x08000000
          32344	     16168	00100278	0075a023	sw	x7,0(x11)	 x11:0x00020000  x7:0x00000030 PA:0x00020000 store:0x00000030 load:0x00000000
          32346	     16169	0010027c	01c65693	srli	x13,x12,0x1c	 x12:0x08000000 x13=0x00000000
          32348	     16170	00100280	00900813	addi	x16,x0,9	  x0:0x00000000 x16=0x00000009
          32350	     16171	00100284	f2d86ae3	bltu	x16,x13,1001b8	 x16:0x00000009 x13:0x00000000
          32352	     16172	00100288	03068e93	addi	x29,x13,48	 x13:0x00000000 x29=0x00000030
          32354	     16173	0010028c	00020f37	lui	x30,0x20	 x30=0x00020000
          32356	     16174	00100290	01851f93	slli	x31,x10,0x18	 x10:0x00000080 x31=0x80000000
          32360	     16176	00100294	01df2023	sw	x29,0(x30)	 x30:0x00020000 x29:0x00000030 PA:0x00020000 store:0x00000030 load:0x00000000
          32362	     16177	00100298	01cfd793	srli	x15,x31,0x1c	 x31:0x80000000 x15=0x00000008
          32364	     16178	0010029c	00900713	addi	x14,x0,9	  x0:0x00000000 x14=0x00000009
          32366	     16179	001002a0	f2f76ae3	bltu	x14,x15,1001d4	 x14:0x00000009 x15:0x00000008
          32368	     16180	001002a4	03078393	addi	x7,x15,48	 x15:0x00000008  x7=0x00000038
          32370	     16181	001002a8	000205b7	lui	x11,0x20	 x11=0x00020000
          32374	     16183	001002ac	0075a023	sw	x7,0(x11)	 x11:0x00020000  x7:0x00000038 PA:0x00020000 store:0x00000038 load:0x00000000
          32376	     16184	001002b0	00f57513	andi	x10,x10,15	 x10:0x00000080 x10=0x00000000
          32378	     16185	001002b4	00900613	addi	x12,x0,9	  x0:0x00000000 x12=0x00000009
          32382	     16187	001002b8	f2a67ae3	bgeu	x12,x10,1001ec	 x12:0x00000009 x10:0x00000000
          32386	     16189	001001ec	03050893	addi	x17,x10,48	 x10:0x00000000 x17=0x00000030
          32388	     16190	001001f0	00020e37	lui	x28,0x20	 x28=0x00020000
          32392	     16192	001001f4	011e2023	sw	x17,0(x28)	 x28:0x00020000 x17:0x00000030 PA:0x00020000 store:0x00000030 load:0x00000000
          32396	     16194	001001f8	00008067	jalr	x0,0(x1)	  x1:0x00101648  x0=0x00000000
          32398	     16195	00101648	7fa006b7	lui	x13,0x7fa00	 x13=0x7fa00000
          32402	     16197	0010164c	cedd2823	sw	x13,-784(x26)	 x26:0x00102000 x13:0x7fa00000 PA:0x00101cf0 store:0x7fa00000 load:0x00000080
          32416	     16204	00101650	cf0d2d83	lw	x27,-784(x26)	 x26:0x00102000 x27=0x7fa00000 PA:0x00101cf0 store:0x00000009
          32418	     16205	00101654	f00d8fd3	fmv.w.x	f31,x27	 x27:0x7fa00000 f31=0x00000000
          32424	     16208	00101658	d1faa027	fsw	f31,-768(x21)	 f21:0x00102000 f31:0x80000000 PA:0x00101d00 store:0x7fa00000 load:0x7fa00000
          32430	     16211	0010165c	00102737	lui	x14,0x102	 x14=0x00102000
          32432	     16212	00101660	d00aa007	flw	f0,-768(x21)	 f21:0x00102000  f0=0x00000000 PA:0x00101d00 store:0x00000000
          32436	     16214	00101664	b4870513	addi	x10,x14,-1208	 x14:0x00102000 x10=0x00101b48
          32438	     16215	00101668	e00017d3	fclass.s	x15,f0	  f0:0x00000000 x15=0x00000100
          32440	     16216	0010166c	cefd2823	sw	x15,-784(x26)	 x26:0x00102000 x15:0x00000100 PA:0x00101cf0 store:0x00000100 load:0x7fa00000
          32442	     16217	00101670	a31fe0ef	jal	x1,1000a0	  x1=0x00101674
          32446	     16219	001000a0	00054803	lbu	x16,0(x10)	 x10:0x00101b48 x16=0x0000000a PA:0x00101b48 store:0x00000000
          32448	     16220	001000a4	06080663	beq	x16,x0,100110	 x16:0x0000000a  x0:0x00000000
          32450	     16221	001000a8	000207b7	lui	x15,0x20	 x15=0x00020000
          32454	     16223	001000ac	0107a023	sw	x16,0(x15)	 x15:0x00020000 x16:0x0000000a PA:0x00020000 store:0x0000000a load:0x00000000
          32458	     16225	001000b0	00154703	lbu	x14,1(x10)	 x10:0x00101b48 x14=0x00000020 PA:0x00101b49 store:0x00101674
          32460	     16226	001000b4	04070e63	beq	x14,x0,100110	 x14:0x00000020  x0:0x00000000
          32464	     16228	001000b8	00e7a023	sw	x14,0(x15)	 x15:0x00020000 x14:0x00000020 PA:0x00020000 store:0x00000020 load:0x00000000
          32468	     16230	001000bc	00254283	lbu	x5,2(x10)	 x10:0x00101b48  x5=0x00000045 PA:0x00101b4a store:0x00137fa0
          32470	     16231	001000c0	04028863	beq	x5,x0,100110	  x5:0x00000045  x0:0x00000000
          32474	     16233	001000c4	0057a023	sw	x5,0(x15)	 x15:0x00020000  x5:0x00000045 PA:0x00020000 store:0x00000045 load:0x00000000
          32478	     16235	001000c8	00354303	lbu	x6,3(x10)	 x10:0x00101b48  x6=0x00000078 PA:0x00101b4b store:0x00000000
          32480	     16236	001000cc	04030263	beq	x6,x0,100110	  x6:0x00000078  x0:0x00000000
          32484	     16238	001000d0	0067a023	sw	x6,0(x15)	 x15:0x00020000  x6:0x00000078 PA:0x00020000 store:0x00000078 load:0x00000000
          32488	     16240	001000d4	00454383	lbu	x7,4(x10)	 x10:0x00101b48  x7=0x00000070 PA:0x00101b4c store:0x00000000
          32490	     16241	001000d8	02038c63	beq	x7,x0,100110	  x7:0x00000070  x0:0x00000000
          32494	     16243	001000dc	0077a023	sw	x7,0(x15)	 x15:0x00020000  x7:0x00000070 PA:0x00020000 store:0x00000070 load:0x00000000
          32498	     16245	001000e0	00554583	lbu	x11,5(x10)	 x10:0x00101b48 x11=0x00000065 PA:0x00101b4d store:0x00000045
          32500	     16246	001000e4	02058663	beq	x11,x0,100110	 x11:0x00000065  x0:0x00000000
          32504	     16248	001000e8	00b7a023	sw	x11,0(x15)	 x15:0x00020000 x11:0x00000065 PA:0x00020000 store:0x00000065 load:0x00000000
          32508	     16250	001000ec	00654603	lbu	x12,6(x10)	 x10:0x00101b48 x12=0x00000063 PA:0x00101b4e store:0x00000078
          32510	     16251	001000f0	02060063	beq	x12,x0,100110	 x12:0x00000063  x0:0x00000000
          32514	     16253	001000f4	00c7a023	sw	x12,0(x15)	 x15:0x00020000 x12:0x00000063 PA:0x00020000 store:0x00000063 load:0x00000000
          32518	     16255	001000f8	00754683	lbu	x13,7(x10)	 x10:0x00101b48 x13=0x00000074 PA:0x00101b4f store:0x00000070
          32520	     16256	001000fc	00850513	addi	x10,x10,8	 x10:0x00101b48 x10=0x00101b50
          32522	     16257	00100100	00068863	beq	x13,x0,100110	 x13:0x00000074  x0:0x00000000
          32526	     16259	00100104	00d7a023	sw	x13,0(x15)	 x15:0x00020000 x13:0x00000074 PA:0x00020000 store:0x00000074 load:0x00000000
          32530	     16261	00100108	00054803	lbu	x16,0(x10)	 x10:0x00101b50 x16=0x00000069 PA:0x00101b50 store:0x00000000
          32534	     16263	0010010c	fa0810e3	bne	x16,x0,1000ac	 x16:0x00000069  x0:0x00000000
          32540	     16266	001000ac	0107a023	sw	x16,0(x15)	 x15:0x00020000 x16:0x00000069 PA:0x00020000 store:0x00000069 load:0x00000000
          32544	     16268	001000b0	00154703	lbu	x14,1(x10)	 x10:0x00101b50 x14=0x0000006e PA:0x00101b51 store:0x00101674
          32546	     16269	001000b4	04070e63	beq	x14,x0,100110	 x14:0x0000006e  x0:0x00000000
          32550	     16271	001000b8	00e7a023	sw	x14,0(x15)	 x15:0x00020000 x14:0x0000006e PA:0x00020000 store:0x0000006e load:0x00000000
          32554	     16273	001000bc	00254283	lbu	x5,2(x10)	 x10:0x00101b50  x5=0x00000067 PA:0x00101b52 store:0x00137fa0
          32556	     16274	001000c0	04028863	beq	x5,x0,100110	  x5:0x00000067  x0:0x00000000
          32560	     16276	001000c4	0057a023	sw	x5,0(x15)	 x15:0x00020000  x5:0x00000067 PA:0x00020000 store:0x00000067 load:0x00000000
          32564	     16278	001000c8	00354303	lbu	x6,3(x10)	 x10:0x00101b50  x6=0x00000020 PA:0x00101b53 store:0x00000000
          32566	     16279	001000cc	04030263	beq	x6,x0,100110	  x6:0x00000020  x0:0x00000000
          32570	     16281	001000d0	0067a023	sw	x6,0(x15)	 x15:0x00020000  x6:0x00000020 PA:0x00020000 store:0x00000020 load:0x00000000
          32574	     16283	001000d4	00454383	lbu	x7,4(x10)	 x10:0x00101b50  x7=0x00000030 PA:0x00101b54 store:0x00000000
          32576	     16284	001000d8	02038c63	beq	x7,x0,100110	  x7:0x00000030  x0:0x00000000
          32580	     16286	001000dc	0077a023	sw	x7,0(x15)	 x15:0x00020000  x7:0x00000030 PA:0x00020000 store:0x00000030 load:0x00000000
          32584	     16288	001000e0	00554583	lbu	x11,5(x10)	 x10:0x00101b50 x11=0x00000078 PA:0x00101b55 store:0x00000067
          32586	     16289	001000e4	02058663	beq	x11,x0,100110	 x11:0x00000078  x0:0x00000000
          32590	     16291	001000e8	00b7a023	sw	x11,0(x15)	 x15:0x00020000 x11:0x00000078 PA:0x00020000 store:0x00000078 load:0x00000000
          32594	     16293	001000ec	00654603	lbu	x12,6(x10)	 x10:0x00101b50 x12=0x00000031 PA:0x00101b56 store:0x00000020
          32596	     16294	001000f0	02060063	beq	x12,x0,100110	 x12:0x00000031  x0:0x00000000
          32600	     16296	001000f4	00c7a023	sw	x12,0(x15)	 x15:0x00020000 x12:0x00000031 PA:0x00020000 store:0x00000031 load:0x00000000
          32604	     16298	001000f8	00754683	lbu	x13,7(x10)	 x10:0x00101b50 x13=0x00000030 PA:0x00101b57 store:0x00000030
          32606	     16299	001000fc	00850513	addi	x10,x10,8	 x10:0x00101b50 x10=0x00101b58
          32608	     16300	00100100	00068863	beq	x13,x0,100110	 x13:0x00000030  x0:0x00000000
          32612	     16302	00100104	00d7a023	sw	x13,0(x15)	 x15:0x00020000 x13:0x00000030 PA:0x00020000 store:0x00000030 load:0x00000000
          32616	     16304	00100108	00054803	lbu	x16,0(x10)	 x10:0x00101b58 x16=0x00000030 PA:0x00101b58 store:0x00000000
          32620	     16306	0010010c	fa0810e3	bne	x16,x0,1000ac	 x16:0x00000030  x0:0x00000000
          32626	     16309	001000ac	0107a023	sw	x16,0(x15)	 x15:0x00020000 x16:0x00000030 PA:0x00020000 store:0x00000030 load:0x00000000
          32630	     16311	001000b0	00154703	lbu	x14,1(x10)	 x10:0x00101b58 x14=0x0000003a PA:0x00101b59 store:0x00101674
          32632	     16312	001000b4	04070e63	beq	x14,x0,100110	 x14:0x0000003a  x0:0x00000000
          32636	     16314	001000b8	00e7a023	sw	x14,0(x15)	 x15:0x00020000 x14:0x0000003a PA:0x00020000 store:0x0000003a load:0x00000000
          32640	     16316	001000bc	00254283	lbu	x5,2(x10)	 x10:0x00101b58  x5=0x00000020 PA:0x00101b5a store:0x00137fa0
          32642	     16317	001000c0	04028863	beq	x5,x0,100110	  x5:0x00000020  x0:0x00000000
          32646	     16319	001000c4	0057a023	sw	x5,0(x15)	 x15:0x00020000  x5:0x00000020 PA:0x00020000 store:0x00000020 load:0x00000000
          32650	     16321	001000c8	00354303	lbu	x6,3(x10)	 x10:0x00101b58  x6=0x00000000 PA:0x00101b5b store:0x00000000
          32654	     16323	001000cc	04030263	beq	x6,x0,100110	  x6:0x00000000  x0:0x00000000
          32658	     16325	00100110	00000513	addi	x10,x0,0	  x0:0x00000000 x10=0x00000000
          32662	     16327	00100114	00008067	jalr	x0,0(x1)	  x1:0x00101674  x0=0x00000000
          32666	     16329	00101674	cf0d2503	lw	x10,-784(x26)	 x26:0x00102000 x10=0x00000100 PA:0x00101cf0 store:0x00000030
          32668	     16330	00101678	00102d37	lui	x26,0x102	 x26=0x00102000
          32672	     16332	0010167c	aa5fe0ef	jal	x1,100120	  x1=0x00101680
          32674	     16333	00100120	01c55793	srli	x15,x10,0x1c	 x10:0x00000100 x15=0x00000000
          32676	     16334	00100124	00900713	addi	x14,x0,9	  x0:0x00000000 x14=0x00000009
          32680	     16336	00100128	0cf77a63	bgeu	x14,x15,1001fc	 x14:0x00000009 x15:0x00000000
          32684	     16338	001001fc	03078393	addi	x7,x15,48	 x15:0x00000000  x7=0x00000030
          32686	     16339	00100200	000205b7	lui	x11,0x20	 x11=0x00020000
          32688	     16340	00100204	00451613	slli	x12,x10,0x4	 x10:0x00000100 x12=0x00001000
          32692	     16342	00100208	0075a023	sw	x7,0(x11)	 x11:0x00020000  x7:0x00000030 PA:0x00020000 store:0x00000030 load:0x00000000
          32694	     16343	0010020c	01c65693	srli	x13,x12,0x1c	 x12:0x00001000 x13=0x00000000
          32696	     16344	00100210	00900813	addi	x16,x0,9	  x0:0x00000000 x16=0x00000009
          32698	     16345	00100214	f2d86ae3	bltu	x16,x13,100148	 x16:0x00000009 x13:0x00000000
          32700	     16346	00100218	03068e93	addi	x29,x13,48	 x13:0x00000000 x29=0x00000030
          32702	     16347	0010021c	00020f37	lui	x30,0x20	 x30=0x00020000
          32704	     16348	00100220	00851f93	slli	x31,x10,0x8	 x10:0x00000100 x31=0x00010000
          32708	     16350	00100224	01df2023	sw	x29,0(x30)	 x30:0x00020000 x29:0x00000030 PA:0x00020000 store:0x00000030 load:0x00000000
          32710	     16351	00100228	01cfd793	srli	x15,x31,0x1c	 x31:0x00010000 x15=0x00000000
          32712	     16352	0010022c	00900713	addi	x14,x0,9	  x0:0x00000000 x14=0x00000009
          32714	     16353	00100230	f2f76ae3	bltu	x14,x15,100164	 x14:0x00000009 x15:0x00000000
          32716	     16354	00100234	03078393	addi	x7,x15,48	 x15:0x00000000  x7=0x00000030
          32718	     16355	00100238	000205b7	lui	x11,0x20	 x11=0x00020000
          32720	     16356	0010023c	00c51613	slli	x12,x10,0xc	 x10:0x00000100 x12=0x00100000
          32724	     16358	00100240	0075a023	sw	x7,0(x11)	 x11:0x00020000  x7:0x00000030 PA:0x00020000 store:0x00000030 load:0x00000000
          32726	     16359	00100244	01c65693	srli	x13,x12,0x1c	 x12:0x00100000 x13=0x00000000
          32728	     16360	00100248	00900813	addi	x16,x0,9	  x0:0x00000000 x16=0x00000009
          32730	     16361	0010024c	f2d86ae3	bltu	x16,x13,100180	 x16:0x00000009 x13:0x00000000
          32732	     16362	00100250	03068e93	addi	x29,x13,48	 x13:0x00000000 x29=0x00000030
          32734	     16363	00100254	00020f37	lui	x30,0x20	 x30=0x00020000
          32736	     16364	00100258	01051f93	slli	x31,x10,0x10	 x10:0x00000100 x31=0x01000000
          32740	     16366	0010025c	01df2023	sw	x29,0(x30)	 x30:0x00020000 x29:0x00000030 PA:0x00020000 store:0x00000030 load:0x00000000
          32742	     16367	00100260	01cfd793	srli	x15,x31,0x1c	 x31:0x01000000 x15=0x00000000
          32744	     16368	00100264	00900713	addi	x14,x0,9	  x0:0x00000000 x14=0x00000009
          32746	     16369	00100268	f2f76ae3	bltu	x14,x15,10019c	 x14:0x00000009 x15:0x00000000
          32748	     16370	0010026c	03078393	addi	x7,x15,48	 x15:0x00000000  x7=0x00000030
          32750	     16371	00100270	000205b7	lui	x11,0x20	 x11=0x00020000
          32752	     16372	00100274	01451613	slli	x12,x10,0x14	 x10:0x00000100 x12=0x10000000
          32756	     16374	00100278	0075a023	sw	x7,0(x11)	 x11:0x00020000  x7:0x00000030 PA:0x00020000 store:0x00000030 load:0x00000000
          32758	     16375	0010027c	01c65693	srli	x13,x12,0x1c	 x12:0x10000000 x13=0x00000001
          32760	     16376	00100280	00900813	addi	x16,x0,9	  x0:0x00000000 x16=0x00000009
          32762	     16377	00100284	f2d86ae3	bltu	x16,x13,1001b8	 x16:0x00000009 x13:0x00000001
          32764	     16378	00100288	03068e93	addi	x29,x13,48	 x13:0x00000001 x29=0x00000031
          32766	     16379	0010028c	00020f37	lui	x30,0x20	 x30=0x00020000
          32768	     16380	00100290	01851f93	slli	x31,x10,0x18	 x10:0x00000100 x31=0x00000000
          32772	     16382	00100294	01df2023	sw	x29,0(x30)	 x30:0x00020000 x29:0x00000031 PA:0x00020000 store:0x00000031 load:0x00000000
          32774	     16383	00100298	01cfd793	srli	x15,x31,0x1c	 x31:0x00000000 x15=0x00000000
          32776	     16384	0010029c	00900713	addi	x14,x0,9	  x0:0x00000000 x14=0x00000009
          32778	     16385	001002a0	f2f76ae3	bltu	x14,x15,1001d4	 x14:0x00000009 x15:0x00000000
          32780	     16386	001002a4	03078393	addi	x7,x15,48	 x15:0x00000000  x7=0x00000030
          32782	     16387	001002a8	000205b7	lui	x11,0x20	 x11=0x00020000
          32786	     16389	001002ac	0075a023	sw	x7,0(x11)	 x11:0x00020000  x7:0x00000030 PA:0x00020000 store:0x00000030 load:0x00000000
          32788	     16390	001002b0	00f57513	andi	x10,x10,15	 x10:0x00000100 x10=0x00000000
          32790	     16391	001002b4	00900613	addi	x12,x0,9	  x0:0x00000000 x12=0x00000009
          32794	     16393	001002b8	f2a67ae3	bgeu	x12,x10,1001ec	 x12:0x00000009 x10:0x00000000
          32798	     16395	001001ec	03050893	addi	x17,x10,48	 x10:0x00000000 x17=0x00000030
          32800	     16396	001001f0	00020e37	lui	x28,0x20	 x28=0x00020000
          32804	     16398	001001f4	011e2023	sw	x17,0(x28)	 x28:0x00020000 x17:0x00000030 PA:0x00020000 store:0x00000030 load:0x00000000
          32808	     16400	001001f8	00008067	jalr	x0,0(x1)	  x1:0x00101680  x0=0x00000000
          32810	     16401	00101680	7fc002b7	lui	x5,0x7fc00	  x5=0x7fc00000
          32814	     16403	00101684	ce5a2c23	sw	x5,-776(x20)	 x20:0x00102000  x5:0x7fc00000 PA:0x00101cf8 store:0x7fc00000 load:0x00000100
          32828	     16410	00101688	cf8a2483	lw	x9,-776(x20)	 x20:0x00102000  x9=0x7fc00000 PA:0x00101cf8 store:0x00102000
          32830	     16411	0010168c	f00480d3	fmv.w.x	f1,x9	  x9:0x7fc00000  f1=0x00000000
          32836	     16414	00101690	ce1d2e27	fsw	f1,-772(x26)	 f26:0x00102000  f1:0x00101680 PA:0x00101cfc store:0x7fc00000 load:0x7fc00000
          32844	     16418	00101694	cfcd2107	flw	f2,-772(x26)	 f26:0x00102000  f2=0x00000000 PA:0x00101cfc store:0x4019999a
          32852	     16422	00101698	00102537	lui	x10,0x102	 x10=0x00102000
          32854	     16423	0010169c	b5c50513	addi	x10,x10,-1188	 x10:0x00102000 x10=0x00101b5c
          32856	     16424	001016a0	e0011353	fclass.s	x6,f2	  f2:0x00137fa0  x6=0x00000200
          32858	     16425	001016a4	ce6a2c23	sw	x6,-776(x20)	 x20:0x00102000  x6:0x00000200 PA:0x00101cf8 store:0x00000200 load:0x7fc00000
          32860	     16426	001016a8	9f9fe0ef	jal	x1,1000a0	  x1=0x001016ac
          32862	     16427	001000a0	00054803	lbu	x16,0(x10)	 x10:0x00101b5c x16=0x0000000a PA:0x00101b5c store:0x00000000
          32864	     16428	001000a4	06080663	beq	x16,x0,100110	 x16:0x0000000a  x0:0x00000000
          32866	     16429	001000a8	000207b7	lui	x15,0x20	 x15=0x00020000
          32870	     16431	001000ac	0107a023	sw	x16,0(x15)	 x15:0x00020000 x16:0x0000000a PA:0x00020000 store:0x0000000a load:0x00000000
          32874	     16433	001000b0	00154703	lbu	x14,1(x10)	 x10:0x00101b5c x14=0x00000020 PA:0x00101b5d store:0x001016ac
          32876	     16434	001000b4	04070e63	beq	x14,x0,100110	 x14:0x00000020  x0:0x00000000
          32880	     16436	001000b8	00e7a023	sw	x14,0(x15)	 x15:0x00020000 x14:0x00000020 PA:0x00020000 store:0x00000020 load:0x00000000
          32884	     16438	001000bc	00254283	lbu	x5,2(x10)	 x10:0x00101b5c  x5=0x00000045 PA:0x00101b5e store:0x00137fa0
          32886	     16439	001000c0	04028863	beq	x5,x0,100110	  x5:0x00000045  x0:0x00000000
          32890	     16441	001000c4	0057a023	sw	x5,0(x15)	 x15:0x00020000  x5:0x00000045 PA:0x00020000 store:0x00000045 load:0x00000000
          32894	     16443	001000c8	00354303	lbu	x6,3(x10)	 x10:0x00101b5c  x6=0x00000078 PA:0x00101b5f store:0x00000000
          32896	     16444	001000cc	04030263	beq	x6,x0,100110	  x6:0x00000078  x0:0x00000000
          32900	     16446	001000d0	0067a023	sw	x6,0(x15)	 x15:0x00020000  x6:0x00000078 PA:0x00020000 store:0x00000078 load:0x00000000
          32904	     16448	001000d4	00454383	lbu	x7,4(x10)	 x10:0x00101b5c  x7=0x00000070 PA:0x00101b60 store:0x00000000
          32906	     16449	001000d8	02038c63	beq	x7,x0,100110	  x7:0x00000070  x0:0x00000000
          32910	     16451	001000dc	0077a023	sw	x7,0(x15)	 x15:0x00020000  x7:0x00000070 PA:0x00020000 store:0x00000070 load:0x00000000
          32914	     16453	001000e0	00554583	lbu	x11,5(x10)	 x10:0x00101b5c x11=0x00000065 PA:0x00101b61 store:0x00000045
          32916	     16454	001000e4	02058663	beq	x11,x0,100110	 x11:0x00000065  x0:0x00000000
          32920	     16456	001000e8	00b7a023	sw	x11,0(x15)	 x15:0x00020000 x11:0x00000065 PA:0x00020000 store:0x00000065 load:0x00000000
          32924	     16458	001000ec	00654603	lbu	x12,6(x10)	 x10:0x00101b5c x12=0x00000063 PA:0x00101b62 store:0x00000078
          32926	     16459	001000f0	02060063	beq	x12,x0,100110	 x12:0x00000063  x0:0x00000000
          32930	     16461	001000f4	00c7a023	sw	x12,0(x15)	 x15:0x00020000 x12:0x00000063 PA:0x00020000 store:0x00000063 load:0x00000000
          32934	     16463	001000f8	00754683	lbu	x13,7(x10)	 x10:0x00101b5c x13=0x00000074 PA:0x00101b63 store:0x00000070
          32936	     16464	001000fc	00850513	addi	x10,x10,8	 x10:0x00101b5c x10=0x00101b64
          32938	     16465	00100100	00068863	beq	x13,x0,100110	 x13:0x00000074  x0:0x00000000
          32942	     16467	00100104	00d7a023	sw	x13,0(x15)	 x15:0x00020000 x13:0x00000074 PA:0x00020000 store:0x00000074 load:0x00000000
          32946	     16469	00100108	00054803	lbu	x16,0(x10)	 x10:0x00101b64 x16=0x00000069 PA:0x00101b64 store:0x00000000
          32950	     16471	0010010c	fa0810e3	bne	x16,x0,1000ac	 x16:0x00000069  x0:0x00000000
          32956	     16474	001000ac	0107a023	sw	x16,0(x15)	 x15:0x00020000 x16:0x00000069 PA:0x00020000 store:0x00000069 load:0x00000000
          32960	     16476	001000b0	00154703	lbu	x14,1(x10)	 x10:0x00101b64 x14=0x0000006e PA:0x00101b65 store:0x001016ac
          32962	     16477	001000b4	04070e63	beq	x14,x0,100110	 x14:0x0000006e  x0:0x00000000
          32966	     16479	001000b8	00e7a023	sw	x14,0(x15)	 x15:0x00020000 x14:0x0000006e PA:0x00020000 store:0x0000006e load:0x00000000
          32970	     16481	001000bc	00254283	lbu	x5,2(x10)	 x10:0x00101b64  x5=0x00000067 PA:0x00101b66 store:0x00137fa0
          32972	     16482	001000c0	04028863	beq	x5,x0,100110	  x5:0x00000067  x0:0x00000000
          32976	     16484	001000c4	0057a023	sw	x5,0(x15)	 x15:0x00020000  x5:0x00000067 PA:0x00020000 store:0x00000067 load:0x00000000
          32980	     16486	001000c8	00354303	lbu	x6,3(x10)	 x10:0x00101b64  x6=0x00000020 PA:0x00101b67 store:0x00000000
          32982	     16487	001000cc	04030263	beq	x6,x0,100110	  x6:0x00000020  x0:0x00000000
          32986	     16489	001000d0	0067a023	sw	x6,0(x15)	 x15:0x00020000  x6:0x00000020 PA:0x00020000 store:0x00000020 load:0x00000000
          32990	     16491	001000d4	00454383	lbu	x7,4(x10)	 x10:0x00101b64  x7=0x00000030 PA:0x00101b68 store:0x00000000
          32992	     16492	001000d8	02038c63	beq	x7,x0,100110	  x7:0x00000030  x0:0x00000000
          32996	     16494	001000dc	0077a023	sw	x7,0(x15)	 x15:0x00020000  x7:0x00000030 PA:0x00020000 store:0x00000030 load:0x00000000
          33000	     16496	001000e0	00554583	lbu	x11,5(x10)	 x10:0x00101b64 x11=0x00000078 PA:0x00101b69 store:0x00000067
          33002	     16497	001000e4	02058663	beq	x11,x0,100110	 x11:0x00000078  x0:0x00000000
          33006	     16499	001000e8	00b7a023	sw	x11,0(x15)	 x15:0x00020000 x11:0x00000078 PA:0x00020000 store:0x00000078 load:0x00000000
          33010	     16501	001000ec	00654603	lbu	x12,6(x10)	 x10:0x00101b64 x12=0x00000032 PA:0x00101b6a store:0x00000020
          33012	     16502	001000f0	02060063	beq	x12,x0,100110	 x12:0x00000032  x0:0x00000000
          33016	     16504	001000f4	00c7a023	sw	x12,0(x15)	 x15:0x00020000 x12:0x00000032 PA:0x00020000 store:0x00000032 load:0x00000000
          33020	     16506	001000f8	00754683	lbu	x13,7(x10)	 x10:0x00101b64 x13=0x00000030 PA:0x00101b6b store:0x00000030
          33022	     16507	001000fc	00850513	addi	x10,x10,8	 x10:0x00101b64 x10=0x00101b6c
          33024	     16508	00100100	00068863	beq	x13,x0,100110	 x13:0x00000030  x0:0x00000000
          33028	     16510	00100104	00d7a023	sw	x13,0(x15)	 x15:0x00020000 x13:0x00000030 PA:0x00020000 store:0x00000030 load:0x00000000
          33032	     16512	00100108	00054803	lbu	x16,0(x10)	 x10:0x00101b6c x16=0x00000030 PA:0x00101b6c store:0x00000000
          33036	     16514	0010010c	fa0810e3	bne	x16,x0,1000ac	 x16:0x00000030  x0:0x00000000
          33042	     16517	001000ac	0107a023	sw	x16,0(x15)	 x15:0x00020000 x16:0x00000030 PA:0x00020000 store:0x00000030 load:0x00000000
          33046	     16519	001000b0	00154703	lbu	x14,1(x10)	 x10:0x00101b6c x14=0x0000003a PA:0x00101b6d store:0x001016ac
          33048	     16520	001000b4	04070e63	beq	x14,x0,100110	 x14:0x0000003a  x0:0x00000000
          33052	     16522	001000b8	00e7a023	sw	x14,0(x15)	 x15:0x00020000 x14:0x0000003a PA:0x00020000 store:0x0000003a load:0x00000000
          33056	     16524	001000bc	00254283	lbu	x5,2(x10)	 x10:0x00101b6c  x5=0x00000020 PA:0x00101b6e store:0x00137fa0
          33058	     16525	001000c0	04028863	beq	x5,x0,100110	  x5:0x00000020  x0:0x00000000
          33062	     16527	001000c4	0057a023	sw	x5,0(x15)	 x15:0x00020000  x5:0x00000020 PA:0x00020000 store:0x00000020 load:0x00000000
          33066	     16529	001000c8	00354303	lbu	x6,3(x10)	 x10:0x00101b6c  x6=0x00000000 PA:0x00101b6f store:0x00000000
          33070	     16531	001000cc	04030263	beq	x6,x0,100110	  x6:0x00000000  x0:0x00000000
          33074	     16533	00100110	00000513	addi	x10,x0,0	  x0:0x00000000 x10=0x00000000
          33078	     16535	00100114	00008067	jalr	x0,0(x1)	  x1:0x001016ac  x0=0x00000000
          33082	     16537	001016ac	cf8a2503	lw	x10,-776(x20)	 x20:0x00102000 x10=0x00000200 PA:0x00101cf8 store:0x00102000
          33086	     16539	001016b0	a71fe0ef	jal	x1,100120	  x1=0x001016b4
          33088	     16540	00100120	01c55793	srli	x15,x10,0x1c	 x10:0x00000200 x15=0x00000000
          33090	     16541	00100124	00900713	addi	x14,x0,9	  x0:0x00000000 x14=0x00000009
          33094	     16543	00100128	0cf77a63	bgeu	x14,x15,1001fc	 x14:0x00000009 x15:0x00000000
          33098	     16545	001001fc	03078393	addi	x7,x15,48	 x15:0x00000000  x7=0x00000030
          33100	     16546	00100200	000205b7	lui	x11,0x20	 x11=0x00020000
          33102	     16547	00100204	00451613	slli	x12,x10,0x4	 x10:0x00000200 x12=0x00002000
          33106	     16549	00100208	0075a023	sw	x7,0(x11)	 x11:0x00020000  x7:0x00000030 PA:0x00020000 store:0x00000030 load:0x00000000
          33108	     16550	0010020c	01c65693	srli	x13,x12,0x1c	 x12:0x00002000 x13=0x00000000
          33110	     16551	00100210	00900813	addi	x16,x0,9	  x0:0x00000000 x16=0x00000009
          33112	     16552	00100214	f2d86ae3	bltu	x16,x13,100148	 x16:0x00000009 x13:0x00000000
          33114	     16553	00100218	03068e93	addi	x29,x13,48	 x13:0x00000000 x29=0x00000030
          33116	     16554	0010021c	00020f37	lui	x30,0x20	 x30=0x00020000
          33118	     16555	00100220	00851f93	slli	x31,x10,0x8	 x10:0x00000200 x31=0x00020000
          33122	     16557	00100224	01df2023	sw	x29,0(x30)	 x30:0x00020000 x29:0x00000030 PA:0x00020000 store:0x00000030 load:0x00000000
          33124	     16558	00100228	01cfd793	srli	x15,x31,0x1c	 x31:0x00020000 x15=0x00000000
          33126	     16559	0010022c	00900713	addi	x14,x0,9	  x0:0x00000000 x14=0x00000009
          33128	     16560	00100230	f2f76ae3	bltu	x14,x15,100164	 x14:0x00000009 x15:0x00000000
          33130	     16561	00100234	03078393	addi	x7,x15,48	 x15:0x00000000  x7=0x00000030
          33132	     16562	00100238	000205b7	lui	x11,0x20	 x11=0x00020000
          33134	     16563	0010023c	00c51613	slli	x12,x10,0xc	 x10:0x00000200 x12=0x00200000
          33138	     16565	00100240	0075a023	sw	x7,0(x11)	 x11:0x00020000  x7:0x00000030 PA:0x00020000 store:0x00000030 load:0x00000000
          33140	     16566	00100244	01c65693	srli	x13,x12,0x1c	 x12:0x00200000 x13=0x00000000
          33142	     16567	00100248	00900813	addi	x16,x0,9	  x0:0x00000000 x16=0x00000009
          33144	     16568	0010024c	f2d86ae3	bltu	x16,x13,100180	 x16:0x00000009 x13:0x00000000
          33146	     16569	00100250	03068e93	addi	x29,x13,48	 x13:0x00000000 x29=0x00000030
          33148	     16570	00100254	00020f37	lui	x30,0x20	 x30=0x00020000
          33150	     16571	00100258	01051f93	slli	x31,x10,0x10	 x10:0x00000200 x31=0x02000000
          33154	     16573	0010025c	01df2023	sw	x29,0(x30)	 x30:0x00020000 x29:0x00000030 PA:0x00020000 store:0x00000030 load:0x00000000
          33156	     16574	00100260	01cfd793	srli	x15,x31,0x1c	 x31:0x02000000 x15=0x00000000
          33158	     16575	00100264	00900713	addi	x14,x0,9	  x0:0x00000000 x14=0x00000009
          33160	     16576	00100268	f2f76ae3	bltu	x14,x15,10019c	 x14:0x00000009 x15:0x00000000
          33162	     16577	0010026c	03078393	addi	x7,x15,48	 x15:0x00000000  x7=0x00000030
          33164	     16578	00100270	000205b7	lui	x11,0x20	 x11=0x00020000
          33166	     16579	00100274	01451613	slli	x12,x10,0x14	 x10:0x00000200 x12=0x20000000
          33170	     16581	00100278	0075a023	sw	x7,0(x11)	 x11:0x00020000  x7:0x00000030 PA:0x00020000 store:0x00000030 load:0x00000000
          33172	     16582	0010027c	01c65693	srli	x13,x12,0x1c	 x12:0x20000000 x13=0x00000002
          33174	     16583	00100280	00900813	addi	x16,x0,9	  x0:0x00000000 x16=0x00000009
          33176	     16584	00100284	f2d86ae3	bltu	x16,x13,1001b8	 x16:0x00000009 x13:0x00000002
          33178	     16585	00100288	03068e93	addi	x29,x13,48	 x13:0x00000002 x29=0x00000032
          33180	     16586	0010028c	00020f37	lui	x30,0x20	 x30=0x00020000
          33182	     16587	00100290	01851f93	slli	x31,x10,0x18	 x10:0x00000200 x31=0x00000000
          33186	     16589	00100294	01df2023	sw	x29,0(x30)	 x30:0x00020000 x29:0x00000032 PA:0x00020000 store:0x00000032 load:0x00000000
          33188	     16590	00100298	01cfd793	srli	x15,x31,0x1c	 x31:0x00000000 x15=0x00000000
          33190	     16591	0010029c	00900713	addi	x14,x0,9	  x0:0x00000000 x14=0x00000009
          33192	     16592	001002a0	f2f76ae3	bltu	x14,x15,1001d4	 x14:0x00000009 x15:0x00000000
          33194	     16593	001002a4	03078393	addi	x7,x15,48	 x15:0x00000000  x7=0x00000030
          33196	     16594	001002a8	000205b7	lui	x11,0x20	 x11=0x00020000
          33200	     16596	001002ac	0075a023	sw	x7,0(x11)	 x11:0x00020000  x7:0x00000030 PA:0x00020000 store:0x00000030 load:0x00000000
          33202	     16597	001002b0	00f57513	andi	x10,x10,15	 x10:0x00000200 x10=0x00000000
          33204	     16598	001002b4	00900613	addi	x12,x0,9	  x0:0x00000000 x12=0x00000009
          33208	     16600	001002b8	f2a67ae3	bgeu	x12,x10,1001ec	 x12:0x00000009 x10:0x00000000
          33212	     16602	001001ec	03050893	addi	x17,x10,48	 x10:0x00000000 x17=0x00000030
          33214	     16603	001001f0	00020e37	lui	x28,0x20	 x28=0x00020000
          33218	     16605	001001f4	011e2023	sw	x17,0(x28)	 x28:0x00020000 x17:0x00000030 PA:0x00020000 store:0x00000030 load:0x00000000
          33222	     16607	001001f8	00008067	jalr	x0,0(x1)	  x1:0x001016b4  x0=0x00000000
          33224	     16608	001016b4	b7040513	addi	x10,x8,-1168	  x8:0x00102000 x10=0x00101b70
          33228	     16610	001016b8	9e9fe0ef	jal	x1,1000a0	  x1=0x001016bc
          33232	     16612	001000a0	00054803	lbu	x16,0(x10)	 x10:0x00101b70 x16=0x0000000a PA:0x00101b70 store:0x00000000
          33234	     16613	001000a4	06080663	beq	x16,x0,100110	 x16:0x0000000a  x0:0x00000000
          33236	     16614	001000a8	000207b7	lui	x15,0x20	 x15=0x00020000
          33240	     16616	001000ac	0107a023	sw	x16,0(x15)	 x15:0x00020000 x16:0x0000000a PA:0x00020000 store:0x0000000a load:0x00000000
          33244	     16618	001000b0	00154703	lbu	x14,1(x10)	 x10:0x00101b70 x14=0x0000000a PA:0x00101b71 store:0x001016bc
          33246	     16619	001000b4	04070e63	beq	x14,x0,100110	 x14:0x0000000a  x0:0x00000000
          33250	     16621	001000b8	00e7a023	sw	x14,0(x15)	 x15:0x00020000 x14:0x0000000a PA:0x00020000 store:0x0000000a load:0x00000000
          33254	     16623	001000bc	00254283	lbu	x5,2(x10)	 x10:0x00101b70  x5=0x00000054 PA:0x00101b72 store:0x00137fa0
          33256	     16624	001000c0	04028863	beq	x5,x0,100110	  x5:0x00000054  x0:0x00000000
          33260	     16626	001000c4	0057a023	sw	x5,0(x15)	 x15:0x00020000  x5:0x00000054 PA:0x00020000 store:0x00000054 load:0x00000000
          33264	     16628	001000c8	00354303	lbu	x6,3(x10)	 x10:0x00101b70  x6=0x00000065 PA:0x00101b73 store:0x00000000
          33266	     16629	001000cc	04030263	beq	x6,x0,100110	  x6:0x00000065  x0:0x00000000
          33270	     16631	001000d0	0067a023	sw	x6,0(x15)	 x15:0x00020000  x6:0x00000065 PA:0x00020000 store:0x00000065 load:0x00000000
          33274	     16633	001000d4	00454383	lbu	x7,4(x10)	 x10:0x00101b70  x7=0x00000073 PA:0x00101b74 store:0x00000000
          33276	     16634	001000d8	02038c63	beq	x7,x0,100110	  x7:0x00000073  x0:0x00000000
          33280	     16636	001000dc	0077a023	sw	x7,0(x15)	 x15:0x00020000  x7:0x00000073 PA:0x00020000 store:0x00000073 load:0x00000000
          33284	     16638	001000e0	00554583	lbu	x11,5(x10)	 x10:0x00101b70 x11=0x00000074 PA:0x00101b75 store:0x00000054
          33286	     16639	001000e4	02058663	beq	x11,x0,100110	 x11:0x00000074  x0:0x00000000
          33290	     16641	001000e8	00b7a023	sw	x11,0(x15)	 x15:0x00020000 x11:0x00000074 PA:0x00020000 store:0x00000074 load:0x00000000
          33294	     16643	001000ec	00654603	lbu	x12,6(x10)	 x10:0x00101b70 x12=0x00000069 PA:0x00101b76 store:0x00000065
          33296	     16644	001000f0	02060063	beq	x12,x0,100110	 x12:0x00000069  x0:0x00000000
          33300	     16646	001000f4	00c7a023	sw	x12,0(x15)	 x15:0x00020000 x12:0x00000069 PA:0x00020000 store:0x00000069 load:0x00000000
          33304	     16648	001000f8	00754683	lbu	x13,7(x10)	 x10:0x00101b70 x13=0x0000006e PA:0x00101b77 store:0x00000073
          33306	     16649	001000fc	00850513	addi	x10,x10,8	 x10:0x00101b70 x10=0x00101b78
          33308	     16650	00100100	00068863	beq	x13,x0,100110	 x13:0x0000006e  x0:0x00000000
          33312	     16652	00100104	00d7a023	sw	x13,0(x15)	 x15:0x00020000 x13:0x0000006e PA:0x00020000 store:0x0000006e load:0x00000000
          33316	     16654	00100108	00054803	lbu	x16,0(x10)	 x10:0x00101b78 x16=0x00000067 PA:0x00101b78 store:0x00000000
          33320	     16656	0010010c	fa0810e3	bne	x16,x0,1000ac	 x16:0x00000067  x0:0x00000000
          33326	     16659	001000ac	0107a023	sw	x16,0(x15)	 x15:0x00020000 x16:0x00000067 PA:0x00020000 store:0x00000067 load:0x00000000
          33330	     16661	001000b0	00154703	lbu	x14,1(x10)	 x10:0x00101b78 x14=0x00000020 PA:0x00101b79 store:0x001016bc
          33332	     16662	001000b4	04070e63	beq	x14,x0,100110	 x14:0x00000020  x0:0x00000000
          33336	     16664	001000b8	00e7a023	sw	x14,0(x15)	 x15:0x00020000 x14:0x00000020 PA:0x00020000 store:0x00000020 load:0x00000000
          33340	     16666	001000bc	00254283	lbu	x5,2(x10)	 x10:0x00101b78  x5=0x0000004d PA:0x00101b7a store:0x00137fa0
          33342	     16667	001000c0	04028863	beq	x5,x0,100110	  x5:0x0000004d  x0:0x00000000
          33346	     16669	001000c4	0057a023	sw	x5,0(x15)	 x15:0x00020000  x5:0x0000004d PA:0x00020000 store:0x0000004d load:0x00000000
          33350	     16671	001000c8	00354303	lbu	x6,3(x10)	 x10:0x00101b78  x6=0x00000049 PA:0x00101b7b store:0x00000000
          33352	     16672	001000cc	04030263	beq	x6,x0,100110	  x6:0x00000049  x0:0x00000000
          33356	     16674	001000d0	0067a023	sw	x6,0(x15)	 x15:0x00020000  x6:0x00000049 PA:0x00020000 store:0x00000049 load:0x00000000
          33360	     16676	001000d4	00454383	lbu	x7,4(x10)	 x10:0x00101b78  x7=0x0000004e PA:0x00101b7c store:0x00000000
          33362	     16677	001000d8	02038c63	beq	x7,x0,100110	  x7:0x0000004e  x0:0x00000000
          33366	     16679	001000dc	0077a023	sw	x7,0(x15)	 x15:0x00020000  x7:0x0000004e PA:0x00020000 store:0x0000004e load:0x00000000
          33370	     16681	001000e0	00554583	lbu	x11,5(x10)	 x10:0x00101b78 x11=0x00000020 PA:0x00101b7d store:0x0000004d
          33372	     16682	001000e4	02058663	beq	x11,x0,100110	 x11:0x00000020  x0:0x00000000
          33376	     16684	001000e8	00b7a023	sw	x11,0(x15)	 x15:0x00020000 x11:0x00000020 PA:0x00020000 store:0x00000020 load:0x00000000
          33380	     16686	001000ec	00654603	lbu	x12,6(x10)	 x10:0x00101b78 x12=0x00000069 PA:0x00101b7e store:0x00000049
          33382	     16687	001000f0	02060063	beq	x12,x0,100110	 x12:0x00000069  x0:0x00000000
          33386	     16689	001000f4	00c7a023	sw	x12,0(x15)	 x15:0x00020000 x12:0x00000069 PA:0x00020000 store:0x00000069 load:0x00000000
          33390	     16691	001000f8	00754683	lbu	x13,7(x10)	 x10:0x00101b78 x13=0x0000006e PA:0x00101b7f store:0x0000004e
          33392	     16692	001000fc	00850513	addi	x10,x10,8	 x10:0x00101b78 x10=0x00101b80
          33394	     16693	00100100	00068863	beq	x13,x0,100110	 x13:0x0000006e  x0:0x00000000
          33398	     16695	00100104	00d7a023	sw	x13,0(x15)	 x15:0x00020000 x13:0x0000006e PA:0x00020000 store:0x0000006e load:0x00000000
          33402	     16697	00100108	00054803	lbu	x16,0(x10)	 x10:0x00101b80 x16=0x00000073 PA:0x00101b80 store:0x00000000
          33406	     16699	0010010c	fa0810e3	bne	x16,x0,1000ac	 x16:0x00000073  x0:0x00000000
          33412	     16702	001000ac	0107a023	sw	x16,0(x15)	 x15:0x00020000 x16:0x00000073 PA:0x00020000 store:0x00000073 load:0x00000000
          33416	     16704	001000b0	00154703	lbu	x14,1(x10)	 x10:0x00101b80 x14=0x00000074 PA:0x00101b81 store:0x001016bc
          33418	     16705	001000b4	04070e63	beq	x14,x0,100110	 x14:0x00000074  x0:0x00000000
          33422	     16707	001000b8	00e7a023	sw	x14,0(x15)	 x15:0x00020000 x14:0x00000074 PA:0x00020000 store:0x00000074 load:0x00000000
          33426	     16709	001000bc	00254283	lbu	x5,2(x10)	 x10:0x00101b80  x5=0x00000072 PA:0x00101b82 store:0x00137fa0
          33428	     16710	001000c0	04028863	beq	x5,x0,100110	  x5:0x00000072  x0:0x00000000
          33432	     16712	001000c4	0057a023	sw	x5,0(x15)	 x15:0x00020000  x5:0x00000072 PA:0x00020000 store:0x00000072 load:0x00000000
          33436	     16714	001000c8	00354303	lbu	x6,3(x10)	 x10:0x00101b80  x6=0x00000075 PA:0x00101b83 store:0x00000000
          33438	     16715	001000cc	04030263	beq	x6,x0,100110	  x6:0x00000075  x0:0x00000000
          33442	     16717	001000d0	0067a023	sw	x6,0(x15)	 x15:0x00020000  x6:0x00000075 PA:0x00020000 store:0x00000075 load:0x00000000
          33446	     16719	001000d4	00454383	lbu	x7,4(x10)	 x10:0x00101b80  x7=0x00000063 PA:0x00101b84 store:0x00000000
          33448	     16720	001000d8	02038c63	beq	x7,x0,100110	  x7:0x00000063  x0:0x00000000
          33452	     16722	001000dc	0077a023	sw	x7,0(x15)	 x15:0x00020000  x7:0x00000063 PA:0x00020000 store:0x00000063 load:0x00000000
          33456	     16724	001000e0	00554583	lbu	x11,5(x10)	 x10:0x00101b80 x11=0x00000074 PA:0x00101b85 store:0x00000072
          33458	     16725	001000e4	02058663	beq	x11,x0,100110	 x11:0x00000074  x0:0x00000000
          33462	     16727	001000e8	00b7a023	sw	x11,0(x15)	 x15:0x00020000 x11:0x00000074 PA:0x00020000 store:0x00000074 load:0x00000000
          33466	     16729	001000ec	00654603	lbu	x12,6(x10)	 x10:0x00101b80 x12=0x00000069 PA:0x00101b86 store:0x00000075
          33468	     16730	001000f0	02060063	beq	x12,x0,100110	 x12:0x00000069  x0:0x00000000
          33472	     16732	001000f4	00c7a023	sw	x12,0(x15)	 x15:0x00020000 x12:0x00000069 PA:0x00020000 store:0x00000069 load:0x00000000
          33476	     16734	001000f8	00754683	lbu	x13,7(x10)	 x10:0x00101b80 x13=0x0000006f PA:0x00101b87 store:0x00000063
          33478	     16735	001000fc	00850513	addi	x10,x10,8	 x10:0x00101b80 x10=0x00101b88
          33480	     16736	00100100	00068863	beq	x13,x0,100110	 x13:0x0000006f  x0:0x00000000
          33484	     16738	00100104	00d7a023	sw	x13,0(x15)	 x15:0x00020000 x13:0x0000006f PA:0x00020000 store:0x0000006f load:0x00000000
          33488	     16740	00100108	00054803	lbu	x16,0(x10)	 x10:0x00101b88 x16=0x0000006e PA:0x00101b88 store:0x00000000
          33492	     16742	0010010c	fa0810e3	bne	x16,x0,1000ac	 x16:0x0000006e  x0:0x00000000
          33498	     16745	001000ac	0107a023	sw	x16,0(x15)	 x15:0x00020000 x16:0x0000006e PA:0x00020000 store:0x0000006e load:0x00000000
          33502	     16747	001000b0	00154703	lbu	x14,1(x10)	 x10:0x00101b88 x14=0x00000073 PA:0x00101b89 store:0x001016bc
          33504	     16748	001000b4	04070e63	beq	x14,x0,100110	 x14:0x00000073  x0:0x00000000
          33508	     16750	001000b8	00e7a023	sw	x14,0(x15)	 x15:0x00020000 x14:0x00000073 PA:0x00020000 store:0x00000073 load:0x00000000
          33512	     16752	001000bc	00254283	lbu	x5,2(x10)	 x10:0x00101b88  x5=0x0000003a PA:0x00101b8a store:0x00137fa0
          33514	     16753	001000c0	04028863	beq	x5,x0,100110	  x5:0x0000003a  x0:0x00000000
          33518	     16755	001000c4	0057a023	sw	x5,0(x15)	 x15:0x00020000  x5:0x0000003a PA:0x00020000 store:0x0000003a load:0x00000000
          33522	     16757	001000c8	00354303	lbu	x6,3(x10)	 x10:0x00101b88  x6=0x00000020 PA:0x00101b8b store:0x00000000
          33524	     16758	001000cc	04030263	beq	x6,x0,100110	  x6:0x00000020  x0:0x00000000
          33528	     16760	001000d0	0067a023	sw	x6,0(x15)	 x15:0x00020000  x6:0x00000020 PA:0x00020000 store:0x00000020 load:0x00000000
          33532	     16762	001000d4	00454383	lbu	x7,4(x10)	 x10:0x00101b88  x7=0x00000000 PA:0x00101b8c store:0x00000000
          33536	     16764	001000d8	02038c63	beq	x7,x0,100110	  x7:0x00000000  x0:0x00000000
          33540	     16766	00100110	00000513	addi	x10,x0,0	  x0:0x00000000 x10=0x00000000
          33554	     16773	00100114	00008067	jalr	x0,0(x1)	  x1:0x001016bc  x0=0x00000000
          33556	     16774	001016bc	d32ba227	fsw	f18,-732(x23)	 f23:0x00102000 f18:0x00000010 PA:0x00101d24 store:0x00000000 load:0x00000000
          33558	     16775	001016c0	d29ca027	fsw	f9,-736(x25)	 f25:0x00102000  f9:0x7fc00000 PA:0x00101d20 store:0x80000000 load:0x00000000
          33560	     16776	001016c4	d24ba787	flw	f15,-732(x23)	 f23:0x00102000 f15=0x00000000 PA:0x00101d24 store:0x3e5bdc88
          33562	     16777	001016c8	d20ca707	flw	f14,-736(x25)	 f25:0x00102000 f14=0x00000000 PA:0x00000000
          33568	     16780	001016cc	28e781d3	fmin.s	f3,f15,f14	 f15:0x00020000 f14:0x00000073  f3=0x00000000
          33576	     16784	001016d0	d03aa027	fsw	f3,-768(x21)	 f21:0x00102000  f3:0x00000000 PA:0x00101d00 store:0x80000000 load:0x80000000
          33584	     16788	001016d4	d00aa207	flw	f4,-768(x21)	 f21:0x00102000  f4=0x00000000 PA:0x00101d00 store:0x7fa00000
          33590	     16791	001016d8	b90c0513	addi	x10,x24,-1136	 x24:0x00102000 x10=0x00101b90
          33592	     16792	001016dc	e0020953	fmv.x.w	x18,f4	  f4:0x00000000 x18=0x80000000
          33594	     16793	001016e0	cf2a2c23	sw	x18,-776(x20)	 x20:0x00102000 x18:0x80000000 PA:0x00101cf8 store:0x80000000 load:0x80000000
          33596	     16794	001016e4	9bdfe0ef	jal	x1,1000a0	  x1=0x001016e8
          33600	     16796	001000a0	00054803	lbu	x16,0(x10)	 x10:0x00101b90 x16=0x0000000a PA:0x00101b90 store:0x00000000
          33602	     16797	001000a4	06080663	beq	x16,x0,100110	 x16:0x0000000a  x0:0x00000000
          33604	     16798	001000a8	000207b7	lui	x15,0x20	 x15=0x00020000
          33608	     16800	001000ac	0107a023	sw	x16,0(x15)	 x15:0x00020000 x16:0x0000000a PA:0x00020000 store:0x0000000a load:0x00000000
          33612	     16802	001000b0	00154703	lbu	x14,1(x10)	 x10:0x00101b90 x14=0x00000020 PA:0x00101b91 store:0x001016e8
          33614	     16803	001000b4	04070e63	beq	x14,x0,100110	 x14:0x00000020  x0:0x00000000
          33618	     16805	001000b8	00e7a023	sw	x14,0(x15)	 x15:0x00020000 x14:0x00000020 PA:0x00020000 store:0x00000020 load:0x00000000
          33622	     16807	001000bc	00254283	lbu	x5,2(x10)	 x10:0x00101b90  x5=0x0000004d PA:0x00101b92 store:0x00137fa0
          33624	     16808	001000c0	04028863	beq	x5,x0,100110	  x5:0x0000004d  x0:0x00000000
          33628	     16810	001000c4	0057a023	sw	x5,0(x15)	 x15:0x00020000  x5:0x0000004d PA:0x00020000 store:0x0000004d load:0x00000000
          33632	     16812	001000c8	00354303	lbu	x6,3(x10)	 x10:0x00101b90  x6=0x00000069 PA:0x00101b93 store:0x00000000
          33634	     16813	001000cc	04030263	beq	x6,x0,100110	  x6:0x00000069  x0:0x00000000
          33638	     16815	001000d0	0067a023	sw	x6,0(x15)	 x15:0x00020000  x6:0x00000069 PA:0x00020000 store:0x00000069 load:0x00000000
          33642	     16817	001000d4	00454383	lbu	x7,4(x10)	 x10:0x00101b90  x7=0x0000006e PA:0x00101b94 store:0x00000000
          33644	     16818	001000d8	02038c63	beq	x7,x0,100110	  x7:0x0000006e  x0:0x00000000
          33648	     16820	001000dc	0077a023	sw	x7,0(x15)	 x15:0x00020000  x7:0x0000006e PA:0x00020000 store:0x0000006e load:0x00000000
          33652	     16822	001000e0	00554583	lbu	x11,5(x10)	 x10:0x00101b90 x11=0x00000028 PA:0x00101b95 store:0x0000004d
          33654	     16823	001000e4	02058663	beq	x11,x0,100110	 x11:0x00000028  x0:0x00000000
          33658	     16825	001000e8	00b7a023	sw	x11,0(x15)	 x15:0x00020000 x11:0x00000028 PA:0x00020000 store:0x00000028 load:0x00000000
          33662	     16827	001000ec	00654603	lbu	x12,6(x10)	 x10:0x00101b90 x12=0x00000030 PA:0x00101b96 store:0x00000069
          33664	     16828	001000f0	02060063	beq	x12,x0,100110	 x12:0x00000030  x0:0x00000000
          33668	     16830	001000f4	00c7a023	sw	x12,0(x15)	 x15:0x00020000 x12:0x00000030 PA:0x00020000 store:0x00000030 load:0x00000000
          33672	     16832	001000f8	00754683	lbu	x13,7(x10)	 x10:0x00101b90 x13=0x0000002e PA:0x00101b97 store:0x0000006e
          33674	     16833	001000fc	00850513	addi	x10,x10,8	 x10:0x00101b90 x10=0x00101b98
          33676	     16834	00100100	00068863	beq	x13,x0,100110	 x13:0x0000002e  x0:0x00000000
          33680	     16836	00100104	00d7a023	sw	x13,0(x15)	 x15:0x00020000 x13:0x0000002e PA:0x00020000 store:0x0000002e load:0x00000000
          33684	     16838	00100108	00054803	lbu	x16,0(x10)	 x10:0x00101b98 x16=0x00000030 PA:0x00101b98 store:0x00000000
          33688	     16840	0010010c	fa0810e3	bne	x16,x0,1000ac	 x16:0x00000030  x0:0x00000000
          33694	     16843	001000ac	0107a023	sw	x16,0(x15)	 x15:0x00020000 x16:0x00000030 PA:0x00020000 store:0x00000030 load:0x00000000
          33698	     16845	001000b0	00154703	lbu	x14,1(x10)	 x10:0x00101b98 x14=0x0000002c PA:0x00101b99 store:0x001016e8
          33700	     16846	001000b4	04070e63	beq	x14,x0,100110	 x14:0x0000002c  x0:0x00000000
          33704	     16848	001000b8	00e7a023	sw	x14,0(x15)	 x15:0x00020000 x14:0x0000002c PA:0x00020000 store:0x0000002c load:0x00000000
          33708	     16850	001000bc	00254283	lbu	x5,2(x10)	 x10:0x00101b98  x5=0x00000020 PA:0x00101b9a store:0x00137fa0
          33710	     16851	001000c0	04028863	beq	x5,x0,100110	  x5:0x00000020  x0:0x00000000
          33714	     16853	001000c4	0057a023	sw	x5,0(x15)	 x15:0x00020000  x5:0x00000020 PA:0x00020000 store:0x00000020 load:0x00000000
          33718	     16855	001000c8	00354303	lbu	x6,3(x10)	 x10:0x00101b98  x6=0x0000002d PA:0x00101b9b store:0x00000000
          33720	     16856	001000cc	04030263	beq	x6,x0,100110	  x6:0x0000002d  x0:0x00000000
          33724	     16858	001000d0	0067a023	sw	x6,0(x15)	 x15:0x00020000  x6:0x0000002d PA:0x00020000 store:0x0000002d load:0x00000000
          33728	     16860	001000d4	00454383	lbu	x7,4(x10)	 x10:0x00101b98  x7=0x00000030 PA:0x00101b9c store:0x00000000
          33730	     16861	001000d8	02038c63	beq	x7,x0,100110	  x7:0x00000030  x0:0x00000000
          33734	     16863	001000dc	0077a023	sw	x7,0(x15)	 x15:0x00020000  x7:0x00000030 PA:0x00020000 store:0x00000030 load:0x00000000
          33738	     16865	001000e0	00554583	lbu	x11,5(x10)	 x10:0x00101b98 x11=0x0000002e PA:0x00101b9d store:0x00000020
          33740	     16866	001000e4	02058663	beq	x11,x0,100110	 x11:0x0000002e  x0:0x00000000
          33744	     16868	001000e8	00b7a023	sw	x11,0(x15)	 x15:0x00020000 x11:0x0000002e PA:0x00020000 store:0x0000002e load:0x00000000
          33748	     16870	001000ec	00654603	lbu	x12,6(x10)	 x10:0x00101b98 x12=0x00000030 PA:0x00101b9e store:0x0000002d
          33750	     16871	001000f0	02060063	beq	x12,x0,100110	 x12:0x00000030  x0:0x00000000
          33754	     16873	001000f4	00c7a023	sw	x12,0(x15)	 x15:0x00020000 x12:0x00000030 PA:0x00020000 store:0x00000030 load:0x00000000
          33758	     16875	001000f8	00754683	lbu	x13,7(x10)	 x10:0x00101b98 x13=0x00000029 PA:0x00101b9f store:0x00000030
          33760	     16876	001000fc	00850513	addi	x10,x10,8	 x10:0x00101b98 x10=0x00101ba0
          33762	     16877	00100100	00068863	beq	x13,x0,100110	 x13:0x00000029  x0:0x00000000
          33766	     16879	00100104	00d7a023	sw	x13,0(x15)	 x15:0x00020000 x13:0x00000029 PA:0x00020000 store:0x00000029 load:0x00000000
          33770	     16881	00100108	00054803	lbu	x16,0(x10)	 x10:0x00101ba0 x16=0x0000002c PA:0x00101ba0 store:0x00000000
          33774	     16883	0010010c	fa0810e3	bne	x16,x0,1000ac	 x16:0x0000002c  x0:0x00000000
          33780	     16886	001000ac	0107a023	sw	x16,0(x15)	 x15:0x00020000 x16:0x0000002c PA:0x00020000 store:0x0000002c load:0x00000000
          33784	     16888	001000b0	00154703	lbu	x14,1(x10)	 x10:0x00101ba0 x14=0x00000020 PA:0x00101ba1 store:0x001016e8
          33786	     16889	001000b4	04070e63	beq	x14,x0,100110	 x14:0x00000020  x0:0x00000000
          33790	     16891	001000b8	00e7a023	sw	x14,0(x15)	 x15:0x00020000 x14:0x00000020 PA:0x00020000 store:0x00000020 load:0x00000000
          33794	     16893	001000bc	00254283	lbu	x5,2(x10)	 x10:0x00101ba0  x5=0x00000065 PA:0x00101ba2 store:0x00137fa0
          33796	     16894	001000c0	04028863	beq	x5,x0,100110	  x5:0x00000065  x0:0x00000000
          33800	     16896	001000c4	0057a023	sw	x5,0(x15)	 x15:0x00020000  x5:0x00000065 PA:0x00020000 store:0x00000065 load:0x00000000
          33804	     16898	001000c8	00354303	lbu	x6,3(x10)	 x10:0x00101ba0  x6=0x00000078 PA:0x00101ba3 store:0x00000000
          33806	     16899	001000cc	04030263	beq	x6,x0,100110	  x6:0x00000078  x0:0x00000000
          33810	     16901	001000d0	0067a023	sw	x6,0(x15)	 x15:0x00020000  x6:0x00000078 PA:0x00020000 store:0x00000078 load:0x00000000
          33814	     16903	001000d4	00454383	lbu	x7,4(x10)	 x10:0x00101ba0  x7=0x00000070 PA:0x00101ba4 store:0x00000000
          33816	     16904	001000d8	02038c63	beq	x7,x0,100110	  x7:0x00000070  x0:0x00000000
          33820	     16906	001000dc	0077a023	sw	x7,0(x15)	 x15:0x00020000  x7:0x00000070 PA:0x00020000 store:0x00000070 load:0x00000000
          33824	     16908	001000e0	00554583	lbu	x11,5(x10)	 x10:0x00101ba0 x11=0x00000065 PA:0x00101ba5 store:0x00000065
          33826	     16909	001000e4	02058663	beq	x11,x0,100110	 x11:0x00000065  x0:0x00000000
          33830	     16911	001000e8	00b7a023	sw	x11,0(x15)	 x15:0x00020000 x11:0x00000065 PA:0x00020000 store:0x00000065 load:0x00000000
          33834	     16913	001000ec	00654603	lbu	x12,6(x10)	 x10:0x00101ba0 x12=0x00000063 PA:0x00101ba6 store:0x00000078
          33836	     16914	001000f0	02060063	beq	x12,x0,100110	 x12:0x00000063  x0:0x00000000
          33840	     16916	001000f4	00c7a023	sw	x12,0(x15)	 x15:0x00020000 x12:0x00000063 PA:0x00020000 store:0x00000063 load:0x00000000
          33844	     16918	001000f8	00754683	lbu	x13,7(x10)	 x10:0x00101ba0 x13=0x00000074 PA:0x00101ba7 store:0x00000070
          33846	     16919	001000fc	00850513	addi	x10,x10,8	 x10:0x00101ba0 x10=0x00101ba8
          33848	     16920	00100100	00068863	beq	x13,x0,100110	 x13:0x00000074  x0:0x00000000
          33852	     16922	00100104	00d7a023	sw	x13,0(x15)	 x15:0x00020000 x13:0x00000074 PA:0x00020000 store:0x00000074 load:0x00000000
          33856	     16924	00100108	00054803	lbu	x16,0(x10)	 x10:0x00101ba8 x16=0x00000069 PA:0x00101ba8 store:0x00000000
          33860	     16926	0010010c	fa0810e3	bne	x16,x0,1000ac	 x16:0x00000069  x0:0x00000000
          33866	     16929	001000ac	0107a023	sw	x16,0(x15)	 x15:0x00020000 x16:0x00000069 PA:0x00020000 store:0x00000069 load:0x00000000
          33870	     16931	001000b0	00154703	lbu	x14,1(x10)	 x10:0x00101ba8 x14=0x0000006e PA:0x00101ba9 store:0x001016e8
          33872	     16932	001000b4	04070e63	beq	x14,x0,100110	 x14:0x0000006e  x0:0x00000000
          33876	     16934	001000b8	00e7a023	sw	x14,0(x15)	 x15:0x00020000 x14:0x0000006e PA:0x00020000 store:0x0000006e load:0x00000000
          33880	     16936	001000bc	00254283	lbu	x5,2(x10)	 x10:0x00101ba8  x5=0x00000067 PA:0x00101baa store:0x00137fa0
          33882	     16937	001000c0	04028863	beq	x5,x0,100110	  x5:0x00000067  x0:0x00000000
          33886	     16939	001000c4	0057a023	sw	x5,0(x15)	 x15:0x00020000  x5:0x00000067 PA:0x00020000 store:0x00000067 load:0x00000000
          33890	     16941	001000c8	00354303	lbu	x6,3(x10)	 x10:0x00101ba8  x6=0x0000003a PA:0x00101bab store:0x00000000
          33892	     16942	001000cc	04030263	beq	x6,x0,100110	  x6:0x0000003a  x0:0x00000000
          33896	     16944	001000d0	0067a023	sw	x6,0(x15)	 x15:0x00020000  x6:0x0000003a PA:0x00020000 store:0x0000003a load:0x00000000
          33900	     16946	001000d4	00454383	lbu	x7,4(x10)	 x10:0x00101ba8  x7=0x00000020 PA:0x00101bac store:0x00000000
          33902	     16947	001000d8	02038c63	beq	x7,x0,100110	  x7:0x00000020  x0:0x00000000
          33906	     16949	001000dc	0077a023	sw	x7,0(x15)	 x15:0x00020000  x7:0x00000020 PA:0x00020000 store:0x00000020 load:0x00000000
          33910	     16951	001000e0	00554583	lbu	x11,5(x10)	 x10:0x00101ba8 x11=0x00000030 PA:0x00101bad store:0x00000067
          33912	     16952	001000e4	02058663	beq	x11,x0,100110	 x11:0x00000030  x0:0x00000000
          33916	     16954	001000e8	00b7a023	sw	x11,0(x15)	 x15:0x00020000 x11:0x00000030 PA:0x00020000 store:0x00000030 load:0x00000000
          33920	     16956	001000ec	00654603	lbu	x12,6(x10)	 x10:0x00101ba8 x12=0x00000078 PA:0x00101bae store:0x0000003a
          33922	     16957	001000f0	02060063	beq	x12,x0,100110	 x12:0x00000078  x0:0x00000000
          33926	     16959	001000f4	00c7a023	sw	x12,0(x15)	 x15:0x00020000 x12:0x00000078 PA:0x00020000 store:0x00000078 load:0x00000000
          33930	     16961	001000f8	00754683	lbu	x13,7(x10)	 x10:0x00101ba8 x13=0x00000038 PA:0x00101baf store:0x00000020
          33932	     16962	001000fc	00850513	addi	x10,x10,8	 x10:0x00101ba8 x10=0x00101bb0
          33934	     16963	00100100	00068863	beq	x13,x0,100110	 x13:0x00000038  x0:0x00000000
          33938	     16965	00100104	00d7a023	sw	x13,0(x15)	 x15:0x00020000 x13:0x00000038 PA:0x00020000 store:0x00000038 load:0x00000000
          33942	     16967	00100108	00054803	lbu	x16,0(x10)	 x10:0x00101bb0 x16=0x00000030 PA:0x00101bb0 store:0x00000000
          33946	     16969	0010010c	fa0810e3	bne	x16,x0,1000ac	 x16:0x00000030  x0:0x00000000
          33952	     16972	001000ac	0107a023	sw	x16,0(x15)	 x15:0x00020000 x16:0x00000030 PA:0x00020000 store:0x00000030 load:0x00000000
          33956	     16974	001000b0	00154703	lbu	x14,1(x10)	 x10:0x00101bb0 x14=0x00000030 PA:0x00101bb1 store:0x001016e8
          33958	     16975	001000b4	04070e63	beq	x14,x0,100110	 x14:0x00000030  x0:0x00000000
          33962	     16977	001000b8	00e7a023	sw	x14,0(x15)	 x15:0x00020000 x14:0x00000030 PA:0x00020000 store:0x00000030 load:0x00000000
          33966	     16979	001000bc	00254283	lbu	x5,2(x10)	 x10:0x00101bb0  x5=0x00000030 PA:0x00101bb2 store:0x00137fa0
          33968	     16980	001000c0	04028863	beq	x5,x0,100110	  x5:0x00000030  x0:0x00000000
          33972	     16982	001000c4	0057a023	sw	x5,0(x15)	 x15:0x00020000  x5:0x00000030 PA:0x00020000 store:0x00000030 load:0x00000000
          33976	     16984	001000c8	00354303	lbu	x6,3(x10)	 x10:0x00101bb0  x6=0x00000030 PA:0x00101bb3 store:0x00000000
          33978	     16985	001000cc	04030263	beq	x6,x0,100110	  x6:0x00000030  x0:0x00000000
          33982	     16987	001000d0	0067a023	sw	x6,0(x15)	 x15:0x00020000  x6:0x00000030 PA:0x00020000 store:0x00000030 load:0x00000000
          33986	     16989	001000d4	00454383	lbu	x7,4(x10)	 x10:0x00101bb0  x7=0x00000030 PA:0x00101bb4 store:0x00000000
          33988	     16990	001000d8	02038c63	beq	x7,x0,100110	  x7:0x00000030  x0:0x00000000
          33992	     16992	001000dc	0077a023	sw	x7,0(x15)	 x15:0x00020000  x7:0x00000030 PA:0x00020000 store:0x00000030 load:0x00000000
          33996	     16994	001000e0	00554583	lbu	x11,5(x10)	 x10:0x00101bb0 x11=0x00000030 PA:0x00101bb5 store:0x00000030
          33998	     16995	001000e4	02058663	beq	x11,x0,100110	 x11:0x00000030  x0:0x00000000
          34002	     16997	001000e8	00b7a023	sw	x11,0(x15)	 x15:0x00020000 x11:0x00000030 PA:0x00020000 store:0x00000030 load:0x00000000
          34006	     16999	001000ec	00654603	lbu	x12,6(x10)	 x10:0x00101bb0 x12=0x0000003a PA:0x00101bb6 store:0x00000030
          34008	     17000	001000f0	02060063	beq	x12,x0,100110	 x12:0x0000003a  x0:0x00000000
          34012	     17002	001000f4	00c7a023	sw	x12,0(x15)	 x15:0x00020000 x12:0x0000003a PA:0x00020000 store:0x0000003a load:0x00000000
          34016	     17004	001000f8	00754683	lbu	x13,7(x10)	 x10:0x00101bb0 x13=0x00000020 PA:0x00101bb7 store:0x00000030
          34018	     17005	001000fc	00850513	addi	x10,x10,8	 x10:0x00101bb0 x10=0x00101bb8
          34020	     17006	00100100	00068863	beq	x13,x0,100110	 x13:0x00000020  x0:0x00000000
          34024	     17008	00100104	00d7a023	sw	x13,0(x15)	 x15:0x00020000 x13:0x00000020 PA:0x00020000 store:0x00000020 load:0x00000000
          34028	     17010	00100108	00054803	lbu	x16,0(x10)	 x10:0x00101bb8 x16=0x00000000 PA:0x00101bb8 store:0x00000000
          34030	     17011	0010010c	fa0810e3	bne	x16,x0,1000ac	 x16:0x00000000  x0:0x00000000
          34032	     17012	00100110	00000513	addi	x10,x0,0	  x0:0x00000000 x10=0x00000000
          34036	     17014	00100114	00008067	jalr	x0,0(x1)	  x1:0x001016e8  x0=0x00000000
          34040	     17016	001016e8	cf8a2503	lw	x10,-776(x20)	 x20:0x00102000 x10=0x80000000 PA:0x00101cf8 store:0x00102000
          34044	     17018	001016ec	a35fe0ef	jal	x1,100120	  x1=0x001016f0
          34046	     17019	00100120	01c55793	srli	x15,x10,0x1c	 x10:0x80000000 x15=0x00000008
          34048	     17020	00100124	00900713	addi	x14,x0,9	  x0:0x00000000 x14=0x00000009
          34052	     17022	00100128	0cf77a63	bgeu	x14,x15,1001fc	 x14:0x00000009 x15:0x00000008
          34056	     17024	001001fc	03078393	addi	x7,x15,48	 x15:0x00000008  x7=0x00000038
          34058	     17025	00100200	000205b7	lui	x11,0x20	 x11=0x00020000
          34060	     17026	00100204	00451613	slli	x12,x10,0x4	 x10:0x80000000 x12=0x00000000
          34064	     17028	00100208	0075a023	sw	x7,0(x11)	 x11:0x00020000  x7:0x00000038 PA:0x00020000 store:0x00000038 load:0x00000000
          34066	     17029	0010020c	01c65693	srli	x13,x12,0x1c	 x12:0x00000000 x13=0x00000000
          34068	     17030	00100210	00900813	addi	x16,x0,9	  x0:0x00000000 x16=0x00000009
          34070	     17031	00100214	f2d86ae3	bltu	x16,x13,100148	 x16:0x00000009 x13:0x00000000
          34072	     17032	00100218	03068e93	addi	x29,x13,48	 x13:0x00000000 x29=0x00000030
          34074	     17033	0010021c	00020f37	lui	x30,0x20	 x30=0x00020000
          34076	     17034	00100220	00851f93	slli	x31,x10,0x8	 x10:0x80000000 x31=0x00000000
          34080	     17036	00100224	01df2023	sw	x29,0(x30)	 x30:0x00020000 x29:0x00000030 PA:0x00020000 store:0x00000030 load:0x00000000
          34082	     17037	00100228	01cfd793	srli	x15,x31,0x1c	 x31:0x00000000 x15=0x00000000
          34084	     17038	0010022c	00900713	addi	x14,x0,9	  x0:0x00000000 x14=0x00000009
          34086	     17039	00100230	f2f76ae3	bltu	x14,x15,100164	 x14:0x00000009 x15:0x00000000
          34088	     17040	00100234	03078393	addi	x7,x15,48	 x15:0x00000000  x7=0x00000030
          34090	     17041	00100238	000205b7	lui	x11,0x20	 x11=0x00020000
          34092	     17042	0010023c	00c51613	slli	x12,x10,0xc	 x10:0x80000000 x12=0x00000000
          34096	     17044	00100240	0075a023	sw	x7,0(x11)	 x11:0x00020000  x7:0x00000030 PA:0x00020000 store:0x00000030 load:0x00000000
          34098	     17045	00100244	01c65693	srli	x13,x12,0x1c	 x12:0x00000000 x13=0x00000000
          34100	     17046	00100248	00900813	addi	x16,x0,9	  x0:0x00000000 x16=0x00000009
          34102	     17047	0010024c	f2d86ae3	bltu	x16,x13,100180	 x16:0x00000009 x13:0x00000000
          34104	     17048	00100250	03068e93	addi	x29,x13,48	 x13:0x00000000 x29=0x00000030
          34106	     17049	00100254	00020f37	lui	x30,0x20	 x30=0x00020000
          34108	     17050	00100258	01051f93	slli	x31,x10,0x10	 x10:0x80000000 x31=0x00000000
          34112	     17052	0010025c	01df2023	sw	x29,0(x30)	 x30:0x00020000 x29:0x00000030 PA:0x00020000 store:0x00000030 load:0x00000000
          34114	     17053	00100260	01cfd793	srli	x15,x31,0x1c	 x31:0x00000000 x15=0x00000000
          34116	     17054	00100264	00900713	addi	x14,x0,9	  x0:0x00000000 x14=0x00000009
          34118	     17055	00100268	f2f76ae3	bltu	x14,x15,10019c	 x14:0x00000009 x15:0x00000000
          34120	     17056	0010026c	03078393	addi	x7,x15,48	 x15:0x00000000  x7=0x00000030
          34122	     17057	00100270	000205b7	lui	x11,0x20	 x11=0x00020000
          34124	     17058	00100274	01451613	slli	x12,x10,0x14	 x10:0x80000000 x12=0x00000000
          34128	     17060	00100278	0075a023	sw	x7,0(x11)	 x11:0x00020000  x7:0x00000030 PA:0x00020000 store:0x00000030 load:0x00000000
          34130	     17061	0010027c	01c65693	srli	x13,x12,0x1c	 x12:0x00000000 x13=0x00000000
          34132	     17062	00100280	00900813	addi	x16,x0,9	  x0:0x00000000 x16=0x00000009
          34134	     17063	00100284	f2d86ae3	bltu	x16,x13,1001b8	 x16:0x00000009 x13:0x00000000
          34136	     17064	00100288	03068e93	addi	x29,x13,48	 x13:0x00000000 x29=0x00000030
          34138	     17065	0010028c	00020f37	lui	x30,0x20	 x30=0x00020000
          34140	     17066	00100290	01851f93	slli	x31,x10,0x18	 x10:0x80000000 x31=0x00000000
          34144	     17068	00100294	01df2023	sw	x29,0(x30)	 x30:0x00020000 x29:0x00000030 PA:0x00020000 store:0x00000030 load:0x00000000
          34146	     17069	00100298	01cfd793	srli	x15,x31,0x1c	 x31:0x00000000 x15=0x00000000
          34148	     17070	0010029c	00900713	addi	x14,x0,9	  x0:0x00000000 x14=0x00000009
          34150	     17071	001002a0	f2f76ae3	bltu	x14,x15,1001d4	 x14:0x00000009 x15:0x00000000
          34152	     17072	001002a4	03078393	addi	x7,x15,48	 x15:0x00000000  x7=0x00000030
          34154	     17073	001002a8	000205b7	lui	x11,0x20	 x11=0x00020000
          34158	     17075	001002ac	0075a023	sw	x7,0(x11)	 x11:0x00020000  x7:0x00000030 PA:0x00020000 store:0x00000030 load:0x00000000
          34160	     17076	001002b0	00f57513	andi	x10,x10,15	 x10:0x80000000 x10=0x00000000
          34162	     17077	001002b4	00900613	addi	x12,x0,9	  x0:0x00000000 x12=0x00000009
          34166	     17079	001002b8	f2a67ae3	bgeu	x12,x10,1001ec	 x12:0x00000009 x10:0x00000000
          34170	     17081	001001ec	03050893	addi	x17,x10,48	 x10:0x00000000 x17=0x00000030
          34172	     17082	001001f0	00020e37	lui	x28,0x20	 x28=0x00020000
          34176	     17084	001001f4	011e2023	sw	x17,0(x28)	 x28:0x00020000 x17:0x00000030 PA:0x00020000 store:0x00000030 load:0x00000000
          34180	     17086	001001f8	00008067	jalr	x0,0(x1)	  x1:0x001016f0  x0=0x00000000
          34192	     17092	001016f0	001023b7	lui	x7,0x102	  x7=0x00102000
          34194	     17093	001016f4	9583aa87	flw	f21,-1704(x7)	  f7:0x00102000 f21=0x00000000 PA:0x00101958 store:0x00000000
          34196	     17094	001016f8	d28ba227	fsw	f8,-732(x23)	 f23:0x00102000  f8:0x00102000 PA:0x00101d24 store:0x00000047 load:0x00000007
          34200	     17096	001016fc	001025b7	lui	x11,0x102	 x11=0x00102000
          34202	     17097	00101700	d35ca027	fsw	f21,-736(x25)	 f25:0x00102000 f21:0x00102000 PA:0x00101d20 store:0x00000007 load:0x00000007
          34204	     17098	00101704	d24ba587	flw	f11,-732(x23)	 f23:0x00102000 f11=0x00000000 PA:0x00101d24 store:0x80000000
          34208	     17100	00101708	d20ca287	flw	f5,-736(x25)	 f25:0x00102000  f5=0x00000000 PA:0x00101d20 store:0x7fa00000
          34214	     17103	0010170c	28558353	fmin.s	f6,f11,f5	 f11:0x00102000  f5:0x00000030  f6=0x00000000
          34222	     17107	00101710	d06aa027	fsw	f6,-768(x21)	 f21:0x00102000  f6:0x00000030 PA:0x00101d00 store:0x00000007 load:0x00000007
          34230	     17111	00101714	d00aa607	flw	f12,-768(x21)	 f21:0x00102000 f12=0x00000000 PA:0x00101d00 store:0x7fa00000
          34236	     17114	00101718	bbc58513	addi	x10,x11,-1092	 x11:0x00102000 x10=0x00101bbc
          34238	     17115	0010171c	e0060653	fmv.x.w	x12,f12	 f12:0x00000009 x12=0x00000007
          34240	     17116	00101720	ceca2c23	sw	x12,-776(x20)	 x20:0x00102000 x12:0x00000007 PA:0x00101cf8 store:0x00000007 load:0x00000007
          34242	     17117	00101724	97dfe0ef	jal	x1,1000a0	  x1=0x00101728
          34246	     17119	001000a0	00054803	lbu	x16,0(x10)	 x10:0x00101bbc x16=0x0000000a PA:0x00101bbc store:0x00000000
          34248	     17120	001000a4	06080663	beq	x16,x0,100110	 x16:0x0000000a  x0:0x00000000
          34250	     17121	001000a8	000207b7	lui	x15,0x20	 x15=0x00020000
          34254	     17123	001000ac	0107a023	sw	x16,0(x15)	 x15:0x00020000 x16:0x0000000a PA:0x00020000 store:0x0000000a load:0x00000000
          34258	     17125	001000b0	00154703	lbu	x14,1(x10)	 x10:0x00101bbc x14=0x00000020 PA:0x00101bbd store:0x00101728
          34260	     17126	001000b4	04070e63	beq	x14,x0,100110	 x14:0x00000020  x0:0x00000000
          34264	     17128	001000b8	00e7a023	sw	x14,0(x15)	 x15:0x00020000 x14:0x00000020 PA:0x00020000 store:0x00000020 load:0x00000000
          34268	     17130	001000bc	00254283	lbu	x5,2(x10)	 x10:0x00101bbc  x5=0x0000004d PA:0x00101bbe store:0x00137fa0
          34270	     17131	001000c0	04028863	beq	x5,x0,100110	  x5:0x0000004d  x0:0x00000000
          34274	     17133	001000c4	0057a023	sw	x5,0(x15)	 x15:0x00020000  x5:0x0000004d PA:0x00020000 store:0x0000004d load:0x00000000
          34278	     17135	001000c8	00354303	lbu	x6,3(x10)	 x10:0x00101bbc  x6=0x00000069 PA:0x00101bbf store:0x00000000
          34280	     17136	001000cc	04030263	beq	x6,x0,100110	  x6:0x00000069  x0:0x00000000
          34284	     17138	001000d0	0067a023	sw	x6,0(x15)	 x15:0x00020000  x6:0x00000069 PA:0x00020000 store:0x00000069 load:0x00000000
          34288	     17140	001000d4	00454383	lbu	x7,4(x10)	 x10:0x00101bbc  x7=0x0000006e PA:0x00101bc0 store:0x00000000
          34290	     17141	001000d8	02038c63	beq	x7,x0,100110	  x7:0x0000006e  x0:0x00000000
          34294	     17143	001000dc	0077a023	sw	x7,0(x15)	 x15:0x00020000  x7:0x0000006e PA:0x00020000 store:0x0000006e load:0x00000000
          34298	     17145	001000e0	00554583	lbu	x11,5(x10)	 x10:0x00101bbc x11=0x00000028 PA:0x00101bc1 store:0x0000004d
          34300	     17146	001000e4	02058663	beq	x11,x0,100110	 x11:0x00000028  x0:0x00000000
          34304	     17148	001000e8	00b7a023	sw	x11,0(x15)	 x15:0x00020000 x11:0x00000028 PA:0x00020000 store:0x00000028 load:0x00000000
          34308	     17150	001000ec	00654603	lbu	x12,6(x10)	 x10:0x00101bbc x12=0x00000031 PA:0x00101bc2 store:0x00000069
          34310	     17151	001000f0	02060063	beq	x12,x0,100110	 x12:0x00000031  x0:0x00000000
          34314	     17153	001000f4	00c7a023	sw	x12,0(x15)	 x15:0x00020000 x12:0x00000031 PA:0x00020000 store:0x00000031 load:0x00000000
          34318	     17155	001000f8	00754683	lbu	x13,7(x10)	 x10:0x00101bbc x13=0x0000002e PA:0x00101bc3 store:0x0000006e
          34320	     17156	001000fc	00850513	addi	x10,x10,8	 x10:0x00101bbc x10=0x00101bc4
          34322	     17157	00100100	00068863	beq	x13,x0,100110	 x13:0x0000002e  x0:0x00000000
          34326	     17159	00100104	00d7a023	sw	x13,0(x15)	 x15:0x00020000 x13:0x0000002e PA:0x00020000 store:0x0000002e load:0x00000000
          34330	     17161	00100108	00054803	lbu	x16,0(x10)	 x10:0x00101bc4 x16=0x00000030 PA:0x00101bc4 store:0x00000000
          34334	     17163	0010010c	fa0810e3	bne	x16,x0,1000ac	 x16:0x00000030  x0:0x00000000
          34340	     17166	001000ac	0107a023	sw	x16,0(x15)	 x15:0x00020000 x16:0x00000030 PA:0x00020000 store:0x00000030 load:0x00000000
          34344	     17168	001000b0	00154703	lbu	x14,1(x10)	 x10:0x00101bc4 x14=0x00000065 PA:0x00101bc5 store:0x00101728
          34346	     17169	001000b4	04070e63	beq	x14,x0,100110	 x14:0x00000065  x0:0x00000000
          34350	     17171	001000b8	00e7a023	sw	x14,0(x15)	 x15:0x00020000 x14:0x00000065 PA:0x00020000 store:0x00000065 load:0x00000000
          34354	     17173	001000bc	00254283	lbu	x5,2(x10)	 x10:0x00101bc4  x5=0x0000002d PA:0x00101bc6 store:0x00137fa0
          34356	     17174	001000c0	04028863	beq	x5,x0,100110	  x5:0x0000002d  x0:0x00000000
          34360	     17176	001000c4	0057a023	sw	x5,0(x15)	 x15:0x00020000  x5:0x0000002d PA:0x00020000 store:0x0000002d load:0x00000000
          34364	     17178	001000c8	00354303	lbu	x6,3(x10)	 x10:0x00101bc4  x6=0x00000034 PA:0x00101bc7 store:0x00000000
          34366	     17179	001000cc	04030263	beq	x6,x0,100110	  x6:0x00000034  x0:0x00000000
          34370	     17181	001000d0	0067a023	sw	x6,0(x15)	 x15:0x00020000  x6:0x00000034 PA:0x00020000 store:0x00000034 load:0x00000000
          34374	     17183	001000d4	00454383	lbu	x7,4(x10)	 x10:0x00101bc4  x7=0x00000033 PA:0x00101bc8 store:0x00000000
          34376	     17184	001000d8	02038c63	beq	x7,x0,100110	  x7:0x00000033  x0:0x00000000
          34380	     17186	001000dc	0077a023	sw	x7,0(x15)	 x15:0x00020000  x7:0x00000033 PA:0x00020000 store:0x00000033 load:0x00000000
          34384	     17188	001000e0	00554583	lbu	x11,5(x10)	 x10:0x00101bc4 x11=0x0000002c PA:0x00101bc9 store:0x0000002d
          34386	     17189	001000e4	02058663	beq	x11,x0,100110	 x11:0x0000002c  x0:0x00000000
          34390	     17191	001000e8	00b7a023	sw	x11,0(x15)	 x15:0x00020000 x11:0x0000002c PA:0x00020000 store:0x0000002c load:0x00000000
          34394	     17193	001000ec	00654603	lbu	x12,6(x10)	 x10:0x00101bc4 x12=0x00000020 PA:0x00101bca store:0x00000034
          34396	     17194	001000f0	02060063	beq	x12,x0,100110	 x12:0x00000020  x0:0x00000000
          34400	     17196	001000f4	00c7a023	sw	x12,0(x15)	 x15:0x00020000 x12:0x00000020 PA:0x00020000 store:0x00000020 load:0x00000000
          34404	     17198	001000f8	00754683	lbu	x13,7(x10)	 x10:0x00101bc4 x13=0x00000031 PA:0x00101bcb store:0x00000033
          34406	     17199	001000fc	00850513	addi	x10,x10,8	 x10:0x00101bc4 x10=0x00101bcc
          34408	     17200	00100100	00068863	beq	x13,x0,100110	 x13:0x00000031  x0:0x00000000
          34412	     17202	00100104	00d7a023	sw	x13,0(x15)	 x15:0x00020000 x13:0x00000031 PA:0x00020000 store:0x00000031 load:0x00000000
          34416	     17204	00100108	00054803	lbu	x16,0(x10)	 x10:0x00101bcc x16=0x0000002e PA:0x00101bcc store:0x00000000
          34420	     17206	0010010c	fa0810e3	bne	x16,x0,1000ac	 x16:0x0000002e  x0:0x00000000
          34426	     17209	001000ac	0107a023	sw	x16,0(x15)	 x15:0x00020000 x16:0x0000002e PA:0x00020000 store:0x0000002e load:0x00000000
          34430	     17211	001000b0	00154703	lbu	x14,1(x10)	 x10:0x00101bcc x14=0x00000030 PA:0x00101bcd store:0x00101728
          34432	     17212	001000b4	04070e63	beq	x14,x0,100110	 x14:0x00000030  x0:0x00000000
          34436	     17214	001000b8	00e7a023	sw	x14,0(x15)	 x15:0x00020000 x14:0x00000030 PA:0x00020000 store:0x00000030 load:0x00000000
          34440	     17216	001000bc	00254283	lbu	x5,2(x10)	 x10:0x00101bcc  x5=0x00000065 PA:0x00101bce store:0x00137fa0
          34442	     17217	001000c0	04028863	beq	x5,x0,100110	  x5:0x00000065  x0:0x00000000
          34446	     17219	001000c4	0057a023	sw	x5,0(x15)	 x15:0x00020000  x5:0x00000065 PA:0x00020000 store:0x00000065 load:0x00000000
          34450	     17221	001000c8	00354303	lbu	x6,3(x10)	 x10:0x00101bcc  x6=0x0000002d PA:0x00101bcf store:0x00000000
          34452	     17222	001000cc	04030263	beq	x6,x0,100110	  x6:0x0000002d  x0:0x00000000
          34456	     17224	001000d0	0067a023	sw	x6,0(x15)	 x15:0x00020000  x6:0x0000002d PA:0x00020000 store:0x0000002d load:0x00000000
          34460	     17226	001000d4	00454383	lbu	x7,4(x10)	 x10:0x00101bcc  x7=0x00000034 PA:0x00101bd0 store:0x00000000
          34462	     17227	001000d8	02038c63	beq	x7,x0,100110	  x7:0x00000034  x0:0x00000000
          34466	     17229	001000dc	0077a023	sw	x7,0(x15)	 x15:0x00020000  x7:0x00000034 PA:0x00020000 store:0x00000034 load:0x00000000
          34470	     17231	001000e0	00554583	lbu	x11,5(x10)	 x10:0x00101bcc x11=0x00000034 PA:0x00101bd1 store:0x00000065
          34472	     17232	001000e4	02058663	beq	x11,x0,100110	 x11:0x00000034  x0:0x00000000
          34476	     17234	001000e8	00b7a023	sw	x11,0(x15)	 x15:0x00020000 x11:0x00000034 PA:0x00020000 store:0x00000034 load:0x00000000
          34480	     17236	001000ec	00654603	lbu	x12,6(x10)	 x10:0x00101bcc x12=0x00000029 PA:0x00101bd2 store:0x0000002d
          34482	     17237	001000f0	02060063	beq	x12,x0,100110	 x12:0x00000029  x0:0x00000000
          34486	     17239	001000f4	00c7a023	sw	x12,0(x15)	 x15:0x00020000 x12:0x00000029 PA:0x00020000 store:0x00000029 load:0x00000000
          34490	     17241	001000f8	00754683	lbu	x13,7(x10)	 x10:0x00101bcc x13=0x0000002c PA:0x00101bd3 store:0x00000034
          34492	     17242	001000fc	00850513	addi	x10,x10,8	 x10:0x00101bcc x10=0x00101bd4
          34494	     17243	00100100	00068863	beq	x13,x0,100110	 x13:0x0000002c  x0:0x00000000
          34498	     17245	00100104	00d7a023	sw	x13,0(x15)	 x15:0x00020000 x13:0x0000002c PA:0x00020000 store:0x0000002c load:0x00000000
          34502	     17247	00100108	00054803	lbu	x16,0(x10)	 x10:0x00101bd4 x16=0x00000020 PA:0x00101bd4 store:0x00000000
          34506	     17249	0010010c	fa0810e3	bne	x16,x0,1000ac	 x16:0x00000020  x0:0x00000000
          34512	     17252	001000ac	0107a023	sw	x16,0(x15)	 x15:0x00020000 x16:0x00000020 PA:0x00020000 store:0x00000020 load:0x00000000
          34516	     17254	001000b0	00154703	lbu	x14,1(x10)	 x10:0x00101bd4 x14=0x00000065 PA:0x00101bd5 store:0x00101728
          34518	     17255	001000b4	04070e63	beq	x14,x0,100110	 x14:0x00000065  x0:0x00000000
          34522	     17257	001000b8	00e7a023	sw	x14,0(x15)	 x15:0x00020000 x14:0x00000065 PA:0x00020000 store:0x00000065 load:0x00000000
          34526	     17259	001000bc	00254283	lbu	x5,2(x10)	 x10:0x00101bd4  x5=0x00000078 PA:0x00101bd6 store:0x00137fa0
          34528	     17260	001000c0	04028863	beq	x5,x0,100110	  x5:0x00000078  x0:0x00000000
          34532	     17262	001000c4	0057a023	sw	x5,0(x15)	 x15:0x00020000  x5:0x00000078 PA:0x00020000 store:0x00000078 load:0x00000000
          34536	     17264	001000c8	00354303	lbu	x6,3(x10)	 x10:0x00101bd4  x6=0x00000070 PA:0x00101bd7 store:0x00000000
          34538	     17265	001000cc	04030263	beq	x6,x0,100110	  x6:0x00000070  x0:0x00000000
          34542	     17267	001000d0	0067a023	sw	x6,0(x15)	 x15:0x00020000  x6:0x00000070 PA:0x00020000 store:0x00000070 load:0x00000000
          34546	     17269	001000d4	00454383	lbu	x7,4(x10)	 x10:0x00101bd4  x7=0x00000065 PA:0x00101bd8 store:0x00000000
          34548	     17270	001000d8	02038c63	beq	x7,x0,100110	  x7:0x00000065  x0:0x00000000
          34552	     17272	001000dc	0077a023	sw	x7,0(x15)	 x15:0x00020000  x7:0x00000065 PA:0x00020000 store:0x00000065 load:0x00000000
          34556	     17274	001000e0	00554583	lbu	x11,5(x10)	 x10:0x00101bd4 x11=0x00000063 PA:0x00101bd9 store:0x00000078
          34558	     17275	001000e4	02058663	beq	x11,x0,100110	 x11:0x00000063  x0:0x00000000
          34562	     17277	001000e8	00b7a023	sw	x11,0(x15)	 x15:0x00020000 x11:0x00000063 PA:0x00020000 store:0x00000063 load:0x00000000
          34566	     17279	001000ec	00654603	lbu	x12,6(x10)	 x10:0x00101bd4 x12=0x00000074 PA:0x00101bda store:0x00000070
          34568	     17280	001000f0	02060063	beq	x12,x0,100110	 x12:0x00000074  x0:0x00000000
          34572	     17282	001000f4	00c7a023	sw	x12,0(x15)	 x15:0x00020000 x12:0x00000074 PA:0x00020000 store:0x00000074 load:0x00000000
          34576	     17284	001000f8	00754683	lbu	x13,7(x10)	 x10:0x00101bd4 x13=0x00000069 PA:0x00101bdb store:0x00000065
          34578	     17285	001000fc	00850513	addi	x10,x10,8	 x10:0x00101bd4 x10=0x00101bdc
          34580	     17286	00100100	00068863	beq	x13,x0,100110	 x13:0x00000069  x0:0x00000000
          34584	     17288	00100104	00d7a023	sw	x13,0(x15)	 x15:0x00020000 x13:0x00000069 PA:0x00020000 store:0x00000069 load:0x00000000
          34588	     17290	00100108	00054803	lbu	x16,0(x10)	 x10:0x00101bdc x16=0x0000006e PA:0x00101bdc store:0x00000000
          34592	     17292	0010010c	fa0810e3	bne	x16,x0,1000ac	 x16:0x0000006e  x0:0x00000000
          34598	     17295	001000ac	0107a023	sw	x16,0(x15)	 x15:0x00020000 x16:0x0000006e PA:0x00020000 store:0x0000006e load:0x00000000
          34602	     17297	001000b0	00154703	lbu	x14,1(x10)	 x10:0x00101bdc x14=0x00000067 PA:0x00101bdd store:0x00101728
          34604	     17298	001000b4	04070e63	beq	x14,x0,100110	 x14:0x00000067  x0:0x00000000
          34608	     17300	001000b8	00e7a023	sw	x14,0(x15)	 x15:0x00020000 x14:0x00000067 PA:0x00020000 store:0x00000067 load:0x00000000
          34612	     17302	001000bc	00254283	lbu	x5,2(x10)	 x10:0x00101bdc  x5=0x0000003a PA:0x00101bde store:0x00137fa0
          34614	     17303	001000c0	04028863	beq	x5,x0,100110	  x5:0x0000003a  x0:0x00000000
          34618	     17305	001000c4	0057a023	sw	x5,0(x15)	 x15:0x00020000  x5:0x0000003a PA:0x00020000 store:0x0000003a load:0x00000000
          34622	     17307	001000c8	00354303	lbu	x6,3(x10)	 x10:0x00101bdc  x6=0x00000020 PA:0x00101bdf store:0x00000000
          34624	     17308	001000cc	04030263	beq	x6,x0,100110	  x6:0x00000020  x0:0x00000000
          34628	     17310	001000d0	0067a023	sw	x6,0(x15)	 x15:0x00020000  x6:0x00000020 PA:0x00020000 store:0x00000020 load:0x00000000
          34632	     17312	001000d4	00454383	lbu	x7,4(x10)	 x10:0x00101bdc  x7=0x00000030 PA:0x00101be0 store:0x00000000
          34634	     17313	001000d8	02038c63	beq	x7,x0,100110	  x7:0x00000030  x0:0x00000000
          34638	     17315	001000dc	0077a023	sw	x7,0(x15)	 x15:0x00020000  x7:0x00000030 PA:0x00020000 store:0x00000030 load:0x00000000
          34642	     17317	001000e0	00554583	lbu	x11,5(x10)	 x10:0x00101bdc x11=0x00000078 PA:0x00101be1 store:0x0000003a
          34644	     17318	001000e4	02058663	beq	x11,x0,100110	 x11:0x00000078  x0:0x00000000
          34648	     17320	001000e8	00b7a023	sw	x11,0(x15)	 x15:0x00020000 x11:0x00000078 PA:0x00020000 store:0x00000078 load:0x00000000
          34652	     17322	001000ec	00654603	lbu	x12,6(x10)	 x10:0x00101bdc x12=0x00000030 PA:0x00101be2 store:0x00000020
          34654	     17323	001000f0	02060063	beq	x12,x0,100110	 x12:0x00000030  x0:0x00000000
          34658	     17325	001000f4	00c7a023	sw	x12,0(x15)	 x15:0x00020000 x12:0x00000030 PA:0x00020000 store:0x00000030 load:0x00000000
          34662	     17327	001000f8	00754683	lbu	x13,7(x10)	 x10:0x00101bdc x13=0x00000030 PA:0x00101be3 store:0x00000030
          34664	     17328	001000fc	00850513	addi	x10,x10,8	 x10:0x00101bdc x10=0x00101be4
          34666	     17329	00100100	00068863	beq	x13,x0,100110	 x13:0x00000030  x0:0x00000000
          34670	     17331	00100104	00d7a023	sw	x13,0(x15)	 x15:0x00020000 x13:0x00000030 PA:0x00020000 store:0x00000030 load:0x00000000
          34674	     17333	00100108	00054803	lbu	x16,0(x10)	 x10:0x00101be4 x16=0x00000030 PA:0x00101be4 store:0x00000000
          34678	     17335	0010010c	fa0810e3	bne	x16,x0,1000ac	 x16:0x00000030  x0:0x00000000
          34684	     17338	001000ac	0107a023	sw	x16,0(x15)	 x15:0x00020000 x16:0x00000030 PA:0x00020000 store:0x00000030 load:0x00000000
          34688	     17340	001000b0	00154703	lbu	x14,1(x10)	 x10:0x00101be4 x14=0x00000030 PA:0x00101be5 store:0x00101728
          34690	     17341	001000b4	04070e63	beq	x14,x0,100110	 x14:0x00000030  x0:0x00000000
          34694	     17343	001000b8	00e7a023	sw	x14,0(x15)	 x15:0x00020000 x14:0x00000030 PA:0x00020000 store:0x00000030 load:0x00000000
          34698	     17345	001000bc	00254283	lbu	x5,2(x10)	 x10:0x00101be4  x5=0x00000030 PA:0x00101be6 store:0x00137fa0
          34700	     17346	001000c0	04028863	beq	x5,x0,100110	  x5:0x00000030  x0:0x00000000
          34704	     17348	001000c4	0057a023	sw	x5,0(x15)	 x15:0x00020000  x5:0x00000030 PA:0x00020000 store:0x00000030 load:0x00000000
          34708	     17350	001000c8	00354303	lbu	x6,3(x10)	 x10:0x00101be4  x6=0x00000030 PA:0x00101be7 store:0x00000000
          34710	     17351	001000cc	04030263	beq	x6,x0,100110	  x6:0x00000030  x0:0x00000000
          34714	     17353	001000d0	0067a023	sw	x6,0(x15)	 x15:0x00020000  x6:0x00000030 PA:0x00020000 store:0x00000030 load:0x00000000
          34718	     17355	001000d4	00454383	lbu	x7,4(x10)	 x10:0x00101be4  x7=0x00000037 PA:0x00101be8 store:0x00000000
          34720	     17356	001000d8	02038c63	beq	x7,x0,100110	  x7:0x00000037  x0:0x00000000
          34724	     17358	001000dc	0077a023	sw	x7,0(x15)	 x15:0x00020000  x7:0x00000037 PA:0x00020000 store:0x00000037 load:0x00000000
          34728	     17360	001000e0	00554583	lbu	x11,5(x10)	 x10:0x00101be4 x11=0x0000003a PA:0x00101be9 store:0x00000030
          34730	     17361	001000e4	02058663	beq	x11,x0,100110	 x11:0x0000003a  x0:0x00000000
          34734	     17363	001000e8	00b7a023	sw	x11,0(x15)	 x15:0x00020000 x11:0x0000003a PA:0x00020000 store:0x0000003a load:0x00000000
          34738	     17365	001000ec	00654603	lbu	x12,6(x10)	 x10:0x00101be4 x12=0x00000020 PA:0x00101bea store:0x00000030
          34740	     17366	001000f0	02060063	beq	x12,x0,100110	 x12:0x00000020  x0:0x00000000
          34744	     17368	001000f4	00c7a023	sw	x12,0(x15)	 x15:0x00020000 x12:0x00000020 PA:0x00020000 store:0x00000020 load:0x00000000
          34748	     17370	001000f8	00754683	lbu	x13,7(x10)	 x10:0x00101be4 x13=0x00000000 PA:0x00101beb store:0x00000037
          34750	     17371	001000fc	00850513	addi	x10,x10,8	 x10:0x00101be4 x10=0x00101bec
          34754	     17373	00100100	00068863	beq	x13,x0,100110	 x13:0x00000000  x0:0x00000000
          34758	     17375	00100110	00000513	addi	x10,x0,0	  x0:0x00000000 x10=0x00000000
          34762	     17377	00100114	00008067	jalr	x0,0(x1)	  x1:0x00101728  x0=0x00000000
          34766	     17379	00101728	cf8a2503	lw	x10,-776(x20)	 x20:0x00102000 x10=0x00000007 PA:0x00101cf8 store:0x00102000
          34770	     17381	0010172c	9f5fe0ef	jal	x1,100120	  x1=0x00101730
          34772	     17382	00100120	01c55793	srli	x15,x10,0x1c	 x10:0x00000007 x15=0x00000000
          34774	     17383	00100124	00900713	addi	x14,x0,9	  x0:0x00000000 x14=0x00000009
          34778	     17385	00100128	0cf77a63	bgeu	x14,x15,1001fc	 x14:0x00000009 x15:0x00000000
          34782	     17387	001001fc	03078393	addi	x7,x15,48	 x15:0x00000000  x7=0x00000030
          34784	     17388	00100200	000205b7	lui	x11,0x20	 x11=0x00020000
          34786	     17389	00100204	00451613	slli	x12,x10,0x4	 x10:0x00000007 x12=0x00000070
          34790	     17391	00100208	0075a023	sw	x7,0(x11)	 x11:0x00020000  x7:0x00000030 PA:0x00020000 store:0x00000030 load:0x00000000
          34792	     17392	0010020c	01c65693	srli	x13,x12,0x1c	 x12:0x00000070 x13=0x00000000
          34794	     17393	00100210	00900813	addi	x16,x0,9	  x0:0x00000000 x16=0x00000009
          34796	     17394	00100214	f2d86ae3	bltu	x16,x13,100148	 x16:0x00000009 x13:0x00000000
          34798	     17395	00100218	03068e93	addi	x29,x13,48	 x13:0x00000000 x29=0x00000030
          34800	     17396	0010021c	00020f37	lui	x30,0x20	 x30=0x00020000
          34802	     17397	00100220	00851f93	slli	x31,x10,0x8	 x10:0x00000007 x31=0x00000700
          34806	     17399	00100224	01df2023	sw	x29,0(x30)	 x30:0x00020000 x29:0x00000030 PA:0x00020000 store:0x00000030 load:0x00000000
          34808	     17400	00100228	01cfd793	srli	x15,x31,0x1c	 x31:0x00000700 x15=0x00000000
          34810	     17401	0010022c	00900713	addi	x14,x0,9	  x0:0x00000000 x14=0x00000009
          34812	     17402	00100230	f2f76ae3	bltu	x14,x15,100164	 x14:0x00000009 x15:0x00000000
          34814	     17403	00100234	03078393	addi	x7,x15,48	 x15:0x00000000  x7=0x00000030
          34816	     17404	00100238	000205b7	lui	x11,0x20	 x11=0x00020000
          34818	     17405	0010023c	00c51613	slli	x12,x10,0xc	 x10:0x00000007 x12=0x00007000
          34822	     17407	00100240	0075a023	sw	x7,0(x11)	 x11:0x00020000  x7:0x00000030 PA:0x00020000 store:0x00000030 load:0x00000000
          34824	     17408	00100244	01c65693	srli	x13,x12,0x1c	 x12:0x00007000 x13=0x00000000
          34826	     17409	00100248	00900813	addi	x16,x0,9	  x0:0x00000000 x16=0x00000009
          34828	     17410	0010024c	f2d86ae3	bltu	x16,x13,100180	 x16:0x00000009 x13:0x00000000
          34830	     17411	00100250	03068e93	addi	x29,x13,48	 x13:0x00000000 x29=0x00000030
          34832	     17412	00100254	00020f37	lui	x30,0x20	 x30=0x00020000
          34834	     17413	00100258	01051f93	slli	x31,x10,0x10	 x10:0x00000007 x31=0x00070000
          34838	     17415	0010025c	01df2023	sw	x29,0(x30)	 x30:0x00020000 x29:0x00000030 PA:0x00020000 store:0x00000030 load:0x00000000
          34840	     17416	00100260	01cfd793	srli	x15,x31,0x1c	 x31:0x00070000 x15=0x00000000
          34842	     17417	00100264	00900713	addi	x14,x0,9	  x0:0x00000000 x14=0x00000009
          34844	     17418	00100268	f2f76ae3	bltu	x14,x15,10019c	 x14:0x00000009 x15:0x00000000
          34846	     17419	0010026c	03078393	addi	x7,x15,48	 x15:0x00000000  x7=0x00000030
          34848	     17420	00100270	000205b7	lui	x11,0x20	 x11=0x00020000
          34850	     17421	00100274	01451613	slli	x12,x10,0x14	 x10:0x00000007 x12=0x00700000
          34854	     17423	00100278	0075a023	sw	x7,0(x11)	 x11:0x00020000  x7:0x00000030 PA:0x00020000 store:0x00000030 load:0x00000000
          34856	     17424	0010027c	01c65693	srli	x13,x12,0x1c	 x12:0x00700000 x13=0x00000000
          34858	     17425	00100280	00900813	addi	x16,x0,9	  x0:0x00000000 x16=0x00000009
          34860	     17426	00100284	f2d86ae3	bltu	x16,x13,1001b8	 x16:0x00000009 x13:0x00000000
          34862	     17427	00100288	03068e93	addi	x29,x13,48	 x13:0x00000000 x29=0x00000030
          34864	     17428	0010028c	00020f37	lui	x30,0x20	 x30=0x00020000
          34866	     17429	00100290	01851f93	slli	x31,x10,0x18	 x10:0x00000007 x31=0x07000000
          34870	     17431	00100294	01df2023	sw	x29,0(x30)	 x30:0x00020000 x29:0x00000030 PA:0x00020000 store:0x00000030 load:0x00000000
          34872	     17432	00100298	01cfd793	srli	x15,x31,0x1c	 x31:0x07000000 x15=0x00000000
          34874	     17433	0010029c	00900713	addi	x14,x0,9	  x0:0x00000000 x14=0x00000009
          34876	     17434	001002a0	f2f76ae3	bltu	x14,x15,1001d4	 x14:0x00000009 x15:0x00000000
          34878	     17435	001002a4	03078393	addi	x7,x15,48	 x15:0x00000000  x7=0x00000030
          34880	     17436	001002a8	000205b7	lui	x11,0x20	 x11=0x00020000
          34884	     17438	001002ac	0075a023	sw	x7,0(x11)	 x11:0x00020000  x7:0x00000030 PA:0x00020000 store:0x00000030 load:0x00000000
          34886	     17439	001002b0	00f57513	andi	x10,x10,15	 x10:0x00000007 x10=0x00000007
          34888	     17440	001002b4	00900613	addi	x12,x0,9	  x0:0x00000000 x12=0x00000009
          34892	     17442	001002b8	f2a67ae3	bgeu	x12,x10,1001ec	 x12:0x00000009 x10:0x00000007
          34896	     17444	001001ec	03050893	addi	x17,x10,48	 x10:0x00000007 x17=0x00000037
          34898	     17445	001001f0	00020e37	lui	x28,0x20	 x28=0x00020000
          34902	     17447	001001f4	011e2023	sw	x17,0(x28)	 x28:0x00020000 x17:0x00000037 PA:0x00020000 store:0x00000037 load:0x00000000
          34906	     17449	001001f8	00008067	jalr	x0,0(x1)	  x1:0x00101730  x0=0x00000000
          34918	     17455	00101730	00102837	lui	x16,0x102	 x16=0x00102000
          34920	     17456	00101734	95c82a07	flw	f20,-1700(x16)	 f16:0x00102000 f20=0x00000000 PA:0x0010195c store:0x4019999a
          34922	     17457	00101738	001028b7	lui	x17,0x102	 x17=0x00102000
          34924	     17458	0010173c	9608a987	flw	f19,-1696(x17)	 f17:0x00102000 f19=0x00000000 PA:0x00101960 store:0x7fa00000
          34926	     17459	00101740	d34ba227	fsw	f20,-732(x23)	 f23:0x00102000 f20:0x00102000 PA:0x00101d24 store:0x7f167699 load:0x7f1dfc87
          34932	     17462	00101744	00102e37	lui	x28,0x102	 x28=0x00102000
          34934	     17463	00101748	d33ca027	fsw	f19,-736(x25)	 f25:0x00102000 f19:0x00102000 PA:0x00101d20 store:0x7f1dfc87 load:0x7f1dfc87
          34936	     17464	0010174c	d24ba687	flw	f13,-732(x23)	 f23:0x00102000 f13=0x00000000 PA:0x00101d24 store:0x80000000
          34938	     17465	00101750	d20ca387	flw	f7,-736(x25)	 f25:0x00102000  f7=0x00000000 PA:0x00101d20 store:0x7fa00000
          34944	     17468	00101754	28768553	fmin.s	f10,f13,f7	 f13:0x00000000  f7:0x00000030 f10=0x00000000
          34952	     17472	00101758	d0aaa027	fsw	f10,-768(x21)	 f21:0x00102000 f10:0x00000007 PA:0x00101d00 store:0x7f167699 load:0x7f1dfc87
          34960	     17476	0010175c	d00aa807	flw	f16,-768(x21)	 f21:0x00102000 f16=0x00000000 PA:0x00101d00 store:0x7fa00000
          34966	     17479	00101760	bece0513	addi	x10,x28,-1044	 x28:0x00102000 x10=0x00101bec
          34968	     17480	00101764	e0080b53	fmv.x.w	x22,f16	 f16:0x00102000 x22=0x7f167699
          34970	     17481	00101768	cf6a2c23	sw	x22,-776(x20)	 x20:0x00102000 x22:0x7f167699 PA:0x00101cf8 store:0x7f167699 load:0x7f167699
          34972	     17482	0010176c	935fe0ef	jal	x1,1000a0	  x1=0x00101770
          34976	     17484	001000a0	00054803	lbu	x16,0(x10)	 x10:0x00101bec x16=0x0000000a PA:0x00101bec store:0x00000000
          34978	     17485	001000a4	06080663	beq	x16,x0,100110	 x16:0x0000000a  x0:0x00000000
          34980	     17486	001000a8	000207b7	lui	x15,0x20	 x15=0x00020000
          34984	     17488	001000ac	0107a023	sw	x16,0(x15)	 x15:0x00020000 x16:0x0000000a PA:0x00020000 store:0x0000000a load:0x00000000
          34988	     17490	001000b0	00154703	lbu	x14,1(x10)	 x10:0x00101bec x14=0x00000020 PA:0x00101bed store:0x00101770
          34990	     17491	001000b4	04070e63	beq	x14,x0,100110	 x14:0x00000020  x0:0x00000000
          34994	     17493	001000b8	00e7a023	sw	x14,0(x15)	 x15:0x00020000 x14:0x00000020 PA:0x00020000 store:0x00000020 load:0x00000000
          34998	     17495	001000bc	00254283	lbu	x5,2(x10)	 x10:0x00101bec  x5=0x0000004d PA:0x00101bee store:0x00137fa0
          35000	     17496	001000c0	04028863	beq	x5,x0,100110	  x5:0x0000004d  x0:0x00000000
          35004	     17498	001000c4	0057a023	sw	x5,0(x15)	 x15:0x00020000  x5:0x0000004d PA:0x00020000 store:0x0000004d load:0x00000000
          35008	     17500	001000c8	00354303	lbu	x6,3(x10)	 x10:0x00101bec  x6=0x00000069 PA:0x00101bef store:0x00000000
          35010	     17501	001000cc	04030263	beq	x6,x0,100110	  x6:0x00000069  x0:0x00000000
          35014	     17503	001000d0	0067a023	sw	x6,0(x15)	 x15:0x00020000  x6:0x00000069 PA:0x00020000 store:0x00000069 load:0x00000000
          35018	     17505	001000d4	00454383	lbu	x7,4(x10)	 x10:0x00101bec  x7=0x0000006e PA:0x00101bf0 store:0x00000000
          35020	     17506	001000d8	02038c63	beq	x7,x0,100110	  x7:0x0000006e  x0:0x00000000
          35024	     17508	001000dc	0077a023	sw	x7,0(x15)	 x15:0x00020000  x7:0x0000006e PA:0x00020000 store:0x0000006e load:0x00000000
          35028	     17510	001000e0	00554583	lbu	x11,5(x10)	 x10:0x00101bec x11=0x00000028 PA:0x00101bf1 store:0x0000004d
          35030	     17511	001000e4	02058663	beq	x11,x0,100110	 x11:0x00000028  x0:0x00000000
          35034	     17513	001000e8	00b7a023	sw	x11,0(x15)	 x15:0x00020000 x11:0x00000028 PA:0x00020000 store:0x00000028 load:0x00000000
          35038	     17515	001000ec	00654603	lbu	x12,6(x10)	 x10:0x00101bec x12=0x00000032 PA:0x00101bf2 store:0x00000069
          35040	     17516	001000f0	02060063	beq	x12,x0,100110	 x12:0x00000032  x0:0x00000000
          35044	     17518	001000f4	00c7a023	sw	x12,0(x15)	 x15:0x00020000 x12:0x00000032 PA:0x00020000 store:0x00000032 load:0x00000000
          35048	     17520	001000f8	00754683	lbu	x13,7(x10)	 x10:0x00101bec x13=0x0000002e PA:0x00101bf3 store:0x0000006e
          35050	     17521	001000fc	00850513	addi	x10,x10,8	 x10:0x00101bec x10=0x00101bf4
          35052	     17522	00100100	00068863	beq	x13,x0,100110	 x13:0x0000002e  x0:0x00000000
          35056	     17524	00100104	00d7a023	sw	x13,0(x15)	 x15:0x00020000 x13:0x0000002e PA:0x00020000 store:0x0000002e load:0x00000000
          35060	     17526	00100108	00054803	lbu	x16,0(x10)	 x10:0x00101bf4 x16=0x00000030 PA:0x00101bf4 store:0x00000000
          35064	     17528	0010010c	fa0810e3	bne	x16,x0,1000ac	 x16:0x00000030  x0:0x00000000
          35070	     17531	001000ac	0107a023	sw	x16,0(x15)	 x15:0x00020000 x16:0x00000030 PA:0x00020000 store:0x00000030 load:0x00000000
          35074	     17533	001000b0	00154703	lbu	x14,1(x10)	 x10:0x00101bf4 x14=0x00000065 PA:0x00101bf5 store:0x00101770
          35076	     17534	001000b4	04070e63	beq	x14,x0,100110	 x14:0x00000065  x0:0x00000000
          35080	     17536	001000b8	00e7a023	sw	x14,0(x15)	 x15:0x00020000 x14:0x00000065 PA:0x00020000 store:0x00000065 load:0x00000000
          35084	     17538	001000bc	00254283	lbu	x5,2(x10)	 x10:0x00101bf4  x5=0x00000033 PA:0x00101bf6 store:0x00137fa0
          35086	     17539	001000c0	04028863	beq	x5,x0,100110	  x5:0x00000033  x0:0x00000000
          35090	     17541	001000c4	0057a023	sw	x5,0(x15)	 x15:0x00020000  x5:0x00000033 PA:0x00020000 store:0x00000033 load:0x00000000
          35094	     17543	001000c8	00354303	lbu	x6,3(x10)	 x10:0x00101bf4  x6=0x00000038 PA:0x00101bf7 store:0x00000000
          35096	     17544	001000cc	04030263	beq	x6,x0,100110	  x6:0x00000038  x0:0x00000000
          35100	     17546	001000d0	0067a023	sw	x6,0(x15)	 x15:0x00020000  x6:0x00000038 PA:0x00020000 store:0x00000038 load:0x00000000
          35104	     17548	001000d4	00454383	lbu	x7,4(x10)	 x10:0x00101bf4  x7=0x00000066 PA:0x00101bf8 store:0x00000000
          35106	     17549	001000d8	02038c63	beq	x7,x0,100110	  x7:0x00000066  x0:0x00000000
          35110	     17551	001000dc	0077a023	sw	x7,0(x15)	 x15:0x00020000  x7:0x00000066 PA:0x00020000 store:0x00000066 load:0x00000000
          35114	     17553	001000e0	00554583	lbu	x11,5(x10)	 x10:0x00101bf4 x11=0x0000002c PA:0x00101bf9 store:0x00000033
          35116	     17554	001000e4	02058663	beq	x11,x0,100110	 x11:0x0000002c  x0:0x00000000
          35120	     17556	001000e8	00b7a023	sw	x11,0(x15)	 x15:0x00020000 x11:0x0000002c PA:0x00020000 store:0x0000002c load:0x00000000
          35124	     17558	001000ec	00654603	lbu	x12,6(x10)	 x10:0x00101bf4 x12=0x00000020 PA:0x00101bfa store:0x00000038
          35126	     17559	001000f0	02060063	beq	x12,x0,100110	 x12:0x00000020  x0:0x00000000
          35130	     17561	001000f4	00c7a023	sw	x12,0(x15)	 x15:0x00020000 x12:0x00000020 PA:0x00020000 store:0x00000020 load:0x00000000
          35134	     17563	001000f8	00754683	lbu	x13,7(x10)	 x10:0x00101bf4 x13=0x00000032 PA:0x00101bfb store:0x00000066
          35136	     17564	001000fc	00850513	addi	x10,x10,8	 x10:0x00101bf4 x10=0x00101bfc
          35138	     17565	00100100	00068863	beq	x13,x0,100110	 x13:0x00000032  x0:0x00000000
          35142	     17567	00100104	00d7a023	sw	x13,0(x15)	 x15:0x00020000 x13:0x00000032 PA:0x00020000 store:0x00000032 load:0x00000000
          35146	     17569	00100108	00054803	lbu	x16,0(x10)	 x10:0x00101bfc x16=0x0000002e PA:0x00101bfc store:0x00000000
          35150	     17571	0010010c	fa0810e3	bne	x16,x0,1000ac	 x16:0x0000002e  x0:0x00000000
          35156	     17574	001000ac	0107a023	sw	x16,0(x15)	 x15:0x00020000 x16:0x0000002e PA:0x00020000 store:0x0000002e load:0x00000000
          35160	     17576	001000b0	00154703	lbu	x14,1(x10)	 x10:0x00101bfc x14=0x00000031 PA:0x00101bfd store:0x00101770
          35162	     17577	001000b4	04070e63	beq	x14,x0,100110	 x14:0x00000031  x0:0x00000000
          35166	     17579	001000b8	00e7a023	sw	x14,0(x15)	 x15:0x00020000 x14:0x00000031 PA:0x00020000 store:0x00000031 load:0x00000000
          35170	     17581	001000bc	00254283	lbu	x5,2(x10)	 x10:0x00101bfc  x5=0x00000065 PA:0x00101bfe store:0x00137fa0
          35172	     17582	001000c0	04028863	beq	x5,x0,100110	  x5:0x00000065  x0:0x00000000
          35176	     17584	001000c4	0057a023	sw	x5,0(x15)	 x15:0x00020000  x5:0x00000065 PA:0x00020000 store:0x00000065 load:0x00000000
          35180	     17586	001000c8	00354303	lbu	x6,3(x10)	 x10:0x00101bfc  x6=0x00000033 PA:0x00101bff store:0x00000000
          35182	     17587	001000cc	04030263	beq	x6,x0,100110	  x6:0x00000033  x0:0x00000000
          35186	     17589	001000d0	0067a023	sw	x6,0(x15)	 x15:0x00020000  x6:0x00000033 PA:0x00020000 store:0x00000033 load:0x00000000
          35190	     17591	001000d4	00454383	lbu	x7,4(x10)	 x10:0x00101bfc  x7=0x00000038 PA:0x00101c00 store:0x00000000
          35192	     17592	001000d8	02038c63	beq	x7,x0,100110	  x7:0x00000038  x0:0x00000000
          35196	     17594	001000dc	0077a023	sw	x7,0(x15)	 x15:0x00020000  x7:0x00000038 PA:0x00020000 store:0x00000038 load:0x00000000
          35200	     17596	001000e0	00554583	lbu	x11,5(x10)	 x10:0x00101bfc x11=0x00000066 PA:0x00101c01 store:0x00000065
          35202	     17597	001000e4	02058663	beq	x11,x0,100110	 x11:0x00000066  x0:0x00000000
          35206	     17599	001000e8	00b7a023	sw	x11,0(x15)	 x15:0x00020000 x11:0x00000066 PA:0x00020000 store:0x00000066 load:0x00000000
          35210	     17601	001000ec	00654603	lbu	x12,6(x10)	 x10:0x00101bfc x12=0x00000029 PA:0x00101c02 store:0x00000033
          35212	     17602	001000f0	02060063	beq	x12,x0,100110	 x12:0x00000029  x0:0x00000000
          35216	     17604	001000f4	00c7a023	sw	x12,0(x15)	 x15:0x00020000 x12:0x00000029 PA:0x00020000 store:0x00000029 load:0x00000000
          35220	     17606	001000f8	00754683	lbu	x13,7(x10)	 x10:0x00101bfc x13=0x0000002c PA:0x00101c03 store:0x00000038
          35222	     17607	001000fc	00850513	addi	x10,x10,8	 x10:0x00101bfc x10=0x00101c04
          35224	     17608	00100100	00068863	beq	x13,x0,100110	 x13:0x0000002c  x0:0x00000000
          35228	     17610	00100104	00d7a023	sw	x13,0(x15)	 x15:0x00020000 x13:0x0000002c PA:0x00020000 store:0x0000002c load:0x00000000
          35232	     17612	00100108	00054803	lbu	x16,0(x10)	 x10:0x00101c04 x16=0x00000020 PA:0x00101c04 store:0x00000000
          35236	     17614	0010010c	fa0810e3	bne	x16,x0,1000ac	 x16:0x00000020  x0:0x00000000
          35242	     17617	001000ac	0107a023	sw	x16,0(x15)	 x15:0x00020000 x16:0x00000020 PA:0x00020000 store:0x00000020 load:0x00000000
          35246	     17619	001000b0	00154703	lbu	x14,1(x10)	 x10:0x00101c04 x14=0x00000065 PA:0x00101c05 store:0x00101770
          35248	     17620	001000b4	04070e63	beq	x14,x0,100110	 x14:0x00000065  x0:0x00000000
          35252	     17622	001000b8	00e7a023	sw	x14,0(x15)	 x15:0x00020000 x14:0x00000065 PA:0x00020000 store:0x00000065 load:0x00000000
          35256	     17624	001000bc	00254283	lbu	x5,2(x10)	 x10:0x00101c04  x5=0x00000078 PA:0x00101c06 store:0x00137fa0
          35258	     17625	001000c0	04028863	beq	x5,x0,100110	  x5:0x00000078  x0:0x00000000
          35262	     17627	001000c4	0057a023	sw	x5,0(x15)	 x15:0x00020000  x5:0x00000078 PA:0x00020000 store:0x00000078 load:0x00000000
          35266	     17629	001000c8	00354303	lbu	x6,3(x10)	 x10:0x00101c04  x6=0x00000070 PA:0x00101c07 store:0x00000000
          35268	     17630	001000cc	04030263	beq	x6,x0,100110	  x6:0x00000070  x0:0x00000000
          35272	     17632	001000d0	0067a023	sw	x6,0(x15)	 x15:0x00020000  x6:0x00000070 PA:0x00020000 store:0x00000070 load:0x00000000
          35276	     17634	001000d4	00454383	lbu	x7,4(x10)	 x10:0x00101c04  x7=0x00000065 PA:0x00101c08 store:0x00000000
          35278	     17635	001000d8	02038c63	beq	x7,x0,100110	  x7:0x00000065  x0:0x00000000
          35282	     17637	001000dc	0077a023	sw	x7,0(x15)	 x15:0x00020000  x7:0x00000065 PA:0x00020000 store:0x00000065 load:0x00000000
          35286	     17639	001000e0	00554583	lbu	x11,5(x10)	 x10:0x00101c04 x11=0x00000063 PA:0x00101c09 store:0x00000078
          35288	     17640	001000e4	02058663	beq	x11,x0,100110	 x11:0x00000063  x0:0x00000000
          35292	     17642	001000e8	00b7a023	sw	x11,0(x15)	 x15:0x00020000 x11:0x00000063 PA:0x00020000 store:0x00000063 load:0x00000000
          35296	     17644	001000ec	00654603	lbu	x12,6(x10)	 x10:0x00101c04 x12=0x00000074 PA:0x00101c0a store:0x00000070
          35298	     17645	001000f0	02060063	beq	x12,x0,100110	 x12:0x00000074  x0:0x00000000
          35302	     17647	001000f4	00c7a023	sw	x12,0(x15)	 x15:0x00020000 x12:0x00000074 PA:0x00020000 store:0x00000074 load:0x00000000
          35306	     17649	001000f8	00754683	lbu	x13,7(x10)	 x10:0x00101c04 x13=0x00000069 PA:0x00101c0b store:0x00000065
          35308	     17650	001000fc	00850513	addi	x10,x10,8	 x10:0x00101c04 x10=0x00101c0c
          35310	     17651	00100100	00068863	beq	x13,x0,100110	 x13:0x00000069  x0:0x00000000
          35314	     17653	00100104	00d7a023	sw	x13,0(x15)	 x15:0x00020000 x13:0x00000069 PA:0x00020000 store:0x00000069 load:0x00000000
          35318	     17655	00100108	00054803	lbu	x16,0(x10)	 x10:0x00101c0c x16=0x0000006e PA:0x00101c0c store:0x00000000
          35322	     17657	0010010c	fa0810e3	bne	x16,x0,1000ac	 x16:0x0000006e  x0:0x00000000
          35328	     17660	001000ac	0107a023	sw	x16,0(x15)	 x15:0x00020000 x16:0x0000006e PA:0x00020000 store:0x0000006e load:0x00000000
          35332	     17662	001000b0	00154703	lbu	x14,1(x10)	 x10:0x00101c0c x14=0x00000067 PA:0x00101c0d store:0x00101770
          35334	     17663	001000b4	04070e63	beq	x14,x0,100110	 x14:0x00000067  x0:0x00000000
          35338	     17665	001000b8	00e7a023	sw	x14,0(x15)	 x15:0x00020000 x14:0x00000067 PA:0x00020000 store:0x00000067 load:0x00000000
          35342	     17667	001000bc	00254283	lbu	x5,2(x10)	 x10:0x00101c0c  x5=0x0000003a PA:0x00101c0e store:0x00137fa0
          35344	     17668	001000c0	04028863	beq	x5,x0,100110	  x5:0x0000003a  x0:0x00000000
          35348	     17670	001000c4	0057a023	sw	x5,0(x15)	 x15:0x00020000  x5:0x0000003a PA:0x00020000 store:0x0000003a load:0x00000000
          35352	     17672	001000c8	00354303	lbu	x6,3(x10)	 x10:0x00101c0c  x6=0x00000020 PA:0x00101c0f store:0x00000000
          35354	     17673	001000cc	04030263	beq	x6,x0,100110	  x6:0x00000020  x0:0x00000000
          35358	     17675	001000d0	0067a023	sw	x6,0(x15)	 x15:0x00020000  x6:0x00000020 PA:0x00020000 store:0x00000020 load:0x00000000
          35362	     17677	001000d4	00454383	lbu	x7,4(x10)	 x10:0x00101c0c  x7=0x00000030 PA:0x00101c10 store:0x00000000
          35364	     17678	001000d8	02038c63	beq	x7,x0,100110	  x7:0x00000030  x0:0x00000000
          35368	     17680	001000dc	0077a023	sw	x7,0(x15)	 x15:0x00020000  x7:0x00000030 PA:0x00020000 store:0x00000030 load:0x00000000
          35372	     17682	001000e0	00554583	lbu	x11,5(x10)	 x10:0x00101c0c x11=0x00000078 PA:0x00101c11 store:0x0000003a
          35374	     17683	001000e4	02058663	beq	x11,x0,100110	 x11:0x00000078  x0:0x00000000
          35378	     17685	001000e8	00b7a023	sw	x11,0(x15)	 x15:0x00020000 x11:0x00000078 PA:0x00020000 store:0x00000078 load:0x00000000
          35382	     17687	001000ec	00654603	lbu	x12,6(x10)	 x10:0x00101c0c x12=0x00000037 PA:0x00101c12 store:0x00000020
          35384	     17688	001000f0	02060063	beq	x12,x0,100110	 x12:0x00000037  x0:0x00000000
          35388	     17690	001000f4	00c7a023	sw	x12,0(x15)	 x15:0x00020000 x12:0x00000037 PA:0x00020000 store:0x00000037 load:0x00000000
          35392	     17692	001000f8	00754683	lbu	x13,7(x10)	 x10:0x00101c0c x13=0x00000066 PA:0x00101c13 store:0x00000030
          35394	     17693	001000fc	00850513	addi	x10,x10,8	 x10:0x00101c0c x10=0x00101c14
          35396	     17694	00100100	00068863	beq	x13,x0,100110	 x13:0x00000066  x0:0x00000000
          35400	     17696	00100104	00d7a023	sw	x13,0(x15)	 x15:0x00020000 x13:0x00000066 PA:0x00020000 store:0x00000066 load:0x00000000
          35404	     17698	00100108	00054803	lbu	x16,0(x10)	 x10:0x00101c14 x16=0x00000031 PA:0x00101c14 store:0x00000000
          35408	     17700	0010010c	fa0810e3	bne	x16,x0,1000ac	 x16:0x00000031  x0:0x00000000
          35414	     17703	001000ac	0107a023	sw	x16,0(x15)	 x15:0x00020000 x16:0x00000031 PA:0x00020000 store:0x00000031 load:0x00000000
          35418	     17705	001000b0	00154703	lbu	x14,1(x10)	 x10:0x00101c14 x14=0x00000036 PA:0x00101c15 store:0x00101770
          35420	     17706	001000b4	04070e63	beq	x14,x0,100110	 x14:0x00000036  x0:0x00000000
          35424	     17708	001000b8	00e7a023	sw	x14,0(x15)	 x15:0x00020000 x14:0x00000036 PA:0x00020000 store:0x00000036 load:0x00000000
          35428	     17710	001000bc	00254283	lbu	x5,2(x10)	 x10:0x00101c14  x5=0x00000037 PA:0x00101c16 store:0x00137fa0
          35430	     17711	001000c0	04028863	beq	x5,x0,100110	  x5:0x00000037  x0:0x00000000
          35434	     17713	001000c4	0057a023	sw	x5,0(x15)	 x15:0x00020000  x5:0x00000037 PA:0x00020000 store:0x00000037 load:0x00000000
          35438	     17715	001000c8	00354303	lbu	x6,3(x10)	 x10:0x00101c14  x6=0x00000036 PA:0x00101c17 store:0x00000000
          35440	     17716	001000cc	04030263	beq	x6,x0,100110	  x6:0x00000036  x0:0x00000000
          35444	     17718	001000d0	0067a023	sw	x6,0(x15)	 x15:0x00020000  x6:0x00000036 PA:0x00020000 store:0x00000036 load:0x00000000
          35448	     17720	001000d4	00454383	lbu	x7,4(x10)	 x10:0x00101c14  x7=0x00000039 PA:0x00101c18 store:0x00000000
          35450	     17721	001000d8	02038c63	beq	x7,x0,100110	  x7:0x00000039  x0:0x00000000
          35454	     17723	001000dc	0077a023	sw	x7,0(x15)	 x15:0x00020000  x7:0x00000039 PA:0x00020000 store:0x00000039 load:0x00000000
          35458	     17725	001000e0	00554583	lbu	x11,5(x10)	 x10:0x00101c14 x11=0x00000039 PA:0x00101c19 store:0x00000037
          35460	     17726	001000e4	02058663	beq	x11,x0,100110	 x11:0x00000039  x0:0x00000000
          35464	     17728	001000e8	00b7a023	sw	x11,0(x15)	 x15:0x00020000 x11:0x00000039 PA:0x00020000 store:0x00000039 load:0x00000000
          35468	     17730	001000ec	00654603	lbu	x12,6(x10)	 x10:0x00101c14 x12=0x0000003a PA:0x00101c1a store:0x00000036
          35470	     17731	001000f0	02060063	beq	x12,x0,100110	 x12:0x0000003a  x0:0x00000000
          35474	     17733	001000f4	00c7a023	sw	x12,0(x15)	 x15:0x00020000 x12:0x0000003a PA:0x00020000 store:0x0000003a load:0x00000000
          35478	     17735	001000f8	00754683	lbu	x13,7(x10)	 x10:0x00101c14 x13=0x00000020 PA:0x00101c1b store:0x00000039
          35480	     17736	001000fc	00850513	addi	x10,x10,8	 x10:0x00101c14 x10=0x00101c1c
          35482	     17737	00100100	00068863	beq	x13,x0,100110	 x13:0x00000020  x0:0x00000000
          35486	     17739	00100104	00d7a023	sw	x13,0(x15)	 x15:0x00020000 x13:0x00000020 PA:0x00020000 store:0x00000020 load:0x00000000
          35490	     17741	00100108	00054803	lbu	x16,0(x10)	 x10:0x00101c1c x16=0x00000000 PA:0x00101c1c store:0x00000000
          35492	     17742	0010010c	fa0810e3	bne	x16,x0,1000ac	 x16:0x00000000  x0:0x00000000
          35494	     17743	00100110	00000513	addi	x10,x0,0	  x0:0x00000000 x10=0x00000000
          35498	     17745	00100114	00008067	jalr	x0,0(x1)	  x1:0x00101770  x0=0x00000000
          35502	     17747	00101770	cf8a2503	lw	x10,-776(x20)	 x20:0x00102000 x10=0x7f167699 PA:0x00101cf8 store:0x00102000
          35506	     17749	00101774	9adfe0ef	jal	x1,100120	  x1=0x00101778
          35508	     17750	00100120	01c55793	srli	x15,x10,0x1c	 x10:0x7f167699 x15=0x00000007
          35510	     17751	00100124	00900713	addi	x14,x0,9	  x0:0x00000000 x14=0x00000009
          35514	     17753	00100128	0cf77a63	bgeu	x14,x15,1001fc	 x14:0x00000009 x15:0x00000007
          35518	     17755	001001fc	03078393	addi	x7,x15,48	 x15:0x00000007  x7=0x00000037
          35520	     17756	00100200	000205b7	lui	x11,0x20	 x11=0x00020000
          35522	     17757	00100204	00451613	slli	x12,x10,0x4	 x10:0x7f167699 x12=0xf1676990
          35526	     17759	00100208	0075a023	sw	x7,0(x11)	 x11:0x00020000  x7:0x00000037 PA:0x00020000 store:0x00000037 load:0x00000000
          35528	     17760	0010020c	01c65693	srli	x13,x12,0x1c	 x12:0xf1676990 x13=0x0000000f
          35530	     17761	00100210	00900813	addi	x16,x0,9	  x0:0x00000000 x16=0x00000009
          35534	     17763	00100214	f2d86ae3	bltu	x16,x13,100148	 x16:0x00000009 x13:0x0000000f
          35538	     17765	00100148	03768893	addi	x17,x13,55	 x13:0x0000000f x17=0x00000046
          35540	     17766	0010014c	00020e37	lui	x28,0x20	 x28=0x00020000
          35542	     17767	00100150	00851f93	slli	x31,x10,0x8	 x10:0x7f167699 x31=0x16769900
          35546	     17769	00100154	011e2023	sw	x17,0(x28)	 x28:0x00020000 x17:0x00000046 PA:0x00020000 store:0x00000046 load:0x00000000
          35548	     17770	00100158	01cfd793	srli	x15,x31,0x1c	 x31:0x16769900 x15=0x00000001
          35550	     17771	0010015c	00900713	addi	x14,x0,9	  x0:0x00000000 x14=0x00000009
          35554	     17773	00100160	0cf77a63	bgeu	x14,x15,100234	 x14:0x00000009 x15:0x00000001
          35558	     17775	00100234	03078393	addi	x7,x15,48	 x15:0x00000001  x7=0x00000031
          35560	     17776	00100238	000205b7	lui	x11,0x20	 x11=0x00020000
          35562	     17777	0010023c	00c51613	slli	x12,x10,0xc	 x10:0x7f167699 x12=0x67699000
          35566	     17779	00100240	0075a023	sw	x7,0(x11)	 x11:0x00020000  x7:0x00000031 PA:0x00020000 store:0x00000031 load:0x00000000
          35568	     17780	00100244	01c65693	srli	x13,x12,0x1c	 x12:0x67699000 x13=0x00000006
          35570	     17781	00100248	00900813	addi	x16,x0,9	  x0:0x00000000 x16=0x00000009
          35572	     17782	0010024c	f2d86ae3	bltu	x16,x13,100180	 x16:0x00000009 x13:0x00000006
          35574	     17783	00100250	03068e93	addi	x29,x13,48	 x13:0x00000006 x29=0x00000036
          35576	     17784	00100254	00020f37	lui	x30,0x20	 x30=0x00020000
          35578	     17785	00100258	01051f93	slli	x31,x10,0x10	 x10:0x7f167699 x31=0x76990000
          35582	     17787	0010025c	01df2023	sw	x29,0(x30)	 x30:0x00020000 x29:0x00000036 PA:0x00020000 store:0x00000036 load:0x00000000
          35584	     17788	00100260	01cfd793	srli	x15,x31,0x1c	 x31:0x76990000 x15=0x00000007
          35586	     17789	00100264	00900713	addi	x14,x0,9	  x0:0x00000000 x14=0x00000009
          35588	     17790	00100268	f2f76ae3	bltu	x14,x15,10019c	 x14:0x00000009 x15:0x00000007
          35590	     17791	0010026c	03078393	addi	x7,x15,48	 x15:0x00000007  x7=0x00000037
          35592	     17792	00100270	000205b7	lui	x11,0x20	 x11=0x00020000
          35594	     17793	00100274	01451613	slli	x12,x10,0x14	 x10:0x7f167699 x12=0x69900000
          35598	     17795	00100278	0075a023	sw	x7,0(x11)	 x11:0x00020000  x7:0x00000037 PA:0x00020000 store:0x00000037 load:0x00000000
          35600	     17796	0010027c	01c65693	srli	x13,x12,0x1c	 x12:0x69900000 x13=0x00000006
          35602	     17797	00100280	00900813	addi	x16,x0,9	  x0:0x00000000 x16=0x00000009
          35604	     17798	00100284	f2d86ae3	bltu	x16,x13,1001b8	 x16:0x00000009 x13:0x00000006
          35606	     17799	00100288	03068e93	addi	x29,x13,48	 x13:0x00000006 x29=0x00000036
          35608	     17800	0010028c	00020f37	lui	x30,0x20	 x30=0x00020000
          35610	     17801	00100290	01851f93	slli	x31,x10,0x18	 x10:0x7f167699 x31=0x99000000
          35614	     17803	00100294	01df2023	sw	x29,0(x30)	 x30:0x00020000 x29:0x00000036 PA:0x00020000 store:0x00000036 load:0x00000000
          35616	     17804	00100298	01cfd793	srli	x15,x31,0x1c	 x31:0x99000000 x15=0x00000009
          35618	     17805	0010029c	00900713	addi	x14,x0,9	  x0:0x00000000 x14=0x00000009
          35620	     17806	001002a0	f2f76ae3	bltu	x14,x15,1001d4	 x14:0x00000009 x15:0x00000009
          35622	     17807	001002a4	03078393	addi	x7,x15,48	 x15:0x00000009  x7=0x00000039
          35624	     17808	001002a8	000205b7	lui	x11,0x20	 x11=0x00020000
          35628	     17810	001002ac	0075a023	sw	x7,0(x11)	 x11:0x00020000  x7:0x00000039 PA:0x00020000 store:0x00000039 load:0x00000000
          35630	     17811	001002b0	00f57513	andi	x10,x10,15	 x10:0x7f167699 x10=0x00000009
          35632	     17812	001002b4	00900613	addi	x12,x0,9	  x0:0x00000000 x12=0x00000009
          35636	     17814	001002b8	f2a67ae3	bgeu	x12,x10,1001ec	 x12:0x00000009 x10:0x00000009
          35640	     17816	001001ec	03050893	addi	x17,x10,48	 x10:0x00000009 x17=0x00000039
          35642	     17817	001001f0	00020e37	lui	x28,0x20	 x28=0x00020000
          35646	     17819	001001f4	011e2023	sw	x17,0(x28)	 x28:0x00020000 x17:0x00000039 PA:0x00020000 store:0x00000039 load:0x00000000
          35650	     17821	001001f8	00008067	jalr	x0,0(x1)	  x1:0x00101778  x0=0x00000000
          35652	     17822	00101778	00102eb7	lui	x29,0x102	 x29=0x00102000
          35654	     17823	0010177c	c20e8513	addi	x10,x29,-992	 x29:0x00102000 x10=0x00101c20
          35658	     17825	00101780	921fe0ef	jal	x1,1000a0	  x1=0x00101784
          35662	     17827	001000a0	00054803	lbu	x16,0(x10)	 x10:0x00101c20 x16=0x0000000a PA:0x00101c20 store:0x00000000
          35664	     17828	001000a4	06080663	beq	x16,x0,100110	 x16:0x0000000a  x0:0x00000000
          35666	     17829	001000a8	000207b7	lui	x15,0x20	 x15=0x00020000
          35670	     17831	001000ac	0107a023	sw	x16,0(x15)	 x15:0x00020000 x16:0x0000000a PA:0x00020000 store:0x0000000a load:0x00000000
          35674	     17833	001000b0	00154703	lbu	x14,1(x10)	 x10:0x00101c20 x14=0x0000000a PA:0x00101c21 store:0x00101784
          35676	     17834	001000b4	04070e63	beq	x14,x0,100110	 x14:0x0000000a  x0:0x00000000
          35680	     17836	001000b8	00e7a023	sw	x14,0(x15)	 x15:0x00020000 x14:0x0000000a PA:0x00020000 store:0x0000000a load:0x00000000
          35684	     17838	001000bc	00254283	lbu	x5,2(x10)	 x10:0x00101c20  x5=0x00000054 PA:0x00101c22 store:0x00137fa0
          35686	     17839	001000c0	04028863	beq	x5,x0,100110	  x5:0x00000054  x0:0x00000000
          35690	     17841	001000c4	0057a023	sw	x5,0(x15)	 x15:0x00020000  x5:0x00000054 PA:0x00020000 store:0x00000054 load:0x00000000
          35694	     17843	001000c8	00354303	lbu	x6,3(x10)	 x10:0x00101c20  x6=0x00000065 PA:0x00101c23 store:0x00000000
          35696	     17844	001000cc	04030263	beq	x6,x0,100110	  x6:0x00000065  x0:0x00000000
          35700	     17846	001000d0	0067a023	sw	x6,0(x15)	 x15:0x00020000  x6:0x00000065 PA:0x00020000 store:0x00000065 load:0x00000000
          35704	     17848	001000d4	00454383	lbu	x7,4(x10)	 x10:0x00101c20  x7=0x00000073 PA:0x00101c24 store:0x00000000
          35706	     17849	001000d8	02038c63	beq	x7,x0,100110	  x7:0x00000073  x0:0x00000000
          35710	     17851	001000dc	0077a023	sw	x7,0(x15)	 x15:0x00020000  x7:0x00000073 PA:0x00020000 store:0x00000073 load:0x00000000
          35714	     17853	001000e0	00554583	lbu	x11,5(x10)	 x10:0x00101c20 x11=0x00000074 PA:0x00101c25 store:0x00000054
          35716	     17854	001000e4	02058663	beq	x11,x0,100110	 x11:0x00000074  x0:0x00000000
          35720	     17856	001000e8	00b7a023	sw	x11,0(x15)	 x15:0x00020000 x11:0x00000074 PA:0x00020000 store:0x00000074 load:0x00000000
          35724	     17858	001000ec	00654603	lbu	x12,6(x10)	 x10:0x00101c20 x12=0x00000069 PA:0x00101c26 store:0x00000065
          35726	     17859	001000f0	02060063	beq	x12,x0,100110	 x12:0x00000069  x0:0x00000000
          35730	     17861	001000f4	00c7a023	sw	x12,0(x15)	 x15:0x00020000 x12:0x00000069 PA:0x00020000 store:0x00000069 load:0x00000000
          35734	     17863	001000f8	00754683	lbu	x13,7(x10)	 x10:0x00101c20 x13=0x0000006e PA:0x00101c27 store:0x00000073
          35736	     17864	001000fc	00850513	addi	x10,x10,8	 x10:0x00101c20 x10=0x00101c28
          35738	     17865	00100100	00068863	beq	x13,x0,100110	 x13:0x0000006e  x0:0x00000000
          35742	     17867	00100104	00d7a023	sw	x13,0(x15)	 x15:0x00020000 x13:0x0000006e PA:0x00020000 store:0x0000006e load:0x00000000
          35746	     17869	00100108	00054803	lbu	x16,0(x10)	 x10:0x00101c28 x16=0x00000067 PA:0x00101c28 store:0x00000000
          35750	     17871	0010010c	fa0810e3	bne	x16,x0,1000ac	 x16:0x00000067  x0:0x00000000
          35756	     17874	001000ac	0107a023	sw	x16,0(x15)	 x15:0x00020000 x16:0x00000067 PA:0x00020000 store:0x00000067 load:0x00000000
          35760	     17876	001000b0	00154703	lbu	x14,1(x10)	 x10:0x00101c28 x14=0x00000020 PA:0x00101c29 store:0x00101784
          35762	     17877	001000b4	04070e63	beq	x14,x0,100110	 x14:0x00000020  x0:0x00000000
          35766	     17879	001000b8	00e7a023	sw	x14,0(x15)	 x15:0x00020000 x14:0x00000020 PA:0x00020000 store:0x00000020 load:0x00000000
          35770	     17881	001000bc	00254283	lbu	x5,2(x10)	 x10:0x00101c28  x5=0x0000004d PA:0x00101c2a store:0x00137fa0
          35772	     17882	001000c0	04028863	beq	x5,x0,100110	  x5:0x0000004d  x0:0x00000000
          35776	     17884	001000c4	0057a023	sw	x5,0(x15)	 x15:0x00020000  x5:0x0000004d PA:0x00020000 store:0x0000004d load:0x00000000
          35780	     17886	001000c8	00354303	lbu	x6,3(x10)	 x10:0x00101c28  x6=0x00000041 PA:0x00101c2b store:0x00000000
          35782	     17887	001000cc	04030263	beq	x6,x0,100110	  x6:0x00000041  x0:0x00000000
          35786	     17889	001000d0	0067a023	sw	x6,0(x15)	 x15:0x00020000  x6:0x00000041 PA:0x00020000 store:0x00000041 load:0x00000000
          35790	     17891	001000d4	00454383	lbu	x7,4(x10)	 x10:0x00101c28  x7=0x00000058 PA:0x00101c2c store:0x00000000
          35792	     17892	001000d8	02038c63	beq	x7,x0,100110	  x7:0x00000058  x0:0x00000000
          35796	     17894	001000dc	0077a023	sw	x7,0(x15)	 x15:0x00020000  x7:0x00000058 PA:0x00020000 store:0x00000058 load:0x00000000
          35800	     17896	001000e0	00554583	lbu	x11,5(x10)	 x10:0x00101c28 x11=0x00000020 PA:0x00101c2d store:0x0000004d
          35802	     17897	001000e4	02058663	beq	x11,x0,100110	 x11:0x00000020  x0:0x00000000
          35806	     17899	001000e8	00b7a023	sw	x11,0(x15)	 x15:0x00020000 x11:0x00000020 PA:0x00020000 store:0x00000020 load:0x00000000
          35810	     17901	001000ec	00654603	lbu	x12,6(x10)	 x10:0x00101c28 x12=0x00000069 PA:0x00101c2e store:0x00000041
          35812	     17902	001000f0	02060063	beq	x12,x0,100110	 x12:0x00000069  x0:0x00000000
          35816	     17904	001000f4	00c7a023	sw	x12,0(x15)	 x15:0x00020000 x12:0x00000069 PA:0x00020000 store:0x00000069 load:0x00000000
          35820	     17906	001000f8	00754683	lbu	x13,7(x10)	 x10:0x00101c28 x13=0x0000006e PA:0x00101c2f store:0x00000058
          35822	     17907	001000fc	00850513	addi	x10,x10,8	 x10:0x00101c28 x10=0x00101c30
          35824	     17908	00100100	00068863	beq	x13,x0,100110	 x13:0x0000006e  x0:0x00000000
          35828	     17910	00100104	00d7a023	sw	x13,0(x15)	 x15:0x00020000 x13:0x0000006e PA:0x00020000 store:0x0000006e load:0x00000000
          35832	     17912	00100108	00054803	lbu	x16,0(x10)	 x10:0x00101c30 x16=0x00000073 PA:0x00101c30 store:0x00000000
          35836	     17914	0010010c	fa0810e3	bne	x16,x0,1000ac	 x16:0x00000073  x0:0x00000000
          35842	     17917	001000ac	0107a023	sw	x16,0(x15)	 x15:0x00020000 x16:0x00000073 PA:0x00020000 store:0x00000073 load:0x00000000
          35846	     17919	001000b0	00154703	lbu	x14,1(x10)	 x10:0x00101c30 x14=0x00000074 PA:0x00101c31 store:0x00101784
          35848	     17920	001000b4	04070e63	beq	x14,x0,100110	 x14:0x00000074  x0:0x00000000
          35852	     17922	001000b8	00e7a023	sw	x14,0(x15)	 x15:0x00020000 x14:0x00000074 PA:0x00020000 store:0x00000074 load:0x00000000
          35856	     17924	001000bc	00254283	lbu	x5,2(x10)	 x10:0x00101c30  x5=0x00000072 PA:0x00101c32 store:0x00137fa0
          35858	     17925	001000c0	04028863	beq	x5,x0,100110	  x5:0x00000072  x0:0x00000000
          35862	     17927	001000c4	0057a023	sw	x5,0(x15)	 x15:0x00020000  x5:0x00000072 PA:0x00020000 store:0x00000072 load:0x00000000
          35866	     17929	001000c8	00354303	lbu	x6,3(x10)	 x10:0x00101c30  x6=0x00000075 PA:0x00101c33 store:0x00000000
          35868	     17930	001000cc	04030263	beq	x6,x0,100110	  x6:0x00000075  x0:0x00000000
          35872	     17932	001000d0	0067a023	sw	x6,0(x15)	 x15:0x00020000  x6:0x00000075 PA:0x00020000 store:0x00000075 load:0x00000000
          35876	     17934	001000d4	00454383	lbu	x7,4(x10)	 x10:0x00101c30  x7=0x00000063 PA:0x00101c34 store:0x00000000
          35878	     17935	001000d8	02038c63	beq	x7,x0,100110	  x7:0x00000063  x0:0x00000000
          35882	     17937	001000dc	0077a023	sw	x7,0(x15)	 x15:0x00020000  x7:0x00000063 PA:0x00020000 store:0x00000063 load:0x00000000
          35886	     17939	001000e0	00554583	lbu	x11,5(x10)	 x10:0x00101c30 x11=0x00000074 PA:0x00101c35 store:0x00000072
          35888	     17940	001000e4	02058663	beq	x11,x0,100110	 x11:0x00000074  x0:0x00000000
          35892	     17942	001000e8	00b7a023	sw	x11,0(x15)	 x15:0x00020000 x11:0x00000074 PA:0x00020000 store:0x00000074 load:0x00000000
          35896	     17944	001000ec	00654603	lbu	x12,6(x10)	 x10:0x00101c30 x12=0x00000069 PA:0x00101c36 store:0x00000075
          35898	     17945	001000f0	02060063	beq	x12,x0,100110	 x12:0x00000069  x0:0x00000000
          35902	     17947	001000f4	00c7a023	sw	x12,0(x15)	 x15:0x00020000 x12:0x00000069 PA:0x00020000 store:0x00000069 load:0x00000000
          35906	     17949	001000f8	00754683	lbu	x13,7(x10)	 x10:0x00101c30 x13=0x0000006f PA:0x00101c37 store:0x00000063
          35908	     17950	001000fc	00850513	addi	x10,x10,8	 x10:0x00101c30 x10=0x00101c38
          35910	     17951	00100100	00068863	beq	x13,x0,100110	 x13:0x0000006f  x0:0x00000000
          35914	     17953	00100104	00d7a023	sw	x13,0(x15)	 x15:0x00020000 x13:0x0000006f PA:0x00020000 store:0x0000006f load:0x00000000
          35918	     17955	00100108	00054803	lbu	x16,0(x10)	 x10:0x00101c38 x16=0x0000006e PA:0x00101c38 store:0x00000000
          35922	     17957	0010010c	fa0810e3	bne	x16,x0,1000ac	 x16:0x0000006e  x0:0x00000000
          35928	     17960	001000ac	0107a023	sw	x16,0(x15)	 x15:0x00020000 x16:0x0000006e PA:0x00020000 store:0x0000006e load:0x00000000
          35932	     17962	001000b0	00154703	lbu	x14,1(x10)	 x10:0x00101c38 x14=0x00000073 PA:0x00101c39 store:0x00101784
          35934	     17963	001000b4	04070e63	beq	x14,x0,100110	 x14:0x00000073  x0:0x00000000
          35938	     17965	001000b8	00e7a023	sw	x14,0(x15)	 x15:0x00020000 x14:0x00000073 PA:0x00020000 store:0x00000073 load:0x00000000
          35942	     17967	001000bc	00254283	lbu	x5,2(x10)	 x10:0x00101c38  x5=0x0000003a PA:0x00101c3a store:0x00137fa0
          35944	     17968	001000c0	04028863	beq	x5,x0,100110	  x5:0x0000003a  x0:0x00000000
          35948	     17970	001000c4	0057a023	sw	x5,0(x15)	 x15:0x00020000  x5:0x0000003a PA:0x00020000 store:0x0000003a load:0x00000000
          35952	     17972	001000c8	00354303	lbu	x6,3(x10)	 x10:0x00101c38  x6=0x00000020 PA:0x00101c3b store:0x00000000
          35954	     17973	001000cc	04030263	beq	x6,x0,100110	  x6:0x00000020  x0:0x00000000
          35958	     17975	001000d0	0067a023	sw	x6,0(x15)	 x15:0x00020000  x6:0x00000020 PA:0x00020000 store:0x00000020 load:0x00000000
          35962	     17977	001000d4	00454383	lbu	x7,4(x10)	 x10:0x00101c38  x7=0x00000000 PA:0x00101c3c store:0x00000000
          35966	     17979	001000d8	02038c63	beq	x7,x0,100110	  x7:0x00000000  x0:0x00000000
          35970	     17981	00100110	00000513	addi	x10,x0,0	  x0:0x00000000 x10=0x00000000
          35984	     17988	00100114	00008067	jalr	x0,0(x1)	  x1:0x00101784  x0=0x00000000
          35986	     17989	00101784	d32ba227	fsw	f18,-732(x23)	 f23:0x00102000 f18:0x80000000 PA:0x00101d24 store:0x00000000 load:0x00000000
          35988	     17990	00101788	d29ca027	fsw	f9,-736(x25)	 f25:0x00102000  f9:0x7fc00000 PA:0x00101d20 store:0x80000000 load:0x00000000
          35990	     17991	0010178c	d24ba887	flw	f17,-732(x23)	 f23:0x00102000 f17=0x00000000 PA:0x00101d24 store:0x80000000
          35992	     17992	00101790	d20ca487	flw	f9,-736(x25)	 f25:0x00102000  f9=0x00000000 PA:0x00000000
          35998	     17995	00101794	28989953	fmax.s	f18,f17,f9	 f17:0x00000039  f9:0x7fc00000 f18=0x00000000
          36006	     17999	00101798	d12aa027	fsw	f18,-768(x21)	 f21:0x00102000 f18:0x80000000 PA:0x00101d00 store:0x00000000 load:0x80000000
          36014	     18003	0010179c	d00aae07	flw	f28,-768(x21)	 f21:0x00102000 f28=0x00000000 PA:0x00101d00 store:0x7fa00000
          36022	     18007	001017a0	00102f37	lui	x30,0x102	 x30=0x00102000
          36024	     18008	001017a4	c40f0513	addi	x10,x30,-960	 x30:0x00102000 x10=0x00101c40
          36026	     18009	001017a8	e00e0fd3	fmv.x.w	x31,f28	 f28:0x00020000 x31=0x00000000
          36028	     18010	001017ac	cffa2c23	sw	x31,-776(x20)	 x20:0x00102000 x31:0x00000000 PA:0x00101cf8 store:0x00000000 load:0x00000000
          36030	     18011	001017b0	8f1fe0ef	jal	x1,1000a0	  x1=0x001017b4
          36032	     18012	001000a0	00054803	lbu	x16,0(x10)	 x10:0x00101c40 x16=0x0000000a PA:0x00101c40 store:0x00000000
          36034	     18013	001000a4	06080663	beq	x16,x0,100110	 x16:0x0000000a  x0:0x00000000
          36036	     18014	001000a8	000207b7	lui	x15,0x20	 x15=0x00020000
          36040	     18016	001000ac	0107a023	sw	x16,0(x15)	 x15:0x00020000 x16:0x0000000a PA:0x00020000 store:0x0000000a load:0x00000000
          36044	     18018	001000b0	00154703	lbu	x14,1(x10)	 x10:0x00101c40 x14=0x00000020 PA:0x00101c41 store:0x001017b4
          36046	     18019	001000b4	04070e63	beq	x14,x0,100110	 x14:0x00000020  x0:0x00000000
          36050	     18021	001000b8	00e7a023	sw	x14,0(x15)	 x15:0x00020000 x14:0x00000020 PA:0x00020000 store:0x00000020 load:0x00000000
          36054	     18023	001000bc	00254283	lbu	x5,2(x10)	 x10:0x00101c40  x5=0x0000004d PA:0x00101c42 store:0x00137fa0
          36056	     18024	001000c0	04028863	beq	x5,x0,100110	  x5:0x0000004d  x0:0x00000000
          36060	     18026	001000c4	0057a023	sw	x5,0(x15)	 x15:0x00020000  x5:0x0000004d PA:0x00020000 store:0x0000004d load:0x00000000
          36064	     18028	001000c8	00354303	lbu	x6,3(x10)	 x10:0x00101c40  x6=0x00000041 PA:0x00101c43 store:0x00000000
          36066	     18029	001000cc	04030263	beq	x6,x0,100110	  x6:0x00000041  x0:0x00000000
          36070	     18031	001000d0	0067a023	sw	x6,0(x15)	 x15:0x00020000  x6:0x00000041 PA:0x00020000 store:0x00000041 load:0x00000000
          36074	     18033	001000d4	00454383	lbu	x7,4(x10)	 x10:0x00101c40  x7=0x00000058 PA:0x00101c44 store:0x00000000
          36076	     18034	001000d8	02038c63	beq	x7,x0,100110	  x7:0x00000058  x0:0x00000000
          36080	     18036	001000dc	0077a023	sw	x7,0(x15)	 x15:0x00020000  x7:0x00000058 PA:0x00020000 store:0x00000058 load:0x00000000
          36084	     18038	001000e0	00554583	lbu	x11,5(x10)	 x10:0x00101c40 x11=0x00000028 PA:0x00101c45 store:0x0000004d
          36086	     18039	001000e4	02058663	beq	x11,x0,100110	 x11:0x00000028  x0:0x00000000
          36090	     18041	001000e8	00b7a023	sw	x11,0(x15)	 x15:0x00020000 x11:0x00000028 PA:0x00020000 store:0x00000028 load:0x00000000
          36094	     18043	001000ec	00654603	lbu	x12,6(x10)	 x10:0x00101c40 x12=0x00000030 PA:0x00101c46 store:0x00000041
          36096	     18044	001000f0	02060063	beq	x12,x0,100110	 x12:0x00000030  x0:0x00000000
          36100	     18046	001000f4	00c7a023	sw	x12,0(x15)	 x15:0x00020000 x12:0x00000030 PA:0x00020000 store:0x00000030 load:0x00000000
          36104	     18048	001000f8	00754683	lbu	x13,7(x10)	 x10:0x00101c40 x13=0x0000002e PA:0x00101c47 store:0x00000058
          36106	     18049	001000fc	00850513	addi	x10,x10,8	 x10:0x00101c40 x10=0x00101c48
          36108	     18050	00100100	00068863	beq	x13,x0,100110	 x13:0x0000002e  x0:0x00000000
          36112	     18052	00100104	00d7a023	sw	x13,0(x15)	 x15:0x00020000 x13:0x0000002e PA:0x00020000 store:0x0000002e load:0x00000000
          36116	     18054	00100108	00054803	lbu	x16,0(x10)	 x10:0x00101c48 x16=0x00000030 PA:0x00101c48 store:0x00000000
          36120	     18056	0010010c	fa0810e3	bne	x16,x0,1000ac	 x16:0x00000030  x0:0x00000000
          36126	     18059	001000ac	0107a023	sw	x16,0(x15)	 x15:0x00020000 x16:0x00000030 PA:0x00020000 store:0x00000030 load:0x00000000
          36130	     18061	001000b0	00154703	lbu	x14,1(x10)	 x10:0x00101c48 x14=0x0000002c PA:0x00101c49 store:0x001017b4
          36132	     18062	001000b4	04070e63	beq	x14,x0,100110	 x14:0x0000002c  x0:0x00000000
          36136	     18064	001000b8	00e7a023	sw	x14,0(x15)	 x15:0x00020000 x14:0x0000002c PA:0x00020000 store:0x0000002c load:0x00000000
          36140	     18066	001000bc	00254283	lbu	x5,2(x10)	 x10:0x00101c48  x5=0x00000020 PA:0x00101c4a store:0x00137fa0
          36142	     18067	001000c0	04028863	beq	x5,x0,100110	  x5:0x00000020  x0:0x00000000
          36146	     18069	001000c4	0057a023	sw	x5,0(x15)	 x15:0x00020000  x5:0x00000020 PA:0x00020000 store:0x00000020 load:0x00000000
          36150	     18071	001000c8	00354303	lbu	x6,3(x10)	 x10:0x00101c48  x6=0x0000002d PA:0x00101c4b store:0x00000000
          36152	     18072	001000cc	04030263	beq	x6,x0,100110	  x6:0x0000002d  x0:0x00000000
          36156	     18074	001000d0	0067a023	sw	x6,0(x15)	 x15:0x00020000  x6:0x0000002d PA:0x00020000 store:0x0000002d load:0x00000000
          36160	     18076	001000d4	00454383	lbu	x7,4(x10)	 x10:0x00101c48  x7=0x00000030 PA:0x00101c4c store:0x00000000
          36162	     18077	001000d8	02038c63	beq	x7,x0,100110	  x7:0x00000030  x0:0x00000000
          36166	     18079	001000dc	0077a023	sw	x7,0(x15)	 x15:0x00020000  x7:0x00000030 PA:0x00020000 store:0x00000030 load:0x00000000
          36170	     18081	001000e0	00554583	lbu	x11,5(x10)	 x10:0x00101c48 x11=0x0000002e PA:0x00101c4d store:0x00000020
          36172	     18082	001000e4	02058663	beq	x11,x0,100110	 x11:0x0000002e  x0:0x00000000
          36176	     18084	001000e8	00b7a023	sw	x11,0(x15)	 x15:0x00020000 x11:0x0000002e PA:0x00020000 store:0x0000002e load:0x00000000
          36180	     18086	001000ec	00654603	lbu	x12,6(x10)	 x10:0x00101c48 x12=0x00000030 PA:0x00101c4e store:0x0000002d
          36182	     18087	001000f0	02060063	beq	x12,x0,100110	 x12:0x00000030  x0:0x00000000
          36186	     18089	001000f4	00c7a023	sw	x12,0(x15)	 x15:0x00020000 x12:0x00000030 PA:0x00020000 store:0x00000030 load:0x00000000
          36190	     18091	001000f8	00754683	lbu	x13,7(x10)	 x10:0x00101c48 x13=0x00000029 PA:0x00101c4f store:0x00000030
          36192	     18092	001000fc	00850513	addi	x10,x10,8	 x10:0x00101c48 x10=0x00101c50
          36194	     18093	00100100	00068863	beq	x13,x0,100110	 x13:0x00000029  x0:0x00000000
          36198	     18095	00100104	00d7a023	sw	x13,0(x15)	 x15:0x00020000 x13:0x00000029 PA:0x00020000 store:0x00000029 load:0x00000000
          36202	     18097	00100108	00054803	lbu	x16,0(x10)	 x10:0x00101c50 x16=0x0000002c PA:0x00101c50 store:0x00000000
          36206	     18099	0010010c	fa0810e3	bne	x16,x0,1000ac	 x16:0x0000002c  x0:0x00000000
          36212	     18102	001000ac	0107a023	sw	x16,0(x15)	 x15:0x00020000 x16:0x0000002c PA:0x00020000 store:0x0000002c load:0x00000000
          36216	     18104	001000b0	00154703	lbu	x14,1(x10)	 x10:0x00101c50 x14=0x00000020 PA:0x00101c51 store:0x001017b4
          36218	     18105	001000b4	04070e63	beq	x14,x0,100110	 x14:0x00000020  x0:0x00000000
          36222	     18107	001000b8	00e7a023	sw	x14,0(x15)	 x15:0x00020000 x14:0x00000020 PA:0x00020000 store:0x00000020 load:0x00000000
          36226	     18109	001000bc	00254283	lbu	x5,2(x10)	 x10:0x00101c50  x5=0x00000065 PA:0x00101c52 store:0x00137fa0
          36228	     18110	001000c0	04028863	beq	x5,x0,100110	  x5:0x00000065  x0:0x00000000
          36232	     18112	001000c4	0057a023	sw	x5,0(x15)	 x15:0x00020000  x5:0x00000065 PA:0x00020000 store:0x00000065 load:0x00000000
          36236	     18114	001000c8	00354303	lbu	x6,3(x10)	 x10:0x00101c50  x6=0x00000078 PA:0x00101c53 store:0x00000000
          36238	     18115	001000cc	04030263	beq	x6,x0,100110	  x6:0x00000078  x0:0x00000000
          36242	     18117	001000d0	0067a023	sw	x6,0(x15)	 x15:0x00020000  x6:0x00000078 PA:0x00020000 store:0x00000078 load:0x00000000
          36246	     18119	001000d4	00454383	lbu	x7,4(x10)	 x10:0x00101c50  x7=0x00000070 PA:0x00101c54 store:0x00000000
          36248	     18120	001000d8	02038c63	beq	x7,x0,100110	  x7:0x00000070  x0:0x00000000
          36252	     18122	001000dc	0077a023	sw	x7,0(x15)	 x15:0x00020000  x7:0x00000070 PA:0x00020000 store:0x00000070 load:0x00000000
          36256	     18124	001000e0	00554583	lbu	x11,5(x10)	 x10:0x00101c50 x11=0x00000065 PA:0x00101c55 store:0x00000065
          36258	     18125	001000e4	02058663	beq	x11,x0,100110	 x11:0x00000065  x0:0x00000000
          36262	     18127	001000e8	00b7a023	sw	x11,0(x15)	 x15:0x00020000 x11:0x00000065 PA:0x00020000 store:0x00000065 load:0x00000000
          36266	     18129	001000ec	00654603	lbu	x12,6(x10)	 x10:0x00101c50 x12=0x00000063 PA:0x00101c56 store:0x00000078
          36268	     18130	001000f0	02060063	beq	x12,x0,100110	 x12:0x00000063  x0:0x00000000
          36272	     18132	001000f4	00c7a023	sw	x12,0(x15)	 x15:0x00020000 x12:0x00000063 PA:0x00020000 store:0x00000063 load:0x00000000
          36276	     18134	001000f8	00754683	lbu	x13,7(x10)	 x10:0x00101c50 x13=0x00000074 PA:0x00101c57 store:0x00000070
          36278	     18135	001000fc	00850513	addi	x10,x10,8	 x10:0x00101c50 x10=0x00101c58
          36280	     18136	00100100	00068863	beq	x13,x0,100110	 x13:0x00000074  x0:0x00000000
          36284	     18138	00100104	00d7a023	sw	x13,0(x15)	 x15:0x00020000 x13:0x00000074 PA:0x00020000 store:0x00000074 load:0x00000000
          36288	     18140	00100108	00054803	lbu	x16,0(x10)	 x10:0x00101c58 x16=0x00000069 PA:0x00101c58 store:0x00000000
          36292	     18142	0010010c	fa0810e3	bne	x16,x0,1000ac	 x16:0x00000069  x0:0x00000000
          36298	     18145	001000ac	0107a023	sw	x16,0(x15)	 x15:0x00020000 x16:0x00000069 PA:0x00020000 store:0x00000069 load:0x00000000
          36302	     18147	001000b0	00154703	lbu	x14,1(x10)	 x10:0x00101c58 x14=0x0000006e PA:0x00101c59 store:0x001017b4
          36304	     18148	001000b4	04070e63	beq	x14,x0,100110	 x14:0x0000006e  x0:0x00000000
          36308	     18150	001000b8	00e7a023	sw	x14,0(x15)	 x15:0x00020000 x14:0x0000006e PA:0x00020000 store:0x0000006e load:0x00000000
          36312	     18152	001000bc	00254283	lbu	x5,2(x10)	 x10:0x00101c58  x5=0x00000067 PA:0x00101c5a store:0x00137fa0
          36314	     18153	001000c0	04028863	beq	x5,x0,100110	  x5:0x00000067  x0:0x00000000
          36318	     18155	001000c4	0057a023	sw	x5,0(x15)	 x15:0x00020000  x5:0x00000067 PA:0x00020000 store:0x00000067 load:0x00000000
          36322	     18157	001000c8	00354303	lbu	x6,3(x10)	 x10:0x00101c58  x6=0x0000003a PA:0x00101c5b store:0x00000000
          36324	     18158	001000cc	04030263	beq	x6,x0,100110	  x6:0x0000003a  x0:0x00000000
          36328	     18160	001000d0	0067a023	sw	x6,0(x15)	 x15:0x00020000  x6:0x0000003a PA:0x00020000 store:0x0000003a load:0x00000000
          36332	     18162	001000d4	00454383	lbu	x7,4(x10)	 x10:0x00101c58  x7=0x00000020 PA:0x00101c5c store:0x00000000
          36334	     18163	001000d8	02038c63	beq	x7,x0,100110	  x7:0x00000020  x0:0x00000000
          36338	     18165	001000dc	0077a023	sw	x7,0(x15)	 x15:0x00020000  x7:0x00000020 PA:0x00020000 store:0x00000020 load:0x00000000
          36342	     18167	001000e0	00554583	lbu	x11,5(x10)	 x10:0x00101c58 x11=0x00000030 PA:0x00101c5d store:0x00000067
          36344	     18168	001000e4	02058663	beq	x11,x0,100110	 x11:0x00000030  x0:0x00000000
          36348	     18170	001000e8	00b7a023	sw	x11,0(x15)	 x15:0x00020000 x11:0x00000030 PA:0x00020000 store:0x00000030 load:0x00000000
          36352	     18172	001000ec	00654603	lbu	x12,6(x10)	 x10:0x00101c58 x12=0x00000078 PA:0x00101c5e store:0x0000003a
          36354	     18173	001000f0	02060063	beq	x12,x0,100110	 x12:0x00000078  x0:0x00000000
          36358	     18175	001000f4	00c7a023	sw	x12,0(x15)	 x15:0x00020000 x12:0x00000078 PA:0x00020000 store:0x00000078 load:0x00000000
          36362	     18177	001000f8	00754683	lbu	x13,7(x10)	 x10:0x00101c58 x13=0x00000030 PA:0x00101c5f store:0x00000020
          36364	     18178	001000fc	00850513	addi	x10,x10,8	 x10:0x00101c58 x10=0x00101c60
          36366	     18179	00100100	00068863	beq	x13,x0,100110	 x13:0x00000030  x0:0x00000000
          36370	     18181	00100104	00d7a023	sw	x13,0(x15)	 x15:0x00020000 x13:0x00000030 PA:0x00020000 store:0x00000030 load:0x00000000
          36374	     18183	00100108	00054803	lbu	x16,0(x10)	 x10:0x00101c60 x16=0x0000003a PA:0x00101c60 store:0x00000000
          36378	     18185	0010010c	fa0810e3	bne	x16,x0,1000ac	 x16:0x0000003a  x0:0x00000000
          36384	     18188	001000ac	0107a023	sw	x16,0(x15)	 x15:0x00020000 x16:0x0000003a PA:0x00020000 store:0x0000003a load:0x00000000
          36388	     18190	001000b0	00154703	lbu	x14,1(x10)	 x10:0x00101c60 x14=0x00000020 PA:0x00101c61 store:0x001017b4
          36390	     18191	001000b4	04070e63	beq	x14,x0,100110	 x14:0x00000020  x0:0x00000000
          36394	     18193	001000b8	00e7a023	sw	x14,0(x15)	 x15:0x00020000 x14:0x00000020 PA:0x00020000 store:0x00000020 load:0x00000000
          36398	     18195	001000bc	00254283	lbu	x5,2(x10)	 x10:0x00101c60  x5=0x00000000 PA:0x00101c62 store:0x00137fa0
          36402	     18197	001000c0	04028863	beq	x5,x0,100110	  x5:0x00000000  x0:0x00000000
          36406	     18199	00100110	00000513	addi	x10,x0,0	  x0:0x00000000 x10=0x00000000
          36410	     18201	00100114	00008067	jalr	x0,0(x1)	  x1:0x001017b4  x0=0x00000000
          36414	     18203	001017b4	cf8a2503	lw	x10,-776(x20)	 x20:0x00102000 x10=0x00000000 PA:0x00101cf8 store:0x00102000
          36418	     18205	001017b8	969fe0ef	jal	x1,100120	  x1=0x001017bc
          36420	     18206	00100120	01c55793	srli	x15,x10,0x1c	 x10:0x00000000 x15=0x00000000
          36422	     18207	00100124	00900713	addi	x14,x0,9	  x0:0x00000000 x14=0x00000009
          36426	     18209	00100128	0cf77a63	bgeu	x14,x15,1001fc	 x14:0x00000009 x15:0x00000000
          36430	     18211	001001fc	03078393	addi	x7,x15,48	 x15:0x00000000  x7=0x00000030
          36432	     18212	00100200	000205b7	lui	x11,0x20	 x11=0x00020000
          36434	     18213	00100204	00451613	slli	x12,x10,0x4	 x10:0x00000000 x12=0x00000000
          36438	     18215	00100208	0075a023	sw	x7,0(x11)	 x11:0x00020000  x7:0x00000030 PA:0x00020000 store:0x00000030 load:0x00000000
          36440	     18216	0010020c	01c65693	srli	x13,x12,0x1c	 x12:0x00000000 x13=0x00000000
          36442	     18217	00100210	00900813	addi	x16,x0,9	  x0:0x00000000 x16=0x00000009
          36444	     18218	00100214	f2d86ae3	bltu	x16,x13,100148	 x16:0x00000009 x13:0x00000000
          36446	     18219	00100218	03068e93	addi	x29,x13,48	 x13:0x00000000 x29=0x00000030
          36448	     18220	0010021c	00020f37	lui	x30,0x20	 x30=0x00020000
          36450	     18221	00100220	00851f93	slli	x31,x10,0x8	 x10:0x00000000 x31=0x00000000
          36454	     18223	00100224	01df2023	sw	x29,0(x30)	 x30:0x00020000 x29:0x00000030 PA:0x00020000 store:0x00000030 load:0x00000000
          36456	     18224	00100228	01cfd793	srli	x15,x31,0x1c	 x31:0x00000000 x15=0x00000000
          36458	     18225	0010022c	00900713	addi	x14,x0,9	  x0:0x00000000 x14=0x00000009
          36460	     18226	00100230	f2f76ae3	bltu	x14,x15,100164	 x14:0x00000009 x15:0x00000000
          36462	     18227	00100234	03078393	addi	x7,x15,48	 x15:0x00000000  x7=0x00000030
          36464	     18228	00100238	000205b7	lui	x11,0x20	 x11=0x00020000
          36466	     18229	0010023c	00c51613	slli	x12,x10,0xc	 x10:0x00000000 x12=0x00000000
          36470	     18231	00100240	0075a023	sw	x7,0(x11)	 x11:0x00020000  x7:0x00000030 PA:0x00020000 store:0x00000030 load:0x00000000
          36472	     18232	00100244	01c65693	srli	x13,x12,0x1c	 x12:0x00000000 x13=0x00000000
          36474	     18233	00100248	00900813	addi	x16,x0,9	  x0:0x00000000 x16=0x00000009
          36476	     18234	0010024c	f2d86ae3	bltu	x16,x13,100180	 x16:0x00000009 x13:0x00000000
          36478	     18235	00100250	03068e93	addi	x29,x13,48	 x13:0x00000000 x29=0x00000030
          36480	     18236	00100254	00020f37	lui	x30,0x20	 x30=0x00020000
          36482	     18237	00100258	01051f93	slli	x31,x10,0x10	 x10:0x00000000 x31=0x00000000
          36486	     18239	0010025c	01df2023	sw	x29,0(x30)	 x30:0x00020000 x29:0x00000030 PA:0x00020000 store:0x00000030 load:0x00000000
          36488	     18240	00100260	01cfd793	srli	x15,x31,0x1c	 x31:0x00000000 x15=0x00000000
          36490	     18241	00100264	00900713	addi	x14,x0,9	  x0:0x00000000 x14=0x00000009
          36492	     18242	00100268	f2f76ae3	bltu	x14,x15,10019c	 x14:0x00000009 x15:0x00000000
          36494	     18243	0010026c	03078393	addi	x7,x15,48	 x15:0x00000000  x7=0x00000030
          36496	     18244	00100270	000205b7	lui	x11,0x20	 x11=0x00020000
          36498	     18245	00100274	01451613	slli	x12,x10,0x14	 x10:0x00000000 x12=0x00000000
          36502	     18247	00100278	0075a023	sw	x7,0(x11)	 x11:0x00020000  x7:0x00000030 PA:0x00020000 store:0x00000030 load:0x00000000
          36504	     18248	0010027c	01c65693	srli	x13,x12,0x1c	 x12:0x00000000 x13=0x00000000
          36506	     18249	00100280	00900813	addi	x16,x0,9	  x0:0x00000000 x16=0x00000009
          36508	     18250	00100284	f2d86ae3	bltu	x16,x13,1001b8	 x16:0x00000009 x13:0x00000000
          36510	     18251	00100288	03068e93	addi	x29,x13,48	 x13:0x00000000 x29=0x00000030
          36512	     18252	0010028c	00020f37	lui	x30,0x20	 x30=0x00020000
          36514	     18253	00100290	01851f93	slli	x31,x10,0x18	 x10:0x00000000 x31=0x00000000
          36518	     18255	00100294	01df2023	sw	x29,0(x30)	 x30:0x00020000 x29:0x00000030 PA:0x00020000 store:0x00000030 load:0x00000000
          36520	     18256	00100298	01cfd793	srli	x15,x31,0x1c	 x31:0x00000000 x15=0x00000000
          36522	     18257	0010029c	00900713	addi	x14,x0,9	  x0:0x00000000 x14=0x00000009
          36524	     18258	001002a0	f2f76ae3	bltu	x14,x15,1001d4	 x14:0x00000009 x15:0x00000000
          36526	     18259	001002a4	03078393	addi	x7,x15,48	 x15:0x00000000  x7=0x00000030
          36528	     18260	001002a8	000205b7	lui	x11,0x20	 x11=0x00020000
          36532	     18262	001002ac	0075a023	sw	x7,0(x11)	 x11:0x00020000  x7:0x00000030 PA:0x00020000 store:0x00000030 load:0x00000000
          36534	     18263	001002b0	00f57513	andi	x10,x10,15	 x10:0x00000000 x10=0x00000000
          36536	     18264	001002b4	00900613	addi	x12,x0,9	  x0:0x00000000 x12=0x00000009
          36540	     18266	001002b8	f2a67ae3	bgeu	x12,x10,1001ec	 x12:0x00000009 x10:0x00000000
          36544	     18268	001001ec	03050893	addi	x17,x10,48	 x10:0x00000000 x17=0x00000030
          36546	     18269	001001f0	00020e37	lui	x28,0x20	 x28=0x00020000
          36550	     18271	001001f4	011e2023	sw	x17,0(x28)	 x28:0x00020000 x17:0x00000030 PA:0x00020000 store:0x00000030 load:0x00000000
          36564	     18278	001001f8	00008067	jalr	x0,0(x1)	  x1:0x001017bc  x0=0x00000000
          36566	     18279	001017bc	d28ba227	fsw	f8,-732(x23)	 f23:0x00102000  f8:0x00102000 PA:0x00101d24 store:0x00000047 load:0x00000000
          36568	     18280	001017c0	d35ca027	fsw	f21,-736(x25)	 f25:0x00102000 f21:0x00102000 PA:0x00101d20 store:0x00000007 load:0x00000007
          36570	     18281	001017c4	d24ba407	flw	f8,-732(x23)	 f23:0x00102000  f8=0x00000000 PA:0x00101d24 store:0x80000000
          36572	     18282	001017c8	d20cae87	flw	f29,-736(x25)	 f25:0x00102000 f29=0x00000000 PA:0x00000000
          36578	     18285	001017cc	29d41f53	fmax.s	f30,f8,f29	  f8:0x00102000 f29:0x00000030 f30=0x00000000
          36586	     18289	001017d0	d1eaa027	fsw	f30,-768(x21)	 f21:0x00102000 f30:0x00020000 PA:0x00101d00 store:0x00000047 load:0x00000007
          36594	     18293	001017d4	d00aaf87	flw	f31,-768(x21)	 f21:0x00102000 f31=0x00000000 PA:0x00101d00 store:0x7fa00000
          36600	     18296	001017d8	c6498513	addi	x10,x19,-924	 x19:0x00102000 x10=0x00101c64
          36602	     18297	001017dc	e00f86d3	fmv.x.w	x13,f31	 f31:0x00000000 x13=0x00000047
          36604	     18298	001017e0	ceda2c23	sw	x13,-776(x20)	 x20:0x00102000 x13:0x00000047 PA:0x00101cf8 store:0x00000047 load:0x00000047
          36606	     18299	001017e4	8bdfe0ef	jal	x1,1000a0	  x1=0x001017e8
          36610	     18301	001000a0	00054803	lbu	x16,0(x10)	 x10:0x00101c64 x16=0x0000000a PA:0x00101c64 store:0x00000000
          36612	     18302	001000a4	06080663	beq	x16,x0,100110	 x16:0x0000000a  x0:0x00000000
          36614	     18303	001000a8	000207b7	lui	x15,0x20	 x15=0x00020000
          36618	     18305	001000ac	0107a023	sw	x16,0(x15)	 x15:0x00020000 x16:0x0000000a PA:0x00020000 store:0x0000000a load:0x00000000
          36622	     18307	001000b0	00154703	lbu	x14,1(x10)	 x10:0x00101c64 x14=0x00000020 PA:0x00101c65 store:0x001017e8
          36624	     18308	001000b4	04070e63	beq	x14,x0,100110	 x14:0x00000020  x0:0x00000000
          36628	     18310	001000b8	00e7a023	sw	x14,0(x15)	 x15:0x00020000 x14:0x00000020 PA:0x00020000 store:0x00000020 load:0x00000000
          36632	     18312	001000bc	00254283	lbu	x5,2(x10)	 x10:0x00101c64  x5=0x0000004d PA:0x00101c66 store:0x00137fa0
          36634	     18313	001000c0	04028863	beq	x5,x0,100110	  x5:0x0000004d  x0:0x00000000
          36638	     18315	001000c4	0057a023	sw	x5,0(x15)	 x15:0x00020000  x5:0x0000004d PA:0x00020000 store:0x0000004d load:0x00000000
          36642	     18317	001000c8	00354303	lbu	x6,3(x10)	 x10:0x00101c64  x6=0x00000041 PA:0x00101c67 store:0x00000000
          36644	     18318	001000cc	04030263	beq	x6,x0,100110	  x6:0x00000041  x0:0x00000000
          36648	     18320	001000d0	0067a023	sw	x6,0(x15)	 x15:0x00020000  x6:0x00000041 PA:0x00020000 store:0x00000041 load:0x00000000
          36652	     18322	001000d4	00454383	lbu	x7,4(x10)	 x10:0x00101c64  x7=0x00000058 PA:0x00101c68 store:0x00000000
          36654	     18323	001000d8	02038c63	beq	x7,x0,100110	  x7:0x00000058  x0:0x00000000
          36658	     18325	001000dc	0077a023	sw	x7,0(x15)	 x15:0x00020000  x7:0x00000058 PA:0x00020000 store:0x00000058 load:0x00000000
          36662	     18327	001000e0	00554583	lbu	x11,5(x10)	 x10:0x00101c64 x11=0x00000028 PA:0x00101c69 store:0x0000004d
          36664	     18328	001000e4	02058663	beq	x11,x0,100110	 x11:0x00000028  x0:0x00000000
          36668	     18330	001000e8	00b7a023	sw	x11,0(x15)	 x15:0x00020000 x11:0x00000028 PA:0x00020000 store:0x00000028 load:0x00000000
          36672	     18332	001000ec	00654603	lbu	x12,6(x10)	 x10:0x00101c64 x12=0x00000031 PA:0x00101c6a store:0x00000041
          36674	     18333	001000f0	02060063	beq	x12,x0,100110	 x12:0x00000031  x0:0x00000000
          36678	     18335	001000f4	00c7a023	sw	x12,0(x15)	 x15:0x00020000 x12:0x00000031 PA:0x00020000 store:0x00000031 load:0x00000000
          36682	     18337	001000f8	00754683	lbu	x13,7(x10)	 x10:0x00101c64 x13=0x0000002e PA:0x00101c6b store:0x00000058
          36684	     18338	001000fc	00850513	addi	x10,x10,8	 x10:0x00101c64 x10=0x00101c6c
          36686	     18339	00100100	00068863	beq	x13,x0,100110	 x13:0x0000002e  x0:0x00000000
          36690	     18341	00100104	00d7a023	sw	x13,0(x15)	 x15:0x00020000 x13:0x0000002e PA:0x00020000 store:0x0000002e load:0x00000000
          36694	     18343	00100108	00054803	lbu	x16,0(x10)	 x10:0x00101c6c x16=0x00000030 PA:0x00101c6c store:0x00000000
          36698	     18345	0010010c	fa0810e3	bne	x16,x0,1000ac	 x16:0x00000030  x0:0x00000000
          36704	     18348	001000ac	0107a023	sw	x16,0(x15)	 x15:0x00020000 x16:0x00000030 PA:0x00020000 store:0x00000030 load:0x00000000
          36708	     18350	001000b0	00154703	lbu	x14,1(x10)	 x10:0x00101c6c x14=0x00000065 PA:0x00101c6d store:0x001017e8
          36710	     18351	001000b4	04070e63	beq	x14,x0,100110	 x14:0x00000065  x0:0x00000000
          36714	     18353	001000b8	00e7a023	sw	x14,0(x15)	 x15:0x00020000 x14:0x00000065 PA:0x00020000 store:0x00000065 load:0x00000000
          36718	     18355	001000bc	00254283	lbu	x5,2(x10)	 x10:0x00101c6c  x5=0x0000002d PA:0x00101c6e store:0x00137fa0
          36720	     18356	001000c0	04028863	beq	x5,x0,100110	  x5:0x0000002d  x0:0x00000000
          36724	     18358	001000c4	0057a023	sw	x5,0(x15)	 x15:0x00020000  x5:0x0000002d PA:0x00020000 store:0x0000002d load:0x00000000
          36728	     18360	001000c8	00354303	lbu	x6,3(x10)	 x10:0x00101c6c  x6=0x00000034 PA:0x00101c6f store:0x00000000
          36730	     18361	001000cc	04030263	beq	x6,x0,100110	  x6:0x00000034  x0:0x00000000
          36734	     18363	001000d0	0067a023	sw	x6,0(x15)	 x15:0x00020000  x6:0x00000034 PA:0x00020000 store:0x00000034 load:0x00000000
          36738	     18365	001000d4	00454383	lbu	x7,4(x10)	 x10:0x00101c6c  x7=0x00000033 PA:0x00101c70 store:0x00000000
          36740	     18366	001000d8	02038c63	beq	x7,x0,100110	  x7:0x00000033  x0:0x00000000
          36744	     18368	001000dc	0077a023	sw	x7,0(x15)	 x15:0x00020000  x7:0x00000033 PA:0x00020000 store:0x00000033 load:0x00000000
          36748	     18370	001000e0	00554583	lbu	x11,5(x10)	 x10:0x00101c6c x11=0x0000002c PA:0x00101c71 store:0x0000002d
          36750	     18371	001000e4	02058663	beq	x11,x0,100110	 x11:0x0000002c  x0:0x00000000
          36754	     18373	001000e8	00b7a023	sw	x11,0(x15)	 x15:0x00020000 x11:0x0000002c PA:0x00020000 store:0x0000002c load:0x00000000
          36758	     18375	001000ec	00654603	lbu	x12,6(x10)	 x10:0x00101c6c x12=0x00000020 PA:0x00101c72 store:0x00000034
          36760	     18376	001000f0	02060063	beq	x12,x0,100110	 x12:0x00000020  x0:0x00000000
          36764	     18378	001000f4	00c7a023	sw	x12,0(x15)	 x15:0x00020000 x12:0x00000020 PA:0x00020000 store:0x00000020 load:0x00000000
          36768	     18380	001000f8	00754683	lbu	x13,7(x10)	 x10:0x00101c6c x13=0x00000031 PA:0x00101c73 store:0x00000033
          36770	     18381	001000fc	00850513	addi	x10,x10,8	 x10:0x00101c6c x10=0x00101c74
          36772	     18382	00100100	00068863	beq	x13,x0,100110	 x13:0x00000031  x0:0x00000000
          36776	     18384	00100104	00d7a023	sw	x13,0(x15)	 x15:0x00020000 x13:0x00000031 PA:0x00020000 store:0x00000031 load:0x00000000
          36780	     18386	00100108	00054803	lbu	x16,0(x10)	 x10:0x00101c74 x16=0x0000002e PA:0x00101c74 store:0x00000000
          36784	     18388	0010010c	fa0810e3	bne	x16,x0,1000ac	 x16:0x0000002e  x0:0x00000000
          36790	     18391	001000ac	0107a023	sw	x16,0(x15)	 x15:0x00020000 x16:0x0000002e PA:0x00020000 store:0x0000002e load:0x00000000
          36794	     18393	001000b0	00154703	lbu	x14,1(x10)	 x10:0x00101c74 x14=0x00000030 PA:0x00101c75 store:0x001017e8
          36796	     18394	001000b4	04070e63	beq	x14,x0,100110	 x14:0x00000030  x0:0x00000000
          36800	     18396	001000b8	00e7a023	sw	x14,0(x15)	 x15:0x00020000 x14:0x00000030 PA:0x00020000 store:0x00000030 load:0x00000000
          36804	     18398	001000bc	00254283	lbu	x5,2(x10)	 x10:0x00101c74  x5=0x00000065 PA:0x00101c76 store:0x00137fa0
          36806	     18399	001000c0	04028863	beq	x5,x0,100110	  x5:0x00000065  x0:0x00000000
          36810	     18401	001000c4	0057a023	sw	x5,0(x15)	 x15:0x00020000  x5:0x00000065 PA:0x00020000 store:0x00000065 load:0x00000000
          36814	     18403	001000c8	00354303	lbu	x6,3(x10)	 x10:0x00101c74  x6=0x0000002d PA:0x00101c77 store:0x00000000
          36816	     18404	001000cc	04030263	beq	x6,x0,100110	  x6:0x0000002d  x0:0x00000000
          36820	     18406	001000d0	0067a023	sw	x6,0(x15)	 x15:0x00020000  x6:0x0000002d PA:0x00020000 store:0x0000002d load:0x00000000
          36824	     18408	001000d4	00454383	lbu	x7,4(x10)	 x10:0x00101c74  x7=0x00000034 PA:0x00101c78 store:0x00000000
          36826	     18409	001000d8	02038c63	beq	x7,x0,100110	  x7:0x00000034  x0:0x00000000
          36830	     18411	001000dc	0077a023	sw	x7,0(x15)	 x15:0x00020000  x7:0x00000034 PA:0x00020000 store:0x00000034 load:0x00000000
          36834	     18413	001000e0	00554583	lbu	x11,5(x10)	 x10:0x00101c74 x11=0x00000034 PA:0x00101c79 store:0x00000065
          36836	     18414	001000e4	02058663	beq	x11,x0,100110	 x11:0x00000034  x0:0x00000000
          36840	     18416	001000e8	00b7a023	sw	x11,0(x15)	 x15:0x00020000 x11:0x00000034 PA:0x00020000 store:0x00000034 load:0x00000000
          36844	     18418	001000ec	00654603	lbu	x12,6(x10)	 x10:0x00101c74 x12=0x00000029 PA:0x00101c7a store:0x0000002d
          36846	     18419	001000f0	02060063	beq	x12,x0,100110	 x12:0x00000029  x0:0x00000000
          36850	     18421	001000f4	00c7a023	sw	x12,0(x15)	 x15:0x00020000 x12:0x00000029 PA:0x00020000 store:0x00000029 load:0x00000000
          36854	     18423	001000f8	00754683	lbu	x13,7(x10)	 x10:0x00101c74 x13=0x0000002c PA:0x00101c7b store:0x00000034
          36856	     18424	001000fc	00850513	addi	x10,x10,8	 x10:0x00101c74 x10=0x00101c7c
          36858	     18425	00100100	00068863	beq	x13,x0,100110	 x13:0x0000002c  x0:0x00000000
          36862	     18427	00100104	00d7a023	sw	x13,0(x15)	 x15:0x00020000 x13:0x0000002c PA:0x00020000 store:0x0000002c load:0x00000000
          36866	     18429	00100108	00054803	lbu	x16,0(x10)	 x10:0x00101c7c x16=0x00000020 PA:0x00101c7c store:0x00000000
          36870	     18431	0010010c	fa0810e3	bne	x16,x0,1000ac	 x16:0x00000020  x0:0x00000000
          36876	     18434	001000ac	0107a023	sw	x16,0(x15)	 x15:0x00020000 x16:0x00000020 PA:0x00020000 store:0x00000020 load:0x00000000
          36880	     18436	001000b0	00154703	lbu	x14,1(x10)	 x10:0x00101c7c x14=0x00000065 PA:0x00101c7d store:0x001017e8
          36882	     18437	001000b4	04070e63	beq	x14,x0,100110	 x14:0x00000065  x0:0x00000000
          36886	     18439	001000b8	00e7a023	sw	x14,0(x15)	 x15:0x00020000 x14:0x00000065 PA:0x00020000 store:0x00000065 load:0x00000000
          36890	     18441	001000bc	00254283	lbu	x5,2(x10)	 x10:0x00101c7c  x5=0x00000078 PA:0x00101c7e store:0x00137fa0
          36892	     18442	001000c0	04028863	beq	x5,x0,100110	  x5:0x00000078  x0:0x00000000
          36896	     18444	001000c4	0057a023	sw	x5,0(x15)	 x15:0x00020000  x5:0x00000078 PA:0x00020000 store:0x00000078 load:0x00000000
          36900	     18446	001000c8	00354303	lbu	x6,3(x10)	 x10:0x00101c7c  x6=0x00000070 PA:0x00101c7f store:0x00000000
          36902	     18447	001000cc	04030263	beq	x6,x0,100110	  x6:0x00000070  x0:0x00000000
          36906	     18449	001000d0	0067a023	sw	x6,0(x15)	 x15:0x00020000  x6:0x00000070 PA:0x00020000 store:0x00000070 load:0x00000000
          36910	     18451	001000d4	00454383	lbu	x7,4(x10)	 x10:0x00101c7c  x7=0x00000065 PA:0x00101c80 store:0x00000000
          36912	     18452	001000d8	02038c63	beq	x7,x0,100110	  x7:0x00000065  x0:0x00000000
          36916	     18454	001000dc	0077a023	sw	x7,0(x15)	 x15:0x00020000  x7:0x00000065 PA:0x00020000 store:0x00000065 load:0x00000000
          36920	     18456	001000e0	00554583	lbu	x11,5(x10)	 x10:0x00101c7c x11=0x00000063 PA:0x00101c81 store:0x00000078
          36922	     18457	001000e4	02058663	beq	x11,x0,100110	 x11:0x00000063  x0:0x00000000
          36926	     18459	001000e8	00b7a023	sw	x11,0(x15)	 x15:0x00020000 x11:0x00000063 PA:0x00020000 store:0x00000063 load:0x00000000
          36930	     18461	001000ec	00654603	lbu	x12,6(x10)	 x10:0x00101c7c x12=0x00000074 PA:0x00101c82 store:0x00000070
          36932	     18462	001000f0	02060063	beq	x12,x0,100110	 x12:0x00000074  x0:0x00000000
          36936	     18464	001000f4	00c7a023	sw	x12,0(x15)	 x15:0x00020000 x12:0x00000074 PA:0x00020000 store:0x00000074 load:0x00000000
          36940	     18466	001000f8	00754683	lbu	x13,7(x10)	 x10:0x00101c7c x13=0x00000069 PA:0x00101c83 store:0x00000065
          36942	     18467	001000fc	00850513	addi	x10,x10,8	 x10:0x00101c7c x10=0x00101c84
          36944	     18468	00100100	00068863	beq	x13,x0,100110	 x13:0x00000069  x0:0x00000000
          36948	     18470	00100104	00d7a023	sw	x13,0(x15)	 x15:0x00020000 x13:0x00000069 PA:0x00020000 store:0x00000069 load:0x00000000
          36952	     18472	00100108	00054803	lbu	x16,0(x10)	 x10:0x00101c84 x16=0x0000006e PA:0x00101c84 store:0x00000000
          36956	     18474	0010010c	fa0810e3	bne	x16,x0,1000ac	 x16:0x0000006e  x0:0x00000000
          36962	     18477	001000ac	0107a023	sw	x16,0(x15)	 x15:0x00020000 x16:0x0000006e PA:0x00020000 store:0x0000006e load:0x00000000
          36966	     18479	001000b0	00154703	lbu	x14,1(x10)	 x10:0x00101c84 x14=0x00000067 PA:0x00101c85 store:0x001017e8
          36968	     18480	001000b4	04070e63	beq	x14,x0,100110	 x14:0x00000067  x0:0x00000000
          36972	     18482	001000b8	00e7a023	sw	x14,0(x15)	 x15:0x00020000 x14:0x00000067 PA:0x00020000 store:0x00000067 load:0x00000000
          36976	     18484	001000bc	00254283	lbu	x5,2(x10)	 x10:0x00101c84  x5=0x0000003a PA:0x00101c86 store:0x00137fa0
          36978	     18485	001000c0	04028863	beq	x5,x0,100110	  x5:0x0000003a  x0:0x00000000
          36982	     18487	001000c4	0057a023	sw	x5,0(x15)	 x15:0x00020000  x5:0x0000003a PA:0x00020000 store:0x0000003a load:0x00000000
          36986	     18489	001000c8	00354303	lbu	x6,3(x10)	 x10:0x00101c84  x6=0x00000020 PA:0x00101c87 store:0x00000000
          36988	     18490	001000cc	04030263	beq	x6,x0,100110	  x6:0x00000020  x0:0x00000000
          36992	     18492	001000d0	0067a023	sw	x6,0(x15)	 x15:0x00020000  x6:0x00000020 PA:0x00020000 store:0x00000020 load:0x00000000
          36996	     18494	001000d4	00454383	lbu	x7,4(x10)	 x10:0x00101c84  x7=0x00000030 PA:0x00101c88 store:0x00000000
          36998	     18495	001000d8	02038c63	beq	x7,x0,100110	  x7:0x00000030  x0:0x00000000
          37002	     18497	001000dc	0077a023	sw	x7,0(x15)	 x15:0x00020000  x7:0x00000030 PA:0x00020000 store:0x00000030 load:0x00000000
          37006	     18499	001000e0	00554583	lbu	x11,5(x10)	 x10:0x00101c84 x11=0x00000078 PA:0x00101c89 store:0x0000003a
          37008	     18500	001000e4	02058663	beq	x11,x0,100110	 x11:0x00000078  x0:0x00000000
          37012	     18502	001000e8	00b7a023	sw	x11,0(x15)	 x15:0x00020000 x11:0x00000078 PA:0x00020000 store:0x00000078 load:0x00000000
          37016	     18504	001000ec	00654603	lbu	x12,6(x10)	 x10:0x00101c84 x12=0x00000030 PA:0x00101c8a store:0x00000020
          37018	     18505	001000f0	02060063	beq	x12,x0,100110	 x12:0x00000030  x0:0x00000000
          37022	     18507	001000f4	00c7a023	sw	x12,0(x15)	 x15:0x00020000 x12:0x00000030 PA:0x00020000 store:0x00000030 load:0x00000000
          37026	     18509	001000f8	00754683	lbu	x13,7(x10)	 x10:0x00101c84 x13=0x00000030 PA:0x00101c8b store:0x00000030
          37028	     18510	001000fc	00850513	addi	x10,x10,8	 x10:0x00101c84 x10=0x00101c8c
          37030	     18511	00100100	00068863	beq	x13,x0,100110	 x13:0x00000030  x0:0x00000000
          37034	     18513	00100104	00d7a023	sw	x13,0(x15)	 x15:0x00020000 x13:0x00000030 PA:0x00020000 store:0x00000030 load:0x00000000
          37038	     18515	00100108	00054803	lbu	x16,0(x10)	 x10:0x00101c8c x16=0x00000030 PA:0x00101c8c store:0x00000000
          37042	     18517	0010010c	fa0810e3	bne	x16,x0,1000ac	 x16:0x00000030  x0:0x00000000
          37048	     18520	001000ac	0107a023	sw	x16,0(x15)	 x15:0x00020000 x16:0x00000030 PA:0x00020000 store:0x00000030 load:0x00000000
          37052	     18522	001000b0	00154703	lbu	x14,1(x10)	 x10:0x00101c8c x14=0x00000030 PA:0x00101c8d store:0x001017e8
          37054	     18523	001000b4	04070e63	beq	x14,x0,100110	 x14:0x00000030  x0:0x00000000
          37058	     18525	001000b8	00e7a023	sw	x14,0(x15)	 x15:0x00020000 x14:0x00000030 PA:0x00020000 store:0x00000030 load:0x00000000
          37062	     18527	001000bc	00254283	lbu	x5,2(x10)	 x10:0x00101c8c  x5=0x00000030 PA:0x00101c8e store:0x00137fa0
          37064	     18528	001000c0	04028863	beq	x5,x0,100110	  x5:0x00000030  x0:0x00000000
          37068	     18530	001000c4	0057a023	sw	x5,0(x15)	 x15:0x00020000  x5:0x00000030 PA:0x00020000 store:0x00000030 load:0x00000000
          37072	     18532	001000c8	00354303	lbu	x6,3(x10)	 x10:0x00101c8c  x6=0x00000030 PA:0x00101c8f store:0x00000000
          37074	     18533	001000cc	04030263	beq	x6,x0,100110	  x6:0x00000030  x0:0x00000000
          37078	     18535	001000d0	0067a023	sw	x6,0(x15)	 x15:0x00020000  x6:0x00000030 PA:0x00020000 store:0x00000030 load:0x00000000
          37082	     18537	001000d4	00454383	lbu	x7,4(x10)	 x10:0x00101c8c  x7=0x00000034 PA:0x00101c90 store:0x00000000
          37084	     18538	001000d8	02038c63	beq	x7,x0,100110	  x7:0x00000034  x0:0x00000000
          37088	     18540	001000dc	0077a023	sw	x7,0(x15)	 x15:0x00020000  x7:0x00000034 PA:0x00020000 store:0x00000034 load:0x00000000
          37092	     18542	001000e0	00554583	lbu	x11,5(x10)	 x10:0x00101c8c x11=0x00000037 PA:0x00101c91 store:0x00000030
          37094	     18543	001000e4	02058663	beq	x11,x0,100110	 x11:0x00000037  x0:0x00000000
          37098	     18545	001000e8	00b7a023	sw	x11,0(x15)	 x15:0x00020000 x11:0x00000037 PA:0x00020000 store:0x00000037 load:0x00000000
          37102	     18547	001000ec	00654603	lbu	x12,6(x10)	 x10:0x00101c8c x12=0x0000003a PA:0x00101c92 store:0x00000030
          37104	     18548	001000f0	02060063	beq	x12,x0,100110	 x12:0x0000003a  x0:0x00000000
          37108	     18550	001000f4	00c7a023	sw	x12,0(x15)	 x15:0x00020000 x12:0x0000003a PA:0x00020000 store:0x0000003a load:0x00000000
          37112	     18552	001000f8	00754683	lbu	x13,7(x10)	 x10:0x00101c8c x13=0x00000020 PA:0x00101c93 store:0x00000034
          37114	     18553	001000fc	00850513	addi	x10,x10,8	 x10:0x00101c8c x10=0x00101c94
          37116	     18554	00100100	00068863	beq	x13,x0,100110	 x13:0x00000020  x0:0x00000000
          37120	     18556	00100104	00d7a023	sw	x13,0(x15)	 x15:0x00020000 x13:0x00000020 PA:0x00020000 store:0x00000020 load:0x00000000
          37124	     18558	00100108	00054803	lbu	x16,0(x10)	 x10:0x00101c94 x16=0x00000000 PA:0x00101c94 store:0x00000000
          37126	     18559	0010010c	fa0810e3	bne	x16,x0,1000ac	 x16:0x00000000  x0:0x00000000
          37128	     18560	00100110	00000513	addi	x10,x0,0	  x0:0x00000000 x10=0x00000000
          37132	     18562	00100114	00008067	jalr	x0,0(x1)	  x1:0x001017e8  x0=0x00000000
          37136	     18564	001017e8	cf8a2503	lw	x10,-776(x20)	 x20:0x00102000 x10=0x00000047 PA:0x00101cf8 store:0x00102000
          37140	     18566	001017ec	935fe0ef	jal	x1,100120	  x1=0x001017f0
          37142	     18567	00100120	01c55793	srli	x15,x10,0x1c	 x10:0x00000047 x15=0x00000000
          37144	     18568	00100124	00900713	addi	x14,x0,9	  x0:0x00000000 x14=0x00000009
          37148	     18570	00100128	0cf77a63	bgeu	x14,x15,1001fc	 x14:0x00000009 x15:0x00000000
          37152	     18572	001001fc	03078393	addi	x7,x15,48	 x15:0x00000000  x7=0x00000030
          37154	     18573	00100200	000205b7	lui	x11,0x20	 x11=0x00020000
          37156	     18574	00100204	00451613	slli	x12,x10,0x4	 x10:0x00000047 x12=0x00000470
          37160	     18576	00100208	0075a023	sw	x7,0(x11)	 x11:0x00020000  x7:0x00000030 PA:0x00020000 store:0x00000030 load:0x00000000
          37162	     18577	0010020c	01c65693	srli	x13,x12,0x1c	 x12:0x00000470 x13=0x00000000
          37164	     18578	00100210	00900813	addi	x16,x0,9	  x0:0x00000000 x16=0x00000009
          37166	     18579	00100214	f2d86ae3	bltu	x16,x13,100148	 x16:0x00000009 x13:0x00000000
          37168	     18580	00100218	03068e93	addi	x29,x13,48	 x13:0x00000000 x29=0x00000030
          37170	     18581	0010021c	00020f37	lui	x30,0x20	 x30=0x00020000
          37172	     18582	00100220	00851f93	slli	x31,x10,0x8	 x10:0x00000047 x31=0x00004700
          37176	     18584	00100224	01df2023	sw	x29,0(x30)	 x30:0x00020000 x29:0x00000030 PA:0x00020000 store:0x00000030 load:0x00000000
          37178	     18585	00100228	01cfd793	srli	x15,x31,0x1c	 x31:0x00004700 x15=0x00000000
          37180	     18586	0010022c	00900713	addi	x14,x0,9	  x0:0x00000000 x14=0x00000009
          37182	     18587	00100230	f2f76ae3	bltu	x14,x15,100164	 x14:0x00000009 x15:0x00000000
          37184	     18588	00100234	03078393	addi	x7,x15,48	 x15:0x00000000  x7=0x00000030
          37186	     18589	00100238	000205b7	lui	x11,0x20	 x11=0x00020000
          37188	     18590	0010023c	00c51613	slli	x12,x10,0xc	 x10:0x00000047 x12=0x00047000
          37192	     18592	00100240	0075a023	sw	x7,0(x11)	 x11:0x00020000  x7:0x00000030 PA:0x00020000 store:0x00000030 load:0x00000000
          37194	     18593	00100244	01c65693	srli	x13,x12,0x1c	 x12:0x00047000 x13=0x00000000
          37196	     18594	00100248	00900813	addi	x16,x0,9	  x0:0x00000000 x16=0x00000009
          37198	     18595	0010024c	f2d86ae3	bltu	x16,x13,100180	 x16:0x00000009 x13:0x00000000
          37200	     18596	00100250	03068e93	addi	x29,x13,48	 x13:0x00000000 x29=0x00000030
          37202	     18597	00100254	00020f37	lui	x30,0x20	 x30=0x00020000
          37204	     18598	00100258	01051f93	slli	x31,x10,0x10	 x10:0x00000047 x31=0x00470000
          37208	     18600	0010025c	01df2023	sw	x29,0(x30)	 x30:0x00020000 x29:0x00000030 PA:0x00020000 store:0x00000030 load:0x00000000
          37210	     18601	00100260	01cfd793	srli	x15,x31,0x1c	 x31:0x00470000 x15=0x00000000
          37212	     18602	00100264	00900713	addi	x14,x0,9	  x0:0x00000000 x14=0x00000009
          37214	     18603	00100268	f2f76ae3	bltu	x14,x15,10019c	 x14:0x00000009 x15:0x00000000
          37216	     18604	0010026c	03078393	addi	x7,x15,48	 x15:0x00000000  x7=0x00000030
          37218	     18605	00100270	000205b7	lui	x11,0x20	 x11=0x00020000
          37220	     18606	00100274	01451613	slli	x12,x10,0x14	 x10:0x00000047 x12=0x04700000
          37224	     18608	00100278	0075a023	sw	x7,0(x11)	 x11:0x00020000  x7:0x00000030 PA:0x00020000 store:0x00000030 load:0x00000000
          37226	     18609	0010027c	01c65693	srli	x13,x12,0x1c	 x12:0x04700000 x13=0x00000000
          37228	     18610	00100280	00900813	addi	x16,x0,9	  x0:0x00000000 x16=0x00000009
          37230	     18611	00100284	f2d86ae3	bltu	x16,x13,1001b8	 x16:0x00000009 x13:0x00000000
          37232	     18612	00100288	03068e93	addi	x29,x13,48	 x13:0x00000000 x29=0x00000030
          37234	     18613	0010028c	00020f37	lui	x30,0x20	 x30=0x00020000
          37236	     18614	00100290	01851f93	slli	x31,x10,0x18	 x10:0x00000047 x31=0x47000000
          37240	     18616	00100294	01df2023	sw	x29,0(x30)	 x30:0x00020000 x29:0x00000030 PA:0x00020000 store:0x00000030 load:0x00000000
          37242	     18617	00100298	01cfd793	srli	x15,x31,0x1c	 x31:0x47000000 x15=0x00000004
          37244	     18618	0010029c	00900713	addi	x14,x0,9	  x0:0x00000000 x14=0x00000009
          37246	     18619	001002a0	f2f76ae3	bltu	x14,x15,1001d4	 x14:0x00000009 x15:0x00000004
          37248	     18620	001002a4	03078393	addi	x7,x15,48	 x15:0x00000004  x7=0x00000034
          37250	     18621	001002a8	000205b7	lui	x11,0x20	 x11=0x00020000
          37254	     18623	001002ac	0075a023	sw	x7,0(x11)	 x11:0x00020000  x7:0x00000034 PA:0x00020000 store:0x00000034 load:0x00000000
          37256	     18624	001002b0	00f57513	andi	x10,x10,15	 x10:0x00000047 x10=0x00000007
          37258	     18625	001002b4	00900613	addi	x12,x0,9	  x0:0x00000000 x12=0x00000009
          37262	     18627	001002b8	f2a67ae3	bgeu	x12,x10,1001ec	 x12:0x00000009 x10:0x00000007
          37266	     18629	001001ec	03050893	addi	x17,x10,48	 x10:0x00000007 x17=0x00000037
          37268	     18630	001001f0	00020e37	lui	x28,0x20	 x28=0x00020000
          37272	     18632	001001f4	011e2023	sw	x17,0(x28)	 x28:0x00020000 x17:0x00000037 PA:0x00020000 store:0x00000037 load:0x00000000
          37286	     18639	001001f8	00008067	jalr	x0,0(x1)	  x1:0x001017f0  x0=0x00000000
          37288	     18640	001017f0	d34ba227	fsw	f20,-732(x23)	 f23:0x00102000 f20:0x00102000 PA:0x00101d24 store:0x7f167699 load:0x00000000
          37290	     18641	001017f4	d33ca027	fsw	f19,-736(x25)	 f25:0x00102000 f19:0x00102000 PA:0x00101d20 store:0x7f1dfc87 load:0x7f1dfc87
          37292	     18642	001017f8	d24ba007	flw	f0,-732(x23)	 f23:0x00102000  f0=0x00000000 PA:0x00101d24 store:0x80000000
          37294	     18643	001017fc	d20ca087	flw	f1,-736(x25)	 f25:0x00102000  f1=0x00000000 PA:0x00000000
          37300	     18646	00101800	28101153	fmax.s	f2,f0,f1	  f0:0x00000000  f1:0x001017f0  f2=0x00000000
          37308	     18650	00101804	d02aa027	fsw	f2,-768(x21)	 f21:0x00102000  f2:0x00137fa0 PA:0x00101d00 store:0x7f1dfc87 load:0x7f1dfc87
          37316	     18654	00101808	d00aa787	flw	f15,-768(x21)	 f21:0x00102000 f15=0x00000000 PA:0x00101d00 store:0x7f167699
          37324	     18658	0010180c	00102bb7	lui	x23,0x102	 x23=0x00102000
          37326	     18659	00101810	c98b8513	addi	x10,x23,-872	 x23:0x00102000 x10=0x00101c98
          37328	     18660	00101814	e0078cd3	fmv.x.w	x25,f15	 f15:0x00000004 x25=0x7f1dfc87
          37330	     18661	00101818	cf9a2c23	sw	x25,-776(x20)	 x20:0x00102000 x25:0x7f1dfc87 PA:0x00101cf8 store:0x7f1dfc87 load:0x7f1dfc87
          37332	     18662	0010181c	885fe0ef	jal	x1,1000a0	  x1=0x00101820
          37334	     18663	001000a0	00054803	lbu	x16,0(x10)	 x10:0x00101c98 x16=0x0000000a PA:0x00101c98 store:0x00000000
          37336	     18664	001000a4	06080663	beq	x16,x0,100110	 x16:0x0000000a  x0:0x00000000
          37338	     18665	001000a8	000207b7	lui	x15,0x20	 x15=0x00020000
          37342	     18667	001000ac	0107a023	sw	x16,0(x15)	 x15:0x00020000 x16:0x0000000a PA:0x00020000 store:0x0000000a load:0x00000000
          37346	     18669	001000b0	00154703	lbu	x14,1(x10)	 x10:0x00101c98 x14=0x00000020 PA:0x00101c99 store:0x00101820
          37348	     18670	001000b4	04070e63	beq	x14,x0,100110	 x14:0x00000020  x0:0x00000000
          37352	     18672	001000b8	00e7a023	sw	x14,0(x15)	 x15:0x00020000 x14:0x00000020 PA:0x00020000 store:0x00000020 load:0x00000000
          37356	     18674	001000bc	00254283	lbu	x5,2(x10)	 x10:0x00101c98  x5=0x0000004d PA:0x00101c9a store:0x00137fa0
          37358	     18675	001000c0	04028863	beq	x5,x0,100110	  x5:0x0000004d  x0:0x00000000
          37362	     18677	001000c4	0057a023	sw	x5,0(x15)	 x15:0x00020000  x5:0x0000004d PA:0x00020000 store:0x0000004d load:0x00000000
          37366	     18679	001000c8	00354303	lbu	x6,3(x10)	 x10:0x00101c98  x6=0x00000041 PA:0x00101c9b store:0x00000000
          37368	     18680	001000cc	04030263	beq	x6,x0,100110	  x6:0x00000041  x0:0x00000000
          37372	     18682	001000d0	0067a023	sw	x6,0(x15)	 x15:0x00020000  x6:0x00000041 PA:0x00020000 store:0x00000041 load:0x00000000
          37376	     18684	001000d4	00454383	lbu	x7,4(x10)	 x10:0x00101c98  x7=0x00000058 PA:0x00101c9c store:0x00000000
          37378	     18685	001000d8	02038c63	beq	x7,x0,100110	  x7:0x00000058  x0:0x00000000
          37382	     18687	001000dc	0077a023	sw	x7,0(x15)	 x15:0x00020000  x7:0x00000058 PA:0x00020000 store:0x00000058 load:0x00000000
          37386	     18689	001000e0	00554583	lbu	x11,5(x10)	 x10:0x00101c98 x11=0x00000028 PA:0x00101c9d store:0x0000004d
          37388	     18690	001000e4	02058663	beq	x11,x0,100110	 x11:0x00000028  x0:0x00000000
          37392	     18692	001000e8	00b7a023	sw	x11,0(x15)	 x15:0x00020000 x11:0x00000028 PA:0x00020000 store:0x00000028 load:0x00000000
          37396	     18694	001000ec	00654603	lbu	x12,6(x10)	 x10:0x00101c98 x12=0x00000032 PA:0x00101c9e store:0x00000041
          37398	     18695	001000f0	02060063	beq	x12,x0,100110	 x12:0x00000032  x0:0x00000000
          37402	     18697	001000f4	00c7a023	sw	x12,0(x15)	 x15:0x00020000 x12:0x00000032 PA:0x00020000 store:0x00000032 load:0x00000000
          37406	     18699	001000f8	00754683	lbu	x13,7(x10)	 x10:0x00101c98 x13=0x0000002e PA:0x00101c9f store:0x00000058
          37408	     18700	001000fc	00850513	addi	x10,x10,8	 x10:0x00101c98 x10=0x00101ca0
          37410	     18701	00100100	00068863	beq	x13,x0,100110	 x13:0x0000002e  x0:0x00000000
          37414	     18703	00100104	00d7a023	sw	x13,0(x15)	 x15:0x00020000 x13:0x0000002e PA:0x00020000 store:0x0000002e load:0x00000000
          37418	     18705	00100108	00054803	lbu	x16,0(x10)	 x10:0x00101ca0 x16=0x00000030 PA:0x00101ca0 store:0x00000000
          37422	     18707	0010010c	fa0810e3	bne	x16,x0,1000ac	 x16:0x00000030  x0:0x00000000
          37428	     18710	001000ac	0107a023	sw	x16,0(x15)	 x15:0x00020000 x16:0x00000030 PA:0x00020000 store:0x00000030 load:0x00000000
          37432	     18712	001000b0	00154703	lbu	x14,1(x10)	 x10:0x00101ca0 x14=0x00000065 PA:0x00101ca1 store:0x00101820
          37434	     18713	001000b4	04070e63	beq	x14,x0,100110	 x14:0x00000065  x0:0x00000000
          37438	     18715	001000b8	00e7a023	sw	x14,0(x15)	 x15:0x00020000 x14:0x00000065 PA:0x00020000 store:0x00000065 load:0x00000000
          37442	     18717	001000bc	00254283	lbu	x5,2(x10)	 x10:0x00101ca0  x5=0x00000033 PA:0x00101ca2 store:0x00137fa0
          37444	     18718	001000c0	04028863	beq	x5,x0,100110	  x5:0x00000033  x0:0x00000000
          37448	     18720	001000c4	0057a023	sw	x5,0(x15)	 x15:0x00020000  x5:0x00000033 PA:0x00020000 store:0x00000033 load:0x00000000
          37452	     18722	001000c8	00354303	lbu	x6,3(x10)	 x10:0x00101ca0  x6=0x00000038 PA:0x00101ca3 store:0x00000000
          37454	     18723	001000cc	04030263	beq	x6,x0,100110	  x6:0x00000038  x0:0x00000000
          37458	     18725	001000d0	0067a023	sw	x6,0(x15)	 x15:0x00020000  x6:0x00000038 PA:0x00020000 store:0x00000038 load:0x00000000
          37462	     18727	001000d4	00454383	lbu	x7,4(x10)	 x10:0x00101ca0  x7=0x00000066 PA:0x00101ca4 store:0x00000000
          37464	     18728	001000d8	02038c63	beq	x7,x0,100110	  x7:0x00000066  x0:0x00000000
          37468	     18730	001000dc	0077a023	sw	x7,0(x15)	 x15:0x00020000  x7:0x00000066 PA:0x00020000 store:0x00000066 load:0x00000000
          37472	     18732	001000e0	00554583	lbu	x11,5(x10)	 x10:0x00101ca0 x11=0x0000002c PA:0x00101ca5 store:0x00000033
          37474	     18733	001000e4	02058663	beq	x11,x0,100110	 x11:0x0000002c  x0:0x00000000
          37478	     18735	001000e8	00b7a023	sw	x11,0(x15)	 x15:0x00020000 x11:0x0000002c PA:0x00020000 store:0x0000002c load:0x00000000
          37482	     18737	001000ec	00654603	lbu	x12,6(x10)	 x10:0x00101ca0 x12=0x00000020 PA:0x00101ca6 store:0x00000038
          37484	     18738	001000f0	02060063	beq	x12,x0,100110	 x12:0x00000020  x0:0x00000000
          37488	     18740	001000f4	00c7a023	sw	x12,0(x15)	 x15:0x00020000 x12:0x00000020 PA:0x00020000 store:0x00000020 load:0x00000000
          37492	     18742	001000f8	00754683	lbu	x13,7(x10)	 x10:0x00101ca0 x13=0x00000032 PA:0x00101ca7 store:0x00000066
          37494	     18743	001000fc	00850513	addi	x10,x10,8	 x10:0x00101ca0 x10=0x00101ca8
          37496	     18744	00100100	00068863	beq	x13,x0,100110	 x13:0x00000032  x0:0x00000000
          37500	     18746	00100104	00d7a023	sw	x13,0(x15)	 x15:0x00020000 x13:0x00000032 PA:0x00020000 store:0x00000032 load:0x00000000
          37504	     18748	00100108	00054803	lbu	x16,0(x10)	 x10:0x00101ca8 x16=0x0000002e PA:0x00101ca8 store:0x00000000
          37508	     18750	0010010c	fa0810e3	bne	x16,x0,1000ac	 x16:0x0000002e  x0:0x00000000
          37514	     18753	001000ac	0107a023	sw	x16,0(x15)	 x15:0x00020000 x16:0x0000002e PA:0x00020000 store:0x0000002e load:0x00000000
          37518	     18755	001000b0	00154703	lbu	x14,1(x10)	 x10:0x00101ca8 x14=0x00000031 PA:0x00101ca9 store:0x00101820
          37520	     18756	001000b4	04070e63	beq	x14,x0,100110	 x14:0x00000031  x0:0x00000000
          37524	     18758	001000b8	00e7a023	sw	x14,0(x15)	 x15:0x00020000 x14:0x00000031 PA:0x00020000 store:0x00000031 load:0x00000000
          37528	     18760	001000bc	00254283	lbu	x5,2(x10)	 x10:0x00101ca8  x5=0x00000065 PA:0x00101caa store:0x00137fa0
          37530	     18761	001000c0	04028863	beq	x5,x0,100110	  x5:0x00000065  x0:0x00000000
          37534	     18763	001000c4	0057a023	sw	x5,0(x15)	 x15:0x00020000  x5:0x00000065 PA:0x00020000 store:0x00000065 load:0x00000000
          37538	     18765	001000c8	00354303	lbu	x6,3(x10)	 x10:0x00101ca8  x6=0x00000033 PA:0x00101cab store:0x00000000
          37540	     18766	001000cc	04030263	beq	x6,x0,100110	  x6:0x00000033  x0:0x00000000
          37544	     18768	001000d0	0067a023	sw	x6,0(x15)	 x15:0x00020000  x6:0x00000033 PA:0x00020000 store:0x00000033 load:0x00000000
          37548	     18770	001000d4	00454383	lbu	x7,4(x10)	 x10:0x00101ca8  x7=0x00000038 PA:0x00101cac store:0x00000000
          37550	     18771	001000d8	02038c63	beq	x7,x0,100110	  x7:0x00000038  x0:0x00000000
          37554	     18773	001000dc	0077a023	sw	x7,0(x15)	 x15:0x00020000  x7:0x00000038 PA:0x00020000 store:0x00000038 load:0x00000000
          37558	     18775	001000e0	00554583	lbu	x11,5(x10)	 x10:0x00101ca8 x11=0x00000066 PA:0x00101cad store:0x00000065
          37560	     18776	001000e4	02058663	beq	x11,x0,100110	 x11:0x00000066  x0:0x00000000
          37564	     18778	001000e8	00b7a023	sw	x11,0(x15)	 x15:0x00020000 x11:0x00000066 PA:0x00020000 store:0x00000066 load:0x00000000
          37568	     18780	001000ec	00654603	lbu	x12,6(x10)	 x10:0x00101ca8 x12=0x00000029 PA:0x00101cae store:0x00000033
          37570	     18781	001000f0	02060063	beq	x12,x0,100110	 x12:0x00000029  x0:0x00000000
          37574	     18783	001000f4	00c7a023	sw	x12,0(x15)	 x15:0x00020000 x12:0x00000029 PA:0x00020000 store:0x00000029 load:0x00000000
          37578	     18785	001000f8	00754683	lbu	x13,7(x10)	 x10:0x00101ca8 x13=0x0000002c PA:0x00101caf store:0x00000038
          37580	     18786	001000fc	00850513	addi	x10,x10,8	 x10:0x00101ca8 x10=0x00101cb0
          37582	     18787	00100100	00068863	beq	x13,x0,100110	 x13:0x0000002c  x0:0x00000000
          37586	     18789	00100104	00d7a023	sw	x13,0(x15)	 x15:0x00020000 x13:0x0000002c PA:0x00020000 store:0x0000002c load:0x00000000
          37590	     18791	00100108	00054803	lbu	x16,0(x10)	 x10:0x00101cb0 x16=0x00000020 PA:0x00101cb0 store:0x00000000
          37594	     18793	0010010c	fa0810e3	bne	x16,x0,1000ac	 x16:0x00000020  x0:0x00000000
          37600	     18796	001000ac	0107a023	sw	x16,0(x15)	 x15:0x00020000 x16:0x00000020 PA:0x00020000 store:0x00000020 load:0x00000000
          37604	     18798	001000b0	00154703	lbu	x14,1(x10)	 x10:0x00101cb0 x14=0x00000065 PA:0x00101cb1 store:0x00101820
          37606	     18799	001000b4	04070e63	beq	x14,x0,100110	 x14:0x00000065  x0:0x00000000
          37610	     18801	001000b8	00e7a023	sw	x14,0(x15)	 x15:0x00020000 x14:0x00000065 PA:0x00020000 store:0x00000065 load:0x00000000
          37614	     18803	001000bc	00254283	lbu	x5,2(x10)	 x10:0x00101cb0  x5=0x00000078 PA:0x00101cb2 store:0x00137fa0
          37616	     18804	001000c0	04028863	beq	x5,x0,100110	  x5:0x00000078  x0:0x00000000
          37620	     18806	001000c4	0057a023	sw	x5,0(x15)	 x15:0x00020000  x5:0x00000078 PA:0x00020000 store:0x00000078 load:0x00000000
          37624	     18808	001000c8	00354303	lbu	x6,3(x10)	 x10:0x00101cb0  x6=0x00000070 PA:0x00101cb3 store:0x00000000
          37626	     18809	001000cc	04030263	beq	x6,x0,100110	  x6:0x00000070  x0:0x00000000
          37630	     18811	001000d0	0067a023	sw	x6,0(x15)	 x15:0x00020000  x6:0x00000070 PA:0x00020000 store:0x00000070 load:0x00000000
          37634	     18813	001000d4	00454383	lbu	x7,4(x10)	 x10:0x00101cb0  x7=0x00000065 PA:0x00101cb4 store:0x00000000
          37636	     18814	001000d8	02038c63	beq	x7,x0,100110	  x7:0x00000065  x0:0x00000000
          37640	     18816	001000dc	0077a023	sw	x7,0(x15)	 x15:0x00020000  x7:0x00000065 PA:0x00020000 store:0x00000065 load:0x00000000
          37644	     18818	001000e0	00554583	lbu	x11,5(x10)	 x10:0x00101cb0 x11=0x00000063 PA:0x00101cb5 store:0x00000078
          37646	     18819	001000e4	02058663	beq	x11,x0,100110	 x11:0x00000063  x0:0x00000000
          37650	     18821	001000e8	00b7a023	sw	x11,0(x15)	 x15:0x00020000 x11:0x00000063 PA:0x00020000 store:0x00000063 load:0x00000000
          37654	     18823	001000ec	00654603	lbu	x12,6(x10)	 x10:0x00101cb0 x12=0x00000074 PA:0x00101cb6 store:0x00000070
          37656	     18824	001000f0	02060063	beq	x12,x0,100110	 x12:0x00000074  x0:0x00000000
          37660	     18826	001000f4	00c7a023	sw	x12,0(x15)	 x15:0x00020000 x12:0x00000074 PA:0x00020000 store:0x00000074 load:0x00000000
          37664	     18828	001000f8	00754683	lbu	x13,7(x10)	 x10:0x00101cb0 x13=0x00000069 PA:0x00101cb7 store:0x00000065
          37666	     18829	001000fc	00850513	addi	x10,x10,8	 x10:0x00101cb0 x10=0x00101cb8
          37668	     18830	00100100	00068863	beq	x13,x0,100110	 x13:0x00000069  x0:0x00000000
          37672	     18832	00100104	00d7a023	sw	x13,0(x15)	 x15:0x00020000 x13:0x00000069 PA:0x00020000 store:0x00000069 load:0x00000000
          37676	     18834	00100108	00054803	lbu	x16,0(x10)	 x10:0x00101cb8 x16=0x0000006e PA:0x00101cb8 store:0x00000000
          37680	     18836	0010010c	fa0810e3	bne	x16,x0,1000ac	 x16:0x0000006e  x0:0x00000000
          37686	     18839	001000ac	0107a023	sw	x16,0(x15)	 x15:0x00020000 x16:0x0000006e PA:0x00020000 store:0x0000006e load:0x00000000
          37690	     18841	001000b0	00154703	lbu	x14,1(x10)	 x10:0x00101cb8 x14=0x00000067 PA:0x00101cb9 store:0x00101820
          37692	     18842	001000b4	04070e63	beq	x14,x0,100110	 x14:0x00000067  x0:0x00000000
          37696	     18844	001000b8	00e7a023	sw	x14,0(x15)	 x15:0x00020000 x14:0x00000067 PA:0x00020000 store:0x00000067 load:0x00000000
          37700	     18846	001000bc	00254283	lbu	x5,2(x10)	 x10:0x00101cb8  x5=0x0000003a PA:0x00101cba store:0x00137fa0
          37702	     18847	001000c0	04028863	beq	x5,x0,100110	  x5:0x0000003a  x0:0x00000000
          37706	     18849	001000c4	0057a023	sw	x5,0(x15)	 x15:0x00020000  x5:0x0000003a PA:0x00020000 store:0x0000003a load:0x00000000
          37710	     18851	001000c8	00354303	lbu	x6,3(x10)	 x10:0x00101cb8  x6=0x00000020 PA:0x00101cbb store:0x00000000
          37712	     18852	001000cc	04030263	beq	x6,x0,100110	  x6:0x00000020  x0:0x00000000
          37716	     18854	001000d0	0067a023	sw	x6,0(x15)	 x15:0x00020000  x6:0x00000020 PA:0x00020000 store:0x00000020 load:0x00000000
          37720	     18856	001000d4	00454383	lbu	x7,4(x10)	 x10:0x00101cb8  x7=0x00000030 PA:0x00101cbc store:0x00000000
          37722	     18857	001000d8	02038c63	beq	x7,x0,100110	  x7:0x00000030  x0:0x00000000
          37726	     18859	001000dc	0077a023	sw	x7,0(x15)	 x15:0x00020000  x7:0x00000030 PA:0x00020000 store:0x00000030 load:0x00000000
          37730	     18861	001000e0	00554583	lbu	x11,5(x10)	 x10:0x00101cb8 x11=0x00000078 PA:0x00101cbd store:0x0000003a
          37732	     18862	001000e4	02058663	beq	x11,x0,100110	 x11:0x00000078  x0:0x00000000
          37736	     18864	001000e8	00b7a023	sw	x11,0(x15)	 x15:0x00020000 x11:0x00000078 PA:0x00020000 store:0x00000078 load:0x00000000
          37740	     18866	001000ec	00654603	lbu	x12,6(x10)	 x10:0x00101cb8 x12=0x00000037 PA:0x00101cbe store:0x00000020
          37742	     18867	001000f0	02060063	beq	x12,x0,100110	 x12:0x00000037  x0:0x00000000
          37746	     18869	001000f4	00c7a023	sw	x12,0(x15)	 x15:0x00020000 x12:0x00000037 PA:0x00020000 store:0x00000037 load:0x00000000
          37750	     18871	001000f8	00754683	lbu	x13,7(x10)	 x10:0x00101cb8 x13=0x00000066 PA:0x00101cbf store:0x00000030
          37752	     18872	001000fc	00850513	addi	x10,x10,8	 x10:0x00101cb8 x10=0x00101cc0
          37754	     18873	00100100	00068863	beq	x13,x0,100110	 x13:0x00000066  x0:0x00000000
          37758	     18875	00100104	00d7a023	sw	x13,0(x15)	 x15:0x00020000 x13:0x00000066 PA:0x00020000 store:0x00000066 load:0x00000000
          37762	     18877	00100108	00054803	lbu	x16,0(x10)	 x10:0x00101cc0 x16=0x00000031 PA:0x00101cc0 store:0x00000000
          37766	     18879	0010010c	fa0810e3	bne	x16,x0,1000ac	 x16:0x00000031  x0:0x00000000
          37772	     18882	001000ac	0107a023	sw	x16,0(x15)	 x15:0x00020000 x16:0x00000031 PA:0x00020000 store:0x00000031 load:0x00000000
          37776	     18884	001000b0	00154703	lbu	x14,1(x10)	 x10:0x00101cc0 x14=0x00000064 PA:0x00101cc1 store:0x00101820
          37778	     18885	001000b4	04070e63	beq	x14,x0,100110	 x14:0x00000064  x0:0x00000000
          37782	     18887	001000b8	00e7a023	sw	x14,0(x15)	 x15:0x00020000 x14:0x00000064 PA:0x00020000 store:0x00000064 load:0x00000000
          37786	     18889	001000bc	00254283	lbu	x5,2(x10)	 x10:0x00101cc0  x5=0x00000066 PA:0x00101cc2 store:0x00137fa0
          37788	     18890	001000c0	04028863	beq	x5,x0,100110	  x5:0x00000066  x0:0x00000000
          37792	     18892	001000c4	0057a023	sw	x5,0(x15)	 x15:0x00020000  x5:0x00000066 PA:0x00020000 store:0x00000066 load:0x00000000
          37796	     18894	001000c8	00354303	lbu	x6,3(x10)	 x10:0x00101cc0  x6=0x00000063 PA:0x00101cc3 store:0x00000000
          37798	     18895	001000cc	04030263	beq	x6,x0,100110	  x6:0x00000063  x0:0x00000000
          37802	     18897	001000d0	0067a023	sw	x6,0(x15)	 x15:0x00020000  x6:0x00000063 PA:0x00020000 store:0x00000063 load:0x00000000
          37806	     18899	001000d4	00454383	lbu	x7,4(x10)	 x10:0x00101cc0  x7=0x00000038 PA:0x00101cc4 store:0x00000000
          37808	     18900	001000d8	02038c63	beq	x7,x0,100110	  x7:0x00000038  x0:0x00000000
          37812	     18902	001000dc	0077a023	sw	x7,0(x15)	 x15:0x00020000  x7:0x00000038 PA:0x00020000 store:0x00000038 load:0x00000000
          37816	     18904	001000e0	00554583	lbu	x11,5(x10)	 x10:0x00101cc0 x11=0x00000037 PA:0x00101cc5 store:0x00000066
          37818	     18905	001000e4	02058663	beq	x11,x0,100110	 x11:0x00000037  x0:0x00000000
          37822	     18907	001000e8	00b7a023	sw	x11,0(x15)	 x15:0x00020000 x11:0x00000037 PA:0x00020000 store:0x00000037 load:0x00000000
          37826	     18909	001000ec	00654603	lbu	x12,6(x10)	 x10:0x00101cc0 x12=0x0000003a PA:0x00101cc6 store:0x00000063
          37828	     18910	001000f0	02060063	beq	x12,x0,100110	 x12:0x0000003a  x0:0x00000000
          37832	     18912	001000f4	00c7a023	sw	x12,0(x15)	 x15:0x00020000 x12:0x0000003a PA:0x00020000 store:0x0000003a load:0x00000000
          37836	     18914	001000f8	00754683	lbu	x13,7(x10)	 x10:0x00101cc0 x13=0x00000020 PA:0x00101cc7 store:0x00000038
          37838	     18915	001000fc	00850513	addi	x10,x10,8	 x10:0x00101cc0 x10=0x00101cc8
          37840	     18916	00100100	00068863	beq	x13,x0,100110	 x13:0x00000020  x0:0x00000000
          37844	     18918	00100104	00d7a023	sw	x13,0(x15)	 x15:0x00020000 x13:0x00000020 PA:0x00020000 store:0x00000020 load:0x00000000
          37848	     18920	00100108	00054803	lbu	x16,0(x10)	 x10:0x00101cc8 x16=0x00000000 PA:0x00101cc8 store:0x00000000
          37850	     18921	0010010c	fa0810e3	bne	x16,x0,1000ac	 x16:0x00000000  x0:0x00000000
          37852	     18922	00100110	00000513	addi	x10,x0,0	  x0:0x00000000 x10=0x00000000
          37856	     18924	00100114	00008067	jalr	x0,0(x1)	  x1:0x00101820  x0=0x00000000
          37860	     18926	00101820	cf8a2503	lw	x10,-776(x20)	 x20:0x00102000 x10=0x7f1dfc87 PA:0x00101cf8 store:0x00102000
          37862	     18927	00101824	00102a37	lui	x20,0x102	 x20=0x00102000
          37866	     18929	00101828	8f9fe0ef	jal	x1,100120	  x1=0x0010182c
          37868	     18930	00100120	01c55793	srli	x15,x10,0x1c	 x10:0x7f1dfc87 x15=0x00000007
          37870	     18931	00100124	00900713	addi	x14,x0,9	  x0:0x00000000 x14=0x00000009
          37874	     18933	00100128	0cf77a63	bgeu	x14,x15,1001fc	 x14:0x00000009 x15:0x00000007
          37878	     18935	001001fc	03078393	addi	x7,x15,48	 x15:0x00000007  x7=0x00000037
          37880	     18936	00100200	000205b7	lui	x11,0x20	 x11=0x00020000
          37882	     18937	00100204	00451613	slli	x12,x10,0x4	 x10:0x7f1dfc87 x12=0xf1dfc870
          37886	     18939	00100208	0075a023	sw	x7,0(x11)	 x11:0x00020000  x7:0x00000037 PA:0x00020000 store:0x00000037 load:0x00000000
          37888	     18940	0010020c	01c65693	srli	x13,x12,0x1c	 x12:0xf1dfc870 x13=0x0000000f
          37890	     18941	00100210	00900813	addi	x16,x0,9	  x0:0x00000000 x16=0x00000009
          37894	     18943	00100214	f2d86ae3	bltu	x16,x13,100148	 x16:0x00000009 x13:0x0000000f
          37898	     18945	00100148	03768893	addi	x17,x13,55	 x13:0x0000000f x17=0x00000046
          37900	     18946	0010014c	00020e37	lui	x28,0x20	 x28=0x00020000
          37902	     18947	00100150	00851f93	slli	x31,x10,0x8	 x10:0x7f1dfc87 x31=0x1dfc8700
          37906	     18949	00100154	011e2023	sw	x17,0(x28)	 x28:0x00020000 x17:0x00000046 PA:0x00020000 store:0x00000046 load:0x00000000
          37908	     18950	00100158	01cfd793	srli	x15,x31,0x1c	 x31:0x1dfc8700 x15=0x00000001
          37910	     18951	0010015c	00900713	addi	x14,x0,9	  x0:0x00000000 x14=0x00000009
          37914	     18953	00100160	0cf77a63	bgeu	x14,x15,100234	 x14:0x00000009 x15:0x00000001
          37918	     18955	00100234	03078393	addi	x7,x15,48	 x15:0x00000001  x7=0x00000031
          37920	     18956	00100238	000205b7	lui	x11,0x20	 x11=0x00020000
          37922	     18957	0010023c	00c51613	slli	x12,x10,0xc	 x10:0x7f1dfc87 x12=0xdfc87000
          37926	     18959	00100240	0075a023	sw	x7,0(x11)	 x11:0x00020000  x7:0x00000031 PA:0x00020000 store:0x00000031 load:0x00000000
          37928	     18960	00100244	01c65693	srli	x13,x12,0x1c	 x12:0xdfc87000 x13=0x0000000d
          37930	     18961	00100248	00900813	addi	x16,x0,9	  x0:0x00000000 x16=0x00000009
          37934	     18963	0010024c	f2d86ae3	bltu	x16,x13,100180	 x16:0x00000009 x13:0x0000000d
          37938	     18965	00100180	03768893	addi	x17,x13,55	 x13:0x0000000d x17=0x00000044
          37940	     18966	00100184	00020e37	lui	x28,0x20	 x28=0x00020000
          37942	     18967	00100188	01051f93	slli	x31,x10,0x10	 x10:0x7f1dfc87 x31=0xfc870000
          37946	     18969	0010018c	011e2023	sw	x17,0(x28)	 x28:0x00020000 x17:0x00000044 PA:0x00020000 store:0x00000044 load:0x00000000
          37948	     18970	00100190	01cfd793	srli	x15,x31,0x1c	 x31:0xfc870000 x15=0x0000000f
          37950	     18971	00100194	00900713	addi	x14,x0,9	  x0:0x00000000 x14=0x00000009
          37952	     18972	00100198	0cf77a63	bgeu	x14,x15,10026c	 x14:0x00000009 x15:0x0000000f
          37954	     18973	0010019c	03778293	addi	x5,x15,55	 x15:0x0000000f  x5=0x00000046
          37956	     18974	001001a0	00020337	lui	x6,0x20	  x6=0x00020000
          37958	     18975	001001a4	01451613	slli	x12,x10,0x14	 x10:0x7f1dfc87 x12=0xc8700000
          37962	     18977	001001a8	00532023	sw	x5,0(x6)	  x6:0x00020000  x5:0x00000046 PA:0x00020000 store:0x00000046 load:0x00000000
          37964	     18978	001001ac	01c65693	srli	x13,x12,0x1c	 x12:0xc8700000 x13=0x0000000c
          37966	     18979	001001b0	00900813	addi	x16,x0,9	  x0:0x00000000 x16=0x00000009
          37968	     18980	001001b4	0cd87a63	bgeu	x16,x13,100288	 x16:0x00000009 x13:0x0000000c
          37970	     18981	001001b8	03768893	addi	x17,x13,55	 x13:0x0000000c x17=0x00000043
          37972	     18982	001001bc	00020e37	lui	x28,0x20	 x28=0x00020000
          37974	     18983	001001c0	01851f93	slli	x31,x10,0x18	 x10:0x7f1dfc87 x31=0x87000000
          37978	     18985	001001c4	011e2023	sw	x17,0(x28)	 x28:0x00020000 x17:0x00000043 PA:0x00020000 store:0x00000043 load:0x00000000
          37980	     18986	001001c8	01cfd793	srli	x15,x31,0x1c	 x31:0x87000000 x15=0x00000008
          37982	     18987	001001cc	00900713	addi	x14,x0,9	  x0:0x00000000 x14=0x00000009
          37986	     18989	001001d0	0cf77a63	bgeu	x14,x15,1002a4	 x14:0x00000009 x15:0x00000008
          37990	     18991	001002a4	03078393	addi	x7,x15,48	 x15:0x00000008  x7=0x00000038
          37992	     18992	001002a8	000205b7	lui	x11,0x20	 x11=0x00020000
          37996	     18994	001002ac	0075a023	sw	x7,0(x11)	 x11:0x00020000  x7:0x00000038 PA:0x00020000 store:0x00000038 load:0x00000000
          37998	     18995	001002b0	00f57513	andi	x10,x10,15	 x10:0x7f1dfc87 x10=0x00000007
          38000	     18996	001002b4	00900613	addi	x12,x0,9	  x0:0x00000000 x12=0x00000009
          38004	     18998	001002b8	f2a67ae3	bgeu	x12,x10,1001ec	 x12:0x00000009 x10:0x00000007
          38008	     19000	001001ec	03050893	addi	x17,x10,48	 x10:0x00000007 x17=0x00000037
          38010	     19001	001001f0	00020e37	lui	x28,0x20	 x28=0x00020000
          38014	     19003	001001f4	011e2023	sw	x17,0(x28)	 x28:0x00020000 x17:0x00000037 PA:0x00020000 store:0x00000037 load:0x00000000
          38018	     19005	001001f8	00008067	jalr	x0,0(x1)	  x1:0x0010182c  x0=0x00000000
          38020	     19006	0010182c	ccca0513	addi	x10,x20,-820	 x20:0x00102000 x10=0x00101ccc
          38024	     19008	00101830	871fe0ef	jal	x1,1000a0	  x1=0x00101834
          38028	     19010	001000a0	00054803	lbu	x16,0(x10)	 x10:0x00101ccc x16=0x0000000a PA:0x00101ccc store:0x00000000
          38030	     19011	001000a4	06080663	beq	x16,x0,100110	 x16:0x0000000a  x0:0x00000000
          38032	     19012	001000a8	000207b7	lui	x15,0x20	 x15=0x00020000
          38036	     19014	001000ac	0107a023	sw	x16,0(x15)	 x15:0x00020000 x16:0x0000000a PA:0x00020000 store:0x0000000a load:0x00000000
          38040	     19016	001000b0	00154703	lbu	x14,1(x10)	 x10:0x00101ccc x14=0x0000000a PA:0x00101ccd store:0x00101834
          38042	     19017	001000b4	04070e63	beq	x14,x0,100110	 x14:0x0000000a  x0:0x00000000
          38046	     19019	001000b8	00e7a023	sw	x14,0(x15)	 x15:0x00020000 x14:0x0000000a PA:0x00020000 store:0x0000000a load:0x00000000
          38050	     19021	001000bc	00254283	lbu	x5,2(x10)	 x10:0x00101ccc  x5=0x00000000 PA:0x00101cce store:0x00137fa0
          38054	     19023	001000c0	04028863	beq	x5,x0,100110	  x5:0x00000000  x0:0x00000000
          38058	     19025	00100110	00000513	addi	x10,x0,0	  x0:0x00000000 x10=0x00000000
          38062	     19027	00100114	00008067	jalr	x0,0(x1)	  x1:0x00101834  x0=0x00000000
          38064	     19028	00101834	00000513	addi	x10,x0,0	  x0:0x00000000 x10=0x00000000
          38068	     19030	00101838	c29fe0ef	jal	x1,100460	  x1=0x0010183c
          38070	     19031	00100460	00153513	sltiu	x10,x10,1	 x10:0x00000000 x10=0x00000001
          38072	     19032	00100464	40a002b3	sub	x5,x0,x10	  x0:0x00000000 x10:0x00000001  x5=0xffffffff
          38074	     19033	00100468	32029073	csrrw	x0,mcountinhibit,x5	  x5:0xffffffff  x0=0x00000000
          38078	     19035	0010046c	00008067	jalr	x0,0(x1)	  x1:0x0010183c  x0=0x00000000
          38080	     19036	0010183c	7d000513	addi	x10,x0,2000	  x0:0x00000000 x10=0x000007d0
          38082	     19037	00101840	00000593	addi	x11,x0,0	  x0:0x00000000 x11=0x00000000
          38086	     19039	00101844	abcff0ef	jal	x1,100b00	  x1=0x00101848
          38088	     19040	00100b00	001026b7	lui	x13,0x102	 x13=0x00102000
          38090	     19041	00100b04	00000813	addi	x16,x0,0	  x0:0x00000000 x16=0x00000000
          38092	     19042	00100b08	001027b7	lui	x15,0x102	 x15=0x00102000
          38094	     19043	00100b0c	00030737	lui	x14,0x30	 x14=0x00030000
          38096	     19044	00100b10	00000893	addi	x17,x0,0	  x0:0x00000000 x17=0x00000000
          38100	     19046	00100b14	cf06a423	sw	x16,-792(x13)	 x13:0x00102000 x16:0x00000000 PA:0x00101ce8 store:0x00000000 load:0x00000a0a
          38104	     19048	00100b18	cf16a623	sw	x17,-788(x13)	 x13:0x00102000 x17:0x00000000 PA:0x00101cec store:0x00000000 load:0x00000a0a
          38108	     19050	00100b1c	cea7a023	sw	x10,-800(x15)	 x15:0x00102000 x10:0x000007d0 PA:0x00101ce0 store:0x000007d0 load:0x00000a0a
          38112	     19052	00100b20	ceb7a223	sw	x11,-796(x15)	 x15:0x00102000 x11:0x00000000 PA:0x00101ce4 store:0x00000000 load:0x00000a0a
          38114	     19053	00100b24	00030637	lui	x12,0x30	 x12=0x00030000
          38116	     19054	00100b28	00470293	addi	x5,x14,4	 x14:0x00030000  x5=0x00030004
          38120	     19056	00100b2c	0002a783	lw	x15,0(x5)	  x5:0x00030004 x15=0x00000000 PA:0x00030004 store:0x00000000
          38124	     19058	00100b30	00062683	lw	x13,0(x12)	 x12:0x00030000 x13=0x00004a70 PA:0x00030000 store:0x00000000
          38128	     19060	00100b34	0002a303	lw	x6,0(x5)	  x5:0x00030004  x6=0x00000000 PA:0x00030004 store:0x00000000
          38132	     19062	00100b38	06678a63	beq	x15,x6,100bac	 x15:0x00000000  x6:0x00000000
          38136	     19064	00100bac	000308b7	lui	x17,0x30	 x17=0x00030000
          38138	     19065	00100bb0	00a68533	add	x10,x13,x10	 x13:0x00004a70 x10:0x000007d0 x10=0x00005240
          38140	     19066	00100bb4	00888293	addi	x5,x17,8	 x17:0x00030000  x5=0x00030008
          38142	     19067	00100bb8	00b783b3	add	x7,x15,x11	 x15:0x00000000 x11:0x00000000  x7=0x00000000
          38144	     19068	00100bbc	00d53333	sltu	x6,x10,x13	 x10:0x00005240 x13:0x00004a70  x6=0x00000000
          38146	     19069	00100bc0	fff00593	addi	x11,x0,-1	  x0:0x00000000 x11=0xffffffff
          38150	     19071	00100bc4	00b2a023	sw	x11,0(x5)	  x5:0x00030008 x11:0xffffffff PA:0x00030008 store:0xffffffff load:0x00000000
          38152	     19072	00100bc8	00030637	lui	x12,0x30	 x12=0x00030000
          38154	     19073	00100bcc	00730e33	add	x28,x6,x7	  x6:0x00000000  x7:0x00000000 x28=0x00000000
          38158	     19075	00100bd0	01c62623	sw	x28,12(x12)	 x12:0x00030000 x28:0x00000000 PA:0x0003000c store:0x00000000 load:0x00000000
          38162	     19077	00100bd4	00a2a023	sw	x10,0(x5)	  x5:0x00030008 x10:0x00005240 PA:0x00030008 store:0x00005240 load:0xffffffff
          38164	     19078	00100bd8	08000e93	addi	x29,x0,128	  x0:0x00000000 x29=0x00000080
          38166	     19079	00100bdc	304ea073	csrrs	x0,mie,x29	 x29:0x00000080  x0=0x00000000
          38172	     19082	00100be0	00800f13	addi	x30,x0,8	  x0:0x00000000 x30=0x00000008
          38174	     19083	00100be4	300f2073	csrrs	x0,mstatus,x30	 x30:0x00000008  x0=0x00000000
          38182	     19087	00100be8	00008067	jalr	x0,0(x1)	  x1:0x00101848  x0=0x00000000
          38186	     19089	00101848	c78ff0ef	jal	x1,100cc0	  x1=0x0010184c
          38188	     19090	00100cc0	001027b7	lui	x15,0x102	 x15=0x00102000
          38192	     19092	00100cc4	ce87a503	lw	x10,-792(x15)	 x15:0x00102000 x10=0x00000000 PA:0x00101ce8 store:0x00102000
          38196	     19094	00100cc8	cec7a583	lw	x11,-788(x15)	 x15:0x00102000 x11=0x00000000 PA:0x00101cec store:0x00030000
          38200	     19096	00100ccc	00008067	jalr	x0,0(x1)	  x1:0x0010184c  x0=0x00000000
          38202	     19097	0010184c	00058b13	addi	x22,x11,0	 x11:0x00000000 x22=0x00000000
          38204	     19098	00101850	00050913	addi	x18,x10,0	 x10:0x00000000 x18=0x00000000
          38206	     19099	00101854	06059a63	bne	x11,x0,1018c8	 x11:0x00000000  x0:0x00000000
          38208	     19100	00101858	00400a93	addi	x21,x0,4	  x0:0x00000000 x21=0x00000004
          38210	     19101	0010185c	06aae663	bltu	x21,x10,1018c8	 x21:0x00000004 x10:0x00000000
          38214	     19103	00101860	c60ff0ef	jal	x1,100cc0	  x1=0x00101864
          38216	     19104	00100cc0	001027b7	lui	x15,0x102	 x15=0x00102000
          38220	     19106	00100cc4	ce87a503	lw	x10,-792(x15)	 x15:0x00102000 x10=0x00000000 PA:0x00101ce8 store:0x00102000
          38224	     19108	00100cc8	cec7a583	lw	x11,-788(x15)	 x15:0x00102000 x11=0x00000000 PA:0x00101cec store:0x00030000
          38228	     19110	00100ccc	00008067	jalr	x0,0(x1)	  x1:0x00101864  x0=0x00000000
          38230	     19111	00101864	00102c37	lui	x24,0x102	 x24=0x00102000
          38232	     19112	00101868	00050413	addi	x8,x10,0	 x10:0x00000000  x8=0x00000000
          38234	     19113	0010186c	00157713	andi	x14,x10,1	 x10:0x00000000 x14=0x00000000
          38236	     19114	00101870	00400d93	addi	x27,x0,4	  x0:0x00000000 x27=0x00000004
          38238	     19115	00101874	00102d37	lui	x26,0x102	 x26=0x00102000
          38240	     19116	00101878	cd0c0513	addi	x10,x24,-816	 x24:0x00102000 x10=0x00101cd0
          38242	     19117	0010187c	00058493	addi	x9,x11,0	 x11:0x00000000  x9=0x00000000
          38246	     19119	00101880	03240e63	beq	x8,x18,1018bc	  x8:0x00000000 x18:0x00000000
          38250	     19121	001018bc	fd6594e3	bne	x11,x22,101884	 x11:0x00000000 x22:0x00000000
          38252	     19122	001018c0	10500073	wfi	
          42134	     21063	0010001c	6890006f	jal	x0,100ea4	  x0=0x00000000
          42138	     21065	00100ea4	e2dff06f	jal	x0,100cd0	  x0=0x00000000
          42140	     21066	00100cd0	fe010113	addi	x2,x2,-32	  x2:0x00137fa0  x2=0x00137f80
          42144	     21068	00100cd4	00f12423	sw	x15,8(x2)	  x2:0x00137f80 x15:0x00102000 PA:0x00137f88 store:0x00102000 load:0x00000000
          42146	     21069	00100cd8	001027b7	lui	x15,0x102	 x15=0x00102000
          42150	     21071	00100cdc	00b12c23	sw	x11,24(x2)	  x2:0x00137f80 x11:0x00000000 PA:0x00137f98 store:0x00000000 load:0x00000000
          42154	     21073	00100ce0	01012223	sw	x16,4(x2)	  x2:0x00137f80 x16:0x00000000 PA:0x00137f84 store:0x00000000 load:0x00000000
          42158	     21075	00100ce4	ce07a583	lw	x11,-800(x15)	 x15:0x00102000 x11=0x000007d0 PA:0x00101ce0 store:0x00000000
          42162	     21077	00100ce8	ce47a803	lw	x16,-796(x15)	 x15:0x00102000 x16=0x00000000 PA:0x00101ce4 store:0x00000000
          42166	     21079	00100cec	00e12623	sw	x14,12(x2)	  x2:0x00137f80 x14:0x00000000 PA:0x00137f8c store:0x00000000 load:0x00000000
          42168	     21080	00100cf0	00030737	lui	x14,0x30	 x14=0x00030000
          42172	     21082	00100cf4	00c12a23	sw	x12,20(x2)	  x2:0x00137f80 x12:0x00030000 PA:0x00137f94 store:0x00030000 load:0x00000000
          42176	     21084	00100cf8	01112023	sw	x17,0(x2)	  x2:0x00137f80 x17:0x00030000 PA:0x00137f80 store:0x00030000 load:0x00000000
          42180	     21086	00100cfc	00a12e23	sw	x10,28(x2)	  x2:0x00137f80 x10:0x00101cd0 PA:0x00137f9c store:0x00101cd0 load:0x00000000
          42184	     21088	00100d00	00d12823	sw	x13,16(x2)	  x2:0x00137f80 x13:0x00004a70 PA:0x00137f90 store:0x00004a70 load:0x00000000
          42186	     21089	00100d04	00030637	lui	x12,0x30	 x12=0x00030000
          42188	     21090	00100d08	00470893	addi	x17,x14,4	 x14:0x00030000 x17=0x00030004
          42192	     21092	00100d0c	0008a783	lw	x15,0(x17)	 x17:0x00030004 x15=0x00000000 PA:0x00030004 store:0x00000000
          42196	     21094	00100d10	00062683	lw	x13,0(x12)	 x12:0x00030000 x13=0x00005264 PA:0x00030000 store:0x00000000
          42200	     21096	00100d14	0008a503	lw	x10,0(x17)	 x17:0x00030004 x10=0x00000000 PA:0x00030004 store:0x00000000
          42204	     21098	00100d18	06a78a63	beq	x15,x10,100d8c	 x15:0x00000000 x10:0x00000000
          42208	     21100	00100d8c	00b688b3	add	x17,x13,x11	 x13:0x00005264 x11:0x000007d0 x17=0x00005a34
          42210	     21101	00100d90	00030637	lui	x12,0x30	 x12=0x00030000
          42212	     21102	00100d94	00d8b6b3	sltu	x13,x17,x13	 x17:0x00005a34 x13:0x00005264 x13=0x00000000
          42214	     21103	00100d98	01078833	add	x16,x15,x16	 x15:0x00000000 x16:0x00000000 x16=0x00000000
          42216	     21104	00100d9c	fff00513	addi	x10,x0,-1	  x0:0x00000000 x10=0xffffffff
          42220	     21106	00100da0	00a62423	sw	x10,8(x12)	 x12:0x00030000 x10:0xffffffff PA:0x00030008 store:0xffffffff load:0x00005240
          42222	     21107	00100da4	010687b3	add	x15,x13,x16	 x13:0x00000000 x16:0x00000000 x15=0x00000000
          42224	     21108	00100da8	000305b7	lui	x11,0x30	 x11=0x00030000
          42228	     21110	00100dac	00f5a623	sw	x15,12(x11)	 x11:0x00030000 x15:0x00000000 PA:0x0003000c store:0x00000000 load:0x00000000
          42232	     21112	00100db0	01162423	sw	x17,8(x12)	 x12:0x00030000 x17:0x00005a34 PA:0x00030008 store:0x00005a34 load:0xffffffff
          42234	     21113	00100db4	001026b7	lui	x13,0x102	 x13=0x00102000
          42238	     21115	00100db8	ce86a703	lw	x14,-792(x13)	 x13:0x00102000 x14=0x00000000 PA:0x00101ce8 store:0x00000000
          42242	     21117	00100dbc	cec6a883	lw	x17,-788(x13)	 x13:0x00102000 x17=0x00000000 PA:0x00101cec store:0x00030000
          42246	     21119	00100dc0	01c12503	lw	x10,28(x2)	  x2:0x00137f80 x10=0x00101cd0 PA:0x00137f9c store:0x00000000
          42248	     21120	00100dc4	00170593	addi	x11,x14,1	 x14:0x00000000 x11=0x00000001
          42250	     21121	00100dc8	00e5b633	sltu	x12,x11,x14	 x11:0x00000001 x14:0x00000000 x12=0x00000000
          42252	     21122	00100dcc	01160833	add	x16,x12,x17	 x12:0x00000000 x17:0x00000000 x16=0x00000000
          42256	     21124	00100dd0	ceb6a423	sw	x11,-792(x13)	 x13:0x00102000 x11:0x00000001 PA:0x00101ce8 store:0x00000001 load:0x00101cd0
          42260	     21126	00100dd4	cf06a623	sw	x16,-788(x13)	 x13:0x00102000 x16:0x00000000 PA:0x00101cec store:0x00000000 load:0x00101cd0
          42264	     21128	00100dd8	01812583	lw	x11,24(x2)	  x2:0x00137f80 x11=0x00000000 PA:0x00137f98 store:0x00102000
          42268	     21130	00100ddc	01412603	lw	x12,20(x2)	  x2:0x00137f80 x12=0x00030000 PA:0x00137f94 store:0x00102000
          42272	     21132	00100de0	01012683	lw	x13,16(x2)	  x2:0x00137f80 x13=0x00004a70 PA:0x00137f90 store:0x00000000
          42276	     21134	00100de4	00c12703	lw	x14,12(x2)	  x2:0x00137f80 x14=0x00000000 PA:0x00137f8c store:0x00030000
          42280	     21136	00100de8	00812783	lw	x15,8(x2)	  x2:0x00137f80 x15=0x00102000 PA:0x00137f88 store:0x00000000
          42284	     21138	00100dec	00412803	lw	x16,4(x2)	  x2:0x00137f80 x16=0x00000000 PA:0x00137f84 store:0x00000000
          42288	     21140	00100df0	00012883	lw	x17,0(x2)	  x2:0x00137f80 x17=0x00030000 PA:0x00137f80 store:0x00000000
          42290	     21141	00100df4	02010113	addi	x2,x2,32	  x2:0x00137f80  x2=0x00137fa0
          42292	     21142	00100df8	30200073	mret	
          42300	     21146	001018c4	fd9ff06f	jal	x0,10189c	  x0=0x00000000
          42304	     21148	0010189c	c24ff0ef	jal	x1,100cc0	  x1=0x001018a0
          42306	     21149	00100cc0	001027b7	lui	x15,0x102	 x15=0x00102000
          42310	     21151	00100cc4	ce87a503	lw	x10,-792(x15)	 x15:0x00102000 x10=0x00000001 PA:0x00101ce8 store:0x00000000
          42314	     21153	00100cc8	cec7a583	lw	x11,-788(x15)	 x15:0x00102000 x11=0x00000000 PA:0x00101cec store:0x00030000
          42318	     21155	00100ccc	00008067	jalr	x0,0(x1)	  x1:0x001018a0  x0=0x00000000
          42320	     21156	001018a0	00040913	addi	x18,x8,0	  x8:0x00000000 x18=0x00000000
          42322	     21157	001018a4	00050413	addi	x8,x10,0	 x10:0x00000001  x8=0x00000001
          42324	     21158	001018a8	00048b13	addi	x22,x9,0	  x9:0x00000000 x22=0x00000000
          42326	     21159	001018ac	00157713	andi	x14,x10,1	 x10:0x00000001 x14=0x00000001
          42328	     21160	001018b0	00058493	addi	x9,x11,0	 x11:0x00000000  x9=0x00000000
          42330	     21161	001018b4	cd0c0513	addi	x10,x24,-816	 x24:0x00102000 x10=0x00101cd0
          42334	     21163	001018b8	fd2416e3	bne	x8,x18,101884	  x8:0x00000001 x18:0x00000000
          42340	     21166	00101884	00071463	bne	x14,x0,10188c	 x14:0x00000001  x0:0x00000000
          42346	     21169	0010188c	815fe0ef	jal	x1,1000a0	  x1=0x00101890
          42350	     21171	001000a0	00054803	lbu	x16,0(x10)	 x10:0x00101cd0 x16=0x00000054 PA:0x00101cd0 store:0x00000000
          42352	     21172	001000a4	06080663	beq	x16,x0,100110	 x16:0x00000054  x0:0x00000000
          42354	     21173	001000a8	000207b7	lui	x15,0x20	 x15=0x00020000
          42358	     21175	001000ac	0107a023	sw	x16,0(x15)	 x15:0x00020000 x16:0x00000054 PA:0x00020000 store:0x00000054 load:0x00000000
          42362	     21177	001000b0	00154703	lbu	x14,1(x10)	 x10:0x00101cd0 x14=0x00000069 PA:0x00101cd1 store:0x00101890
          42364	     21178	001000b4	04070e63	beq	x14,x0,100110	 x14:0x00000069  x0:0x00000000
          42368	     21180	001000b8	00e7a023	sw	x14,0(x15)	 x15:0x00020000 x14:0x00000069 PA:0x00020000 store:0x00000069 load:0x00000000
          42372	     21182	001000bc	00254283	lbu	x5,2(x10)	 x10:0x00101cd0  x5=0x00000063 PA:0x00101cd2 store:0x00137fa0
          42374	     21183	001000c0	04028863	beq	x5,x0,100110	  x5:0x00000063  x0:0x00000000
          42378	     21185	001000c4	0057a023	sw	x5,0(x15)	 x15:0x00020000  x5:0x00000063 PA:0x00020000 store:0x00000063 load:0x00000000
          42382	     21187	001000c8	00354303	lbu	x6,3(x10)	 x10:0x00101cd0  x6=0x0000006b PA:0x00101cd3 store:0x00000000
          42384	     21188	001000cc	04030263	beq	x6,x0,100110	  x6:0x0000006b  x0:0x00000000
          42388	     21190	001000d0	0067a023	sw	x6,0(x15)	 x15:0x00020000  x6:0x0000006b PA:0x00020000 store:0x0000006b load:0x00000000
          42392	     21192	001000d4	00454383	lbu	x7,4(x10)	 x10:0x00101cd0  x7=0x00000021 PA:0x00101cd4 store:0x00000000
          42394	     21193	001000d8	02038c63	beq	x7,x0,100110	  x7:0x00000021  x0:0x00000000
          42398	     21195	001000dc	0077a023	sw	x7,0(x15)	 x15:0x00020000  x7:0x00000021 PA:0x00020000 store:0x00000021 load:0x00000000
          42402	     21197	001000e0	00554583	lbu	x11,5(x10)	 x10:0x00101cd0 x11=0x0000000a PA:0x00101cd5 store:0x00000063
          42404	     21198	001000e4	02058663	beq	x11,x0,100110	 x11:0x0000000a  x0:0x00000000
          42408	     21200	001000e8	00b7a023	sw	x11,0(x15)	 x15:0x00020000 x11:0x0000000a PA:0x00020000 store:0x0000000a load:0x00000000
          42412	     21202	001000ec	00654603	lbu	x12,6(x10)	 x10:0x00101cd0 x12=0x00000000 PA:0x00101cd6 store:0x0000006b
          42416	     21204	001000f0	02060063	beq	x12,x0,100110	 x12:0x00000000  x0:0x00000000
          42420	     21206	00100110	00000513	addi	x10,x0,0	  x0:0x00000000 x10=0x00000000
          42424	     21208	00100114	00008067	jalr	x0,0(x1)	  x1:0x00101890  x0=0x00000000
          42426	     21209	00101890	10500073	wfi	
          46206	     23099	0010001c	6890006f	jal	x0,100ea4	  x0=0x00000000
          46210	     23101	00100ea4	e2dff06f	jal	x0,100cd0	  x0=0x00000000
          46212	     23102	00100cd0	fe010113	addi	x2,x2,-32	  x2:0x00137fa0  x2=0x00137f80
          46216	     23104	00100cd4	00f12423	sw	x15,8(x2)	  x2:0x00137f80 x15:0x00020000 PA:0x00137f88 store:0x00020000 load:0x00000a21
          46218	     23105	00100cd8	001027b7	lui	x15,0x102	 x15=0x00102000
          46222	     23107	00100cdc	00b12c23	sw	x11,24(x2)	  x2:0x00137f80 x11:0x0000000a PA:0x00137f98 store:0x0000000a load:0x00000a21
          46226	     23109	00100ce0	01012223	sw	x16,4(x2)	  x2:0x00137f80 x16:0x00000054 PA:0x00137f84 store:0x00000054 load:0x00000a21
          46230	     23111	00100ce4	ce07a583	lw	x11,-800(x15)	 x15:0x00102000 x11=0x000007d0 PA:0x00101ce0 store:0x00000000
          46234	     23113	00100ce8	ce47a803	lw	x16,-796(x15)	 x15:0x00102000 x16=0x00000000 PA:0x00101ce4 store:0x00000000
          46238	     23115	00100cec	00e12623	sw	x14,12(x2)	  x2:0x00137f80 x14:0x00000069 PA:0x00137f8c store:0x00000069 load:0x00000000
          46240	     23116	00100cf0	00030737	lui	x14,0x30	 x14=0x00030000
          46244	     23118	00100cf4	00c12a23	sw	x12,20(x2)	  x2:0x00137f80 x12:0x00000000 PA:0x00137f94 store:0x00000000 load:0x00000000
          46248	     23120	00100cf8	01112023	sw	x17,0(x2)	  x2:0x00137f80 x17:0x00030000 PA:0x00137f80 store:0x00030000 load:0x00000000
          46252	     23122	00100cfc	00a12e23	sw	x10,28(x2)	  x2:0x00137f80 x10:0x00000000 PA:0x00137f9c store:0x00000000 load:0x00000000
          46256	     23124	00100d00	00d12823	sw	x13,16(x2)	  x2:0x00137f80 x13:0x00004a70 PA:0x00137f90 store:0x00004a70 load:0x00000000
          46258	     23125	00100d04	00030637	lui	x12,0x30	 x12=0x00030000
          46260	     23126	00100d08	00470893	addi	x17,x14,4	 x14:0x00030000 x17=0x00030004
          46264	     23128	00100d0c	0008a783	lw	x15,0(x17)	 x17:0x00030004 x15=0x00000000 PA:0x00030004 store:0x00000000
          46268	     23130	00100d10	00062683	lw	x13,0(x12)	 x12:0x00030000 x13=0x00005a58 PA:0x00030000 store:0x00000000
          46272	     23132	00100d14	0008a503	lw	x10,0(x17)	 x17:0x00030004 x10=0x00000000 PA:0x00030004 store:0x00000000
          46276	     23134	00100d18	06a78a63	beq	x15,x10,100d8c	 x15:0x00000000 x10:0x00000000
          46280	     23136	00100d8c	00b688b3	add	x17,x13,x11	 x13:0x00005a58 x11:0x000007d0 x17=0x00006228
          46282	     23137	00100d90	00030637	lui	x12,0x30	 x12=0x00030000
          46284	     23138	00100d94	00d8b6b3	sltu	x13,x17,x13	 x17:0x00006228 x13:0x00005a58 x13=0x00000000
          46286	     23139	00100d98	01078833	add	x16,x15,x16	 x15:0x00000000 x16:0x00000000 x16=0x00000000
          46288	     23140	00100d9c	fff00513	addi	x10,x0,-1	  x0:0x00000000 x10=0xffffffff
          46292	     23142	00100da0	00a62423	sw	x10,8(x12)	 x12:0x00030000 x10:0xffffffff PA:0x00030008 store:0xffffffff load:0x00005a34
          46294	     23143	00100da4	010687b3	add	x15,x13,x16	 x13:0x00000000 x16:0x00000000 x15=0x00000000
          46296	     23144	00100da8	000305b7	lui	x11,0x30	 x11=0x00030000
          46300	     23146	00100dac	00f5a623	sw	x15,12(x11)	 x11:0x00030000 x15:0x00000000 PA:0x0003000c store:0x00000000 load:0x00000000
          46304	     23148	00100db0	01162423	sw	x17,8(x12)	 x12:0x00030000 x17:0x00006228 PA:0x00030008 store:0x00006228 load:0xffffffff
          46306	     23149	00100db4	001026b7	lui	x13,0x102	 x13=0x00102000
          46310	     23151	00100db8	ce86a703	lw	x14,-792(x13)	 x13:0x00102000 x14=0x00000001 PA:0x00101ce8 store:0x00000001
          46314	     23153	00100dbc	cec6a883	lw	x17,-788(x13)	 x13:0x00102000 x17=0x00000000 PA:0x00101cec store:0x00030000
          46318	     23155	00100dc0	01c12503	lw	x10,28(x2)	  x2:0x00137f80 x10=0x00000000 PA:0x00137f9c store:0x00000000
          46320	     23156	00100dc4	00170593	addi	x11,x14,1	 x14:0x00000001 x11=0x00000002
          46322	     23157	00100dc8	00e5b633	sltu	x12,x11,x14	 x11:0x00000002 x14:0x00000001 x12=0x00000000
          46324	     23158	00100dcc	01160833	add	x16,x12,x17	 x12:0x00000000 x17:0x00000000 x16=0x00000000
          46328	     23160	00100dd0	ceb6a423	sw	x11,-792(x13)	 x13:0x00102000 x11:0x00000002 PA:0x00101ce8 store:0x00000002 load:0x00000000
          46332	     23162	00100dd4	cf06a623	sw	x16,-788(x13)	 x13:0x00102000 x16:0x00000000 PA:0x00101cec store:0x00000000 load:0x00000000
          46336	     23164	00100dd8	01812583	lw	x11,24(x2)	  x2:0x00137f80 x11=0x0000000a PA:0x00137f98 store:0x00102000
          46340	     23166	00100ddc	01412603	lw	x12,20(x2)	  x2:0x00137f80 x12=0x00000000 PA:0x00137f94 store:0x00102000
          46344	     23168	00100de0	01012683	lw	x13,16(x2)	  x2:0x00137f80 x13=0x00004a70 PA:0x00137f90 store:0x00000000
          46348	     23170	00100de4	00c12703	lw	x14,12(x2)	  x2:0x00137f80 x14=0x00000069 PA:0x00137f8c store:0x00000000
          46352	     23172	00100de8	00812783	lw	x15,8(x2)	  x2:0x00137f80 x15=0x00020000 PA:0x00137f88 store:0x00000001
          46356	     23174	00100dec	00412803	lw	x16,4(x2)	  x2:0x00137f80 x16=0x00000054 PA:0x00137f84 store:0x00000000
          46360	     23176	00100df0	00012883	lw	x17,0(x2)	  x2:0x00137f80 x17=0x00030000 PA:0x00137f80 store:0x00000000
          46362	     23177	00100df4	02010113	addi	x2,x2,32	  x2:0x00137f80  x2=0x00137fa0
          46364	     23178	00100df8	30200073	mret	
          46370	     23181	00101894	02049a63	bne	x9,x0,1018c8	  x9:0x00000000  x0:0x00000000
          46372	     23182	00101898	028de863	bltu	x27,x8,1018c8	 x27:0x00000004  x8:0x00000001
          46376	     23184	0010189c	c24ff0ef	jal	x1,100cc0	  x1=0x001018a0
          46378	     23185	00100cc0	001027b7	lui	x15,0x102	 x15=0x00102000
          46382	     23187	00100cc4	ce87a503	lw	x10,-792(x15)	 x15:0x00102000 x10=0x00000002 PA:0x00101ce8 store:0x00000001
          46386	     23189	00100cc8	cec7a583	lw	x11,-788(x15)	 x15:0x00102000 x11=0x00000000 PA:0x00101cec store:0x00000000
          46390	     23191	00100ccc	00008067	jalr	x0,0(x1)	  x1:0x001018a0  x0=0x00000000
          46392	     23192	001018a0	00040913	addi	x18,x8,0	  x8:0x00000001 x18=0x00000001
          46394	     23193	001018a4	00050413	addi	x8,x10,0	 x10:0x00000002  x8=0x00000002
          46396	     23194	001018a8	00048b13	addi	x22,x9,0	  x9:0x00000000 x22=0x00000000
          46398	     23195	001018ac	00157713	andi	x14,x10,1	 x10:0x00000002 x14=0x00000000
          46400	     23196	001018b0	00058493	addi	x9,x11,0	 x11:0x00000000  x9=0x00000000
          46402	     23197	001018b4	cd0c0513	addi	x10,x24,-816	 x24:0x00102000 x10=0x00101cd0
          46406	     23199	001018b8	fd2416e3	bne	x8,x18,101884	  x8:0x00000002 x18:0x00000001
          46410	     23201	00101884	00071463	bne	x14,x0,10188c	 x14:0x00000000  x0:0x00000000
          46412	     23202	00101888	cd8d0513	addi	x10,x26,-808	 x26:0x00102000 x10=0x00101cd8
          46416	     23204	0010188c	815fe0ef	jal	x1,1000a0	  x1=0x00101890
          46420	     23206	001000a0	00054803	lbu	x16,0(x10)	 x10:0x00101cd8 x16=0x00000054 PA:0x00101cd8 store:0x00000000
          46422	     23207	001000a4	06080663	beq	x16,x0,100110	 x16:0x00000054  x0:0x00000000
          46424	     23208	001000a8	000207b7	lui	x15,0x20	 x15=0x00020000
          46428	     23210	001000ac	0107a023	sw	x16,0(x15)	 x15:0x00020000 x16:0x00000054 PA:0x00020000 store:0x00000054 load:0x00000000
          46432	     23212	001000b0	00154703	lbu	x14,1(x10)	 x10:0x00101cd8 x14=0x0000006f PA:0x00101cd9 store:0x00101890
          46434	     23213	001000b4	04070e63	beq	x14,x0,100110	 x14:0x0000006f  x0:0x00000000
          46438	     23215	001000b8	00e7a023	sw	x14,0(x15)	 x15:0x00020000 x14:0x0000006f PA:0x00020000 store:0x0000006f load:0x00000000
          46442	     23217	001000bc	00254283	lbu	x5,2(x10)	 x10:0x00101cd8  x5=0x00000063 PA:0x00101cda store:0x00137fa0
          46444	     23218	001000c0	04028863	beq	x5,x0,100110	  x5:0x00000063  x0:0x00000000
          46448	     23220	001000c4	0057a023	sw	x5,0(x15)	 x15:0x00020000  x5:0x00000063 PA:0x00020000 store:0x00000063 load:0x00000000
          46452	     23222	001000c8	00354303	lbu	x6,3(x10)	 x10:0x00101cd8  x6=0x0000006b PA:0x00101cdb store:0x00000000
          46454	     23223	001000cc	04030263	beq	x6,x0,100110	  x6:0x0000006b  x0:0x00000000
          46458	     23225	001000d0	0067a023	sw	x6,0(x15)	 x15:0x00020000  x6:0x0000006b PA:0x00020000 store:0x0000006b load:0x00000000
          46462	     23227	001000d4	00454383	lbu	x7,4(x10)	 x10:0x00101cd8  x7=0x00000021 PA:0x00101cdc store:0x00000000
          46464	     23228	001000d8	02038c63	beq	x7,x0,100110	  x7:0x00000021  x0:0x00000000
          46468	     23230	001000dc	0077a023	sw	x7,0(x15)	 x15:0x00020000  x7:0x00000021 PA:0x00020000 store:0x00000021 load:0x00000000
          46472	     23232	001000e0	00554583	lbu	x11,5(x10)	 x10:0x00101cd8 x11=0x0000000a PA:0x00101cdd store:0x00000063
          46474	     23233	001000e4	02058663	beq	x11,x0,100110	 x11:0x0000000a  x0:0x00000000
          46478	     23235	001000e8	00b7a023	sw	x11,0(x15)	 x15:0x00020000 x11:0x0000000a PA:0x00020000 store:0x0000000a load:0x00000000
          46482	     23237	001000ec	00654603	lbu	x12,6(x10)	 x10:0x00101cd8 x12=0x00000000 PA:0x00101cde store:0x0000006b
          46486	     23239	001000f0	02060063	beq	x12,x0,100110	 x12:0x00000000  x0:0x00000000
          46490	     23241	00100110	00000513	addi	x10,x0,0	  x0:0x00000000 x10=0x00000000
          46494	     23243	00100114	00008067	jalr	x0,0(x1)	  x1:0x00101890  x0=0x00000000
          46496	     23244	00101890	10500073	wfi	
          50278	     25135	0010001c	6890006f	jal	x0,100ea4	  x0=0x00000000
          50282	     25137	00100ea4	e2dff06f	jal	x0,100cd0	  x0=0x00000000
          50284	     25138	00100cd0	fe010113	addi	x2,x2,-32	  x2:0x00137fa0  x2=0x00137f80
          50288	     25140	00100cd4	00f12423	sw	x15,8(x2)	  x2:0x00137f80 x15:0x00020000 PA:0x00137f88 store:0x00020000 load:0x00000a21
          50290	     25141	00100cd8	001027b7	lui	x15,0x102	 x15=0x00102000
          50294	     25143	00100cdc	00b12c23	sw	x11,24(x2)	  x2:0x00137f80 x11:0x0000000a PA:0x00137f98 store:0x0000000a load:0x00000a21
          50298	     25145	00100ce0	01012223	sw	x16,4(x2)	  x2:0x00137f80 x16:0x00000054 PA:0x00137f84 store:0x00000054 load:0x00000a21
          50302	     25147	00100ce4	ce07a583	lw	x11,-800(x15)	 x15:0x00102000 x11=0x000007d0 PA:0x00101ce0 store:0x00000000
          50306	     25149	00100ce8	ce47a803	lw	x16,-796(x15)	 x15:0x00102000 x16=0x00000000 PA:0x00101ce4 store:0x00000000
          50310	     25151	00100cec	00e12623	sw	x14,12(x2)	  x2:0x00137f80 x14:0x0000006f PA:0x00137f8c store:0x0000006f load:0x00000000
          50312	     25152	00100cf0	00030737	lui	x14,0x30	 x14=0x00030000
          50316	     25154	00100cf4	00c12a23	sw	x12,20(x2)	  x2:0x00137f80 x12:0x00000000 PA:0x00137f94 store:0x00000000 load:0x00000000
          50320	     25156	00100cf8	01112023	sw	x17,0(x2)	  x2:0x00137f80 x17:0x00030000 PA:0x00137f80 store:0x00030000 load:0x00000000
          50324	     25158	00100cfc	00a12e23	sw	x10,28(x2)	  x2:0x00137f80 x10:0x00000000 PA:0x00137f9c store:0x00000000 load:0x00000000
          50328	     25160	00100d00	00d12823	sw	x13,16(x2)	  x2:0x00137f80 x13:0x00004a70 PA:0x00137f90 store:0x00004a70 load:0x00000000
          50330	     25161	00100d04	00030637	lui	x12,0x30	 x12=0x00030000
          50332	     25162	00100d08	00470893	addi	x17,x14,4	 x14:0x00030000 x17=0x00030004
          50336	     25164	00100d0c	0008a783	lw	x15,0(x17)	 x17:0x00030004 x15=0x00000000 PA:0x00030004 store:0x00000000
          50340	     25166	00100d10	00062683	lw	x13,0(x12)	 x12:0x00030000 x13=0x0000624c PA:0x00030000 store:0x00000000
          50344	     25168	00100d14	0008a503	lw	x10,0(x17)	 x17:0x00030004 x10=0x00000000 PA:0x00030004 store:0x00000000
          50348	     25170	00100d18	06a78a63	beq	x15,x10,100d8c	 x15:0x00000000 x10:0x00000000
          50352	     25172	00100d8c	00b688b3	add	x17,x13,x11	 x13:0x0000624c x11:0x000007d0 x17=0x00006a1c
          50354	     25173	00100d90	00030637	lui	x12,0x30	 x12=0x00030000
          50356	     25174	00100d94	00d8b6b3	sltu	x13,x17,x13	 x17:0x00006a1c x13:0x0000624c x13=0x00000000
          50358	     25175	00100d98	01078833	add	x16,x15,x16	 x15:0x00000000 x16:0x00000000 x16=0x00000000
          50360	     25176	00100d9c	fff00513	addi	x10,x0,-1	  x0:0x00000000 x10=0xffffffff
          50364	     25178	00100da0	00a62423	sw	x10,8(x12)	 x12:0x00030000 x10:0xffffffff PA:0x00030008 store:0xffffffff load:0x00006228
          50366	     25179	00100da4	010687b3	add	x15,x13,x16	 x13:0x00000000 x16:0x00000000 x15=0x00000000
          50368	     25180	00100da8	000305b7	lui	x11,0x30	 x11=0x00030000
          50372	     25182	00100dac	00f5a623	sw	x15,12(x11)	 x11:0x00030000 x15:0x00000000 PA:0x0003000c store:0x00000000 load:0x00000000
          50376	     25184	00100db0	01162423	sw	x17,8(x12)	 x12:0x00030000 x17:0x00006a1c PA:0x00030008 store:0x00006a1c load:0xffffffff
          50378	     25185	00100db4	001026b7	lui	x13,0x102	 x13=0x00102000
          50382	     25187	00100db8	ce86a703	lw	x14,-792(x13)	 x13:0x00102000 x14=0x00000002 PA:0x00101ce8 store:0x00000002
          50386	     25189	00100dbc	cec6a883	lw	x17,-788(x13)	 x13:0x00102000 x17=0x00000000 PA:0x00101cec store:0x00030000
          50390	     25191	00100dc0	01c12503	lw	x10,28(x2)	  x2:0x00137f80 x10=0x00000000 PA:0x00137f9c store:0x00000000
          50392	     25192	00100dc4	00170593	addi	x11,x14,1	 x14:0x00000002 x11=0x00000003
          50394	     25193	00100dc8	00e5b633	sltu	x12,x11,x14	 x11:0x00000003 x14:0x00000002 x12=0x00000000
          50396	     25194	00100dcc	01160833	add	x16,x12,x17	 x12:0x00000000 x17:0x00000000 x16=0x00000000
          50400	     25196	00100dd0	ceb6a423	sw	x11,-792(x13)	 x13:0x00102000 x11:0x00000003 PA:0x00101ce8 store:0x00000003 load:0x00000000
          50404	     25198	00100dd4	cf06a623	sw	x16,-788(x13)	 x13:0x00102000 x16:0x00000000 PA:0x00101cec store:0x00000000 load:0x00000000
          50408	     25200	00100dd8	01812583	lw	x11,24(x2)	  x2:0x00137f80 x11=0x0000000a PA:0x00137f98 store:0x00102000
          50412	     25202	00100ddc	01412603	lw	x12,20(x2)	  x2:0x00137f80 x12=0x00000000 PA:0x00137f94 store:0x00102000
          50416	     25204	00100de0	01012683	lw	x13,16(x2)	  x2:0x00137f80 x13=0x00004a70 PA:0x00137f90 store:0x00000000
          50420	     25206	00100de4	00c12703	lw	x14,12(x2)	  x2:0x00137f80 x14=0x0000006f PA:0x00137f8c store:0x00000000
          50424	     25208	00100de8	00812783	lw	x15,8(x2)	  x2:0x00137f80 x15=0x00020000 PA:0x00137f88 store:0x00000002
          50428	     25210	00100dec	00412803	lw	x16,4(x2)	  x2:0x00137f80 x16=0x00000054 PA:0x00137f84 store:0x00000000
          50432	     25212	00100df0	00012883	lw	x17,0(x2)	  x2:0x00137f80 x17=0x00030000 PA:0x00137f80 store:0x00000000
          50434	     25213	00100df4	02010113	addi	x2,x2,32	  x2:0x00137f80  x2=0x00137fa0
          50436	     25214	00100df8	30200073	mret	
          50442	     25217	00101894	02049a63	bne	x9,x0,1018c8	  x9:0x00000000  x0:0x00000000
          50444	     25218	00101898	028de863	bltu	x27,x8,1018c8	 x27:0x00000004  x8:0x00000002
          50448	     25220	0010189c	c24ff0ef	jal	x1,100cc0	  x1=0x001018a0
          50450	     25221	00100cc0	001027b7	lui	x15,0x102	 x15=0x00102000
          50454	     25223	00100cc4	ce87a503	lw	x10,-792(x15)	 x15:0x00102000 x10=0x00000003 PA:0x00101ce8 store:0x00000002
          50458	     25225	00100cc8	cec7a583	lw	x11,-788(x15)	 x15:0x00102000 x11=0x00000000 PA:0x00101cec store:0x00000000
          50462	     25227	00100ccc	00008067	jalr	x0,0(x1)	  x1:0x001018a0  x0=0x00000000
          50464	     25228	001018a0	00040913	addi	x18,x8,0	  x8:0x00000002 x18=0x00000002
          50466	     25229	001018a4	00050413	addi	x8,x10,0	 x10:0x00000003  x8=0x00000003
          50468	     25230	001018a8	00048b13	addi	x22,x9,0	  x9:0x00000000 x22=0x00000000
          50470	     25231	001018ac	00157713	andi	x14,x10,1	 x10:0x00000003 x14=0x00000001
          50472	     25232	001018b0	00058493	addi	x9,x11,0	 x11:0x00000000  x9=0x00000000
          50474	     25233	001018b4	cd0c0513	addi	x10,x24,-816	 x24:0x00102000 x10=0x00101cd0
          50478	     25235	001018b8	fd2416e3	bne	x8,x18,101884	  x8:0x00000003 x18:0x00000002
          50484	     25238	00101884	00071463	bne	x14,x0,10188c	 x14:0x00000001  x0:0x00000000
          50490	     25241	0010188c	815fe0ef	jal	x1,1000a0	  x1=0x00101890
          50494	     25243	001000a0	00054803	lbu	x16,0(x10)	 x10:0x00101cd0 x16=0x00000054 PA:0x00101cd0 store:0x00000000
          50496	     25244	001000a4	06080663	beq	x16,x0,100110	 x16:0x00000054  x0:0x00000000
          50498	     25245	001000a8	000207b7	lui	x15,0x20	 x15=0x00020000
          50502	     25247	001000ac	0107a023	sw	x16,0(x15)	 x15:0x00020000 x16:0x00000054 PA:0x00020000 store:0x00000054 load:0x00000000
          50506	     25249	001000b0	00154703	lbu	x14,1(x10)	 x10:0x00101cd0 x14=0x00000069 PA:0x00101cd1 store:0x00101890
          50508	     25250	001000b4	04070e63	beq	x14,x0,100110	 x14:0x00000069  x0:0x00000000
          50512	     25252	001000b8	00e7a023	sw	x14,0(x15)	 x15:0x00020000 x14:0x00000069 PA:0x00020000 store:0x00000069 load:0x00000000
          50516	     25254	001000bc	00254283	lbu	x5,2(x10)	 x10:0x00101cd0  x5=0x00000063 PA:0x00101cd2 store:0x00137fa0
          50518	     25255	001000c0	04028863	beq	x5,x0,100110	  x5:0x00000063  x0:0x00000000
          50522	     25257	001000c4	0057a023	sw	x5,0(x15)	 x15:0x00020000  x5:0x00000063 PA:0x00020000 store:0x00000063 load:0x00000000
          50526	     25259	001000c8	00354303	lbu	x6,3(x10)	 x10:0x00101cd0  x6=0x0000006b PA:0x00101cd3 store:0x00000000
          50528	     25260	001000cc	04030263	beq	x6,x0,100110	  x6:0x0000006b  x0:0x00000000
          50532	     25262	001000d0	0067a023	sw	x6,0(x15)	 x15:0x00020000  x6:0x0000006b PA:0x00020000 store:0x0000006b load:0x00000000
          50536	     25264	001000d4	00454383	lbu	x7,4(x10)	 x10:0x00101cd0  x7=0x00000021 PA:0x00101cd4 store:0x00000000
          50538	     25265	001000d8	02038c63	beq	x7,x0,100110	  x7:0x00000021  x0:0x00000000
          50542	     25267	001000dc	0077a023	sw	x7,0(x15)	 x15:0x00020000  x7:0x00000021 PA:0x00020000 store:0x00000021 load:0x00000000
          50546	     25269	001000e0	00554583	lbu	x11,5(x10)	 x10:0x00101cd0 x11=0x0000000a PA:0x00101cd5 store:0x00000063
          50548	     25270	001000e4	02058663	beq	x11,x0,100110	 x11:0x0000000a  x0:0x00000000
          50552	     25272	001000e8	00b7a023	sw	x11,0(x15)	 x15:0x00020000 x11:0x0000000a PA:0x00020000 store:0x0000000a load:0x00000000
          50556	     25274	001000ec	00654603	lbu	x12,6(x10)	 x10:0x00101cd0 x12=0x00000000 PA:0x00101cd6 store:0x0000006b
          50560	     25276	001000f0	02060063	beq	x12,x0,100110	 x12:0x00000000  x0:0x00000000
          50564	     25278	00100110	00000513	addi	x10,x0,0	  x0:0x00000000 x10=0x00000000
          50568	     25280	00100114	00008067	jalr	x0,0(x1)	  x1:0x00101890  x0=0x00000000
          50570	     25281	00101890	10500073	wfi	
          54350	     27171	0010001c	6890006f	jal	x0,100ea4	  x0=0x00000000
          54354	     27173	00100ea4	e2dff06f	jal	x0,100cd0	  x0=0x00000000
          54356	     27174	00100cd0	fe010113	addi	x2,x2,-32	  x2:0x00137fa0  x2=0x00137f80
          54360	     27176	00100cd4	00f12423	sw	x15,8(x2)	  x2:0x00137f80 x15:0x00020000 PA:0x00137f88 store:0x00020000 load:0x00000a21
          54362	     27177	00100cd8	001027b7	lui	x15,0x102	 x15=0x00102000
          54366	     27179	00100cdc	00b12c23	sw	x11,24(x2)	  x2:0x00137f80 x11:0x0000000a PA:0x00137f98 store:0x0000000a load:0x00000a21
          54370	     27181	00100ce0	01012223	sw	x16,4(x2)	  x2:0x00137f80 x16:0x00000054 PA:0x00137f84 store:0x00000054 load:0x00000a21
          54374	     27183	00100ce4	ce07a583	lw	x11,-800(x15)	 x15:0x00102000 x11=0x000007d0 PA:0x00101ce0 store:0x00000000
          54378	     27185	00100ce8	ce47a803	lw	x16,-796(x15)	 x15:0x00102000 x16=0x00000000 PA:0x00101ce4 store:0x00000000
          54382	     27187	00100cec	00e12623	sw	x14,12(x2)	  x2:0x00137f80 x14:0x00000069 PA:0x00137f8c store:0x00000069 load:0x00000000
          54384	     27188	00100cf0	00030737	lui	x14,0x30	 x14=0x00030000
          54388	     27190	00100cf4	00c12a23	sw	x12,20(x2)	  x2:0x00137f80 x12:0x00000000 PA:0x00137f94 store:0x00000000 load:0x00000000
          54392	     27192	00100cf8	01112023	sw	x17,0(x2)	  x2:0x00137f80 x17:0x00030000 PA:0x00137f80 store:0x00030000 load:0x00000000
          54396	     27194	00100cfc	00a12e23	sw	x10,28(x2)	  x2:0x00137f80 x10:0x00000000 PA:0x00137f9c store:0x00000000 load:0x00000000
          54400	     27196	00100d00	00d12823	sw	x13,16(x2)	  x2:0x00137f80 x13:0x00004a70 PA:0x00137f90 store:0x00004a70 load:0x00000000
          54402	     27197	00100d04	00030637	lui	x12,0x30	 x12=0x00030000
          54404	     27198	00100d08	00470893	addi	x17,x14,4	 x14:0x00030000 x17=0x00030004
          54408	     27200	00100d0c	0008a783	lw	x15,0(x17)	 x17:0x00030004 x15=0x00000000 PA:0x00030004 store:0x00000000
          54412	     27202	00100d10	00062683	lw	x13,0(x12)	 x12:0x00030000 x13=0x00006a40 PA:0x00030000 store:0x00000000
          54416	     27204	00100d14	0008a503	lw	x10,0(x17)	 x17:0x00030004 x10=0x00000000 PA:0x00030004 store:0x00000000
          54420	     27206	00100d18	06a78a63	beq	x15,x10,100d8c	 x15:0x00000000 x10:0x00000000
          54424	     27208	00100d8c	00b688b3	add	x17,x13,x11	 x13:0x00006a40 x11:0x000007d0 x17=0x00007210
          54426	     27209	00100d90	00030637	lui	x12,0x30	 x12=0x00030000
          54428	     27210	00100d94	00d8b6b3	sltu	x13,x17,x13	 x17:0x00007210 x13:0x00006a40 x13=0x00000000
          54430	     27211	00100d98	01078833	add	x16,x15,x16	 x15:0x00000000 x16:0x00000000 x16=0x00000000
          54432	     27212	00100d9c	fff00513	addi	x10,x0,-1	  x0:0x00000000 x10=0xffffffff
          54436	     27214	00100da0	00a62423	sw	x10,8(x12)	 x12:0x00030000 x10:0xffffffff PA:0x00030008 store:0xffffffff load:0x00006a1c
          54438	     27215	00100da4	010687b3	add	x15,x13,x16	 x13:0x00000000 x16:0x00000000 x15=0x00000000
          54440	     27216	00100da8	000305b7	lui	x11,0x30	 x11=0x00030000
          54444	     27218	00100dac	00f5a623	sw	x15,12(x11)	 x11:0x00030000 x15:0x00000000 PA:0x0003000c store:0x00000000 load:0x00000000
          54448	     27220	00100db0	01162423	sw	x17,8(x12)	 x12:0x00030000 x17:0x00007210 PA:0x00030008 store:0x00007210 load:0xffffffff
          54450	     27221	00100db4	001026b7	lui	x13,0x102	 x13=0x00102000
          54454	     27223	00100db8	ce86a703	lw	x14,-792(x13)	 x13:0x00102000 x14=0x00000003 PA:0x00101ce8 store:0x00000003
          54458	     27225	00100dbc	cec6a883	lw	x17,-788(x13)	 x13:0x00102000 x17=0x00000000 PA:0x00101cec store:0x00030000
          54462	     27227	00100dc0	01c12503	lw	x10,28(x2)	  x2:0x00137f80 x10=0x00000000 PA:0x00137f9c store:0x00000000
          54464	     27228	00100dc4	00170593	addi	x11,x14,1	 x14:0x00000003 x11=0x00000004
          54466	     27229	00100dc8	00e5b633	sltu	x12,x11,x14	 x11:0x00000004 x14:0x00000003 x12=0x00000000
          54468	     27230	00100dcc	01160833	add	x16,x12,x17	 x12:0x00000000 x17:0x00000000 x16=0x00000000
          54472	     27232	00100dd0	ceb6a423	sw	x11,-792(x13)	 x13:0x00102000 x11:0x00000004 PA:0x00101ce8 store:0x00000004 load:0x00000000
          54476	     27234	00100dd4	cf06a623	sw	x16,-788(x13)	 x13:0x00102000 x16:0x00000000 PA:0x00101cec store:0x00000000 load:0x00000000
          54480	     27236	00100dd8	01812583	lw	x11,24(x2)	  x2:0x00137f80 x11=0x0000000a PA:0x00137f98 store:0x00102000
          54484	     27238	00100ddc	01412603	lw	x12,20(x2)	  x2:0x00137f80 x12=0x00000000 PA:0x00137f94 store:0x00102000
          54488	     27240	00100de0	01012683	lw	x13,16(x2)	  x2:0x00137f80 x13=0x00004a70 PA:0x00137f90 store:0x00000000
          54492	     27242	00100de4	00c12703	lw	x14,12(x2)	  x2:0x00137f80 x14=0x00000069 PA:0x00137f8c store:0x00000000
          54496	     27244	00100de8	00812783	lw	x15,8(x2)	  x2:0x00137f80 x15=0x00020000 PA:0x00137f88 store:0x00000003
          54500	     27246	00100dec	00412803	lw	x16,4(x2)	  x2:0x00137f80 x16=0x00000054 PA:0x00137f84 store:0x00000000
          54504	     27248	00100df0	00012883	lw	x17,0(x2)	  x2:0x00137f80 x17=0x00030000 PA:0x00137f80 store:0x00000000
          54506	     27249	00100df4	02010113	addi	x2,x2,32	  x2:0x00137f80  x2=0x00137fa0
          54508	     27250	00100df8	30200073	mret	
          54514	     27253	00101894	02049a63	bne	x9,x0,1018c8	  x9:0x00000000  x0:0x00000000
          54516	     27254	00101898	028de863	bltu	x27,x8,1018c8	 x27:0x00000004  x8:0x00000003
          54520	     27256	0010189c	c24ff0ef	jal	x1,100cc0	  x1=0x001018a0
          54522	     27257	00100cc0	001027b7	lui	x15,0x102	 x15=0x00102000
          54526	     27259	00100cc4	ce87a503	lw	x10,-792(x15)	 x15:0x00102000 x10=0x00000004 PA:0x00101ce8 store:0x00000003
          54530	     27261	00100cc8	cec7a583	lw	x11,-788(x15)	 x15:0x00102000 x11=0x00000000 PA:0x00101cec store:0x00000000
          54534	     27263	00100ccc	00008067	jalr	x0,0(x1)	  x1:0x001018a0  x0=0x00000000
          54536	     27264	001018a0	00040913	addi	x18,x8,0	  x8:0x00000003 x18=0x00000003
          54538	     27265	001018a4	00050413	addi	x8,x10,0	 x10:0x00000004  x8=0x00000004
          54540	     27266	001018a8	00048b13	addi	x22,x9,0	  x9:0x00000000 x22=0x00000000
          54542	     27267	001018ac	00157713	andi	x14,x10,1	 x10:0x00000004 x14=0x00000000
          54544	     27268	001018b0	00058493	addi	x9,x11,0	 x11:0x00000000  x9=0x00000000
          54546	     27269	001018b4	cd0c0513	addi	x10,x24,-816	 x24:0x00102000 x10=0x00101cd0
          54550	     27271	001018b8	fd2416e3	bne	x8,x18,101884	  x8:0x00000004 x18:0x00000003
          54554	     27273	00101884	00071463	bne	x14,x0,10188c	 x14:0x00000000  x0:0x00000000
          54556	     27274	00101888	cd8d0513	addi	x10,x26,-808	 x26:0x00102000 x10=0x00101cd8
          54560	     27276	0010188c	815fe0ef	jal	x1,1000a0	  x1=0x00101890
          54564	     27278	001000a0	00054803	lbu	x16,0(x10)	 x10:0x00101cd8 x16=0x00000054 PA:0x00101cd8 store:0x00000000
          54566	     27279	001000a4	06080663	beq	x16,x0,100110	 x16:0x00000054  x0:0x00000000
          54568	     27280	001000a8	000207b7	lui	x15,0x20	 x15=0x00020000
          54572	     27282	001000ac	0107a023	sw	x16,0(x15)	 x15:0x00020000 x16:0x00000054 PA:0x00020000 store:0x00000054 load:0x00000000
          54576	     27284	001000b0	00154703	lbu	x14,1(x10)	 x10:0x00101cd8 x14=0x0000006f PA:0x00101cd9 store:0x00101890
          54578	     27285	001000b4	04070e63	beq	x14,x0,100110	 x14:0x0000006f  x0:0x00000000
          54582	     27287	001000b8	00e7a023	sw	x14,0(x15)	 x15:0x00020000 x14:0x0000006f PA:0x00020000 store:0x0000006f load:0x00000000
          54586	     27289	001000bc	00254283	lbu	x5,2(x10)	 x10:0x00101cd8  x5=0x00000063 PA:0x00101cda store:0x00137fa0
          54588	     27290	001000c0	04028863	beq	x5,x0,100110	  x5:0x00000063  x0:0x00000000
          54592	     27292	001000c4	0057a023	sw	x5,0(x15)	 x15:0x00020000  x5:0x00000063 PA:0x00020000 store:0x00000063 load:0x00000000
          54596	     27294	001000c8	00354303	lbu	x6,3(x10)	 x10:0x00101cd8  x6=0x0000006b PA:0x00101cdb store:0x00000000
          54598	     27295	001000cc	04030263	beq	x6,x0,100110	  x6:0x0000006b  x0:0x00000000
          54602	     27297	001000d0	0067a023	sw	x6,0(x15)	 x15:0x00020000  x6:0x0000006b PA:0x00020000 store:0x0000006b load:0x00000000
          54606	     27299	001000d4	00454383	lbu	x7,4(x10)	 x10:0x00101cd8  x7=0x00000021 PA:0x00101cdc store:0x00000000
          54608	     27300	001000d8	02038c63	beq	x7,x0,100110	  x7:0x00000021  x0:0x00000000
          54612	     27302	001000dc	0077a023	sw	x7,0(x15)	 x15:0x00020000  x7:0x00000021 PA:0x00020000 store:0x00000021 load:0x00000000
          54616	     27304	001000e0	00554583	lbu	x11,5(x10)	 x10:0x00101cd8 x11=0x0000000a PA:0x00101cdd store:0x00000063
          54618	     27305	001000e4	02058663	beq	x11,x0,100110	 x11:0x0000000a  x0:0x00000000
          54622	     27307	001000e8	00b7a023	sw	x11,0(x15)	 x15:0x00020000 x11:0x0000000a PA:0x00020000 store:0x0000000a load:0x00000000
          54626	     27309	001000ec	00654603	lbu	x12,6(x10)	 x10:0x00101cd8 x12=0x00000000 PA:0x00101cde store:0x0000006b
          54630	     27311	001000f0	02060063	beq	x12,x0,100110	 x12:0x00000000  x0:0x00000000
          54634	     27313	00100110	00000513	addi	x10,x0,0	  x0:0x00000000 x10=0x00000000
          54638	     27315	00100114	00008067	jalr	x0,0(x1)	  x1:0x00101890  x0=0x00000000
          54640	     27316	00101890	10500073	wfi	
          58422	     29207	0010001c	6890006f	jal	x0,100ea4	  x0=0x00000000
          58426	     29209	00100ea4	e2dff06f	jal	x0,100cd0	  x0=0x00000000
          58428	     29210	00100cd0	fe010113	addi	x2,x2,-32	  x2:0x00137fa0  x2=0x00137f80
          58432	     29212	00100cd4	00f12423	sw	x15,8(x2)	  x2:0x00137f80 x15:0x00020000 PA:0x00137f88 store:0x00020000 load:0x00000a21
          58434	     29213	00100cd8	001027b7	lui	x15,0x102	 x15=0x00102000
          58438	     29215	00100cdc	00b12c23	sw	x11,24(x2)	  x2:0x00137f80 x11:0x0000000a PA:0x00137f98 store:0x0000000a load:0x00000a21
          58442	     29217	00100ce0	01012223	sw	x16,4(x2)	  x2:0x00137f80 x16:0x00000054 PA:0x00137f84 store:0x00000054 load:0x00000a21
          58446	     29219	00100ce4	ce07a583	lw	x11,-800(x15)	 x15:0x00102000 x11=0x000007d0 PA:0x00101ce0 store:0x00000000
          58450	     29221	00100ce8	ce47a803	lw	x16,-796(x15)	 x15:0x00102000 x16=0x00000000 PA:0x00101ce4 store:0x00000000
          58454	     29223	00100cec	00e12623	sw	x14,12(x2)	  x2:0x00137f80 x14:0x0000006f PA:0x00137f8c store:0x0000006f load:0x00000000
          58456	     29224	00100cf0	00030737	lui	x14,0x30	 x14=0x00030000
          58460	     29226	00100cf4	00c12a23	sw	x12,20(x2)	  x2:0x00137f80 x12:0x00000000 PA:0x00137f94 store:0x00000000 load:0x00000000
          58464	     29228	00100cf8	01112023	sw	x17,0(x2)	  x2:0x00137f80 x17:0x00030000 PA:0x00137f80 store:0x00030000 load:0x00000000
          58468	     29230	00100cfc	00a12e23	sw	x10,28(x2)	  x2:0x00137f80 x10:0x00000000 PA:0x00137f9c store:0x00000000 load:0x00000000
          58472	     29232	00100d00	00d12823	sw	x13,16(x2)	  x2:0x00137f80 x13:0x00004a70 PA:0x00137f90 store:0x00004a70 load:0x00000000
          58474	     29233	00100d04	00030637	lui	x12,0x30	 x12=0x00030000
          58476	     29234	00100d08	00470893	addi	x17,x14,4	 x14:0x00030000 x17=0x00030004
          58480	     29236	00100d0c	0008a783	lw	x15,0(x17)	 x17:0x00030004 x15=0x00000000 PA:0x00030004 store:0x00000000
          58484	     29238	00100d10	00062683	lw	x13,0(x12)	 x12:0x00030000 x13=0x00007234 PA:0x00030000 store:0x00000000
          58488	     29240	00100d14	0008a503	lw	x10,0(x17)	 x17:0x00030004 x10=0x00000000 PA:0x00030004 store:0x00000000
          58492	     29242	00100d18	06a78a63	beq	x15,x10,100d8c	 x15:0x00000000 x10:0x00000000
          58496	     29244	00100d8c	00b688b3	add	x17,x13,x11	 x13:0x00007234 x11:0x000007d0 x17=0x00007a04
          58498	     29245	00100d90	00030637	lui	x12,0x30	 x12=0x00030000
          58500	     29246	00100d94	00d8b6b3	sltu	x13,x17,x13	 x17:0x00007a04 x13:0x00007234 x13=0x00000000
          58502	     29247	00100d98	01078833	add	x16,x15,x16	 x15:0x00000000 x16:0x00000000 x16=0x00000000
          58504	     29248	00100d9c	fff00513	addi	x10,x0,-1	  x0:0x00000000 x10=0xffffffff
          58508	     29250	00100da0	00a62423	sw	x10,8(x12)	 x12:0x00030000 x10:0xffffffff PA:0x00030008 store:0xffffffff load:0x00007210
          58510	     29251	00100da4	010687b3	add	x15,x13,x16	 x13:0x00000000 x16:0x00000000 x15=0x00000000
          58512	     29252	00100da8	000305b7	lui	x11,0x30	 x11=0x00030000
          58516	     29254	00100dac	00f5a623	sw	x15,12(x11)	 x11:0x00030000 x15:0x00000000 PA:0x0003000c store:0x00000000 load:0x00000000
          58520	     29256	00100db0	01162423	sw	x17,8(x12)	 x12:0x00030000 x17:0x00007a04 PA:0x00030008 store:0x00007a04 load:0xffffffff
          58522	     29257	00100db4	001026b7	lui	x13,0x102	 x13=0x00102000
          58526	     29259	00100db8	ce86a703	lw	x14,-792(x13)	 x13:0x00102000 x14=0x00000004 PA:0x00101ce8 store:0x00000004
          58530	     29261	00100dbc	cec6a883	lw	x17,-788(x13)	 x13:0x00102000 x17=0x00000000 PA:0x00101cec store:0x00030000
          58534	     29263	00100dc0	01c12503	lw	x10,28(x2)	  x2:0x00137f80 x10=0x00000000 PA:0x00137f9c store:0x00000000
          58536	     29264	00100dc4	00170593	addi	x11,x14,1	 x14:0x00000004 x11=0x00000005
          58538	     29265	00100dc8	00e5b633	sltu	x12,x11,x14	 x11:0x00000005 x14:0x00000004 x12=0x00000000
          58540	     29266	00100dcc	01160833	add	x16,x12,x17	 x12:0x00000000 x17:0x00000000 x16=0x00000000
          58544	     29268	00100dd0	ceb6a423	sw	x11,-792(x13)	 x13:0x00102000 x11:0x00000005 PA:0x00101ce8 store:0x00000005 load:0x00000000
          58548	     29270	00100dd4	cf06a623	sw	x16,-788(x13)	 x13:0x00102000 x16:0x00000000 PA:0x00101cec store:0x00000000 load:0x00000000
          58552	     29272	00100dd8	01812583	lw	x11,24(x2)	  x2:0x00137f80 x11=0x0000000a PA:0x00137f98 store:0x00102000
          58556	     29274	00100ddc	01412603	lw	x12,20(x2)	  x2:0x00137f80 x12=0x00000000 PA:0x00137f94 store:0x00102000
          58560	     29276	00100de0	01012683	lw	x13,16(x2)	  x2:0x00137f80 x13=0x00004a70 PA:0x00137f90 store:0x00000000
          58564	     29278	00100de4	00c12703	lw	x14,12(x2)	  x2:0x00137f80 x14=0x0000006f PA:0x00137f8c store:0x00000000
          58568	     29280	00100de8	00812783	lw	x15,8(x2)	  x2:0x00137f80 x15=0x00020000 PA:0x00137f88 store:0x00000004
          58572	     29282	00100dec	00412803	lw	x16,4(x2)	  x2:0x00137f80 x16=0x00000054 PA:0x00137f84 store:0x00000000
          58576	     29284	00100df0	00012883	lw	x17,0(x2)	  x2:0x00137f80 x17=0x00030000 PA:0x00137f80 store:0x00000000
          58578	     29285	00100df4	02010113	addi	x2,x2,32	  x2:0x00137f80  x2=0x00137fa0
          58580	     29286	00100df8	30200073	mret	
          58586	     29289	00101894	02049a63	bne	x9,x0,1018c8	  x9:0x00000000  x0:0x00000000
          58588	     29290	00101898	028de863	bltu	x27,x8,1018c8	 x27:0x00000004  x8:0x00000004
          58592	     29292	0010189c	c24ff0ef	jal	x1,100cc0	  x1=0x001018a0
          58594	     29293	00100cc0	001027b7	lui	x15,0x102	 x15=0x00102000
          58598	     29295	00100cc4	ce87a503	lw	x10,-792(x15)	 x15:0x00102000 x10=0x00000005 PA:0x00101ce8 store:0x00000004
          58602	     29297	00100cc8	cec7a583	lw	x11,-788(x15)	 x15:0x00102000 x11=0x00000000 PA:0x00101cec store:0x00000000
          58606	     29299	00100ccc	00008067	jalr	x0,0(x1)	  x1:0x001018a0  x0=0x00000000
          58608	     29300	001018a0	00040913	addi	x18,x8,0	  x8:0x00000004 x18=0x00000004
          58610	     29301	001018a4	00050413	addi	x8,x10,0	 x10:0x00000005  x8=0x00000005
          58612	     29302	001018a8	00048b13	addi	x22,x9,0	  x9:0x00000000 x22=0x00000000
          58614	     29303	001018ac	00157713	andi	x14,x10,1	 x10:0x00000005 x14=0x00000001
          58616	     29304	001018b0	00058493	addi	x9,x11,0	 x11:0x00000000  x9=0x00000000
          58618	     29305	001018b4	cd0c0513	addi	x10,x24,-816	 x24:0x00102000 x10=0x00101cd0
          58622	     29307	001018b8	fd2416e3	bne	x8,x18,101884	  x8:0x00000005 x18:0x00000004
          58628	     29310	00101884	00071463	bne	x14,x0,10188c	 x14:0x00000001  x0:0x00000000
          58634	     29313	0010188c	815fe0ef	jal	x1,1000a0	  x1=0x00101890
          58638	     29315	001000a0	00054803	lbu	x16,0(x10)	 x10:0x00101cd0 x16=0x00000054 PA:0x00101cd0 store:0x00000000
          58640	     29316	001000a4	06080663	beq	x16,x0,100110	 x16:0x00000054  x0:0x00000000
          58642	     29317	001000a8	000207b7	lui	x15,0x20	 x15=0x00020000
          58646	     29319	001000ac	0107a023	sw	x16,0(x15)	 x15:0x00020000 x16:0x00000054 PA:0x00020000 store:0x00000054 load:0x00000000
          58650	     29321	001000b0	00154703	lbu	x14,1(x10)	 x10:0x00101cd0 x14=0x00000069 PA:0x00101cd1 store:0x00101890
          58652	     29322	001000b4	04070e63	beq	x14,x0,100110	 x14:0x00000069  x0:0x00000000
          58656	     29324	001000b8	00e7a023	sw	x14,0(x15)	 x15:0x00020000 x14:0x00000069 PA:0x00020000 store:0x00000069 load:0x00000000
          58660	     29326	001000bc	00254283	lbu	x5,2(x10)	 x10:0x00101cd0  x5=0x00000063 PA:0x00101cd2 store:0x00137fa0
          58662	     29327	001000c0	04028863	beq	x5,x0,100110	  x5:0x00000063  x0:0x00000000
          58666	     29329	001000c4	0057a023	sw	x5,0(x15)	 x15:0x00020000  x5:0x00000063 PA:0x00020000 store:0x00000063 load:0x00000000
          58670	     29331	001000c8	00354303	lbu	x6,3(x10)	 x10:0x00101cd0  x6=0x0000006b PA:0x00101cd3 store:0x00000000
          58672	     29332	001000cc	04030263	beq	x6,x0,100110	  x6:0x0000006b  x0:0x00000000
          58676	     29334	001000d0	0067a023	sw	x6,0(x15)	 x15:0x00020000  x6:0x0000006b PA:0x00020000 store:0x0000006b load:0x00000000
          58680	     29336	001000d4	00454383	lbu	x7,4(x10)	 x10:0x00101cd0  x7=0x00000021 PA:0x00101cd4 store:0x00000000
          58682	     29337	001000d8	02038c63	beq	x7,x0,100110	  x7:0x00000021  x0:0x00000000
          58686	     29339	001000dc	0077a023	sw	x7,0(x15)	 x15:0x00020000  x7:0x00000021 PA:0x00020000 store:0x00000021 load:0x00000000
          58690	     29341	001000e0	00554583	lbu	x11,5(x10)	 x10:0x00101cd0 x11=0x0000000a PA:0x00101cd5 store:0x00000063
          58692	     29342	001000e4	02058663	beq	x11,x0,100110	 x11:0x0000000a  x0:0x00000000
          58696	     29344	001000e8	00b7a023	sw	x11,0(x15)	 x15:0x00020000 x11:0x0000000a PA:0x00020000 store:0x0000000a load:0x00000000
          58700	     29346	001000ec	00654603	lbu	x12,6(x10)	 x10:0x00101cd0 x12=0x00000000 PA:0x00101cd6 store:0x0000006b
          58704	     29348	001000f0	02060063	beq	x12,x0,100110	 x12:0x00000000  x0:0x00000000
          58708	     29350	00100110	00000513	addi	x10,x0,0	  x0:0x00000000 x10=0x00000000
          58712	     29352	00100114	00008067	jalr	x0,0(x1)	  x1:0x00101890  x0=0x00000000
          58714	     29353	00101890	10500073	wfi	
          62494	     31243	0010001c	6890006f	jal	x0,100ea4	  x0=0x00000000
          62498	     31245	00100ea4	e2dff06f	jal	x0,100cd0	  x0=0x00000000
          62500	     31246	00100cd0	fe010113	addi	x2,x2,-32	  x2:0x00137fa0  x2=0x00137f80
          62504	     31248	00100cd4	00f12423	sw	x15,8(x2)	  x2:0x00137f80 x15:0x00020000 PA:0x00137f88 store:0x00020000 load:0x00000a21
          62506	     31249	00100cd8	001027b7	lui	x15,0x102	 x15=0x00102000
          62510	     31251	00100cdc	00b12c23	sw	x11,24(x2)	  x2:0x00137f80 x11:0x0000000a PA:0x00137f98 store:0x0000000a load:0x00000a21
          62514	     31253	00100ce0	01012223	sw	x16,4(x2)	  x2:0x00137f80 x16:0x00000054 PA:0x00137f84 store:0x00000054 load:0x00000a21
          62518	     31255	00100ce4	ce07a583	lw	x11,-800(x15)	 x15:0x00102000 x11=0x000007d0 PA:0x00101ce0 store:0x00000000
          62522	     31257	00100ce8	ce47a803	lw	x16,-796(x15)	 x15:0x00102000 x16=0x00000000 PA:0x00101ce4 store:0x00000000
          62526	     31259	00100cec	00e12623	sw	x14,12(x2)	  x2:0x00137f80 x14:0x00000069 PA:0x00137f8c store:0x00000069 load:0x00000000
          62528	     31260	00100cf0	00030737	lui	x14,0x30	 x14=0x00030000
          62532	     31262	00100cf4	00c12a23	sw	x12,20(x2)	  x2:0x00137f80 x12:0x00000000 PA:0x00137f94 store:0x00000000 load:0x00000000
          62536	     31264	00100cf8	01112023	sw	x17,0(x2)	  x2:0x00137f80 x17:0x00030000 PA:0x00137f80 store:0x00030000 load:0x00000000
          62540	     31266	00100cfc	00a12e23	sw	x10,28(x2)	  x2:0x00137f80 x10:0x00000000 PA:0x00137f9c store:0x00000000 load:0x00000000
          62544	     31268	00100d00	00d12823	sw	x13,16(x2)	  x2:0x00137f80 x13:0x00004a70 PA:0x00137f90 store:0x00004a70 load:0x00000000
          62546	     31269	00100d04	00030637	lui	x12,0x30	 x12=0x00030000
          62548	     31270	00100d08	00470893	addi	x17,x14,4	 x14:0x00030000 x17=0x00030004
          62552	     31272	00100d0c	0008a783	lw	x15,0(x17)	 x17:0x00030004 x15=0x00000000 PA:0x00030004 store:0x00000000
          62556	     31274	00100d10	00062683	lw	x13,0(x12)	 x12:0x00030000 x13=0x00007a28 PA:0x00030000 store:0x00000000
          62560	     31276	00100d14	0008a503	lw	x10,0(x17)	 x17:0x00030004 x10=0x00000000 PA:0x00030004 store:0x00000000
          62564	     31278	00100d18	06a78a63	beq	x15,x10,100d8c	 x15:0x00000000 x10:0x00000000
          62568	     31280	00100d8c	00b688b3	add	x17,x13,x11	 x13:0x00007a28 x11:0x000007d0 x17=0x000081f8
          62570	     31281	00100d90	00030637	lui	x12,0x30	 x12=0x00030000
          62572	     31282	00100d94	00d8b6b3	sltu	x13,x17,x13	 x17:0x000081f8 x13:0x00007a28 x13=0x00000000
          62574	     31283	00100d98	01078833	add	x16,x15,x16	 x15:0x00000000 x16:0x00000000 x16=0x00000000
          62576	     31284	00100d9c	fff00513	addi	x10,x0,-1	  x0:0x00000000 x10=0xffffffff
          62580	     31286	00100da0	00a62423	sw	x10,8(x12)	 x12:0x00030000 x10:0xffffffff PA:0x00030008 store:0xffffffff load:0x00007a04
          62582	     31287	00100da4	010687b3	add	x15,x13,x16	 x13:0x00000000 x16:0x00000000 x15=0x00000000
          62584	     31288	00100da8	000305b7	lui	x11,0x30	 x11=0x00030000
          62588	     31290	00100dac	00f5a623	sw	x15,12(x11)	 x11:0x00030000 x15:0x00000000 PA:0x0003000c store:0x00000000 load:0x00000000
          62592	     31292	00100db0	01162423	sw	x17,8(x12)	 x12:0x00030000 x17:0x000081f8 PA:0x00030008 store:0x000081f8 load:0xffffffff
          62594	     31293	00100db4	001026b7	lui	x13,0x102	 x13=0x00102000
          62598	     31295	00100db8	ce86a703	lw	x14,-792(x13)	 x13:0x00102000 x14=0x00000005 PA:0x00101ce8 store:0x00000005
          62602	     31297	00100dbc	cec6a883	lw	x17,-788(x13)	 x13:0x00102000 x17=0x00000000 PA:0x00101cec store:0x00030000
          62606	     31299	00100dc0	01c12503	lw	x10,28(x2)	  x2:0x00137f80 x10=0x00000000 PA:0x00137f9c store:0x00000000
          62608	     31300	00100dc4	00170593	addi	x11,x14,1	 x14:0x00000005 x11=0x00000006
          62610	     31301	00100dc8	00e5b633	sltu	x12,x11,x14	 x11:0x00000006 x14:0x00000005 x12=0x00000000
          62612	     31302	00100dcc	01160833	add	x16,x12,x17	 x12:0x00000000 x17:0x00000000 x16=0x00000000
          62616	     31304	00100dd0	ceb6a423	sw	x11,-792(x13)	 x13:0x00102000 x11:0x00000006 PA:0x00101ce8 store:0x00000006 load:0x00000000
          62620	     31306	00100dd4	cf06a623	sw	x16,-788(x13)	 x13:0x00102000 x16:0x00000000 PA:0x00101cec store:0x00000000 load:0x00000000
          62624	     31308	00100dd8	01812583	lw	x11,24(x2)	  x2:0x00137f80 x11=0x0000000a PA:0x00137f98 store:0x00102000
          62628	     31310	00100ddc	01412603	lw	x12,20(x2)	  x2:0x00137f80 x12=0x00000000 PA:0x00137f94 store:0x00102000
          62632	     31312	00100de0	01012683	lw	x13,16(x2)	  x2:0x00137f80 x13=0x00004a70 PA:0x00137f90 store:0x00000000
          62636	     31314	00100de4	00c12703	lw	x14,12(x2)	  x2:0x00137f80 x14=0x00000069 PA:0x00137f8c store:0x00000000
          62640	     31316	00100de8	00812783	lw	x15,8(x2)	  x2:0x00137f80 x15=0x00020000 PA:0x00137f88 store:0x00000005
          62644	     31318	00100dec	00412803	lw	x16,4(x2)	  x2:0x00137f80 x16=0x00000054 PA:0x00137f84 store:0x00000000
          62648	     31320	00100df0	00012883	lw	x17,0(x2)	  x2:0x00137f80 x17=0x00030000 PA:0x00137f80 store:0x00000000
          62650	     31321	00100df4	02010113	addi	x2,x2,32	  x2:0x00137f80  x2=0x00137fa0
          62652	     31322	00100df8	30200073	mret	
          62658	     31325	00101894	02049a63	bne	x9,x0,1018c8	  x9:0x00000000  x0:0x00000000
          62662	     31327	00101898	028de863	bltu	x27,x8,1018c8	 x27:0x00000004  x8:0x00000005
          62668	     31330	001018c8	05c12083	lw	x1,92(x2)	  x2:0x00137fa0  x1=0x00100f58 PA:0x00137ffc store:0x00000000
          62672	     31332	001018cc	05812403	lw	x8,88(x2)	  x2:0x00137fa0  x8=0x00000000 PA:0x00137ff8 store:0x00102000
          62676	     31334	001018d0	05412483	lw	x9,84(x2)	  x2:0x00137fa0  x9=0x00000000 PA:0x00137ff4 store:0x00102000
          62680	     31336	001018d4	05012903	lw	x18,80(x2)	  x2:0x00137fa0 x18=0x00000000 PA:0x00137ff0 store:0x00000054
          62684	     31338	001018d8	04c12983	lw	x19,76(x2)	  x2:0x00137fa0 x19=0x00000000 PA:0x00137fec store:0x00000000
          62688	     31340	001018dc	04812a03	lw	x20,72(x2)	  x2:0x00137fa0 x20=0x00000000 PA:0x00137fe8 store:0x00000000
          62692	     31342	001018e0	04412a83	lw	x21,68(x2)	  x2:0x00137fa0 x21=0x00000000 PA:0x00137fe4 store:0x00000000
          62696	     31344	001018e4	04012b03	lw	x22,64(x2)	  x2:0x00137fa0 x22=0x00000000 PA:0x00137fe0 store:0x00000000
          62700	     31346	001018e8	03c12b83	lw	x23,60(x2)	  x2:0x00137fa0 x23=0x00000000 PA:0x00137fdc store:0x00000000
          62704	     31348	001018ec	03812c03	lw	x24,56(x2)	  x2:0x00137fa0 x24=0x00000000 PA:0x00137fd8 store:0x00102000
          62708	     31350	001018f0	03412c83	lw	x25,52(x2)	  x2:0x00137fa0 x25=0x00000000 PA:0x00137fd4 store:0x00000000
          62712	     31352	001018f4	03012d03	lw	x26,48(x2)	  x2:0x00137fa0 x26=0x00101d4c PA:0x00137fd0 store:0x00000054
          62726	     31359	001018f8	02c12d83	lw	x27,44(x2)	  x2:0x00137fa0 x27=0x00101d48 PA:0x00137fcc store:0x00000000
          62728	     31360	001018fc	01c12407	flw	f8,28(x2)	  f2:0x00137fa0  f8=0x00000000 PA:0x00137fbc store:0x00000000
          62730	     31361	00101900	01812487	flw	f9,24(x2)	  f2:0x00137fa0  f9=0x00000000 PA:0x00137fb8 store:0x00000000
          62732	     31362	00101904	01412907	flw	f18,20(x2)	  f2:0x00137fa0 f18=0x00000000 PA:0x00137fb4 store:0x7f167699
          62734	     31363	00101908	01012987	flw	f19,16(x2)	  f2:0x00137fa0 f19=0x00000000 PA:0x00137fb0 store:0x7f167699
          62736	     31364	0010190c	00c12a07	flw	f20,12(x2)	  f2:0x00137fa0 f20=0x00000000 PA:0x00137fac store:0x00000007
          62738	     31365	00101910	00812a87	flw	f21,8(x2)	  f2:0x00137fa0 f21=0x00000000 PA:0x00137fa8 store:0x00000000
          62740	     31366	00101914	00000513	addi	x10,x0,0	  x0:0x00000000 x10=0x00000000
          62742	     31367	00101918	06010113	addi	x2,x2,96	  x2:0x00137fa0  x2=0x00138000
          62744	     31368	0010191c	00008067	jalr	x0,0(x1)	  x1:0x00100f58  x0=0x00000000
          62746	     31369	00100f58	000202b7	lui	x5,0x20	  x5=0x00020000
